[Sat Apr  8 2023 17:22:21.687463] START: port=12004, rootdir=lab10data
	[1]	353NET/1.0 SAYHELLO
	[1]	TTL: 9
	[1]	Flood: 0
	[1]	From: :12004
	[1]	Content-Length: 0
 	[1]	
[Sat Apr  8 2023 17:22:21.689858] i SAYHELLO :12004 1 - 0
[Sat Apr  8 2023 17:22:21.690865] r SAYHELLO :12002 1 - 0
[Sat Apr  8 2023 17:22:22.552361] CONNECT[2]: 127.0.0.1:12004
[Sat Apr  8 2023 17:22:22.553660] r SAYHELLO :12012 1 - 0
	[2]	353NET/1.0 SAYHELLO
	[2]	TTL: 9
	[2]	Flood: 0
	[2]	From: :12004
	[2]	Content-Length: 0
 	[2]	
[Sat Apr  8 2023 17:22:22.554233] i SAYHELLO :12004 1 - 0
[Sat Apr  8 2023 17:22:30.883412] Socket-reading thread has joined with socket-writing thread
[Sat Apr  8 2023 17:22:30.884468] Socket-reading thread has joined with socket-writing thread
[Sat Apr  8 2023 17:22:30.884653] Reaper has joined with connection thread.
[Sat Apr  8 2023 17:22:33.692095] STOP: port=12004
