[Sat Apr  8 2023 17:22:20.744999] START: port=12002, rootdir=lab10data
	[1]	353NET/1.0 SAYHELLO
	[1]	TTL: 9
	[1]	Flood: 0
	[1]	From: :12002
	[1]	Content-Length: 0
 	[1]	
[Sat Apr  8 2023 17:22:20.747468] i SAYHELLO :12002 1 - 0
[Sat Apr  8 2023 17:22:20.748564] r SAYHELLO :12000 1 - 0
[Sat Apr  8 2023 17:22:21.689457] CONNECT[2]: 127.0.0.1:12002
[Sat Apr  8 2023 17:22:21.690177] r SAYHELLO :12004 1 - 0
	[2]	353NET/1.0 SAYHELLO
	[2]	TTL: 9
	[2]	Flood: 0
	[2]	From: :12002
	[2]	Content-Length: 0
 	[2]	
[Sat Apr  8 2023 17:22:21.690946] i SAYHELLO :12002 1 - 0
[Sat Apr  8 2023 17:22:22.551148] CONNECT[3]: 127.0.0.1:12002
[Sat Apr  8 2023 17:22:22.552802] r SAYHELLO :12012 1 - 0
	[3]	353NET/1.0 SAYHELLO
	[3]	TTL: 9
	[3]	Flood: 0
	[3]	From: :12002
	[3]	Content-Length: 0
 	[3]	
[Sat Apr  8 2023 17:22:22.553424] i SAYHELLO :12002 1 - 0
[Sat Apr  8 2023 17:22:30.883523] Socket-reading thread has joined with socket-writing thread
[Sat Apr  8 2023 17:22:37.026058] Socket-reading thread has joined with socket-writing thread
[Sat Apr  8 2023 17:22:41.442433] Socket-reading thread has joined with socket-writing thread
[Sat Apr  8 2023 17:22:43.969256] Reaper has joined with connection thread.
[Sat Apr  8 2023 17:22:44.753063] STOP: port=12002
