[Mon Apr 24 2023 21:59:34.881564] START: port=12006, rootdir=lab11data
[Mon Apr 24 2023 21:59:34.884099] i SAYHELLO :12006 1 - 0
	[1]	353NET/1.0 SAYHELLO
	[1]	TTL: 9
	[1]	Flood: 0
	[1]	From: :12006
	[1]	Content-Length: 0
 	[1]	
[Mon Apr 24 2023 21:59:34.885179] r SAYHELLO :12004 1 - 0
[Mon Apr 24 2023 21:59:34.885407] i LSUPDATE :12006 9 1 6 {:12006_2} 1682398774.885239 :12006 (:12004)
	[1]	353NET/1.0 LSUPDATE
	[1]	TTL: 9
	[1]	Flood: 1;reason=1
	[1]	MessageID: :12006_2_1682398774.885241
	[1]	From: :12006
	[1]	OriginStartTime: 1682398774.885239
	[1]	Content-Length: 6
	[1]	
	[1]	:12004
[Mon Apr 24 2023 21:59:34.885747] r LSUPDATE :12006 8 1 13 {:12004_6} 1682398770.812765 :12004 (:12002,:12006)
[Mon Apr 24 2023 21:59:34.886081] i LSUPDATE :12006 9 1 6 {:12006_3} 1682398774.885239 :12006 (:12004)
	[1]	353NET/1.0 LSUPDATE
	[1]	TTL: 9
	[1]	Flood: 1;reason=3
	[1]	MessageID: :12006_3_1682398774.885826
	[1]	From: :12006
	[1]	OriginStartTime: 1682398774.885239
	[1]	Content-Length: 6
	[1]	
	[1]	:12004
[Mon Apr 24 2023 21:59:34.886825] r LSUPDATE :12006 8 1 13 {:12004_8} 1682398770.812765 :12004 (:12002,:12006)
[Mon Apr 24 2023 21:59:34.888093] r LSUPDATE :12006 8 1 13 {:12002_9} 1682398767.176769 :12002 (:12000,:12004)
[Mon Apr 24 2023 21:59:34.888331] i LSUPDATE :12006 9 1 6 {:12006_4} 1682398774.885239 :12006 (:12004)
	[1]	353NET/1.0 LSUPDATE
	[1]	TTL: 9
	[1]	Flood: 1;reason=3
	[1]	MessageID: :12006_4_1682398774.888230
	[1]	From: :12006
	[1]	OriginStartTime: 1682398774.885239
	[1]	Content-Length: 6
	[1]	
	[1]	:12004
[Mon Apr 24 2023 21:59:34.889304] r LSUPDATE :12006 8 1 6 {:12000_5} 1682398767.176263 :12000 (:12002)
[Mon Apr 24 2023 21:59:34.889488] i LSUPDATE :12006 9 1 6 {:12006_5} 1682398774.885239 :12006 (:12004)
	[1]	353NET/1.0 LSUPDATE
	[1]	TTL: 9
	[1]	Flood: 1;reason=3
	[1]	MessageID: :12006_5_1682398774.889366
	[1]	From: :12006
	[1]	OriginStartTime: 1682398774.885239
	[1]	Content-Length: 6
	[1]	
	[1]	:12004
[Mon Apr 24 2023 21:59:39.151809] CONNECT[2]: 127.0.0.1:12006
[Mon Apr 24 2023 21:59:39.152396] r SAYHELLO :12008 1 - 0
[Mon Apr 24 2023 21:59:39.152664] i SAYHELLO :12006 1 - 0
[Mon Apr 24 2023 21:59:39.152664] i SAYHELLO :12006 1 - 0
[Mon Apr 24 2023 21:59:39.152700] i LSUPDATE :12006 9 1 13 {:12006_6} 1682398774.885239 :12006 (:12004,:12008)
	[2]	353NET/1.0 SAYHELLO
	[2]	TTL: 9
	[2]	Flood: 0
	[2]	From: :12006
	[2]	Content-Length: 0
 	[2]	
[Mon Apr 24 2023 21:59:39.152991] i LSUPDATE :12006 9 1 13 {:12006_7} 1682398774.885239 :12006 (:12004,:12008)
	[1]	353NET/1.0 LSUPDATE
	[1]	TTL: 9
	[1]	Flood: 1;reason=1
	[1]	MessageID: :12006_6_1682398779.152558
	[1]	MessageID: :12006_6_1682398779.152558
	[2]	353NET/1.0 LSUPDATE
	[2]	TTL: 9
2006
	[2]	TTL: 9
	[2]	Flood: 1;reason=1
82398774.885239
	[2]	Flood: 1;reason=1
	[2]	MessageID: :12006_7_	[2]	MessageID: :12006_7_1682398779.152618
	[2]	Fr	[1]	:12004,:12008	[2]	OriginStartTime	[2]	OriginStartTime: 1682398774.885239
	[2]	Content-Length: 13
	[2]	
	[2]	:12004,:12008
[Mon Apr 24 2023 21:59:39.153871] r LSUPDATE :12006 8 1 6 {:12008_2} 1682398779.153195 :12008 (:12006)
[Mon Apr 24 2023 21:59:39.154085] d LSUPDATE :12006 8 1 6 {:12008_2} 1682398779.153195 :12008 (:12006)
[Mon Apr 24 2023 21:59:39.154085] d LSUPDATE :12006 8 1 6 {:12008_2} 1682398779.153195 :12008 (:12006)
[Mon Apr 24 2023 21:59:39.154099] i LSUPDATE :12006 9 1 13 {:12006_9} 1682398774.885239 :12006 (:12004,:12008)
	[2]	353NET/1.0 LSUPDATE
	[1]	353NET/1.0 LSUPDATE
	[2]	TTL: 9
	[2]	Flood: 1;reason=3

	[2]	Flood: 1;reason=3
	[1]	TTL: 9
	[2]	MessageID: :12006_9_1682398779.153998
	[1]	Flood: 1;reason=1
	[2]	From: :12006
	[1]	MessageID: :12008_2_1682398779.153198
	[2]	OriginStartTime: 1682398774.885239
	[1]	From: :12008
	[2]	Content-Length: 13
	[1]	OriginStartTime: 1682398779.153195
	[2]	
	[2]	:12004,:12008
	[1]	Content-Length: 6
	[2]	:12004,:12008
	[1]	Content-Length: 6
	[1]	
	[1]	:12006
[Mon Apr 24 2023 21:59:39.154453] i LSUPDATE :12006 9 1 13 {:12006_8} 1682398774.885239 :12006 (:12004,:12008)
	[1]	353NET/1.0 LSUPDATE
	[1]	TTL: 9
	[1]	Flood: 1;reason=3
 2023 21:59:39.154457] r LSUPDATE :12006 8 1 6 {:12008_3} 1682398779.153195 :12008 (:12006)
	[1]	Flood: 1;reason=3
	[1]	MessageID: :12006_8_1682398779.153988
	[1]	From: :12006
	[1]	OriginStartTime: 1682398774.885239
	[1]	Content-Length: 13
	[1]	
	[1]	:12004,:12008
[Mon Apr 24 2023 21:59:39.154569] d LSUPDATE :12006 8 1 6 {:12008_3} 1682398779.153195 :12008 (:12006)
	[1]	353NET/1.0 LSUPDATE
	[1]	TTL: 9
	[1]	Flood: 1;reason=3
	[1]	MessageID: :12008_3_1682398779.153706
	[1]	From: :12008
	[1]	OriginStartTime: 1682398779.153195
	[1]	Content-Length: 6
	[1]	
	[1]	:12006
[Mon Apr 24 2023 21:59:39.155549] r LSUPDATE :12006 8 1 13 {:12004_1} 1682398770.812765 :12004 (:12002,:12006)
[Mon Apr 24 2023 21:59:39.155734] d LSUPDATE :12006 8 1 13 {:12004_1} 1682398770.812765 :12004 (:12002,:12006)
	[2]	353NET/1.0 LSUPDATE
	[2]	TTL: 9
	[2]	Flood: 1;reason=3
	[2]	MessageID: :12004_10_1682398779.154919
	[2]	From: :12004
	[2]	OriginStartTime: 1682398770.812765
	[2]	Content-Length: 13
	[2]	
	[2]	:12002,:12006
[Mon Apr 24 2023 21:59:39.156648] r LSUPDATE :12006 8 1 13 {:12002_1} 1682398767.176769 :12002 (:12000,:12004)
[Mon Apr 24 2023 21:59:39.156713] r LSUPDATE :12006 8 1 6 {:12008_4} 1682398779.153195 :12008 (:12006)
[Mon Apr 24 2023 21:59:39.156811] d LSUPDATE :12006 8 1 13 {:12002_1} 1682398767.176769 :12002 (:12000,:12004)
	[2]	353NET/1.0 LSUPDATE
	[2]	TTL: 9
	[2]	Flood: 1;reason=3
 2023 21:59:39.156966] d LSUPDATE :12006 8 1 6 {:12008_4} 1682398779.153195 :12008 (:12006)
	[2]	Flood: 1;reason=3
	[2]	MessageID: :12002_11_1682398779.155581
	[2]	From: :12002
	[2]	OriginStartTime: 1682398767.176769
	[2]	Content-Length: 13
	[2]	
	[2]	:12000,:12004
	[1]	353NET/1.0 LSUPDATE
	[1]	TTL: 9
	[1]	Flood: 1;reason=3
	[1]	MessageID: :12008_4_1682398779.156219
	[1]	From: :12008
	[1]	OriginStartTime: 1682398779.153195
	[1]	Content-Length: 6
	[1]	
	[1]	:12006
[Mon Apr 24 2023 21:59:39.157916] r LSUPDATE :12006 8 1 6 {:12000_6} 1682398767.176263 :12000 (:12002)
[Mon Apr 24 2023 21:59:39.157919] r LSUPDATE :12006 8 1 6 {:12008_5} 1682398779.153195 :12008 (:12006)
[Mon Apr 24 2023 21:59:39.158066] d LSUPDATE :12006 8 1 6 {:12000_6} 1682398767.176263 :12000 (:12002)
[Mon Apr 24 2023 21:59:39.158270] d LSUPDATE :12006 8 1 6 {:12008_5} 1682398779.153195 :12008 (:12006)
	[2]	353NET/1.0 LSUPDATE
	[2]	TTL: 9
	[2]	Flood: 1;reason=3
	[2]	MessageID: :12000_6_1682398779.156082
	[2]	From: :12000
	[2]	OriginStartTime: 1682398767.176263
	[2]	Content-Length: 6
	[2]	
	[2]	:12002
	[1]	353NET/1.0 LSUPDATE
	[1]	TTL: 9
	[1]	Flood: 1;reason=3
	[1]	MessageID: :12008_5_1682398779.157263
	[1]	From: :12008
	[1]	OriginStartTime: 1682398779.153195
	[1]	Content-Length: 6
	[1]	
	[1]	:12006
[Mon Apr 24 2023 21:59:39.159215] r LSUPDATE :12006 8 1 6 {:12008_6} 1682398779.153195 :12008 (:12006)
[Mon Apr 24 2023 21:59:39.159433] d LSUPDATE :12006 8 1 6 {:12008_6} 1682398779.153195 :12008 (:12006)
	[1]	353NET/1.0 LSUPDATE
	[1]	TTL: 9
	[1]	Flood: 1;reason=3
	[1]	MessageID: :12008_6_1682398779.158659
	[1]	From: :12008
	[1]	OriginStartTime: 1682398779.153195
	[1]	Content-Length: 6
	[1]	
	[1]	:12006
[Mon Apr 24 2023 21:59:41.605995] r LSUPDATE :12006 8 1 20 {:12002_1} 1682398767.176769 :12002 (:12000,:12004,:12010)
[Mon Apr 24 2023 21:59:41.606059] r LSUPDATE :12006 8 1 13 {:12008_7} 1682398779.153195 :12008 (:12006,:12010)
[Mon Apr 24 2023 21:59:41.606139] d LSUPDATE :12006 8 1 13 {:12008_7} 1682398779.153195 :12008 (:12006,:12010)
	[1]	353NET/1.0 LSUPDATE
	[1]	TTL: 9
	[1]	Flood: 1;reason=1
	[1]	MessageID: :12008_7_1682398781.605534
	[1]	From: :12008
	[1]	OriginStartTime: 1682398779.153195
	[1]	Content-Length: 13
	[1]	
	[1]	:12006,:12010
[Mon Apr 24 2023 21:59:41.606581] d LSUPDATE :12006 8 1 20 {:12002_1} 1682398767.176769 :12002 (:12000,:12004,:12010)
	[2]	353NET/1.0 LSUPDATE
	[2]	TTL: 9
	[2]	Flood: 1;reason=1
	[2]	MessageID: :12002_13_1682398781.604881
	[2]	From: :12002
	[2]	OriginStartTime: 1682398767.176769
	[2]	Content-Length: 20
	[2]	
	[2]	:12000,:12004,:12010
[Mon Apr 24 2023 21:59:41.606928] r LSUPDATE :12006 8 1 13 {:12010_3} 1682398781.605243 :12010 (:12002,:12008)
[Mon Apr 24 2023 21:59:41.607159] i LSUPDATE :12006 9 1 13 {:12006_1} 1682398774.885239 :12006 (:12004,:12008)
[Mon Apr 24 2023 21:59:41.607211] d LSUPDATE :12006 8 1 13 {:12010_3} 1682398781.605243 :12010 (:12002,:12008)
	[2]	353NET/1.0 LSUPDATE
	[2]	TTL: 9
	[2]	Flood: 1;reason=3
	[2]	MessageID: :12006_11_1682398781.607022
	[2]	From: :12006
	[2]	OriginStartTime: 1682398774.885239
	[2]	Content-Length: 13
	[2]	
	[2]	:12004,:12008
	[1]	353NET/1.0 LSUPDATE
	[1]	TTL: 9
	[1]	Flood: 1;reason=1
	[1]	MessageID: :12010_3_1682398781.605262
	[1]	From: :12010
	[1]	OriginStartTime: 1682398781.605243
	[1]	Content-Length: 13
	[1]	
	[1]	:12002,:12008
[Mon Apr 24 2023 21:59:41.607571] i LSUPDATE :12006 9 1 13 {:12006_1} 1682398774.885239 :12006 (:12004,:12008)
	[1]	353NET/1.0 LSUPDATE
	[1]	TTL: 9
	[1]	Flood: 1;reason=3
	[1]	MessageID: :12006_10_1682398781.607012
	[1]	From: :12006
	[1]	OriginStartTime: 1682398774.885239
	[1]	Content-Length: 13
	[1]	
	[1]	:12004,:12008
[Mon Apr 24 2023 21:59:41.607760] r LSUPDATE :12006 8 1 13 {:12008_9} 1682398779.153195 :12008 (:12006,:12010)
[Mon Apr 24 2023 21:59:41.607910] r LSUPDATE :12006 8 1 13 {:12010_2} 1682398781.605243 :12010 (:12002,:12008)
[Mon Apr 24 2023 21:59:41.608047] r LSUPDATE :12006 8 1 20 {:12002_1} 1682398767.176769 :12002 (:12000,:12004,:12010)
[Mon Apr 24 2023 21:59:41.608184] r LSUPDATE :12006 8 1 13 {:12004_1} 1682398770.812765 :12004 (:12002,:12006)
[Mon Apr 24 2023 21:59:41.608365] d LSUPDATE :12006 8 1 13 {:12008_9} 1682398779.153195 :12008 (:12006,:12010)
[Mon Apr 24 2023 21:59:41.608432] d LSUPDATE :12006 8 1 13 {:12010_2} 1682398781.605243 :12010 (:12002,:12008)
	[1]	353NET/1.0 LSUPDATE
	[1]	TTL: 9
	[1]	Flood: 1;reason=3
	[1]	MessageID: :12008_9_1682398781.606244
	[1]	From: :12008
	[1]	OriginStartTime: 1682398779.153195
	[1]	Content-Length: 13
	[1]	
	[1]	:12006,:12010
	[2]	353NET/1.0 LSUPDATE
	[2]	TTL: 9
	[2]	Flood: 1;reason=1
	[2]	MessageID: :12010_2_1682398781.605245
	[2]	From: :12010
010_2_1682398781.605245
[Mon Apr 24 2023 21:59:41.608520] d LSUPDATE :12006 8 1 20 {:12002_1} 1682398767.176769 :12002 (:12000,:12004,:12010)
	[2]	From: :12010
	[2]	OriginStartTime: 1682398781.605243
	[2]	Content-Length: 13
	[2]	
	[2]	
	[1]	353NET/1.0 LSUPDATE
	[1]	TTL: 9
12008
	[1]	TTL: 9
[Mon Apr 24 2023 21:59:41.608586] d LSUPDATE :12006 8 1 13 {:12004_1} 1682398770.812765 :12004 (:12002,:12006)
	[1]	Flood: 1;reason=1
	[1]	MessageID: :12002_14_1682398781.604959
	[1]	From: :12002
	[1]	OriginStartTime: 1682398767.176769
	[1]	OriginStartTime: 1682398767.176769
	[2]	353NET/1.0 LSUPDATE
	[2]	TTL: 9
Length: 20
	[2]	TTL: 9
	[1]	
	[2]	Flood: 1;reason=3
	[1]	:12000,:12004,:12010
	[2]	MessageID: :12004_12_1682398781.606472
	[2]	From: :12004
	[2]	OriginStartTime: 1682398770.812765
	[2]	Content-Length: 13
	[2]	
	[2]	:12002,:12006
[Mon Apr 24 2023 21:59:41.609114] r LSUPDATE :12006 8 1 20 {:12002_1} 1682398767.176769 :12002 (:12000,:12004,:12010)
[Mon Apr 24 2023 21:59:41.609186] d LSUPDATE :12006 8 1 20 {:12002_1} 1682398767.176769 :12002 (:12000,:12004,:12010)
	[2]	353NET/1.0 LSUPDATE
	[2]	TTL: 9
	[2]	Flood: 1;reason=3
	[2]	MessageID: :12002_16_1682398781.606209
	[2]	From: :12002
	[2]	OriginStartTime: 1682398767.176769
	[2]	Content-Length: 20
	[2]	
	[2]	:12000,:12004,:12010
[Mon Apr 24 2023 21:59:41.609441] r LSUPDATE :12006 8 1 13 {:12010_5} 1682398781.605243 :12010 (:12002,:12008)
[Mon Apr 24 2023 21:59:41.609531] d LSUPDATE :12006 8 1 13 {:12010_5} 1682398781.605243 :12010 (:12002,:12008)
	[1]	353NET/1.0 LSUPDATE
	[1]	TTL: 9
	[1]	Flood: 1;reason=3
	[1]	MessageID: :12010_5_1682398781.605746
	[1]	From: :12010
	[1]	OriginStartTime: 1682398781.605243
	[1]	Content-Length: 13
	[1]	
	[1]	:12002,:12008
[Mon Apr 24 2023 21:59:41.609730] r LSUPDATE :12006 8 1 13 {:12010_7} 1682398781.605243 :12010 (:12002,:12008)
[Mon Apr 24 2023 21:59:41.609999] r LSUPDATE :12006 8 1 13 {:12010_9} 1682398781.605243 :12010 (:12002,:12008)
[Mon Apr 24 2023 21:59:41.610051] d LSUPDATE :12006 8 1 13 {:12010_7} 1682398781.605243 :12010 (:12002,:12008)
	[1]	353NET/1.0 LSUPDATE
	[1]	TTL: 9
	[1]	Flood: 1;reason=1
	[1]	MessageID: :12010_7_1682398781.606181
	[1]	From: :12010
	[1]	OriginStartTime: 1682398781.605243
	[1]	Content-Length: 13
	[1]	
	[1]	:12002,:12008
[Mon Apr 24 2023 21:59:41.610206] d LSUPDATE :12006 8 1 13 {:12010_9} 1682398781.605243 :12010 (:12002,:12008)
	[1]	353NET/1.0 LSUPDATE
	[1]	TTL: 9
	[1]	Flood: 1;reason=3
	[1]	MessageID: :12010_9_1682398781.606933
	[1]	From: :12010
	[1]	OriginStartTime: 1682398781.605243
	[1]	Content-Length: 13
	[1]	
	[1]	:12002,:12008
[Mon Apr 24 2023 21:59:41.610547] r LSUPDATE :12006 8 1 6 {:12000_7} 1682398767.176263 :12000 (:12002)
[Mon Apr 24 2023 21:59:41.610840] r LSUPDATE :12006 8 1 13 {:12010_4} 1682398781.605243 :12010 (:12002,:12008)
[Mon Apr 24 2023 21:59:41.610892] d LSUPDATE :12006 8 1 6 {:12000_7} 1682398767.176263 :12000 (:12002)
	[2]	353NET/1.0 LSUPDATE
	[2]	TTL: 9
	[2]	Flood: 1;reason=3
	[2]	MessageID: :12000_7_1682398781.606467
	[2]	From: :12000
	[2]	OriginStartTime: 1682398767.176263
	[2]	Content-Length: 6
	[2]	
	[2]	:12002
[Mon Apr 24 2023 21:59:41.611038] d LSUPDATE :12006 8 1 13 {:12010_4} 1682398781.605243 :12010 (:12002,:12008)
	[2]	353NET/1.0 LSUPDATE
	[2]	TTL: 9
	[2]	Flood: 1;reason=3
	[2]	MessageID: :12010_4_1682398781.605728
	[2]	From: :12010
	[2]	OriginStartTime: 1682398781.605243
	[2]	Content-Length: 13
	[2]	
	[2]	:12002,:12008
[Mon Apr 24 2023 21:59:41.611676] r LSUPDATE :12006 8 1 13 {:12010_6} 1682398781.605243 :12010 (:12002,:12008)
[Mon Apr 24 2023 21:59:41.611840] r LSUPDATE :12006 8 1 20 {:12002_1} 1682398767.176769 :12002 (:12000,:12004,:12010)
[Mon Apr 24 2023 21:59:41.611946] r LSUPDATE :12006 8 1 13 {:12008_8} 1682398779.153195 :12008 (:12006,:12010)
[Mon Apr 24 2023 21:59:41.612150] r LSUPDATE :12006 8 1 13 {:12010_1} 1682398781.605243 :12010 (:12002,:12008)
[Mon Apr 24 2023 21:59:41.612203] r LSUPDATE :12006 8 1 13 {:12010_8} 1682398781.605243 :12010 (:12002,:12008)
[Mon Apr 24 2023 21:59:41.612394] d LSUPDATE :12006 8 1 13 {:12010_6} 1682398781.605243 :12010 (:12002,:12008)
[Mon Apr 24 2023 21:59:41.612423] r LSUPDATE :12006 8 1 6 {:12000_7} 1682398767.176263 :12000 (:12002)
	[2]	353NET/1.0 LSUPDATE
	[2]	TTL: 9
	[2]	Flood: 1;reason=1
	[2]	MessageID: :12010_6_1682398781.606170
	[2]	From: :12010
	[2]	OriginStartTime: 1682398781.605243
	[2]	Content-Length: 13
	[2]	
	[2]	
[Mon Apr 24 2023 21:59:41.612497] d LSUPDATE :12006 8 1 20 {:12002_1} 1682398767.176769 :12002 (:12000,:12004,:	[2]	
[Mon Apr 24 2023 21:59:41.612497] d LSUPDATE :12006 8 1 20 {:12002_1} 1682398767.176769 :12002 (:12000,:12004,:	[2]	:12002,:12008
[Mon Apr 24 2023 21:59:41.612533] d LSUPDATE :12006 8 1 13 {:12008_8} 1682398779.153195 :12008 (:12006,:12010)
	[1]	353NET/1.0 LSUPDATE
	[1]	TTL: 9
	[1]	TTL: 9
	[2]	353NET/1.0 LSUPDATE
	[1]	Flood: 1;reason=3
	[2]	TTL: 9
	[1]	MessageID: :12002_17_1682398781.607013
	[2]	Flood: 1;reason=1
	[1]	From: :12002
	[2]	MessageID: :12008_8_1682398781.605547
	[1]	OriginStartTime: 1682398767.176769
	[2]	From: :12008
	[1]	Content-Length: 20
	[1]	
iginStartTime: 1682398779.153195
	[1]	
	[2]	Content-Length: 13
	[1]	:12000,:12004,:12010
	[1]	:12000,:12004,:12010
	[2]	
	[2]	:12006,:12010
[Mon Apr 24 2023 21:59:41.612673] d LSUPDATE :12006 8 1 13 {:12010_8} 1682398781.605243 :12010 (:12002,:12008)
[Mon Apr 24 2023 21:59:41.612673] d LSUPDATE :12006 8 1 13 {:12010_8} 1682398781.605243 :12010 (:12002,:12008)
[Mon Apr 24 2023 21:59:41.612665] d LSUPDATE :12006 8 1 13 {:12010_1} 1682398781.605243 :12010 (:12002,:12008)
	[1]	353NET/1.0 LSUPDATE
	[1]	353NET/1.0 LSUPDATE
	[2]	353NET/1.0 LSUPDATE
	[1]	TTL: 9
	[2]	TTL: 9
	[1]	Flood: 1;reason=3
	[2]	Flood: 1;reason=3
	[2]	MessageID: :12010_8_16823988781.609749
	[2]	MessageID: :12010_8_1682398781.606923
	[1]	From: :12010
	[2]	From: :12010
	[1]	OriginStartTime: 1682398781.605243
	[2]	OriginStartTime: 1682398781.605243
	[1]	Content-Length: 13
	[2]	Content-Length: 13
	[1]	
	[1]	:1	[2]	:12002,:12008
023 21:59:41.612757] r LSUPDATE :12006 8 1 13 {:12010_1} 1682398781.605243 :12010 (:12002,:12008)
	[2]	:12002,:12008
	[2]	:12002,:12008
[Mon Apr 24 2023 21:59:41.612829] d LSUPDATE :12006 8 1 13 {:12008_1} 1682398779.153195 :12008 (:12006,:12010)
	[2]	353NET/1.0 LSUPDATE
	[2]	TTL: 9
.0 LSUPDATE
[Mon Apr 24 2023 21:59:41.612847] d LSUPDATE :12006 8 1 13 {:12010_1} 1682398781.605243 :12010 (:12002,:12008)
	[2]	TTL: 9
	[2]	Flood: 1;reason=3
	[2]	MessageID: :12008_10_1682398781.606252
	[2]	From: :12008
	[2]	OriginStartTime: 1682398779.153195
TE
	[2]	OriginStartTime: 1682398779.153195
	[1]	TTL: 9
	[2]	Content-Length: 13
	[1]	Flood: 1;reason=3
	[2]	
	[1]	MessageID: :12010_13_1682398781.610006
	[2]	:12006,:12010
	[1]	From: :12010
	[1]	OriginStartTime: 1682398781.605243
	[1]	Content-Length: 13
	[1]	
	[1]	:12002,:12008
[Mon Apr 24 2023 21:59:41.613347] r LSUPDATE :12006 8 1 13 {:12004_1} 1682398770.812765 :12004 (:12002,:12006)
[Mon Apr 24 2023 21:59:41.613418] d LSUPDATE :12006 8 1 13 {:12004_1} 1682398770.812765 :12004 (:12002,:12006)
	[1]	353NET/1.0 LSUPDATE
	[1]	TTL: 9
	[1]	Flood: 1;reason=3
	[1]	MessageID: :12004_11_1682398781.606459
	[1]	From: :12004
	[1]	OriginStartTime: 1682398770.812765
	[1]	Content-Length: 13
	[1]	
	[1]	:12002,:12006
[Mon Apr 24 2023 21:59:41.614142] r LSUPDATE :12006 8 1 13 {:12010_1} 1682398781.605243 :12010 (:12002,:12008)
[Mon Apr 24 2023 21:59:41.614324] r LSUPDATE :12006 8 1 13 {:12006_1} 1682398774.885239 :12006 (:12004,:12008)
[Mon Apr 24 2023 21:59:41.614428] r LSUPDATE :12006 8 1 13 {:12006_1} 1682398774.885239 :12006 (:12004,:12008)
[Mon Apr 24 2023 21:59:41.614477] d LSUPDATE :12006 8 1 13 {:12010_1} 1682398781.605243 :12010 (:12002,:12008)
	[1]	353NET/1.0 LSUPDATE
	[1]	TTL: 9
	[1]	Flood: 1;reason=3
	[1]	MessageID: :12010_15_1682398781.610727
	[1]	From: :12010
	[1]	OriginStartTime: 1682398781.605243
	[1]	Content-Length: 13
	[1]	
	[1]	:12002,:12008
[Mon Apr 24 2023 21:59:41.615481] r LSUPDATE :12006 8 1 13 {:12010_1} 1682398781.605243 :12010 (:12002,:12008)
[Mon Apr 24 2023 21:59:41.615844] r LSUPDATE :12006 8 1 13 {:12010_1} 1682398781.605243 :12010 (:12002,:12008)
[Mon Apr 24 2023 21:59:41.616170] r LSUPDATE :12006 8 1 13 {:12010_1} 1682398781.605243 :12010 (:12002,:12008)
[Mon Apr 24 2023 21:59:41.616170] r LSUPDATE :12006 8 1 13 {:12010_1} 1682398781.605243 :12010 (:12002,:12008)
[Mon Apr 24 2023 21:59:41.616140] d LSUPDATE :12006 8 1 13 {:12010_1} 1682398781.605243 :12010 (:12002,:12008)
	[2]	353NET/1.0 LSUPDATE
	[2]	TTL: 9
	[2]	Flood: 1;reason=3
	[2]	MessageID: :12010_10_1682398781.609738
	[2]	From: :12010
	[2]	OriginStartTime: 1682398781.605243
	[2]	Content-Length: 13
	[2]	
	[2]	:12002,:12008
[Mon Apr 24 2023 21:59:41.616455] d LSUPDATE :12006 8 1 13 {:12010_1} 1682398781.605243 :12010 (:12002,:12008)
	[2]	353NET/1.0 LSUPDATE
	[2]	TTL: 9
	[2]	Flood: 1;reason=3
	[2]	MessageID: :12010_12_1682398781.609996
	[2]	From: :12010
	[2]	OriginStartTime: 1682398781.605243
	[2]	Content-Length: 13
	[2]	
	[2]	:12002,:12008
[Mon Apr 24 2023 21:59:41.616625] d LSUPDATE :12006 8 1 13 {:12010_1} 1682398781.605243 :12010 (:12002,:12008)
	[2]	353NET/1.0 LSUPDATE
	[2]	TTL: 9
	[2]	Flood: 1;reason=3
	[2]	MessageID: :12010_14_1682398781.610713
	[2]	From: :12010
	[2]	OriginStartTime: 1682398781.605243
	[2]	Content-Length: 13
	[2]	
	[2]	:12002,:12008
[Mon Apr 24 2023 21:59:58.661266] i UCASTAPP :12006 1 - 43 {:12006_1} :12006 :12000 1 353UDT/1.0 PING :12006_12_1682398798.660912
	[1]	353NET/1.0 UCASTAPP
	[1]	TTL: 1
	[1]	Flood: 0
	[1]	MessageID: :12006_13_1682398798.661098
	[1]	From: :12006
	[1]	To: :12000
	[1]	Next-Layer: 1
	[1]	Content-Length: 43
	[1]	
	[1]	353UDT/1.0 PING :12006_12_1682398798.660912
[Mon Apr 24 2023 21:59:58.710312] r UCASTAPP :12006 8 - 46 {:12004_1} :12004 :12006 0 353UDT/1.0 TTLZERO :12006_12_1682398798.660912
[Mon Apr 24 2023 22:00:01.762802] i UCASTAPP :12006 2 - 43 {:12006_1} :12006 :12000 1 353UDT/1.0 PING :12006_15_1682398801.762302
	[1]	353NET/1.0 UCASTAPP
	[1]	TTL: 2
	[1]	Flood: 0
	[1]	MessageID: :12006_16_1682398801.762609
	[1]	From: :12006
	[1]	To: :12000
	[1]	Next-Layer: 1
	[1]	Content-Length: 43
	[1]	
	[1]	353UDT/1.0 PING :12006_15_1682398801.762302
[Mon Apr 24 2023 22:00:01.766853] r UCASTAPP :12006 7 - 46 {:12002_1} :12002 :12006 1 353UDT/1.0 TTLZERO :12006_15_1682398801.762302
[Mon Apr 24 2023 22:00:04.863759] i UCASTAPP :12006 3 - 43 {:12006_1} :12006 :12000 1 353UDT/1.0 PING :12006_18_1682398804.863342
	[1]	353NET/1.0 UCASTAPP
	[1]	TTL: 3
	[1]	Flood: 0
	[1]	MessageID: :12006_19_1682398804.863558
	[1]	From: :12006
	[1]	To: :12000
	[1]	Next-Layer: 1
	[1]	Content-Length: 43
	[1]	
	[1]	353UDT/1.0 PING :12006_18_1682398804.863342
[Mon Apr 24 2023 22:00:04.869585] r UCASTAPP :12006 6 - 43 {:12000_2} :12000 :12006 1 353UDT/1.0 PONG :12006_18_1682398804.863342
[Mon Apr 24 2023 22:00:19.389207] i UCASTAPP :12006 1 - 43 {:12006_2} :12006 :12000 1 353UDT/1.0 PING :12006_21_1682398819.388851
	[1]	353NET/1.0 UCASTAPP
	[1]	TTL: 1
	[1]	Flood: 0
	[1]	MessageID: :12006_22_1682398819.389036
	[1]	From: :12006
	[1]	To: :12000
	[1]	Next-Layer: 1
	[1]	Content-Length: 43
	[1]	
	[1]	353UDT/1.0 PING :12006_21_1682398819.388851
[Mon Apr 24 2023 22:00:19.439727] r UCASTAPP :12006 8 - 46 {:12004_2} :12004 :12006 1 353UDT/1.0 TTLZERO :12006_21_1682398819.388851
[Mon Apr 24 2023 22:00:20.571598] r LSUPDATE :12006 8 1 6 {:12004_2} 1682398770.812765 :12004 (:12006)
[Mon Apr 24 2023 22:00:20.571812] d LSUPDATE :12006 8 1 6 {:12004_2} 1682398770.812765 :12004 (:12006)
[Mon Apr 24 2023 22:00:20.571884] i LSUPDATE :12006 9 1 13 {:12006_2} 1682398774.885239 :12006 (:12004,:12008)
	[1]	353NET/1.0 LSUPDATE
	[1]	TTL: 9
	[1]	Flood: 1;reason=2
	[1]	MessageID: :12006_24_1682398820.571802
	[2]	353NET/1.0 LSUPDATE
	[2]	353NET/1.0 LSUPDATE
	[1]	From: :12006
	[2]	TTL: 9
	[1]	OriginStartTime: 1682398774.885239
	[2]	Flood: 1;reason=2
	[1]	Content-Length: 13
	[2]	MessageID: :12004_21_1682398820.571026
	[1]	
	[2]	From: :12004
	[1]	:12004,:12008
	[2]	OriginStartTime: 1682398770.812765
	[2]	Content-Length: 6
	[2]	
	[2]	:12006
	[2]	:12006
[Mon Apr 24 2023 22:00:20.572127] Socket-writing thread has terminated
[Mon Apr 24 2023 22:00:20.572157] i LSUPDATE :12006 9 1 13 {:12006_2} 1682398774.885239 :12006 (:12004,:12008)
	[2]	353NET/1.0 LSUPDATE
	[2]	TTL: 9
	[2]	Flood: 1;reason=2
	[2]	MessageID: :12006_25_1682398820.571821
	[2]	From: :12006
	[2]	OriginStartTime: 1682398774.885239
	[2]	Content-Length: 13
	[2]	
	[2]	:12004,:12008
[Mon Apr 24 2023 22:00:20.572573] Socket-reading thread has joined with socket-writing thread
[Mon Apr 24 2023 22:00:20.573572] r LSUPDATE :12006 8 1 20 {:12002_3} 1682398767.176769 :12002 (:12000,:12004,:12010)
[Mon Apr 24 2023 22:00:20.629816] r LSUPDATE :12006 8 1 6 {:12000_1} 1682398767.176263 :12000 (:12002)
[Mon Apr 24 2023 22:00:20.630090] r LSUPDATE :12006 8 1 13 {:12002_3} 1682398767.176769 :12002 (:12000,:12010)
[Mon Apr 24 2023 22:00:20.630272] i LSUPDATE :12006 9 1 6 {:12006_2} 1682398774.885239 :12006 (:12008)
	[2]	353NET/1.0 LSUPDATE
	[2]	TTL: 9
	[2]	Flood: 1;reason=3
	[2]	MessageID: :12006_26_1682398820.630141
	[2]	From: :12006
	[2]	OriginStartTime: 1682398774.885239
	[2]	Content-Length: 6
	[2]	
	[2]	:12008
[Mon Apr 24 2023 22:00:20.630776] r LSUPDATE :12006 8 1 13 {:12008_1} 1682398779.153195 :12008 (:12006,:12010)
[Mon Apr 24 2023 22:00:20.631010] i LSUPDATE :12006 9 1 6 {:12006_2} 1682398774.885239 :12006 (:12008)
	[2]	353NET/1.0 LSUPDATE
	[2]	TTL: 9
	[2]	Flood: 1;reason=3
	[2]	MessageID: :12006_27_1682398820.630858
	[2]	From: :12006
	[2]	OriginStartTime: 1682398774.885239
	[2]	Content-Length: 6
	[2]	
	[2]	:12008
[Mon Apr 24 2023 22:00:20.631399] r LSUPDATE :12006 8 1 13 {:12010_2} 1682398781.605243 :12010 (:12002,:12008)
[Mon Apr 24 2023 22:00:20.631748] r LSUPDATE :12006 8 1 13 {:12002_4} 1682398767.176769 :12002 (:12000,:12010)
[Mon Apr 24 2023 22:00:20.632009] r LSUPDATE :12006 8 1 13 {:12002_4} 1682398767.176769 :12002 (:12000,:12010)
[Mon Apr 24 2023 22:00:20.678830] r LSUPDATE :12006 8 1 6 {:12000_2} 1682398767.176263 :12000 (:12002)
[Mon Apr 24 2023 22:00:20.679211] r LSUPDATE :12006 8 1 13 {:12008_1} 1682398779.153195 :12008 (:12006,:12010)
[Mon Apr 24 2023 22:00:20.679427] r LSUPDATE :12006 8 1 13 {:12002_4} 1682398767.176769 :12002 (:12000,:12010)
[Mon Apr 24 2023 22:00:20.679707] r LSUPDATE :12006 8 1 6 {:12000_2} 1682398767.176263 :12000 (:12002)
[Mon Apr 24 2023 22:00:20.679886] r LSUPDATE :12006 8 1 13 {:12010_2} 1682398781.605243 :12010 (:12002,:12008)
[Mon Apr 24 2023 22:00:20.680131] r LSUPDATE :12006 8 1 13 {:12002_4} 1682398767.176769 :12002 (:12000,:12010)
[Mon Apr 24 2023 22:00:20.680313] r LSUPDATE :12006 8 1 6 {:12000_2} 1682398767.176263 :12000 (:12002)
[Mon Apr 24 2023 22:00:22.490594] i UCASTAPP :12006 2 - 43 {:12006_2} :12006 :12000 1 353UDT/1.0 PING :12006_28_1682398822.490116
	[2]	353NET/1.0 UCASTAPP
	[2]	TTL: 2
	[2]	Flood: 0
	[2]	MessageID: :12006_29_1682398822.490403
	[2]	From: :12006
	[2]	To: :12000
	[2]	Next-Layer: 1
	[2]	Content-Length: 43
	[2]	
	[2]	353UDT/1.0 PING :12006_28_1682398822.490116
[Mon Apr 24 2023 22:00:22.542060] r UCASTAPP :12006 7 - 46 {:12010_3} :12010 :12006 0 353UDT/1.0 TTLZERO :12006_28_1682398822.490116
[Mon Apr 24 2023 22:00:25.591876] i UCASTAPP :12006 3 - 43 {:12006_3} :12006 :12000 1 353UDT/1.0 PING :12006_31_1682398825.591494
	[2]	353NET/1.0 UCASTAPP
	[2]	TTL: 3
	[2]	Flood: 0
	[2]	MessageID: :12006_32_1682398825.591677
	[2]	From: :12006
	[2]	To: :12000
	[2]	Next-Layer: 1
	[2]	Content-Length: 43
	[2]	
	[2]	353UDT/1.0 PING :12006_31_1682398825.591494
[Mon Apr 24 2023 22:00:25.597639] r UCASTAPP :12006 6 - 46 {:12002_3} :12002 :12006 1 353UDT/1.0 TTLZERO :12006_31_1682398825.591494
[Mon Apr 24 2023 22:00:28.693347] i UCASTAPP :12006 4 - 43 {:12006_3} :12006 :12000 1 353UDT/1.0 PING :12006_34_1682398828.692678
	[2]	353NET/1.0 UCASTAPP
	[2]	TTL: 4
	[2]	Flood: 0
	[2]	MessageID: :12006_35_1682398828.693070
	[2]	From: :12006
	[2]	To: :12000
	[2]	Next-Layer: 1
	[2]	Content-Length: 43
	[2]	
	[2]	353UDT/1.0 PING :12006_34_1682398828.692678
[Mon Apr 24 2023 22:00:28.745110] r UCASTAPP :12006 5 - 43 {:12000_3} :12000 :12006 1 353UDT/1.0 PONG :12006_34_1682398828.692678
[Mon Apr 24 2023 22:00:33.190990] r UCASTAPP :12006 0 - 43 {:12000_3} :12000 :12006 1 353UDT/1.0 PING :12000_34_1682398833.146030
[Mon Apr 24 2023 22:00:33.191475] i UCASTAPP :12006 9 - 43 {:12006_3} :12006 :12000 1 353UDT/1.0 PONG :12000_34_1682398833.146030
	[2]	353NET/1.0 UCASTAPP
	[2]	TTL: 9
	[2]	Flood: 0
	[2]	MessageID: :12006_38_1682398833.191276
	[2]	From: :12006
	[2]	To: :12000
	[2]	Next-Layer: 1
	[2]	Content-Length: 43
	[2]	
	[2]	353UDT/1.0 PONG :12000_34_1682398833.146030
[Mon Apr 24 2023 22:00:35.879843] r LSUPDATE :12006 8 1 13 {:12002_6} 1682398767.176769 :12002 (:12000,:12010)
[Mon Apr 24 2023 22:00:37.170469] r LSUPDATE :12006 8 1 13 {:12010_4} 1682398781.605243 :12010 (:12002,:12008)
[Mon Apr 24 2023 22:00:41.562845] Socket-writing thread has terminated
[Mon Apr 24 2023 22:00:41.563264] Socket-reading thread has joined with socket-writing thread
[Mon Apr 24 2023 22:00:41.563310] Reaper has joined with connection thread.
[Mon Apr 24 2023 22:00:42.892200] STOP: port=12006
