[Mon Apr 24 2023 21:59:27.172327] START: port=12002, rootdir=lab11data
[Mon Apr 24 2023 21:59:27.175659] i SAYHELLO :12002 1 - 0
	[1]	353NET/1.0 SAYHELLO
	[1]	TTL: 9
	[1]	Flood: 0
	[1]	From: :12002
	[1]	Content-Length: 0
 	[1]	
[Mon Apr 24 2023 21:59:27.176720] r SAYHELLO :12000 1 - 0
[Mon Apr 24 2023 21:59:27.176919] i LSUPDATE :12002 9 1 6 {:12002_2} 1682398767.176769 :12002 (:12000)
[Mon Apr 24 2023 21:59:27.176919] i LSUPDATE :12002 9 1 6 {:12002_2} 1682398767.176769 :12002 (:12000)
[Mon Apr 24 2023 21:59:27.177028] r LSUPDATE :12002 8 1 6 {:12000_2} 1682398767.176263 :12000 (:12002)
	[1]	353NET/1.0 LSUPDATE
	[1]	TTL: 9
	[1]	Flood: 1;reason=1
	[1]	MessageID: :12002_2_1682398767.176770
	[1]	From: :12002
	[1]	OriginStartTime: 1682398767.176769
	[1]	Content-Length: 6
	[1]	
	[1]	:12000
[Mon Apr 24 2023 21:59:27.177389] i LSUPDATE :12002 9 1 6 {:12002_3} 1682398767.176769 :12002 (:12000)
	[1]	353NET/1.0 LSUPDATE
	[1]	TTL: 9
	[1]	Flood: 1;reason=3
	[1]	MessageID: :12002_3_1682398767.177085
	[1]	From: :12002
	[1]	OriginStartTime: 1682398767.176769
	[1]	Content-Length: 6
	[1]	
	[1]	:12000
[Mon Apr 24 2023 21:59:27.178381] r LSUPDATE :12002 8 1 6 {:12000_3} 1682398767.176263 :12000 (:12002)
[Mon Apr 24 2023 21:59:30.810535] CONNECT[2]: 127.0.0.1:12002
[Mon Apr 24 2023 21:59:30.812021] r SAYHELLO :12004 1 - 0
[Mon Apr 24 2023 21:59:30.812289] i SAYHELLO :12002 1 - 0
[Mon Apr 24 2023 21:59:30.812289] i SAYHELLO :12002 1 - 0
[Mon Apr 24 2023 21:59:30.812366] i LSUPDATE :12002 9 1 13 {:12002_4} 1682398767.176769 :12002 (:12000,:12004)
	[2]	353NET/1.0 SAYHELLO
	[2]	TTL: 9
	[2]	Flood: 0
	[2]	From: :12002
	[2]	Content-Length: 0
 	[2]	
	[1]	353NET/1.0 LSUPDATE
	[1]	TTL: 9
	[1]	Flood: 1;reason=1
	[1]	MessageID: :12002_4_1682398770.812198
	[1]	From: :12002
[Mon Apr 24 2023 21:59:30.812595] i LSUPDATE :12002 9 1 13 {:12002_5} 1682398767.176769 :12002 (:12000,:12004)
[Mon Apr 24 2023 21:59:30.812595] i LSUPDATE :12002 9 1 13 {:12002_5} 1682398767.176769 :12002 (:12000,:12004)
	[1]	OriginStartTime: 1682398767.176769
	[1]	Content-Length: 13
	[1]	
	[1]	:12000,:12004
	[2]	353NET/1.0 LSUPDATE
	[2]	TTL: 9
	[2]	Flood: 1;reason=1
	[2]	MessageID: :12002_5_1682398770.812258
	[2]	From: :12002
	[2]	OriginStartTime: 1682398767.176769
	[2]	Content-Length: 13
	[2]	
	[2]	:12000,:12004
[Mon Apr 24 2023 21:59:30.813364] r LSUPDATE :12002 8 1 6 {:12004_2} 1682398770.812765 :12004 (:12002)
[Mon Apr 24 2023 21:59:30.813583] d LSUPDATE :12002 8 1 6 {:12004_2} 1682398770.812765 :12004 (:12002)
[Mon Apr 24 2023 21:59:30.813650] i LSUPDATE :12002 9 1 13 {:12002_7} 1682398767.176769 :12002 (:12000,:12004)
[Mon Apr 24 2023 21:59:30.813719] r LSUPDATE :12002 8 1 6 {:12004_3} 1682398770.812765 :12004 (:12002)
	[1]	353NET/1.0 LSUPDATE
	[1]	TTL: 9
	[1]	Flood: 1;reason=1
	[1]	MessageID: :12004_2_1682398770.812766
	[1]	From: :12004
	[1]	OriginStartTime: 1682398770.812765
	[1]	Content-Length: 6
	[1]	
	[1]	:12002
	[2]	353NET/1.0 LSUPDATE
	[2]	TTL: 9
	[2]	TTL: 9
	[2]	Flood: 1;reason=3
	[2]	MessageID: :12002_7_1682398770.813505
	[2]	From: :12002
	[2]	OriginStartTime: 1682398767.176769
	[2]	Content-Length: 13
	[2]	
	[2]	:12000,:12004
[Mon Apr 24 2023 21:59:30.813890] i LSUPDATE :12002 9 1 13 {:12002_6} 1682398767.176769 :12002 (:12000,:12004)
	[1]	353NET/1.0 LSUPDATE
	[1]	TTL: 9
	[1]	Flood: 1;reason=3
	[1]	MessageID: :12002_6_1682398770.813495
	[1]	From: :12002
	[1]	OriginStartTime: 1682398767.176769
	[1]	Content-Length: 13
	[1]	
	[1]	:12000,:12004
[Mon Apr 24 2023 21:59:30.814023] d LSUPDATE :12002 8 1 6 {:12004_3} 1682398770.812765 :12004 (:12002)
	[1]	353NET/1.0 LSUPDATE
	[1]	TTL: 9
	[1]	Flood: 1;reason=3
	[1]	MessageID: :12004_3_1682398770.813041
	[1]	From: :12004
	[1]	OriginStartTime: 1682398770.812765
	[1]	Content-Length: 6
	[1]	
	[1]	:12002
[Mon Apr 24 2023 21:59:30.814704] r LSUPDATE :12002 8 1 6 {:12000_4} 1682398767.176263 :12000 (:12002)
[Mon Apr 24 2023 21:59:30.814923] d LSUPDATE :12002 8 1 6 {:12000_4} 1682398767.176263 :12000 (:12002)
	[2]	353NET/1.0 LSUPDATE
	[2]	TTL: 9
	[2]	Flood: 1;reason=3
	[2]	MessageID: :12000_4_1682398770.814113
	[2]	From: :12000
	[2]	OriginStartTime: 1682398767.176263
	[2]	Content-Length: 6
	[2]	
	[2]	:12002
[Mon Apr 24 2023 21:59:30.816036] r LSUPDATE :12002 8 1 6 {:12004_4} 1682398770.812765 :12004 (:12002)
[Mon Apr 24 2023 21:59:30.816300] d LSUPDATE :12002 8 1 6 {:12004_4} 1682398770.812765 :12004 (:12002)
	[1]	353NET/1.0 LSUPDATE
	[1]	TTL: 9
	[1]	Flood: 1;reason=3
	[1]	MessageID: :12004_4_1682398770.815464
	[1]	From: :12004
	[1]	OriginStartTime: 1682398770.812765
	[1]	Content-Length: 6
	[1]	
	[1]	:12002
[Mon Apr 24 2023 21:59:34.885298] r LSUPDATE :12002 8 1 13 {:12004_5} 1682398770.812765 :12004 (:12002,:12006)
[Mon Apr 24 2023 21:59:34.885471] d LSUPDATE :12002 8 1 13 {:12004_5} 1682398770.812765 :12004 (:12002,:12006)
	[1]	353NET/1.0 LSUPDATE
	[1]	TTL: 9
	[1]	Flood: 1;reason=1
	[1]	MessageID: :12004_5_1682398774.884722
	[1]	From: :12004
	[1]	OriginStartTime: 1682398770.812765
	[1]	Content-Length: 13
	[1]	
	[1]	:12002,:12006
[Mon Apr 24 2023 21:59:34.886583] r LSUPDATE :12002 8 1 6 {:12006_2} 1682398774.885239 :12006 (:12004)
[Mon Apr 24 2023 21:59:34.886768] d LSUPDATE :12002 8 1 6 {:12006_2} 1682398774.885239 :12006 (:12004)
[Mon Apr 24 2023 21:59:34.886858] i LSUPDATE :12002 9 1 13 {:12002_9} 1682398767.176769 :12002 (:12000,:12004)
	[1]	353NET/1.0 LSUPDATE
	[1]	TTL: 9
	[1]	Flood: 1;reason=1
	[1]	MessageID: :12006_2_1682398774.885241
	[1]	From: :12006
	[1]	OriginStartTime: 1682398774.885239
	[1]	Content-Length: 6
	[1]	
	[1]	:12004
[Mon Apr 24 2023 21:59:34.887035] i LSUPDATE :12002 9 1 13 {:12002_8} 1682398767.176769 :12002 (:12000,:12004)
	[2]	353NET/1.0 LSUPDATE
	[2]	TTL: 9
.0 LSUPDATE
	[1]	353NET/1.0 LSUPDATE
	[2]	TTL: 9
	[1]	TTL: 9
	[2]	Flood: 1;reason=3
	[1]	Flood: 1;reason=3
	[2]	MessageID: :12002_9_1682398774.886756
	[1]	MessageID: :12002_8_1682398774.886742
	[2]	From: :12002
	[1]	From: :12002
	[2]	OriginStartTime: 1682398767.176769
	[1]	OriginStartTime: 1682398767.176769
	[2]	Content-Length: 13
	[1]	Content-Length: 13
	[2]	
	[1]	
	[2]	:12000,:12004
	[1]	:12000,:12004
[Mon Apr 24 2023 21:59:34.887335] r LSUPDATE :12002 8 1 13 {:12004_7} 1682398770.812765 :12004 (:12002,:12006)
[Mon Apr 24 2023 21:59:34.887484] d LSUPDATE :12002 8 1 13 {:12004_7} 1682398770.812765 :12004 (:12002,:12006)
	[1]	353NET/1.0 LSUPDATE
	[1]	TTL: 9
	[1]	Flood: 1;reason=3
	[1]	MessageID: :12004_7_1682398774.886021
	[1]	From: :12004
	[1]	OriginStartTime: 1682398770.812765
	[1]	Content-Length: 13
	[1]	
	[1]	:12002,:12006
[Mon Apr 24 2023 21:59:34.887700] r LSUPDATE :12002 8 1 6 {:12006_3} 1682398774.885239 :12006 (:12004)
[Mon Apr 24 2023 21:59:34.887773] d LSUPDATE :12002 8 1 6 {:12006_3} 1682398774.885239 :12006 (:12004)
	[1]	353NET/1.0 LSUPDATE
	[1]	TTL: 9
	[1]	Flood: 1;reason=3
	[1]	MessageID: :12006_3_1682398774.885826
	[1]	From: :12006
	[1]	OriginStartTime: 1682398774.885239
	[1]	Content-Length: 6
	[1]	
	[1]	:12004
[Mon Apr 24 2023 21:59:34.888041] r LSUPDATE :12002 8 1 6 {:12000_5} 1682398767.176263 :12000 (:12002)
[Mon Apr 24 2023 21:59:34.888275] d LSUPDATE :12002 8 1 6 {:12000_5} 1682398767.176263 :12000 (:12002)
	[2]	353NET/1.0 LSUPDATE
	[2]	TTL: 9
	[2]	Flood: 1;reason=3
	[2]	MessageID: :12000_5_1682398774.887253
	[2]	From: :12000
	[2]	OriginStartTime: 1682398767.176263
	[2]	Content-Length: 6
	[2]	
	[2]	:12002
[Mon Apr 24 2023 21:59:34.889312] r LSUPDATE :12002 8 1 6 {:12006_4} 1682398774.885239 :12006 (:12004)
[Mon Apr 24 2023 21:59:34.889516] d LSUPDATE :12002 8 1 6 {:12006_4} 1682398774.885239 :12006 (:12004)
	[1]	353NET/1.0 LSUPDATE
	[1]	TTL: 9
	[1]	Flood: 1;reason=3
	[1]	MessageID: :12006_4_1682398774.888230
	[1]	From: :12006
	[1]	OriginStartTime: 1682398774.885239
	[1]	Content-Length: 6
	[1]	
	[1]	:12004
[Mon Apr 24 2023 21:59:34.890630] r LSUPDATE :12002 8 1 6 {:12006_5} 1682398774.885239 :12006 (:12004)
[Mon Apr 24 2023 21:59:34.890855] d LSUPDATE :12002 8 1 6 {:12006_5} 1682398774.885239 :12006 (:12004)
	[1]	353NET/1.0 LSUPDATE
	[1]	TTL: 9
	[1]	Flood: 1;reason=3
	[1]	MessageID: :12006_5_1682398774.889366
	[1]	From: :12006
	[1]	OriginStartTime: 1682398774.885239
	[1]	Content-Length: 6
	[1]	
	[1]	:12004
[Mon Apr 24 2023 21:59:39.153866] r LSUPDATE :12002 8 1 13 {:12006_6} 1682398774.885239 :12006 (:12004,:12008)
[Mon Apr 24 2023 21:59:39.154092] d LSUPDATE :12002 8 1 13 {:12006_6} 1682398774.885239 :12006 (:12004,:12008)
	[1]	353NET/1.0 LSUPDATE
	[1]	TTL: 9
	[1]	Flood: 1;reason=1
	[1]	MessageID: :12006_6_1682398779.152558
	[1]	From: :12006
	[1]	OriginStartTime: 1682398774.885239
	[1]	Content-Length: 13
	[1]	
	[1]	:12004,:12008
[Mon Apr 24 2023 21:59:39.155439] r LSUPDATE :12002 8 1 6 {:12008_2} 1682398779.153195 :12008 (:12006)
[Mon Apr 24 2023 21:59:39.155612] d LSUPDATE :12002 8 1 6 {:12008_2} 1682398779.153195 :12008 (:12006)
[Mon Apr 24 2023 21:59:39.155693] i LSUPDATE :12002 9 1 13 {:12002_1} 1682398767.176769 :12002 (:12000,:12004)
[Mon Apr 24 2023 21:59:39.155693] i LSUPDATE :12002 9 1 13 {:12002_1} 1682398767.176769 :12002 (:12000,:12004)
	[1]	353NET/1.0 LSUPDATE
	[1]	TTL: 9
	[1]	Flood: 1;reason=1
	[1]	MessageID: :12008_2_1682398779.153198
	[1]	From: :12008
	[1]	OriginStartTime: 1682398779.153195
	[1]	Content-Length: 6
	[1]	
	[1]	:12006
[Mon Apr 24 2023 21:59:39.155814] i LSUPDATE :12002 9 1 13 {:12002_1} 1682398767.176769 :12002 (:12000,:12004)
	[2]	353NET/1.0 LSUPDATE
	[2]	TTL: 9
	[2]	Flood: 1;reason=3
	[2]	MessageID: :12002_11_1682398779.155581
	[2]	MessageID: :12002_11_1682398779.155581
	[1]	353NET/1.0 LSUPDATE
	[2]	From: :12002
	[1]	TTL: 9
	[2]	OriginStartTime: 1682398767.176769
	[1]	Flood: 1;reason=3
	[2]	Content-Length: 13
	[1]	MessageID: :12002_10_1682398779.155568
	[2]	
	[1]	From: :12002
	[2]	:12000,:12004
	[1]	OriginStartTime: 1682398767.176769
	[1]	Content-Length: 13
	[1]	
	[1]	:12000,:12004
[Mon Apr 24 2023 21:59:39.156064] r LSUPDATE :12002 8 1 13 {:12004_9} 1682398770.812765 :12004 (:12002,:12006)
[Mon Apr 24 2023 21:59:39.156221] d LSUPDATE :12002 8 1 13 {:12004_9} 1682398770.812765 :12004 (:12002,:12006)
	[1]	353NET/1.0 LSUPDATE
	[1]	TTL: 9
	[1]	Flood: 1;reason=3
	[1]	MessageID: :12004_9_1682398779.154909
	[1]	From: :12004
	[1]	OriginStartTime: 1682398770.812765
	[1]	Content-Length: 13
	[1]	
	[1]	:12002,:12006
[Mon Apr 24 2023 21:59:39.156409] r LSUPDATE :12002 8 1 13 {:12006_8} 1682398774.885239 :12006 (:12004,:12008)
[Mon Apr 24 2023 21:59:39.156559] d LSUPDATE :12002 8 1 13 {:12006_8} 1682398774.885239 :12006 (:12004,:12008)
[Mon Apr 24 2023 21:59:39.156595] r LSUPDATE :12002 8 1 6 {:12000_6} 1682398767.176263 :12000 (:12002)
	[1]	353NET/1.0 LSUPDATE
	[1]	TTL: 9
	[1]	Flood: 1;reason=3
	[1]	MessageID: :12006_8_1682398779.153988
	[1]	From: :12006
	[1]	OriginStartTime: 1682398774.885239
	[1]	Content-Length: 13
	[1]	
	[1]	:12004,:12008
[Mon Apr 24 2023 21:59:39.156744] d LSUPDATE :12002 8 1 6 {:12000_6} 1682398767.176263 :12000 (:12002)
[Mon Apr 24 2023 21:59:39.156781] r LSUPDATE :12002 8 1 6 {:12008_3} 1682398779.153195 :12008 (:12006)
[Mon Apr 24 2023 21:59:39.156948] d LSUPDATE :12002 8 1 6 {:12008_3} 1682398779.153195 :12008 (:12006)
[Mon Apr 24 2023 21:59:39.156948] d LSUPDATE :12002 8 1 6 {:12008_3} 1682398779.153195 :12008 (:12006)
	[2]	353NET/1.0 LSUPDATE
	[2]	TTL: 9
	[2]	Flood: 1;reason=3
	[1]	353NET/1.0 LSUPDATE
	[2]	MessageID: :12000_6_1682398779.156082
	[2]	From: :12000
PDATE
	[2]	From: :12000
	[1]	TTL: 9
	[2]	OriginStartTime: 1682398767.176263
	[1]	Flood: 1;reason=3
	[1]	Flood: 1;reason=3
	[2]	Content-Length: 6
	[1]	MessageID: :12008_3_1682398779.153706
	[2]	
	[1]	From: :12008
	[2]	:12002
	[1]	OriginStartTime: 1682398779.153195
	[1]	Content-Length: 6
	[1]	
	[1]	:12006
[Mon Apr 24 2023 21:59:39.158065] r LSUPDATE :12002 8 1 6 {:12008_4} 1682398779.153195 :12008 (:12006)
[Mon Apr 24 2023 21:59:39.158350] d LSUPDATE :12002 8 1 6 {:12008_4} 1682398779.153195 :12008 (:12006)
	[1]	353NET/1.0 LSUPDATE
	[1]	TTL: 9
	[1]	Flood: 1;reason=3
	[1]	MessageID: :12008_4_1682398779.156219
	[1]	From: :12008
	[1]	OriginStartTime: 1682398779.153195
	[1]	Content-Length: 6
	[1]	
	[1]	:12006
[Mon Apr 24 2023 21:59:39.159221] r LSUPDATE :12002 8 1 6 {:12008_5} 1682398779.153195 :12008 (:12006)
[Mon Apr 24 2023 21:59:39.159433] d LSUPDATE :12002 8 1 6 {:12008_5} 1682398779.153195 :12008 (:12006)
	[1]	353NET/1.0 LSUPDATE
	[1]	TTL: 9
	[1]	Flood: 1;reason=3
	[1]	MessageID: :12008_5_1682398779.157263
	[1]	From: :12008
	[1]	OriginStartTime: 1682398779.153195
	[1]	Content-Length: 6
	[1]	
	[1]	:12006
[Mon Apr 24 2023 21:59:39.160503] r LSUPDATE :12002 8 1 6 {:12008_6} 1682398779.153195 :12008 (:12006)
[Mon Apr 24 2023 21:59:39.160720] d LSUPDATE :12002 8 1 6 {:12008_6} 1682398779.153195 :12008 (:12006)
	[1]	353NET/1.0 LSUPDATE
	[1]	TTL: 9
	[1]	Flood: 1;reason=3
	[1]	MessageID: :12008_6_1682398779.158659
	[1]	From: :12008
	[1]	OriginStartTime: 1682398779.153195
	[1]	Content-Length: 6
	[1]	
	[1]	:12006
[Mon Apr 24 2023 21:59:41.604056] CONNECT[3]: 127.0.0.1:12002
[Mon Apr 24 2023 21:59:41.604666] r SAYHELLO :12010 1 - 0
[Mon Apr 24 2023 21:59:41.604831] i SAYHELLO :12002 1 - 0
[Mon Apr 24 2023 21:59:41.604938] i LSUPDATE :12002 9 1 20 {:12002_1} 1682398767.176769 :12002 (:12000,:12004,:12010)
[Mon Apr 24 2023 21:59:41.604938] i LSUPDATE :12002 9 1 20 {:12002_1} 1682398767.176769 :12002 (:12000,:12004,:12010)
	[3]	353NET/1.0 SAYHELLO
[Mon Apr 24 2023 21:59:41.604938] i LSUPDATE :12002 9 1 20 {:12002_1} 1682398767.176769 :12002 (:12000,:12004,:12010)
	[3]	353NET/1.0 SAYHELLO
[Mon Apr 24 2023 21:59:41.605010] i LSUPDATE :12002 9 1 20 {:12002_1} 1682398767.176769 :12002 (:12000,:12004,:12010)
	[3]	TTL: 9
	[3]	Flood: 0
	[3]	From: :12002
	[3]	Content-Length: 0
 	[3]	
[Mon Apr 24 2023 21:59:41.605154] i LSUPDATE :12002 9 1 20 {:12002_1} 1682398767.176769 :12002 (:12000,:12004,:12010)
	[1]	353NET/1.0 LSUPDATE
	[1]	TTL: 9
.0 LSUPDATE
	[2]	353NET/1.0 LSUPDATE
	[1]	TTL: 9
.0 LSUPDATE
	[2]	353NET/1.0 LSUPDATE
	[3]	353NET/1.0 LSUPDATE
	[2]	TTL: 9
	[3]	TTL: 9
	[1]	Flood: 1	[2]	Flood: 1;reason=1
	[3]	Flood: 1;reason=1
	[1]	MessageID: :12002_1	[2]	MessageID: :12002_13_1682398781.604881
	[2]	MessageID: :12002_13_1682398781.604881
	[1]	From: :12002
	[2]	From: :12002
	[3]	MessageID: :12002_14_1682398781.604959
	[1]	OriginStartTim	[3]	From: :12002
e: 1682398767.176769
	[2]	OriginStartTim	[1]	Content-Length: 20
2398767.176769
	[3]	OriginStartTime: 168	[2]	Content-Length: 20
2398767.176769
	[1]	
ntent-Length: 20
	[3]	Co	[2]	
ntent-Length: 20
	[1]	
	[3]	
2000,:12004,:12010
	[2]	:1	[2]	:12000,:12004,:12010
	[3]	:12000,:12004,:12010
[Mon Apr 24 2023 21:59:41.605833] r LSUPDATE :12002 8 1 13 {:12010_2} 1682398781.605243 :12010 (:12002,:12008)
[Mon Apr 24 2023 21:59:41.605910] d LSUPDATE :12002 8 1 13 {:12010_2} 1682398781.605243 :12010 (:12002,:12008)
[Mon Apr 24 2023 21:59:41.605999] d LSUPDATE :12002 8 1 13 {:12010_2} 1682398781.605243 :12010 (:12002,:12008)
	[1]	353NET/1.0 LSUPDATE
	[1]	TTL: 9
	[1]	Flood: 1;reason=1
	[1]	MessageID: :12010_2_1682398781.605245
	[1]	From: :12010
	[1]	OriginStartTime: 1682398781.605243
	[1]	Content-Length: 13
	[1]	
	[1]	
	[2]	353NET/1.0 LSUPDATE
	[1]	:12002,:12008
	[2]	TTL: 9
	[2]	Flood: 1;reason=1
	[2]	MessageID: :12010_2_1682398781.605245
	[2]	From: :12010
	[2]	OriginStartTime: 1682398781.605243
	[2]	Content-Length: 13
	[2]	
	[2]	:12002,:12008
[Mon Apr 24 2023 21:59:41.606226] i LSUPDATE :12002 9 1 20 {:12002_1} 1682398767.176769 :12002 (:12000,:12004,:12010)
	[2]	353NET/1.0 LSUPDATE
	[2]	TTL: 9
	[2]	Flood: 1;reason=3
	[2]	MessageID: :12002_16_1682398781.606209
	[2]	From: :12002
	[2]	OriginStartTime: 1682398767.176769
	[2]	Content-Length: 20
	[2]	
	[2]	:12000,:12004,:12010
[Mon Apr 24 2023 21:59:41.606965] r LSUPDATE :12002 8 1 6 {:12000_7} 1682398767.176263 :12000 (:12002)
[Mon Apr 24 2023 21:59:41.607015] i LSUPDATE :12002 9 1 20 {:12002_1} 1682398767.176769 :12002 (:12000,:12004,:12010)
	[1]	353NET/1.0 LSUPDATE
	[1]	TTL: 9
	[1]	Flood: 1;reason=3
	[1]	MessageID: :12002_15_1682398781.606192
	[1]	From: :12002
	[1]	OriginStartTime: 1682398767.176769
	[1]	Content-Length: 20
	[1]	
	[1]	:12000,:12004,:12010
[Mon Apr 24 2023 21:59:41.607280] r LSUPDATE :12002 8 1 13 {:12010_4} 1682398781.605243 :12010 (:12002,:12008)
[Mon Apr 24 2023 21:59:41.607498] d LSUPDATE :12002 8 1 6 {:12000_7} 1682398767.176263 :12000 (:12002)
	[2]	353NET/1.0 LSUPDATE
	[2]	TTL: 9
	[2]	Flood: 1	[2]	Flood: 1;reason=3
	[2]	MessageID: :12000_7_1682398781.606467
	[2]	From: :12000
	[2]	OriginStartTime: 1682398767.176263
	[2]	Content-Length: 6
	[2]	
	[2]	:12002
[Mon Apr 24 2023 21:59:41.607623] r LSUPDATE :12002 8 1 13 {:12010_6} 1682398781.605243 :12010 (:12002,:12008)
	[3]	353NET/1.0 LSUPDATE
	[3]	353NET/1.0 LSUPDATE
[Mon Apr 24 2023 21:59:41.607648] d LSUPDATE :12002 8 1 13 {:12010_4} 1682398781.605243 :12010 (:12002,:12008)
	[3]	TTL: 9
	[3]	Flood: 1;reason=3
	[3]	MessageID: :12002_17_1682398781.607013
	[3]	From: :12002
	[3]	From: :12002
	[2]	353NET/1.0 LSUPDATE
	[3]	OriginStartTime: 1682398767.176769
	[2]	TTL: 9
	[3]	Content-Length: 20
	[2]	Flood: 1;reason=3
	[3]	
	[2]	MessageID: :12010_4_1682398781.605728
	[3]	:12000,:12004,:12010
	[2]	From: :12010
	[2]	OriginStartTime: 1682398781.605243
	[2]	Content-Length: 13
	[2]	
	[2]	:12002,:12008
	[2]	:12002,:12008
[Mon Apr 24 2023 21:59:41.607750] d LSUPDATE :12002 8 1 6 {:12000_7} 1682398767.176263 :12000 (:12002)
[Mon Apr 24 2023 21:59:41.607775] d LSUPDATE :12002 8 1 13 {:12010_6} 1682398781.605243 :12010 (:12002,:12008)
	[3]	353NET/1.0 LSUPDATE
	[2]	353NET/1.0 LSUPDATE
	[2]	TTL: 9
.0 LSUPDATE
	[3]	TTL: 9
	[2]	TTL: 9
	[3]	Flood: 1;reason=3
	[2]	Flood: 1;reason=1
	[3]	MessageID: :12000_7_1682398781.606467
	[2]	MessageID: :12010_6_1682398781.606170
	[3]	From: :12000
	[2]	From: :12010
	[3]	OriginStartTime: 1682398767.176263
	[2]	OriginStartTime: 1682398781.605243
	[3]	Content-Length: 6
	[2]	Content-Length: 13
	[3]	
	[2]	
	[3]	:12002
	[2]	:12002,:12008
[Mon Apr 24 2023 21:59:41.607924] r LSUPDATE :12002 8 1 13 {:12004_1} 1682398770.812765 :12004 (:12002,:12006)
[Mon Apr 24 2023 21:59:41.608096] r LSUPDATE :12002 8 1 13 {:12008_8} 1682398779.153195 :12008 (:12006,:12010)
[Mon Apr 24 2023 21:59:41.608182] d LSUPDATE :12002 8 1 13 {:12010_4} 1682398781.605243 :12010 (:12002,:12008)
	[1]	353NET/1.0 LSUPDATE
	[1]	TTL: 9
	[1]	Flood: 1;reason=3
	[1]	MessageID: :12010_4_1682398781.605728
	[1]	From: :12010
	[1]	OriginStartTime: 1682398781.605243
:41.608271] r LSUPDATE :12002 8 1 13 {:12008_7} 1682398779.153195 :12008 (:12006,:12010)
	[1]	OriginStartTime: 1682398781.605243
[Mon Apr 24 2023 21:59:41.608272] d LSUPDATE :12002 8 1 13 {:12004_1} 1682398770.812765 :12004 (:12002,:12006)
	[1]	Content-Length: 13
	[1]	
r 24 2023 21:59:41.608272] d LSUPDATE :12002 8 1 13 {:12004_1} 1682398770.812765 :12004 (:12002,:12006)
	[1]	
	[1]	:12002,:12008
[Mon Apr 24 2023 21:59:41.608350] d LSUPDATE :12002 8 1 13 {:12010_6} 1682398781.605243 :12010 (:12002,:12008)
	[3]	353NET/1.0 LSUPDATE
	[3]	353NET/1.0 LSUPDATE
	[1]	353NET/1.0 LSUPDATE
	[3]	TTL: 9
	[1]	TTL: 9
	[3]	Flood: 1;reason=3
	[1]	Flood: 1;reason=1
	[3]	MessageID: :12004_11_1682398781.606459
	[1]	MessageID: :12010_6_1682398781.606170
	[3]	From: :12004
	[1]	From: :12010
	[3]	OriginStartTime: 1682398770.812765
	[1]	OriginStartTime: 1682398781.605243
	[3]	Content-Length: 13
	[1]	Content-Length: 13
	[3]	
	[1]	
	[3]	:12002,:12006
	[1]	:12002,:12008
[Mon Apr 24 2023 21:59:41.608488] d LSUPDATE :12002 8 1 13 {:12008_7} 1682398779.153195 :12008 (:12006,:12010)
	[3]	353NET/1.0 LSUPDATE
	[3]	TTL: 9
	[3]	Flood: 1;reason=1
	[3]	MessageID: :12008_7_1682398781.605534
	[3]	From: :12008
	[3]	OriginStartTime: 1682398779.153195
	[3]	Content-Length: 13
	[3]	
	[3]	:12006,:12010
[Mon Apr 24 2023 21:59:41.608577] r LSUPDATE :12002 8 1 13 {:12010_3} 1682398781.605243 :12010 (:12002,:12008)
[Mon Apr 24 2023 21:59:41.608739] d LSUPDATE :12002 8 1 13 {:12010_3} 1682398781.605243 :12010 (:12002,:12008)
	[3]	353NET/1.0 LSUPDATE
	[3]	TTL: 9
	[3]	Flood: 1;reason=1
	[3]	Flood: 1;reason=1
[Mon Apr 24 2023 21:59:41.608800] r LSUPDATE :12002 8 1 13 {:12010_8} 1682398781.605243 :12010 (:12002,:12008)
	[3]	MessageID: :12010_3_1682398781.605262
	[3]	From: :12010
	[3]	OriginStartTime: 1682398781.605243
	[3]	Content-Length: 13
	[3]	
	[3]	:12002,:12008
[Mon Apr 24 2023 21:59:41.608947] r LSUPDATE :12002 8 1 13 {:12006_1} 1682398774.885239 :12006 (:12004,:12008)
[Mon Apr 24 2023 21:59:41.609079] r LSUPDATE :12002 8 1 13 {:12008_1} 1682398779.153195 :12008 (:12006,:12010)
[Mon Apr 24 2023 21:59:41.608186] d LSUPDATE :12002 8 1 13 {:12008_8} 1682398779.153195 :12008 (:12006,:12010)
	[2]	353NET/1.0 LSUPDATE
	[2]	TTL: 9
	[2]	Flood: 1;reason=1
	[2]	MessageID: :12008_8_1682398781.605547
	[2]	From: :12008
	[2]	OriginStartTime: 1682398779.153195
	[2]	Content-Length: 13
	[2]	
	[2]	:12006,:12010
[Mon Apr 24 2023 21:59:41.609252] d LSUPDATE :12002 8 1 13 {:12010_8} 1682398781.605243 :12010 (:12002,:12008)
	[2]	353NET/1.0 LSUPDATE
	[2]	TTL: 9
	[2]	Flood: 1;reason=3
	[2]	MessageID: :12010_8_1682398781.606923
	[2]	From: :12010
	[2]	OriginStartTime: 1682398781.605243
	[2]	Content-Length: 13
	[2]	
	[2]	:12002,:12008
[Mon Apr 24 2023 21:59:41.609350] r LSUPDATE :12002 8 1 20 {:12002_1} 1682398767.176769 :12002 (:12000,:12004,:12010)
[Mon Apr 24 2023 21:59:41.609350] r LSUPDATE :12002 8 1 20 {:12002_1} 1682398767.176769 :12002 (:12000,:12004,:12010)
[Mon Apr 24 2023 21:59:41.609100] d LSUPDATE :12002 8 1 13 {:12006_1} 1682398774.885239 :12006 (:12004,:12008)
[Mon Apr 24 2023 21:59:41.609350] r LSUPDATE :12002 8 1 20 {:12002_1} 1682398767.176769 :12002 (:12000,:12004,:12010)
[Mon Apr 24 2023 21:59:41.609100] d LSUPDATE :12002 8 1 13 {:12006_1} 1682398774.885239 :12006 (:12004,:12008)
[Mon Apr 24 2023 21:59:41.609361] d LSUPDATE :12002 8 1 13 {:12008_1} 1682398779.153195 :12008 (:12006,:12010)
	[3]	353NET/1.0 LSUPDATE
	[3]	353NET/1.0 LSUPDATE
	[2]	353NET/1.0 LSUPDATE
	[3]	TTL: 9
	[2]	TTL: 9
[Mon Apr 24 2023 21:59:41.608491] d LSUPDATE :12002 8 1 13 {:12004_1} 1682398770.812765 :12004 (:12002,:12006)
	[3]	Flood: 1	[3]	Flood: 1;reason=3
	[2]	Flood: 1;reason=3
	[3]	MessageID: :12006_10_1682398781.607012
	[2]	MessageID: :12008_10_1682398781.606252
	[3]	From: :12006
	[2]	From: :12008
	[3]	OriginStartTime: 1682398774.885239
	[2]	OriginStartTime: 1682398779.153195
	[3]	Content-Length: 13
2398779.15319	[3]	
ntent-Length: 13
2398779.15319	[3]	
ntent-Length: 13
	[1]	Fl	[2]	
ood: 1;reason=3
	[1]	Me	[1]	MessageID: :120	[2]	:12006,:12010
04_11_1682398781.606459
	[2]	:12006,:12010
	[1]	From: :12004
	[1]	OriginStartTime: 1682398770.812765
	[1]	Content-Length: 13
	[1]	
	[1]	:12002,:12006
[Mon Apr 24 2023 21:59:41.609556] d LSUPDATE :12002 8 1 13 {:12008_8} 1682398779.153195 :12008 (:12006,:12010)
	[1]	353NET/1.0 LSUPDATE
	[1]	TTL: 9
	[1]	Flood: 1;reason=1
	[1]	MessageID: :12008_8_1682398781.605547
	[1]	From: :12008
	[1]	OriginStartTime: 1682398779.153195
	[1]	Content-Length: 13
	[1]	
	[1]	:12006,:12010
[Mon Apr 24 2023 21:59:41.609665] d LSUPDATE :12002 8 1 13 {:12008_7} 1682398779.153195 :12008 (:12006,:12010)
	[1]	353NET/1.0 LSUPDATE
	[1]	TTL: 9
	[1]	Flood: 1;reason=1
	[1]	MessageID: :12008_7_1682398781.605534
	[1]	From: :12008
	[1]	OriginStartTime: 1682398779.153195
	[1]	Content-Length: 13
	[1]	
	[1]	:12006,:12010
[Mon Apr 24 2023 21:59:41.609764] d LSUPDATE :12002 8 1 13 {:12010_3} 1682398781.605243 :12010 (:12002,:12008)
	[1]	353NET/1.0 LSUPDATE
	[1]	TTL: 9
	[1]	Flood: 1;reason=1
	[1]	MessageID: :12010_3_1682398781.605262
	[1]	From: :12010
	[1]	OriginStartTime: 1682398781.605243
	[1]	Content-Length: 13
	[1]	
	[1]	:12002,:12008
[Mon Apr 24 2023 21:59:41.609865] d LSUPDATE :12002 8 1 13 {:12010_8} 1682398781.605243 :12010 (:12002,:12008)
	[1]	353NET/1.0 LSUPDATE
	[1]	TTL: 9
	[1]	Flood: 1;reason=3
	[1]	MessageID: :12010_8_1682398781.606923
	[1]	From: :12010
	[1]	OriginStartTime: 1682398781.605243
	[1]	Content-Length: 13
	[1]	
	[1]	:12002,:12008
[Mon Apr 24 2023 21:59:41.610051] d LSUPDATE :12002 8 1 13 {:12006_1} 1682398774.885239 :12006 (:12004,:12008)
	[1]	353NET/1.0 LSUPDATE
	[1]	TTL: 9
	[1]	Flood: 1;reason=3
	[1]	MessageID: :12006_10_1682398781.607012
	[1]	From: :12006
	[1]	OriginStartTime: 1682398774.885239
	[1]	Content-Length: 13
	[1]	
	[1]	:12004,:12008
[Mon Apr 24 2023 21:59:41.610176] d LSUPDATE :12002 8 1 13 {:12008_1} 1682398779.153195 :12008 (:12006,:12010)
	[1]	353NET/1.0 LSUPDATE
	[1]	TTL: 9
	[1]	Flood: 1;reason=3
	[1]	MessageID: :12008_10_1682398781.606252
	[1]	From: :12008
	[1]	OriginStartTime: 1682398779.153195
	[1]	Content-Length: 13
	[1]	
	[1]	:12006,:12010
[Mon Apr 24 2023 21:59:41.610539] r LSUPDATE :12002 8 1 13 {:12006_1} 1682398774.885239 :12006 (:12004,:12008)
[Mon Apr 24 2023 21:59:41.610597] d LSUPDATE :12002 8 1 13 {:12006_1} 1682398774.885239 :12006 (:12004,:12008)
	[1]	353NET/1.0 LSUPDATE
	[1]	TTL: 9
	[1]	Flood: 1;reason=3
	[1]	MessageID: :12006_11_1682398781.607022
	[1]	From: :12006
	[1]	OriginStartTime: 1682398774.885239
	[1]	Content-Length: 13
	[1]	
	[1]	:12004,:12008
[Mon Apr 24 2023 21:59:41.610964] r LSUPDATE :12002 8 1 13 {:12010_1} 1682398781.605243 :12010 (:12002,:12008)
[Mon Apr 24 2023 21:59:41.611020] d LSUPDATE :12002 8 1 13 {:12010_1} 1682398781.605243 :12010 (:12002,:12008)
	[1]	353NET/1.0 LSUPDATE
	[1]	TTL: 9
	[1]	Flood: 1;reason=3
	[1]	MessageID: :12010_10_1682398781.609738
	[1]	From: :12010
	[1]	OriginStartTime: 1682398781.605243
	[1]	Content-Length: 13
	[1]	
	[1]	:12002,:12008
[Mon Apr 24 2023 21:59:41.611376] r LSUPDATE :12002 8 1 13 {:12010_1} 1682398781.605243 :12010 (:12002,:12008)
[Mon Apr 24 2023 21:59:41.611523] d LSUPDATE :12002 8 1 13 {:12010_1} 1682398781.605243 :12010 (:12002,:12008)
	[1]	353NET/1.0 LSUPDATE
	[1]	TTL: 9
	[1]	Flood: 1;reason=3
	[1]	MessageID: :12010_12_1682398781.609996
	[1]	From: :12010
	[1]	OriginStartTime: 1682398781.605243
	[1]	Content-Length: 13
	[1]	
	[1]	:12002,:12008
[Mon Apr 24 2023 21:59:41.611743] r LSUPDATE :12002 8 1 13 {:12010_1} 1682398781.605243 :12010 (:12002,:12008)
[Mon Apr 24 2023 21:59:41.611809] d LSUPDATE :12002 8 1 13 {:12010_1} 1682398781.605243 :12010 (:12002,:12008)
	[1]	353NET/1.0 LSUPDATE
	[1]	TTL: 9
	[1]	Flood: 1;reason=3
	[1]	MessageID: :12010_14_1682398781.610713
	[1]	From: :12010
	[1]	OriginStartTime: 1682398781.605243
	[1]	Content-Length: 13
	[1]	
	[1]	:12002,:12008
[Mon Apr 24 2023 21:59:41.612045] d LSUPDATE :12002 8 1 13 {:12006_1} 1682398774.885239 :12006 (:12004,:12008)
	[2]	353NET/1.0 LSUPDATE
	[2]	TTL: 9
	[2]	Flood: 1;reason=3
	[2]	MessageID: :12006_11_1682398781.607022
	[2]	From: :12006
	[2]	OriginStartTime: 1682398774.885239
	[2]	Content-Length: 13
	[2]	
ntent-Length: 13
[Mon Apr 24 2023 21:59:41.612160] r LSUPDATE :12002 8 1 13 {:12004_1} 1682398770.812765 :12004 (:12002,:12006)
	[2]	
	[2]	:12004,:12008
[Mon Apr 24 2023 21:59:41.612211] d LSUPDATE :12002 8 1 13 {:12010_1} 1682398781.605243 :12010 (:12002,:12008)
[Mon Apr 24 2023 21:59:41.612219] d LSUPDATE :12002 8 1 13 {:12004_1} 1682398770.812765 :12004 (:12002,:12006)
	[2]	353NET/1.0 LSUPDATE
	[2]	TTL: 9
	[2]	TTL: 9
	[1]	353NET/1.0 LSUPDATE
	[2]	Flood: 1;reason=3
	[1]	TTL: 9
	[2]	MessageID: :12010_10_1682398781.609738
	[1]	Flood: 1;reason=3
	[2]	From: :12010
	[1]	MessageID: :12004_12_1682398781.606472
	[2]	OriginStartTime: 1682398781.605243
	[1]	From: :12004
	[2]	Content-Length: 13
	[1]	OriginStartTime: 1682398770.812765
	[2]	
	[1]	Content-Length: 13
	[2]	:12002,:12008
	[1]	
	[1]	:12002,:12006
[Mon Apr 24 2023 21:59:41.612345] d LSUPDATE :12002 8 1 13 {:12010_1} 1682398781.605243 :12010 (:12002,:12008)
	[2]	353NET/1.0 LSUPDATE
	[2]	TTL: 9
	[2]	Flood: 1;reason=3
	[2]	MessageID: :12010_12_1682398781.609996
	[2]	From: :12010
	[2]	OriginStartTime: 1682398781.605243
	[2]	Content-Length: 13
	[2]	
	[2]	:12002,:12008
[Mon Apr 24 2023 21:59:41.612447] d LSUPDATE :12002 8 1 13 {:12010_1} 1682398781.605243 :12010 (:12002,:12008)
	[2]	353NET/1.0 LSUPDATE
	[2]	TTL: 9
	[2]	Flood: 1;reason=3
	[2]	MessageID: :12010_14_1682398781.610713
	[2]	From: :12010
	[2]	OriginStartTime: 1682398781.605243
	[2]	Content-Length: 13
	[2]	
	[2]	:12002,:12008
[Mon Apr 24 2023 21:59:41.612545] d LSUPDATE :12002 8 1 13 {:12004_1} 1682398770.812765 :12004 (:12002,:12006)
	[2]	353NET/1.0 LSUPDATE
	[2]	TTL: 9
	[2]	Flood: 1;reason=3
	[2]	MessageID: :12004_12_1682398781.606472
	[2]	From: :12004
	[2]	OriginStartTime: 1682398770.812765
	[2]	Content-Length: 13
	[2]	
	[2]	:12002,:12006
[Mon Apr 24 2023 21:59:41.612861] r LSUPDATE :12002 8 1 13 {:12008_9} 1682398779.153195 :12008 (:12006,:12010)
[Mon Apr 24 2023 21:59:41.613026] d LSUPDATE :12002 8 1 13 {:12008_9} 1682398779.153195 :12008 (:12006,:12010)
	[1]	353NET/1.0 LSUPDATE
	[1]	TTL: 9
	[1]	Flood: 1;reason=3
	[1]	MessageID: :12008_9_1682398781.606244
	[1]	From: :12008
	[1]	OriginStartTime: 1682398779.153195
	[1]	Content-Length: 13
	[1]	
	[1]	:12006,:12010
[Mon Apr 24 2023 21:59:41.613240] r LSUPDATE :12002 8 1 20 {:12002_1} 1682398767.176769 :12002 (:12000,:12004,:12010)
[Mon Apr 24 2023 21:59:41.613671] r LSUPDATE :12002 8 1 20 {:12002_1} 1682398767.176769 :12002 (:12000,:12004,:12010)
[Mon Apr 24 2023 21:59:41.613938] r LSUPDATE :12002 8 1 13 {:12010_5} 1682398781.605243 :12010 (:12002,:12008)
[Mon Apr 24 2023 21:59:41.614204] r LSUPDATE :12002 8 1 13 {:12010_7} 1682398781.605243 :12010 (:12002,:12008)
[Mon Apr 24 2023 21:59:41.614401] d LSUPDATE :12002 8 1 13 {:12010_5} 1682398781.605243 :12010 (:12002,:12008)
	[1]	353NET/1.0 LSUPDATE
	[1]	TTL: 9
.0 LSUPDATE
[Mon Apr 24 2023 21:59:41.614464] r LSUPDATE :12002 8 1 13 {:12010_9} 1682398781.605243 :12010 (:12002,:12008)
	[1]	TTL: 9
	[1]	Flood: 1;reason=3
	[1]	MessageID: :12010_5_1682398781.605746
	[1]	MessageID: :12010_5_1682398781.605746
[Mon Apr 24 2023 21:59:41.614710] d LSUPDATE :12002 8 1 13 {:12008_9} 1682398779.153195 :12008 (:12006,:12010)
	[1]	From: :12010
	[1]	OriginStartTime: 1682398781.605243
	[1]	Content-Length: 13
	[1]	
	[1]	
	[3]	353NET/1.0 LSUPDATE
	[1]	:12002,:12008
	[3]	TTL: 9
	[3]	Flood: 1;reason=3
	[3]	MessageID: :12008_9_1682398781.606244
	[3]	From: :12008
	[3]	OriginStartTime: 1682398779.153195
	[3]	Content-Length: 13
	[3]	
	[3]	
[Mon Apr 24 2023 21:59:41.614847] d LSUPDATE :12002 8 1 13 {:12010_7} 1682398781.605243 :12010 (:12002,:12008)
	[3]	:12006,:12010
[Mon Apr 24 2023 21:59:41.614902] d LSUPDATE :12002 8 1 13 {:12010_5} 1682398781.605243 :12010 (:12002,:12008)
	[1]	353NET/1.0 LSUPDATE
	[1]	TTL: 9
	[1]	Flood: 1;reason=1
	[1]	MessageID: :12010_7_1682398781.606181
DATE
	[1]	MessageID: :12010_7_1682398781.606181
	[3]	TTL: 9
	[1]	From: :12010
	[3]	Flood: 1;reason=3
	[1]	OriginStartTime: 1682398781.605243
	[3]	MessageID: :12010_5_1682398781.605746
	[1]	Content-Length: 13
	[3]	From: :12010
	[1]	
	[3]	OriginStartTime: 1682398781.605243
	[1]	:12002,:12008
	[3]	Content-Length: 13
	[3]	
	[3]	:12002,:12008
[Mon Apr 24 2023 21:59:41.615015] d LSUPDATE :12002 8 1 13 {:12010_9} 1682398781.605243 :12010 (:12002,:12008)
[Mon Apr 24 2023 21:59:41.615030] d LSUPDATE :12002 8 1 13 {:12010_7} 1682398781.605243 :12010 (:12002,:12008)
	[1]	353NET/1.0 LSUPDATE
	[1]	353NET/1.0 LSUPDATE
	[3]	353NET/1.0 LSUPDATE
	[3]	TTL: 9
	[3]	TTL: 9
	[1]	Flood: 1;reason=3
	[3]	Flood: 1;reason=1
	[1]	MessageID: :12010_9_1682398781.606933
	[3]	MessageID: :12010_7_1682398781.606181
	[1]	From: :12010
	[1]	OriginStartTim	[1]	OriginStartTime: 1682398781.605243
	[3]	OriginStartTime: 1682398781.605243
	[1]	Content-Length: 13
	[1]	
ntent-Length: 13
	[1]	
	[3]	
	[1]	:12002,:12008
	[3]	:12002,:12008
[Mon Apr 24 2023 21:59:41.615168] d LSUPDATE :12002 8 1 13 {:12010_9} 1682398781.605243 :12010 (:12002,:12008)
	[3]	353NET/1.0 LSUPDATE
	[3]	TTL: 9
	[3]	Flood: 1;reason=3
	[3]	MessageID: :12010_9_1682398781.606933
	[3]	From: :12010
	[3]	OriginStartTime: 1682398781.605243
	[3]	Content-Length: 13
	[3]	
	[3]	:12002,:12008
[Mon Apr 24 2023 21:59:41.658841] r LSUPDATE :12002 8 1 20 {:12002_1} 1682398767.176769 :12002 (:12000,:12004,:12010)
[Mon Apr 24 2023 21:59:41.659158] r LSUPDATE :12002 8 1 13 {:12010_1} 1682398781.605243 :12010 (:12002,:12008)
[Mon Apr 24 2023 21:59:41.659364] d LSUPDATE :12002 8 1 13 {:12010_1} 1682398781.605243 :12010 (:12002,:12008)
[Mon Apr 24 2023 21:59:41.659366] d LSUPDATE :12002 8 1 13 {:12010_1} 1682398781.605243 :12010 (:12002,:12008)
[Mon Apr 24 2023 21:59:41.659462] r LSUPDATE :12002 8 1 13 {:12010_1} 1682398781.605243 :12010 (:12002,:12008)
[Mon Apr 24 2023 21:59:41.659366] d LSUPDATE :12002 8 1 13 {:12010_1} 1682398781.605243 :12010 (:12002,:12008)
	[3]	353NET/1.0 LSUPDATE
	[3]	TTL: 9
	[3]	Flood: 1;reason=3
	[3]	MessageID: :12010_11_1682398781.609749
	[1]	353NET/1.0 LSUPDATE
	[1]	353NET/1.0 LSUPDATE
	[3]	From: :12010
	[1]	TTL: 9
	[3]	OriginStartTime: 1682398781.605243
	[1]	Flood: 1;reason=3
	[3]	Content-Length: 13
	[1]	MessageID: :12010_11_1682398781.609749
	[1]	Fr	[1]	From: :12010
	[1]	OriginStartTime: 1682398781.605243
ATE :12002 8 1 13 {:12010_1} 1682398781.605243 :12010 (:12002,:12008)
	[1]	OriginStartTime: 1682398781.605243
ATE :12002 8 1 13 {:12010_1} 1682398781.605243 :12010 (:12002,:12008)
	[3]	:12002,:12008
	[1]	OriginStartTime: 1682398781.605243
	[1]	Content-Length: 13
	[1]	
	[1]	:12002,:12008
[Mon Apr 24 2023 21:59:41.659742] d LSUPDATE :12002 8 1 13 {:12010_1} 1682398781.605243 :12010 (:12002,:12008)
[Mon Apr 24 2023 21:59:41.659756] d LSUPDATE :12002 8 1 13 {:12010_1} 1682398781.605243 :12010 (:12002,:12008)
	[1]	353NET/1.0 LSUPDATE
	[1]	TTL: 9
.0 LSUPDATE
	[3]	353NET/1.0 LSUPDATE
	[1]	TTL: 9
	[1]	Flood: 1	[1]	Flood: 1;reason=3
	[1]	MessageID: :12010_1	[1]	MessageID: :12010_13_1682398781.610006
	[1]	From: :12010
010_13_1682398781.610006
	[1]	From: :12010
	[1]	OriginStartTim	[1]	OriginStartTime: 1682398781.605243
	[1]	Content-Length: 13
2398781.605243
	[1]	Content-Length: 13
	[1]	
ntent-Length: 13
	[1]	
	[1]	:1	[1]	:12002,:12008
	[3]	:12002,:12008
[Mon Apr 24 2023 21:59:41.659873] d LSUPDATE :12002 8 1 13 {:12010_1} 1682398781.605243 :12010 (:12002,:12008)
[Mon Apr 24 2023 21:59:41.659879] d LSUPDATE :12002 8 1 13 {:12010_1} 1682398781.605243 :12010 (:12002,:12008)
[Mon Apr 24 2023 21:59:41.659879] d LSUPDATE :12002 8 1 13 {:12010_1} 1682398781.605243 :12010 (:12002,:12008)
	[1]	353NET/1.0 LSUPDATE
	[1]	TTL: 9
	[1]	Flood: 1;reason=3
	[1]	MessageID: :12010_15_1682398781.610727
	[1]	From: :12010
	[1]	OriginStartTime: 1682398781.605243
TE
	[1]	OriginStartTime: 1682398781.605243
	[1]	Content-	[1]	Content-Length: 13
	[1]	
ood: 1;reason=3
	[1]	
	[3]	MessageID: :12010_15_1682398781.610727
	[1]	:12002,:12008
	[3]	From: :12010
	[3]	OriginStartTime: 1682398781.605243
	[3]	Content-Length: 13
	[3]	
	[3]	:12002,:12008
[Mon Apr 24 2023 21:59:49.888843] r UCASTAPP :12002 0 - 42 {:12000_1} :12000 :12008 0 353UDT/1.0 PING :12000_8_1682398789.888313
[Mon Apr 24 2023 21:59:49.889005] i UCASTAPP :12002 9 - 45 {:12002_1} :12002 :12000 1 353UDT/1.0 TTLZERO :12000_8_1682398789.888313
	[1]	353NET/1.0 UCASTAPP
	[1]	TTL: 9
	[1]	Flood: 0
	[1]	MessageID: :12002_19_1682398789.888965
	[1]	From: :12002
	[1]	To: :12000
	[1]	Next-Layer: 1
	[1]	Content-Length: 45
	[1]	
	[1]	353UDT/1.0 TTLZERO :12000_8_1682398789.888313
[Mon Apr 24 2023 21:59:52.990563] r UCASTAPP :12002 1 - 43 {:12000_2} :12000 :12008 1 353UDT/1.0 PING :12000_11_1682398792.989543
[Mon Apr 24 2023 21:59:52.991016] f UCASTAPP :12002 1 - 43 {:12000_2} :12000 :12008 1 353UDT/1.0 PING :12000_11_1682398792.989543
	[3]	353NET/1.0 UCASTAPP
	[3]	TTL: 1
	[3]	Flood: 0
	[3]	MessageID: :12000_20_1682398792.990539
	[3]	From: :12000
	[3]	To: :12008
	[3]	Next-Layer: 1
	[3]	Content-Length: 43
	[3]	
	[3]	353UDT/1.0 PING :12000_11_1682398792.989543
[Mon Apr 24 2023 21:59:52.992548] r UCASTAPP :12002 8 - 46 {:12010_2} :12010 :12000 0 353UDT/1.0 TTLZERO :12000_11_1682398792.989543
[Mon Apr 24 2023 21:59:52.992983] f UCASTAPP :12002 8 - 46 {:12010_2} :12010 :12000 0 353UDT/1.0 TTLZERO :12000_11_1682398792.989543
	[1]	353NET/1.0 UCASTAPP
	[1]	TTL: 8
	[1]	Flood: 0
	[1]	MessageID: :12010_21_1682398792.992529
	[1]	From: :12010
	[1]	To: :12000
	[1]	Next-Layer: 1
	[1]	Content-Length: 46
	[1]	
	[1]	353UDT/1.0 TTLZERO :12000_11_1682398792.989543
[Mon Apr 24 2023 21:59:54.227378] i UCASTAPP :12002 1 - 43 {:12002_2} :12002 :12008 1 353UDT/1.0 PING :12002_22_1682398794.226992
	[3]	353NET/1.0 UCASTAPP
	[3]	TTL: 1
	[3]	Flood: 0
	[3]	MessageID: :12002_23_1682398794.227180
	[3]	From: :12002
	[3]	To: :12008
	[3]	Next-Layer: 1
	[3]	Content-Length: 43
	[3]	
	[3]	353UDT/1.0 PING :12002_22_1682398794.226992
[Mon Apr 24 2023 21:59:54.228956] r UCASTAPP :12002 8 - 46 {:12010_2} :12010 :12002 0 353UDT/1.0 TTLZERO :12002_22_1682398794.226992
[Mon Apr 24 2023 21:59:56.091008] r UCASTAPP :12002 2 - 43 {:12000_2} :12000 :12008 0 353UDT/1.0 PING :12000_14_1682398796.090614
[Mon Apr 24 2023 21:59:56.091154] f UCASTAPP :12002 2 - 43 {:12000_2} :12000 :12008 0 353UDT/1.0 PING :12000_14_1682398796.090614
	[3]	353NET/1.0 UCASTAPP
	[3]	TTL: 2
	[3]	Flood: 0
	[3]	MessageID: :12000_25_1682398796.090999
	[3]	From: :12000
	[3]	To: :12008
	[3]	Next-Layer: 1
	[3]	Content-Length: 43
	[3]	
	[3]	353UDT/1.0 PING :12000_14_1682398796.090614
[Mon Apr 24 2023 21:59:56.141555] r UCASTAPP :12002 7 - 43 {:12008_2} :12008 :12000 1 353UDT/1.0 PONG :12000_14_1682398796.090614
[Mon Apr 24 2023 21:59:56.142007] f UCASTAPP :12002 7 - 43 {:12008_2} :12008 :12000 1 353UDT/1.0 PONG :12000_14_1682398796.090614
	[1]	353NET/1.0 UCASTAPP
	[1]	TTL: 7
	[1]	Flood: 0
	[1]	MessageID: :12008_26_1682398796.141536
	[1]	From: :12008
	[1]	To: :12000
	[1]	Next-Layer: 1
	[1]	Content-Length: 43
	[1]	
	[1]	353UDT/1.0 PONG :12000_14_1682398796.090614
[Mon Apr 24 2023 21:59:57.329010] i UCASTAPP :12002 2 - 43 {:12002_2} :12002 :12008 1 353UDT/1.0 PING :12002_27_1682398797.328388
	[3]	353NET/1.0 UCASTAPP
	[3]	TTL: 2
	[3]	Flood: 0
	[3]	MessageID: :12002_28_1682398797.328773
	[3]	From: :12002
	[3]	To: :12008
	[3]	Next-Layer: 1
	[3]	Content-Length: 43
	[3]	
	[3]	353UDT/1.0 PING :12002_27_1682398797.328388
[Mon Apr 24 2023 21:59:57.332798] r UCASTAPP :12002 7 - 43 {:12008_2} :12008 :12002 1 353UDT/1.0 PONG :12002_27_1682398797.328388
[Mon Apr 24 2023 22:00:01.764697] r UCASTAPP :12002 0 - 43 {:12006_3} :12006 :12000 0 353UDT/1.0 PING :12006_15_1682398801.762302
[Mon Apr 24 2023 22:00:01.765271] i UCASTAPP :12002 9 - 46 {:12002_3} :12002 :12006 1 353UDT/1.0 TTLZERO :12006_15_1682398801.762302
	[2]	353NET/1.0 UCASTAPP
	[2]	TTL: 9
	[2]	Flood: 0
	[2]	MessageID: :12002_31_1682398801.765075
	[2]	From: :12002
	[2]	To: :12006
	[2]	Next-Layer: 1
	[2]	Content-Length: 46
	[2]	
	[2]	353UDT/1.0 TTLZERO :12006_15_1682398801.762302
[Mon Apr 24 2023 22:00:04.865459] r UCASTAPP :12002 1 - 43 {:12006_3} :12006 :12000 0 353UDT/1.0 PING :12006_18_1682398804.863342
[Mon Apr 24 2023 22:00:04.865971] f UCASTAPP :12002 1 - 43 {:12006_3} :12006 :12000 0 353UDT/1.0 PING :12006_18_1682398804.863342
	[1]	353NET/1.0 UCASTAPP
	[1]	TTL: 1
	[1]	Flood: 0
	[1]	MessageID: :12006_32_1682398804.865436
	[1]	From: :12006
	[1]	To: :12000
	[1]	Next-Layer: 1
	[1]	Content-Length: 43
	[1]	
	[1]	353UDT/1.0 PING :12006_18_1682398804.863342
[Mon Apr 24 2023 22:00:04.867509] r UCASTAPP :12002 8 - 43 {:12000_3} :12000 :12006 0 353UDT/1.0 PONG :12006_18_1682398804.863342
[Mon Apr 24 2023 22:00:04.867926] f UCASTAPP :12002 8 - 43 {:12000_3} :12000 :12006 0 353UDT/1.0 PONG :12006_18_1682398804.863342
	[2]	353NET/1.0 UCASTAPP
	[2]	TTL: 8
	[2]	Flood: 0
	[2]	MessageID: :12000_33_1682398804.867489
	[2]	From: :12000
	[2]	To: :12006
	[2]	Next-Layer: 1
	[2]	Content-Length: 43
	[2]	
	[2]	353UDT/1.0 PONG :12006_18_1682398804.863342
[Mon Apr 24 2023 22:00:20.571106] i LSUPDATE :12002 9 1 20 {:12002_3} 1682398767.176769 :12002 (:12000,:12004,:12010)
[Mon Apr 24 2023 22:00:20.571186] i LSUPDATE :12002 9 1 20 {:12002_3} 1682398767.176769 :12002 (:12000,:12004,:12010)
[Mon Apr 24 2023 22:00:20.571254] i LSUPDATE :12002 9 1 20 {:12002_3} 1682398767.176769 :12002 (:12000,:12004,:12010)
	[2]	353NET/1.0 LSUPDATE
	[2]	TTL: 9
	[2]	Flood: 1;reason=2
	[2]	MessageID: :12002_35_1682398820.571061
	[2]	From: :12002
	[2]	OriginStartTime: 1682398767.176769
	[2]	Content-Length: 20
	[2]	
	[2]	:12000,:12004,:12010
	[1]	353NET/1.0 LSUPDATE
571406] Socket-writing thread has terminated
682398767.176769 :12002 (:	[1]	353NET/1.0 LSUPDATE
571406] Socket-writing thread has terminated
682398767.176769 :12002 (:	[3]	353NET/1.0 LSUPDATE
	[1]	TTL: 9
	[3]	TTL: 9
	[1]	Flood: 1;reason=2
	[3]	Flood: 1;reason=2
	[1]	MessageID: :12002_34_1682398820.570948
	[3]	MessageID: :12002_36_1682398820.571133
	[1]	From: :12002
	[3]	From: :12002
	[1]	OriginStartTime: 1682398767.176769
	[3]	OriginStartTime: 1682398767.176769
	[1]	Content-Length: 20
	[3]	Content-Length: 20
	[1]	
	[3]	
	[1]	:12000,:12004,:12010
	[3]	:12000,:12004,:12010
[Mon Apr 24 2023 22:00:20.572248] r LSUPDATE :12002 8 1 6 {:12000_1} 1682398767.176263 :12000 (:12002)
[Mon Apr 24 2023 22:00:20.572271] Socket-reading thread has joined with socket-writing thread
[Mon Apr 24 2023 22:00:20.572600] d LSUPDATE :12002 8 1 6 {:12000_1} 1682398767.176263 :12000 (:12002)
	[3]	353NET/1.0 LSUPDATE
	[3]	TTL: 9
	[3]	Flood: 1;reason=3
	[3]	MessageID: :12000_19_1682398820.571720
	[3]	From: :12000
	[3]	OriginStartTime: 1682398767.176263
	[3]	Content-Length: 6
	[3]	
	[3]	:12002
[Mon Apr 24 2023 22:00:20.573736] r LSUPDATE :12002 8 1 6 {:12004_2} 1682398770.812765 :12004 (:12006)
[Mon Apr 24 2023 22:00:20.573994] d LSUPDATE :12002 8 1 6 {:12004_2} 1682398770.812765 :12004 (:12006)
[Mon Apr 24 2023 22:00:20.574093] i LSUPDATE :12002 9 1 13 {:12002_3} 1682398767.176769 :12002 (:12000,:12010)
	[1]	353NET/1.0 LSUPDATE
	[1]	TTL: 9
	[1]	Flood: 1;reason=2
	[1]	MessageID: :12004_21_1682398820.571026
	[1]	From: :12004
	[1]	OriginStartTime: 1682398770.812765
	[1]	Content-Length: 6
	[1]	
	[1]	:12006
[Mon Apr 24 2023 22:00:20.574213] i LSUPDATE :12002 9 1 13 {:12002_3} 1682398767.176769 :12002 (:12000,:12010)
	[3]	353NET/1.0 LSUPDATE
	[3]	353NET/1.0 LSUPDATE
	[1]	353NET/1.0 LSUPDATE
	[1]	TTL: 9
	[1]	TTL: 9
	[1]	Flood: 1;reason=3
	[1]	Flood: 1;reason=3
	[3]	MessageID: :12002_38_1682398820.573922
	[1]	MessageID: :12002_37_1682398820.573881
	[1]	From: :12002
	[1]	From: :12002
	[1]	OriginStartTime: 1682398767.176769
	[1]	OriginStartTime: 1682398767.176769
	[1]	Content-Length: 13
	[1]	Content-Length: 13
	[1]	
	[1]	
	[3]	:12000,:12010
	[1]	:12000,:12010
[Mon Apr 24 2023 22:00:20.574736] r LSUPDATE :12002 8 1 13 {:12006_2} 1682398774.885239 :12006 (:12004,:12008)
[Mon Apr 24 2023 22:00:20.574962] d LSUPDATE :12002 8 1 13 {:12006_2} 1682398774.885239 :12006 (:12004,:12008)
[Mon Apr 24 2023 22:00:20.574987] i LSUPDATE :12002 9 1 13 {:12002_4} 1682398767.176769 :12002 (:12000,:12010)
	[1]	353NET/1.0 LSUPDATE
	[1]	TTL: 9
	[1]	Flood: 1;reason=2
	[1]	MessageID: :12006_25_1682398820.571821
	[1]	From: :12006
	[1]	OriginStartTime: 1682398774.885239
	[1]	Content-Length: 13
	[1]	
	[1]	:12004,:12008
[Mon Apr 24 2023 22:00:20.575116] i LSUPDATE :12002 9 1 13 {:12002_3} 1682398767.176769 :12002 (:12000,:12010)
	[1]	353NET/1.0 LSUPDATE
	[1]	TTL: 9
	[1]	Flood: 1;reason=3
	[1]	MessageID: :12002_39_1682398820.574870
	[1]	From: :12002
	[1]	OriginStartTime: 1682398767.176769
	[1]	Content-Length: 13
2398767.176769
	[3]	353NET/1.0 LSUPDATE
	[1]	Content-Length: 13
	[3]	TTL: 9
	[1]	
	[3]	Flood: 1;reason=3
	[1]	:12000,:12010
	[3]	MessageID: :12002_40_1682398820.574881
	[3]	From: :12002
	[3]	OriginStartTime: 1682398767.176769
	[3]	Content-Length: 13
	[3]	
	[3]	:12000,:12010
[Mon Apr 24 2023 22:00:20.575497] r LSUPDATE :12002 8 1 13 {:12010_2} 1682398781.605243 :12010 (:12002,:12008)
[Mon Apr 24 2023 22:00:20.575708] d LSUPDATE :12002 8 1 13 {:12010_2} 1682398781.605243 :12010 (:12002,:12008)
	[1]	353NET/1.0 LSUPDATE
	[1]	TTL: 9
	[1]	Flood: 1;reason=3
	[1]	MessageID: :12010_24_1682398820.574867
	[1]	From: :12010
	[1]	OriginStartTime: 1682398781.605243
	[1]	Content-Length: 13
	[1]	
	[1]	:12002,:12008
[Mon Apr 24 2023 22:00:20.575903] i LSUPDATE :12002 9 1 13 {:12002_4} 1682398767.176769 :12002 (:12000,:12010)
	[1]	353NET/1.0 LSUPDATE
	[1]	TTL: 9
	[1]	Flood: 1;reason=3
	[1]	MessageID: :12002_41_1682398820.575613
ATE
	[1]	MessageID: :12002_41_1682398820.575613
	[1]	From: :1	[1]	From: :12002
	[1]	OriginStartTime: 16	[1]	OriginStartTime: 1682398767.176769
	[1]	Content-Length: 13
_1682398820.575623
	[1]	Content-Length: 13
	[1]	
om: :12002
	[1]	
	[1]	:12000,:12010
: 1682398767.176769
	[1]	:12tent-Length:	[3]	Content-Length: 13
	[3]	
	[3]	:12000,:12010
[Mon Apr 24 2023 22:00:20.620074] r LSUPDATE :12002 8 1 6 {:12000_2} 1682398767.176263 :12000 (:12002)
[Mon Apr 24 2023 22:00:20.620390] d LSUPDATE :12002 8 1 6 {:12000_2} 1682398767.176263 :12000 (:12002)
[Mon Apr 24 2023 22:00:20.620441] i LSUPDATE :12002 9 1 13 {:12002_4} 1682398767.176769 :12002 (:12000,:12010)
[Mon Apr 24 2023 22:00:20.620441] i LSUPDATE :12002 9 1 13 {:12002_4} 1682398767.176769 :12002 (:12000,:12010)
	[3]	353NET/1.0 LSUPDATE
	[3]	TTL: 9
	[3]	Flood: 1;reason=3
	[3]	MessageID: :12000_20_1682398820.619328
	[3]	From: :12000
	[3]	OriginStartTime: 1682398767.176263
	[3]	Content-Length: 6
	[3]	
	[3]	:12002
[Mon Apr 24 2023 22:00:20.620626] i LSUPDATE :12002 9 1 13 {:12002_4} 1682398767.176769 :12002 (:12000,:12010)
	[3]	353NET/1.0 LSUPDATE
	[3]	TTL: 9
	[3]	Flood: 1;reason=3
	[3]	MessageID: :12002_44_1682398820.620353
	[3]	From: :12002
	[3]	OriginStartTime: 1682398767.176769
	[3]	Content-Length: 13
	[3]	
	[3]	:12000,:12010
	[3]	:12000,:12010
	[1]	353NET/1.0 LSUPDATE
	[1]	TTL: 9
	[1]	Flood: 1;reason=3
	[1]	MessageID: :12002_43_1682398820.620265
	[1]	From: :12002
	[1]	OriginStartTime: 1682398767.176769
	[1]	Content-Length: 13
	[1]	
	[1]	:12000,:12010
[Mon Apr 24 2023 22:00:20.621618] r LSUPDATE :12002 8 1 6 {:12000_2} 1682398767.176263 :12000 (:12002)
[Mon Apr 24 2023 22:00:20.621858] d LSUPDATE :12002 8 1 6 {:12000_2} 1682398767.176263 :12000 (:12002)
	[3]	353NET/1.0 LSUPDATE
	[3]	TTL: 9
	[3]	Flood: 1;reason=3
	[3]	MessageID: :12000_21_1682398820.620527
	[3]	From: :12000
	[3]	OriginStartTime: 1682398767.176263
	[3]	Content-Length: 6
	[3]	
	[3]	:12002
[Mon Apr 24 2023 22:00:20.630885] r LSUPDATE :12002 8 1 13 {:12008_1} 1682398779.153195 :12008 (:12006,:12010)
[Mon Apr 24 2023 22:00:20.631089] d LSUPDATE :12002 8 1 13 {:12008_1} 1682398779.153195 :12008 (:12006,:12010)
	[1]	353NET/1.0 LSUPDATE
	[1]	TTL: 9
	[1]	Flood: 1;reason=3
	[1]	MessageID: :12008_16_1682398820.629302
	[1]	From: :12008
	[1]	OriginStartTime: 1682398779.153195
	[1]	Content-Length: 13
	[1]	
	[1]	:12006,:12010
[Mon Apr 24 2023 22:00:20.633096] r LSUPDATE :12002 8 1 6 {:12006_2} 1682398774.885239 :12006 (:12008)
[Mon Apr 24 2023 22:00:20.633318] d LSUPDATE :12002 8 1 6 {:12006_2} 1682398774.885239 :12006 (:12008)
[Mon Apr 24 2023 22:00:20.633382] i LSUPDATE :12002 9 1 13 {:12002_4} 1682398767.176769 :12002 (:12000,:12010)
	[1]	353NET/1.0 LSUPDATE
	[1]	TTL: 9
	[1]	Flood: 1;reason=3
	[1]	MessageID: :12006_26_1682398820.630141
	[1]	From: :12006
	[1]	OriginStartTime: 1682398774.885239
	[1]	Content-Length: 6
	[1]	
	[1]	:12008
	[3]	353NET/1.0 LSUPDATE
	[3]	TTL: 9
	[3]	TTL: 9
[Mon Apr 24 2023 22:00:20.633638] i LSUPDATE :12002 9 1 13 {:12002_4} 1682398767.176769 :12002 (:12000,:12010)
	[3]	Flood: 1;reason=3
	[3]	MessageID: :12002_46_1682398820.633256
	[3]	From: :12002
	[3]	OriginStartTime: 1682398767.176769
	[3]	Content-Length: 13

398767.176769
56
] i LS	[3]	Content-Length: 13

398767.176769
56
] i LS	[3]	
	[1]	TTL: 9
	[3]	:12000,:12010
	[1]	Flood: 1;reason=3
	[1]	MessageID: :12002_45_1682398820.633242
	[1]	From: :12002
	[1]	OriginStartTime: 1682398767.176769
	[1]	Content-Length: 13
	[1]	
	[1]	:12000,:12010
[Mon Apr 24 2023 22:00:20.633880] r LSUPDATE :12002 8 1 13 {:12010_2} 1682398781.605243 :12010 (:12002,:12008)
[Mon Apr 24 2023 22:00:20.634077] d LSUPDATE :12002 8 1 13 {:12010_2} 1682398781.605243 :12010 (:12002,:12008)
	[1]	353NET/1.0 LSUPDATE
	[1]	TTL: 9
	[1]	Flood: 1;reason=3
	[1]	MessageID: :12010_26_1682398820.632417
	[1]	From: :12010
	[1]	OriginStartTime: 1682398781.605243
	[1]	Content-Length: 13
	[1]	
	[1]	:12002,:12008
[Mon Apr 24 2023 22:00:20.634280] r LSUPDATE :12002 8 1 13 {:12008_1} 1682398779.153195 :12008 (:12006,:12010)
[Mon Apr 24 2023 22:00:20.634434] d LSUPDATE :12002 8 1 13 {:12008_1} 1682398779.153195 :12008 (:12006,:12010)
	[1]	353NET/1.0 LSUPDATE
	[1]	TTL: 9
	[1]	Flood: 1;reason=3
	[1]	MessageID: :12008_18_1682398820.631501
	[1]	From: :12008
	[1]	OriginStartTime: 1682398779.153195
	[1]	Content-Length: 13
2398779.153195
[Mon Apr 24 2023 22:00:20.634686] r LSUPDATE :12002 8 1 6 {:12006_2} 1682398774.885239 :12006 (:12008)
	[1]	Content-Length: 13
	[1]	
	[1]	:12006,:12010
[Mon Apr 24 2023 22:00:20.634758] d LSUPDATE :12002 8 1 6 {:12006_2} 1682398774.885239 :12006 (:12008)
	[1]	353NET/1.0 LSUPDATE
	[1]	TTL: 9
	[1]	Flood: 1;reason=3
	[1]	MessageID: :12006_27_1682398820.630858
	[1]	From: :12006
	[1]	OriginStartTime: 1682398774.885239
	[1]	Content-Length: 6
	[1]	
	[1]	:12008
[Mon Apr 24 2023 22:00:20.634881] r LSUPDATE :12002 8 1 6 {:12000_2} 1682398767.176263 :12000 (:12002)
[Mon Apr 24 2023 22:00:20.635105] d LSUPDATE :12002 8 1 6 {:12000_2} 1682398767.176263 :12000 (:12002)
	[3]	353NET/1.0 LSUPDATE
	[3]	TTL: 9
	[3]	Flood: 1;reason=3
	[3]	MessageID: :12000_22_1682398820.633937
	[3]	From: :12000
	[3]	OriginStartTime: 1682398767.176263
	[3]	Content-Length: 6
	[3]	
	[3]	:12002
[Mon Apr 24 2023 22:00:23.842878] r UCASTAPP :12002 0 - 43 {:12000_4} :12000 :12006 0 353UDT/1.0 PING :12000_23_1682398823.841985
[Mon Apr 24 2023 22:00:23.843294] i UCASTAPP :12002 9 - 46 {:12002_4} :12002 :12000 1 353UDT/1.0 TTLZERO :12000_23_1682398823.841985
	[1]	353NET/1.0 UCASTAPP
	[1]	TTL: 9
	[1]	Flood: 0
	[1]	MessageID: :12002_48_1682398823.843132
	[1]	From: :12002
	[1]	To: :12000
	[1]	Next-Layer: 1
	[1]	Content-Length: 46
	[1]	
	[1]	353UDT/1.0 TTLZERO :12000_23_1682398823.841985
[Mon Apr 24 2023 22:00:25.594577] r UCASTAPP :12002 0 - 43 {:12006_4} :12006 :12000 0 353UDT/1.0 PING :12006_31_1682398825.591494
[Mon Apr 24 2023 22:00:25.595048] i UCASTAPP :12002 9 - 46 {:12002_5} :12002 :12006 1 353UDT/1.0 TTLZERO :12006_31_1682398825.591494
	[3]	353NET/1.0 UCASTAPP
	[3]	TTL: 9
	[3]	Flood: 0
	[3]	MessageID: :12002_50_1682398825.594859
	[3]	From: :12002
	[3]	To: :12006
	[3]	Next-Layer: 1
	[3]	Content-Length: 46
	[3]	
	[3]	353UDT/1.0 TTLZERO :12006_31_1682398825.591494
[Mon Apr 24 2023 22:00:26.988910] r UCASTAPP :12002 1 - 43 {:12000_5} :12000 :12006 1 353UDT/1.0 PING :12000_26_1682398826.943470
[Mon Apr 24 2023 22:00:26.989490] f UCASTAPP :12002 1 - 43 {:12000_5} :12000 :12006 1 353UDT/1.0 PING :12000_26_1682398826.943470
	[3]	353NET/1.0 UCASTAPP
	[3]	TTL: 1
	[3]	Flood: 0
	[3]	MessageID: :12000_51_1682398826.988877
	[3]	From: :12000
	[3]	To: :12006
	[3]	Next-Layer: 1
	[3]	Content-Length: 43
	[3]	
	[3]	353UDT/1.0 PING :12000_26_1682398826.943470
[Mon Apr 24 2023 22:00:26.991169] r UCASTAPP :12002 8 - 46 {:12010_5} :12010 :12000 1 353UDT/1.0 TTLZERO :12000_26_1682398826.943470
[Mon Apr 24 2023 22:00:26.991558] f UCASTAPP :12002 8 - 46 {:12010_5} :12010 :12000 1 353UDT/1.0 TTLZERO :12000_26_1682398826.943470
	[1]	353NET/1.0 UCASTAPP
	[1]	TTL: 8
	[1]	Flood: 0
	[1]	MessageID: :12010_52_1682398826.991147
	[1]	From: :12010
	[1]	To: :12000
	[1]	Next-Layer: 1
	[1]	Content-Length: 46
	[1]	
	[1]	353UDT/1.0 TTLZERO :12000_26_1682398826.943470
[Mon Apr 24 2023 22:00:28.740067] r UCASTAPP :12002 1 - 43 {:12006_5} :12006 :12000 1 353UDT/1.0 PING :12006_34_1682398828.692678
[Mon Apr 24 2023 22:00:28.740536] f UCASTAPP :12002 1 - 43 {:12006_5} :12006 :12000 1 353UDT/1.0 PING :12006_34_1682398828.692678
	[1]	353NET/1.0 UCASTAPP
	[1]	TTL: 1
	[1]	Flood: 0
	[1]	MessageID: :12006_53_1682398828.740044
	[1]	From: :12006
	[1]	To: :12000
	[1]	Next-Layer: 1
	[1]	Content-Length: 43
	[1]	
	[1]	353UDT/1.0 PING :12006_34_1682398828.692678
[Mon Apr 24 2023 22:00:28.742129] r UCASTAPP :12002 8 - 43 {:12000_5} :12000 :12006 1 353UDT/1.0 PONG :12006_34_1682398828.692678
[Mon Apr 24 2023 22:00:28.742518] f UCASTAPP :12002 8 - 43 {:12000_5} :12000 :12006 1 353UDT/1.0 PONG :12006_34_1682398828.692678
	[3]	353NET/1.0 UCASTAPP
	[3]	TTL: 8
	[3]	Flood: 0
	[3]	MessageID: :12000_54_1682398828.742098
	[3]	From: :12000
	[3]	To: :12006
	[3]	Next-Layer: 1
	[3]	Content-Length: 43
	[3]	
	[3]	353UDT/1.0 PONG :12006_34_1682398828.692678
[Mon Apr 24 2023 22:00:30.045648] r UCASTAPP :12002 2 - 43 {:12000_5} :12000 :12006 1 353UDT/1.0 PING :12000_31_1682398830.044591
[Mon Apr 24 2023 22:00:30.046091] f UCASTAPP :12002 2 - 43 {:12000_5} :12000 :12006 1 353UDT/1.0 PING :12000_31_1682398830.044591
	[3]	353NET/1.0 UCASTAPP
	[3]	TTL: 2
	[3]	Flood: 0
	[3]	MessageID: :12000_55_1682398830.045625
	[3]	From: :12000
	[3]	To: :12006
	[3]	Next-Layer: 1
	[3]	Content-Length: 43
	[3]	
	[3]	353UDT/1.0 PING :12000_31_1682398830.044591
[Mon Apr 24 2023 22:00:30.049357] r UCASTAPP :12002 7 - 46 {:12008_5} :12008 :12000 1 353UDT/1.0 TTLZERO :12000_31_1682398830.044591
[Mon Apr 24 2023 22:00:30.049664] f UCASTAPP :12002 7 - 46 {:12008_5} :12008 :12000 1 353UDT/1.0 TTLZERO :12000_31_1682398830.044591
	[1]	353NET/1.0 UCASTAPP
	[1]	TTL: 7
	[1]	Flood: 0
	[1]	MessageID: :12008_56_1682398830.049338
	[1]	From: :12008
	[1]	To: :12000
	[1]	Next-Layer: 1
	[1]	Content-Length: 46
	[1]	
	[1]	353UDT/1.0 TTLZERO :12000_31_1682398830.044591
[Mon Apr 24 2023 22:00:33.147321] r UCASTAPP :12002 3 - 43 {:12000_5} :12000 :12006 1 353UDT/1.0 PING :12000_34_1682398833.146030
[Mon Apr 24 2023 22:00:33.147761] f UCASTAPP :12002 3 - 43 {:12000_5} :12000 :12006 1 353UDT/1.0 PING :12000_34_1682398833.146030
	[3]	353NET/1.0 UCASTAPP
	[3]	TTL: 3
	[3]	Flood: 0
	[3]	MessageID: :12000_57_1682398833.147293
	[3]	From: :12000
	[3]	To: :12006
	[3]	Next-Layer: 1
	[3]	Content-Length: 43
	[3]	
	[3]	353UDT/1.0 PING :12000_34_1682398833.146030
[Mon Apr 24 2023 22:00:33.193828] r UCASTAPP :12002 6 - 43 {:12006_5} :12006 :12000 1 353UDT/1.0 PONG :12000_34_1682398833.146030
[Mon Apr 24 2023 22:00:33.194316] f UCASTAPP :12002 6 - 43 {:12006_5} :12006 :12000 1 353UDT/1.0 PONG :12000_34_1682398833.146030
	[1]	353NET/1.0 UCASTAPP
	[1]	TTL: 6
	[1]	Flood: 0
	[1]	MessageID: :12006_58_1682398833.193805
	[1]	From: :12006
	[1]	To: :12000
	[1]	Next-Layer: 1
	[1]	Content-Length: 43
	[1]	
	[1]	353UDT/1.0 PONG :12000_34_1682398833.146030
[Mon Apr 24 2023 22:00:35.824966] i LSUPDATE :12002 9 1 13 {:12002_5} 1682398767.176769 :12002 (:12000,:12010)
[Mon Apr 24 2023 22:00:35.824966] i LSUPDATE :12002 9 1 13 {:12002_5} 1682398767.176769 :12002 (:12000,:12010)
[Mon Apr 24 2023 22:00:35.825040] i LSUPDATE :12002 9 1 13 {:12002_6} 1682398767.176769 :12002 (:12000,:12010)
	[1]	353NET/1.0 LSUPDATE
	[1]	TTL: 9
	[1]	Flood: 1;reason=2
	[1]	MessageID: :12002_59_1682398835.824831
	[1]	From: :12002
	[1]	OriginStartTime: 1682398767.176769
	[1]	Content-Length: 13
	[1]	
	[1]	:12000,:12010
[Mon Apr 24 2023 22:00:35.825313] Socket-writing thread has terminated
	[3]	353NET/1.0 LSUPDATE
	[3]	TTL: 9
	[3]	Flood: 1;reason=2
	[3]	MessageID: :12002_60_1682398835.824916
	[3]	From: :12002
	[3]	OriginStartTime: 1682398767.176769
	[3]	Content-Length: 13
	[3]	
	[3]	:12000,:12010
[Mon Apr 24 2023 22:00:35.825874] Socket-reading thread has joined with socket-writing thread
[Mon Apr 24 2023 22:00:37.169349] Socket-writing thread has terminated
[Mon Apr 24 2023 22:00:37.169809] Socket-reading thread has joined with socket-writing thread
[Mon Apr 24 2023 22:00:37.169875] Reaper has joined with connection thread.
[Mon Apr 24 2023 22:00:39.188594] STOP: port=12002
