[Mon Apr 24 2023 21:59:30.808928] START: port=12004, rootdir=lab11data
[Mon Apr 24 2023 21:59:30.811586] i SAYHELLO :12004 1 - 0
	[1]	353NET/1.0 SAYHELLO
	[1]	TTL: 9
	[1]	Flood: 0
	[1]	From: :12004
	[1]	Content-Length: 0
 	[1]	
[Mon Apr 24 2023 21:59:30.812709] r SAYHELLO :12002 1 - 0
[Mon Apr 24 2023 21:59:30.812942] i LSUPDATE :12004 9 1 6 {:12004_2} 1682398770.812765 :12004 (:12002)
[Mon Apr 24 2023 21:59:30.812993] r LSUPDATE :12004 8 1 13 {:12002_5} 1682398767.176769 :12002 (:12000,:12004)
	[1]	353NET/1.0 LSUPDATE
	[1]	TTL: 9
	[1]	Flood: 1;reason=1
	[1]	MessageID: :12004_2_1682398770.812766
	[1]	From: :12004
	[1]	OriginStartTime: 1682398770.812765
	[1]	Content-Length: 6
	[1]	
	[1]	:12002
[Mon Apr 24 2023 21:59:30.813212] i LSUPDATE :12004 9 1 6 {:12004_3} 1682398770.812765 :12004 (:12002)
	[1]	353NET/1.0 LSUPDATE
	[1]	TTL: 9
	[1]	Flood: 1;reason=3
	[1]	MessageID: :12004_3_1682398770.813041
	[1]	From: :12004
	[1]	OriginStartTime: 1682398770.812765
	[1]	Content-Length: 6
	[1]	
	[1]	:12002
[Mon Apr 24 2023 21:59:30.814018] r LSUPDATE :12004 8 1 13 {:12002_7} 1682398767.176769 :12002 (:12000,:12004)
[Mon Apr 24 2023 21:59:30.815333] r LSUPDATE :12004 8 1 6 {:12000_4} 1682398767.176263 :12000 (:12002)
[Mon Apr 24 2023 21:59:30.815618] i LSUPDATE :12004 9 1 6 {:12004_4} 1682398770.812765 :12004 (:12002)
	[1]	353NET/1.0 LSUPDATE
	[1]	TTL: 9
	[1]	Flood: 1;reason=3
	[1]	MessageID: :12004_4_1682398770.815464
	[1]	From: :12004
	[1]	OriginStartTime: 1682398770.812765
	[1]	Content-Length: 6
	[1]	
	[1]	:12002
[Mon Apr 24 2023 21:59:34.883124] CONNECT[2]: 127.0.0.1:12004
[Mon Apr 24 2023 21:59:34.884529] r SAYHELLO :12006 1 - 0
[Mon Apr 24 2023 21:59:34.884756] i SAYHELLO :12004 1 - 0
[Mon Apr 24 2023 21:59:34.884889] i LSUPDATE :12004 9 1 13 {:12004_5} 1682398770.812765 :12004 (:12002,:12006)
	[2]	353NET/1.0 SAYHELLO
	[2]	TTL: 9
	[2]	Flood: 0
	[2]	From: :12004
	[2]	Content-Length: 0
 	[2]	
[Mon Apr 24 2023 21:59:34.885016] i LSUPDATE :12004 9 1 13 {:12004_6} 1682398770.812765 :12004 (:12002,:12006)
	[2]	353NET/1.0 LSUPDATE
	[2]	TTL: 9
	[2]	Flood: 1;reason=1
	[2]	MessageID: :12004_6_1682398774.884783
	[2]	From: :12004
	[2]	OriginStartTime: 1682398770.812765
TE
	[2]	OriginStartTime: 1682398770.812765
	[2]	Content-	[2]	Content-Length: 13
	[2]	
ood: 1;reason=1
	[2]	
	[1]	MessageID: :12004_5_1682398774.884722
	[2]	:12002,:12006
	[1]	From: :12004
	[1]	OriginStartTime: 1682398770.812765
	[1]	Content-Length: 13
	[1]	
	[1]	:12002,:12006
[Mon Apr 24 2023 21:59:34.885885] r LSUPDATE :12004 8 1 6 {:12006_2} 1682398774.885239 :12006 (:12004)
[Mon Apr 24 2023 21:59:34.886101] d LSUPDATE :12004 8 1 6 {:12006_2} 1682398774.885239 :12006 (:12004)
[Mon Apr 24 2023 21:59:34.886101] d LSUPDATE :12004 8 1 6 {:12006_2} 1682398774.885239 :12006 (:12004)
[Mon Apr 24 2023 21:59:34.886133] i LSUPDATE :12004 9 1 13 {:12004_8} 1682398770.812765 :12004 (:12002,:12006)
	[1]	353NET/1.0 LSUPDATE
	[1]	TTL: 9
	[1]	Flood: 1;reason=1
	[1]	MessageID: :12006_2_1682398774.885241
	[1]	From: :12006
	[1]	OriginStartTime: 1682398774.885239
	[1]	Content-Length: 6
	[1]	
	[1]	:12004
[Mon Apr 24 2023 21:59:34.886472] i LSUPDATE :12004 9 1 13 {:12004_7} 1682398770.812765 :12004 (:12002,:12006)
	[1]	353NET/1.0 LSUPDATE
	[1]	TTL: 9
	[1]	Flood: 1;reason=3
	[1]	MessageID: :12004_7_1682398774.886021
	[1]	From: :12004
	[1]	OriginStartTime: 1682398770.812765
	[1]	Content-Length: 13
	[1]	
	[1]	:12002,:12006
	[2]	353NET/1.0 LSUPDATE
	[2]	TTL: 9
	[2]	Flood: 1;reason=3
	[2]	MessageID: :12004_8_1682398774.886031
	[2]	From: :12004
	[2]	OriginStartTime: 1682398770.812765
	[2]	Content-Length: 13
	[2]	
	[2]	:12002,:12006
[Mon Apr 24 2023 21:59:34.886869] r LSUPDATE :12004 8 1 6 {:12006_3} 1682398774.885239 :12006 (:12004)
[Mon Apr 24 2023 21:59:34.887022] d LSUPDATE :12004 8 1 6 {:12006_3} 1682398774.885239 :12006 (:12004)
	[1]	353NET/1.0 LSUPDATE
	[1]	TTL: 9
	[1]	Flood: 1;reason=3
	[1]	MessageID: :12006_3_1682398774.885826
	[1]	From: :12006
	[1]	OriginStartTime: 1682398774.885239
	[1]	Content-Length: 6
	[1]	
	[1]	:12004
[Mon Apr 24 2023 21:59:34.887464] r LSUPDATE :12004 8 1 13 {:12002_9} 1682398767.176769 :12002 (:12000,:12004)
[Mon Apr 24 2023 21:59:34.887618] d LSUPDATE :12004 8 1 13 {:12002_9} 1682398767.176769 :12002 (:12000,:12004)
	[2]	353NET/1.0 LSUPDATE
	[2]	TTL: 9
	[2]	Flood: 1;reason=3
	[2]	MessageID: :12002_9_1682398774.886756
	[2]	From: :12002
	[2]	OriginStartTime: 1682398767.176769
	[2]	Content-Length: 13
	[2]	
	[2]	:12000,:12004
[Mon Apr 24 2023 21:59:34.888674] r LSUPDATE :12004 8 1 6 {:12000_5} 1682398767.176263 :12000 (:12002)
[Mon Apr 24 2023 21:59:34.888759] r LSUPDATE :12004 8 1 6 {:12006_4} 1682398774.885239 :12006 (:12004)
[Mon Apr 24 2023 21:59:34.888882] d LSUPDATE :12004 8 1 6 {:12000_5} 1682398767.176263 :12000 (:12002)
[Mon Apr 24 2023 21:59:34.888921] d LSUPDATE :12004 8 1 6 {:12006_4} 1682398774.885239 :12006 (:12004)
	[2]	353NET/1.0 LSUPDATE
	[2]	353NET/1.0 LSUPDATE
	[1]	353NET/1.0 LSUPDATE
	[1]	TTL: 9
	[1]	TTL: 9
	[2]	Flood: 1;reason=3
	[1]	Flood: 1;reason=3
	[2]	MessageID: :12000_5_1682398774.887253
	[1]	MessageID: :12006_4_1682398774.888230
	[1]	From: :12006
	[1]	From: :12006
	[1]	OriginStartTime: 1682398774.885239
	[1]	OriginStartTime: 1682398774.885239
	[1]	Content-Length: 6
	[1]	Content-Length: 6
	[1]	
	[1]	
	[2]	:12004
	[1]	:12004
[Mon Apr 24 2023 21:59:34.889990] r LSUPDATE :12004 8 1 6 {:12006_5} 1682398774.885239 :12006 (:12004)
[Mon Apr 24 2023 21:59:34.890215] d LSUPDATE :12004 8 1 6 {:12006_5} 1682398774.885239 :12006 (:12004)
	[1]	353NET/1.0 LSUPDATE
	[1]	TTL: 9
	[1]	Flood: 1;reason=3
	[1]	MessageID: :12006_5_1682398774.889366
	[1]	From: :12006
	[1]	OriginStartTime: 1682398774.885239
	[1]	Content-Length: 6
	[1]	
	[1]	:12004
[Mon Apr 24 2023 21:59:39.153202] r LSUPDATE :12004 8 1 13 {:12006_6} 1682398774.885239 :12006 (:12004,:12008)
[Mon Apr 24 2023 21:59:39.153388] d LSUPDATE :12004 8 1 13 {:12006_6} 1682398774.885239 :12006 (:12004,:12008)
	[1]	353NET/1.0 LSUPDATE
	[1]	TTL: 9
	[1]	Flood: 1;reason=1
	[1]	MessageID: :12006_6_1682398779.152558
	[1]	From: :12006
	[1]	OriginStartTime: 1682398774.885239
	[1]	Content-Length: 13
	[1]	
	[1]	:12004,:12008
[Mon Apr 24 2023 21:59:39.154797] r LSUPDATE :12004 8 1 6 {:12008_2} 1682398779.153195 :12008 (:12006)
[Mon Apr 24 2023 21:59:39.154990] d LSUPDATE :12004 8 1 6 {:12008_2} 1682398779.153195 :12008 (:12006)
[Mon Apr 24 2023 21:59:39.155084] i LSUPDATE :12004 9 1 13 {:12004_1} 1682398770.812765 :12004 (:12002,:12006)
[Mon Apr 24 2023 21:59:39.155121] r LSUPDATE :12004 8 1 13 {:12006_8} 1682398774.885239 :12006 (:12004,:12008)
	[1]	353NET/1.0 LSUPDATE
	[1]	TTL: 9
	[1]	Flood: 1;reason=1
	[1]	MessageID: :12008_2_1682398779.153198
	[1]	From: :12008
	[1]	OriginStartTime: 1682398779.153195
	[1]	Content-Length: 6
	[1]	
	[1]	:12006
[Mon Apr 24 2023 21:59:39.155278] i LSUPDATE :12004 9 1 13 {:12004_9} 1682398770.812765 :12004 (:12002,:12006)
	[1]	353NET/1.0 LSUPDATE
	[1]	TTL: 9
	[1]	Flood: 1;reason=3
	[1]	MessageID: :12004_9_1682398779.154909
	[1]	From: :12004
	[1]	OriginStartTime: 1682398770.812765
	[1]	Content-Length: 13
	[1]	
	[1]	:12002,:12006
[Mon Apr 24 2023 21:59:39.155391] d LSUPDATE :12004 8 1 13 {:12006_8} 1682398774.885239 :12006 (:12004,:12008)
	[1]	353NET/1.0 LSUPDATE
	[1]	TTL: 9
	[1]	Flood: 1;reason=3
/1.0 LSUPDATE
	[1]	Flood: 1;reason=3
	[2]	TTL: 9
	[1]	MessageID: :12006_8_1682398779.153988
	[2]	Flood: 1;reason=3
	[1]	From: :12006
	[2]	MessageID: :12004_10_1682398779.154919
	[2]	From: :12004
e: 1682398774.885239
	[2]	From: :12004
	[2]	OriginStartTime: 168	[2]	OriginStartTime: 1682398770.812765
	[2]	Co	[2]	Content-Length: 13
	[2]	
2004,:12008
	[2]	
	[2]	:12002,:12006
[Mon Apr 24 2023 21:59:39.155618] r LSUPDATE :12004 8 1 6 {:12008_3} 1682398779.153195 :12008 (:12006)
[Mon Apr 24 2023 21:59:39.155809] d LSUPDATE :12004 8 1 6 {:12008_3} 1682398779.153195 :12008 (:12006)
	[1]	353NET/1.0 LSUPDATE
	[1]	TTL: 9
	[1]	Flood: 1;reason=3
	[1]	MessageID: :12008_3_1682398779.153706
	[1]	From: :12008
	[1]	OriginStartTime: 1682398779.153195
	[1]	Content-Length: 6
	[1]	
	[1]	:12006
[Mon Apr 24 2023 21:59:39.156227] r LSUPDATE :12004 8 1 13 {:12002_1} 1682398767.176769 :12002 (:12000,:12004)
[Mon Apr 24 2023 21:59:39.156298] d LSUPDATE :12004 8 1 13 {:12002_1} 1682398767.176769 :12002 (:12000,:12004)
	[2]	353NET/1.0 LSUPDATE
	[2]	TTL: 9
	[2]	Flood: 1;reason=3
	[2]	MessageID: :12002_11_1682398779.155581
	[2]	From: :12002
	[2]	OriginStartTime: 1682398767.176769
	[2]	Content-Length: 13
	[2]	
	[2]	:12000,:12004
[Mon Apr 24 2023 21:59:39.157300] r LSUPDATE :12004 8 1 6 {:12000_6} 1682398767.176263 :12000 (:12002)
[Mon Apr 24 2023 21:59:39.157402] r LSUPDATE :12004 8 1 6 {:12008_4} 1682398779.153195 :12008 (:12006)
[Mon Apr 24 2023 21:59:39.157503] d LSUPDATE :12004 8 1 6 {:12000_6} 1682398767.176263 :12000 (:12002)
[Mon Apr 24 2023 21:59:39.157620] d LSUPDATE :12004 8 1 6 {:12008_4} 1682398779.153195 :12008 (:12006)
[Mon Apr 24 2023 21:59:39.157620] d LSUPDATE :12004 8 1 6 {:12008_4} 1682398779.153195 :12008 (:12006)
	[2]	353NET/1.0 LSUPDATE
	[2]	TTL: 9
	[2]	Flood: 1;reason=3
	[2]	MessageID: :12000_6_1682398779.156082
	[2]	From: :12000
	[2]	OriginStartTime: 1682398767.176263
	[2]	Content-Length: 6
	[2]	
	[2]	:12002
	[1]	353NET/1.0 LSUPDATE
	[1]	TTL: 9
	[1]	Flood: 1;reason=3
	[1]	MessageID: :12008_4_1682398779.156219
	[1]	From: :12008
	[1]	OriginStartTime: 1682398779.153195
	[1]	Content-Length: 6
	[1]	
	[1]	:12006
[Mon Apr 24 2023 21:59:39.158669] r LSUPDATE :12004 8 1 6 {:12008_5} 1682398779.153195 :12008 (:12006)
[Mon Apr 24 2023 21:59:39.158822] d LSUPDATE :12004 8 1 6 {:12008_5} 1682398779.153195 :12008 (:12006)
	[1]	353NET/1.0 LSUPDATE
	[1]	TTL: 9
	[1]	Flood: 1;reason=3
	[1]	MessageID: :12008_5_1682398779.157263
	[1]	From: :12008
	[1]	OriginStartTime: 1682398779.153195
	[1]	Content-Length: 6
	[1]	
	[1]	:12006
[Mon Apr 24 2023 21:59:39.159870] r LSUPDATE :12004 8 1 6 {:12008_6} 1682398779.153195 :12008 (:12006)
[Mon Apr 24 2023 21:59:39.160080] d LSUPDATE :12004 8 1 6 {:12008_6} 1682398779.153195 :12008 (:12006)
	[1]	353NET/1.0 LSUPDATE
	[1]	TTL: 9
	[1]	Flood: 1;reason=3
	[1]	MessageID: :12008_6_1682398779.158659
	[1]	From: :12008
	[1]	OriginStartTime: 1682398779.153195
	[1]	Content-Length: 6
	[1]	
	[1]	:12006
[Mon Apr 24 2023 21:59:41.605525] r LSUPDATE :12004 8 1 20 {:12002_1} 1682398767.176769 :12002 (:12000,:12004,:12010)
[Mon Apr 24 2023 21:59:41.605625] d LSUPDATE :12004 8 1 20 {:12002_1} 1682398767.176769 :12002 (:12000,:12004,:12010)
	[2]	353NET/1.0 LSUPDATE
	[2]	TTL: 9
	[2]	Flood: 1;reason=1
	[2]	MessageID: :12002_13_1682398781.604881
	[2]	From: :12002
	[2]	OriginStartTime: 1682398767.176769
	[2]	Content-Length: 20
	[2]	
	[2]	:12000,:12004,:12010
[Mon Apr 24 2023 21:59:41.606391] r LSUPDATE :12004 8 1 13 {:12010_2} 1682398781.605243 :12010 (:12002,:12008)
[Mon Apr 24 2023 21:59:41.606502] r LSUPDATE :12004 8 1 13 {:12008_7} 1682398779.153195 :12008 (:12006,:12010)
[Mon Apr 24 2023 21:59:41.606711] r LSUPDATE :12004 8 1 20 {:12002_1} 1682398767.176769 :12002 (:12000,:12004,:12010)
[Mon Apr 24 2023 21:59:41.606766] d LSUPDATE :12004 8 1 13 {:12010_2} 1682398781.605243 :12010 (:12002,:12008)
	[2]	353NET/1.0 LSUPDATE
	[2]	TTL: 9
	[2]	Flood: 1;reason=1
	[2]	MessageID: :12010_2_1682398781.605245
	[2]	From: :12010
	[2]	OriginStartTime: 1682398781.605243
	[2]	Content-Length: 13
	[2]	
	[2]	:12002,:12008
[Mon Apr 24 2023 21:59:41.606903] i LSUPDATE :12004 9 1 13 {:12004_1} 1682398770.812765 :12004 (:12002,:12006)
	[2]	353NET/1.0 LSUPDATE
	[2]	TTL: 9
	[2]	Flood: 1;reason=3
	[2]	MessageID: :12004_12_1682398781.606472
	[2]	From: :12004
	[2]	OriginStartTime: 1682398770.812765
	[2]	Content-Length: 13
	[2]	
	[2]	:12002,:12006
[Mon Apr 24 2023 21:59:41.607013] d LSUPDATE :12004 8 1 20 {:12002_1} 1682398767.176769 :12002 (:12000,:12004,:12010)
	[2]	353NET/1.0 LSUPDATE
	[2]	TTL: 9
	[2]	Flood: 1;reason=3
	[2]	MessageID: :12002_16_1682398781.606209
	[2]	From: :12002
	[2]	OriginStartTime: 1682398767.176769
	[2]	Content-Length: 20
	[2]	
	[2]	:12000,:12004,:12010
[Mon Apr 24 2023 21:59:41.607127] i LSUPDATE :12004 9 1 13 {:12004_1} 1682398770.812765 :12004 (:12002,:12006)
	[1]	353NET/1.0 LSUPDATE
	[1]	TTL: 9
	[1]	Flood: 1;reason=3
	[1]	MessageID: :12004_11_1682398781.606459
	[1]	From: :12004
	[1]	OriginStartTime: 1682398770.812765
	[1]	Content-Length: 13
	[1]	
	[1]	:12002,:12006
[Mon Apr 24 2023 21:59:41.607341] d LSUPDATE :12004 8 1 13 {:12008_7} 1682398779.153195 :12008 (:12006,:12010)
	[1]	353NET/1.0 LSUPDATE
	[1]	TTL: 9
	[1]	Flood: 1;reason=1
	[1]	MessageID: :12008_7_1682398781.605534
	[1]	From: :12008
	[1]	OriginStartTime: 1682398779.153195
	[1]	Content-Length: 13
	[1]	
	[1]	:12006,:12010
[Mon Apr 24 2023 21:59:41.607722] r LSUPDATE :12004 8 1 13 {:12010_3} 1682398781.605243 :12010 (:12002,:12008)
[Mon Apr 24 2023 21:59:41.607989] r LSUPDATE :12004 8 1 13 {:12006_1} 1682398774.885239 :12006 (:12004,:12008)
[Mon Apr 24 2023 21:59:41.608042] d LSUPDATE :12004 8 1 13 {:12010_3} 1682398781.605243 :12010 (:12002,:12008)
	[1]	353NET/1.0 LSUPDATE
	[1]	TTL: 9
	[1]	Flood: 1;reason=1
	[1]	MessageID: :12010_3_1682398781.605262
	[1]	From: :12010
	[1]	OriginStartTime: 1682398781.605243
	[1]	Content-Length: 13
	[1]	
	[1]	:12002,:12008
[Mon Apr 24 2023 21:59:41.608206] d LSUPDATE :12004 8 1 13 {:12006_1} 1682398774.885239 :12006 (:12004,:12008)
	[1]	353NET/1.0 LSUPDATE
	[1]	TTL: 9
	[1]	Flood: 1;reason=3
	[1]	MessageID: :12006_10_1682398781.607012
	[1]	From: :12006
	[1]	OriginStartTime: 1682398774.885239
	[1]	Content-Length: 13
	[1]	
	[1]	:12004,:12008
[Mon Apr 24 2023 21:59:41.608547] r LSUPDATE :12004 8 1 6 {:12000_7} 1682398767.176263 :12000 (:12002)
[Mon Apr 24 2023 21:59:41.608817] r LSUPDATE :12004 8 1 13 {:12010_4} 1682398781.605243 :12010 (:12002,:12008)
[Mon Apr 24 2023 21:59:41.609077] r LSUPDATE :12004 8 1 13 {:12010_6} 1682398781.605243 :12010 (:12002,:12008)
[Mon Apr 24 2023 21:59:41.609438] r LSUPDATE :12004 8 1 13 {:12008_8} 1682398779.153195 :12008 (:12006,:12010)
[Mon Apr 24 2023 21:59:41.609684] r LSUPDATE :12004 8 1 13 {:12010_8} 1682398781.605243 :12010 (:12002,:12008)
[Mon Apr 24 2023 21:59:41.609853] r LSUPDATE :12004 8 1 13 {:12008_9} 1682398779.153195 :12008 (:12006,:12010)
[Mon Apr 24 2023 21:59:41.609946] r LSUPDATE :12004 8 1 13 {:12008_1} 1682398779.153195 :12008 (:12006,:12010)
[Mon Apr 24 2023 21:59:41.609998] d LSUPDATE :12004 8 1 6 {:12000_7} 1682398767.176263 :12000 (:12002)
	[2]	353NET/1.0 LSUPDATE
	[2]	TTL: 9
	[2]	Flood: 1;reason=3
	[2]	MessageID: :12000_7_1682398781.606467
	[2]	From: :12000
	[2]	OriginStartTime: 1682398767.176263
	[2]	Content-Length: 6
	[2]	
	[2]	:12002
[Mon Apr 24 2023 21:59:41.610126] d LSUPDATE :12004 8 1 13 {:12010_4} 1682398781.605243 :12010 (:12002,:12008)
	[2]	353NET/1.0 LSUPDATE
	[2]	TTL: 9
	[2]	Flood: 1;reason=3
	[2]	MessageID: :12010_4_1682398781.605728
	[2]	From: :12010
	[2]	OriginStartTime: 1682398781.605243
	[2]	Content-Length: 13
	[2]	
	[2]	:12002,:12008
[Mon Apr 24 2023 21:59:41.610256] d LSUPDATE :12004 8 1 13 {:12008_9} 1682398779.153195 :12008 (:12006,:12010)
	[1]	353NET/1.0 LSUPDATE
	[1]	TTL: 9
	[1]	Flood: 1;reason=3
	[1]	MessageID: :12008_9_1682398781.606244
	[1]	From: :12008
	[1]	OriginStartTime: 1682398779.153195
	[1]	Content-Length: 13
	[1]	
	[1]	:12006,:12010
023 21:59:41.610368] r LSUPDATE :12004 8 1 20 {:12002_1} 1682398767.176769 :12002 (:12000,:12004,:12010)
	[1]	:12006,:12010
[Mon Apr 24 2023 21:59:41.610414] d LSUPDATE :12004 8 1 20 {:12002_1} 1682398767.176769 :12002 (:12000,:12004,:12010)
	[1]	353NET/1.0 LSUPDATE
	[1]	TTL: 9
	[1]	Flood: 1;reason=1
	[1]	MessageID: :12002_14_1682398781.604959
	[1]	From: :12002
	[1]	OriginStartTime: 1682398767.176769
	[1]	Content-Length: 20
	[1]	
	[1]	:12000,:12004,:12010
[Mon Apr 24 2023 21:59:41.610655] r LSUPDATE :12004 8 1 13 {:12010_5} 1682398781.605243 :12010 (:12002,:12008)
[Mon Apr 24 2023 21:59:41.610919] r LSUPDATE :12004 8 1 13 {:12010_7} 1682398781.605243 :12010 (:12002,:12008)
[Mon Apr 24 2023 21:59:41.610258] d LSUPDATE :12004 8 1 13 {:12010_6} 1682398781.605243 :12010 (:12002,:12008)
	[2]	353NET/1.0 LSUPDATE
	[2]	TTL: 9
	[2]	Flood: 1;reason=1
	[2]	MessageID: :12010_6_1682398781.606170
	[2]	From: :12010
	[2]	OriginStartTime: 1682398781.605243
	[2]	Content-Length: 13
	[2]	
	[2]	:12002,:12008
[Mon Apr 24 2023 21:59:41.611158] d LSUPDATE :12004 8 1 13 {:12008_8} 1682398779.153195 :12008 (:12006,:12010)
	[2]	353NET/1.0 LSUPDATE
	[2]	TTL: 9
	[2]	Flood: 1;reason=1
	[2]	MessageID: :12008_8_1682398781.605547
	[2]	From: :12008
	[2]	OriginStartTime: 1682398779.153195
	[2]	Content-Length: 13
	[2]	
	[2]	:12006,:12010
[Mon Apr 24 2023 21:59:41.611262] d LSUPDATE :12004 8 1 13 {:12010_8} 1682398781.605243 :12010 (:12002,:12008)
	[2]	353NET/1.0 LSUPDATE
	[2]	TTL: 9
	[2]	Flood: 1;reason=3
	[2]	MessageID: :12010_8_1682398781.606923
	[2]	From: :12010
	[2]	OriginStartTime: 1682398781.605243
	[2]	Content-Length: 13
	[2]	
	[2]	:12002,:12008
[Mon Apr 24 2023 21:59:41.611357] d LSUPDATE :12004 8 1 13 {:12008_1} 1682398779.153195 :12008 (:12006,:12010)
	[2]	353NET/1.0 LSUPDATE
	[2]	TTL: 9
	[2]	Flood: 1;reason=3
	[2]	MessageID: :12008_10_1682398781.606252
	[2]	From: :12008
	[2]	OriginStartTime: 1682398779.153195
	[2]	Content-Length: 13
	[2]	
	[2]	:12006,:12010
[Mon Apr 24 2023 21:59:41.611457] d LSUPDATE :12004 8 1 13 {:12010_5} 1682398781.605243 :12010 (:12002,:12008)
	[1]	353NET/1.0 LSUPDATE
	[1]	TTL: 9
	[1]	Flood: 1;reason=3
	[1]	MessageID: :12010_5_1682398781.605746
	[1]	From: :12010
	[1]	OriginStartTime: 1682398781.605243
	[1]	Content-Length: 13
	[1]	
	[1]	:12002,:12008
[Mon Apr 24 2023 21:59:41.611560] d LSUPDATE :12004 8 1 13 {:12010_7} 1682398781.605243 :12010 (:12002,:12008)
	[1]	353NET/1.0 LSUPDATE
	[1]	TTL: 9
	[1]	Flood: 1;reason=1
	[1]	MessageID: :12010_7_1682398781.606181
	[1]	From: :12010
	[1]	OriginStartTime: 1682398781.605243
	[1]	Content-Length: 13
	[1]	
	[1]	:12002,:12008
[Mon Apr 24 2023 21:59:41.611868] r LSUPDATE :12004 8 1 13 {:12010_9} 1682398781.605243 :12010 (:12002,:12008)
[Mon Apr 24 2023 21:59:41.611925] d LSUPDATE :12004 8 1 13 {:12010_9} 1682398781.605243 :12010 (:12002,:12008)
	[1]	353NET/1.0 LSUPDATE
	[1]	TTL: 9
	[1]	Flood: 1;reason=3
	[1]	MessageID: :12010_9_1682398781.606933
	[1]	From: :12010
	[1]	OriginStartTime: 1682398781.605243
	[1]	Content-Length: 13
	[1]	
	[1]	:12002,:12008
[Mon Apr 24 2023 21:59:41.613521] r LSUPDATE :12004 8 1 13 {:12006_1} 1682398774.885239 :12006 (:12004,:12008)
[Mon Apr 24 2023 21:59:41.613660] d LSUPDATE :12004 8 1 13 {:12006_1} 1682398774.885239 :12006 (:12004,:12008)
	[2]	353NET/1.0 LSUPDATE
	[2]	TTL: 9
	[2]	Flood: 1;reason=3
	[2]	MessageID: :12006_11_1682398781.607022
	[2]	From: :12006
	[2]	OriginStartTime: 1682398774.885239
	[2]	Content-Length: 13
	[2]	
	[2]	:12004,:12008
[Mon Apr 24 2023 21:59:41.613881] r LSUPDATE :12004 8 1 13 {:12010_1} 1682398781.605243 :12010 (:12002,:12008)
[Mon Apr 24 2023 21:59:41.614027] r LSUPDATE :12004 8 1 20 {:12002_1} 1682398767.176769 :12002 (:12000,:12004,:12010)
[Mon Apr 24 2023 21:59:41.614156] r LSUPDATE :12004 8 1 13 {:12010_1} 1682398781.605243 :12010 (:12002,:12008)
[Mon Apr 24 2023 21:59:41.614368] r LSUPDATE :12004 8 1 13 {:12010_1} 1682398781.605243 :12010 (:12002,:12008)
[Mon Apr 24 2023 21:59:41.614414] r LSUPDATE :12004 8 1 13 {:12010_1} 1682398781.605243 :12010 (:12002,:12008)
[Mon Apr 24 2023 21:59:41.614533] d LSUPDATE :12004 8 1 13 {:12010_1} 1682398781.605243 :12010 (:12002,:12008)
[Mon Apr 24 2023 21:59:41.614533] d LSUPDATE :12004 8 1 13 {:12010_1} 1682398781.605243 :12010 (:12002,:12008)
[Mon Apr 24 2023 21:59:41.614621] r LSUPDATE :12004 8 1 13 {:12010_1} 1682398781.605243 :12010 (:12002,:12008)
	[2]	353NET/1.0 LSUPDATE
	[2]	TTL: 9
	[2]	Flood: 1;reason=3
	[2]	MessageID: :12010_10_1682398781.609738
	[2]	From: :12010
	[2]	OriginStartTime: 1682398781.605243
	[2]	Content-Length: 13
	[2]	
	[2]	:12002,:12008
[Mon Apr 24 2023 21:59:41.614791] d LSUPDATE :12004 8 1 13 {:12010_1} 1682398781.605243 :12010 (:12002,:12008)
	[2]	353NET/1.0 LSUPDATE
	[2]	TTL: 9
	[2]	Flood: 1;reason=3
	[2]	MessageID: :12010_12_1682398781.609996
	[2]	From: :12010
	[2]	OriginStartTime: 1682398781.605243
	[2]	Content-Length: 13
	[2]	
	[2]	:12002,:12008
[Mon Apr 24 2023 21:59:41.614919] d LSUPDATE :12004 8 1 13 {:12010_1} 1682398781.605243 :12010 (:12002,:12008)
	[2]	353NET/1.0 LSUPDATE
	[2]	TTL: 9
	[2]	Flood: 1;reason=3
	[2]	MessageID: :12010_14_1682398781.610713
	[2]	From: :12010
	[2]	OriginStartTime: 1682398781.605243
	[2]	Content-Length: 13
	[2]	
	[2]	:12002,:12008
[Mon Apr 24 2023 21:59:41.615247] r LSUPDATE :12004 8 1 13 {:12004_1} 1682398770.812765 :12004 (:12002,:12006)
[Mon Apr 24 2023 21:59:41.615512] d LSUPDATE :12004 8 1 20 {:12002_1} 1682398767.176769 :12002 (:12000,:12004,:12010)
	[1]	353NET/1.0 LSUPDATE
	[1]	TTL: 9
	[1]	Flood: 1;reason=3
	[1]	MessageID: :12002_17_1682398781.607013
	[1]	From: :12002
	[1]	OriginStartTime: 1682398767.176769
	[1]	Content-Length: 20
	[1]	
	[1]	:12000,:12004,:12010
[Mon Apr 24 2023 21:59:41.615760] d LSUPDATE :12004 8 1 13 {:12010_1} 1682398781.605243 :12010 (:12002,:12008)
	[1]	353NET/1.0 LSUPDATE
	[1]	TTL: 9
	[1]	Flood: 1;reason=3
	[1]	MessageID: :12010_11_1682398781.609749
	[1]	From: :12010
	[1]	OriginStartTime: 1682398781.605243
	[1]	Content-Length: 13
	[1]	
	[1]	:12002,:12008
[Mon Apr 24 2023 21:59:41.615869] d LSUPDATE :12004 8 1 13 {:12010_1} 1682398781.605243 :12010 (:12002,:12008)
	[1]	353NET/1.0 LSUPDATE
	[1]	TTL: 9
	[1]	Flood: 1;reason=3
	[1]	MessageID: :12010_13_1682398781.610006
	[1]	From: :12010
	[1]	OriginStartTime: 1682398781.605243
	[1]	Content-Length: 13
	[1]	
	[1]	:12002,:12008
[Mon Apr 24 2023 21:59:41.615523] r LSUPDATE :12004 8 1 13 {:12010_1} 1682398781.605243 :12010 (:12002,:12008)
[Mon Apr 24 2023 21:59:41.615523] r LSUPDATE :12004 8 1 13 {:12010_1} 1682398781.605243 :12010 (:12002,:12008)
[Mon Apr 24 2023 21:59:41.615514] r LSUPDATE :12004 8 1 13 {:12004_1} 1682398770.812765 :12004 (:12002,:12006)
[Mon Apr 24 2023 21:59:41.616362] d LSUPDATE :12004 8 1 13 {:12010_1} 1682398781.605243 :12010 (:12002,:12008)
	[1]	353NET/1.0 LSUPDATE
	[1]	TTL: 9
	[1]	Flood: 1;reason=3
	[1]	MessageID: :12010_15_1682398781.610727
	[1]	From: :12010
	[1]	OriginStartTime: 1682398781.605243
	[1]	Content-Length: 13
	[1]	
	[1]	:12002,:12008
[Mon Apr 24 2023 21:59:58.709063] r UCASTAPP :12004 0 - 43 {:12006_1} :12006 :12000 0 353UDT/1.0 PING :12006_12_1682398798.660912
[Mon Apr 24 2023 21:59:58.709702] i UCASTAPP :12004 9 - 46 {:12004_1} :12004 :12006 1 353UDT/1.0 TTLZERO :12006_12_1682398798.660912
	[2]	353NET/1.0 UCASTAPP
	[2]	TTL: 9
	[2]	Flood: 0
	[2]	MessageID: :12004_14_1682398798.709469
	[2]	From: :12004
	[2]	To: :12006
	[2]	Next-Layer: 1
	[2]	Content-Length: 46
	[2]	
	[2]	353UDT/1.0 TTLZERO :12006_12_1682398798.660912
[Mon Apr 24 2023 22:00:01.763518] r UCASTAPP :12004 1 - 43 {:12006_1} :12006 :12000 0 353UDT/1.0 PING :12006_15_1682398801.762302
[Mon Apr 24 2023 22:00:01.764098] f UCASTAPP :12004 1 - 43 {:12006_1} :12006 :12000 0 353UDT/1.0 PING :12006_15_1682398801.762302
	[1]	353NET/1.0 UCASTAPP
	[1]	TTL: 1
	[1]	Flood: 0
	[1]	MessageID: :12006_15_1682398801.763490
	[1]	From: :12006
	[1]	To: :12000
	[1]	Next-Layer: 1
	[1]	Content-Length: 43
	[1]	
	[1]	353UDT/1.0 PING :12006_15_1682398801.762302
[Mon Apr 24 2023 22:00:01.765825] r UCASTAPP :12004 8 - 46 {:12002_1} :12002 :12006 0 353UDT/1.0 TTLZERO :12006_15_1682398801.762302
[Mon Apr 24 2023 22:00:01.766314] f UCASTAPP :12004 8 - 46 {:12002_1} :12002 :12006 0 353UDT/1.0 TTLZERO :12006_15_1682398801.762302
	[2]	353NET/1.0 UCASTAPP
	[2]	TTL: 8
	[2]	Flood: 0
	[2]	MessageID: :12002_16_1682398801.765804
	[2]	From: :12002
	[2]	To: :12006
	[2]	Next-Layer: 1
	[2]	Content-Length: 46
	[2]	
	[2]	353UDT/1.0 TTLZERO :12006_15_1682398801.762302
[Mon Apr 24 2023 22:00:04.864427] r UCASTAPP :12004 2 - 43 {:12006_1} :12006 :12000 32594 353UDT/1.0 PING :12006_18_1682398804.863342
[Mon Apr 24 2023 22:00:04.864921] f UCASTAPP :12004 2 - 43 {:12006_1} :12006 :12000 32594 353UDT/1.0 PING :12006_18_1682398804.863342
	[1]	353NET/1.0 UCASTAPP
	[1]	TTL: 2
	[1]	Flood: 0
	[1]	MessageID: :12006_17_1682398804.864399
	[1]	From: :12006
	[1]	To: :12000
	[1]	Next-Layer: 1
	[1]	Content-Length: 43
	[1]	
	[1]	353UDT/1.0 PING :12006_18_1682398804.863342
[Mon Apr 24 2023 22:00:04.868557] r UCASTAPP :12004 7 - 43 {:12000_1} :12000 :12006 0 353UDT/1.0 PONG :12006_18_1682398804.863342
[Mon Apr 24 2023 22:00:04.869047] f UCASTAPP :12004 7 - 43 {:12000_1} :12000 :12006 0 353UDT/1.0 PONG :12006_18_1682398804.863342
	[2]	353NET/1.0 UCASTAPP
	[2]	TTL: 7
	[2]	Flood: 0
	[2]	MessageID: :12000_18_1682398804.868500
	[2]	From: :12000
	[2]	To: :12006
	[2]	Next-Layer: 1
	[2]	Content-Length: 43
	[2]	
	[2]	353UDT/1.0 PONG :12006_18_1682398804.863342
[Mon Apr 24 2023 22:00:19.438746] r UCASTAPP :12004 0 - 43 {:12006_1} :12006 :12000 32594 353UDT/1.0 PING :12006_21_1682398819.388851
[Mon Apr 24 2023 22:00:19.439251] i UCASTAPP :12004 9 - 46 {:12004_2} :12004 :12006 1 353UDT/1.0 TTLZERO :12006_21_1682398819.388851
	[2]	353NET/1.0 UCASTAPP
	[2]	TTL: 9
	[2]	Flood: 0
	[2]	MessageID: :12004_20_1682398819.439052
	[2]	From: :12004
	[2]	To: :12006
	[2]	Next-Layer: 1
	[2]	Content-Length: 46
	[2]	
	[2]	353UDT/1.0 TTLZERO :12006_21_1682398819.388851
[Mon Apr 24 2023 22:00:20.571157] i LSUPDATE :12004 9 1 6 {:12004_2} 1682398770.812765 :12004 (:12006)
[Mon Apr 24 2023 22:00:20.571157] i LSUPDATE :12004 9 1 6 {:12004_2} 1682398770.812765 :12004 (:12006)
[Mon Apr 24 2023 22:00:20.571170] Socket-writing thread has terminated
	[2]	353NET/1.0 LSUPDATE
	[2]	TTL: 9
	[2]	Flood: 1;reason=2
	[2]	MessageID: :12004_21_1682398820.571026
	[2]	From: :12004
	[2]	OriginStartTime: 1682398770.812765
	[2]	Content-Length: 6
	[2]	
	[2]	:12006
[Mon Apr 24 2023 22:00:20.571492] Socket-reading thread has joined with socket-writing thread
[Mon Apr 24 2023 22:00:20.571788] Socket-writing thread has terminated
[Mon Apr 24 2023 22:00:20.572120] Socket-reading thread has joined with socket-writing thread
[Mon Apr 24 2023 22:00:20.572166] Reaper has joined with connection thread.
[Mon Apr 24 2023 22:00:22.820138] STOP: port=12004
