[Mon Apr 24 2023 21:59:22.877583] START: port=12000, rootdir=lab11data
[Mon Apr 24 2023 21:59:27.174395] CONNECT[1]: 127.0.0.1:12000
[Mon Apr 24 2023 21:59:27.176086] r SAYHELLO :12002 1 - 0
[Mon Apr 24 2023 21:59:27.176324] i SAYHELLO :12000 1 - 0
	[1]	353NET/1.0 SAYHELLO
	[1]	TTL: 9
	[1]	Flood: 0
	[1]	From: :12000
	[1]	Content-Length: 0
 	[1]	
[Mon Apr 24 2023 21:59:27.176583] i LSUPDATE :12000 9 1 6 {:12000_2} 1682398767.176263 :12000 (:12002)
	[1]	353NET/1.0 LSUPDATE
	[1]	TTL: 9
	[1]	Flood: 1;reason=1
	[1]	MessageID: :12000_2_1682398767.176265
	[1]	From: :12000
	[1]	OriginStartTime: 1682398767.176263
	[1]	Content-Length: 6
	[1]	
	[1]	:12002
[Mon Apr 24 2023 21:59:27.177567] r LSUPDATE :12000 8 1 6 {:12002_2} 1682398767.176769 :12002 (:12000)
[Mon Apr 24 2023 21:59:27.177753] i LSUPDATE :12000 9 1 6 {:12000_3} 1682398767.176263 :12000 (:12002)
	[1]	353NET/1.0 LSUPDATE
	[1]	TTL: 9
	[1]	Flood: 1;reason=3
	[1]	MessageID: :12000_3_1682398767.177636
	[1]	From: :12000
	[1]	OriginStartTime: 1682398767.176263
	[1]	Content-Length: 6
	[1]	
	[1]	:12002
[Mon Apr 24 2023 21:59:27.178336] r LSUPDATE :12000 8 1 6 {:12002_3} 1682398767.176769 :12002 (:12000)
[Mon Apr 24 2023 21:59:30.812866] r LSUPDATE :12000 8 1 13 {:12002_4} 1682398767.176769 :12002 (:12000,:12004)
[Mon Apr 24 2023 21:59:30.814047] r LSUPDATE :12000 8 1 6 {:12004_2} 1682398770.812765 :12004 (:12002)
[Mon Apr 24 2023 21:59:30.814290] i LSUPDATE :12000 9 1 6 {:12000_4} 1682398767.176263 :12000 (:12002)
	[1]	353NET/1.0 LSUPDATE
	[1]	TTL: 9
	[1]	Flood: 1;reason=3
	[1]	MessageID: :12000_4_1682398770.814113
	[1]	From: :12000
	[1]	OriginStartTime: 1682398767.176263
	[1]	Content-Length: 6
	[1]	
	[1]	:12002
[Mon Apr 24 2023 21:59:30.814717] r LSUPDATE :12000 8 1 13 {:12002_6} 1682398767.176769 :12002 (:12000,:12004)
[Mon Apr 24 2023 21:59:30.814911] r LSUPDATE :12000 8 1 6 {:12004_3} 1682398770.812765 :12004 (:12002)
[Mon Apr 24 2023 21:59:30.816721] r LSUPDATE :12000 8 1 6 {:12004_4} 1682398770.812765 :12004 (:12002)
[Mon Apr 24 2023 21:59:34.885898] r LSUPDATE :12000 8 1 13 {:12004_5} 1682398770.812765 :12004 (:12002,:12006)
[Mon Apr 24 2023 21:59:34.887197] r LSUPDATE :12000 8 1 6 {:12006_2} 1682398774.885239 :12006 (:12004)
[Mon Apr 24 2023 21:59:34.887366] i LSUPDATE :12000 9 1 6 {:12000_5} 1682398767.176263 :12000 (:12002)
	[1]	353NET/1.0 LSUPDATE
	[1]	TTL: 9
	[1]	Flood: 1;reason=3
	[1]	MessageID: :12000_5_1682398774.887253
	[1]	From: :12000
	[1]	OriginStartTime: 1682398767.176263
	[1]	Content-Length: 6
	[1]	
	[1]	:12002
[Mon Apr 24 2023 21:59:34.887876] r LSUPDATE :12000 8 1 13 {:12002_8} 1682398767.176769 :12002 (:12000,:12004)
[Mon Apr 24 2023 21:59:34.888069] r LSUPDATE :12000 8 1 13 {:12004_7} 1682398770.812765 :12004 (:12002,:12006)
[Mon Apr 24 2023 21:59:34.888357] r LSUPDATE :12000 8 1 6 {:12006_3} 1682398774.885239 :12006 (:12004)
[Mon Apr 24 2023 21:59:34.889984] r LSUPDATE :12000 8 1 6 {:12006_4} 1682398774.885239 :12006 (:12004)
[Mon Apr 24 2023 21:59:34.891361] r LSUPDATE :12000 8 1 6 {:12006_5} 1682398774.885239 :12006 (:12004)
[Mon Apr 24 2023 21:59:39.154556] r LSUPDATE :12000 8 1 13 {:12006_6} 1682398774.885239 :12006 (:12004,:12008)
[Mon Apr 24 2023 21:59:39.156018] r LSUPDATE :12000 8 1 6 {:12008_2} 1682398779.153195 :12008 (:12006)
[Mon Apr 24 2023 21:59:39.156210] i LSUPDATE :12000 9 1 6 {:12000_6} 1682398767.176263 :12000 (:12002)
	[1]	353NET/1.0 LSUPDATE
	[1]	TTL: 9
	[1]	Flood: 1;reason=3
	[1]	MessageID: :12000_6_1682398779.156082
	[1]	From: :12000
	[1]	OriginStartTime: 1682398767.176263
	[1]	Content-Length: 6
	[1]	
	[1]	:12002
[Mon Apr 24 2023 21:59:39.156782] r LSUPDATE :12000 8 1 13 {:12002_1} 1682398767.176769 :12002 (:12000,:12004)
[Mon Apr 24 2023 21:59:39.157067] r LSUPDATE :12000 8 1 13 {:12004_9} 1682398770.812765 :12004 (:12002,:12006)
[Mon Apr 24 2023 21:59:39.198798] r LSUPDATE :12000 8 1 13 {:12006_8} 1682398774.885239 :12006 (:12004,:12008)
[Mon Apr 24 2023 21:59:39.199126] r LSUPDATE :12000 8 1 6 {:12008_3} 1682398779.153195 :12008 (:12006)
[Mon Apr 24 2023 21:59:39.199361] r LSUPDATE :12000 8 1 6 {:12008_4} 1682398779.153195 :12008 (:12006)
[Mon Apr 24 2023 21:59:39.199657] r LSUPDATE :12000 8 1 6 {:12008_5} 1682398779.153195 :12008 (:12006)
[Mon Apr 24 2023 21:59:39.199845] r LSUPDATE :12000 8 1 6 {:12008_6} 1682398779.153195 :12008 (:12006)
[Mon Apr 24 2023 21:59:41.605476] r LSUPDATE :12000 8 1 20 {:12002_1} 1682398767.176769 :12002 (:12000,:12004,:12010)
[Mon Apr 24 2023 21:59:41.606401] r LSUPDATE :12000 8 1 13 {:12010_2} 1682398781.605243 :12010 (:12002,:12008)
[Mon Apr 24 2023 21:59:41.606496] i LSUPDATE :12000 9 1 6 {:12000_7} 1682398767.176263 :12000 (:12002)
	[1]	353NET/1.0 LSUPDATE
	[1]	TTL: 9
	[1]	Flood: 1;reason=3
	[1]	MessageID: :12000_7_1682398781.606467
	[1]	From: :12000
	[1]	OriginStartTime: 1682398767.176263
	[1]	Content-Length: 6
	[1]	
	[1]	:12002
[Mon Apr 24 2023 21:59:41.607432] r LSUPDATE :12000 8 1 20 {:12002_1} 1682398767.176769 :12002 (:12000,:12004,:12010)
[Mon Apr 24 2023 21:59:41.608759] r LSUPDATE :12000 8 1 13 {:12010_4} 1682398781.605243 :12010 (:12002,:12008)
[Mon Apr 24 2023 21:59:41.609048] r LSUPDATE :12000 8 1 13 {:12010_6} 1682398781.605243 :12010 (:12002,:12008)
[Mon Apr 24 2023 21:59:41.609792] r LSUPDATE :12000 8 1 13 {:12004_1} 1682398770.812765 :12004 (:12002,:12006)
[Mon Apr 24 2023 21:59:41.610061] r LSUPDATE :12000 8 1 13 {:12008_8} 1682398779.153195 :12008 (:12006,:12010)
[Mon Apr 24 2023 21:59:41.610337] r LSUPDATE :12000 8 1 13 {:12008_7} 1682398779.153195 :12008 (:12006,:12010)
[Mon Apr 24 2023 21:59:41.610599] r LSUPDATE :12000 8 1 13 {:12010_3} 1682398781.605243 :12010 (:12002,:12008)
[Mon Apr 24 2023 21:59:41.610880] r LSUPDATE :12000 8 1 13 {:12010_8} 1682398781.605243 :12010 (:12002,:12008)
[Mon Apr 24 2023 21:59:41.611135] r LSUPDATE :12000 8 1 13 {:12006_1} 1682398774.885239 :12006 (:12004,:12008)
[Mon Apr 24 2023 21:59:41.611418] r LSUPDATE :12000 8 1 13 {:12008_1} 1682398779.153195 :12008 (:12006,:12010)
[Mon Apr 24 2023 21:59:41.611757] r LSUPDATE :12000 8 1 13 {:12006_1} 1682398774.885239 :12006 (:12004,:12008)
[Mon Apr 24 2023 21:59:41.612044] r LSUPDATE :12000 8 1 13 {:12010_1} 1682398781.605243 :12010 (:12002,:12008)
[Mon Apr 24 2023 21:59:41.612309] r LSUPDATE :12000 8 1 13 {:12010_1} 1682398781.605243 :12010 (:12002,:12008)
[Mon Apr 24 2023 21:59:41.612583] r LSUPDATE :12000 8 1 13 {:12010_1} 1682398781.605243 :12010 (:12002,:12008)
[Mon Apr 24 2023 21:59:41.612849] r LSUPDATE :12000 8 1 13 {:12004_1} 1682398770.812765 :12004 (:12002,:12006)
[Mon Apr 24 2023 21:59:41.613983] r LSUPDATE :12000 8 1 13 {:12008_9} 1682398779.153195 :12008 (:12006,:12010)
[Mon Apr 24 2023 21:59:41.615082] r LSUPDATE :12000 8 1 13 {:12010_5} 1682398781.605243 :12010 (:12002,:12008)
[Mon Apr 24 2023 21:59:41.615408] r LSUPDATE :12000 8 1 13 {:12010_7} 1682398781.605243 :12010 (:12002,:12008)
[Mon Apr 24 2023 21:59:41.615693] r LSUPDATE :12000 8 1 13 {:12010_9} 1682398781.605243 :12010 (:12002,:12008)
[Mon Apr 24 2023 21:59:41.659988] r LSUPDATE :12000 8 1 13 {:12010_1} 1682398781.605243 :12010 (:12002,:12008)
[Mon Apr 24 2023 21:59:41.660283] r LSUPDATE :12000 8 1 13 {:12010_1} 1682398781.605243 :12010 (:12002,:12008)
[Mon Apr 24 2023 21:59:41.660515] r LSUPDATE :12000 8 1 13 {:12010_1} 1682398781.605243 :12010 (:12002,:12008)
[Mon Apr 24 2023 21:59:49.888440] i UCASTAPP :12000 1 - 42 {:12000_9} :12000 :12008 1 353UDT/1.0 PING :12000_8_1682398789.888313
	[1]	353NET/1.0 UCASTAPP
	[1]	TTL: 1
	[1]	Flood: 0
	[1]	MessageID: :12000_9_1682398789.888395
	[1]	From: :12000
	[1]	To: :12008
	[1]	Next-Layer: 1
	[1]	Content-Length: 42
	[1]	
	[1]	353UDT/1.0 PING :12000_8_1682398789.888313
[Mon Apr 24 2023 21:59:49.889274] r UCASTAPP :12000 8 - 45 {:12002_1} :12002 :12000 0 353UDT/1.0 TTLZERO :12000_8_1682398789.888313
[Mon Apr 24 2023 21:59:52.989910] i UCASTAPP :12000 2 - 43 {:12000_1} :12000 :12008 1 353UDT/1.0 PING :12000_11_1682398792.989543
	[1]	353NET/1.0 UCASTAPP
	[1]	TTL: 2
	[1]	Flood: 0
	[1]	MessageID: :12000_12_1682398792.989720
	[1]	From: :12000
	[1]	To: :12008
	[1]	Next-Layer: 1
	[1]	Content-Length: 43
	[1]	
	[1]	353UDT/1.0 PING :12000_11_1682398792.989543
[Mon Apr 24 2023 21:59:52.993590] r UCASTAPP :12000 7 - 46 {:12010_1} :12010 :12000 1 353UDT/1.0 TTLZERO :12000_11_1682398792.989543
[Mon Apr 24 2023 21:59:56.090743] i UCASTAPP :12000 3 - 43 {:12000_1} :12000 :12008 1 353UDT/1.0 PING :12000_14_1682398796.090614
	[1]	353NET/1.0 UCASTAPP
	[1]	TTL: 3
	[1]	Flood: 0
	[1]	MessageID: :12000_15_1682398796.090695
	[1]	From: :12000
	[1]	To: :12008
	[1]	Next-Layer: 1
	[1]	Content-Length: 43
	[1]	
	[1]	353UDT/1.0 PING :12000_14_1682398796.090614
[Mon Apr 24 2023 21:59:56.142469] r UCASTAPP :12000 6 - 43 {:12008_1} :12008 :12000 1 353UDT/1.0 PONG :12000_14_1682398796.090614
[Mon Apr 24 2023 22:00:04.866534] r UCASTAPP :12000 0 - 43 {:12006_1} :12006 :12000 1 353UDT/1.0 PING :12006_18_1682398804.863342
[Mon Apr 24 2023 22:00:04.866964] i UCASTAPP :12000 9 - 43 {:12000_1} :12000 :12006 1 353UDT/1.0 PONG :12006_18_1682398804.863342
	[1]	353NET/1.0 UCASTAPP
	[1]	TTL: 9
	[1]	Flood: 0
	[1]	MessageID: :12000_18_1682398804.866767
	[1]	From: :12000
	[1]	To: :12006
	[1]	Next-Layer: 1
	[1]	Content-Length: 43
	[1]	
	[1]	353UDT/1.0 PONG :12006_18_1682398804.863342
[Mon Apr 24 2023 22:00:20.571626] r LSUPDATE :12000 8 1 20 {:12002_3} 1682398767.176769 :12002 (:12000,:12004,:12010)
[Mon Apr 24 2023 22:00:20.571827] i LSUPDATE :12000 9 1 6 {:12000_1} 1682398767.176263 :12000 (:12002)
	[1]	353NET/1.0 LSUPDATE
	[1]	TTL: 9
	[1]	Flood: 1;reason=3
	[1]	MessageID: :12000_19_1682398820.571720
	[1]	From: :12000
	[1]	OriginStartTime: 1682398767.176263
	[1]	Content-Length: 6
	[1]	
	[1]	:12002
[Mon Apr 24 2023 22:00:20.618828] r LSUPDATE :12000 8 1 6 {:12004_2} 1682398770.812765 :12004 (:12006)
[Mon Apr 24 2023 22:00:20.619259] r LSUPDATE :12000 8 1 13 {:12002_3} 1682398767.176769 :12002 (:12000,:12010)
[Mon Apr 24 2023 22:00:20.619465] i LSUPDATE :12000 9 1 6 {:12000_2} 1682398767.176263 :12000 (:12002)
	[1]	353NET/1.0 LSUPDATE
	[1]	TTL: 9
	[1]	Flood: 1;reason=3
	[1]	MessageID: :12000_20_1682398820.619328
	[1]	From: :12000
	[1]	OriginStartTime: 1682398767.176263
	[1]	Content-Length: 6
	[1]	
	[1]	:12002
[Mon Apr 24 2023 22:00:20.619932] r LSUPDATE :12000 8 1 13 {:12006_2} 1682398774.885239 :12006 (:12004,:12008)
[Mon Apr 24 2023 22:00:20.620286] r LSUPDATE :12000 8 1 13 {:12002_3} 1682398767.176769 :12002 (:12000,:12010)
[Mon Apr 24 2023 22:00:20.620684] i LSUPDATE :12000 9 1 6 {:12000_2} 1682398767.176263 :12000 (:12002)
	[1]	353NET/1.0 LSUPDATE
	[1]	TTL: 9
	[1]	Flood: 1;reason=3
	[1]	MessageID: :12000_21_1682398820.620527
	[1]	From: :12000
	[1]	OriginStartTime: 1682398767.176263
	[1]	Content-Length: 6
	[1]	
	[1]	:12002
[Mon Apr 24 2023 22:00:20.621729] r LSUPDATE :12000 8 1 13 {:12010_2} 1682398781.605243 :12010 (:12002,:12008)
[Mon Apr 24 2023 22:00:20.621963] r LSUPDATE :12000 8 1 13 {:12002_4} 1682398767.176769 :12002 (:12000,:12010)
[Mon Apr 24 2023 22:00:20.622142] r LSUPDATE :12000 8 1 13 {:12002_4} 1682398767.176769 :12002 (:12000,:12010)
[Mon Apr 24 2023 22:00:20.631646] r LSUPDATE :12000 8 1 13 {:12008_1} 1682398779.153195 :12008 (:12006,:12010)
[Mon Apr 24 2023 22:00:20.633859] r LSUPDATE :12000 8 1 6 {:12006_2} 1682398774.885239 :12006 (:12008)
[Mon Apr 24 2023 22:00:20.634076] i LSUPDATE :12000 9 1 6 {:12000_2} 1682398767.176263 :12000 (:12002)
	[1]	353NET/1.0 LSUPDATE
	[1]	TTL: 9
	[1]	Flood: 1;reason=3
	[1]	MessageID: :12000_22_1682398820.633937
	[1]	From: :12000
	[1]	OriginStartTime: 1682398767.176263
	[1]	Content-Length: 6
	[1]	
	[1]	:12002
[Mon Apr 24 2023 22:00:20.634683] r LSUPDATE :12000 8 1 13 {:12002_4} 1682398767.176769 :12002 (:12000,:12010)
[Mon Apr 24 2023 22:00:20.634922] r LSUPDATE :12000 8 1 13 {:12010_2} 1682398781.605243 :12010 (:12002,:12008)
[Mon Apr 24 2023 22:00:20.635125] r LSUPDATE :12000 8 1 13 {:12008_1} 1682398779.153195 :12008 (:12006,:12010)
[Mon Apr 24 2023 22:00:20.635293] r LSUPDATE :12000 8 1 6 {:12006_2} 1682398774.885239 :12006 (:12008)
[Mon Apr 24 2023 22:00:23.842327] i UCASTAPP :12000 1 - 43 {:12000_2} :12000 :12006 1 353UDT/1.0 PING :12000_23_1682398823.841985
	[1]	353NET/1.0 UCASTAPP
	[1]	TTL: 1
	[1]	Flood: 0
	[1]	MessageID: :12000_24_1682398823.842160
	[1]	From: :12000
	[1]	To: :12006
	[1]	Next-Layer: 1
	[1]	Content-Length: 43
	[1]	
	[1]	353UDT/1.0 PING :12000_23_1682398823.841985
[Mon Apr 24 2023 22:00:23.843774] r UCASTAPP :12000 8 - 46 {:12002_2} :12002 :12000 0 353UDT/1.0 TTLZERO :12000_23_1682398823.841985
[Mon Apr 24 2023 22:00:26.943870] i UCASTAPP :12000 2 - 43 {:12000_2} :12000 :12006 1 353UDT/1.0 PING :12000_26_1682398826.943470
	[1]	353NET/1.0 UCASTAPP
	[1]	TTL: 2
	[1]	Flood: 0
	[1]	MessageID: :12000_27_1682398826.943658
	[1]	From: :12000
	[1]	To: :12006
	[1]	Next-Layer: 1
	[1]	Content-Length: 43
	[1]	
	[1]	353UDT/1.0 PING :12000_26_1682398826.943470
[Mon Apr 24 2023 22:00:26.992101] r UCASTAPP :12000 7 - 46 {:12010_2} :12010 :12000 1 353UDT/1.0 TTLZERO :12000_26_1682398826.943470
[Mon Apr 24 2023 22:00:28.741089] r UCASTAPP :12000 0 - 43 {:12006_2} :12006 :12000 1 353UDT/1.0 PING :12006_34_1682398828.692678
[Mon Apr 24 2023 22:00:28.741589] i UCASTAPP :12000 9 - 43 {:12000_3} :12000 :12006 1 353UDT/1.0 PONG :12006_34_1682398828.692678
	[1]	353NET/1.0 UCASTAPP
	[1]	TTL: 9
	[1]	Flood: 0
	[1]	MessageID: :12000_30_1682398828.741399
	[1]	From: :12000
	[1]	To: :12006
	[1]	Next-Layer: 1
	[1]	Content-Length: 43
	[1]	
	[1]	353UDT/1.0 PONG :12006_34_1682398828.692678
[Mon Apr 24 2023 22:00:30.045023] i UCASTAPP :12000 3 - 43 {:12000_3} :12000 :12006 1 353UDT/1.0 PING :12000_31_1682398830.044591
	[1]	353NET/1.0 UCASTAPP
	[1]	TTL: 3
	[1]	Flood: 0
	[1]	MessageID: :12000_32_1682398830.044812
	[1]	From: :12000
	[1]	To: :12006
	[1]	Next-Layer: 1
	[1]	Content-Length: 43
	[1]	
	[1]	353UDT/1.0 PING :12000_31_1682398830.044591
[Mon Apr 24 2023 22:00:30.098834] r UCASTAPP :12000 6 - 46 {:12008_3} :12008 :12000 1 353UDT/1.0 TTLZERO :12000_31_1682398830.044591
[Mon Apr 24 2023 22:00:33.146586] i UCASTAPP :12000 4 - 43 {:12000_3} :12000 :12006 1 353UDT/1.0 PING :12000_34_1682398833.146030
	[1]	353NET/1.0 UCASTAPP
	[1]	TTL: 4
	[1]	Flood: 0
	[1]	MessageID: :12000_35_1682398833.146298
	[1]	From: :12000
	[1]	To: :12006
	[1]	Next-Layer: 1
	[1]	Content-Length: 43
	[1]	
	[1]	353UDT/1.0 PING :12000_34_1682398833.146030
[Mon Apr 24 2023 22:00:33.194872] r UCASTAPP :12000 5 - 43 {:12006_3} :12006 :12000 1 353UDT/1.0 PONG :12000_34_1682398833.146030
[Mon Apr 24 2023 22:00:35.825067] Socket-writing thread has terminated
[Mon Apr 24 2023 22:00:35.825384] Socket-reading thread has joined with socket-writing thread
[Mon Apr 24 2023 22:00:35.825443] Reaper has joined with connection thread.
[Mon Apr 24 2023 22:00:38.886769] STOP: port=12000
