[Mon Apr 24 2023 21:59:41.602849] START: port=12010, rootdir=lab11data
[Mon Apr 24 2023 21:59:41.604210] i SAYHELLO :12010 1 - 0
	[1]	353NET/1.0 SAYHELLO
	[1]	TTL: 9
	[1]	Flood: 0
	[1]	From: :12010
	[1]	Content-Length: 0
 	[1]	
[Mon Apr 24 2023 21:59:41.605062] i SAYHELLO :12010 1 - 0
[Mon Apr 24 2023 21:59:41.605187] r SAYHELLO :12002 1 - 0
	[2]	353NET/1.0 SAYHELLO
	[2]	TTL: 9
	[2]	Flood: 0
	[2]	From: :12010
	[2]	Content-Length: 0
 pr 24 2023 21:59:41.605435] i LSUPDATE :12010 9 1 13 {:12010_2} 1682398781.605243 :12010 (:12002,:12008)
	[2]	Content-Length: 0
 	[2]	
[Mon Apr 24 2023 21:59:41.605505] i LSUPDATE :12010 9 1 13 {:12010_3} 1682398781.605243 :12010 (:12002,:12008)
	[1]	353NET/1.0 LSUPDATE
	[1]	TTL: 9
	[1]	Flood: 1;reason=1
	[1]	MessageID: :12010_2_1682398781.605245
	[1]	From: :12010
	[1]	OriginStartTime: 1682398781.605243
	[1]	Content-Length: 13
	[1]	
	[1]	:12002,:12008
[Mon Apr 24 2023 21:59:41.605665] r LSUPDATE :12010 8 1 20 {:12002_1} 1682398767.176769 :12002 (:12000,:12004,:12010)
[Mon Apr 24 2023 21:59:41.605765] i LSUPDATE :12010 9 1 13 {:12010_4} 1682398781.605243 :12010 (:12002,:12008)
[Mon Apr 24 2023 21:59:41.605765] i LSUPDATE :12010 9 1 13 {:12010_4} 1682398781.605243 :12010 (:12002,:12008)
	[2]	353NET/1.0 LSUPDATE
	[2]	TTL: 9
	[2]	Flood: 1;reason=1
	[2]	MessageID: :12010_3_1682398781.605262
	[2]	From: :12010
	[2]	OriginStartTime: 1682398781.605243
	[2]	Content-Length: 13
	[2]	
	[2]	:12002,:12008
[Mon Apr 24 2023 21:59:41.605864] d LSUPDATE :12010 8 1 20 {:12002_1} 1682398767.176769 :12002 (:12000,:12004,:12010)
	[2]	353NET/1.0 LSUPDATE
	[2]	TTL: 9
	[2]	Flood: 1;reason=1
	[2]	MessageID: :12002_14_1682398781.604959
	[2]	From: :12002
	[2]	OriginStartTime: 1682398767.176769
	[2]	Content-Length: 20
	[2]	
	[2]	:12000,:12004,:12010
[Mon Apr 24 2023 21:59:41.606079] i LSUPDATE :12010 9 1 13 {:12010_5} 1682398781.605243 :12010 (:12002,:12008)
[Mon Apr 24 2023 21:59:41.606111] r SAYHELLO :12008 1 - 0
	[2]	353NET/1.0 LSUPDATE
	[2]	TTL: 9
023 21:59:41.606111] r SAYHELLO :12008 1 - 0
	[2]	TTL: 9
	[2]	Flood: 1;reason=3
	[2]	MessageID: :12010_5_1682398781.605746
	[2]	From: :12010
	[2]	OriginStartTime: 1682398781.605243
	[2]	Content-Length: 13
	[2]	
	[2]	:12002,:12008
[Mon Apr 24 2023 21:59:41.606203] i LSUPDATE :12010 9 1 13 {:12010_7} 1682398781.605243 :12010 (:12002,:12008)
	[2]	353NET/1.0 LSUPDATE
	[2]	TTL: 9
	[2]	Flood: 1;reason=1
	[2]	MessageID: :12010_7_1682398781.606181
	[2]	From: :12010
	[2]	OriginStartTime: 1682398781.605243
	[2]	Content-Length: 13
	[2]	
	[2]	:12002,:12008
	[1]	353NET/1.0 LSUPDATE
	[1]	TTL: 9
	[1]	Flood: 1;reason=3
	[1]	MessageID: :12010_4_1682398781.605728
	[1]	From: :12010
	[1]	OriginStartTime: 1682398781.605243
	[1]	Content-Length: 13
	[1]	
	[1]	:12002,:12008
[Mon Apr 24 2023 21:59:41.606451] i LSUPDATE :12010 9 1 13 {:12010_6} 1682398781.605243 :12010 (:12002,:12008)
	[1]	353NET/1.0 LSUPDATE
	[1]	TTL: 9
	[1]	Flood: 1;reason=1
	[1]	MessageID: :12010_6_1682398781.606170
	[1]	From: :12010
	[1]	OriginStartTime: 1682398781.605243
	[1]	Content-Length: 13
	[1]	
	[1]	:12002,:12008
[Mon Apr 24 2023 21:59:41.606752] r LSUPDATE :12010 8 1 13 {:12008_8} 1682398779.153195 :12008 (:12006,:12010)
[Mon Apr 24 2023 21:59:41.607002] d LSUPDATE :12010 8 1 13 {:12008_8} 1682398779.153195 :12008 (:12006,:12010)
	[1]	353NET/1.0 LSUPDATE
	[1]	TTL: 9
	[1]	Flood: 1;reason=1
	[1]	MessageID: :12008_8_1682398781.605547
	[1]	From: :12008
	[1]	OriginStartTime: 1682398779.153195
	[1]	Content-Length: 13
	[1]	
	[1]	:12006,:12010
[Mon Apr 24 2023 21:59:41.607126] i LSUPDATE :12010 9 1 13 {:12010_8} 1682398781.605243 :12010 (:12002,:12008)
	[1]	353NET/1.0 LSUPDATE
	[1]	TTL: 9
	[1]	Flood: 1;reason=3
	[1]	MessageID: :12010_8_1682398781.606923
	[1]	From: :12010
	[1]	OriginStartTime: 1682398781.605243
	[1]	Content-Length: 13
	[1]	
	[1]	:12002,:12008
[Mon Apr 24 2023 21:59:41.607540] r LSUPDATE :12010 8 1 13 {:12008_1} 1682398779.153195 :12008 (:12006,:12010)
[Mon Apr 24 2023 21:59:41.607801] i LSUPDATE :12010 9 1 13 {:12010_9} 1682398781.605243 :12010 (:12002,:12008)
[Mon Apr 24 2023 21:59:41.607801] i LSUPDATE :12010 9 1 13 {:12010_9} 1682398781.605243 :12010 (:12002,:12008)
[Mon Apr 24 2023 21:59:41.607825] r LSUPDATE :12010 8 1 20 {:12002_1} 1682398767.176769 :12002 (:12000,:12004,:12010)
	[2]	353NET/1.0 LSUPDATE
	[2]	TTL: 9
	[2]	Flood: 1;reason=3
	[2]	MessageID: :12010_9_1682398781.606933
	[2]	From: :12010
	[2]	OriginStartTime: 1682398781.605243
:41.607906] d LSUPDATE :12010 8 1 13 {:12008_1} 1682398779.153195 :12008 (:12006,:12010)
	[2]	OriginStartTime: 1682398781.605243
	[2]	Content-Length: 13
	[2]	
	[2]	:12002,:12008
	[1]	353NET/1.0 LSUPDATE
	[1]	TTL: 9
	[1]	Flood: 1;reason=3
	[1]	MessageID: :12008_10_1682398781.606252
	[1]	From: :12008
	[1]	OriginStartTime: 1682398779.153195
	[1]	Content-Length: 13
	[1]	
	[1]	:12006,:12010
[Mon Apr 24 2023 21:59:41.608050] d LSUPDATE :12010 8 1 20 {:12002_1} 1682398767.176769 :12002 (:12000,:12004,:12010)
	[1]	353NET/1.0 LSUPDATE
	[1]	TTL: 9
	[1]	Flood: 1;reason=1
	[1]	MessageID: :12002_13_1682398781.604881
	[1]	From: :12002
	[1]	OriginStartTime: 1682398767.176769
	[1]	Content-Length: 20
	[1]	
	[1]	:12000,:12004,:12010
	[1]	:12000,:12004,:12010
on Apr 24 2023 21:59:41.608743] r LSUPDATE :12010 8 1 20 {:12002_1} 1682398767.176769 :12002 (:12000,:12004,:12010)
	[1]	:12000,:12004,:12010
on Apr 24 2023 21:59:41.608743] r LSUPDATE :12010 8 1 20 {:12002_1} 1682398767.176769 :12002 (:12000,:12004,:12010)
[Mon Apr 24 2023 21:59:41.609143] r LSUPDATE :12010 8 1 13 {:12006_1} 1682398774.885239 :12006 (:12004,:12008)
[Mon Apr 24 2023 21:59:41.609932] r LSUPDATE :12010 8 1 6 {:12000_7} 1682398767.176263 :12000 (:12002)
[Mon Apr 24 2023 21:59:41.610001] r LSUPDATE :12010 8 1 13 {:12010_2} 1682398781.605243 :12010 (:12002,:12008)
[Mon Apr 24 2023 21:59:41.610044] d LSUPDATE :12010 8 1 20 {:12002_1} 1682398767.176769 :12002 (:12000,:12004,:12010)
[Mon Apr 24 2023 21:59:41.610155] d LSUPDATE :12010 8 1 13 {:12006_1} 1682398774.885239 :12006 (:12004,:12008)
	[1]	353NET/1.0 LSUPDATE
	[1]	TTL: 9
	[1]	Flood: 1;reason=3
	[1]	MessageID: :12006_11_1682398781.607022
	[1]	From: :12006
	[1]	OriginStartTime: 1682398774.885239
	[1]	Content-Length: 13
	[1]	
	[1]	:12004,:12008
[Mon Apr 24 2023 21:59:41.610295] i LSUPDATE :12010 9 1 13 {:12010_1} 1682398781.605243 :12010 (:12002,:12008)
	[1]	353NET/1.0 LSUPDATE
	[1]	TTL: 9
	[1]	Flood: 1;reason=3
	[1]	MessageID: :12010_10_1682398781.609738
	[1]	From: :12010
	[1]	OriginStartTime: 1682398781.605243
	[1]	Content-Length: 13
	[1]	
	[1]	:12002,:12008
[Mon Apr 24 2023 21:59:41.610408] i LSUPDATE :12010 9 1 13 {:12010_1} 1682398781.605243 :12010 (:12002,:12008)
	[1]	353NET/1.0 LSUPDATE
	[1]	TTL: 9
	[1]	Flood: 1;reason=3
	[1]	MessageID: :12010_12_1682398781.609996
	[1]	From: :12010
	[1]	OriginStartTime: 1682398781.605243
	[1]	Content-Length: 13
	[1]	
	[1]	:12002,:12008
	[2]	353NET/1.0 LSUPDATE
	[2]	TTL: 9
	[2]	Flood: 1;reason=3
 2023 21:59:41.610659] r LSUPDATE :12010 8 1 13 {:12004_1} 1682398770.812765 :12004 (:12002,:12006)
	[2]	Flood: 1;reason=3
	[2]	MessageID: :12002_17_1682398781.607013
	[2]	From: :12002
	[2]	OriginStartTime: 1682398767.176769
	[2]	Content-Length: 20
[Mon Apr 24 2023 21:59:41.610707] r LSUPDATE :12010 8 1 13 {:12004_1} 1682398770.812765 :12004 (:12002,:12006)
[Mon Apr 24 2023 21:59:41.610707] r LSUPDATE :12010 8 1 13 {:12004_1} 1682398770.812765 :12004 (:12002,:12006)
	[2]	
	[2]	:12000,:12004,:12010
[Mon Apr 24 2023 21:59:41.610754] i LSUPDATE :12010 9 1 13 {:12010_1} 1682398781.605243 :12010 (:12002,:12008)
[Mon Apr 24 2023 21:59:41.610860] i LSUPDATE :12010 9 1 13 {:12010_1} 1682398781.605243 :12010 (:12002,:12008)
	[1]	353NET/1.0 LSUPDATE
	[1]	TTL: 9
	[1]	Flood: 1;reason=3
	[1]	MessageID: :12010_14_1682398781.610713
	[1]	From: :12010
	[1]	OriginStartTime: 1682398781.605243
	[1]	Content-Length: 13
	[1]	
	[1]	:12002,:12008
[Mon Apr 24 2023 21:59:41.610981] d LSUPDATE :12010 8 1 13 {:12004_1} 1682398770.812765 :12004 (:12002,:12006)
[Mon Apr 24 2023 21:59:41.610989] r LSUPDATE :12010 8 1 13 {:12008_7} 1682398779.153195 :12008 (:12006,:12010)
[Mon Apr 24 2023 21:59:41.610989] r LSUPDATE :12010 8 1 13 {:12008_7} 1682398779.153195 :12008 (:12006,:12010)
	[1]	353NET/1.0 LSUPDATE
	[1]	TTL: 9
	[1]	Flood: 1;reason=3
	[1]	MessageID: :12004_12_1682398781.606472
	[1]	From: :12004
	[1]	OriginStartTime: 1682398770.812765
	[1]	Content-Length: 13
	[1]	
	[1]	:12002,:12006
	[2]	353NET/1.0 LSUPDATE
	[2]	TTL: 9
	[2]	Flood: 1;reason=3
	[2]	MessageID: :12010_11_1682398781.609749
	[2]	From: :12010
	[2]	OriginStartTime: 1682398781.605243
	[2]	Content-Length: 13
	[2]	
	[2]	:12002,:12008
023 21:59:41.611266] r LSUPDATE :12010 8 1 13 {:12010_3} 1682398781.605243 :12010 (:12002,:12008)
	[2]	:12002,:12008
[Mon Apr 24 2023 21:59:41.611313] d LSUPDATE :12010 8 1 6 {:12000_7} 1682398767.176263 :12000 (:12002)
	[2]	353NET/1.0 LSUPDATE
	[2]	TTL: 9
	[2]	Flood: 1;reason=3
	[2]	MessageID: :12000_7_1682398781.606467
[Mon Apr 24 2023 21	[2]	OriginStartTime: 1682398767.176263
ATE :12010 8 1 13 {:12006_1} 1682398774.885239 :12006 (:12004,:12008)
	[2]	OriginStartTime: 1682398767.176263
	[2]	Content-Length: 6
	[2]	
	[2]	:12002
[Mon Apr 24 2023 21:59:41.611600] i LSUPDATE :12010 9 1 13 {:12010_1} 1682398781.605243 :12010 (:12002,:12008)
	[2]	353NET/1.0 LSUPDATE
	[2]	TTL: 9
	[2]	Flood: 1;reason=3
	[2]	MessageID: :12010_13_1682398781.610006
	[2]	From: :12010
	[2]	OriginStartTime: 1682398781.605243
	[2]	Content-Length: 13
	[2]	
	[2]	:12002,:12008
[Mon Apr 24 2023 21:59:41.611715] d LSUPDATE :12010 8 1 13 {:12004_1} 1682398770.812765 :12004 (:12002,:12006)
	[2]	353NET/1.0 LSUPDATE
	[2]	TTL: 9
	[2]	Flood: 1;reason=3
	[2]	MessageID: :12004_11_1682398781.606459
	[2]	From: :12004
	[2]	OriginStartTime: 1682398770.812765
	[2]	Content-Length: 13
	[2]	
	[2]	:12002,:12006
[Mon Apr 24 2023 21:59:41.611806] i LSUPDATE :12010 9 1 13 {:12010_1} 1682398781.605243 :12010 (:12002,:12008)
	[2]	353NET/1.0 LSUPDATE
	[2]	TTL: 9
	[2]	Flood: 1;reason=3
	[2]	MessageID: :12010_15_1682398781.610727
	[2]	From: :12010
	[2]	OriginStartTime: 1682398781.605243
	[2]	Content-Length: 13
	[2]	
	[2]	:12002,:12008
[Mon Apr 24 2023 21:59:41.611898] d LSUPDATE :12010 8 1 13 {:12008_7} 1682398779.153195 :12008 (:12006,:12010)
	[2]	353NET/1.0 LSUPDATE
	[2]	TTL: 9
	[2]	Flood: 1;reason=1
	[2]	MessageID: :12008_7_1682398781.605534
	[2]	From: :12008
	[2]	OriginStartTime: 1682398779.153195
	[2]	Content-Length: 13
	[2]	
	[2]	:12006,:12010
[Mon Apr 24 2023 21:59:41.612119] d LSUPDATE :12010 8 1 13 {:12006_1} 1682398774.885239 :12006 (:12004,:12008)
	[2]	353NET/1.0 LSUPDATE
	[2]	TTL: 9
	[2]	Flood: 1;reason=3
	[2]	MessageID: :12006_10_1682398781.607012
	[2]	From: :12006
	[2]	OriginStartTime: 1682398774.885239
	[2]	Content-Length: 13
	[2]	
	[2]	:12004,:12008
[Mon Apr 24 2023 21:59:41.612591] r LSUPDATE :12010 8 1 20 {:12002_1} 1682398767.176769 :12002 (:12000,:12004,:12010)
[Mon Apr 24 2023 21:59:41.612855] d LSUPDATE :12010 8 1 20 {:12002_1} 1682398767.176769 :12002 (:12000,:12004,:12010)
	[1]	353NET/1.0 LSUPDATE
	[1]	TTL: 9
	[1]	Flood: 1;reason=3
	[1]	MessageID: :12002_16_1682398781.606209
	[1]	From: :12002
	[1]	OriginStartTime: 1682398767.176769
	[1]	Content-Length: 20
	[1]	
	[1]	:12000,:12004,:12010
[Mon Apr 24 2023 21:59:41.613924] r LSUPDATE :12010 8 1 13 {:12010_4} 1682398781.605243 :12010 (:12002,:12008)
[Mon Apr 24 2023 21:59:41.614193] r LSUPDATE :12010 8 1 13 {:12010_6} 1682398781.605243 :12010 (:12002,:12008)
[Mon Apr 24 2023 21:59:41.615167] r LSUPDATE :12010 8 1 13 {:12010_8} 1682398781.605243 :12010 (:12002,:12008)
[Mon Apr 24 2023 21:59:41.615432] r LSUPDATE :12010 8 1 13 {:12008_9} 1682398779.153195 :12008 (:12006,:12010)
[Mon Apr 24 2023 21:59:41.615593] d LSUPDATE :12010 8 1 13 {:12008_9} 1682398779.153195 :12008 (:12006,:12010)
	[2]	353NET/1.0 LSUPDATE
	[2]	TTL: 9
	[2]	Flood: 1;reason=3
	[2]	MessageID: :12008_9_1682398781.606244
	[2]	From: :12008
	[2]	OriginStartTime: 1682398779.153195
	[2]	Content-Length: 13
	[2]	
	[2]	:12006,:12010
[Mon Apr 24 2023 21:59:41.616729] r LSUPDATE :12010 8 1 13 {:12010_5} 1682398781.605243 :12010 (:12002,:12008)
[Mon Apr 24 2023 21:59:41.616980] r LSUPDATE :12010 8 1 13 {:12010_7} 1682398781.605243 :12010 (:12002,:12008)
[Mon Apr 24 2023 21:59:41.617194] r LSUPDATE :12010 8 1 13 {:12010_9} 1682398781.605243 :12010 (:12002,:12008)
[Mon Apr 24 2023 21:59:41.617337] r LSUPDATE :12010 8 1 13 {:12010_1} 1682398781.605243 :12010 (:12002,:12008)
[Mon Apr 24 2023 21:59:41.617624] r LSUPDATE :12010 8 1 13 {:12010_1} 1682398781.605243 :12010 (:12002,:12008)
[Mon Apr 24 2023 21:59:41.617834] r LSUPDATE :12010 8 1 13 {:12010_1} 1682398781.605243 :12010 (:12002,:12008)
[Mon Apr 24 2023 21:59:41.659948] r LSUPDATE :12010 8 1 13 {:12010_1} 1682398781.605243 :12010 (:12002,:12008)
[Mon Apr 24 2023 21:59:41.660222] r LSUPDATE :12010 8 1 13 {:12010_1} 1682398781.605243 :12010 (:12002,:12008)
[Mon Apr 24 2023 21:59:41.660474] r LSUPDATE :12010 8 1 13 {:12010_1} 1682398781.605243 :12010 (:12002,:12008)
[Mon Apr 24 2023 21:59:52.991548] r UCASTAPP :12010 0 - 43 {:12000_1} :12000 :12008 0 353UDT/1.0 PING :12000_11_1682398792.989543
[Mon Apr 24 2023 21:59:52.992037] i UCASTAPP :12010 9 - 46 {:12010_1} :12010 :12000 1 353UDT/1.0 TTLZERO :12000_11_1682398792.989543
	[1]	353NET/1.0 UCASTAPP
	[1]	TTL: 9
	[1]	Flood: 0
	[1]	MessageID: :12010_17_1682398792.991849
	[1]	From: :12010
	[1]	To: :12000
	[1]	Next-Layer: 1
	[1]	Content-Length: 46
	[1]	
	[1]	353UDT/1.0 TTLZERO :12000_11_1682398792.989543
[Mon Apr 24 2023 21:59:54.227983] r UCASTAPP :12010 0 - 43 {:12002_1} :12002 :12008 1 353UDT/1.0 PING :12002_22_1682398794.226992
[Mon Apr 24 2023 21:59:54.228450] i UCASTAPP :12010 9 - 46 {:12010_1} :12010 :12002 1 353UDT/1.0 TTLZERO :12002_22_1682398794.226992
	[1]	353NET/1.0 UCASTAPP
	[1]	TTL: 9
	[1]	Flood: 0
	[1]	MessageID: :12010_19_1682398794.228289
	[1]	From: :12010
	[1]	To: :12002
	[1]	Next-Layer: 1
	[1]	Content-Length: 46
	[1]	
	[1]	353UDT/1.0 TTLZERO :12002_22_1682398794.226992
[Mon Apr 24 2023 21:59:56.138756] r UCASTAPP :12010 1 - 43 {:12000_2} :12000 :12008 1 353UDT/1.0 PING :12000_14_1682398796.090614
[Mon Apr 24 2023 21:59:56.139238] f UCASTAPP :12010 1 - 43 {:12000_2} :12000 :12008 1 353UDT/1.0 PING :12000_14_1682398796.090614
	[2]	353NET/1.0 UCASTAPP
	[2]	TTL: 1
	[2]	Flood: 0
	[2]	MessageID: :12000_20_1682398796.138728
	[2]	From: :12000
	[2]	To: :12008
	[2]	Next-Layer: 1
	[2]	Content-Length: 43
	[2]	
	[2]	353UDT/1.0 PING :12000_14_1682398796.090614
[Mon Apr 24 2023 21:59:56.140646] r UCASTAPP :12010 8 - 43 {:12008_2} :12008 :12000 0 353UDT/1.0 PONG :12000_14_1682398796.090614
[Mon Apr 24 2023 21:59:56.141076] f UCASTAPP :12010 8 - 43 {:12008_2} :12008 :12000 0 353UDT/1.0 PONG :12000_14_1682398796.090614
	[1]	353NET/1.0 UCASTAPP
	[1]	TTL: 8
	[1]	Flood: 0
	[1]	MessageID: :12008_21_1682398796.140628
	[1]	From: :12008
	[1]	To: :12000
	[1]	Next-Layer: 1
	[1]	Content-Length: 43
	[1]	
	[1]	353UDT/1.0 PONG :12000_14_1682398796.090614
[Mon Apr 24 2023 21:59:57.329743] r UCASTAPP :12010 1 - 43 {:12002_2} :12002 :12008 1 353UDT/1.0 PING :12002_27_1682398797.328388
[Mon Apr 24 2023 21:59:57.330180] f UCASTAPP :12010 1 - 43 {:12002_2} :12002 :12008 1 353UDT/1.0 PING :12002_27_1682398797.328388
	[2]	353NET/1.0 UCASTAPP
	[2]	TTL: 1
	[2]	Flood: 0
	[2]	MessageID: :12002_22_1682398797.329719
	[2]	From: :12002
	[2]	To: :12008
	[2]	Next-Layer: 1
	[2]	Content-Length: 43
	[2]	
	[2]	353UDT/1.0 PING :12002_27_1682398797.328388
[Mon Apr 24 2023 21:59:57.331856] r UCASTAPP :12010 8 - 43 {:12008_2} :12008 :12002 0 353UDT/1.0 PONG :12002_27_1682398797.328388
[Mon Apr 24 2023 21:59:57.332233] f UCASTAPP :12010 8 - 43 {:12008_2} :12008 :12002 0 353UDT/1.0 PONG :12002_27_1682398797.328388
	[1]	353NET/1.0 UCASTAPP
	[1]	TTL: 8
	[1]	Flood: 0
	[1]	MessageID: :12008_23_1682398797.331837
	[1]	From: :12008
	[1]	To: :12002
	[1]	Next-Layer: 1
	[1]	Content-Length: 43
	[1]	
	[1]	353UDT/1.0 PONG :12002_27_1682398797.328388
[Mon Apr 24 2023 22:00:20.571692] r LSUPDATE :12010 8 1 20 {:12002_3} 1682398767.176769 :12002 (:12000,:12004,:12010)
[Mon Apr 24 2023 22:00:20.571897] d LSUPDATE :12010 8 1 20 {:12002_3} 1682398767.176769 :12002 (:12000,:12004,:12010)
	[2]	353NET/1.0 LSUPDATE
	[2]	TTL: 9
	[2]	Flood: 1;reason=2
	[2]	MessageID: :12002_36_1682398820.571133
	[2]	From: :12002
	[2]	OriginStartTime: 1682398767.176769
	[2]	Content-Length: 20
	[2]	
	[2]	:12000,:12004,:12010
[Mon Apr 24 2023 22:00:20.573125] r LSUPDATE :12010 8 1 6 {:12004_2} 1682398770.812765 :12004 (:12006)
[Mon Apr 24 2023 22:00:20.573125] r LSUPDATE :12010 8 1 6 {:12004_2} 1682398770.812765 :12004 (:12006)
[Mon Apr 24 2023 22:00:20.573134] r LSUPDATE :12010 8 1 6 {:12000_1} 1682398767.176263 :12000 (:12002)
[Mon Apr 24 2023 22:00:20.573312] d LSUPDATE :12010 8 1 6 {:12004_2} 1682398770.812765 :12004 (:12006)
[Mon Apr 24 2023 22:00:20.573480] d LSUPDATE :12010 8 1 6 {:12000_1} 1682398767.176263 :12000 (:12002)
	[1]	353NET/1.0 LSUPDATE
	[1]	TTL: 9
	[1]	Flood: 1;reason=2
	[1]	MessageID: :12004_21_1682398820.571026
	[1]	From: :12004
	[1]	OriginStartTime: 1682398770.812765
	[1]	Content-Length: 6
	[1]	
	[1]	:12006
	[2]	353NET/1.0 LSUPDATE
	[2]	TTL: 9
	[2]	Flood: 1;reason=3
	[2]	MessageID: :12000_19_1682398820.571720
	[2]	From: :12000
	[2]	OriginStartTime: 1682398767.176263
	[2]	Content-Length: 6
	[2]	
	[2]	:12002
[Mon Apr 24 2023 22:00:20.573744] r LSUPDATE :12010 8 1 13 {:12006_2} 1682398774.885239 :12006 (:12004,:12008)
[Mon Apr 24 2023 22:00:20.574339] d LSUPDATE :12010 8 1 13 {:12006_2} 1682398774.885239 :12006 (:12004,:12008)
	[1]	353NET/1.0 LSUPDATE
	[1]	TTL: 9
	[1]	Flood: 1;reason=2
	[1]	MessageID: :12006_25_1682398820.571821
	[1]	From: :12006
	[1]	OriginStartTime: 1682398774.885239
	[1]	Content-Length: 13
	[1]	
	[1]	:12004,:12008
[Mon Apr 24 2023 22:00:20.574741] r LSUPDATE :12010 8 1 13 {:12002_3} 1682398767.176769 :12002 (:12000,:12010)
[Mon Apr 24 2023 22:00:20.574961] d LSUPDATE :12010 8 1 13 {:12002_3} 1682398767.176769 :12002 (:12000,:12010)
[Mon Apr 24 2023 22:00:20.574961] d LSUPDATE :12010 8 1 13 {:12002_3} 1682398767.176769 :12002 (:12000,:12010)
[Mon Apr 24 2023 22:00:20.574976] i LSUPDATE :12010 9 1 13 {:12010_2} 1682398781.605243 :12010 (:12002,:12008)
	[2]	353NET/1.0 LSUPDATE
	[2]	TTL: 9
	[2]	Flood: 1;reason=3
	[2]	MessageID: :12002_38_1682398820.573922
	[2]	From: :12002
	[2]	OriginStartTime: 1682398767.176769
	[2]	Content-Length: 13
	[2]	
	[2]	:12000,:12010
[Mon Apr 24 2023 22:00:20.575116] i LSUPDATE :12010 9 1 13 {:12010_2} 1682398781.605243 :12010 (:12002,:12008)
	[1]	353NET/1.0 LSUPDATE
	[1]	353NET/1.0 LSUPDATE
	[2]	353NET/1.0 LSUPDATE
	[1]	TTL: 9
	[2]	TTL: 9
	[1]	Flood: 1;reason=3
	[2]	Flood: 1;reason=3
	[1]	MessageID: :12010_24_1682398820.574867
	[2]	MessageID: :12010_25_1682398820.574933
	[1]	From: :12010
	[2]	From: :12010
	[1]	OriginStartTime: 1682398781.605243
	[1]	Content-Length: 13
2398781.605243
	[1]	Content-Length: 13
	[1]	
ntent-Length: 13
	[1]	
	[1]	:1	[1]	:12002,:12008
	[2]	:12002,:12008
[Mon Apr 24 2023 22:00:20.575591] r LSUPDATE :12010 8 1 13 {:12002_4} 1682398767.176769 :12002 (:12000,:12010)
[Mon Apr 24 2023 22:00:20.575752] d LSUPDATE :12010 8 1 13 {:12002_4} 1682398767.176769 :12002 (:12000,:12010)
	[2]	353NET/1.0 LSUPDATE
	[2]	TTL: 9
	[2]	Flood: 1;reason=3
	[2]	MessageID: :12002_40_1682398820.574881
	[2]	From: :12002
	[2]	OriginStartTime: 1682398767.176769
	[2]	Content-Length: 13
	[2]	
	[2]	:12000,:12010
[Mon Apr 24 2023 22:00:20.628764] r LSUPDATE :12010 8 1 13 {:12002_4} 1682398767.176769 :12002 (:12000,:12010)
[Mon Apr 24 2023 22:00:20.629156] d LSUPDATE :12010 8 1 13 {:12002_4} 1682398767.176769 :12002 (:12000,:12010)
[Mon Apr 24 2023 22:00:20.629156] d LSUPDATE :12010 8 1 13 {:12002_4} 1682398767.176769 :12002 (:12000,:12010)
[Mon Apr 24 2023 22:00:20.629211] r LSUPDATE :12010 8 1 6 {:12000_2} 1682398767.176263 :12000 (:12002)
	[2]	353NET/1.0 LSUPDATE
	[2]	TTL: 9
	[2]	Flood: 1;reason=3
	[2]	MessageID: :12002_42_1682398820.575623
	[2]	From: :12002
	[2]	OriginStartTime: 1682398767.176769
	[2]	Content-Length: 13
	[2]	
	[2]	:12000,:12010
[Mon Apr 24 2023 22:00:20.629393] d LSUPDATE :12010 8 1 6 {:12000_2} 1682398767.176263 :12000 (:12002)
	[2]	353NET/1.0 LSUPDATE
	[2]	TTL: 9
	[2]	Flood: 1;reason=3
	[2]	MessageID: :12000_20_1682398820.619328
	[2]	From: :12000
000_20_1682398820.619328
[Mon Apr 24 2023 22:00:20.629511] r LSUPDATE :12010 8 1 13 {:12002_4} 1682398767.176769 :12002 (:12000,:12010)
	[2]	From: :12000
	[2]	OriginStartTime: 1682398767.176263
	[2]	Content-Length: 6
	[2]	
	[2]	:12002
[Mon Apr 24 2023 22:00:20.629587] d LSUPDATE :12010 8 1 13 {:12002_4} 1682398767.176769 :12002 (:12000,:12010)
	[2]	353NET/1.0 LSUPDATE
	[2]	TTL: 9
	[2]	Flood: 1;reason=3
	[2]	MessageID: :12002_44_1682398820.620353
	[2]	From: :12002
	[2]	OriginStartTime: 1682398767.176769
	[2]	Content-Length: 13
	[2]	
	[2]	:12000,:12010
[Mon Apr 24 2023 22:00:20.629804] r LSUPDATE :12010 8 1 6 {:12000_2} 1682398767.176263 :12000 (:12002)
[Mon Apr 24 2023 22:00:20.629979] d LSUPDATE :12010 8 1 6 {:12000_2} 1682398767.176263 :12000 (:12002)
	[2]	353NET/1.0 LSUPDATE
	[2]	TTL: 9
	[2]	Flood: 1;reason=3
	[2]	MessageID: :12000_21_1682398820.620527
	[2]	From: :12000
	[2]	OriginStartTime: 1682398767.176263
	[2]	Content-Length: 6
	[2]	
	[2]	:12002
[Mon Apr 24 2023 22:00:20.630195] r LSUPDATE :12010 8 1 13 {:12008_1} 1682398779.153195 :12008 (:12006,:12010)
[Mon Apr 24 2023 22:00:20.630424] d LSUPDATE :12010 8 1 13 {:12008_1} 1682398779.153195 :12008 (:12006,:12010)
	[1]	353NET/1.0 LSUPDATE
	[1]	TTL: 9
	[1]	Flood: 1;reason=3
	[1]	MessageID: :12008_16_1682398820.629302
	[1]	From: :12008
	[1]	OriginStartTime: 1682398779.153195
	[1]	Content-Length: 13
	[1]	
	[1]	:12006,:12010
[Mon Apr 24 2023 22:00:20.632235] r LSUPDATE :12010 8 1 6 {:12006_2} 1682398774.885239 :12006 (:12008)
[Mon Apr 24 2023 22:00:20.632534] d LSUPDATE :12010 8 1 6 {:12006_2} 1682398774.885239 :12006 (:12008)
[Mon Apr 24 2023 22:00:20.632552] i LSUPDATE :12010 9 1 13 {:12010_2} 1682398781.605243 :12010 (:12002,:12008)
	[1]	353NET/1.0 LSUPDATE
	[1]	TTL: 9
	[1]	Flood: 1;reason=3
	[1]	MessageID: :12006_26_1682398820.630141
	[1]	From: :12006
	[1]	OriginStartTime: 1682398774.885239
	[1]	Content-Length: 6
	[1]	
	[1]	:12008
[Mon Apr 24 2023 22:00:20.632796] i LSUPDATE :12010 9 1 13 {:12010_2} 1682398781.605243 :12010 (:12002,:12008)
	[1]	353NET/1.0 LSUPDATE
	[1]	TTL: 9
	[1]	Flood: 1;reason=3
/1.0 LSUPDATE
	[1]	Flood: 1;reason=3
	[2]	TTL: 9
	[1]	MessageID: :12010_26_1682398820.632417
	[2]	Flood: 1;reason=3
	[1]	From: :12010
	[2]	MessageID: :12010_27_1682398820.632428
	[1]	OriginStartTime: 1682398781.605243
	[2]	From: :12010
	[1]	Content-Length: 13
	[2]	OriginStartTime: 1682398781.605243
	[1]	
	[2]	Content-Length: 13
	[1]	:12002,:12008
	[2]	
	[2]	:12002,:12008
[Mon Apr 24 2023 22:00:20.632956] r LSUPDATE :12010 8 1 13 {:12008_1} 1682398779.153195 :12008 (:12006,:12010)
[Mon Apr 24 2023 22:00:20.633184] d LSUPDATE :12010 8 1 13 {:12008_1} 1682398779.153195 :12008 (:12006,:12010)
	[1]	353NET/1.0 LSUPDATE
	[1]	TTL: 9
	[1]	Flood: 1;reason=3
	[1]	MessageID: :12008_18_1682398820.631501
	[1]	From: :12008
	[1]	OriginStartTime: 1682398779.153195
	[1]	Content-Length: 13
	[1]	
	[1]	:12006,:12010
[Mon Apr 24 2023 22:00:20.633351] r LSUPDATE :12010 8 1 6 {:12006_2} 1682398774.885239 :12006 (:12008)
[Mon Apr 24 2023 22:00:20.633521] d LSUPDATE :12010 8 1 6 {:12006_2} 1682398774.885239 :12006 (:12008)
	[1]	353NET/1.0 LSUPDATE
	[1]	TTL: 9
	[1]	Flood: 1;reason=3
	[1]	MessageID: :12006_27_1682398820.630858
	[1]	From: :12006
	[1]	OriginStartTime: 1682398774.885239
	[1]	Content-Length: 6
	[1]	
	[1]	:12008
[Mon Apr 24 2023 22:00:20.633963] r LSUPDATE :12010 8 1 13 {:12002_4} 1682398767.176769 :12002 (:12000,:12010)
[Mon Apr 24 2023 22:00:20.634121] d LSUPDATE :12010 8 1 13 {:12002_4} 1682398767.176769 :12002 (:12000,:12010)
	[2]	353NET/1.0 LSUPDATE
	[2]	TTL: 9
	[2]	Flood: 1;reason=3
	[2]	MessageID: :12002_46_1682398820.633256
	[2]	From: :12002
	[2]	OriginStartTime: 1682398767.176769
	[2]	Content-Length: 13
	[2]	
	[2]	:12000,:12010
[Mon Apr 24 2023 22:00:20.635555] r LSUPDATE :12010 8 1 6 {:12000_2} 1682398767.176263 :12000 (:12002)
[Mon Apr 24 2023 22:00:20.635796] d LSUPDATE :12010 8 1 6 {:12000_2} 1682398767.176263 :12000 (:12002)
	[2]	353NET/1.0 LSUPDATE
	[2]	TTL: 9
	[2]	Flood: 1;reason=3
	[2]	MessageID: :12000_22_1682398820.633937
	[2]	From: :12000
	[2]	OriginStartTime: 1682398767.176263
	[2]	Content-Length: 6
	[2]	
	[2]	:12002
[Mon Apr 24 2023 22:00:22.539999] r UCASTAPP :12010 0 - 43 {:12006_2} :12006 :12000 32582 353UDT/1.0 PING :12006_28_1682398822.490116
[Mon Apr 24 2023 22:00:22.540470] i UCASTAPP :12010 9 - 46 {:12010_2} :12010 :12006 1 353UDT/1.0 TTLZERO :12006_28_1682398822.490116
	[2]	353NET/1.0 UCASTAPP
	[2]	TTL: 9
	[2]	Flood: 0
	[2]	MessageID: :12010_29_1682398822.540261
	[2]	From: :12010
	[2]	To: :12006
	[2]	Next-Layer: 1
	[2]	Content-Length: 46
	[2]	
	[2]	353UDT/1.0 TTLZERO :12006_28_1682398822.490116
[Mon Apr 24 2023 22:00:25.593564] r UCASTAPP :12010 1 - 43 {:12006_3} :12006 :12000 1 353UDT/1.0 PING :12006_31_1682398825.591494
[Mon Apr 24 2023 22:00:25.594021] f UCASTAPP :12010 1 - 43 {:12006_3} :12006 :12000 1 353UDT/1.0 PING :12006_31_1682398825.591494
	[1]	353NET/1.0 UCASTAPP
	[1]	TTL: 1
	[1]	Flood: 0
	[1]	MessageID: :12006_30_1682398825.593541
	[1]	From: :12006
	[1]	To: :12000
	[1]	Next-Layer: 1
	[1]	Content-Length: 43
	[1]	
	[1]	353UDT/1.0 PING :12006_31_1682398825.591494
[Mon Apr 24 2023 22:00:25.595602] r UCASTAPP :12010 8 - 46 {:12002_3} :12002 :12006 32582 353UDT/1.0 TTLZERO :12006_31_1682398825.591494
[Mon Apr 24 2023 22:00:25.596032] f UCASTAPP :12010 8 - 46 {:12002_3} :12002 :12006 32582 353UDT/1.0 TTLZERO :12006_31_1682398825.591494
	[2]	353NET/1.0 UCASTAPP
	[2]	TTL: 8
	[2]	Flood: 0
	[2]	MessageID: :12002_31_1682398825.595581
	[2]	From: :12002
	[2]	To: :12006
	[2]	Next-Layer: 1
	[2]	Content-Length: 46
	[2]	
	[2]	353UDT/1.0 TTLZERO :12006_31_1682398825.591494
[Mon Apr 24 2023 22:00:26.990093] r UCASTAPP :12010 0 - 43 {:12000_3} :12000 :12006 32582 353UDT/1.0 PING :12000_26_1682398826.943470
[Mon Apr 24 2023 22:00:26.990568] i UCASTAPP :12010 9 - 46 {:12010_3} :12010 :12000 1 353UDT/1.0 TTLZERO :12000_26_1682398826.943470
	[1]	353NET/1.0 UCASTAPP
	[1]	TTL: 9
	[1]	Flood: 0
	[1]	MessageID: :12010_33_1682398826.990381
	[1]	From: :12010
	[1]	To: :12000
	[1]	Next-Layer: 1
	[1]	Content-Length: 46
	[1]	
	[1]	353UDT/1.0 TTLZERO :12000_26_1682398826.943470
[Mon Apr 24 2023 22:00:28.738827] r UCASTAPP :12010 2 - 43 {:12006_3} :12006 :12000 1 353UDT/1.0 PING :12006_34_1682398828.692678
[Mon Apr 24 2023 22:00:28.739432] f UCASTAPP :12010 2 - 43 {:12006_3} :12006 :12000 1 353UDT/1.0 PING :12006_34_1682398828.692678
	[1]	353NET/1.0 UCASTAPP
	[1]	TTL: 2
	[1]	Flood: 0
	[1]	MessageID: :12006_34_1682398828.738795
	[1]	From: :12006
	[1]	To: :12000
	[1]	Next-Layer: 1
	[1]	Content-Length: 43
	[1]	
	[1]	353UDT/1.0 PING :12006_34_1682398828.692678
[Mon Apr 24 2023 22:00:28.743060] r UCASTAPP :12010 7 - 43 {:12000_3} :12000 :12006 1 353UDT/1.0 PONG :12006_34_1682398828.692678
[Mon Apr 24 2023 22:00:28.743522] f UCASTAPP :12010 7 - 43 {:12000_3} :12000 :12006 1 353UDT/1.0 PONG :12006_34_1682398828.692678
	[2]	353NET/1.0 UCASTAPP
	[2]	TTL: 7
	[2]	Flood: 0
	[2]	MessageID: :12000_35_1682398828.743039
	[2]	From: :12000
	[2]	To: :12006
	[2]	Next-Layer: 1
	[2]	Content-Length: 43
	[2]	
	[2]	353UDT/1.0 PONG :12006_34_1682398828.692678
[Mon Apr 24 2023 22:00:30.046612] r UCASTAPP :12010 1 - 43 {:12000_3} :12000 :12006 1 353UDT/1.0 PING :12000_31_1682398830.044591
[Mon Apr 24 2023 22:00:30.047050] f UCASTAPP :12010 1 - 43 {:12000_3} :12000 :12006 1 353UDT/1.0 PING :12000_31_1682398830.044591
	[2]	353NET/1.0 UCASTAPP
	[2]	TTL: 1
	[2]	Flood: 0
	[2]	MessageID: :12000_36_1682398830.046591
	[2]	From: :12000
	[2]	To: :12006
	[2]	Next-Layer: 1
	[2]	Content-Length: 43
	[2]	
	[2]	353UDT/1.0 PING :12000_31_1682398830.044591
[Mon Apr 24 2023 22:00:30.048529] r UCASTAPP :12010 8 - 46 {:12008_3} :12008 :12000 1 353UDT/1.0 TTLZERO :12000_31_1682398830.044591
[Mon Apr 24 2023 22:00:30.048874] f UCASTAPP :12010 8 - 46 {:12008_3} :12008 :12000 1 353UDT/1.0 TTLZERO :12000_31_1682398830.044591
	[1]	353NET/1.0 UCASTAPP
	[1]	TTL: 8
	[1]	Flood: 0
	[1]	MessageID: :12008_37_1682398830.048510
	[1]	From: :12008
	[1]	To: :12000
	[1]	Next-Layer: 1
	[1]	Content-Length: 46
	[1]	
	[1]	353UDT/1.0 TTLZERO :12000_31_1682398830.044591
[Mon Apr 24 2023 22:00:33.188906] r UCASTAPP :12010 2 - 43 {:12000_3} :12000 :12006 1 353UDT/1.0 PING :12000_34_1682398833.146030
[Mon Apr 24 2023 22:00:33.189423] f UCASTAPP :12010 2 - 43 {:12000_3} :12000 :12006 1 353UDT/1.0 PING :12000_34_1682398833.146030
	[2]	353NET/1.0 UCASTAPP
	[2]	TTL: 2
	[2]	Flood: 0
	[2]	MessageID: :12000_38_1682398833.188873
	[2]	From: :12000
	[2]	To: :12006
	[2]	Next-Layer: 1
	[2]	Content-Length: 43
	[2]	
	[2]	353UDT/1.0 PING :12000_34_1682398833.146030
[Mon Apr 24 2023 22:00:33.192984] r UCASTAPP :12010 7 - 43 {:12006_3} :12006 :12000 1 353UDT/1.0 PONG :12000_34_1682398833.146030
[Mon Apr 24 2023 22:00:33.193311] f UCASTAPP :12010 7 - 43 {:12006_3} :12006 :12000 1 353UDT/1.0 PONG :12000_34_1682398833.146030
	[1]	353NET/1.0 UCASTAPP
	[1]	TTL: 7
	[1]	Flood: 0
	[1]	MessageID: :12006_39_1682398833.192953
	[1]	From: :12006
	[1]	To: :12000
	[1]	Next-Layer: 1
	[1]	Content-Length: 43
	[1]	
	[1]	353UDT/1.0 PONG :12000_34_1682398833.146030
[Mon Apr 24 2023 22:00:35.825572] r LSUPDATE :12010 8 1 13 {:12002_6} 1682398767.176769 :12002 (:12000,:12010)
[Mon Apr 24 2023 22:00:35.825826] d LSUPDATE :12010 8 1 13 {:12002_6} 1682398767.176769 :12002 (:12000,:12010)
	[2]	353NET/1.0 LSUPDATE
	[2]	TTL: 9
	[2]	Flood: 1;reason=2
	[2]	MessageID: :12002_60_1682398835.824916
	[2]	From: :12002
	[2]	OriginStartTime: 1682398767.176769
	[2]	Content-Length: 13
	[2]	
	[2]	:12000,:12010
[Mon Apr 24 2023 22:00:37.169327] i LSUPDATE :12010 9 1 13 {:12010_4} 1682398781.605243 :12010 (:12002,:12008)
[Mon Apr 24 2023 22:00:37.169327] i LSUPDATE :12010 9 1 13 {:12010_4} 1682398781.605243 :12010 (:12002,:12008)
[Mon Apr 24 2023 22:00:37.169372] i LSUPDATE :12010 9 1 13 {:12010_4} 1682398781.605243 :12010 (:12002,:12008)
	[1]	353NET/1.0 LSUPDATE
	[1]	TTL: 9
	[1]	Flood: 1;reason=2
	[1]	MessageID: :12010_40_1682398837.169184
	[1]	From: :12010
	[1]	OriginStartTime: 1682398781.605243
	[1]	Content-Length: 13
	[1]	
	[1]	:12002,:12008
[Mon Apr 24 2023 22:00:37.169606] Socket-writing thread has terminated
	[2]	353NET/1.0 LSUPDATE
	[2]	TTL: 9
	[2]	Flood: 1;reason=2
	[2]	MessageID: :12010_41_1682398837.169271
	[2]	From: :12010
	[2]	OriginStartTime: 1682398781.605243
	[2]	Content-Length: 13
	[2]	
	[2]	:12002,:12008
[Mon Apr 24 2023 22:00:37.169966] Socket-reading thread has joined with socket-writing thread
[Mon Apr 24 2023 22:00:41.563345] r LSUPDATE :12010 8 1 13 {:12008_3} 1682398779.153195 :12008 (:12006,:12010)
[Mon Apr 24 2023 22:00:42.816221] i LSUPDATE :12010 9 1 6 {:12010_4} 1682398781.605243 :12010 (:12008)
	[2]	353NET/1.0 LSUPDATE
	[2]	TTL: 9
	[2]	Flood: 1;reason=2
	[2]	MessageID: :12010_42_1682398842.816013
	[2]	From: :12010
	[2]	OriginStartTime: 1682398781.605243
	[2]	Content-Length: 6
	[2]	
	[2]	:12008
[Mon Apr 24 2023 22:00:42.816487] Socket-writing thread has terminated
[Mon Apr 24 2023 22:00:42.816943] Socket-reading thread has joined with socket-writing thread
[Mon Apr 24 2023 22:00:44.180676] Reaper has joined with connection thread.
[Mon Apr 24 2023 22:00:45.611931] STOP: port=12010
