[Mon Apr 24 2023 21:59:39.150576] START: port=12008, rootdir=lab11data
[Mon Apr 24 2023 21:59:39.151982] i SAYHELLO :12008 1 - 0
	[1]	353NET/1.0 SAYHELLO
	[1]	TTL: 9
	[1]	Flood: 0
	[1]	From: :12008
	[1]	Content-Length: 0
 	[1]	
[Mon Apr 24 2023 21:59:39.153132] r SAYHELLO :12006 1 - 0
[Mon Apr 24 2023 21:59:39.153329] i LSUPDATE :12008 9 1 6 {:12008_2} 1682398779.153195 :12008 (:12006)
	[1]	353NET/1.0 LSUPDATE
	[1]	TTL: 9
	[1]	Flood: 1;reason=1
	[1]	MessageID: :12008_2_1682398779.153198
	[1]	From: :12008
	[1]	OriginStartTime: 1682398779.153195
	[1]	Content-Length: 6
	[1]	
	[1]	:12006
[Mon Apr 24 2023 21:59:39.153630] r LSUPDATE :12008 8 1 13 {:12006_7} 1682398774.885239 :12006 (:12004,:12008)
[Mon Apr 24 2023 21:59:39.153879] i LSUPDATE :12008 9 1 6 {:12008_3} 1682398779.153195 :12008 (:12006)
	[1]	353NET/1.0 LSUPDATE
	[1]	TTL: 9
	[1]	Flood: 1;reason=3
	[1]	MessageID: :12008_3_1682398779.153706
	[1]	From: :12008
	[1]	OriginStartTime: 1682398779.153195
	[1]	Content-Length: 6
	[1]	
	[1]	:12006
[Mon Apr 24 2023 21:59:39.154527] r LSUPDATE :12008 8 1 13 {:12006_9} 1682398774.885239 :12006 (:12004,:12008)
[Mon Apr 24 2023 21:59:39.156150] r LSUPDATE :12008 8 1 13 {:12004_1} 1682398770.812765 :12004 (:12002,:12006)
[Mon Apr 24 2023 21:59:39.156335] i LSUPDATE :12008 9 1 6 {:12008_4} 1682398779.153195 :12008 (:12006)
	[1]	353NET/1.0 LSUPDATE
	[1]	TTL: 9
	[1]	Flood: 1;reason=3
	[1]	MessageID: :12008_4_1682398779.156219
	[1]	From: :12008
	[1]	OriginStartTime: 1682398779.153195
	[1]	Content-Length: 6
	[1]	
	[1]	:12006
[Mon Apr 24 2023 21:59:39.157215] r LSUPDATE :12008 8 1 13 {:12002_1} 1682398767.176769 :12002 (:12000,:12004)
[Mon Apr 24 2023 21:59:39.157423] i LSUPDATE :12008 9 1 6 {:12008_5} 1682398779.153195 :12008 (:12006)
	[1]	353NET/1.0 LSUPDATE
	[1]	TTL: 9
	[1]	Flood: 1;reason=3
	[1]	MessageID: :12008_5_1682398779.157263
	[1]	From: :12008
	[1]	OriginStartTime: 1682398779.153195
	[1]	Content-Length: 6
	[1]	
	[1]	:12006
[Mon Apr 24 2023 21:59:39.158604] r LSUPDATE :12008 8 1 6 {:12000_6} 1682398767.176263 :12000 (:12002)
[Mon Apr 24 2023 21:59:39.158811] i LSUPDATE :12008 9 1 6 {:12008_6} 1682398779.153195 :12008 (:12006)
	[1]	353NET/1.0 LSUPDATE
	[1]	TTL: 9
	[1]	Flood: 1;reason=3
	[1]	MessageID: :12008_6_1682398779.158659
	[1]	From: :12008
	[1]	OriginStartTime: 1682398779.153195
	[1]	Content-Length: 6
	[1]	
	[1]	:12006
[Mon Apr 24 2023 21:59:41.604530] CONNECT[2]: 127.0.0.1:12008
[Mon Apr 24 2023 21:59:41.605462] r SAYHELLO :12010 1 - 0
[Mon Apr 24 2023 21:59:41.605557] i SAYHELLO :12008 1 - 0
	[2]	353NET/1.0 SAYHELLO
	[2]	TTL: 9
	[2]	Flood: 0
	[2]	From: :12008
	[2]	Content-Length: 0
 	[2]	
[Mon Apr 24 2023 21:59:41.605714] i LSUPDATE :12008 9 1 13 {:12008_7} 1682398779.153195 :12008 (:12006,:12010)
[Mon Apr 24 2023 21:59:41.605753] i LSUPDATE :12008 9 1 13 {:12008_8} 1682398779.153195 :12008 (:12006,:12010)
	[1]	353NET/1.0 LSUPDATE
	[1]	353NET/1.0 LSUPDATE
	[2]	353NET/1.0 LSUPDATE
	[1]	TTL: 9
	[2]	TTL: 9
	[1]	Flood: 1;reason=1
	[2]	Flood: 1;reason=1
	[1]	MessageID: :12008_7_1682398781.605534
	[2]	MessageID: :12008_8_1682398781.605547
	[1]	From: :12008
	[2]	From: :12008
	[1]	OriginStartTime: 1682398779.153195
	[2]	OriginStartTime: 1682398779.153195
	[1]	Content-Length: 13
	[2]	Content-Length: 13
	[1]	
	[2]	
	[1]	:12006,:12010
	[2]	:12006,:12010
[Mon Apr 24 2023 21:59:41.606193] r LSUPDATE :12008 8 1 13 {:12010_3} 1682398781.605243 :12010 (:12002,:12008)
[Mon Apr 24 2023 21:59:41.606333] d LSUPDATE :12008 8 1 13 {:12010_3} 1682398781.605243 :12010 (:12002,:12008)
[Mon Apr 24 2023 21:59:41.606384] i LSUPDATE :12008 9 1 13 {:12008_1} 1682398779.153195 :12008 (:12006,:12010)
	[1]	353NET/1.0 LSUPDATE
	[1]	TTL: 9
	[1]	Flood: 1;reason=1
	[1]	MessageID: :12010_3_1682398781.605262
	[1]	From: :12010
	[1]	OriginStartTime: 1682398781.605243
	[1]	Content-Length: 13
	[1]	
	[1]	:12002,:12008
[Mon Apr 24 2023 21:59:41.606531] r LSUPDATE :12008 8 1 20 {:12002_1} 1682398767.176769 :12002 (:12000,:12004,:12010)
[Mon Apr 24 2023 21:59:41.606539] i LSUPDATE :12008 9 1 13 {:12008_9} 1682398779.153195 :12008 (:12006,:12010)
	[1]	353NET/1.0 LSUPDATE
	[1]	TTL: 9
	[1]	Flood: 1;reason=3
	[1]	MessageID: :12008_9_1682398781.606244
	[1]	From: :12008
	[1]	OriginStartTime: 1682398779.153195
	[1]	Content-Length: 13
	[1]	
	[1]	:12006,:12010
[Mon Apr 24 2023 21:59:41.606784] r LSUPDATE :12008 8 1 13 {:12010_5} 1682398781.605243 :12010 (:12002,:12008)
[Mon Apr 24 2023 21:59:41.606809] d LSUPDATE :12008 8 1 20 {:12002_1} 1682398767.176769 :12002 (:12000,:12004,:12010)
	[1]	353NET/1.0 LSUPDATE
	[1]	TTL: 9
	[1]	Flood: 1;reason=1
	[1]	MessageID: :12002_14_1682398781.604959
	[1]	From: :12002
	[1]	OriginStartTime: 1682398767.176769
	[1]	Content-Length: 20
	[1]	
	[1]	:12000,:12004,:12010
[Mon Apr 24 2023 21:59:41.606962] d LSUPDATE :12008 8 1 13 {:12010_5} 1682398781.605243 :12010 (:12002,:12008)
[Mon Apr 24 2023 21:59:41.607043] r LSUPDATE :12008 8 1 13 {:12010_7} 1682398781.605243 :12010 (:12002,:12008)
[Mon Apr 24 2023 21:59:41.607097] r LSUPDATE :12008 8 1 20 {:12002_1} 1682398767.176769 :12002 (:12000,:12004,:12010)
[Mon Apr 24 2023 21:59:41.607097] r LSUPDATE :12008 8 1 20 {:12002_1} 1682398767.176769 :12002 (:12000,:12004,:12010)
	[2]	353NET/1.0 LSUPDATE
	[2]	TTL: 9
	[2]	Flood: 1;reason=3
	[2]	MessageID: :12008_10_1682398781.606252
	[2]	From: :12008
	[2]	OriginStartTime: 1682398779.153195
	[2]	Content-Length: 13
	[2]	
	[2]	:12006,:12010
[Mon Apr 24 2023 21:59:41.607196] d LSUPDATE :12008 8 1 20 {:12002_1} 1682398767.176769 :12002 (:12000,:12004,:12010)
	[2]	353NET/1.0 LSUPDATE
	[2]	TTL: 9
	[2]	Flood: 1;reason=1
	[2]	MessageID: :12002_13_1682398781.604881
	[2]	From: :12002
	[2]	OriginStartTime: 1682398767.176769
	[2]	Content-Length: 20
	[2]	
	[2]	:12000,:12004,:12010
[Mon Apr 24 2023 21:59:41.607628] r LSUPDATE :12008 8 1 13 {:12006_1} 1682398774.885239 :12006 (:12004,:12008)
	[1]	353NET/1.0 LSUPDATE
	[1]	TTL: 9
.0 LSUPDATE
[Mon Apr 24 2023 21:59:41.608177] r LSUPDATE :12008 8 1 13 {:12010_9} 1682398781.605243 :12010 (:12002,:12008)
	[1]	TTL: 9
	[1]	Flood: 1;reason=3
	[1]	MessageID: :12010_5_1682398781.605746
	[1]	From: :12010
	[1]	OriginStartTime: 1682398781.605243
	[1]	Content-Length: 13
	[1]	
	[1]	:12002,:12008
[Mon Apr 24 2023 21:59:41.608264] d LSUPDATE :12008 8 1 13 {:12010_7} 1682398781.605243 :12010 (:12002,:12008)
	[1]	353NET/1.0 LSUPDATE
	[1]	TTL: 9
	[1]	Flood: 1;reason=1
	[1]	MessageID: :12010_7_1682398781.606181
	[1]	From: :12010
	[1]	OriginStartTime: 1682398781.605243
	[1]	Content-Length: 13
	[1]	
	[1]	:12002,:12008
[Mon Apr 24 2023 21:59:41.608374] d LSUPDATE :12008 8 1 13 {:12010_9} 1682398781.605243 :12010 (:12002,:12008)
	[1]	353NET/1.0 LSUPDATE
	[1]	TTL: 9
	[1]	Flood: 1;reason=3
	[1]	MessageID: :12010_9_1682398781.606933
	[1]	From: :12010
	[1]	OriginStartTime: 1682398781.605243
	[1]	Content-Length: 13
	[1]	
	[1]	:12002,:12008
[Mon Apr 24 2023 21:59:41.608779] d LSUPDATE :12008 8 1 13 {:12006_1} 1682398774.885239 :12006 (:12004,:12008)
	[2]	353NET/1.0 LSUPDATE
	[2]	TTL: 9
	[2]	Flood: 1;reason=3
	[2]	MessageID: :12006_11_1682398781.607022
	[2]	From: :12006
	[2]	OriginStartTime: 1682398774.885239
	[2]	Content-Length: 13
	[2]	
	[2]	:12004,:12008
[Mon Apr 24 2023 21:59:41.608970] r LSUPDATE :12008 8 1 13 {:12010_2} 1682398781.605243 :12010 (:12002,:12008)
[Mon Apr 24 2023 21:59:41.609242] r LSUPDATE :12008 8 1 13 {:12004_1} 1682398770.812765 :12004 (:12002,:12006)
[Mon Apr 24 2023 21:59:41.609329] d LSUPDATE :12008 8 1 13 {:12010_2} 1682398781.605243 :12010 (:12002,:12008)
	[2]	353NET/1.0 LSUPDATE
	[2]	TTL: 9
	[2]	Flood: 1;reason=1
	[2]	MessageID: :12010_2_1682398781.605245
	[2]	From: :12010
	[2]	OriginStartTime: 1682398781.605243
	[2]	Content-Length: 13
	[2]	
	[2]	:12002,:12008
[Mon Apr 24 2023 21:59:41.609439] d LSUPDATE :12008 8 1 13 {:12004_1} 1682398770.812765 :12004 (:12002,:12006)
	[2]	353NET/1.0 LSUPDATE
	[2]	TTL: 9
	[2]	Flood: 1;reason=3
	[2]	MessageID: :12004_12_1682398781.606472
	[2]	From: :12004
	[2]	OriginStartTime: 1682398770.812765
	[2]	Content-Length: 13
	[2]	
	[2]	:12002,:12006
[Mon Apr 24 2023 21:59:41.609635] r LSUPDATE :12008 8 1 20 {:12002_1} 1682398767.176769 :12002 (:12000,:12004,:12010)
[Mon Apr 24 2023 21:59:41.610101] d LSUPDATE :12008 8 1 20 {:12002_1} 1682398767.176769 :12002 (:12000,:12004,:12010)
[Mon Apr 24 2023 21:59:41.610498] r LSUPDATE :12008 8 1 20 {:12002_1} 1682398767.176769 :12002 (:12000,:12004,:12010)
[Mon Apr 24 2023 21:59:41.610555] d LSUPDATE :12008 8 1 20 {:12002_1} 1682398767.176769 :12002 (:12000,:12004,:12010)
	[1]	353NET/1.0 LSUPDATE
	[1]	TTL: 9
	[1]	Flood: 1;reason=3
	[1]	MessageID: :12002_17_1682398781.607013
	[1]	From: :12002
	[1]	OriginStartTime: 1682398767.176769
	[1]	Content-Length: 20
	[1]	
	[1]	:12000,:12004,:12010
	[2]	353NET/1.0 LSUPDATE
	[2]	TTL: 9
	[2]	Flood: 1;reason=3
	[2]	MessageID: :12002_16_1682398781.606209
	[2]	From: :12002
	[2]	OriginStartTime: 1682398767.176769
	[2]	Content-Length: 20
	[2]	
	[2]	:12000,:12004,:12010
[Mon Apr 24 2023 21:59:41.611298] r LSUPDATE :12008 8 1 13 {:12010_1} 1682398781.605243 :12010 (:12002,:12008)
[Mon Apr 24 2023 21:59:41.611377] d LSUPDATE :12008 8 1 13 {:12010_1} 1682398781.605243 :12010 (:12002,:12008)
	[1]	353NET/1.0 LSUPDATE
	[1]	TTL: 9
	[1]	Flood: 1;reason=3
	[1]	MessageID: :12010_11_1682398781.609749
	[1]	From: :12010
	[1]	OriginStartTime: 1682398781.605243
	[1]	Content-Length: 13
	[1]	
	[1]	:12002,:12008
[Mon Apr 24 2023 21:59:41.611889] r LSUPDATE :12008 8 1 6 {:12000_7} 1682398767.176263 :12000 (:12002)
[Mon Apr 24 2023 21:59:41.611954] d LSUPDATE :12008 8 1 6 {:12000_7} 1682398767.176263 :12000 (:12002)
	[1]	353NET/1.0 LSUPDATE
	[1]	TTL: 9
	[1]	Flood: 1;reason=3
	[1]	MessageID: :12000_7_1682398781.606467
	[1]	From: :12000
	[1]	OriginStartTime: 1682398767.176263
	[1]	Content-Length: 6
	[1]	
	[1]	:12002
[Mon Apr 24 2023 21:59:41.612179] r LSUPDATE :12008 8 1 13 {:12010_1} 1682398781.605243 :12010 (:12002,:12008)
[Mon Apr 24 2023 21:59:41.612237] d LSUPDATE :12008 8 1 13 {:12010_1} 1682398781.605243 :12010 (:12002,:12008)
	[1]	353NET/1.0 LSUPDATE
	[1]	TTL: 9
	[1]	Flood: 1;reason=3
	[1]	MessageID: :12010_13_1682398781.610006
	[1]	From: :12010
	[1]	OriginStartTime: 1682398781.605243
	[1]	Content-Length: 13
	[1]	
	[1]	:12002,:12008
[Mon Apr 24 2023 21:59:41.612448] r LSUPDATE :12008 8 1 13 {:12004_1} 1682398770.812765 :12004 (:12002,:12006)
[Mon Apr 24 2023 21:59:41.612703] r LSUPDATE :12008 8 1 6 {:12000_7} 1682398767.176263 :12000 (:12002)
[Mon Apr 24 2023 21:59:41.612771] r LSUPDATE :12008 8 1 13 {:12010_1} 1682398781.605243 :12010 (:12002,:12008)
[Mon Apr 24 2023 21:59:41.612951] d LSUPDATE :12008 8 1 13 {:12004_1} 1682398770.812765 :12004 (:12002,:12006)
	[1]	353NET/1.0 LSUPDATE
	[1]	TTL: 9
	[1]	Flood: 1;reason=3
	[1]	MessageID: :12004_11_1682398781.606459
	[1]	From: :12004
	[1]	OriginStartTime: 1682398770.812765
	[1]	Content-Length: 13
	[1]	
	[1]	:12002,:12006
[Mon Apr 24 2023 21:59:41.613097] r LSUPDATE :12008 8 1 13 {:12010_4} 1682398781.605243 :12010 (:12002,:12008)
[Mon Apr 24 2023 21:59:41.613323] d LSUPDATE :12008 8 1 13 {:12010_4} 1682398781.605243 :12010 (:12002,:12008)
[Mon Apr 24 2023 21:59:41.613356] r LSUPDATE :12008 8 1 13 {:12008_7} 1682398779.153195 :12008 (:12006,:12010)
[Mon Apr 24 2023 21:59:41.613396] r LSUPDATE :12008 8 1 13 {:12010_6} 1682398781.605243 :12010 (:12002,:12008)
[Mon Apr 24 2023 21:59:41.613396] r LSUPDATE :12008 8 1 13 {:12010_6} 1682398781.605243 :12010 (:12002,:12008)
	[2]	353NET/1.0 LSUPDATE
[Mon Apr 24 2023 21:59:41.613101] d LSUPDATE :12008 8 1 13 {:12010_1} 1682398781.605243 :12010 (:12002,:12008)
	[2]	TTL: 9
	[2]	Flood: 1;reason=3
1.613101] d LSUPDATE :12008 8 1 13 {:12010_1} 1682398781.605243 :12010 (:12002,:12008)
	[2]	Flood: 1;reason=3
	[2]	MessageID: :12010_4_1682398781.605728
	[2]	From: :12010
	[2]	OriginStartTime: 1682398781.605243
	[2]	Content-Length: 13
	[2]	
	[2]	:12002,:12008
[Mon Apr 24 2023 21:59:41.613516] d LSUPDATE :12008 8 1 13 {:12010_6} 1682398781.605243 :12010 (:12002,:12008)
	[2]	353NET/1.0 LSUPDATE
	[2]	TTL: 9
	[2]	Flood: 1;reason=1
	[2]	MessageID: :12010_6_1682398781.606170
	[2]	From: :12010
	[2]	OriginStartTime: 1682398781.605243
	[2]	Content-Length: 13
	[2]	
	[2]	:12002,:12008
	[1]	353NET/1.0 LSUPDATE
	[1]	TTL: 9
	[1]	Flood: 1;reason=3
	[1]	MessageID: :12010_15_1682398781.610727
	[1]	From: :12010
	[1]	OriginStartTime: 1682398781.605243
	[1]	Content-Length: 13
	[1]	
	[1]	:12002,:12008
[Mon Apr 24 2023 21:59:41.613756] r LSUPDATE :12008 8 1 13 {:12008_8} 1682398779.153195 :12008 (:12006,:12010)
[Mon Apr 24 2023 21:59:41.613814] r LSUPDATE :12008 8 1 13 {:12006_1} 1682398774.885239 :12006 (:12004,:12008)
[Mon Apr 24 2023 21:59:41.613877] d LSUPDATE :12008 8 1 13 {:12006_1} 1682398774.885239 :12006 (:12004,:12008)
	[1]	353NET/1.0 LSUPDATE
	[1]	TTL: 9
	[1]	Flood: 1;reason=3
	[1]	MessageID: :12006_10_1682398781.607012
	[1]	From: :12006
	[1]	OriginStartTime: 1682398774.885239
	[1]	Content-Length: 13
	[1]	
	[1]	:12004,:12008
[Mon Apr 24 2023 21:59:41.614380] r LSUPDATE :12008 8 1 13 {:12010_8} 1682398781.605243 :12010 (:12002,:12008)
[Mon Apr 24 2023 21:59:41.614655] r LSUPDATE :12008 8 1 13 {:12008_1} 1682398779.153195 :12008 (:12006,:12010)
[Mon Apr 24 2023 21:59:41.614704] d LSUPDATE :12008 8 1 13 {:12010_8} 1682398781.605243 :12010 (:12002,:12008)
	[2]	353NET/1.0 LSUPDATE
	[2]	TTL: 9
	[2]	Flood: 1;reason=3
	[2]	MessageID: :12010_8_1682398781.606923
	[2]	From: :12010
	[2]	OriginStartTime: 1682398781.605243
	[2]	Content-Length: 13
	[2]	
	[2]	:12002,:12008
[Mon Apr 24 2023 21:59:41.615999] r LSUPDATE :12008 8 1 13 {:12008_9} 1682398779.153195 :12008 (:12006,:12010)
[Mon Apr 24 2023 21:59:41.616639] r LSUPDATE :12008 8 1 13 {:12010_1} 1682398781.605243 :12010 (:12002,:12008)
[Mon Apr 24 2023 21:59:41.616803] d LSUPDATE :12008 8 1 13 {:12010_1} 1682398781.605243 :12010 (:12002,:12008)
	[2]	353NET/1.0 LSUPDATE
	[2]	TTL: 9
	[2]	Flood: 1;reason=3
	[2]	MessageID: :12010_10_1682398781.609738
	[2]	From: :12010
	[2]	OriginStartTime: 1682398781.605243
:41.616977] r LSUPDATE :12008 8 1 13 {:12010_1} 1682398781.605243 :12010 (:12002,:12008)
	[2]	OriginStartTime: 1682398781.605243
	[2]	Content-Length: 13
	[2]	
	[2]	:12002,:12008
[Mon Apr 24 2023 21:59:41.617044] d LSUPDATE :12008 8 1 13 {:12010_1} 1682398781.605243 :12010 (:12002,:12008)
	[2]	353NET/1.0 LSUPDATE
	[2]	TTL: 9
	[2]	Flood: 1;reason=3
	[2]	MessageID: :12010_12_1682398781.609996
	[2]	From: :12010
	[2]	OriginStartTime: 1682398781.605243
	[2]	Content-Length: 13
	[2]	
	[2]	:12002,:12008
[Mon Apr 24 2023 21:59:41.617224] r LSUPDATE :12008 8 1 13 {:12010_1} 1682398781.605243 :12010 (:12002,:12008)
[Mon Apr 24 2023 21:59:41.617350] d LSUPDATE :12008 8 1 13 {:12010_1} 1682398781.605243 :12010 (:12002,:12008)
	[2]	353NET/1.0 LSUPDATE
	[2]	TTL: 9
	[2]	Flood: 1;reason=3
	[2]	MessageID: :12010_14_1682398781.610713
	[2]	From: :12010
	[2]	OriginStartTime: 1682398781.605243
	[2]	Content-Length: 13
	[2]	
	[2]	:12002,:12008
[Mon Apr 24 2023 21:59:56.139734] r UCASTAPP :12008 0 - 43 {:12000_1} :12000 :12008 0 353UDT/1.0 PING :12000_14_1682398796.090614
[Mon Apr 24 2023 21:59:56.140186] i UCASTAPP :12008 9 - 43 {:12008_1} :12008 :12000 1 353UDT/1.0 PONG :12000_14_1682398796.090614
	[2]	353NET/1.0 UCASTAPP
	[2]	TTL: 9
	[2]	Flood: 0
	[2]	MessageID: :12008_12_1682398796.140013
	[2]	From: :12008
	[2]	To: :12000
	[2]	Next-Layer: 1
	[2]	Content-Length: 43
	[2]	
	[2]	353UDT/1.0 PONG :12000_14_1682398796.090614
[Mon Apr 24 2023 21:59:57.330814] r UCASTAPP :12008 0 - 43 {:12002_1} :12002 :12008 0 353UDT/1.0 PING :12002_27_1682398797.328388
[Mon Apr 24 2023 21:59:57.331253] i UCASTAPP :12008 9 - 43 {:12008_1} :12008 :12002 1 353UDT/1.0 PONG :12002_27_1682398797.328388
	[2]	353NET/1.0 UCASTAPP
	[2]	TTL: 9
	[2]	Flood: 0
	[2]	MessageID: :12008_14_1682398797.331108
	[2]	From: :12008
	[2]	To: :12002
	[2]	Next-Layer: 1
	[2]	Content-Length: 43
	[2]	
	[2]	353UDT/1.0 PONG :12002_27_1682398797.328388
[Mon Apr 24 2023 22:00:20.572325] r LSUPDATE :12008 8 1 6 {:12004_2} 1682398770.812765 :12004 (:12006)
[Mon Apr 24 2023 22:00:20.572428] r LSUPDATE :12008 8 1 20 {:12002_3} 1682398767.176769 :12002 (:12000,:12004,:12010)
[Mon Apr 24 2023 22:00:20.572600] d LSUPDATE :12008 8 1 6 {:12004_2} 1682398770.812765 :12004 (:12006)
[Mon Apr 24 2023 22:00:20.572665] d LSUPDATE :12008 8 1 20 {:12002_3} 1682398767.176769 :12002 (:12000,:12004,:12010)
[Mon Apr 24 2023 22:00:20.572730] r LSUPDATE :12008 8 1 13 {:12006_2} 1682398774.885239 :12006 (:12004,:12008)
	[2]	353NET/1.0 LSUPDATE
	[2]	TTL: 9
	[2]	Flood: 1;reason=2
	[2]	MessageID: :12004_21_1682398820.571026
	[2]	From: :12004
	[2]	OriginStartTime: 1682398770.812765
	[2]	Content-Length: 6
	[2]	
	[2]	:12006
[Mon Apr 24 2023 22:00:20.572966] d LSUPDATE :12008 8 1 13 {:12006_2} 1682398774.885239 :12006 (:12004,:12008)
	[2]	353NET/1.0 LSUPDATE
	[2]	TTL: 9
	[2]	Flood: 1;reason=2
	[2]	MessageID: :12006_25_1682398820.571821
	[2]	From: :12006
	[2]	OriginStartTime: 1682398774.885239
	[2]	Content-Length: 13
	[2]	
	[2]	:12004,:12008
	[1]	353NET/1.0 LSUPDATE
	[1]	TTL: 9
	[1]	Flood: 1;reason=2
	[1]	MessageID: :12002_36_1682398820.571133
	[1]	From: :12002
	[1]	OriginStartTime: 1682398767.176769
	[1]	Content-Length: 20
	[1]	
	[1]	:12000,:12004,:12010
[Mon Apr 24 2023 22:00:20.628834] r LSUPDATE :12008 8 1 6 {:12000_1} 1682398767.176263 :12000 (:12002)
[Mon Apr 24 2023 22:00:20.629156] d LSUPDATE :12008 8 1 6 {:12000_1} 1682398767.176263 :12000 (:12002)
[Mon Apr 24 2023 22:00:20.629231] r LSUPDATE :12008 8 1 13 {:12002_3} 1682398767.176769 :12002 (:12000,:12010)
	[1]	353NET/1.0 LSUPDATE
	[1]	TTL: 9
	[1]	Flood: 1;reason=3
	[1]	MessageID: :12000_19_1682398820.571720
	[1]	From: :12000
	[1]	OriginStartTime: 1682398767.176263
	[1]	Content-Length: 6
	[1]	
	[1]	:12002
[Mon Apr 24 2023 22:00:20.629560] d LSUPDATE :12008 8 1 13 {:12002_3} 1682398767.176769 :12002 (:12000,:12010)
	[1]	353NET/1.0 LSUPDATE
	[1]	TTL: 9
	[1]	Flood: 1;reason=3
	[1]	MessageID: :12002_38_1682398820.573922
	[1]	From: :12002
	[1]	OriginStartTime: 1682398767.176769
	[1]	Content-Length: 13
	[1]	
	[1]	:12000,:12010
[Mon Apr 24 2023 22:00:20.629738] i LSUPDATE :12008 9 1 13 {:12008_1} 1682398779.153195 :12008 (:12006,:12010)
	[1]	353NET/1.0 LSUPDATE
	[1]	TTL: 9
	[1]	Flood: 1;reason=3
	[1]	MessageID: :12008_15_1682398820.629292
	[1]	From: :12008
	[2]	353NET/1.0 LSUPDATE
	[1]	OriginStartTime: 1682398779.153195
	[1]	Content-Length: 13

	[1]	OriginStartTime: 1682398779.153195
	[1]	Content-Length: 13
	[1]	
L: 9
	[1]	
	[1]	:12006,:12010
=3
	[1]	:12006,:12010
	[2]	MessageID: :12008_16_1682398820.629302
	[2]	From: :12008
	[2]	OriginStartTime: 1682398779.153195
	[2]	Content-Length: 13
	[2]	
	[2]	:12006,:12010
[Mon Apr 24 2023 22:00:20.629930] r LSUPDATE :12008 8 1 13 {:12010_2} 1682398781.605243 :12010 (:12002,:12008)
[Mon Apr 24 2023 22:00:20.630144] d LSUPDATE :12008 8 1 13 {:12010_2} 1682398781.605243 :12010 (:12002,:12008)
	[1]	353NET/1.0 LSUPDATE
	[1]	TTL: 9
	[1]	Flood: 1;reason=3
	[1]	MessageID: :12010_25_1682398820.574933
	[1]	From: :12010
	[1]	OriginStartTime: 1682398781.605243
	[1]	Content-Length: 13
	[1]	
	[1]	:12002,:12008
[Mon Apr 24 2023 22:00:20.630393] r LSUPDATE :12008 8 1 13 {:12002_4} 1682398767.176769 :12002 (:12000,:12010)
[Mon Apr 24 2023 22:00:20.630589] d LSUPDATE :12008 8 1 13 {:12002_4} 1682398767.176769 :12002 (:12000,:12010)
[Mon Apr 24 2023 22:00:20.630816] r LSUPDATE :12008 8 1 13 {:12002_4} 1682398767.176769 :12002 (:12000,:12010)
	[1]	353NET/1.0 LSUPDATE
	[1]	TTL: 9
	[1]	Flood: 1;reason=3
	[1]	MessageID: :12002_40_1682398820.574881
	[1]	From: :12002
	[1]	OriginStartTime: 1682398767.176769
	[1]	Content-Length: 13
	[1]	
	[1]	:12000,:12010
[Mon Apr 24 2023 22:00:20.630954] d LSUPDATE :12008 8 1 13 {:12002_4} 1682398767.176769 :12002 (:12000,:12010)
	[1]	353NET/1.0 LSUPDATE
	[1]	TTL: 9
	[1]	Flood: 1;reason=3
	[1]	MessageID: :12002_42_1682398820.575623
	[1]	From: :12002
	[1]	OriginStartTime: 1682398767.176769
	[1]	Content-Length: 13
	[1]	
	[1]	:12000,:12010
[Mon Apr 24 2023 22:00:20.631153] r LSUPDATE :12008 8 1 6 {:12000_2} 1682398767.176263 :12000 (:12002)
[Mon Apr 24 2023 22:00:20.631170] r LSUPDATE :12008 8 1 6 {:12006_2} 1682398774.885239 :12006 (:12008)
[Mon Apr 24 2023 22:00:20.631338] d LSUPDATE :12008 8 1 6 {:12000_2} 1682398767.176263 :12000 (:12002)
	[1]	353NET/1.0 LSUPDATE
	[1]	TTL: 9
	[1]	Flood: 1;reason=3
	[1]	MessageID: :12000_20_1682398820.619328
	[1]	From: :12000
	[1]	OriginStartTime: 1682398767.176263
	[1]	Content-Length: 6
	[1]	
	[1]	:12002
[Mon Apr 24 2023 22:00:20.631523] d LSUPDATE :12008 8 1 6 {:12006_2} 1682398774.885239 :12006 (:12008)
[Mon Apr 24 2023 22:00:20.631558] i LSUPDATE :12008 9 1 13 {:12008_1} 1682398779.153195 :12008 (:12006,:12010)
	[1]	353NET/1.0 LSUPDATE
	[1]	TTL: 9
	[1]	Flood: 1;reason=3
 2023 22:00:20.631634] r LSUPDATE :12008 8 1 13 {:12002_4} 1682398767.176769 :12002 (:12000,:12010)
	[1]	Flood: 1;reason=3
	[1]	MessageID: :12008_17_1682398820.631485
	[1]	From: :12008
	[1]	OriginStartTime: 1682398779.153195
	[1]	Content-Length: 13
	[1]	
	[1]	:12006,:12010
[Mon Apr 24 2023 22:00:20.631735] d LSUPDATE :12008 8 1 13 {:12002_4} 1682398767.176769 :12002 (:12000,:12010)
	[1]	353NET/1.0 LSUPDATE
	[1]	TTL: 9
	[1]	Flood: 1;reason=3
	[1]	MessageID: :12002_44_1682398820.620353
	[1]	From: :12002
	[1]	OriginStartTime: 1682398767.176769
	[1]	Content-Length: 13
	[1]	
	[1]	:12000,:12010
[Mon Apr 24 2023 22:00:20.631871] r LSUPDATE :12008 8 1 6 {:12006_2} 1682398774.885239 :12006 (:12008)
	[2]	353NET/1.0 LSUPDATE
	[2]	TTL: 9
	[2]	Flood: 1;reason=3
	[2]	MessageID: :12006_26_1682398820.630141
	[2]	From: :12006
	[2]	OriginStartTime: 1682398774.885239
	[2]	Content-Length: 6
	[2]	
	[2]	:12008
[Mon Apr 24 2023 22:00:20.632076] i LSUPDATE :12008 9 1 13 {:12008_1} 1682398779.153195 :12008 (:12006,:12010)
	[2]	353NET/1.0 LSUPDATE
	[2]	TTL: 9
	[2]	Flood: 1;reason=3
	[2]	MessageID: :12008_18_1682398820.631501
	[2]	From: :12008
	[2]	OriginStartTime: 1682398779.153195
	[2]	Content-Length: 13
	[2]	
	[2]	:12006,:12010
[Mon Apr 24 2023 22:00:20.632261] d LSUPDATE :12008 8 1 6 {:12006_2} 1682398774.885239 :12006 (:12008)
[Mon Apr 24 2023 22:00:20.632515] r LSUPDATE :12008 8 1 6 {:12000_2} 1682398767.176263 :12000 (:12002)
	[2]	353NET/1.0 LSUPDATE
	[2]	TTL: 9
	[2]	Flood: 1;reason=3
	[2]	MessageID: :12006_27_1682398820.630858
	[2]	From: :12006
	[2]	OriginStartTime: 1682398774.885239
	[2]	Content-Length: 6
	[2]	
	[2]	:12008
[Mon Apr 24 2023 22:00:20.632698] d LSUPDATE :12008 8 1 6 {:12000_2} 1682398767.176263 :12000 (:12002)
	[1]	353NET/1.0 LSUPDATE
	[1]	TTL: 9
	[1]	Flood: 1;reason=3
	[1]	MessageID: :12000_21_1682398820.620527
	[1]	From: :12000
	[1]	OriginStartTime: 1682398767.176263
	[1]	Content-Length: 6
	[1]	
	[1]	:12002
[Mon Apr 24 2023 22:00:20.633109] r LSUPDATE :12008 8 1 13 {:12010_2} 1682398781.605243 :12010 (:12002,:12008)
[Mon Apr 24 2023 22:00:20.633286] d LSUPDATE :12008 8 1 13 {:12010_2} 1682398781.605243 :12010 (:12002,:12008)
	[1]	353NET/1.0 LSUPDATE
	[1]	TTL: 9
	[1]	Flood: 1;reason=3
	[1]	MessageID: :12010_27_1682398820.632428
	[1]	From: :12010
	[1]	OriginStartTime: 1682398781.605243
	[1]	Content-Length: 13
	[1]	
	[1]	:12002,:12008
[Mon Apr 24 2023 22:00:20.634580] r LSUPDATE :12008 8 1 13 {:12002_4} 1682398767.176769 :12002 (:12000,:12010)
[Mon Apr 24 2023 22:00:20.634760] d LSUPDATE :12008 8 1 13 {:12002_4} 1682398767.176769 :12002 (:12000,:12010)
	[1]	353NET/1.0 LSUPDATE
	[1]	TTL: 9
	[1]	Flood: 1;reason=3
	[1]	MessageID: :12002_46_1682398820.633256
	[1]	From: :12002
	[1]	OriginStartTime: 1682398767.176769
	[1]	Content-Length: 13
	[1]	
	[1]	:12000,:12010
[Mon Apr 24 2023 22:00:20.636254] r LSUPDATE :12008 8 1 6 {:12000_2} 1682398767.176263 :12000 (:12002)
[Mon Apr 24 2023 22:00:20.636474] d LSUPDATE :12008 8 1 6 {:12000_2} 1682398767.176263 :12000 (:12002)
	[1]	353NET/1.0 LSUPDATE
	[1]	TTL: 9
	[1]	Flood: 1;reason=3
	[1]	MessageID: :12000_22_1682398820.633937
	[1]	From: :12000
	[1]	OriginStartTime: 1682398767.176263
	[1]	Content-Length: 6
	[1]	
	[1]	:12002
[Mon Apr 24 2023 22:00:22.538849] r UCASTAPP :12008 1 - 43 {:12006_1} :12006 :12000 0 353UDT/1.0 PING :12006_28_1682398822.490116
[Mon Apr 24 2023 22:00:22.539420] f UCASTAPP :12008 1 - 43 {:12006_1} :12006 :12000 0 353UDT/1.0 PING :12006_28_1682398822.490116
	[2]	353NET/1.0 UCASTAPP
	[2]	TTL: 1
	[2]	Flood: 0
	[2]	MessageID: :12006_19_1682398822.538817
	[2]	From: :12006
	[2]	To: :12000
	[2]	Next-Layer: 1
	[2]	Content-Length: 43
	[2]	
	[2]	353UDT/1.0 PING :12006_28_1682398822.490116
[Mon Apr 24 2023 22:00:22.541031] r UCASTAPP :12008 8 - 46 {:12010_2} :12010 :12006 0 353UDT/1.0 TTLZERO :12006_28_1682398822.490116
[Mon Apr 24 2023 22:00:22.541496] f UCASTAPP :12008 8 - 46 {:12010_2} :12010 :12006 0 353UDT/1.0 TTLZERO :12006_28_1682398822.490116
	[1]	353NET/1.0 UCASTAPP
	[1]	TTL: 8
	[1]	Flood: 0
	[1]	MessageID: :12010_20_1682398822.541010
	[1]	From: :12010
	[1]	To: :12006
	[1]	Next-Layer: 1
	[1]	Content-Length: 46
	[1]	
	[1]	353UDT/1.0 TTLZERO :12006_28_1682398822.490116
[Mon Apr 24 2023 22:00:25.592537] r UCASTAPP :12008 2 - 43 {:12006_2} :12006 :12000 0 353UDT/1.0 PING :12006_31_1682398825.591494
[Mon Apr 24 2023 22:00:25.593008] f UCASTAPP :12008 2 - 43 {:12006_2} :12006 :12000 0 353UDT/1.0 PING :12006_31_1682398825.591494
	[2]	353NET/1.0 UCASTAPP
	[2]	TTL: 2
	[2]	Flood: 0
	[2]	MessageID: :12006_21_1682398825.592511
	[2]	From: :12006
	[2]	To: :12000
	[2]	Next-Layer: 1
	[2]	Content-Length: 43
	[2]	
	[2]	353UDT/1.0 PING :12006_31_1682398825.591494
[Mon Apr 24 2023 22:00:25.596625] r UCASTAPP :12008 7 - 46 {:12002_2} :12002 :12006 0 353UDT/1.0 TTLZERO :12006_31_1682398825.591494
[Mon Apr 24 2023 22:00:25.597097] f UCASTAPP :12008 7 - 46 {:12002_2} :12002 :12006 0 353UDT/1.0 TTLZERO :12006_31_1682398825.591494
	[1]	353NET/1.0 UCASTAPP
	[1]	TTL: 7
	[1]	Flood: 0
	[1]	MessageID: :12002_22_1682398825.596603
	[1]	From: :12002
	[1]	To: :12006
	[1]	Next-Layer: 1
	[1]	Content-Length: 46
	[1]	
	[1]	353UDT/1.0 TTLZERO :12006_31_1682398825.591494
[Mon Apr 24 2023 22:00:28.694069] r UCASTAPP :12008 3 - 43 {:12006_2} :12006 :12000 0 353UDT/1.0 PING :12006_34_1682398828.692678
[Mon Apr 24 2023 22:00:28.694436] f UCASTAPP :12008 3 - 43 {:12006_2} :12006 :12000 0 353UDT/1.0 PING :12006_34_1682398828.692678
	[2]	353NET/1.0 UCASTAPP
	[2]	TTL: 3
	[2]	Flood: 0
	[2]	MessageID: :12006_23_1682398828.694043
	[2]	From: :12006
	[2]	To: :12000
	[2]	Next-Layer: 1
	[2]	Content-Length: 43
	[2]	
	[2]	353UDT/1.0 PING :12006_34_1682398828.692678
[Mon Apr 24 2023 22:00:28.744064] r UCASTAPP :12008 6 - 43 {:12000_2} :12000 :12006 0 353UDT/1.0 PONG :12006_34_1682398828.692678
[Mon Apr 24 2023 22:00:28.744571] f UCASTAPP :12008 6 - 43 {:12000_2} :12000 :12006 0 353UDT/1.0 PONG :12006_34_1682398828.692678
	[1]	353NET/1.0 UCASTAPP
	[1]	TTL: 6
	[1]	Flood: 0
	[1]	MessageID: :12000_24_1682398828.744030
	[1]	From: :12000
	[1]	To: :12006
	[1]	Next-Layer: 1
	[1]	Content-Length: 43
	[1]	
	[1]	353UDT/1.0 PONG :12006_34_1682398828.692678
[Mon Apr 24 2023 22:00:30.047564] r UCASTAPP :12008 0 - 43 {:12000_2} :12000 :12006 0 353UDT/1.0 PING :12000_31_1682398830.044591
[Mon Apr 24 2023 22:00:30.048001] i UCASTAPP :12008 9 - 46 {:12008_2} :12008 :12000 1 353UDT/1.0 TTLZERO :12000_31_1682398830.044591
	[2]	353NET/1.0 UCASTAPP
	[2]	TTL: 9
	[2]	Flood: 0
	[2]	MessageID: :12008_26_1682398830.047827
	[2]	From: :12008
	[2]	To: :12000
	[2]	Next-Layer: 1
	[2]	Content-Length: 46
	[2]	
	[2]	353UDT/1.0 TTLZERO :12000_31_1682398830.044591
[Mon Apr 24 2023 22:00:33.189975] r UCASTAPP :12008 1 - 43 {:12000_2} :12000 :12006 1 353UDT/1.0 PING :12000_34_1682398833.146030
[Mon Apr 24 2023 22:00:33.190441] f UCASTAPP :12008 1 - 43 {:12000_2} :12000 :12006 1 353UDT/1.0 PING :12000_34_1682398833.146030
	[1]	353NET/1.0 UCASTAPP
	[1]	TTL: 1
	[1]	Flood: 0
	[1]	MessageID: :12000_27_1682398833.189952
	[1]	From: :12000
	[1]	To: :12006
	[1]	Next-Layer: 1
	[1]	Content-Length: 43
	[1]	
	[1]	353UDT/1.0 PING :12000_34_1682398833.146030
[Mon Apr 24 2023 22:00:33.191998] r UCASTAPP :12008 8 - 43 {:12006_2} :12006 :12000 0 353UDT/1.0 PONG :12000_34_1682398833.146030
[Mon Apr 24 2023 22:00:33.192450] f UCASTAPP :12008 8 - 43 {:12006_2} :12006 :12000 0 353UDT/1.0 PONG :12000_34_1682398833.146030
	[2]	353NET/1.0 UCASTAPP
	[2]	TTL: 8
	[2]	Flood: 0
	[2]	MessageID: :12006_28_1682398833.191969
	[2]	From: :12006
	[2]	To: :12000
	[2]	Next-Layer: 1
	[2]	Content-Length: 43
	[2]	
	[2]	353UDT/1.0 PONG :12000_34_1682398833.146030
[Mon Apr 24 2023 22:00:35.878908] r LSUPDATE :12008 8 1 13 {:12002_6} 1682398767.176769 :12002 (:12000,:12010)
[Mon Apr 24 2023 22:00:35.879318] d LSUPDATE :12008 8 1 13 {:12002_6} 1682398767.176769 :12002 (:12000,:12010)
	[1]	353NET/1.0 LSUPDATE
	[1]	TTL: 9
	[1]	Flood: 1;reason=2
	[1]	MessageID: :12002_60_1682398835.824916
	[1]	From: :12002
	[1]	OriginStartTime: 1682398767.176769
	[1]	Content-Length: 13
	[1]	
	[1]	:12000,:12010
[Mon Apr 24 2023 22:00:37.169891] r LSUPDATE :12008 8 1 13 {:12010_4} 1682398781.605243 :12010 (:12002,:12008)
[Mon Apr 24 2023 22:00:37.170073] d LSUPDATE :12008 8 1 13 {:12010_4} 1682398781.605243 :12010 (:12002,:12008)
	[1]	353NET/1.0 LSUPDATE
	[1]	TTL: 9
	[1]	Flood: 1;reason=2
	[1]	MessageID: :12010_41_1682398837.169271
	[1]	From: :12010
	[1]	OriginStartTime: 1682398781.605243
	[1]	Content-Length: 13
	[1]	
	[1]	:12002,:12008
[Mon Apr 24 2023 22:00:41.562779] i LSUPDATE :12008 9 1 13 {:12008_2} 1682398779.153195 :12008 (:12006,:12010)
[Mon Apr 24 2023 22:00:41.562779] i LSUPDATE :12008 9 1 13 {:12008_2} 1682398779.153195 :12008 (:12006,:12010)
[Mon Apr 24 2023 22:00:41.562816] i LSUPDATE :12008 9 1 13 {:12008_3} 1682398779.153195 :12008 (:12006,:12010)
	[1]	353NET/1.0 LSUPDATE
	[1]	TTL: 9
	[1]	Flood: 1;reason=2
	[1]	MessageID: :12008_29_1682398841.562647
	[1]	From: :12008
	[1]	OriginStartTime: 1682398779.153195
	[1]	Content-Length: 13
	[1]	
	[1]	:12006,:12010
[Mon Apr 24 2023 22:00:41.563063] Socket-writing thread has terminated
	[2]	353NET/1.0 LSUPDATE
	[2]	TTL: 9
	[2]	Flood: 1;reason=2
	[2]	MessageID: :12008_30_1682398841.562749
	[2]	From: :12008
	[2]	OriginStartTime: 1682398779.153195
	[2]	Content-Length: 13
	[2]	
	[2]	:12006,:12010
[Mon Apr 24 2023 22:00:41.563349] Socket-reading thread has joined with socket-writing thread
[Mon Apr 24 2023 22:00:42.816199] Socket-writing thread has terminated
[Mon Apr 24 2023 22:00:42.816877] Socket-reading thread has joined with socket-writing thread
[Mon Apr 24 2023 22:00:42.816991] Reaper has joined with connection thread.
[Mon Apr 24 2023 22:00:43.158229] STOP: port=12008
