[Sun Apr  9 2023 14:32:28.355953] START: port=12004, rootdir=lab10data
[Sun Apr  9 2023 14:32:28.357649] i SAYHELLO :12004 1 - 0
	[1]	353NET/1.0 SAYHELLO
	[1]	TTL: 9
	[1]	Flood: 0
	[1]	From: :12004
	[1]	Content-Length: 0
 	[1]	
[Sun Apr  9 2023 14:32:28.358917] r SAYHELLO :12002 1 - 0
[Sun Apr  9 2023 14:32:28.359207] i LSUPDATE :12004 9 1 6 :12004_2_1681075948.358974 1681075948.358973 :12004 :12002
[Sun Apr  9 2023 14:32:28.359274] r LSUPDATE :12002 9 1 13 :12002_5_1681075948.358333 1681075942.920771 :12002 :12000,:12004
	[1]	353NET/1.0 LSUPDATE
	[1]	TTL: 9
	[1]	Flood: 1;reason=1
	[1]	MessageID: :12004_2_1681075948.358974
	[1]	From: :12004
	[1]	OriginStartTime: 1681075948.358973
	[1]	Content-Length: 6
	[1]	
	[1]	:12002
[Sun Apr  9 2023 14:32:28.359548] i LSUPDATE :12004 9 1 6 :12004_3_1681075948.359369 1681075948.358973 :12004 :12002
	[1]	353NET/1.0 LSUPDATE
	[1]	TTL: 9
	[1]	Flood: 1;reason=3
	[1]	MessageID: :12004_3_1681075948.359369
	[1]	From: :12004
	[1]	OriginStartTime: 1681075948.358973
	[1]	Content-Length: 6
	[1]	
	[1]	:12002
[Sun Apr  9 2023 14:32:28.360787] r LSUPDATE :12002 9 1 13 :12002_7_1681075948.360028 1681075942.920771 :12002 :12000,:12004
[Sun Apr  9 2023 14:32:28.362282] r LSUPDATE :12002 9 1 6 :12000_4_1681075948.360717 1681075942.919464 :12000 :12002
[Sun Apr  9 2023 14:32:28.362603] i LSUPDATE :12004 9 1 6 :12004_4_1681075948.362345 1681075948.358973 :12004 :12002
	[1]	353NET/1.0 LSUPDATE
	[1]	TTL: 9
	[1]	Flood: 1;reason=3
	[1]	MessageID: :12004_4_1681075948.362345
	[1]	From: :12004
	[1]	OriginStartTime: 1681075948.358973
	[1]	Content-Length: 6
	[1]	
	[1]	:12002
[Sun Apr  9 2023 14:32:32.650566] CONNECT[2]: 127.0.0.1:12004
[Sun Apr  9 2023 14:32:32.652388] r SAYHELLO :12012 1 - 0
[Sun Apr  9 2023 14:32:32.652560] i SAYHELLO :12004 1 - 0
[Sun Apr  9 2023 14:32:32.652647] i LSUPDATE :12004 9 1 13 :12004_5_1681075952.652525 1681075948.358973 :12004 :12002,:12012
	[1]	353NET/1.0 LSUPDATE
	[1]	353NET/1.0 LSUPDATE
	[2]	353NET/1.0 SAYHELLO
	[1]	TTL: 9
	[2]	TTL: 9
	[1]	Flood: 1;reason=1
	[2]	Flood: 0
	[1]	MessageID: :12004_5_1681075952.652525
	[2]	From: :12004
	[1]	From: :12004
	[2]	Content-Length: 0
 	[1]	OriginStartTime: 1681075948.358973
	[2]	
	[1]	Content-Length: 13
	[1]	
	[1]	:12002,:12012
[Sun Apr  9 2023 14:32:32.652954] i LSUPDATE :12004 9 1 13 :12004_6_1681075952.652627 1681075948.358973 :12004 :12002,:12012
	[2]	353NET/1.0 LSUPDATE
	[2]	TTL: 9
	[2]	Flood: 1;reason=1
	[2]	MessageID: :12004_6_1681075952.652627
	[2]	From: :12004
	[2]	OriginStartTime: 1681075948.358973
	[2]	Content-Length: 13
	[2]	
	[2]	:12002,:12012
[Sun Apr  9 2023 14:32:32.653297] r LSUPDATE :12002 9 1 20 :12002_9_1681075952.652583 1681075942.920771 :12002 :12000,:12004,:12012
[Sun Apr  9 2023 14:32:32.653468] i LSUPDATE :12004 8 1 20 :12002_9_1681075952.652583 1681075942.920771 :12002 :12000,:12004,:12012
[Sun Apr  9 2023 14:32:32.653673] r LSUPDATE :12012 9 1 13 :12012_3_1681075952.653042 1681075952.653016 :12012 :12002,:12004
	[2]	353NET/1.0 LSUPDATE
	[2]	TTL: 9
	[2]	Flood: 1;reason=1
	[2]	MessageID: :12002_9_1681075952.652583
	[2]	From: :12002
	[2]	OriginStartTime: 1681075942.920771
	[2]	Content-Length: 20
	[2]	
	[2]	:12000,:12004,:12012
[Sun Apr  9 2023 14:32:32.653874] i LSUPDATE :12004 8 1 13 :12012_3_1681075952.653042 1681075952.653016 :12012 :12002,:12004
	[1]	353NET/1.0 LSUPDATE
	[1]	TTL: 9
	[1]	Flood: 1;reason=1
	[1]	MessageID: :12012_3_1681075952.653042
	[1]	From: :12012
	[1]	OriginStartTime: 1681075952.653016
	[1]	Content-Length: 13
	[1]	
	[1]	:12002,:12004
[Sun Apr  9 2023 14:32:32.654170] i LSUPDATE :12004 9 1 13 :12004_7_1681075952.654144 1681075948.358973 :12004 :12002,:12012
	[1]	353NET/1.0 LSUPDATE
	[1]	TTL: 9
	[1]	Flood: 1;reason=3
	[1]	MessageID: :12004_7_1681075952.654144
	[1]	From: :12004
	[1]	OriginStartTime: 1681075948.358973
	[1]	Content-Length: 13
	[1]	
	[1]	:12002,:12012
[Sun Apr  9 2023 14:32:32.654670] r LSUPDATE :12012 9 1 20 :12002_10_1681075952.652668 1681075942.920771 :12002 :12000,:12004,:12012
[Sun Apr  9 2023 14:32:32.654738] i LSUPDATE :12004 9 1 13 :12004_8_1681075952.654422 1681075948.358973 :12004 :12002,:12012
	[2]	353NET/1.0 LSUPDATE
	[2]	TTL: 9
	[2]	Flood: 1;reason=3
	[2]	MessageID: :12004_8_1681075952.654422
	[2]	From: :12004
	[2]	OriginStartTime: 1681075948.358973
	[2]	Content-Length: 13
	[2]	
	[2]	:12002,:12012
[Sun Apr  9 2023 14:32:32.655077] i LSUPDATE :12004 8 1 20 :12002_10_1681075952.652668 1681075942.920771 :12002 :12000,:12004,:12012
	[1]	353NET/1.0 LSUPDATE
	[1]	TTL: 9
	[1]	Flood: 1;reason=1
	[1]	MessageID: :12002_10_1681075952.652668
	[1]	From: :12002
	[1]	OriginStartTime: 1681075942.920771
	[1]	Content-Length: 20
	[1]	
	[1]	:12000,:12004,:12012
[Sun Apr  9 2023 14:32:32.655313] r LSUPDATE :12012 9 1 13 :12012_5_1681075952.653544 1681075952.653016 :12012 :12002,:12004
[Sun Apr  9 2023 14:32:32.655636] r LSUPDATE :12012 9 1 13 :12004_5_1681075952.652525 1681075948.358973 :12004 :12002,:12012
[Sun Apr  9 2023 14:32:32.655722] i LSUPDATE :12004 8 1 13 :12012_5_1681075952.653544 1681075952.653016 :12012 :12002,:12004
	[1]	353NET/1.0 LSUPDATE
	[1]	TTL: 9
	[1]	Flood: 1;reason=3
	[1]	MessageID: :12012_5_1681075952.653544
	[1]	From: :12012
	[1]	OriginStartTime: 1681075952.653016
	[1]	Content-Length: 13
	[1]	
	[1]	:12002,:12004
[Sun Apr  9 2023 14:32:32.655866] i LSUPDATE :12004 8 1 13 :12004_5_1681075952.652525 1681075948.358973 :12004 :12002,:12012
	[1]	353NET/1.0 LSUPDATE
	[1]	TTL: 9
	[1]	Flood: 1;reason=1
	[1]	MessageID: :12004_5_1681075952.652525
	[1]	From: :12004
	[1]	OriginStartTime: 1681075948.358973
	[1]	Content-Length: 13
	[1]	
	[1]	:12002,:12012
[Sun Apr  9 2023 14:32:32.655975] i LSUPDATE :12004 9 1 13 :12004_9_1681075952.655746 1681075948.358973 :12004 :12002,:12012
	[1]	353NET/1.0 LSUPDATE
	[1]	TTL: 9
	[1]	Flood: 1;reason=3
	[1]	MessageID: :12004_9_1681075952.655746
	[1]	From: :12004
	[1]	OriginStartTime: 1681075948.358973
:32.656027] r LSUPDATE :12012 9 1 13 :12012_7_1681075952.654139 1681075952.653016 :12012 :12002,:12004
	[1]	OriginStartTime: 1681075948.358973
	[1]	Content-Length: 13
	[1]	
	[1]	:12002,:12012
[Sun Apr  9 2023 14:32:32.656098] i LSUPDATE :12004 8 1 13 :12012_7_1681075952.654139 1681075952.653016 :12012 :12002,:12004
	[1]	353NET/1.0 LSUPDATE
	[1]	TTL: 9
	[1]	Flood: 1;reason=3
	[1]	MessageID: :12012_7_1681075952.654139
	[1]	From: :12012
	[1]	OriginStartTime: 1681075952.653016
	[1]	Content-Length: 13
	[1]	
	[1]	:12002,:12004
[Sun Apr  9 2023 14:32:32.655317] r LSUPDATE :12002 9 1 13 :12012_2_1681075952.653017 1681075952.653016 :12012 :12002,:12004
[Sun Apr  9 2023 14:32:32.656294] r LSUPDATE :12012 9 1 13 :12012_9_1681075952.654350 1681075952.653016 :12012 :12002,:12004
[Sun Apr  9 2023 14:32:32.656514] r LSUPDATE :12002 9 1 20 :12002_12_1681075952.653646 1681075942.920771 :12002 :12000,:12004,:12012
[Sun Apr  9 2023 14:32:32.656574] r LSUPDATE :12012 9 1 20 :12002_13_1681075952.653653 1681075942.920771 :12002 :12000,:12004,:12012
[Sun Apr  9 2023 14:32:32.656718] i LSUPDATE :12004 8 1 13 :12012_9_1681075952.654350 1681075952.653016 :12012 :12002,:12004
	[1]	353NET/1.0 LSUPDATE
	[1]	TTL: 9
	[1]	Flood: 1;reason=1
	[1]	MessageID: :12012_9_1681075952.654350
	[1]	From: :12012
	[1]	OriginStartTime: 1681075952.653016
:32.656838] r LSUPDATE :12012 9 1 13 :12012_3_1681075952.653042 1681075952.653016 :12012 :12002,:12004
	[1]	OriginStartTime: 1681075952.653016
	[1]	Content-Length: 13
	[1]	
	[1]	:12002,:12004
[Sun Apr  9 2023 14:32:32.656894] i LSUPDATE :12004 9 1 13 :12004_10_1681075952.655761 1681075948.358973 :12004 :12002,:12012
[Sun Apr  9 2023 14:32:32.656909] i LSUPDATE :12004 8 1 20 :12002_13_1681075952.653653 1681075942.920771 :12002 :12000,:12004,:12012
	[1]	353NET/1.0 LSUPDATE
	[1]	TTL: 9
	[1]	Flood: 1;reason=3
	[1]	MessageID: :12002_13_1681075952.653653
	[1]	From: :12002
	[1]	OriginStartTime: 1681075942.920771
TE
	[1]	OriginStartTime: 1681075942.920771
	[2]	TTL: 9
	[1]	Content-Length: 20
	[2]	Flood: 1;reason=3
	[1]	
	[2]	MessageID: :12004_10_1681075952.655761
	[1]	:12000,:12004,:12012
	[2]	From: :12004
	[2]	OriginStartTime: 1681075948.358973
	[2]	Content-Length: 13
	[2]	
	[2]	:12002,:12012
[Sun Apr  9 2023 14:32:32.657111] i LSUPDATE :12004 8 1 13 :12012_2_1681075952.653017 1681075952.653016 :12012 :12002,:12004
	[2]	353NET/1.0 LSUPDATE
	[2]	TTL: 9
	[2]	Flood: 1;reason=1
	[2]	MessageID: :12012_2_1681075952.653017
	[2]	From: :12012
	[2]	OriginStartTime: 1681075952.653016
	[2]	Content-Length: 13
	[2]	
	[2]	:12002,:12004
[Sun Apr  9 2023 14:32:32.657230] i LSUPDATE :12004 8 1 20 :12002_12_1681075952.653646 1681075942.920771 :12002 :12000,:12004,:12012
[Sun Apr  9 2023 14:32:32.657239] r LSUPDATE :12002 9 1 13 :12012_4_1681075952.653524 1681075952.653016 :12012 :12002,:12004
	[2]	353NET/1.0 LSUPDATE
	[2]	TTL: 9
	[2]	Flood: 1;reason=3
	[2]	MessageID: :12002_12_1681075952.653646
	[2]	From: :12002
	[2]	OriginStartTime: 1681075942.920771
	[2]	Content-Length: 20
	[2]	
	[2]	:12000,:12004,:12012
[Sun Apr  9 2023 14:32:32.657345] i LSUPDATE :12004 8 1 13 :12012_4_1681075952.653524 1681075952.653016 :12012 :12002,:12004
	[2]	353NET/1.0 LSUPDATE
	[2]	TTL: 9
	[2]	Flood: 1;reason=3
	[2]	MessageID: :12012_4_1681075952.653524
	[2]	From: :12012
	[2]	OriginStartTime: 1681075952.653016
	[2]	Content-Length: 13
	[2]	
	[2]	:12002,:12004
[Sun Apr  9 2023 14:32:32.657482] r LSUPDATE :12002 9 1 13 :12012_6_1681075952.654117 1681075952.653016 :12012 :12002,:12004
[Sun Apr  9 2023 14:32:32.657693] r LSUPDATE :12012 9 1 13 :12012_11_1681075952.655440 1681075952.653016 :12012 :12002,:12004
[Sun Apr  9 2023 14:32:32.657763] r LSUPDATE :12002 9 1 20 :12002_15_1681075952.655677 1681075942.920771 :12002 :12000,:12004,:12012
[Sun Apr  9 2023 14:32:32.657973] r LSUPDATE :12012 9 1 13 :12004_7_1681075952.654144 1681075948.358973 :12004 :12002,:12012
[Sun Apr  9 2023 14:32:32.658016] r LSUPDATE :12002 9 1 13 :12012_8_1681075952.654333 1681075952.653016 :12012 :12002,:12004
[Sun Apr  9 2023 14:32:32.658027] i LSUPDATE :12004 8 1 13 :12012_6_1681075952.654117 1681075952.653016 :12012 :12002,:12004
	[2]	353NET/1.0 LSUPDATE
	[2]	TTL: 9
	[2]	Flood: 1;reason=3
	[2]	MessageID: :12012_6_1681075952.654117
	[2]	From: :12012
	[2]	OriginStartTime: 1681075952.653016
	[2]	Content-Length: 13
	[2]	
	[2]	:12002,:12004
[Sun Apr  9 2023 14:32:32.658143] i LSUPDATE :12004 8 1 20 :12002_15_1681075952.655677 1681075942.920771 :12002 :12000,:12004,:12012
	[2]	353NET/1.0 LSUPDATE
	[2]	TTL: 9
	[2]	Flood: 1;reason=3
	[2]	MessageID: :12002_15_1681075952.655677
	[2]	From: :12002
	[2]	OriginStartTime: 1681075942.920771
	[2]	Content-Length: 20
	[2]	
	[2]	:12000,:12004,:12012
[Sun Apr  9 2023 14:32:32.658254] i LSUPDATE :12004 8 1 13 :12012_8_1681075952.654333 1681075952.653016 :12012 :12002,:12004
[Sun Apr  9 2023 14:32:32.658254] i LSUPDATE :12004 8 1 13 :12012_8_1681075952.654333 1681075952.653016 :12012 :12002,:12004
[Sun Apr  9 2023 14:32:32.658261] i LSUPDATE :12004 8 1 13 :12012_11_1681075952.655440 1681075952.653016 :12012 :12002,:12004
	[2]	353NET/1.0 LSUPDATE
	[2]	TTL: 9
	[2]	Flood: 1;reason=1
	[2]	MessageID: :12012_8_1681075952.654333
	[2]	MessageID: :12012_8_1681075952.654333
	[1]	353NET/1.0 LSUPDATE
	[2]	From: :12012
	[1]	TTL: 9
	[2]	OriginStartTime: 1681075952.653016
	[1]	Flood: 1;reason=3
	[2]	Content-Length: 13
	[1]	MessageID: :12012_11_1681075952.655440
	[2]	
	[1]	From: :12012
	[2]	:12002,:12004
	[1]	OriginStartTime: 1681075952.653016
	[1]	Content-Length: 13
	[1]	
	[1]	:12002,:12004
[Sun Apr  9 2023 14:32:32.658411] i LSUPDATE :12004 8 1 13 :12004_7_1681075952.654144 1681075948.358973 :12004 :12002,:12012
	[1]	353NET/1.0 LSUPDATE
	[1]	TTL: 9
	[1]	Flood: 1;reason=3
	[1]	MessageID: :12004_7_1681075952.654144
	[1]	From: :12004
	[1]	OriginStartTime: 1681075948.358973
	[1]	Content-Length: 13
	[1]	
	[1]	:12002,:12012
[Sun Apr  9 2023 14:32:32.658254] r LSUPDATE :12002 9 1 6 :12000_5_1681075952.654613 1681075942.919464 :12000 :12002
[Sun Apr  9 2023 14:32:32.658654] i LSUPDATE :12004 8 1 6 :12000_5_1681075952.654613 1681075942.919464 :12000 :12002
	[2]	353NET/1.0 LSUPDATE
[Sun Apr  9 2023 14:32:32.658765] r LSUPDATE :12002 9 1 13 :12004_6_1681075952.652627 1681075948.358973 :12004 :12002,:12012
[Sun Apr  9 2023 14:32:32.658765] r LSUPDATE :12002 9 1 13 :12004_6_1681075952.652627 1681075948.358973 :12004 :12002,:12012
	[2]	TTL: 9
	[2]	Flood: 1;reason=3
	[2]	MessageID: :12000_5_1681075952.654613
	[2]	From: :12000
	[2]	OriginStartTime: 1681075942.919464
	[2]	Content-Length: 6
	[2]	
	[2]	:12002
[Sun Apr  9 2023 14:32:32.658867] i LSUPDATE :12004 8 1 13 :12004_6_1681075952.652627 1681075948.358973 :12004 :12002,:12012
	[2]	353NET/1.0 LSUPDATE
	[2]	TTL: 9
	[2]	Flood: 1;reason=1
	[2]	MessageID: :12004_6_1681075952.652627
	[2]	From: :12004
	[2]	OriginStartTime: 1681075948.358973
	[2]	Content-Length: 13
	[2]	
	[2]	:12002,:12012
[Sun Apr  9 2023 14:32:32.659410] r LSUPDATE :12012 9 1 20 :12002_16_1681075952.655694 1681075942.920771 :12002 :12000,:12004,:12012
[Sun Apr  9 2023 14:32:32.659486] i LSUPDATE :12004 8 1 20 :12002_16_1681075952.655694 1681075942.920771 :12002 :12000,:12004,:12012
[Sun Apr  9 2023 14:32:32.660250] r LSUPDATE :12012 9 1 6 :12000_5_1681075952.654613 1681075942.919464 :12000 :12002
	[1]	353NET/1.0 LSUPDATE
	[1]	TTL: 9
	[1]	Flood: 1;reason=3
	[1]	MessageID: :12002_16_1681075952.655694
	[1]	From: :12002
	[1]	OriginStartTime: 1681075942.920771
:32.660495] r LSUPDATE :12012 9 1 13 :12012_13_1681075952.658312 1681075952.653016 :12012 :12002,:12004
	[1]	OriginStartTime: 1681075942.920771
	[1]	Content-Length: 20
	[1]	
	[1]	:12000,:12004,:12012
[Sun Apr  9 2023 14:32:32.660576] i LSUPDATE :12004 8 1 13 :12012_13_1681075952.658312 1681075952.653016 :12012 :12002,:12004
	[1]	353NET/1.0 LSUPDATE
	[1]	TTL: 9
	[1]	Flood: 1;reason=3
	[1]	MessageID: :12012_13_1681075952.658312
	[1]	From: :12012
	[1]	OriginStartTime: 1681075952.653016
	[1]	Content-Length: 13
	[1]	
	[1]	:12002,:12004
[Sun Apr  9 2023 14:32:32.660797] r LSUPDATE :12012 9 1 13 :12012_5_1681075952.653544 1681075952.653016 :12012 :12002,:12004
[Sun Apr  9 2023 14:32:32.661081] r LSUPDATE :12002 9 1 20 :12002_9_1681075952.652583 1681075942.920771 :12002 :12000,:12004,:12012
[Sun Apr  9 2023 14:32:32.661104] r LSUPDATE :12012 9 1 13 :12004_9_1681075952.655746 1681075948.358973 :12004 :12002,:12012
[Sun Apr  9 2023 14:32:32.661348] r LSUPDATE :12002 9 1 13 :12012_10_1681075952.655429 1681075952.653016 :12012 :12002,:12004
[Sun Apr  9 2023 14:32:32.661395] r LSUPDATE :12012 9 1 13 :12012_7_1681075952.654139 1681075952.653016 :12012 :12002,:12004
[Sun Apr  9 2023 14:32:32.661618] r LSUPDATE :12002 9 1 13 :12004_8_1681075952.654422 1681075948.358973 :12004 :12002,:12012
[Sun Apr  9 2023 14:32:32.661661] r LSUPDATE :12012 9 1 13 :12012_9_1681075952.654350 1681075952.653016 :12012 :12002,:12004
[Sun Apr  9 2023 14:32:32.661724] i LSUPDATE :12004 8 1 13 :12004_9_1681075952.655746 1681075948.358973 :12004 :12002,:12012
[Sun Apr  9 2023 14:32:32.661770] i LSUPDATE :12004 8 1 13 :12012_10_1681075952.655429 1681075952.653016 :12012 :12002,:12004
	[2]	353NET/1.0 LSUPDATE
	[2]	TTL: 9
	[2]	Flood: 1;reason=3
	[2]	MessageID: :12012_10_1681075952.655429
	[2]	From: :12012
	[2]	OriginStartTime: 1681075952.653016
	[2]	Content-Length: 13
	[2]	
	[2]	:12002,:12004
[Sun Apr  9 2023 14:32:32.661891] i LSUPDATE :12004 8 1 13 :12004_8_1681075952.654422 1681075948.358973 :12004 :12002,:12012
	[2]	353NET/1.0 LSUPDATE
	[2]	TTL: 9
	[2]	Flood: 1;reason=3
	[2]	MessageID: :12004_8_1681075952.654422
	[2]	From: :12004
	[2]	OriginStartTime: 1681075948.358973
	[2]	Content-Length: 13
	[2]	
	[2]	:12002,:12012
[Sun Apr  9 2023 14:32:32.662124] r LSUPDATE :12002 9 1 13 :12004_10_1681075952.655761 1681075948.358973 :12004 :12002,:12012
	[1]	353NET/1.0 LSUPDATE
	[1]	TTL: 9
	[1]	Flood: 1;reason=3
	[1]	MessageID: :12004_9_1681075952.655746
	[1]	From: :12004
	[1]	OriginStartTime: 1681075948.358973
	[1]	Content-Length: 13
	[1]	
	[1]	:12002,:12012
[Sun Apr  9 2023 14:32:32.662344] i LSUPDATE :12004 8 1 13 :12004_10_1681075952.655761 1681075948.358973 :12004 :12002,:12012
	[2]	353NET/1.0 LSUPDATE
	[2]	TTL: 9
	[2]	Flood: 1;reason=3
	[2]	MessageID: :12004_10_1681075952.655761
	[2]	From: :12004
	[2]	OriginStartTime: 1681075948.358973
	[2]	Content-Length: 13
	[2]	
	[2]	:12002,:12012
[Sun Apr  9 2023 14:32:32.663906] r LSUPDATE :12002 9 1 13 :12012_12_1681075952.658302 1681075952.653016 :12012 :12002,:12004
[Sun Apr  9 2023 14:32:32.664224] r LSUPDATE :12002 9 1 20 :12002_12_1681075952.653646 1681075942.920771 :12002 :12000,:12004,:12012
[Sun Apr  9 2023 14:32:32.664301] i LSUPDATE :12004 8 1 13 :12012_12_1681075952.658302 1681075952.653016 :12012 :12002,:12004
	[2]	353NET/1.0 LSUPDATE
	[2]	TTL: 9
	[2]	Flood: 1;reason=3
	[2]	MessageID: :12012_12_1681075952.658302
	[2]	From: :12012
	[2]	OriginStartTime: 1681075952.653016
	[2]	Content-Length: 13
	[2]	
	[2]	:12002,:12004
[Sun Apr  9 2023 14:32:32.665260] r LSUPDATE :12012 9 1 13 :12012_11_1681075952.655440 1681075952.653016 :12012 :12002,:12004
[Sun Apr  9 2023 14:32:32.665615] r LSUPDATE :12012 9 1 13 :12012_13_1681075952.658312 1681075952.653016 :12012 :12002,:12004
[Sun Apr  9 2023 14:32:32.665615] r LSUPDATE :12012 9 1 13 :12012_13_1681075952.658312 1681075952.653016 :12012 :12002,:12004
[Sun Apr  9 2023 14:32:32.665632] r LSUPDATE :12002 9 1 20 :12002_15_1681075952.655677 1681075942.920771 :12002 :12000,:12004,:12012
[Sun Apr  9 2023 14:32:53.706226] r LSUPDATE :12002 9 1 13 :12002_17_1681075973.705283 1681075942.920771 :12002 :12004,:12012
[Sun Apr  9 2023 14:32:53.706525] i LSUPDATE :12004 9 1 13 :12004_11_1681075973.706429 1681075948.358973 :12004 :12002,:12012
[Sun Apr  9 2023 14:32:53.706577] i LSUPDATE :12004 8 1 13 :12002_17_1681075973.705283 1681075942.920771 :12002 :12004,:12012
	[1]	353NET/1.0 LSUPDATE
	[1]	TTL: 9
	[1]	Flood: 1;reason=3
	[1]	MessageID: :12004_11_1681075973.706429
	[1]	From: :12004
	[1]	OriginStartTime: 1681075948.358973
	[1]	Content-Length: 13
	[1]	
	[2]	353NET/1.0 LSUPDATE
	[2]	353NET/1.0 LSUPDATE
	[1]	:12002,:12012
	[2]	TTL: 9
[Sun Apr  9 2023 14:32:53.706788] i LSUPDATE :12004 9 1 13 :12004_13_1681075973.706488 1681075948.358973 :12004 :12002,:12012
[Sun Apr  9 2023 14:32:53.706788] i LSUPDATE :12004 9 1 13 :12004_13_1681075973.706488 1681075948.358973 :12004 :12002,:12012
	[2]	Flood: 1;reason=2
	[2]	MessageID: :12002_17_1681075973.705283
	[2]	From: :12002
	[2]	OriginStartTime: 1681075942.920771
TE
	[2]	OriginStartTime: 1681075942.920771
	[1]	TTL: 9
	[1]	Flood: 1;reason=2

	[1]	Flood: 1;reason=2
	[2]	
	[1]	MessageID: :12004_13_1681075973.706488
	[2]	:12004,:12012
	[1]	From: :12004
	[1]	OriginStartTime: 1681075948.358973
	[1]	Content-Length: 13
	[1]	
	[1]	:12002,:12012
	[1]	:12002,:12012
[Sun Apr  9 2023 14:32:53.706944] i LSUPDATE :12004 9 1 13 :12004_12_1681075973.706462 1681075948.358973 :12004 :12002,:12012
[Sun Apr  9 2023 14:32:53.706980] Socket-writing thread has terminated
	[2]	353NET/1.0 LSUPDATE
	[2]	TTL: 9
.0 LSUPDATE
[Sun Apr  9 2023 14:32:53.707161] Socket-reading thread has joined with socket-writing thread
	[2]	TTL: 9
	[2]	Flood: 1;reason=3
	[2]	MessageID: :12004_12_1681075973.706462
	[2]	From: :12004
	[2]	OriginStartTime: 1681075948.358973
	[2]	Content-Length: 13
	[2]	
	[2]	:12002,:12012
[Sun Apr  9 2023 14:32:53.707281] i LSUPDATE :12004 9 1 13 :12004_14_1681075973.706497 1681075948.358973 :12004 :12002,:12012
	[2]	353NET/1.0 LSUPDATE
	[2]	TTL: 9
	[2]	Flood: 1;reason=2
	[2]	MessageID: :12004_14_1681075973.706497
	[2]	From: :12004
	[2]	OriginStartTime: 1681075948.358973
	[2]	Content-Length: 13
	[2]	
	[2]	:12002,:12012
[Sun Apr  9 2023 14:32:53.707427] r LSUPDATE :12012 9 1 13 :12002_18_1681075973.705406 1681075942.920771 :12002 :12004,:12012
[Sun Apr  9 2023 14:32:53.707583] i LSUPDATE :12004 9 1 6 :12004_15_1681075973.707500 1681075948.358973 :12004 :12012
	[2]	353NET/1.0 LSUPDATE
	[2]	TTL: 9
	[2]	Flood: 1;reason=3
	[2]	MessageID: :12004_15_1681075973.707500
	[2]	From: :12004
	[2]	OriginStartTime: 1681075948.358973
	[2]	Content-Length: 6
	[2]	
	[2]	:12012
[Sun Apr  9 2023 14:32:53.707893] r LSUPDATE :12012 9 1 13 :12012_15_1681075973.706506 1681075952.653016 :12012 :12002,:12004
[Sun Apr  9 2023 14:32:53.708062] i LSUPDATE :12004 9 1 6 :12004_16_1681075973.707952 1681075948.358973 :12004 :12012
	[2]	353NET/1.0 LSUPDATE
	[2]	TTL: 9
	[2]	Flood: 1;reason=3
	[2]	MessageID: :12004_16_1681075973.707952
	[2]	From: :12004
	[2]	OriginStartTime: 1681075948.358973
	[2]	Content-Length: 6
	[2]	
	[2]	:12012
[Sun Apr  9 2023 14:32:53.708405] r LSUPDATE :12012 9 1 6 :12002_19_1681075973.706356 1681075942.920771 :12002 :12012
[Sun Apr  9 2023 14:32:53.708650] i LSUPDATE :12004 9 1 6 :12004_17_1681075973.708473 1681075948.358973 :12004 :12012
	[2]	353NET/1.0 LSUPDATE
	[2]	TTL: 9
	[2]	Flood: 1;reason=3
	[2]	MessageID: :12004_17_1681075973.708473
	[2]	From: :12004
	[2]	OriginStartTime: 1681075948.358973
	[2]	Content-Length: 6
	[2]	
	[2]	:12012
[Sun Apr  9 2023 14:32:53.709043] r LSUPDATE :12012 9 1 13 :12012_17_1681075973.707569 1681075952.653016 :12012 :12002,:12004
[Sun Apr  9 2023 14:32:53.709266] i LSUPDATE :12004 9 1 6 :12004_18_1681075973.709130 1681075948.358973 :12004 :12012
	[2]	353NET/1.0 LSUPDATE
	[2]	TTL: 9
	[2]	Flood: 1;reason=3
	[2]	MessageID: :12004_18_1681075973.709130
	[2]	From: :12004
	[2]	OriginStartTime: 1681075948.358973
	[2]	Content-Length: 6
	[2]	
	[2]	:12012
[Sun Apr  9 2023 14:32:53.709602] r LSUPDATE :12012 9 1 13 :12012_19_1681075973.707668 1681075952.653016 :12012 :12002,:12004
[Sun Apr  9 2023 14:32:53.709869] i LSUPDATE :12004 9 1 6 :12004_19_1681075973.709711 1681075948.358973 :12004 :12012
	[2]	353NET/1.0 LSUPDATE
	[2]	TTL: 9
	[2]	Flood: 1;reason=3
	[2]	MessageID: :12004_19_1681075973.709711
	[2]	From: :12004
	[2]	OriginStartTime: 1681075948.358973
	[2]	Content-Length: 6
	[2]	
	[2]	:12012
[Sun Apr  9 2023 14:32:53.710239] r LSUPDATE :12012 9 1 13 :12012_21_1681075973.707728 1681075952.653016 :12012 :12002,:12004
[Sun Apr  9 2023 14:32:53.710505] i LSUPDATE :12004 9 1 6 :12004_20_1681075973.710314 1681075948.358973 :12004 :12012
	[2]	353NET/1.0 LSUPDATE
	[2]	TTL: 9
	[2]	Flood: 1;reason=3
	[2]	MessageID: :12004_20_1681075973.710314
	[2]	From: :12004
	[2]	OriginStartTime: 1681075948.358973
	[2]	Content-Length: 6
	[2]	
	[2]	:12012
[Sun Apr  9 2023 14:32:53.710801] r LSUPDATE :12012 9 1 13 :12012_23_1681075973.708365 1681075952.653016 :12012 :12002,:12004
[Sun Apr  9 2023 14:32:53.711050] r LSUPDATE :12012 9 1 6 :12012_24_1681075973.709038 1681075952.653016 :12012 :12004
[Sun Apr  9 2023 14:32:53.711207] r LSUPDATE :12012 9 1 6 :12012_25_1681075973.709885 1681075952.653016 :12012 :12004
[Sun Apr  9 2023 14:33:16.460225] CONNECT[3]: 127.0.0.1:12004
[Sun Apr  9 2023 14:33:16.460706] r SAYHELLO :12002 1 - 0
[Sun Apr  9 2023 14:33:16.460866] i SAYHELLO :12004 1 - 0
[Sun Apr  9 2023 14:33:16.460866] i SAYHELLO :12004 1 - 0
[Sun Apr  9 2023 14:33:16.460869] i LSUPDATE :12004 9 1 13 :12004_21_1681075996.460823 1681075948.358973 :12004 :12012,:12002
	[3]	353NET/1.0 SAYHELLO
	[3]	TTL: 9
	[3]	Flood: 0
	[3]	From: :12004
	[3]	Content-Length: 0
 	[3]	
[Sun Apr  9 2023 14:33:16.461149] i LSUPDATE :12004 9 1 13 :12004_22_1681075996.460873 1681075948.358973 :12004 :12012,:12002
	[2]	TTL: 9
	[2]	Flood: 1;reason=1
	[2]	MessageID: :12004_21_1681075996.460823
	[2]	From: :12004
	[2]	OriginStartTime: 1681075948.358973
	[2]	Content-Length: 13
	[2]	
	[2]	:12012,:12002
	[3]	353NET/1.0 LSUPDATE
	[3]	TTL: 9
	[3]	Flood: 1;reason=1
	[3]	MessageID: :12004_22_1681075996.460873
	[3]	From: :12004
	[3]	OriginStartTime: 1681075948.358973
	[3]	Content-Length: 13
	[3]	
	[3]	:12012,:12002
[Sun Apr  9 2023 14:33:16.461663] r LSUPDATE :12002 9 1 20 :12002_3_1681075996.461168 1681075996.461136 :12002 :12000,:12004,:12012
[Sun Apr  9 2023 14:33:16.462109] r LSUPDATE :12002 9 1 20 :12002_6_1681075996.461375 1681075996.461136 :12002 :12000,:12004,:12012
[Sun Apr  9 2023 14:33:16.462379] r LSUPDATE :12002 9 1 6 :12000_7_1681075996.460605 1681075942.919464 :12000 :12002
[Sun Apr  9 2023 14:33:16.462422] r LSUPDATE :12012 9 1 13 :12012_26_1681075996.461708 1681075952.653016 :12012 :12004,:12002
[Sun Apr  9 2023 14:33:16.462506] i LSUPDATE :12004 8 1 20 :12002_3_1681075996.461168 1681075996.461136 :12002 :12000,:12004,:12012
	[2]	353NET/1.0 LSUPDATE
	[2]	TTL: 9
	[2]	Flood: 1;reason=1
	[2]	MessageID: :12002_3_1681075996.461168
	[2]	From: :12002
	[2]	OriginStartTime: 1681075996.461136
	[2]	Content-Length: 20
	[2]	
ntent-Length: 20
[Sun Apr  9 2023 14:33:16.462660] r LSUPDATE :12002 9 1 20 :12002_9_1681075996.461571 1681075996.461136 :12002 :12000,:12004,:12012
	[2]	
	[2]	:12000,:12004,:12012
[Sun Apr  9 2023 14:33:16.462717] i LSUPDATE :12004 9 1 13 :12004_23_1681075996.461794 1681075948.358973 :12004 :12012,:12002
	[2]	353NET/1.0 LSUPDATE
	[2]	TTL: 9
	[2]	Flood: 1;reason=3
	[2]	MessageID: :12004_23_1681075996.461794
	[2]	From: :12004
	[2]	OriginStartTime: 1681075948.358973
	[2]	Content-Length: 13
	[2]	
	[2]	:12012,:12002
[Sun Apr  9 2023 14:33:16.462837] i LSUPDATE :12004 8 1 20 :12002_6_1681075996.461375 1681075996.461136 :12002 :12000,:12004,:12012
	[2]	353NET/1.0 LSUPDATE
	[2]	TTL: 9
	[2]	Flood: 1;reason=1
	[2]	MessageID: :12002_6_1681075996.461375
	[2]	From: :12002
	[2]	OriginStartTime: 1681075996.461136
	[2]	Content-Length: 20
	[2]	
	[2]	:12000,:12004,:12012
[Sun Apr  9 2023 14:33:16.462953] i LSUPDATE :12004 8 1 6 :12000_7_1681075996.460605 1681075942.919464 :12000 :12002
	[2]	353NET/1.0 LSUPDATE
	[2]	TTL: 9
	[2]	Flood: 1;reason=1
	[2]	MessageID: :12000_7_1681075996.460605
	[2]	From: :12000
000_7_1681075996.460605
[Sun Apr  9 2023 14:33:16.462998] r LSUPDATE :12002 9 1 20 :12002_12_1681075996.461952 1681075996.461136 :12002 :12000,:12004,:12012
	[2]	From: :12000
	[2]	OriginStartTime: 1681075942.919464
	[2]	Content-Length: 6
	[2]	
	[2]	:12002
[Sun Apr  9 2023 14:33:16.463080] i LSUPDATE :12004 9 1 13 :12004_25_1681075996.462432 1681075948.358973 :12004 :12012,:12002
	[2]	353NET/1.0 LSUPDATE
	[2]	TTL: 9
	[2]	Flood: 1;reason=3
	[2]	MessageID: :12004_25_1681075996.462432
	[2]	From: :12004
	[2]	OriginStartTime: 1681075948.358973
	[2]	Content-Length: 13
	[2]	
	[2]	:12012,:12002
[Sun Apr  9 2023 14:33:16.463192] i LSUPDATE :12004 8 1 20 :12002_9_1681075996.461571 1681075996.461136 :12002 :12000,:12004,:12012
	[2]	353NET/1.0 LSUPDATE
	[2]	TTL: 9
	[2]	Flood: 1;reason=3
	[2]	MessageID: :12002_9_1681075996.461571
	[2]	From: :12002
	[2]	OriginStartTime: 1681075996.461136
	[2]	Content-Length: 20
	[2]	
	[2]	:12000,:12004,:12012
[Sun Apr  9 2023 14:33:16.463290] r LSUPDATE :12002 9 1 20 :12002_15_1681075996.462608 1681075996.461136 :12002 :12000,:12004,:12012
[Sun Apr  9 2023 14:33:16.463316] i LSUPDATE :12004 8 1 20 :12002_12_1681075996.461952 1681075996.461136 :12002 :12000,:12004,:12012
[Sun Apr  9 2023 14:33:16.463351] i LSUPDATE :12004 9 1 13 :12004_24_1681075996.461804 1681075948.358973 :12004 :12012,:12002
	[2]	353NET/1.0 LSUPDATE
	[2]	TTL: 9
	[2]	Flood: 1;reason=3
	[2]	MessageID: :12002_12_1681075996.461952
	[2]	From: :12002
	[2]	OriginStartTime: 1681075996.461136
	[3]	353NET/1.0 LSUPDATE
	[3]	353NET/1.0 LSUPDATE
	[2]	Content-Length: 20
	[3]	TTL: 9
	[2]	
	[3]	Flood: 1;reason=3
	[2]	:12000,:12004,:12012
	[3]	MessageID: :12004_24_1681075996.461804
	[3]	From: :12004
	[3]	OriginStartTime: 1681075948.358973
	[3]	Content-Length: 13
[Sun Apr  9 2023 14:33:16.463467] i LSUPDATE :12004 8 1 20 :12002_15_1681075996.462608 1681075996.461136 :12002 :12000,:12004,:12012
[Sun Apr  9 2023 14:33:16.463467] i LSUPDATE :12004 8 1 20 :12002_15_1681075996.462608 1681075996.461136 :12002 :12000,:12004,:12012
	[3]	
	[3]	:12012,:12002
	[2]	353NET/1.0 LSUPDATE
[Sun Apr  9 2023 14:33:16.463515] i LSUPDATE :12004 9 1 13 :12004_26_1681075996.462442 1681075948.358973 :12004 :12012,:12002
[Sun Apr  9 2023 14:33:16.463515] i LSUPDATE :12004 9 1 13 :12004_26_1681075996.462442 1681075948.358973 :12004 :12012,:12002
	[2]	TTL: 9
	[2]	Flood: 1;reason=1
	[2]	Flood: 1;reason=1
	[3]	353NET/1.0 LSUPDATE
	[2]	MessageID: :12002_15_1681075996.462608
	[3]	TTL: 9
	[2]	From: :12002
	[3]	Flood: 1;reason=3
	[2]	OriginStartTime: 1681075996.461136
	[3]	MessageID: :12004_26_1681075996.462442
	[2]	Content-Length: 20
	[3]	From: :12004
	[2]	
	[3]	OriginStartTime: 1681075948.358973
	[2]	:12000,:12004,:12012
	[3]	Content-Length: 13
	[3]	
	[3]	:12012,:12002
[Sun Apr  9 2023 14:33:16.463674] i LSUPDATE :12004 8 1 13 :12012_26_1681075996.461708 1681075952.653016 :12012 :12004,:12002
	[3]	353NET/1.0 LSUPDATE
[Sun Apr  9 2023 14:33:16.463701] r LSUPDATE :12012 9 1 20 :12002_4_1681075996.461181 1681075996.461136 :12002 :12000,:12004,:12012
[Sun Apr  9 2023 14:33:16.463701] r LSUPDATE :12012 9 1 20 :12002_4_1681075996.461181 1681075996.461136 :12002 :12000,:12004,:12012
	[3]	TTL: 9
	[3]	Flood: 1;reason=1
	[3]	MessageID: :12012_26_1681075996.461708
	[3]	From: :12012
	[3]	OriginStartTime: 1681075952.653016
	[3]	Content-Length: 13
	[3]	
	[3]	:12004,:12002
[Sun Apr  9 2023 14:33:16.463801] i LSUPDATE :12004 8 1 20 :12002_4_1681075996.461181 1681075996.461136 :12002 :12000,:12004,:12012
	[3]	353NET/1.0 LSUPDATE
	[3]	TTL: 9
	[3]	Flood: 1;reason=1
	[3]	Flood: 1;reason=1
[Sun Apr  9 2023 14:33:16.463999] r LSUPDATE :12012 9 1 13 :12012_28_1681075996.462105 1681075952.653016 :12012 :12004,:12002
	[3]	MessageID: :12002_4_1681075996.461181
	[3]	From: :12002
	[3]	OriginStartTime: 1681075996.461136
	[3]	Content-Length: 20
	[3]	Content-Length: 20
[Sun Apr  9 2023 14:33:16.464329] r LSUPDATE :12012 9 1 20 :12002_7_1681075996.461383 1681075996.461136 :12002 :12000,:12004,:12012
	[3]	
	[3]	:12000,:12004,:12012
[Sun Apr  9 2023 14:33:16.464602] r LSUPDATE :12012 9 1 6 :12000_7_1681075996.460605 1681075942.919464 :12000 :12002
[Sun Apr  9 2023 14:33:16.464576] i LSUPDATE :12004 8 1 13 :12012_28_1681075996.462105 1681075952.653016 :12012 :12004,:12002
[Sun Apr  9 2023 14:33:16.464576] i LSUPDATE :12004 8 1 13 :12012_28_1681075996.462105 1681075952.653016 :12012 :12004,:12002
[Sun Apr  9 2023 14:33:16.464991] r LSUPDATE :12012 9 1 13 :12012_30_1681075996.463968 1681075952.653016 :12012 :12004,:12002
[Sun Apr  9 2023 14:33:16.465021] r LSUPDATE :12002 9 1 6 :12000_8_1681075996.461736 1681075942.919464 :12000 :12002
[Sun Apr  9 2023 14:33:16.465103] i LSUPDATE :12004 8 1 6 :12000_8_1681075996.461736 1681075942.919464 :12000 :12002
	[2]	353NET/1.0 LSUPDATE
	[2]	TTL: 9
	[2]	Flood: 1;reason=3
	[2]	MessageID: :12000_8_1681075996.461736
	[2]	From: :12000
	[2]	OriginStartTime: 1681075942.919464
	[2]	Content-Length: 6
	[2]	
	[2]	:12002
[Sun Apr  9 2023 14:33:16.465315] r LSUPDATE :12002 9 1 6 :12000_9_1681075996.462606 1681075942.919464 :12000 :12002
[Sun Apr  9 2023 14:33:16.465429] r LSUPDATE :12012 9 1 20 :12002_10_1681075996.461578 1681075996.461136 :12002 :12000,:12004,:12012
[Sun Apr  9 2023 14:33:16.465749] r LSUPDATE :12012 9 1 13 :12004_22_1681075996.460873 1681075948.358973 :12004 :12012,:12002
[Sun Apr  9 2023 14:33:16.465870] i LSUPDATE :12004 8 1 6 :12000_9_1681075996.462606 1681075942.919464 :12000 :12002
	[2]	353NET/1.0 LSUPDATE
	[2]	TTL: 9
	[2]	Flood: 1;reason=3
	[2]	MessageID: :12000_9_1681075996.462606
	[2]	From: :12000
	[2]	OriginStartTime: 1681075942.919464
	[2]	Content-Length: 6
	[2]	
	[2]	:12002
	[3]	353NET/1.0 LSUPDATE
	[3]	TTL: 9
	[3]	Flood: 1;reason=3
	[3]	MessageID: :12012_28_1681075996.462105
	[3]	From: :12012
	[3]	OriginStartTime: 1681075952.653016
	[3]	Content-Length: 13
	[3]	
	[3]	:12004,:12002
[Sun Apr  9 2023 14:33:16.466878] i LSUPDATE :12004 8 1 20 :12002_7_1681075996.461383 1681075996.461136 :12002 :12000,:12004,:12012
	[3]	353NET/1.0 LSUPDATE
	[3]	TTL: 9
[Sun Apr  9 2023 14:33:16.467574] r LSUPDATE :12002 9 1 20 :12002_18_1681075996.466220 1681075996.461136 :12002 :12000,:12004,:12012
	[3]	Flood: 1;reason=1
	[3]	MessageID: :12002_7_1681075996.461383
	[3]	From: :12002
	[3]	OriginStartTime: 1681075996.461136
	[3]	Content-Length: 20
	[3]	
	[3]	:12000,:12004,:12012
[Sun Apr  9 2023 14:33:16.467794] i LSUPDATE :12004 8 1 13 :12012_30_1681075996.463968 1681075952.653016 :12012 :12004,:12002
[Sun Apr  9 2023 14:33:16.468494] r LSUPDATE :12002 9 1 20 :12002_21_1681075996.466501 1681075996.461136 :12002 :12000,:12004,:12012
	[3]	353NET/1.0 LSUPDATE
	[3]	TTL: 9
	[3]	Flood: 1;reason=3
	[3]	MessageID: :12012_30_1681075996.463968
	[3]	From: :12012
	[3]	OriginStartTime: 1681075952.653016
[Sun Apr  9 2023 14:33:16.469286] i LSUPDATE :12004 8 1 20 :12002_18_1681075996.466220 1681075996.461136 :12002 :12000,:12004,:12012
	[2]	353NET/1.0 LSUPDATE
	[2]	TTL: 9
	[2]	Flood: 1;reason=3
	[2]	MessageID: :12002_18_1681075996.466220
	[2]	From: :12002
	[2]	OriginStartTime: 1681075996.461136
	[2]	Content-Length: 20
	[2]	
	[2]	:12000,:12004,:12012
[Sun Apr  9 2023 14:33:16.469488] i LSUPDATE :12004 8 1 20 :12002_21_1681075996.466501 1681075996.461136 :12002 :12000,:12004,:12012
	[2]	353NET/1.0 LSUPDATE
	[2]	TTL: 9
	[2]	Flood: 1;reason=3
	[2]	MessageID: :12002_21_1681075996.466501
	[2]	From: :12002
	[2]	OriginStartTime: 1681075996.461136
	[2]	Content-Length: 20
	[2]	
	[2]	:12000,:12004,:12012
	[3]	Content-Length: 13
	[3]	
	[3]	:12004,:12002
[Sun Apr  9 2023 14:33:16.469896] i LSUPDATE :12004 8 1 20 :12002_10_1681075996.461578 1681075996.461136 :12002 :12000,:12004,:12012
	[3]	353NET/1.0 LSUPDATE
	[3]	TTL: 9
	[3]	Flood: 1;reason=3
	[3]	MessageID: :12002_10_1681075996.461578
	[3]	MessageID: :12002_10_1681075996.461578
[Sun Apr  9 2023 14:33:16.470095] r LSUPDATE :12012 9 1 20 :12002_13_1681075996.461959 1681075996.461136 :12002 :12000,:12004,:12012
	[3]	From: :12002
	[3]	OriginStartTime: 1681075996.461136
	[3]	Content-Length: 20
	[3]	
	[3]	:12000,:12004,:12012
[Sun Apr  9 2023 14:33:16.470459] i LSUPDATE :12004 8 1 13 :12004_22_1681075996.460873 1681075948.358973 :12004 :12012,:12002
[Sun Apr  9 2023 14:33:16.470566] r LSUPDATE :12012 9 1 20 :12002_16_1681075996.462620 1681075996.461136 :12002 :12000,:12004,:12012
[Sun Apr  9 2023 14:33:16.470830] r LSUPDATE :12012 9 1 6 :12000_9_1681075996.462606 1681075942.919464 :12000 :12002
[Sun Apr  9 2023 14:33:16.471107] r LSUPDATE :12012 9 1 13 :12004_24_1681075996.461804 1681075948.358973 :12004 :12012,:12002
	[3]	353NET/1.0 LSUPDATE
	[3]	353NET/1.0 LSUPDATE
[Sun Apr  9 2023 14:33:16.471405] r LSUPDATE :12012 9 1 13 :12004_26_1681075996.462442 1681075948.358973 :12004 :12012,:12002
	[3]	TTL: 9
.0 LSUPDATE
[Sun Apr  9 2023 14:33:16.471405] r LSUPDATE :12012 9 1 13 :12004_26_1681075996.462442 1681075948.358973 :12004 :12012,:12002
[Sun Apr  9 2023 14:33:16.471521] r LSUPDATE :12002 9 1 6 :12000_10_1681075996.467262 1681075942.919464 :12000 :12002
	[3]	TTL: 9
[Sun Apr  9 2023 14:33:16.471871] i LSUPDATE :12004 8 1 6 :12000_10_1681075996.467262 1681075942.919464 :12000 :12002
	[3]	Flood: 1;reason=1
6.471871] i LSUPDATE :12004 8 1 6 :12000_10_1681075996.467262 1681075942.919464 :12000 :12002
[Sun Apr  9 2023 14:33:16.471919] r LSUPDATE :12012 9 1 13 :12012_26_1681075996.461708 1681075952.653016 :12012 :12004,:12002
	[3]	Flood: 1;reason=1
	[3]	MessageID: :12004_22_1681075996.460873
	[3]	From: :12004
	[3]	OriginStartTime: 1681075948.358973
	[3]	Content-Length: 13
	[2]	353NET/1.0 LSUPDATE
	[2]	TTL: 9
	[2]	Flood: 1;reason=3
	[2]	MessageID: :12000_10_1681075996.467262
	[2]	From: :12000
	[2]	OriginStartTime: 1681075942.919464
	[2]	Content-Length: 6
	[2]	
	[2]	:12002
	[3]	
[Sun Apr  9 2023 14:33:16.472573] r LSUPDATE :12012 9 1 20 :12002_19_1681075996.466232 1681075996.461136 :12002 :12000,:12004,:12012
	[3]	:12012,:12002
[Sun Apr  9 2023 14:33:16.472808] i LSUPDATE :12004 8 1 20 :12002_13_1681075996.461959 1681075996.461136 :12002 :12000,:12004,:12012
[Sun Apr  9 2023 14:33:16.472918] r LSUPDATE :12012 9 1 20 :12002_22_1681075996.466516 1681075996.461136 :12002 :12000,:12004,:12012
[Sun Apr  9 2023 14:33:16.473237] r LSUPDATE :12012 9 1 13 :12012_28_1681075996.462105 1681075952.653016 :12012 :12004,:12002
[Sun Apr  9 2023 14:33:16.473479] r LSUPDATE :12012 9 1 6 :12000_10_1681075996.467262 1681075942.919464 :12000 :12002
[Sun Apr  9 2023 14:33:16.473730] r LSUPDATE :12012 9 1 13 :12012_30_1681075996.463968 1681075952.653016 :12012 :12004,:12002
	[3]	353NET/1.0 LSUPDATE
	[3]	TTL: 9
	[3]	Flood: 1;reason=3
	[3]	MessageID: :12002_13_1681075996.461959
	[3]	From: :12002
	[3]	OriginStartTime: 1681075996.461136
	[3]	Content-Length: 20
	[3]	
	[3]	:12000,:12004,:12012
[Sun Apr  9 2023 14:33:16.475471] i LSUPDATE :12004 8 1 20 :12002_16_1681075996.462620 1681075996.461136 :12002 :12000,:12004,:12012
	[3]	353NET/1.0 LSUPDATE
	[3]	TTL: 9
	[3]	Flood: 1;reason=1
	[3]	MessageID: :12002_16_1681075996.462620
	[3]	From: :12002
	[3]	OriginStartTime: 1681075996.461136
	[3]	Content-Length: 20
	[3]	
	[3]	:12000,:12004,:12012
[Sun Apr  9 2023 14:33:16.476352] i LSUPDATE :12004 8 1 13 :12004_24_1681075996.461804 1681075948.358973 :12004 :12012,:12002
	[3]	353NET/1.0 LSUPDATE
	[3]	TTL: 9
	[3]	Flood: 1;reason=3
	[3]	MessageID: :12004_24_1681075996.461804
	[3]	From: :12004
	[3]	OriginStartTime: 1681075948.358973
	[3]	Content-Length: 13
	[3]	
	[3]	:12012,:12002
[Sun Apr  9 2023 14:33:16.476463] i LSUPDATE :12004 8 1 13 :12004_26_1681075996.462442 1681075948.358973 :12004 :12012,:12002
	[3]	353NET/1.0 LSUPDATE
	[3]	TTL: 9
	[3]	Flood: 1;reason=3
	[3]	MessageID: :12004_26_1681075996.462442
	[3]	From: :12004
	[3]	OriginStartTime: 1681075948.358973
	[3]	Content-Length: 13
	[3]	
	[3]	:12012,:12002
[Sun Apr  9 2023 14:33:16.476579] i LSUPDATE :12004 8 1 20 :12002_19_1681075996.466232 1681075996.461136 :12002 :12000,:12004,:12012
	[3]	353NET/1.0 LSUPDATE
	[3]	TTL: 9
	[3]	Flood: 1;reason=3
	[3]	MessageID: :12002_19_1681075996.466232
	[3]	From: :12002
	[3]	OriginStartTime: 1681075996.461136
	[3]	Content-Length: 20
	[3]	
	[3]	:12000,:12004,:12012
[Sun Apr  9 2023 14:33:16.476692] i LSUPDATE :12004 8 1 20 :12002_22_1681075996.466516 1681075996.461136 :12002 :12000,:12004,:12012
	[3]	353NET/1.0 LSUPDATE
	[3]	TTL: 9
	[3]	Flood: 1;reason=3
	[3]	MessageID: :12002_22_1681075996.466516
	[3]	From: :12002
	[3]	OriginStartTime: 1681075996.461136
	[3]	Content-Length: 20
	[3]	
	[3]	:12000,:12004,:12012
[Sun Apr  9 2023 14:33:16.485420] i LSUPDATE :12004 9 1 13 :12004_27_1681075996.485303 1681075948.358973 :12004 :12012,:12002
	[2]	353NET/1.0 LSUPDATE
	[2]	TTL: 9
	[2]	Flood: 1;reason=2
	[2]	MessageID: :12004_27_1681075996.485303
	[2]	From: :12004
	[2]	OriginStartTime: 1681075948.358973
	[2]	Content-Length: 13
	[2]	
	[2]	:12012,:12002
	[2]	:12012,:12002
[Sun Apr  9 2023 14:33:16.485575] i LSUPDATE :12004 9 1 13 :12004_28_1681075996.485360 1681075948.358973 :12004 :12012,:12002
	[3]	353NET/1.0 LSUPDATE
	[3]	TTL: 9
	[3]	Flood: 1;reason=2
	[3]	MessageID: :12004_28_1681075996.485360
	[3]	From: :12004
	[3]	OriginStartTime: 1681075948.358973
	[3]	Content-Length: 13
	[3]	
	[3]	:12012,:12002
[Sun Apr  9 2023 14:33:16.485792] Socket-writing thread has terminated
[Sun Apr  9 2023 14:33:16.485965] r LSUPDATE :12012 9 1 13 :12012_32_1681075996.485303 1681075952.653016 :12012 :12004,:12002
[Sun Apr  9 2023 14:33:16.486053] i LSUPDATE :12004 9 1 13 :12004_29_1681075996.486039 1681075948.358973 :12004 :12012,:12002
	[2]	353NET/1.0 LSUPDATE
	[2]	TTL: 9
	[2]	Flood: 1;reason=3
	[2]	MessageID: :12004_29_1681075996.486039
	[2]	From: :12004
	[2]	OriginStartTime: 1681075948.358973
	[2]	Content-Length: 13
	[2]	
	[2]	:12012,:12002
[Sun Apr  9 2023 14:33:16.486141] Socket-reading thread has joined with socket-writing thread
[Sun Apr  9 2023 14:33:16.486751] r LSUPDATE :12012 9 1 6 :12012_34_1681075996.486281 1681075952.653016 :12012 :12004
[Sun Apr  9 2023 14:33:16.486850] i LSUPDATE :12004 9 1 6 :12004_31_1681075996.486789 1681075948.358973 :12004 :12012
	[2]	353NET/1.0 LSUPDATE
	[2]	TTL: 9
	[2]	Flood: 1;reason=3
	[2]	MessageID: :12004_31_1681075996.486789
	[2]	From: :12004
	[2]	OriginStartTime: 1681075948.358973
	[2]	Content-Length: 6
	[2]	
	[2]	:12012
[Sun Apr  9 2023 14:33:16.487440] r LSUPDATE :12012 9 1 6 :12012_35_1681075996.486819 1681075952.653016 :12012 :12004
[Sun Apr  9 2023 14:33:32.826383] CONNECT[4]: 127.0.0.1:12004
[Sun Apr  9 2023 14:33:32.827109] r SAYHELLO :12002 1 - 0
[Sun Apr  9 2023 14:33:32.827287] i LSUPDATE :12004 9 1 13 :12004_32_1681076012.827247 1681075948.358973 :12004 :12012,:12002
[Sun Apr  9 2023 14:33:32.827288] i SAYHELLO :12004 1 - 0
[Sun Apr  9 2023 14:33:32.827288] i SAYHELLO :12004 1 - 0
	[2]	353NET/1.0 LSUPDATE
	[2]	TTL: 9
	[2]	Flood: 1;reason=1
	[2]	MessageID: :12004_32_1681076012.827247
	[2]	From: :12004
	[2]	OriginStartTime: 1681075948.358973
	[2]	Content-Length: 13
	[2]	
	[2]	:12012,:12002
	[4]	353NET/1.0 SAYHELLO
	[4]	TTL: 9
	[4]	Flood: 0
	[4]	From: :12004
	[4]	Content-Length: 0
 	[4]	
[Sun Apr  9 2023 14:33:32.827790] i LSUPDATE :12004 9 1 13 :12004_33_1681076012.827422 1681075948.358973 :12004 :12012,:12002
	[4]	353NET/1.0 LSUPDATE
	[4]	TTL: 9
	[4]	Flood: 1;reason=1
	[4]	MessageID: :12004_33_1681076012.827422
	[4]	From: :12004
	[4]	OriginStartTime: 1681075948.358973
	[4]	Content-Length: 13
	[4]	
	[4]	:12012,:12002
[Sun Apr  9 2023 14:33:32.828111] r LSUPDATE :12012 9 1 13 :12012_36_1681076012.827502 1681075952.653016 :12012 :12004,:12002
[Sun Apr  9 2023 14:33:32.828246] r LSUPDATE :12002 9 1 20 :12002_3_1681076012.827300 1681076012.827266 :12002 :12000,:12004,:12012
[Sun Apr  9 2023 14:33:32.828406] i LSUPDATE :12004 8 1 13 :12012_36_1681076012.827502 1681075952.653016 :12012 :12004,:12002
[Sun Apr  9 2023 14:33:32.828520] i LSUPDATE :12004 8 1 20 :12002_3_1681076012.827300 1681076012.827266 :12002 :12000,:12004,:12012
[Sun Apr  9 2023 14:33:32.828779] r LSUPDATE :12002 9 1 6 :12000_12_1681076012.826681 1681075942.919464 :12000 :12002
	[2]	353NET/1.0 LSUPDATE
	[2]	TTL: 9
	[2]	Flood: 1;reason=1
	[2]	MessageID: :12002_3_1681076012.827300
	[2]	From: :12002
	[2]	OriginStartTime: 1681076012.827266
	[2]	Content-Length: 20
	[2]	
	[2]	:12000,:12004,:12012
[Sun Apr  9 2023 14:33:32.829188] i LSUPDATE :12004 9 1 13 :12004_34_1681076012.828509 1681075948.358973 :12004 :12012,:12002
	[2]	353NET/1.0 LSUPDATE
	[2]	TTL: 9
	[2]	Flood: 1;reason=3
	[2]	MessageID: :12004_34_1681076012.828509
	[2]	From: :12004
	[2]	OriginStartTime: 1681075948.358973
	[2]	Content-Length: 13
	[2]	
	[2]	:12012,:12002
[Sun Apr  9 2023 14:33:32.829302] r LSUPDATE :12012 9 1 20 :12002_4_1681076012.827316 1681076012.827266 :12002 :12000,:12004,:12012
[Sun Apr  9 2023 14:33:32.829328] i LSUPDATE :12004 8 1 6 :12000_12_1681076012.826681 1681075942.919464 :12000 :12002
	[2]	353NET/1.0 LSUPDATE
	[2]	TTL: 9
	[2]	Flood: 1;reason=1
	[2]	MessageID: :12000_12_1681076012.826681
	[2]	From: :12000
	[2]	OriginStartTime: 1681075942.919464
	[2]	Content-Length: 6
	[2]	Content-Length: 6
	[4]	353NET/1.0 LSUPDATE
	[2]	
	[4]	TTL: 9
	[2]	:12002
	[4]	Flood: 1;reason=1
	[4]	MessageID: :12012_36_1681076012.827502
	[4]	From: :12012
	[4]	OriginStartTime: 1681075952.653016
	[4]	Content-Length: 13
	[4]	Content-Length: 13
[Sun Apr  9 2023 14:33:32.829480] i LSUPDATE :12004 9 1 13 :12004_36_1681076012.829009 1681075948.358973 :12004 :12012,:12002
	[4]	
	[4]	:12004,:12002
[Sun Apr  9 2023 14:33:32.829533] i LSUPDATE :12004 9 1 13 :12004_35_1681076012.828525 1681075948.358973 :12004 :12012,:12002
	[4]	353NET/1.0 LSUPDATE
	[4]	TTL: 9
	[4]	Flood: 1;reason=3
	[4]	MessageID: :12004_35_1681076012.828525
	[4]	From: :12004
	[4]	OriginStartTime: 1681075948.358973
	[4]	Content-Length: 13
	[4]	
	[4]	:12012,:12002
[Sun Apr  9 2023 14:33:32.829655] i LSUPDATE :12004 9 1 13 :12004_37_1681076012.829021 1681075948.358973 :12004 :12012,:12002
	[2]	353NET/1.0 LSUPDATE
	[2]	353NET/1.0 LSUPDATE
	[4]	353NET/1.0 LSUPDATE
	[4]	TTL: 9
	[4]	TTL: 9
	[2]	Flood: 1;reason=3
	[4]	Flood: 1;reason=3
	[2]	MessageID: :12004_36_1681076012.829009
	[2]	From: :12004
	[2]	OriginStartTime: 1681075948.358973
	[2]	Content-Length: 13
	[2]	
	[2]	:12012,:12002
[Sun Apr  9 2023 14:33:32.829820] r LSUPDATE :12012 9 1 13 :12012_38_1681076012.828254 1681075952.653016 :12012 :12004,:12002
[Sun Apr  9 2023 14:33:32.829820] r LSUPDATE 	[4]	From: :12004
	[4]	OriginStartTime: 1681075948.358973
	[4]	Content-Length: 13
	[4]	
	[4]	:12012,:12002
[Sun Apr  9 2023 14:33:32.829979] i LSUPDATE :12004 8 1 20 :12002_4_1681076012.827316 1681076012.827266 :12002 :12000,:12004,:12012
[Sun Apr  9 2023 14:33:32.830099] r LSUPDATE :12012 9 1 6 :12000_12_1681076012.826681 1681075942.919464 :12000 :12002
	[4]	353NET/1.0 LSUPDATE
	[4]	TTL: 9
	[4]	Flood: 1;reason=1
	[4]	MessageID: :12002_4_1681076012.827316
	[4]	From: :12002
	[4]	OriginStartTime: 1681076012.827266
	[4]	Content-Length: 20
	[4]	
	[4]	:12000,:12004,:12012
[Sun Apr  9 2023 14:33:32.830364] r LSUPDATE :12012 9 1 13 :12012_40_1681076012.829369 1681075952.653016 :12012 :12004,:12002
[Sun Apr  9 2023 14:33:32.830552] i LSUPDATE :12004 8 1 13 :12012_38_1681076012.828254 1681075952.653016 :12012 :12004,:12002
	[4]	353NET/1.0 LSUPDATE
	[4]	TTL: 9
	[4]	Flood: 1;reason=3
	[4]	MessageID: :12012_38_1681076012.828254
	[4]	From: :12012
	[4]	OriginStartTime: 1681075952.653016
	[4]	Content-Length: 13
	[4]	
	[4]	:12004,:12002
[Sun Apr  9 2023 14:33:32.830788] i LSUPDATE :12004 8 1 13 :12012_40_1681076012.829369 1681075952.653016 :12012 :12004,:12002
	[4]	353NET/1.0 LSUPDATE
	[4]	TTL: 9
	[4]	Flood: 1;reason=3
	[4]	MessageID: :12012_40_1681076012.829369
	[4]	From: :12012
	[4]	OriginStartTime: 1681075952.653016
	[4]	Content-Length: 13
	[4]	
	[4]	:12004,:12002
[Sun Apr  9 2023 14:33:32.831054] r LSUPDATE :12002 9 1 20 :12002_6_1681076012.827715 1681076012.827266 :12002 :12000,:12004,:12012
[Sun Apr  9 2023 14:33:32.831138] r LSUPDATE :12012 9 1 20 :12002_7_1681076012.827722 1681076012.827266 :12002 :12000,:12004,:12012
[Sun Apr  9 2023 14:33:32.831236] i LSUPDATE :12004 8 1 20 :12002_6_1681076012.827715 1681076012.827266 :12002 :12000,:12004,:12012
	[2]	353NET/1.0 LSUPDATE
	[2]	TTL: 9
	[2]	Flood: 1;reason=3
	[2]	MessageID: :12002_6_1681076012.827715
	[2]	From: :12002
	[2]	OriginStartTime: 1681076012.827266
	[2]	Content-Length: 20
	[2]	
	[2]	:12000,:12004,:12012
[Sun Apr  9 2023 14:33:32.831417] r LSUPDATE :12002 9 1 20 :12002_9_1681076012.828416 1681076012.827266 :12002 :12000,:12004,:12012
[Sun Apr  9 2023 14:33:32.831237] i LSUPDATE :12004 8 1 20 :12002_7_1681076012.827722 1681076012.827266 :12002 :12000,:12004,:12012
[Sun Apr  9 2023 14:33:32.831512] i LSUPDATE :12004 8 1 20 :12002_9_1681076012.828416 1681076012.827266 :12002 :12000,:12004,:12012
	[2]	353NET/1.0 LSUPDATE
	[2]	TTL: 9
	[2]	Flood: 1;reason=1
	[2]	MessageID: :12002_9_1681076012.828416
	[2]	From: :12002
	[2]	OriginStartTime: 1681076012.827266
	[2]	Content-Length: 20
	[2]	
	[2]	:12000,:12004,:12012
	[4]	353NET/1.0 LSUPDATE
	[4]	TTL: 9
	[4]	Flood: 1;reason=3
	[4]	MessageID: :12002_7_1681076012.827722
	[4]	From: :12002
	[4]	OriginStartTime: 1681076012.827266
	[4]	Content-Length: 20
	[4]	
	[4]	:12000,:12004,:12012
[Sun Apr  9 2023 14:33:32.831979] r LSUPDATE :12012 9 1 20 :12002_10_1681076012.828440 1681076012.827266 :12002 :12000,:12004,:12012
[Sun Apr  9 2023 14:33:32.832020] r LSUPDATE :12002 9 1 20 :12002_12_1681076012.828503 1681076012.827266 :12002 :12000,:12004,:12012
[Sun Apr  9 2023 14:33:32.832082] i LSUPDATE :12004 8 1 20 :12002_10_1681076012.828440 1681076012.827266 :12002 :12000,:12004,:12012
	[4]	353NET/1.0 LSUPDATE
	[4]	TTL: 9
	[4]	Flood: 1;reason=1
	[4]	MessageID: :12002_10_1681076012.828440
	[4]	From: :12002
	[4]	OriginStartTime: 1681076012.827266
	[4]	Content-Length: 20
	[4]	
	[4]	:12000,:12004,:12012
[Sun Apr  9 2023 14:33:32.832244] i LSUPDATE :12004 8 1 20 :12002_12_1681076012.828503 1681076012.827266 :12002 :12000,:12004,:12012
	[2]	353NET/1.0 LSUPDATE
	[2]	TTL: 9
	[2]	Flood: 1;reason=1
	[2]	MessageID: :12002_12_1681076012.828503
	[2]	From: :12002
	[2]	OriginStartTime: 1681076012.827266
	[2]	Content-Length: 20
	[2]	
	[2]	:12000,:12004,:12012
[Sun Apr  9 2023 14:33:32.832603] r LSUPDATE :12002 9 1 20 :12002_15_1681076012.828892 1681076012.827266 :12002 :12000,:12004,:12012
[Sun Apr  9 2023 14:33:32.832751] i LSUPDATE :12004 8 1 20 :12002_15_1681076012.828892 1681076012.827266 :12002 :12000,:12004,:12012
	[2]	353NET/1.0 LSUPDATE
	[2]	TTL: 9
	[2]	Flood: 1;reason=3
	[2]	MessageID: :12002_15_1681076012.828892
	[2]	From: :12002
	[2]	OriginStartTime: 1681076012.827266
	[2]	Content-Length: 20
	[2]	
	[2]	:12000,:12004,:12012
[Sun Apr  9 2023 14:33:32.832980] r LSUPDATE :12002 9 1 6 :12000_13_1681076012.827850 1681075942.919464 :12000 :12002
[Sun Apr  9 2023 14:33:32.833067] r LSUPDATE :12012 9 1 20 :12002_13_1681076012.828511 1681076012.827266 :12002 :12000,:12004,:12012
[Sun Apr  9 2023 14:33:32.833269] r LSUPDATE :12002 9 1 20 :12002_18_1681076012.829726 1681076012.827266 :12002 :12000,:12004,:12012
[Sun Apr  9 2023 14:33:32.833416] r LSUPDATE :12012 9 1 13 :12004_33_1681076012.827422 1681075948.358973 :12004 :12012,:12002
[Sun Apr  9 2023 14:33:32.833542] r LSUPDATE :12002 9 1 13 :12012_37_1681076012.827519 1681075952.653016 :12012 :12004,:12002
[Sun Apr  9 2023 14:33:32.833713] r LSUPDATE :12012 9 1 20 :12002_16_1681076012.828908 1681076012.827266 :12002 :12000,:12004,:12012
[Sun Apr  9 2023 14:33:32.833731] i LSUPDATE :12004 8 1 6 :12000_13_1681076012.827850 1681075942.919464 :12000 :12002
[Sun Apr  9 2023 14:33:32.833795] i LSUPDATE :12004 8 1 20 :12002_13_1681076012.828511 1681076012.827266 :12002 :12000,:12004,:12012
[Sun Apr  9 2023 14:33:32.833819] r LSUPDATE :12002 9 1 13 :12012_39_1681076012.828265 1681075952.653016 :12012 :12004,:12002
	[2]	353NET/1.0 LSUPDATE
	[2]	TTL: 9
	[2]	Flood: 1;reason=3
	[2]	MessageID: :12000_13_1681076012.827850
	[2]	From: :12000
	[2]	OriginStartTime: 1681075942.919464
	[2]	Content-Length: 6
	[2]	
	[2]	:12002
[Sun Apr  9 2023 14:33:32.833935] i LSUPDATE :12004 8 1 20 :12002_18_1681076012.829726 1681076012.827266 :12002 :12000,:12004,:12012
	[2]	353NET/1.0 LSUPDATE
	[2]	TTL: 9
	[2]	Flood: 1;reason=3
	[2]	MessageID: :12002_18_1681076012.829726
	[2]	From: :12002
	[2]	OriginStartTime: 1681076012.827266
	[2]	Content-Length: 20
	[2]	
	[2]	:12000,:12004,:12012
[Sun Apr  9 2023 14:33:32.834068] i LSUPDATE :12004 9 1 13 :12004_38_1681076012.833478 1681075948.358973 :12004 :12012,:12002
[Sun Apr  9 2023 14:33:32.834097] r LSUPDATE :12012 9 1 6 :12000_13_1681076012.827850 1681075942.919464 :12000 :12002
[Sun Apr  9 2023 14:33:32.834365] r LSUPDATE :12012 9 1 13 :12012_36_1681076012.827502 1681075952.653016 :12012 :12004,:12002
	[4]	353NET/1.0 LSUPDATE
	[4]	TTL: 9
	[4]	Flood: 1;reason=1
	[4]	MessageID: :12002_13_1681076012.828511
	[4]	From: :12002
	[4]	OriginStartTime: 1681076012.827266
	[4]	Content-Length: 20
	[4]	
	[4]	:12000,:12004,:12012
[Sun Apr  9 2023 14:33:32.834499] i LSUPDATE :12004 8 1 13 :12004_33_1681076012.827422 1681075948.358973 :12004 :12012,:12002
	[4]	353NET/1.0 LSUPDATE
	[4]	TTL: 9
	[4]	Flood: 1;reason=1
	[4]	MessageID: :12004_33_1681076012.827422
	[4]	From: :12004
	[4]	OriginStartTime: 1681075948.358973
	[4]	Content-Length: 13
	[4]	
	[4]	:12012,:12002
[Sun Apr  9 2023 14:33:32.834613] r LSUPDATE :12012 9 1 13 :12012_42_1681076012.833171 1681075952.653016 :12012 :12004,:12002
[Sun Apr  9 2023 14:33:32.834613] r LSUPDATE :12012 9 1 13 :12012_42_1681076012.833171 1681075952.653016 :12012 :12004,:12002
[Sun Apr  9 2023 14:33:32.834618] i LSUPDATE :12004 9 1 13 :12004_39_1681076012.833488 1681075948.358973 :12004 :12012,:12002
	[4]	353NET/1.0 LSUPDATE
	[4]	TTL: 9
	[4]	Flood: 1;reason=3
	[4]	MessageID: :12004_39_1681076012.833488
	[4]	From: :12004
	[4]	OriginStartTime: 1681075948.358973
	[4]	Content-Length: 13
	[4]	
	[4]	:12012,:12002
[Sun Apr  9 2023 14:33:32.834763] i LSUPDATE :12004 8 1 20 :12002_16_1681076012.828908 1681076012.827266 :12002 :12000,:12004,:12012
[Sun Apr  9 2023 14:33:32.834865] r LSUPDATE :12012 9 1 20 :12002_19_1681076012.829743 1681076012.827266 :12002 :12000,:12004,:12012
[Sun Apr  9 2023 14:33:32.835114] r LSUPDATE :12012 9 1 13 :12004_35_1681076012.828525 1681075948.358973 :12004 :12012,:12002
[Sun Apr  9 2023 14:33:32.835196] r LSUPDATE :12002 9 1 13 :12004_32_1681076012.827247 1681075948.358973 :12004 :12012,:12002
	[2]	353NET/1.0 LSUPDATE
	[2]	TTL: 9
	[2]	Flood: 1;reason=3
	[2]	MessageID: :12004_38_1681076012.833478
	[2]	From: :12004
	[2]	OriginStartTime: 1681075948.358973
	[2]	Content-Length: 13
	[2]	
	[2]	:12012,:12002
[Sun Apr  9 2023 14:33:32.835466] i LSUPDATE :12004 8 1 13 :12012_37_1681076012.827519 1681075952.653016 :12012 :12004,:12002
	[2]	353NET/1.0 LSUPDATE
	[2]	TTL: 9
	[2]	Flood: 1;reason=1
	[2]	MessageID: :12012_37_1681076012.827519
	[2]	From: :12012
[Sun Apr  9 2023 14:33:32.835536] r LSUPDATE :12002 9 1 13 :12012_41_1681076012.829383 1681075952.653016 :12012 :12004,:12002
	[2]	OriginStartTime: 1681075952.653016
	[2]	Content-Length: 13
.835536] r LSUPDATE :12002 9 1 13 :12012_41_1681076012.829383 1681075952.653016 :12012 :12004,:12002
	[2]	OriginStartTime: 1681075952.653016
	[2]	Content-Length: 13
	[2]	
	[2]	:12004,:12002
[Sun Apr  9 2023 14:33:32.835611] i LSUPDATE :12004 8 1 13 :12012_39_1681076012.828265 1681075952.653016 :12012 :12004,:12002
	[2]	353NET/1.0 LSUPDATE
	[2]	TTL: 9
	[2]	Flood: 1;reason=3
	[2]	MessageID: :12012_39_1681076012.828265
	[2]	From: :12012
	[2]	OriginStartTime: 1681075952.653016
	[2]	Content-Length: 13
	[2]	
	[2]	:12004,:12002
[Sun Apr  9 2023 14:33:32.835866] r LSUPDATE :12002 9 1 20 :12002_21_1681076012.831640 1681076012.827266 :12002 :12000,:12004,:12012
[Sun Apr  9 2023 14:33:32.835971] i LSUPDATE :12004 8 1 13 :12004_32_1681076012.827247 1681075948.358973 :12004 :12012,:12002
	[2]	353NET/1.0 LSUPDATE
	[2]	TTL: 9
.0 LSUPDATE
[Sun Apr  9 2023 14:33:32.835868] r LSUPDATE :12012 9 1 13 :12004_37_1681076012.829021 1681075948.358973 :12004 :12012,:12002
	[2]	TTL: 9
	[2]	Flood: 1;reason=1
	[2]	MessageID: :12004_32_1681076012.827247
	[2]	From: :12004
	[2]	OriginStartTime: 1681075948.358973
	[2]	Content-Length: 13
	[2]	
[Sun Apr  9 2023 14:33:32.836228] r LSUPDATE :12002 9 1 20 :12002_3_1681076012.827300 1681076012.827266 :12002 :12000,:12004,:12012
[Sun Apr  9 2023 14:33:32.836228] r LSUPDATE :12002 9 1 20 :12002_3_1681076012.827300 1681076012.827266 :12002 :12000,:12004,:12012
	[2]	:12012,:12002
[Sun Apr  9 2023 14:33:32.836298] i LSUPDATE :12004 8 1 13 :12012_41_1681076012.829383 1681075952.653016 :12012 :12004,:12002
[Sun Apr  9 2023 14:33:32.836318] r LSUPDATE :12012 9 1 20 :12002_22_1681076012.831648 1681076012.827266 :12002 :12000,:12004,:12012
	[2]	353NET/1.0 LSUPDATE
	[2]	TTL: 9
	[2]	Flood: 1;reason=3
	[2]	MessageID: :12012_41_1681076012.829383
	[2]	From: :12012
	[2]	OriginStartTime: 1681075952.653016
	[2]	Content-Length: 13
	[2]	
	[2]	:12004,:12002
[Sun Apr  9 2023 14:33:32.836456] i LSUPDATE :12004 8 1 20 :12002_21_1681076012.831640 1681076012.827266 :12002 :12000,:12004,:12012
[Sun Apr  9 2023 14:33:32.836520] r LSUPDATE :12002 9 1 13 :12004_34_1681076012.828509 1681075948.358973 :12004 :12012,:12002
	[2]	353NET/1.0 LSUPDATE
	[2]	TTL: 9
	[2]	Flood: 1;reason=3
	[2]	MessageID: :12002_21_1681076012.831640
	[2]	From: :12002
	[2]	OriginStartTime: 1681076012.827266
	[2]	Content-Length: 20
	[2]	
	[2]	:12000,:12004,:12012
[Sun Apr  9 2023 14:33:32.836662] r LSUPDATE :12012 9 1 13 :12012_38_1681076012.828254 1681075952.653016 :12012 :12004,:12002
[Sun Apr  9 2023 14:33:32.836669] i LSUPDATE :12004 8 1 13 :12004_34_1681076012.828509 1681075948.358973 :12004 :12012,:12002
	[2]	353NET/1.0 LSUPDATE
	[2]	TTL: 9
	[2]	Flood: 1;reason=3
	[2]	MessageID: :12004_34_1681076012.828509
3:32.836769] r LSUPDATE :12002 9 1 13 :12004_36_1681076012.829009 1681075948.358973 :12004 :12012,:12002
	[2]	MessageID: :12004_34_1681076012.828509
	[2]	From: :12004
	[2]	OriginStartTime: 1681075948.358973
	[2]	Content-Length: 13
	[2]	
	[2]	:12012,:12002
[Sun Apr  9 2023 14:33:32.836844] i LSUPDATE :12004 8 1 13 :12004_36_1681076012.829009 1681075948.358973 :12004 :12012,:12002
	[2]	353NET/1.0 LSUPDATE
	[2]	TTL: 9
	[2]	Flood: 1;reason=3
	[2]	MessageID: :12004_36_1681076012.829009
	[2]	From: :12004
	[2]	OriginStartTime: 1681075948.358973
	[2]	Content-Length: 13
	[2]	
	[2]	:12012,:12002
[Sun Apr  9 2023 14:33:32.836976] r LSUPDATE :12012 9 1 13 :12012_40_1681076012.829369 1681075952.653016 :12012 :12004,:12002
[Sun Apr  9 2023 14:33:32.837030] r LSUPDATE :12002 9 1 20 :12002_6_1681076012.827715 1681076012.827266 :12002 :12000,:12004,:12012
	[4]	353NET/1.0 LSUPDATE
	[4]	TTL: 9
	[4]	Flood: 1;reason=3
	[4]	MessageID: :12002_16_1681076012.828908
	[4]	From: :12002
	[4]	OriginStartTime: 1681076012.827266
	[4]	Content-Length: 20
	[4]	
	[4]	:12000,:12004,:12012
[Sun Apr  9 2023 14:33:32.837487] i LSUPDATE :12004 8 1 13 :12012_42_1681076012.833171 1681075952.653016 :12012 :12004,:12002
	[4]	353NET/1.0 LSUPDATE
	[4]	TTL: 9
	[4]	Flood: 1;reason=3
	[4]	MessageID: :12012_42_1681076012.833171
	[4]	From: :12012
	[4]	OriginStartTime: 1681075952.653016
	[4]	Content-Length: 13
	[4]	
	[4]	:12004,:12002
[Sun Apr  9 2023 14:33:32.837860] i LSUPDATE :12004 8 1 20 :12002_19_1681076012.829743 1681076012.827266 :12002 :12000,:12004,:12012
	[4]	353NET/1.0 LSUPDATE
	[4]	TTL: 9
	[4]	Flood: 1;reason=3
	[4]	MessageID: :12002_19_1681076012.829743
	[4]	From: :12002
	[4]	OriginStartTime: 1681076012.827266
	[4]	Content-Length: 20
	[4]	
	[4]	:12000,:12004,:12012
[Sun Apr  9 2023 14:33:32.838011] i LSUPDATE :12004 8 1 13 :12004_35_1681076012.828525 1681075948.358973 :12004 :12012,:12002
	[4]	353NET/1.0 LSUPDATE
	[4]	TTL: 9
	[4]	Flood: 1;reason=3
	[4]	MessageID: :12004_35_1681076012.828525
	[4]	From: :12004
	[4]	OriginStartTime: 1681075948.358973
	[4]	Content-Length: 13
	[4]	
	[4]	:12012,:12002
[Sun Apr  9 2023 14:33:32.838151] i LSUPDATE :12004 8 1 13 :12004_37_1681076012.829021 1681075948.358973 :12004 :12012,:12002
	[4]	353NET/1.0 LSUPDATE
	[4]	TTL: 9
	[4]	Flood: 1;reason=3
	[4]	MessageID: :12004_37_1681076012.829021
	[4]	From: :12004
	[4]	OriginStartTime: 1681075948.358973
	[4]	Content-Length: 13
	[4]	
	[4]	:12012,:12002
[Sun Apr  9 2023 14:33:32.838373] i LSUPDATE :12004 8 1 20 :12002_22_1681076012.831648 1681076012.827266 :12002 :12000,:12004,:12012
	[4]	353NET/1.0 LSUPDATE
	[4]	TTL: 9
	[4]	Flood: 1;reason=3
	[4]	MessageID: :12002_22_1681076012.831648
	[4]	From: :12002
	[4]	OriginStartTime: 1681076012.827266
	[4]	Content-Length: 20
	[4]	
	[4]	:12000,:12004,:12012
[Sun Apr  9 2023 14:33:32.838596] r LSUPDATE :12002 9 1 20 :12002_9_1681076012.828416 1681076012.827266 :12002 :12000,:12004,:12012
[Sun Apr  9 2023 14:33:32.839285] r LSUPDATE :12002 9 1 20 :12002_12_1681076012.828503 1681076012.827266 :12002 :12000,:12004,:12012
[Sun Apr  9 2023 14:33:32.839850] r LSUPDATE :12002 9 1 13 :12012_43_1681076012.833183 1681075952.653016 :12012 :12004,:12002
[Sun Apr  9 2023 14:33:32.840173] i LSUPDATE :12004 8 1 13 :12012_43_1681076012.833183 1681075952.653016 :12012 :12004,:12002
[Sun Apr  9 2023 14:33:32.840281] r LSUPDATE :12002 9 1 20 :12002_15_1681076012.828892 1681076012.827266 :12002 :12000,:12004,:12012
	[2]	353NET/1.0 LSUPDATE
	[2]	TTL: 9
	[2]	Flood: 1;reason=3
	[2]	MessageID: :12012_43_1681076012.833183
	[2]	From: :12012
	[2]	OriginStartTime: 1681075952.653016
	[2]	Content-Length: 13
	[2]	
	[2]	:12004,:12002
[Sun Apr  9 2023 14:33:32.840529] r LSUPDATE :12002 9 1 20 :12002_18_1681076012.829726 1681076012.827266 :12002 :12000,:12004,:12012
[Sun Apr  9 2023 14:33:32.840672] r LSUPDATE :12012 9 1 13 :12004_39_1681076012.833488 1681075948.358973 :12004 :12012,:12002
[Sun Apr  9 2023 14:33:32.840789] i LSUPDATE :12004 8 1 13 :12004_39_1681076012.833488 1681075948.358973 :12004 :12012,:12002
	[4]	353NET/1.0 LSUPDATE
	[4]	TTL: 9
	[4]	Flood: 1;reason=3
	[4]	MessageID: :12004_39_1681076012.833488
	[4]	From: :12004
	[4]	OriginStartTime: 1681075948.358973
	[4]	Content-Length: 13
	[4]	
	[4]	:12012,:12002
[Sun Apr  9 2023 14:33:32.841086] r LSUPDATE :12002 9 1 13 :12004_38_1681076012.833478 1681075948.358973 :12004 :12012,:12002
[Sun Apr  9 2023 14:33:32.841240] i LSUPDATE :12004 8 1 13 :12004_38_1681076012.833478 1681075948.358973 :12004 :12012,:12002
	[2]	353NET/1.0 LSUPDATE
	[2]	TTL: 9
	[2]	Flood: 1;reason=3
	[2]	MessageID: :12004_38_1681076012.833478
	[2]	From: :12004
	[2]	OriginStartTime: 1681075948.358973
	[2]	Content-Length: 13
	[2]	
	[2]	:12012,:12002
[Sun Apr  9 2023 14:33:32.842287] r LSUPDATE :12012 9 1 13 :12012_42_1681076012.833171 1681075952.653016 :12012 :12004,:12002
[Sun Apr  9 2023 14:33:32.842502] r LSUPDATE :12002 9 1 20 :12002_21_1681076012.831640 1681076012.827266 :12002 :12000,:12004,:12012
[Sun Apr  9 2023 14:33:47.550320] r LSUPDATE :12002 9 1 20 :12002_24_1681076027.549492 1681076012.827266 :12002 :12000,:12004,:12012
[Sun Apr  9 2023 14:33:47.550597] i LSUPDATE :12004 8 1 20 :12002_24_1681076027.549492 1681076012.827266 :12002 :12000,:12004,:12012
[Sun Apr  9 2023 14:33:47.550597] i LSUPDATE :12004 8 1 20 :12002_24_1681076027.549492 1681076012.827266 :12002 :12000,:12004,:12012
[Sun Apr  9 2023 14:33:47.550639] i LSUPDATE :12004 9 1 13 :12004_41_1681076027.550525 1681075948.358973 :12004 :12012,:12002
	[2]	353NET/1.0 LSUPDATE
	[2]	TTL: 9
	[2]	Flood: 1;reason=2
	[2]	MessageID: :12002_24_1681076027.549492
	[2]	From: :12002
	[4]	353NET/1.0 LSUPDATE
	[2]	OriginStartTime: 1681076012.827266
	[2]	Content-Length: 20

	[2]	Content-Length: 20
	[4]	TTL: 9
	[2]	
	[4]	Flood: 1;reason=3
	[2]	:12000,:12004,:12012
	[4]	MessageID: :12004_41_1681076027.550525
	[4]	From: :12004
	[4]	OriginStartTime: 1681075948.358973
	[4]	Content-Length: 13
	[4]	
	[4]	:12012,:12002
	[4]	:12012,:12002
[Sun Apr  9 2023 14:33:47.550986] i LSUPDATE :12004 9 1 13 :12004_40_1681076027.550507 1681075948.358973 :12004 :12012,:12002
	[2]	353NET/1.0 LSUPDATE
	[2]	TTL: 9
	[2]	Flood: 1;reason=3
	[2]	MessageID: :12004_40_1681076027.550507
	[2]	From: :12004
	[2]	OriginStartTime: 1681075948.358973
	[2]	Content-Length: 13
	[2]	
	[2]	:12012,:12002
[Sun Apr  9 2023 14:33:47.551356] r LSUPDATE :12012 9 1 20 :12002_25_1681076027.549590 1681076012.827266 :12002 :12000,:12004,:12012
[Sun Apr  9 2023 14:33:47.551628] i LSUPDATE :12004 8 1 20 :12002_25_1681076027.549590 1681076012.827266 :12002 :12000,:12004,:12012
[Sun Apr  9 2023 14:33:47.551628] i LSUPDATE :12004 8 1 20 :12002_25_1681076027.549590 1681076012.827266 :12002 :12000,:12004,:12012
[Sun Apr  9 2023 14:33:47.551649] i LSUPDATE :12004 9 1 13 :12004_42_1681076027.551534 1681075948.358973 :12004 :12012,:12002
	[2]	353NET/1.0 LSUPDATE
	[2]	TTL: 9
	[2]	TTL: 9
	[4]	353NET/1.0 LSUPDATE
	[2]	Flood: 1;reason=3
	[4]	TTL: 9
	[2]	MessageID: :12004_42_1681076027.551534
	[4]	Flood: 1;reason=2
	[2]	From: :12004
	[4]	MessageID: :12002_25_1681076027.549590
	[2]	OriginStartTime: 1681075948.358973
	[4]	From: :12002
	[2]	Content-Length: 13
	[4]	OriginStartTime: 1681076012.827266
	[2]	
	[4]	Content-Length: 20
	[2]	:12012,:12002
	[4]	
	[4]	:12000,:12004,:12012
[Sun Apr  9 2023 14:33:47.551965] i LSUPDATE :12004 9 1 13 :12004_43_1681076027.551621 1681075948.358973 :12004 :12012,:12002
	[4]	353NET/1.0 LSUPDATE
	[4]	TTL: 9
	[4]	Flood: 1;reason=3
	[4]	MessageID: :12004_43_1681076027.551621
	[4]	From: :12004
	[4]	OriginStartTime: 1681075948.358973
	[4]	Content-Length: 13
	[4]	
	[4]	:12012,:12002
[Sun Apr  9 2023 14:33:47.552106] i LSUPDATE :12004 8 1 13 :12012_44_1681076027.550593 1681075952.653016 :12012 :12004,:12002
	[4]	353NET/1.0 LSUPDATE
	[4]	TTL: 9
	[4]	Flood: 1;reason=3
	[4]	MessageID: :12012_44_1681076027.550593
	[4]	From: :12012
012_44_1681076027.550593
[Sun Apr  9 2023 14:33:47.552163] i LSUPDATE :12004 9 1 13 :12004_44_1681076027.552053 1681075948.358973 :12004 :12012,:12002
	[4]	From: :12012
	[4]	OriginStartTime: 1681075952.653016
	[4]	Content-Length: 13
	[4]	
	[4]	:12004,:12002
	[2]	353NET/1.0 LSUPDATE
	[2]	353NET/1.0 LSUPDATE
[Sun Apr  9 2023 14:33:47.552264] i LSUPDATE :12004 9 1 13 :12004_45_1681076027.552121 1681075948.358973 :12004 :12012,:12002
	[2]	TTL: 9
	[2]	Flood: 1;reason=3
	[2]	MessageID: :12004_44_1681076027.552053
	[2]	MessageID: :12004_44_1681076027.552053
	[4]	353NET/1.0 LSUPDATE
	[2]	From: :12004
	[4]	TTL: 9
	[2]	OriginStartTime: 1681075948.358973
	[4]	Flood: 1;reason=3
	[2]	Content-Length: 13
	[4]	MessageID: :12004_45_1681076027.552121
	[2]	
	[4]	From: :12004
	[2]	:12012,:12002
	[4]	OriginStartTime: 1681075948.358973
	[4]	Content-Length: 13
	[4]	
	[4]	:12012,:12002
[Sun Apr  9 2023 14:33:47.552631] r LSUPDATE :12012 9 1 13 :12012_46_1681076027.551630 1681075952.653016 :12012 :12004,:12002
[Sun Apr  9 2023 14:33:47.552679] r LSUPDATE :12002 9 1 13 :12012_45_1681076027.550617 1681075952.653016 :12012 :12004,:12002
[Sun Apr  9 2023 14:33:47.552935] r LSUPDATE :12012 9 1 13 :12012_48_1681076027.551937 1681075952.653016 :12012 :12004,:12002
[Sun Apr  9 2023 14:33:47.552999] r LSUPDATE :12002 9 1 13 :12002_26_1681076027.552182 1681076012.827266 :12002 :12004,:12012
[Sun Apr  9 2023 14:33:47.553226] r LSUPDATE :12012 9 1 13 :12004_41_1681076027.550525 1681075948.358973 :12004 :12012,:12002
[Sun Apr  9 2023 14:33:47.553347] r LSUPDATE :12002 9 1 13 :12002_28_1681076027.552510 1681076012.827266 :12002 :12004,:12012
[Sun Apr  9 2023 14:33:47.553407] i LSUPDATE :12004 8 1 13 :12012_46_1681076027.551630 1681075952.653016 :12012 :12004,:12002
[Sun Apr  9 2023 14:33:47.553483] i LSUPDATE :12004 8 1 13 :12012_45_1681076027.550617 1681075952.653016 :12012 :12004,:12002
[Sun Apr  9 2023 14:33:47.553483] i LSUPDATE :12004 8 1 13 :12012_45_1681076027.550617 1681075952.653016 :12012 :12004,:12002
	[4]	353NET/1.0 LSUPDATE
	[4]	TTL: 9
	[4]	Flood: 1;reason=3
	[4]	MessageID: :12012_46_1681076027.551630
	[4]	From: :12012
	[4]	OriginStartTime: 1681075952.653016
	[4]	OriginStartTime: 1681075952.653016
	[2]	353NET/1.0 LSUPDATE
	[4]	Content-Length: 13
	[2]	TTL: 9
	[4]	
	[2]	Flood: 1;reason=3
	[4]	:12004,:12002
	[2]	MessageID: :12012_45_1681076027.550617
	[2]	From: :12012
	[2]	OriginStartTime: 1681075952.653016
	[2]	Content-Length: 13
	[2]	Content-Length: 13
[Sun Apr  9 2023 14:33:47.553609] i LSUPDATE :12004 8 1 13 :12012_48_1681076027.551937 1681075952.653016 :12012 :12004,:12002
	[2]	
	[2]	:12004,:12002
[Sun Apr  9 2023 14:33:47.553652] i LSUPDATE :12004 8 1 13 :12002_26_1681076027.552182 1681076012.827266 :12002 :12004,:12012
	[2]	353NET/1.0 LSUPDATE
	[2]	TTL: 9
	[2]	Flood: 1;reason=3
	[2]	MessageID: :12002_26_1681076027.552182
	[2]	From: :12002
	[2]	OriginStartTime: 1681076012.827266
	[2]	Content-Length: 13
	[2]	
	[2]	:12004,:12012
[Sun Apr  9 2023 14:33:47.553770] i LSUPDATE :12004 9 1 13 :12004_46_1681076027.553085 1681075948.358973 :12004 :12012,:12002
	[2]	353NET/1.0 LSUPDATE
	[2]	TTL: 9
	[2]	Flood: 1;reason=3
	[2]	MessageID: :12004_46_1681076027.553085
	[2]	From: :12004
	[2]	OriginStartTime: 1681075948.358973
	[2]	Content-Length: 13
	[2]	
	[2]	:12012,:12002
	[2]	:12012,:12002
[Sun Apr  9 2023 14:33:47.553853] r LSUPDATE :12002 9 1 13 :12002_30_1681076027.553146 1681076012.827266 :12002 :12004,:12012
[Sun Apr  9 2023 14:33:47.553890] i LSUPDATE :12004 9 1 13 :12004_48_1681076027.553286 1681075948.358973 :12004 :12012,:12002
	[2]	353NET/1.0 LSUPDATE
	[2]	TTL: 9
.0 LSUPDATE
[Sun Apr  9 2023 14:33:47.554188] r LSUPDATE :12002 9 1 20 :12002_24_1681076027.549492 1681076012.827266 :12002 :12000,:12004,:12012
	[2]	TTL: 9
	[2]	Flood: 1;reason=3
/1.0 LSUPDATE
	[2]	Flood: 1;reason=3
	[4]	TTL: 9
	[2]	MessageID: :12004_48_1681076027.553286
	[4]	Flood: 1;reason=3
	[2]	From: :12004
	[4]	MessageID: :12012_48_1681076027.551937
	[2]	OriginStartTime: 1681075948.358973
	[4]	From: :12012
	[2]	Content-Length: 13
	[4]	OriginStartTime: 1681075952.653016
	[2]	
	[4]	Content-Length: 13
	[2]	:12012,:12002
	[4]	
	[4]	:12004,:12002
[Sun Apr  9 2023 14:33:47.554339] i LSUPDATE :12004 8 1 13 :12002_28_1681076027.552510 1681076012.827266 :12002 :12004,:12012
[Sun Apr  9 2023 14:33:47.554351] i LSUPDATE :12004 9 1 13 :12004_47_1681076027.553104 1681075948.358973 :12004 :12012,:12002
	[2]	353NET/1.0 LSUPDATE
	[2]	TTL: 9
	[2]	Flood: 1;reason=3
	[2]	MessageID: :12002_28_1681076027.552510
3:47.554356] r LSUPDATE :12012 9 1 13 :12002_27_1681076027.552196 1681076012.827266 :12002 :12004,:12012
	[2]	MessageID: :12002_28_1681076027.552510
	[2]	From: :12002
	[4]	353NET/1.0 LSUPDATE
	[4]	353NET/1.0 LSUPDATE
	[2]	OriginStartTime: 1681076012.827266
	[4]	TTL: 9
	[2]	Content-Length: 13
	[4]	Flood: 1;reason=3
	[2]	
	[4]	MessageID: :12004_47_1681076027.553104
	[2]	:12004,:12012
	[4]	From: :12004
	[4]	OriginStartTime: 1681075948.358973
	[4]	Content-Length: 13
[Sun Apr  9 2023 14:33:47.554498] i LSUPDATE :12004 8 1 13 :12002_30_1681076027.553146 1681076012.827266 :12002 :12004,:12012
[Sun Apr  9 2023 14:33:47.554498] i LSUPDATE :12004 8 1 13 :12002_30_1681076027.553146 1681076012.827266 :12002 :12004,:12012
	[4]	
	[4]	:12012,:12002
	[2]	353NET/1.0 LSUPDATE
	[2]	353NET/1.0 LSUPDATE
[Sun Apr  9 2023 14:33:47.554542] i LSUPDATE :12004 8 1 13 :12004_41_1681076027.550525 1681075948.358973 :12004 :12012,:12002
	[2]	TTL: 9
	[2]	Flood: 1;reason=3
	[2]	MessageID: :12002_30_1681076027.553146
	[2]	From: :12002
	[2]	OriginStartTime: 1681076012.827266
	[2]	Content-Length: 13
	[4]	353NET/1.0 LSUPDATE
	[4]	353NET/1.0 LSUPDATE
	[2]	
	[4]	TTL: 9
	[2]	:12004,:12012
	[4]	Flood: 1;reason=3
	[4]	MessageID: :12004_41_1681076027.550525
	[4]	From: :12004
	[4]	OriginStartTime: 1681075948.358973
	[4]	OriginStartTime: 1681075948.358973
[Sun Apr  9 2023 14:33:47.554654] i LSUPDATE :12004 9 1 13 :12004_50_1681076027.554458 1681075948.358973 :12004 :12012,:12002
	[4]	Content-Length: 13
	[4]	
	[4]	:12012,:12002
[Sun Apr  9 2023 14:33:47.554706] i LSUPDATE :12004 9 1 13 :12004_49_1681076027.553303 1681075948.358973 :12004 :12012,:12002
	[2]	353NET/1.0 LSUPDATE
	[2]	TTL: 9
	[2]	Flood: 1;reason=3
	[2]	MessageID: :12004_50_1681076027.554458
	[2]	From: :12004
	[2]	OriginStartTime: 1681075948.358973
	[2]	Content-Length: 13
	[2]	
ntent-Length: 13
[Sun Apr  9 2023 14:33:47.554833] r LSUPDATE :12002 9 1 13 :12002_32_1681076027.553726 1681076012.827266 :12002 :12004,:12012
	[2]	
	[4]	353NET/1.0 LSUPDATE
	[2]	:12012,:12002
	[4]	TTL: 9
	[4]	Flood: 1;reason=3
	[4]	MessageID: :12004_49_1681076027.553303
	[4]	From: :12004
004_49_1681076027.553303
[Sun Apr  9 2023 14:33:47.554888] r LSUPDATE :12012 9 1 13 :12012_50_1681076027.553665 1681075952.653016 :12012 :12004,:12002
	[4]	From: :12004
	[4]	From: :12004
[Sun Apr  9 2023 14:33:47.554905] i LSUPDATE :12004 8 1 13 :12002_32_1681076027.553726 1681076012.827266 :12002 :12004,:12012
	[4]	OriginStartTime: 1681075948.358973
	[4]	Content-Length: 13
	[4]	
	[4]	:12012,:12002
[Sun Apr  9 2023 14:33:47.554975] i LSUPDATE :12004 8 1 13 :12002_27_1681076027.552196 1681076012.827266 :12002 :12004,:12012
	[4]	353NET/1.0 LSUPDATE
	[4]	TTL: 9
	[4]	Flood: 1;reason=3
	[4]	MessageID: :12002_27_1681076027.552196
	[4]	From: :12002
	[4]	OriginStartTime: 1681076012.827266
	[4]	Content-Length: 13
	[4]	
	[4]	:12004,:12012
	[2]	353NET/1.0 LSUPDATE
	[2]	353NET/1.0 LSUPDATE
[Sun Apr  9 2023 14:33:47.555092] i LSUPDATE :12004 9 1 13 :12004_51_1681076027.554469 1681075948.358973 :12004 :12012,:12002
	[2]	TTL: 9
	[2]	Flood: 1;reason=3
	[2]	MessageID: :12002_32_1681076027.553726
	[2]	MessageID: :12002_32_1681076027.553726
	[4]	353NET/1.0 LSUPDATE
	[2]	From: :12002
	[4]	TTL: 9
	[2]	OriginStartTime: 1681076012.827266
	[4]	Flood: 1;reason=3
	[2]	Content-Length: 13
	[4]	MessageID: :12004_51_1681076027.554469
	[2]	
	[4]	From: :12004
	[2]	:12004,:12012
	[4]	OriginStartTime: 1681075948.358973
	[4]	Content-Length: 13
	[4]	
	[4]	:12012,:12002
[Sun Apr  9 2023 14:33:47.555231] i LSUPDATE :12004 8 1 13 :12012_50_1681076027.553665 1681075952.653016 :12012 :12004,:12002
	[4]	353NET/1.0 LSUPDATE
	[4]	TTL: 9
	[4]	Flood: 1;reason=3
[Sun Apr  9 2023 14:33:47.555386] r LSUPDATE :12012 9 1 13 :12004_43_1681076027.551621 1681075948.358973 :12004 :12012,:12002
[Sun Apr  9 2023 14:33:47.555386] r LSUPDATE :12012 9 1 13 :12004_43_1681076027.551621 1681075948.358973 :12004 :12012,:12002
	[4]	MessageID: :12012_50_1681076027.553665
	[4]	From: :12012
	[4]	OriginStartTime: 1681075952.653016
	[4]	Content-Length: 13
	[4]	
	[4]	:12004,:12002
[Sun Apr  9 2023 14:33:47.555500] i LSUPDATE :12004 8 1 13 :12004_43_1681076027.551621 1681075948.358973 :12004 :12012,:12002
	[4]	353NET/1.0 LSUPDATE
	[4]	TTL: 9
	[4]	Flood: 1;reason=3
	[4]	MessageID: :12004_43_1681076027.551621
	[4]	From: :12004
	[4]	OriginStartTime: 1681075948.358973
	[4]	Content-Length: 13
	[4]	
	[4]	:12012,:12002
[Sun Apr  9 2023 14:33:47.555700] r LSUPDATE :12012 9 1 13 :12002_29_1681076027.552517 1681076012.827266 :12002 :12004,:12012
[Sun Apr  9 2023 14:33:47.555726] r LSUPDATE :12002 9 1 13 :12012_47_1681076027.551647 1681075952.653016 :12012 :12004,:12002
[Sun Apr  9 2023 14:33:47.555851] i LSUPDATE :12004 8 1 13 :12002_29_1681076027.552517 1681076012.827266 :12002 :12004,:12012
	[4]	353NET/1.0 LSUPDATE
	[4]	TTL: 9
	[4]	Flood: 1;reason=3
	[4]	MessageID: :12002_29_1681076027.552517
	[4]	From: :12002
	[4]	OriginStartTime: 1681076012.827266
	[4]	Content-Length: 13
	[4]	
	[4]	:12004,:12012
[Sun Apr  9 2023 14:33:47.556074] r LSUPDATE :12012 9 1 13 :12012_44_1681076027.550593 1681075952.653016 :12012 :12004,:12002
[Sun Apr  9 2023 14:33:47.556349] r LSUPDATE :12012 9 1 13 :12012_52_1681076027.554523 1681075952.653016 :12012 :12004,:12002
[Sun Apr  9 2023 14:33:47.556713] i LSUPDATE :12004 8 1 13 :12012_52_1681076027.554523 1681075952.653016 :12012 :12004,:12002
[Sun Apr  9 2023 14:33:47.556738] r LSUPDATE :12002 9 1 13 :12002_34_1681076027.554058 1681076012.827266 :12002 :12004,:12012
	[4]	353NET/1.0 LSUPDATE
	[4]	TTL: 9
	[4]	Flood: 1;reason=3
	[4]	MessageID: :12012_52_1681076027.554523
	[4]	From: :12012
	[4]	OriginStartTime: 1681075952.653016
	[4]	Content-Length: 13
	[4]	
	[4]	:12004,:12002
[Sun Apr  9 2023 14:33:47.557105] i LSUPDATE :12004 8 1 13 :12012_47_1681076027.551647 1681075952.653016 :12012 :12004,:12002
	[2]	353NET/1.0 LSUPDATE
	[2]	TTL: 9
	[2]	Flood: 1;reason=3
	[2]	MessageID: :12012_47_1681076027.551647
	[2]	From: :12012
	[2]	OriginStartTime: 1681075952.653016
	[2]	Content-Length: 13
[Sun Apr  9 2023 14:33:47.557212] r LSUPDATE :12002 9 1 13 :12004_40_1681076027.550507 1681075948.358973 :12004 :12012,:12002
	[2]	
	[2]	:12004,:12002
33:47.557212] r LSUPDATE :12002 9 1 13 :12004_40_1681076027.550507 1681075948.358973 :12004 :12012,:12002
	[2]	:12004,:12002
[Sun Apr  9 2023 14:33:47.557273] i LSUPDATE :12004 8 1 13 :12002_34_1681076027.554058 1681076012.827266 :12002 :12004,:12012
	[2]	353NET/1.0 LSUPDATE
	[2]	TTL: 9
	[2]	Flood: 1;reason=3
	[2]	MessageID: :12002_34_1681076027.554058
	[2]	From: :12002
	[2]	OriginStartTime: 1681076012.827266
	[2]	Content-Length: 13
	[2]	
	[2]	:12004,:12012
[Sun Apr  9 2023 14:33:47.557403] i LSUPDATE :12004 8 1 13 :12004_40_1681076027.550507 1681075948.358973 :12004 :12012,:12002
	[2]	353NET/1.0 LSUPDATE
	[2]	TTL: 9
	[2]	Flood: 1;reason=3
	[2]	MessageID: :12004_40_1681076027.550507
	[2]	From: :12004
	[2]	OriginStartTime: 1681075948.358973
	[2]	Content-Length: 13
	[2]	
	[2]	:12012,:12002
[Sun Apr  9 2023 14:33:47.557520] r LSUPDATE :12002 9 1 13 :12002_36_1681076027.554444 1681076012.827266 :12002 :12004,:12012
[Sun Apr  9 2023 14:33:47.557667] i LSUPDATE :12004 8 1 13 :12002_36_1681076027.554444 1681076012.827266 :12002 :12004,:12012
	[2]	353NET/1.0 LSUPDATE
	[2]	TTL: 9
	[2]	Flood: 1;reason=3
	[2]	MessageID: :12002_36_1681076027.554444
	[2]	From: :12002
	[2]	OriginStartTime: 1681076012.827266
	[2]	Content-Length: 13
	[2]	
	[2]	:12004,:12012
[Sun Apr  9 2023 14:33:47.557838] r LSUPDATE :12002 9 1 13 :12012_49_1681076027.551946 1681075952.653016 :12012 :12004,:12002
[Sun Apr  9 2023 14:33:47.558003] i LSUPDATE :12004 8 1 13 :12012_49_1681076027.551946 1681075952.653016 :12012 :12004,:12002
[Sun Apr  9 2023 14:33:47.558262] r LSUPDATE :12002 9 1 13 :12004_42_1681076027.551534 1681075948.358973 :12004 :12012,:12002
	[2]	353NET/1.0 LSUPDATE
	[2]	TTL: 9
	[2]	Flood: 1;reason=3
	[2]	MessageID: :12012_49_1681076027.551946
	[2]	From: :12012
	[2]	OriginStartTime: 1681075952.653016
	[2]	Content-Length: 13
	[2]	
	[2]	:12004,:12002
[Sun Apr  9 2023 14:33:47.558455] i LSUPDATE :12004 8 1 13 :12004_42_1681076027.551534 1681075948.358973 :12004 :12012,:12002
	[2]	353NET/1.0 LSUPDATE
	[2]	TTL: 9
	[2]	Flood: 1;reason=3
	[2]	MessageID: :12004_42_1681076027.551534
	[2]	From: :12004
	[2]	OriginStartTime: 1681075948.358973
	[2]	Content-Length: 13
	[2]	
	[2]	:12012,:12002
[Sun Apr  9 2023 14:33:47.558639] r LSUPDATE :12002 9 1 13 :12004_44_1681076027.552053 1681075948.358973 :12004 :12012,:12002
[Sun Apr  9 2023 14:33:47.558742] i LSUPDATE :12004 8 1 13 :12004_44_1681076027.552053 1681075948.358973 :12004 :12012,:12002
	[2]	353NET/1.0 LSUPDATE
	[2]	TTL: 9
	[2]	Flood: 1;reason=3
	[2]	MessageID: :12004_44_1681076027.552053
	[2]	From: :12004
	[2]	OriginStartTime: 1681075948.358973
	[2]	Content-Length: 13
	[2]	
	[2]	:12012,:12002
[Sun Apr  9 2023 14:33:47.558944] r LSUPDATE :12002 9 1 13 :12012_51_1681076027.553676 1681075952.653016 :12012 :12004,:12002
[Sun Apr  9 2023 14:33:47.559130] i LSUPDATE :12004 8 1 13 :12012_51_1681076027.553676 1681075952.653016 :12012 :12004,:12002
	[2]	353NET/1.0 LSUPDATE
	[2]	TTL: 9
	[2]	Flood: 1;reason=3
	[2]	MessageID: :12012_51_1681076027.553676
	[2]	From: :12012
[Sun Apr  9 2023 14:33:47.559368] r LSUPDATE :12002 9 1 13 :12012_53_1681076027.554532 1681075952.653016 :12012 :12004,:12002
[Sun Apr  9 2023 14:33:47.559368] r LSUPDATE :12002 9 1 13 :12012_53_1681076027.554532 1681075952.653016 :12012 :12004,:12002
	[2]	OriginStartTime: 1681075952.653016
	[2]	Content-Length: 13
	[2]	
	[2]	:12004,:12002
[Sun Apr  9 2023 14:33:47.559465] i LSUPDATE :12004 8 1 13 :12012_53_1681076027.554532 1681075952.653016 :12012 :12004,:12002
	[2]	353NET/1.0 LSUPDATE
	[2]	TTL: 9
	[2]	Flood: 1;reason=3
	[2]	MessageID: :12012_53_1681076027.554532
	[2]	From: :12012
	[2]	OriginStartTime: 1681075952.653016
	[2]	Content-Length: 13
	[2]	
	[2]	:12004,:12002
[Sun Apr  9 2023 14:33:47.559716] r LSUPDATE :12002 9 1 13 :12002_26_1681076027.552182 1681076012.827266 :12002 :12004,:12012
[Sun Apr  9 2023 14:33:47.559964] r LSUPDATE :12002 9 1 13 :12002_38_1681076027.557155 1681076012.827266 :12002 :12004,:12012
[Sun Apr  9 2023 14:33:47.560136] i LSUPDATE :12004 8 1 13 :12002_38_1681076027.557155 1681076012.827266 :12002 :12004,:12012
	[2]	353NET/1.0 LSUPDATE
	[2]	TTL: 9
	[2]	Flood: 1;reason=3
	[2]	MessageID: :12002_38_1681076027.557155
	[2]	From: :12002
	[2]	OriginStartTime: 1681076012.827266
	[2]	Content-Length: 13
	[2]	
	[2]	:12004,:12012
[Sun Apr  9 2023 14:33:47.560336] r LSUPDATE :12002 9 1 13 :12004_46_1681076027.553085 1681075948.358973 :12004 :12012,:12002
[Sun Apr  9 2023 14:33:47.560447] r LSUPDATE :12012 9 1 13 :12002_31_1681076027.553227 1681076012.827266 :12002 :12004,:12012
[Sun Apr  9 2023 14:33:47.560618] r LSUPDATE :12002 9 1 13 :12004_48_1681076027.553286 1681075948.358973 :12004 :12012,:12002
[Sun Apr  9 2023 14:33:47.560742] r LSUPDATE :12012 9 1 13 :12002_33_1681076027.553745 1681076012.827266 :12002 :12004,:12012
[Sun Apr  9 2023 14:33:47.560874] r LSUPDATE :12002 9 1 13 :12002_28_1681076027.552510 1681076012.827266 :12002 :12004,:12012
[Sun Apr  9 2023 14:33:47.560915] i LSUPDATE :12004 8 1 13 :12004_46_1681076027.553085 1681075948.358973 :12004 :12012,:12002
	[2]	353NET/1.0 LSUPDATE
	[2]	TTL: 9
	[2]	Flood: 1;reason=3
	[2]	MessageID: :12004_46_1681076027.553085
	[2]	From: :12004
	[2]	OriginStartTime: 1681075948.358973
	[2]	Content-Length: 13
1075948.358973
[Sun Apr  9 2023 14:33:47.561053] i LSUPDATE :12004 8 1 13 :12002_31_1681076027.553227 1681076012.827266 :12002 :12004,:12012
	[2]	Content-Length: 13
	[2]	
	[2]	:12012,:12002
[Sun Apr  9 2023 14:33:47.561125] i LSUPDATE :12004 8 1 13 :12004_48_1681076027.553286 1681075948.358973 :12004 :12012,:12002
	[2]	353NET/1.0 LSUPDATE
	[4]	353NET/1.0 LSUPDATE
	[2]	TTL: 9
	[2]	Flood: 1;reason=3

	[2]	Flood: 1;reason=3
	[4]	TTL: 9
	[2]	MessageID: :12004_48_1681076027.553286
	[4]	Flood: 1;reason=3
	[2]	From: :12004
	[4]	MessageID: :12002_31_1681076027.553227
	[2]	OriginStartTime: 1681075948.358973
	[4]	From: :12002
	[2]	Content-Length: 13
	[4]	OriginStartTime: 1681076012.827266
	[2]	
	[4]	Content-Length: 13
	[2]	:12012,:12002
	[4]	
	[4]	:12004,:12012
[Sun Apr  9 2023 14:33:47.561284] i LSUPDATE :12004 8 1 13 :12002_33_1681076027.553745 1681076012.827266 :12002 :12004,:12012
	[4]	353NET/1.0 LSUPDATE
	[4]	TTL: 9
	[4]	Flood: 1;reason=3
	[4]	MessageID: :12002_33_1681076027.553745
	[4]	From: :12002
	[4]	OriginStartTime: 1681076012.827266
:47.561355] r LSUPDATE :12012 9 1 13 :12002_35_1681076027.554067 1681076012.827266 :12002 :12004,:12012
	[4]	OriginStartTime: 1681076012.827266
	[4]	Content-Length: 13
	[4]	
	[4]	:12004,:12012
[Sun Apr  9 2023 14:33:47.561419] i LSUPDATE :12004 8 1 13 :12002_35_1681076027.554067 1681076012.827266 :12002 :12004,:12012
	[4]	353NET/1.0 LSUPDATE
	[4]	TTL: 9
	[4]	Flood: 1;reason=3
	[4]	MessageID: :12002_35_1681076027.554067
	[4]	From: :12002
	[4]	OriginStartTime: 1681076012.827266
	[4]	Content-Length: 13
	[4]	
	[4]	:12004,:12012
[Sun Apr  9 2023 14:33:47.561548] r LSUPDATE :12002 9 1 13 :12002_30_1681076027.553146 1681076012.827266 :12002 :12004,:12012
[Sun Apr  9 2023 14:33:47.561632] r LSUPDATE :12012 9 1 13 :12002_37_1681076027.554460 1681076012.827266 :12002 :12004,:12012
[Sun Apr  9 2023 14:33:47.561787] r LSUPDATE :12002 9 1 13 :12004_50_1681076027.554458 1681075948.358973 :12004 :12012,:12002
[Sun Apr  9 2023 14:33:47.561828] i LSUPDATE :12004 8 1 13 :12002_37_1681076027.554460 1681076012.827266 :12002 :12004,:12012
[Sun Apr  9 2023 14:33:47.561928] r LSUPDATE :12012 9 1 13 :12004_45_1681076027.552121 1681075948.358973 :12004 :12012,:12002
	[4]	353NET/1.0 LSUPDATE
	[4]	TTL: 9
	[4]	Flood: 1;reason=3
	[4]	MessageID: :12002_37_1681076027.554460
	[4]	From: :12002
	[4]	OriginStartTime: 1681076012.827266
	[4]	Content-Length: 13
	[4]	
	[4]	:12004,:12012
[Sun Apr  9 2023 14:33:47.562224] i LSUPDATE :12004 8 1 13 :12004_45_1681076027.552121 1681075948.358973 :12004 :12012,:12002
[Sun Apr  9 2023 14:33:47.562225] r LSUPDATE :12012 9 1 13 :12012_46_1681076027.551630 1681075952.653016 :12012 :12004,:12002
[Sun Apr  9 2023 14:33:47.562225] r LSUPDATE :12012 9 1 13 :12012_46_1681076027.551630 1681075952.653016 :12012 :12004,:12002
[Sun Apr  9 2023 14:33:47.562259] r LSUPDATE :12002 9 1 13 :12002_32_1681076027.553726 1681076012.827266 :12002 :12004,:12012
	[4]	353NET/1.0 LSUPDATE
	[4]	TTL: 9
	[4]	Flood: 1;reason=3
	[4]	MessageID: :12004_45_1681076027.552121
	[4]	From: :12004
	[4]	OriginStartTime: 1681075948.358973
	[4]	Content-Length: 13
	[4]	
	[4]	:12012,:12002
[Sun Apr  9 2023 14:33:47.562521] r LSUPDATE :12012 9 1 13 :12012_48_1681076027.551937 1681075952.653016 :12012 :12004,:12002
[Sun Apr  9 2023 14:33:47.562521] r LSUPDATE :12012 9 1 13 :12012_48_1681076027.551937 1681075952.653016 :12012 :12004,:12002
[Sun Apr  9 2023 14:33:47.562529] r LSUPDATE :12002 9 1 13 :12002_34_1681076027.554058 1681076012.827266 :12002 :12004,:12012
[Sun Apr  9 2023 14:33:47.562693] i LSUPDATE :12004 8 1 13 :12004_50_1681076027.554458 1681075948.358973 :12004 :12012,:12002
[Sun Apr  9 2023 14:33:47.562715] r LSUPDATE :12012 9 1 13 :12002_39_1681076027.557171 1681076012.827266 :12002 :12004,:12012
	[2]	353NET/1.0 LSUPDATE
	[2]	TTL: 9
	[2]	Flood: 1;reason=3
	[2]	MessageID: :12004_50_1681076027.554458
	[2]	From: :12004
	[2]	OriginStartTime: 1681075948.358973
	[2]	Content-Length: 13
	[2]	
	[2]	:12012,:12002
[Sun Apr  9 2023 14:33:47.562863] i LSUPDATE :12004 8 1 13 :12002_39_1681076027.557171 1681076012.827266 :12002 :12004,:12012
	[4]	353NET/1.0 LSUPDATE
	[4]	TTL: 9
	[4]	Flood: 1;reason=3
	[4]	MessageID: :12002_39_1681076027.557171
	[4]	From: :12002
	[4]	OriginStartTime: 1681076012.827266
	[4]	Content-Length: 13
	[4]	
	[4]	:12004,:12012
[Sun Apr  9 2023 14:33:47.563073] r LSUPDATE :12012 9 1 13 :12004_47_1681076027.553104 1681075948.358973 :12004 :12012,:12002
[Sun Apr  9 2023 14:33:47.563236] i LSUPDATE :12004 8 1 13 :12004_47_1681076027.553104 1681075948.358973 :12004 :12012,:12002
	[4]	353NET/1.0 LSUPDATE
	[4]	TTL: 9
	[4]	Flood: 1;reason=3
	[4]	MessageID: :12004_47_1681076027.553104
	[4]	From: :12004
	[4]	OriginStartTime: 1681075948.358973
	[4]	Content-Length: 13
	[4]	
	[4]	:12012,:12002
[Sun Apr  9 2023 14:33:47.563384] r LSUPDATE :12012 9 1 13 :12004_49_1681076027.553303 1681075948.358973 :12004 :12012,:12002
[Sun Apr  9 2023 14:33:47.563544] i LSUPDATE :12004 8 1 13 :12004_49_1681076027.553303 1681075948.358973 :12004 :12012,:12002
	[4]	353NET/1.0 LSUPDATE
	[4]	TTL: 9
	[4]	Flood: 1;reason=3
	[4]	MessageID: :12004_49_1681076027.553303
	[4]	From: :12004
	[4]	OriginStartTime: 1681075948.358973
	[4]	Content-Length: 13
	[4]	
	[4]	:12012,:12002
[Sun Apr  9 2023 14:33:47.563757] r LSUPDATE :12012 9 1 13 :12004_51_1681076027.554469 1681075948.358973 :12004 :12012,:12002
[Sun Apr  9 2023 14:33:47.563897] i LSUPDATE :12004 8 1 13 :12004_51_1681076027.554469 1681075948.358973 :12004 :12012,:12002
	[4]	353NET/1.0 LSUPDATE
	[4]	TTL: 9
	[4]	Flood: 1;reason=3
	[4]	MessageID: :12004_51_1681076027.554469
	[4]	From: :12004
	[4]	OriginStartTime: 1681075948.358973
	[4]	Content-Length: 13
	[4]	
	[4]	:12012,:12002
[Sun Apr  9 2023 14:33:47.564101] r LSUPDATE :12012 9 1 13 :12012_50_1681076027.553665 1681075952.653016 :12012 :12004,:12002
[Sun Apr  9 2023 14:33:47.564667] r LSUPDATE :12002 9 1 13 :12002_36_1681076027.554444 1681076012.827266 :12002 :12004,:12012
[Sun Apr  9 2023 14:33:47.565248] r LSUPDATE :12002 9 1 13 :12002_38_1681076027.557155 1681076012.827266 :12002 :12004,:12012
[Sun Apr  9 2023 14:33:47.606121] r LSUPDATE :12012 9 1 13 :12012_52_1681076027.554523 1681075952.653016 :12012 :12004,:12002
[Sun Apr  9 2023 14:33:59.943461] i LSUPDATE :12004 9 1 13 :12004_53_1681076039.943413 1681075948.358973 :12004 :12012,:12002
[Sun Apr  9 2023 14:33:59.943461] i LSUPDATE :12004 9 1 13 :12004_53_1681076039.943413 1681075948.358973 :12004 :12012,:12002
[Sun Apr  9 2023 14:33:59.943461] i LSUPDATE :12004 9 1 13 :12004_52_1681076039.943282 1681075948.358973 :12004 :12012,:12002
	[2]	353NET/1.0 LSUPDATE
	[2]	TTL: 9
	[2]	Flood: 1;reason=2
	[2]	MessageID: :12004_52_1681076039.943282
	[2]	From: :12004
	[2]	OriginStartTime: 1681075948.358973
	[2]	Content-Length: 13
	[2]	
	[2]	:12012,:12002
[Sun Apr  9 2023 14:33:59.943869] Socket-writing thread has terminated
	[4]	353NET/1.0 LSUPDATE
	[4]	TTL: 9
	[4]	Flood: 1;reason=2
	[4]	MessageID: :12004_53_1681076039.943413
	[4]	From: :12004
	[4]	OriginStartTime: 1681075948.358973
	[4]	Content-Length: 13
	[4]	
	[4]	:12012,:12002
[Sun Apr  9 2023 14:33:59.944143] Socket-reading thread has joined with socket-writing thread
[Sun Apr  9 2023 14:33:59.944995] r LSUPDATE :12002 9 1 13 :12002_40_1681076039.944358 1681076012.827266 :12002 :12004,:12012
[Sun Apr  9 2023 14:33:59.945201] r LSUPDATE :12002 9 1 6 :12012_54_1681076039.943321 1681075952.653016 :12012 :12002
[Sun Apr  9 2023 14:33:59.945378] i LSUPDATE :12004 9 1 6 :12004_54_1681076039.945235 1681075948.358973 :12004 :12002
	[4]	353NET/1.0 LSUPDATE
	[4]	TTL: 9
	[4]	Flood: 1;reason=3
	[4]	MessageID: :12004_54_1681076039.945235
	[4]	From: :12004
	[4]	OriginStartTime: 1681075948.358973
	[4]	Content-Length: 6
	[4]	
	[4]	:12002
[Sun Apr  9 2023 14:33:59.945961] r LSUPDATE :12002 9 1 13 :12002_42_1681076039.944607 1681076012.827266 :12002 :12004,:12012
[Sun Apr  9 2023 14:33:59.946206] i LSUPDATE :12004 9 1 6 :12004_55_1681076039.946029 1681075948.358973 :12004 :12002
[Sun Apr  9 2023 14:33:59.946206] i LSUPDATE :12004 9 1 6 :12004_55_1681076039.946029 1681075948.358973 :12004 :12002
[Sun Apr  9 2023 14:33:59.946247] r LSUPDATE :12002 9 1 13 :12002_44_1681076039.944646 1681076012.827266 :12002 :12004,:12012
	[4]	353NET/1.0 LSUPDATE
	[4]	TTL: 9
	[4]	Flood: 1;reason=3
	[4]	MessageID: :12004_55_1681076039.946029
	[4]	From: :12004
	[4]	OriginStartTime: 1681075948.358973
	[4]	Content-Length: 6
	[4]	
	[4]	:12002
[Sun Apr  9 2023 14:33:59.946423] i LSUPDATE :12004 9 1 6 :12004_56_1681076039.946356 1681075948.358973 :12004 :12002
	[4]	353NET/1.0 LSUPDATE
	[4]	TTL: 9
	[4]	Flood: 1;reason=3
	[4]	MessageID: :12004_56_1681076039.946356
	[4]	From: :12004
	[4]	OriginStartTime: 1681075948.358973
	[4]	Content-Length: 6
	[4]	
	[4]	:12002
[Sun Apr  9 2023 14:33:59.997072] r LSUPDATE :12002 9 1 6 :12002_46_1681076039.996301 1681076012.827266 :12002 :12004
[Sun Apr  9 2023 14:33:59.997371] i LSUPDATE :12004 9 1 6 :12004_57_1681076039.997241 1681075948.358973 :12004 :12002
	[4]	353NET/1.0 LSUPDATE
	[4]	TTL: 9
	[4]	Flood: 1;reason=3
	[4]	MessageID: :12004_57_1681076039.997241
	[4]	From: :12004
	[4]	OriginStartTime: 1681075948.358973
	[4]	Content-Length: 6
	[4]	
	[4]	:12002
[Sun Apr  9 2023 14:34:01.869800] Socket-writing thread has terminated
[Sun Apr  9 2023 14:34:01.870357] Socket-reading thread has joined with socket-writing thread
[Sun Apr  9 2023 14:34:01.870586] Reaper has joined with connection thread.
[Sun Apr  9 2023 14:34:04.376385] STOP: port=12004
