[Sun Apr  9 2023 14:33:32.823098] START: port=12002, rootdir=lab10data
[Sun Apr  9 2023 14:33:32.826062] i SAYHELLO :12002 1 - 0
	[1]	353NET/1.0 SAYHELLO
	[1]	TTL: 9
	[1]	Flood: 0
	[1]	From: :12002
	[1]	Content-Length: 0
 	[1]	
[Sun Apr  9 2023 14:33:32.826704] i SAYHELLO :12002 1 - 0
	[2]	353NET/1.0 SAYHELLO
	[2]	TTL: 9
	[2]	Flood: 0
	[2]	From: :12002
	[2]	Content-Length: 0
 	[2]	
[Sun Apr  9 2023 14:33:32.827055] i SAYHELLO :12002 1 - 0
[Sun Apr  9 2023 14:33:32.827081] r SAYHELLO :12000 1 - 0
	[3]	353NET/1.0 SAYHELLO
	[3]	TTL: 9
	[3]	Flood: 0
	[3]	From: :12002
	[3]	Content-Length: 0
 	[3]	
[Sun Apr  9 2023 14:33:32.827313] i LSUPDATE :12002 9 1 20 :12002_2_1681076012.827267 1681076012.827266 :12002 :12000,:12004,:12012
[Sun Apr  9 2023 14:33:32.827366] i LSUPDATE :12002 9 1 20 :12002_3_1681076012.827300 1681076012.827266 :12002 :12000,:12004,:12012
[Sun Apr  9 2023 14:33:32.827366] i LSUPDATE :12002 9 1 20 :12002_3_1681076012.827300 1681076012.827266 :12002 :12000,:12004,:12012
[Sun Apr  9 2023 14:33:32.827369] i LSUPDATE :12002 9 1 20 :12002_4_1681076012.827316 1681076012.827266 :12002 :12000,:12004,:12012
	[2]	353NET/1.0 LSUPDATE
	[2]	TTL: 9
	[2]	Flood: 1;reason=1
	[2]	MessageID: :12002_3_1681076012.827300
	[2]	From: :12002
	[2]	OriginStartTime: 1681076012.827266
	[2]	Content-Length: 20
	[2]	
	[2]	:12000,:12004,:12012
	[3]	353NET/1.0 LSUPDATE
	[3]	TTL: 9
	[3]	Flood: 1;reason=1
	[3]	MessageID: :12002_4_1681076012.827316
	[3]	From: :12002
	[3]	OriginStartTime: 1681076012.827266
	[3]	Content-Length: 20
	[3]	
	[3]	:12000,:12004,:12012
[Sun Apr  9 2023 14:33:32.827633] r LSUPDATE :12000 9 1 6 :12000_12_1681076012.826681 1681075942.919464 :12000 :12002
	[1]	353NET/1.0 LSUPDATE
	[1]	TTL: 9
	[1]	Flood: 1;reason=1
	[1]	MessageID: :12002_2_1681076012.827267
	[1]	From: :12002
	[1]	OriginStartTime: 1681076012.827266
	[1]	Content-Length: 20
	[1]	
	[1]	:12000,:12004,:12012
[Sun Apr  9 2023 14:33:32.827741] i LSUPDATE :12002 8 1 6 :12000_12_1681076012.826681 1681075942.919464 :12000 :12002
[Sun Apr  9 2023 14:33:32.827750] i LSUPDATE :12002 9 1 20 :12002_5_1681076012.827704 1681076012.827266 :12002 :12000,:12004,:12012
	[1]	353NET/1.0 LSUPDATE
	[1]	TTL: 9
	[1]	Flood: 1;reason=3
	[1]	MessageID: :12002_5_1681076012.827704
	[1]	From: :12002
	[1]	OriginStartTime: 1681076012.827266
	[1]	Content-Length: 20
	[1]	
	[1]	:12000,:12004,:12012
[Sun Apr  9 2023 14:33:32.828013] r SAYHELLO :12004 1 - 0
[Sun Apr  9 2023 14:33:32.828058] r SAYHELLO :12012 1 - 0
[Sun Apr  9 2023 14:33:32.828073] i LSUPDATE :12002 8 1 6 :12000_12_1681076012.826681 1681075942.919464 :12000 :12002
	[2]	353NET/1.0 LSUPDATE
	[2]	TTL: 9
	[2]	Flood: 1;reason=1
	[2]	MessageID: :12000_12_1681076012.826681
[Sun Apr  9 2023 14:33:32.828134] i LSUPDATE :12002 9 1 20 :12002_8_168	[3]	TTL: 9
023 14:33:32.828134] i LSUPDATE :12002 9 1 20 :12002_8_1681076012.828099 1681076012.827266 :12002 :12000,:12004,:12012
	[3]	TTL: 9
023 14:33:32.828134] i LSUPDATE :12002 9 1 20 :12002_8_1681076012.828099 1681076012.827266 :12002 :12000,:12004,:12012
	[2]	From: :12000
	[3]	TTL: 9
	[2]	OriginStartTime: 1681075942.919464
	[3]	Flood: 1;reason=1
	[2]	Content-Length: 6
	[3]	MessageID: :12000_12_1681076012.826681
	[2]	
	[3]	From: :12000
	[2]	:12002
	[3]	OriginStartTime: 1681075942.919464	[3]	OriginStartTime: 1681075942.919464
	[1]	TTL: 9
	[3]	Content-Length: 6
	[1]	Flood: 1;reason=1
	[3]	
	[1]	MessageID: :12002_8_1681076012.828099
	[3]	:12002
	[1]	From: :12002
	[1]	OriginStartTime: 1681076012.827266
	[1]	Content-Length: 20
	[1]	
	[1]	:12000,:12004,:12012
	[2]	353NET/1.0 LSUPDATE
	[2]	TTL: 9
	[2]	Flood: 1;reason=3
	[2]	MessageID: :12002_6_1681076012.827715
33:32.828330] i LSUPDATE :12002 9 1 20 :12002_7_1681076012.827722 1681076012.827266 :12002 :12000,:12004,:12012
	[2]	MessageID: :12002_6_1681076012.827715
	[2]	From: :12002
	[2]	OriginStartTime: 1681076012.827266
	[2]	Content-Length: 20
	[2]	
	[2]	
	[3]	353NET/1.0 LSUPDATE
	[2]	:12000,:12004,:12012
	[3]	TTL: 9
[Sun Apr  9 2023 14:33:32.828455] i LSUPDATE :12002 9 1 20 :12002_9_1681076012.828416 1681076012.827266 :12002 :12000,:12004,:12012
[Sun Apr  9 2023 14:33:32.828455] i LSUPDATE :12002 9 1 20 :12002_9_1681076012.828416 1681076012.827266 :12002 :12000,:12004,:12012
	[3]	Flood: 1;reason=3
	[3]	MessageID: :12002_7_1681076012.827722
	[3]	From: :12002
	[3]	OriginStartTime: 1681076012.827266
	[3]	Content-Length: 20
	[3]	
	[3]	:12000,:12004,:12012
	[2]	353NET/1.0 LSUPDATE
	[2]	TTL: 9
	[2]	Flood: 1;reason=1
 2023 14:33:32.828542] i LSUPDATE :12002 9 1 20 :12002_11_1681076012.828470 1681076012.827266 :12002 :12000,:12004,:12012
	[2]	Flood: 1;reason=1
	[2]	Flood: 1;reason=1
[Sun Apr  9 2023 14:33:32.828562] i LSUPDATE :12002 9 1 20 :12002_10_1681076012.828440 1681076012.827266 :12002 :12000,:12004,:12012
	[2]	MessageID: :12002_9_1681076012.828416
	[2]	From: :12002
	[2]	OriginStartTime: 1681076012.827266
	[2]	Content-Length: 20
	[2]	Content-Length: 20
	[3]	353NET/1.0 LSUPDATE
	[2]	
	[3]	TTL: 9
	[2]	:12000,:12004,:12012
	[3]	Flood: 1;reason=1
	[3]	MessageID: :12002_10_1681076012.828440
	[3]	From: :12002
	[1]	353NET/1.0 LSUPDATE
[Sun Apr  9 202	[1]	353NET/1.0 LSUPDATE
	[3]	Content-Length: 20

[Sun Apr  9 2023 14:33:32.828655] i LSUPDATE :12002 9 1 20 :12002_12_1681076012.828503 1681076012.827266 :12002 :12000,:12004,:12012
	[1]	TTL: 9
Length: 20
	[1]	TTL: 9
	[3]	
	[1]	Flood: 1;reason=1
	[3]	:12000,:12004,:12012
	[1]	MessageID: :12002_11_1681076012.828470
	[1]	From: :12002
	[1]	From: :12002
	[2]	353NET/1.0 LSUPDATE
	[1]	OriginStartTime: 1681076012.827266
	[2]	TTL: 9
artTime: 1681076012.827266
[Sun Apr  9 2023 14:33:32.828721] i LSUPDATE :12002 9 1 20 :12002_13_1681076012.828511 1681076012.827266 :12002 :12000,:12004,:12012
	[1]	Content-	[1]	Content-Length: 20
	[2]	Flood: 1;reason=1
	[1]	
	[2]	MessageID: :12002_12_1681076012.828503
	[1]	:12000,:12004,:12012
681076012.828503
	[3]	353NET/1.0 LSUPDATE
	[2]	From: :12002
:12012
	[3]	TTL: 9
2002
	[3]	TTL: 9
	[2]	OriginStartTime: 1681076012.827266
	[3]	Flood: 1;reason=1
	[2]	Content-Length: 20
	[3]	MessageID: :12002_13_1681076012.828511
	[2]	
	[3]	From: :12002
	[2]	:12000,:12004,:12012
	[3]	OriginStartTime: 1681076012.827266
[Sun Apr  9 2023 14:33:32.828820] r LSUPDATE :12004 9 1 13 :12004_33_1681076012.827422 1681075948.358973 :12004 :12012,:12002
[Sun Apr  9 2023 14:33:32.828820] r LSUPDATE :12004 9 1 13 :12004_33_1681076012.827422 1681075948.358973 :12004 :12012,:12002
	[3]	Content-Length: 20
	[3]	
	[3]	
r  9 2023 14:33:32.828836] r LSUPDATE :12000 9 1 6 :12000_13_1681076012.827850 1681075942.919464 :12000 :12002
	[3]	:12000,:12004,:12012
[Sun Apr  9 2023 14:33:32.828887] i LSUPDATE :12002 8 1 13 :12004_33_1681076012.827422 1681075948.358973 :12004 :12012,:12002
	[3]	353NET/1.0 LSUPDATE
	[3]	353NET/1.0 LSUPDATE
[Sun Apr  9 2023 14:33:32.828921] i LSUPDATE :12002 9 1 20 :12002_15_1681076012.828892 1681076012.827266 :12002 :12000,:12004,:12012
	[3]	TTL: 9
	[3]	Flood: 1;reason=1
	[3]	MessageID: :12004_33_1681076012.827422
	[3]	From: :12004
	[3]	OriginStartTime: 1681075948.358973
	[3]	Content-Length: 13
	[3]	
	[3]	:12012,:12002
[Sun Apr  9 2023 14:33:32.829008] i LSUPDATE :12002 9 1 20 :12002_16_1681076012.828908 1681076012.827266 :12002 :12000,:12004,:12012
	[3]	353NET/1.0 LSUPDATE
	[3]	353NET/1.0 LSUPDATE
	[2]	353NET/1.0 LSUPDATE
	[3]	TTL: 9
	[2]	TTL: 9
	[3]	Flood: 1;reason=3
	[2]	Flood: 1;reason=3
	[3]	MessageID: :12002_16_1681076012.828908
	[2]	MessageID: :12002_15_1681076012.828892
	[3]	From: :12002
	[2]	From: :12002
	[3]	OriginStartTime: 1681076012.827266
	[2]	OriginStartTime: 1681076012.827266
	[3]	Content-Length: 20
	[2]	Content-Length: 20
	[3]	
	[2]	
	[3]	:12000,:12004,:12012
	[2]	:12000,:12004,:12012
[Sun Apr  9 2023 14:33:32.829148] i LSUPDATE :12002 8 1 6 :12000_13_1681076012.827850 1681075942.919464 :12000 :12002
[Sun Apr  9 2023 14:33:32.829148] i LSUPDATE :12002 8 1 6 :12000_13_1681076012.827850 1681075942.919464 :12000 :12002
[Sun Apr  9 2023 14:33:32.829154] i LSUPDATE :12002 8 1 6 :12000_13_1681076012.827850 1681075942.919464 :12000 :12002
	[3]	353NET/1.0 LSUPDATE
	[3]	TTL: 9
	[3]	Flood: 1;reason=3
	[3]	Flood: 1;reason=3
	[2]	353NET/1.0 LSUPDATE
	[3]	MessageID: :12000_13_1681076012.827850
	[3]	From: :1	[3]	From: :12000
	[2]	Flood: 1;reason=3
	[3]	OriginStartTime: 1681075942.919464
	[2]	MessageID: :12000_13_1681076012.827850
	[3]	Content-Length: 6
	[2]	From: :12000
	[3]	
	[2]	OriginStartTime: 1681075942.919464
	[3]	:12002
	[2]	Content-Length: 6
	[2]	
ntent-Length: 6
[Sun Apr  9 2023 14:33:32.829254] i LSUPDATE :12002 8 1 13 :12004_33_1681076012.827422 1681075948.358973 :12004 :12012,:12002
	[2]	
	[2]	:12002
	[1]	353NET/1.0 LSUPDATE
	[1]	TTL: 9
	[1]	Flood: 1;reason=1
	[1]	MessageID: :12004_33_1681076012.827422
	[1]	From: :12004
	[1]	OriginStartTime: 1681075948.358973
	[1]	Content-Length: 13
	[1]	
	[1]	:12012,:12002
[Sun Apr  9 2023 14:33:32.829499] i LSUPDATE :12002 9 1 20 :12002_14_1681076012.828882 1681076012.827266 :12002 :12000,:12004,:12012
	[1]	353NET/1.0 LSUPDATE
	[1]	TTL: 9
	[1]	Flood: 1;reason=3
	[1]	MessageID: :12002_14_1681076012.828882
	[1]	From: :12002
	[1]	OriginStartTime: 1681076012.827266
	[1]	Content-Length: 20
	[1]	
	[1]	:12000,:12004,:12012
[Sun Apr  9 2023 14:33:32.829631] r LSUPDATE :12004 9 1 13 :12012_36_1681076012.827502 1681075952.653016 :12012 :12004,:12002
[Sun Apr  9 2023 14:33:32.829752] i LSUPDATE :12002 9 1 20 :12002_18_1681076012.829726 1681076012.827266 :12002 :12000,:12004,:12012
[Sun Apr  9 2023 14:33:32.829802] i LSUPDATE :12002 8 1 13 :12012_36_1681076012.827502 1681075952.653016 :12012 :12004,:12002
[Sun Apr  9 2023 14:33:32.829802] i LSUPDATE :12002 8 1 13 :12012_36_1681076012.827502 1681075952.653016 :12012 :12004,:12002
	[2]	353NET/1.0 LSUPDATE
	[2]	TTL: 9
	[2]	Flood: 1;reason=3
	[2]	MessageID: :12002_18_1681076012.829726
	[2]	MessageID: :12002_18_1681076012.829726
	[1]	353NET/1.0 LSUPDATE
	[2]	From: :12002
	[1]	TTL: 9
	[2]	OriginStartTime: 1681076012.827266
	[1]	Flood: 1;reason=1
	[2]	Content-Length: 20
	[1]	MessageID: :12012_36_1681076012.827502
	[2]	
	[1]	From: :12012
	[2]	:12000,:12004,:12012
	[1]	OriginStartTime: 1681075952.653016
	[1]	Content-Length: 13
	[1]	
	[1]	:12004,:12002
[Sun Apr  9 2023 14:33:32.829953] i LSUPDATE :12002 9 1 20 :12002_17_1681076012.827519 1681075012.827016 :12012 :12004,:12002
:12012
[Sun Apr  9 2023 14:33:32.829953] i LSUPDATE :12002 9 1 20 :12002_17_1681076012.827519 1681075012.827016 :12012 :12004,:12002
	[1]	353NET/1.0 LSUPDATE
	[1]	TTL: 9
	[1]	Flood: 1;reason=3
	[1]	MessageID: :12002_17_1681076012.829715
	[1]	From: :12002
	[1]	OriginStartTime: 1681076012.827266
	[1]	Content-Length: 20
	[1]	
[Sun Apr  9 2023 14:33:32.830039] i LSUPDATE :12002 8 1 13 :12012_37_1681076012.827519 1681075952.653016 :12012 :12004,:12002
[Sun Apr  9 2023 14:33:32.830039] i LSUPDATE :12002 8 1 13 :12012_37_1681076012.827519 1681075952.653016 :12012 :12004,:12002
	[1]	:12000,:12004,:12012
	[2]	353NET/1.0 LSUPDATE
	[2]	TTL: 9
	[2]	TTL: 9
[Sun Apr  9 2023 14:33:32.830080] i LSUPDATE :12002 8 1 13 :12012_37_1681076012.827519 1681075952.653016 :12012 :12004,:12002
	[2]	Flood: 1;reason=1
	[2]	MessageID: :12012_37_1681076012.827519
	[2]	From: :12012
	[2]	OriginStartTime: 1681075952.653016
	[2]	OriginStartTime: 1681075952.653016
	[1]	353NET/1.0 LSUPDATE
	[2]	Content-Length: 13
	[1]	TTL: 9
	[2]	
	[1]	Flood: 1;reason=1
	[2]	:12004,:12002
	[1]	MessageID: :12012_37_1681076012.827519
	[1]	From: :12012
	[1]	OriginStartTime: 1681075952.653016
	[1]	Content-Length: 13
	[1]	
	[1]	:12004,:12002
[Sun Apr  9 2023 14:33:32.830261] r LSUPDATE :12012 9 1 13 :12012_39_1681076012.828265 1681075952.653016 :12012 :12004,:12002
[Sun Apr  9 2023 14:33:32.830332] i LSUPDATE :12002 8 1 13 :12012_39_1681076012.828265 1681075952.653016 :12012 :12004,:12002
[Sun Apr  9 2023 14:33:32.830379] i LSUPDATE :12002 8 1 13 :12012_39_1681076012.828265 1681075952.653016 :12012 :12004,:12002
	[2]	353NET/1.0 LSUPDATE
	[2]	353NET/1.0 LSUPDATE
	[1]	353NET/1.0 LSUPDATE
	[2]	TTL: 9
	[1]	TTL: 9
	[2]	Flood: 1;reason=3
	[1]	Flood: 1;reason=3
	[2]	MessageID: :12012_39_1681076012.828265
	[2]	From: :12012
012_39_1681076012.828265
[Sun Apr  9 2023 14:33:32.830432] i LSUPDATE :12002 8 1 13 :12012_36_1681076012.827502 1681075952.653016 :12012 :12004,:12002
	[2]	From: :12012
012_39_1681076012.828265
	[2]	From: :12012
	[1]	From: :12012
	[2]	OriginStartTime: 1681075952.653016
	[1]	OriginStartTime: 1681075952.653016
	[2]	Content-Length: 13
	[1]	Content-Length: 13
	[2]	
	[1]	
	[2]	:12004,:12002
	[1]	:12004,:12002
	[3]	353NET/1.0 LSUPDATE
	[3]	TTL: 9
	[3]	Flood: 1;reason=1
	[3]	MessageID: :12012_36_1681076012.827502
	[3]	MessageID: :12012_36_1681076012.827502
[Sun Apr  9 2023 14:33:32.830584] r LSUPDATE :12004 9 1 13 :12004_35_1681076012.828525 1681075948.358973 :12004 :12012,:12002
	[3]	From: :12012
	[3]	OriginStartTime: 1681075952.653016
	[3]	Content-Length: 13
	[3]	
	[3]	:12004,:12002
	[3]	:12004,:12002
[Sun Apr  9 2023 14:33:32.830618] r LSUPDATE :12012 9 1 13 :12004_32_1681076012.827247 1681075948.358973 :12004 :12012,:12002
[Sun Apr  9 2023 14:33:32.830652] i LSUPDATE :12002 9 1 20 :12002_19_1681076012.829743 1681076012.827266 :12002 :12000,:12004,:12012
	[3]	353NET/1.0 LSUPDATE
	[3]	TTL: 9
	[3]	Flood: 1;reason=3
	[3]	MessageID: :12002_19_1681076012.829743
	[3]	From: :12002
	[3]	OriginStartTime: 1681076012.827266
	[3]	Content-Length: 20
	[3]	
ntent-Length: 20
[Sun Apr  9 2023 14:33:32.830743] i LSUPDATE :12002 8 1 13 :12004_35_1681076012.828525 1681075948.358973 :12004 :12012,:12002
	[3]	
	[3]	:12000,:12004,:12012
	[1]	353NET/1.0 LSUPDATE
	[1]	TTL: 9
	[1]	TTL: 9
[Sun Apr  9 2023 14:33:32.830812] i LSUPDATE :12002 8 1 13 :12004_35_1681076012.828525 1681075948.358973 :12004 :12012,:12002
	[1]	Flood: 1;reason=3
	[1]	MessageID: :12004_35_1681076012.828525
	[1]	From: :12004
	[3]	353NET/1.0 LSUPDATE
	[3]	353NET/1.0 LSUPDATE
	[1]	OriginStartTime: 1681075948.358973
	[3]	TTL: 9
	[1]	Content-Length: 13
	[3]	Flood: 1;reason=3
	[1]	
	[3]	MessageID: :12004_35_1681076012.828525
	[1]	:12012,:12002
	[3]	From: :12004
	[3]	OriginStartTime: 1681075948.358973
	[3]	Content-Length: 13
	[3]	
[Sun Apr  9 2023 14:33:32.830918] i LSUPDATE :12002 8 1 13 :12004_32_1681076012.827247 1681075948.358973 :12004 :12012,:12002
[Sun Apr  9 2023 14:33:32.830918] i LSUPDATE :12002 8 1 13 :12004_32_1681076012.827247 1681075948.358973 :12004 :12012,:12002
	[3]	:12012,:12002
[Sun Apr  9 2023 14:33:32.830931] i LSUPDATE :12002 8 1 13 :12004_32_1681076012.827247 1681075948.358973 :12004 :12012,:12002
	[1]	353NET/1.0 LSUPDATE
	[1]	TTL: 9
	[1]	Flood: 1;reason=1
	[1]	MessageID: :12004_32_1681076012.827247
	[1]	From: :12004
	[1]	OriginStartTime: 1681075948.358973
	[1]	Content-Length: 13
	[1]	
	[1]	:12012,:12002
	[2]	353NET/1.0 LSUPDATE
	[2]	TTL: 9
	[2]	Flood: 1;reason=1
	[2]	MessageID: :12004_32_1681076012.827247
	[2]	From: :12004
	[2]	OriginStartTime: 1681075948.358973
	[2]	Content-Length: 13
	[2]	
[Sun Apr  9 2023 14:33:32.831137] r LSUPDATE :12004 9 1 13 :12004_37_1681076012.829021 1681075948.358973 :12004 :12012,:12002
	[2]	:12012,:12002
[Sun Apr  9 2023 14:33:32.831137] r LSUPDATE :12004 9 1 13 :12004_37_1681076012.829021 1681075948.358973 :12004 :12012,:12002
[Sun Apr  9 2023 14:33:32.831247] i LSUPDATE :12002 8 1 13 :12004_37_1681076012.829021 1681075948.358973 :12004 :12012,:12002
	[1]	353NET/1.0 LSUPDATE
	[1]	TTL: 9
	[1]	Flood: 1;reason=3
	[1]	MessageID: :12004_37_1681076012.829021
	[1]	From: :12004
	[1]	OriginStartTime: 1681075948.358973
	[1]	Content-Length: 13
	[1]	
	[1]	:12012,:12002
[Sun Apr  9 2023 14:33:32.831420] r LSUPDATE :12012 9 1 13 :12012_41_1681076012.829383 1681075952.653016 :12012 :12004,:12002
[Sun Apr  9 2023 14:33:32.831450] r LSUPDATE :12004 9 1 20 :12002_4_1681076012.827316 1681076012.827266 :12002 :12000,:12004,:12012
[Sun Apr  9 2023 14:33:32.831499] i LSUPDATE :12002 8 1 13 :12004_37_1681076012.829021 1681075948.358973 :12004 :12012,:12002
	[3]	353NET/1.0 LSUPDATE
	[3]	TTL: 9
	[3]	Flood: 1;reason=3
	[3]	MessageID: :12004_37_1681076012.829021
	[3]	From: :12004
	[3]	OriginStartTime: 1681075948.358973
	[3]	Content-Length: 13
	[3]	Content-Length: 13
[Sun Apr  9 2023 14:33:32.831636] i LSUPDATE :12002 8 1 13 :12012_41_1681076012.829383 1681075952.653016 :12012 :12004,:12002
	[2]	353NET/1.0 LSUPDATE
	[2]	TTL: 9
	[2]	Flood: 1;reason=3
	[2]	MessageID: :12012_41_1681076012.829383
	[2]	From: :12012
	[2]	OriginStartTime: 1681075952.653016
	[2]	Content-Length: 13
	[2]	
ntent-Length: 13
1075952.653016
83
33:32.831636] i LSUPDATE :12002 8 1 13 :12012_41_1681076012.829383 1681075952.653016 :12012 :12004,:12002
[Sun Apr  9 2023 14:33:32.831687] i LSUPDATE :12002 8 1 13 :12012_41_1681076012.829383 1681075952.653016 :12012 :12004,:12002
	[2]	
	[2]	:12004,:12002
	[3]	
	[3]	:12012,:12002
	[3]	:12012,:12002
[Sun Apr  9 2023 14:33:32.832084] i LSUPDATE :12002 9 1 20 :12002_21_1681076012.831640 1681076012.827266 :12002 :12000,:12004,:12012
	[1]	353NET/1.0 LSUPDATE
	[1]	TTL: 9
	[1]	Flood: 1;reason=3
	[1]	Flood: 1;reason=3
[Sun Apr  9 2023 14:33:32.832115] i LSUPDATE :12002 8 1 20 :12002_4_1681076012.827316 1681076012.827266 :12002 :12000,:12004,:12012
	[1]	MessageID: :12012_41_1681076012.829383
	[1]	From: :12012
	[1]	OriginStartTime: 1681075952.653016
	[1]	Content-Length: 13
	[1]	Content-Length: 13
	[2]	353NET/1.0 LSUPDATE
	[1]	
	[2]	TTL: 9
	[1]	:12004,:12002
	[2]	Flood: 1;reason=3
	[2]	MessageID: :12002_21_1681076012.831640
	[2]	From: :12002
	[2]	OriginStartTime: 1681076012.827266
	[2]	OriginStartTime: 1681076012.827266
	[3]	353NET/1.0 LSUPDATE
	[2]	Content-Length: 20
	[3]	TTL: 9
Length: 20
[Sun Apr  9 2023 14:33:32.832214] i LSUPDATE :12002 8 1 20 :12002_4_1681076012.827316 1681076012.827266 :12002 :12000,:12004,:12012
	[2]	
L: 9
	[2]	
	[3]	Flood: 1;reason=1
	[2]	:12000,:12004,:12012
	[3]	MessageID: :12002_4_1681076012.827316
	[1]	353NET/1.0 LSUPDATE
	[1]	TTL: 9
	[1]	Flood: 1;reason=1
	[1]	MessageID: :12002_4_1681076012.827316
	[1]	From: :12002
	[1]	OriginStartTime: 1681076012.827266
	[1]	Content-Length: 20
	[1]	
	[1]	:12000,:12004,:12012
	[3]	From: :12002
	[3]	OriginStartTime: 1681076012.827266
	[3]	OriginStartTime: 1681076012.827266
[Sun Apr  9 2023 14:33:32.832349] i LSUPDATE :12002 9 1 20 :12002_20_1681076012.831630 1681076012.827266 :12002 :12000,:12004,:12012
	[3]	Content-Length: 20
	[3]	
	[3]	:12000,:12004,:12012
	[1]	353NET/1.0 LSUPDATE
	[1]	TTL: 9
	[1]	Flood: 1;reason=3
	[1]	MessageID: :12002_20_1681076012.831630
	[1]	From: :12002
[Sun Apr  9 2023 14:33:32.832411] i LSUPDATE :12002 9 1 20 :12002_22_1681076012.831648 1681076012.827266 :12002 :12000,:12004,:12012
[Sun Apr  9 2023 14:33:32.832411] i LSUPDATE :12002 9 1 20 :12002_22_1681076012.831648 1681076012.827266 :12002 :12000,:12004,:12012
	[1]	OriginStartTime: 1681076012.827266
	[1]	Content-Length: 20
	[1]	
	[1]	:12000,:12004,:12012
	[1]	:12000,:12004,:12012
32411] i LSUPDATE :12002 9 1 20 :12002_22_1681076012.831648 1681076012.827266 :12002 :12000,:12004,:12012
	[1]	OriginStartTime: 1681076012.827266
32.831687] i LSUPDATE :12002 8 1 13 :12012_41_1681076012.829383 1681075952.653016 :12012 :12004,:12002
[Sun Apr  9 2023 14:33:32.831826] r LSUPDATE :12012 9 1 20 :12002_3_1681076012.827300 1681076012.827266 :12002 :12000,:12004,:12012
	[3]	353NET/1.0 LSUPDATE
	[3]	TTL: 9
	[3]	Flood: 1;reason=3
	[3]	MessageID: :12002_22_1681076012.831648
	[3]	From: :12002
	[3]	OriginStartTime: 1681076012.827266
48
:12002 9 1 20 :12002_22_1681076012.831648 1681076012.827266 :12002 :12000,:12004,:12012
	[1]	OriginStartTime: 1681076012.827266
32.831687] i LSUPDATE :12002 8 1 13 :12012_41_1681076012.829383 1681075952.653016 :12012 :12004,:12002
[Sun Apr  9 2023 14:33:32.831826] r LSUPDATE :12012 9 1 20 :12002_3_1681076012.827300 1681076012.827266 :12002 :12000,:12004,:12012
[Sun Apr  9 2023 14:33:32.831893] r LSUPDATE :12004 9 1 13 :12012_38_1681076012.828254 1681075952.653016 :12012 :12004,:12002
	[3]	OriginStartTime: 1681076012.827266
	[3]	Content-Length: 20
	[3]	
	[3]	:12000,:12004,:12012
	[3]	:12000,:12004,:12012
[Sun Apr  9 2023 14:33:32.832602] i LSUPDATE :12002 8 1 20 :12002_3_1681076012.827300 1681076012.827266 :12002 :12000,:12004,:12012
	[1]	353NET/1.0 LSUPDATE
	[1]	TTL: 9
	[1]	Flood: 1;reason=1
	[1]	MessageID: :12002_3_1681076012.827300
	[1]	From: :12002
	[1]	OriginStartTime: 1681076012.827266
	[1]	Content-Length: 20
	[1]	
	[1]	:12000,:12004,:12012
[Sun Apr  9 2023 14:33:32.832832] i LSUPDATE :12002 8 1 20 :12002_3_1681076012.827300 1681076012.827266 :12002 :12000,:12004,:12012
	[2]	353NET/1.0 LSUPDATE
	[2]	TTL: 9
	[2]	Flood: 1;reason=1
	[2]	MessageID: :12002_3_1681076012.827300
	[2]	From: :12002
	[2]	OriginStartTime: 1681076012.827266
	[2]	Content-Length: 20
	[2]	
	[2]	:12000,:12004,:12012
[Sun Apr  9 2023 14:33:32.833012] i LSUPDATE :12002 8 1 13 :12012_38_1681076012.828254 1681075952.653016 :12012 :12004,:12002
	[1]	353NET/1.0 LSUPDATE
	[1]	TTL: 9
	[1]	Flood: 1;reason=3
	[1]	MessageID: :12012_38_1681076012.828254
	[1]	From: :12012
	[1]	OriginStartTime: 1681075952.653016
	[1]	Content-Length: 13
	[1]	
	[1]	:12004,:12002
[Sun Apr  9 2023 14:33:32.832994] r LSUPDATE :12012 9 1 13 :12004_34_1681076012.828509 1681075948.358973 :12004 :12012,:12002
[Sun Apr  9 2023 14:33:32.833244] i LSUPDATE :12002 8 1 13 :12004_34_1681076012.828509 1681075948.358973 :12004 :12012,:12002
[Sun Apr  9 2023 14:33:32.833244] i LSUPDATE :12002 8 1 13 :12004_34_1681076012.828509 1681075948.358973 :12004 :12012,:12002
	[1]	353NET/1.0 LSUPDATE
	[1]	TTL: 9
	[1]	Flood: 1;reason=3
	[1]	MessageID: :12004_34_1681076012.828509
	[1]	MessageID: :12004_34_1681076012.828509
[Sun Apr  9 2023 14:33:32.833313] i LSUPDATE :12002 8 1 13 :12012_38_1681076012.828254 1681075952.653016 :12012 :12004,:12002
	[1]	From: :12004
	[1]	OriginStartTime: 1681075948.358973
	[1]	Content-Length: 13
	[1]	
	[1]	
	[3]	353NET/1.0 LSUPDATE
	[1]	:12012,:12002
	[3]	TTL: 9
	[3]	Flood: 1;reason=3
	[3]	MessageID: :12012_38_1681076012.828254
	[3]	MessageID: :12012_38_1681076012.828254
[Sun Apr  9 2023 14:33:32.833406] i LSUPDATE :12002 8 1 13 :12004_34_1681076012.828509 1681075948.358973 :12004 :12012,:12002
	[2]	353NET/1.0 LSUPDATE
	[2]	TTL: 9
	[2]	TTL: 9
[Sun Apr  9 2023 14:33:32.833454] i LSUPDATE :12002 8 1 13 :12012_40_1681076012.829369 1681075952.653016 :12012 :12004,:12002
	[2]	Flood: 1;reason=3
	[2]	MessageID: :12004_34_1681076012.828509
	[2]	From: :12004
	[2]	OriginStartTime: 1681075948.358973
	[2]	OriginStartTime: 1681075948.358973
	[1]	353NET/1.0 LSUPDATE
	[2]	Content-Length: 13
	[1]	TTL: 9
	[2]	
	[1]	Flood: 1;reason=3
	[2]	:12012,:12002
	[1]	MessageID: :12012_40_1681076012.829369
	[1]	From: :12012
	[1]	From: :12012
	[3]	From: :12012
	[1]	OriginStartTime: 1681075952.653016
	[3]	OriginStartTime: 1681075952.653016
	[1]	Content-Length: 13
	[3]	Content-Length: 13
	[1]	
	[3]	
	[1]	:12004,:12002
	[3]	:12004,:12002
[Sun Apr  9 2023 14:33:32.833603] i LSUPDATE :12002 8 1 13 :12012_40_1681076012.829369 1681075952.653016 :12012 :12004,:12002
	[3]	353NET/1.0 LSUPDATE
	[3]	TTL: 9
	[3]	Flood: 1;reason=3
	[3]	MessageID: :12012_40_1681076012.829369
	[3]	From: :12012
	[3]	OriginStartTime: 1681075952.653016
	[3]	Content-Length: 13
	[3]	
	[3]	:12004,:12002
[Sun Apr  9 2023 14:33:32.833800] r LSUPDATE :12004 9 1 20 :12002_7_1681076012.827722 1681076012.827266 :12002 :12000,:12004,:12012
[Sun Apr  9 2023 14:33:32.834107] r LSUPDATE :12004 9 1 20 :12002_10_1681076012.828440 1681076012.827266 :12002 :12000,:12004,:12012
[Sun Apr  9 2023 14:33:32.834125] r LSUPDATE :12012 9 1 13 :12004_36_1681076012.829009 1681075948.358973 :12004 :12012,:12002
[Sun Apr  9 2023 14:33:32.834142] i LSUPDATE :12002 8 1 20 :12002_7_1681076012.827722 1681076012.827266 :12002 :12000,:12004,:12012
[Sun Apr  9 2023 14:33:32.834199] i LSUPDATE :12002 8 1 13 :12004_36_1681076012.829009 1681075948.358973 :12004 :12012,:12002
[Sun Apr  9 2023 14:33:32.834227] i LSUPDATE :12002 8 1 20 :12002_7_1681076012.827722 1681076012.827266 :12002 :12000,:12004,:12012
[Sun Apr  9 2023 14:33:32.834227] i LSUPDATE :12002 8 1 20 :12002_7_1681076012.827722 1681076012.827266 :12002 :12000,:12004,:12012
	[2]	353NET/1.0 LSUPDATE
	[2]	TTL: 9
	[2]	Flood: 1;reason=3
	[1]	353NET/1.0 LSUPDATE
	[1]	353NET/1.0 LSUPDATE
	[2]	MessageID: :12004_36_1681076012.829009
	[1]	TTL: 9
	[2]	From: :12004
	[1]	Flood: 1;reason=3
	[2]	OriginStartTime: 1681075948.358973
	[1]	MessageID: :12002_7_1681076012.827722
	[2]	Content-Length: 13
	[1]	From: :12002
	[2]	
	[1]	OriginStartTime: 1681076012.827266
	[2]	:12012,:12002
	[1]	Content-Length: 20
	[1]	
	[1]	:12000,:12004,:12012
[Sun Apr  9 2023 14:33:32.834370] i LSUPDATE :12002 8 1 20 :12002_10_1681076012.828440 1681076012.827266 :12002 :12000,:12004,:12012
	[1]	353NET/1.0 LSUPDATE
	[1]	TTL: 9
	[1]	Flood: 1;reason=1
	[1]	MessageID: :12002_10_1681076012.828440
	[1]	From: :12002
	[1]	OriginStartTime: 1681076012.827266
[Sun Apr  9 2023 14:33:32.834436] r LSUPDATE :12012 9 1 20 :12002_6_1681076012.827715 1681076012.827266 :12002 :12000,:12004,:12012
[Sun Apr  9 2023 14:33:32.834436] r LSUPDATE :12012 9 1 20 :12002_6_1681076012.827715 1681076012.827266 :12002 :12000,:12004,:12012
	[1]	Content-Length: 20
	[1]	
	[1]	:12000,:12004,:12012
[Sun Apr  9 2023 14:33:32.834492] i LSUPDATE :12002 8 1 13 :12004_36_1681076012.829009 1681075948.358973 :12004 :12012,:12002
[Sun Apr  9 2023 14:33:32.834509] i LSUPDATE :12002 8 1 20 :12002_6_1681076012.827715 1681076012.827266 :12002 :12000,:12004,:12012
	[1]	353NET/1.0 LSUPDATE
	[1]	TTL: 9
	[1]	Flood: 1;reason=3
	[1]	MessageID: :12004_36_1681076012.829009
	[1]	From: :12004
	[1]	OriginStartTime: 1681075948.358973
	[1]	Content-Length: 13
	[1]	
	[1]	
	[2]	353NET/1.0 LSUPDATE
	[1]	:12012,:12002
	[2]	TTL: 9
	[2]	Flood: 1;reason=3
	[2]	MessageID: :12002_6_1681076012.827715
	[2]	From: :12002
	[2]	From: :12002
:33:32.834617] i LSUPDATE :12002 8 1 20 :12002_6_1681076012.827715 1681076012.827266 :12002 :12000,:12004,:12012
	[2]	OriginStartTime: 1681076012.827266
	[2]	Content-Length: 20
	[2]	
	[2]	
	[1]	353NET/1.0 LSUPDATE
	[2]	
	[1]	353NET/1.0 LSUPDATE
	[2]	:12000,:12004,:12012
	[1]	TTL: 9
	[1]	Flood: 1;reason=3
	[1]	MessageID: :12002_6_1681076012.827715
	[1]	From: :12002
	[1]	OriginStartTime: 1681076012.827266
	[1]	Content-Length: 20
	[1]	
	[1]	:12000,:12004,:12012
	[3]	353NET/1.0 LSUPDATE
	[3]	TTL: 9
	[3]	Flood: 1;reason=3
	[3]	MessageID: :12002_7_1681076012.827722
	[3]	From: :12002
	[3]	OriginStartTime: 1681076012.827266
	[3]	Content-Length: 20
	[3]	
	[3]	:12000,:12004,:12012
[Sun Apr  9 2023 14:33:32.834891] r LSUPDATE :12004 9 1 20 :12002_13_1681076012.828511 1681076012.827266 :12002 :12000,:12004,:12012
[Sun Apr  9 2023 14:33:32.834905] i LSUPDATE :12002 8 1 20 :12002_10_1681076012.828440 1681076012.827266 :12002 :12000,:12004,:12012
	[3]	353NET/1.0 LSUPDATE
	[3]	TTL: 9
	[3]	Flood: 1;reason=1
	[3]	MessageID: :12002_10_1681076012.828440
	[3]	From: :12002
002_10_1681076012.828440
[Sun Apr  9 2023 14:33:32.834957] i LSUPDATE :12002 8 1 20 :12002_13_1681076012.828511 1681076012.827266 :12002 :12000,:12004,:12012
	[3]	From: :12002
	[3]	OriginStartTime: 1681076012.827266
	[3]	Content-Length: 20
	[3]	
	[3]	
	[1]	353NET/1.0 LSUPDATE
	[3]	:12000,:12004,:12012
	[1]	TTL: 9
	[1]	Flood: 1;reason=1
	[1]	MessageID: :12002_13_1681076012.828511
	[1]	From: :12002
	[1]	From: :12002
[Sun Apr  9 2023 14:33:32.835031] i LSUPDATE :12002 8 1 20 :12002_13_1681076012.828511 1681076012.827266 :12002 :12000,:12004,:12012
	[1]	OriginStartTime: 1681076012.827266
	[1]	Content-Length: 20
	[1]	
	[3]	353NET/1.0 LSUPDATE
	[3]	353NET/1.0 LSUPDATE
	[1]	:12000,:12004,:12012
	[3]	TTL: 9
	[3]	Flood: 1;reason=1
	[3]	MessageID: :12002_13_1681076012.828511
	[3]	From: :12002
	[3]	OriginStartTime: 1681076012.827266
	[3]	Content-Length: 20
	[3]	
	[3]	:12000,:12004,:12012
[Sun Apr  9 2023 14:33:32.835178] r LSUPDATE :12004 9 1 13 :12004_33_1681076012.827422 1681075948.358973 :12004 :12012,:12002
[Sun Apr  9 2023 14:33:32.835487] r LSUPDATE :12004 9 1 13 :12004_39_1681076012.833488 1681075948.358973 :12004 :12012,:12002
[Sun Apr  9 2023 14:33:32.835637] i LSUPDATE :12002 8 1 13 :12004_39_1681076012.833488 1681075948.358973 :12004 :12012,:12002
[Sun Apr  9 2023 14:33:32.835663] i LSUPDATE :12002 8 1 13 :12004_39_1681076012.833488 1681075948.358973 :12004 :12012,:12002
	[1]	353NET/1.0 LSUPDATE
	[1]	TTL: 9
	[1]	Flood: 1;reason=3
	[1]	MessageID: :12004_39_1681076012.833488
	[1]	From: :12004
	[1]	OriginStartTime: 1681075948.358973
	[1]	Content-Length: 13
	[1]	
	[1]	:12012,:12002
	[3]	353NET/1.0 LSUPDATE
	[3]	TTL: 9
	[3]	Flood: 1;reason=3
	[3]	MessageID: :12004_39_1681076012.833488
	[3]	From: :12004
	[3]	OriginStartTime: 1681075948.358973
	[3]	Content-Length: 13
	[3]	
	[3]	:12012,:12002
[Sun Apr  9 2023 14:33:32.837445] r LSUPDATE :12012 9 1 20 :12002_9_1681076012.828416 1681076012.827266 :12002 :12000,:12004,:12012
[Sun Apr  9 2023 14:33:32.837618] i LSUPDATE :12002 8 1 20 :12002_9_1681076012.828416 1681076012.827266 :12002 :12000,:12004,:12012
[Sun Apr  9 2023 14:33:32.837618] i LSUPDATE :12002 8 1 20 :12002_9_1681076012.828416 1681076012.827266 :12002 :12000,:12004,:12012
	[2]	353NET/1.0 LSUPDATE
	[2]	TTL: 9
.0 LSUPDATE
	[1]	353NET/1.0 LSUPDATE
	[2]	TTL: 9
	[1]	TTL: 9
[Sun Apr  9 2023 14:33:3	[2]	MessageID: :12002_9_1681076012.828416
 :12012 9 1 20 :12002_12_1681076012.828503 1681076012.827266 :12002 :12000,:12004,:12012
	[2]	MessageID: :12002_9_1681076012.828416
 :12012 9 1 20 :12002_12_1681076012.828503 1681076012.827266 :12002 :12000,:12004,:12012
	[1]	Flood: 1;reason=1
	[2]	MessageID: :12002_9_1681076012.828416
	[1]	MessageID: :12002_9_1681076012.828416
	[2]	From: :12002
	[1]	From: :12002
	[2]	OriginStartTime: 1681076012.827266
	[1]	OriginStartTime: 1681076012.827266
	[2]	Content-Length: 20
	[1]	Content-Length: 20
	[2]	
	[1]	
	[2]	:12000,:12004,:12012
	[1]	:12000,:12004,:12012
[Sun Apr  9 2023 14:33:32.837939] i LSUPDATE :12002 8 1 20 :12002_12_1681076012.828503 1681076012.827266 :12002 :12000,:12004,:12012
[Sun Apr  9 2023 14:33:32.837946] i LSUPDATE :12002 8 1 20 :12002_12_1681076012.828503 1681076012.827266 :12002 :12000,:12004,:12012
	[1]	353NET/1.0 LSUPDATE
	[1]	TTL: 9
	[1]	Flood: 1;reason=1
	[1]	Flood: 1;reason=1
	[2]	353NET/1.0 LSUPDATE
	[1]	MessageID: :12002_12_1681076012.828503
	[2]	TTL: 9
	[1]	From: :12002
	[2]	Flood: 1;reason=1
	[1]	OriginStartTime: 1681076012.827266
	[2]	MessageID: :12002_12_1681076012.828503
	[1]	Content-Length: 20
	[2]	From: :12002
	[1]	
	[2]	OriginStartTime: 1681076012.827266
	[1]	:12000,:12004,:12012
	[2]	Content-Length: 20
	[2]	
	[2]	:12000,:12004,:12012
[Sun Apr  9 2023 14:33:32.838087] r LSUPDATE :12012 9 1 13 :12012_43_1681076012.833183 1681075952.653016 :12012 :12004,:12002
[Sun Apr  9 2023 14:33:32.838254] i LSUPDATE :12002 8 1 13 :12012_43_1681076012.833183 1681075952.653016 :12012 :12004,:12002
[Sun Apr  9 2023 14:33:32.838254] i LSUPDATE :12002 8 1 13 :12012_43_1681076012.833183 1681075952.653016 :12012 :12004,:12002
[Sun Apr  9 2023 14:33:32.838267] i LSUPDATE :12002 8 1 13 :12012_43_1681076012.833183 1681075952.653016 :12012 :12004,:12002
	[1]	353NET/1.0 LSUPDATE
	[1]	TTL: 9
	[1]	Flood: 1;reason=3
	[1]	MessageID: :12012_43_1681076012.833183
	[1]	From: :12012
	[1]	OriginStartTime: 1681075952.653016
	[1]	OriginStartTime: 1681075952.653016
	[2]	353NET/1.0 LSUPDATE
	[1]	Content-Length: 13
	[2]	TTL: 9
	[1]	
	[2]	Flood: 1;reason=3
	[1]	:12004,:12002
	[2]	MessageID: :12012_43_1681076012.833183
	[2]	From: :12012
	[2]	OriginStartTime: 1681075952.653016
	[2]	Content-Length: 13
	[2]	
	[2]	:12004,:12002
[Sun Apr  9 2023 14:33:32.838472] r LSUPDATE :12012 9 1 20 :12002_15_1681076012.828892 1681076012.827266 :12002 :12000,:12004,:12012
[Sun Apr  9 2023 14:33:32.838665] i LSUPDATE :12002 8 1 20 :12002_15_1681076012.828892 1681076012.827266 :12002 :12000,:12004,:12012
[Sun Apr  9 2023 14:33:32.838709] i LSUPDATE :12002 8 1 20 :12002_15_1681076012.828892 1681076012.827266 :12002 :12000,:12004,:12012
	[2]	353NET/1.0 LSUPDATE
	[2]	353NET/1.0 LSUPDATE
	[1]	353NET/1.0 LSUPDATE
	[2]	TTL: 9
	[1]	TTL: 9
	[2]	Flood: 1;reason=3
	[1]	Flood: 1;reason=3
	[1]	MessageID: :12002_15_1681076012.828892
	[1]	MessageID: :12002_15_1681076012.828892
	[1]	From: :12002
	[2]	From: :12002
	[1]	OriginStartTime: 1681076012.827266
	[2]	OriginStartTime: 1681076012.827266
	[1]	Content-Length: 20
	[2]	Content-Length: 20
	[1]	
	[2]	
	[1]	:12000,:12004,:12012
	[2]	:12000,:12004,:12012
[Sun Apr  9 2023 14:33:32.838869] r LSUPDATE :12012 9 1 20 :12002_18_1681076012.829726 1681076012.827266 :12002 :12000,:12004,:12012
[Sun Apr  9 2023 14:33:32.839020] i LSUPDATE :12002 8 1 20 :12002_18_1681076012.829726 1681076012.827266 :12002 :12000,:12004,:12012
[Sun Apr  9 2023 14:33:32.839029] i LSUPDATE :12002 8 1 20 :12002_18_1681076012.829726 1681076012.827266 :12002 :12000,:12004,:12012
	[2]	353NET/1.0 LSUPDATE
	[2]	TTL: 9
	[2]	Flood: 1;reason=3
	[2]	Flood: 1;reason=3
	[1]	353NET/1.0 LSUPDATE
	[2]	MessageID: :12002_18_1681076012.829726
	[1]	TTL: 9
	[2]	From: :12002
	[1]	Flood: 1;reason=3
	[2]	OriginStartTime: 1681076012.827266
	[1]	MessageID: :12002_18_1681076012.829726
	[2]	Content-Length: 20
	[1]	From: :12002
	[2]	
	[1]	OriginStartTime: 1681076012.827266
	[1]	Content-Length: 20

	[1]	Content-Length: 20
	[1]	
	[1]	:12000,:12004,:12012
[Sun Apr  9 2023 14:33:32.839243] r LSUPDATE :12012 9 1 13 :12004_38_1681076012.833478 1681075948.358973 :12004 :12012,:12002
[Sun Apr  9 2023 14:33:32.839335] r LSUPDATE :12004 9 1 20 :12002_16_1681076012.828908 1681076012.827266 :12002 :12000,:12004,:12012
[Sun Apr  9 2023 14:33:32.839419] i LSUPDATE :12002 8 1 13 :12004_38_1681076012.833478 1681075948.358973 :12004 :12012,:12002
[Sun Apr  9 2023 14:33:32.839421] i LSUPDATE :12002 8 1 13 :12004_38_1681076012.833478 1681075948.358973 :12004 :12012,:12002
[Sun Apr  9 2023 14:33:32.839421] i LSUPDATE :12002 8 1 13 :12004_38_1681076012.833478 1681075948.358973 :12004 :12012,:12002
	[2]	353NET/1.0 LSUPDATE
	[2]	TTL: 9
	[2]	Flood: 1;reason=3
	[2]	MessageID: :12004_38_1681076012.833478
	[1]	353NET/1.0 LSUPDATE
	[1]	353NET/1.0 LSUPDATE
	[2]	From: :12004
	[1]	TTL: 9
	[2]	OriginStartTime: 1681075948.358973
	[1]	Flood: 1;reason=3
	[2]	Content-Length: 13
	[1]	MessageID: :12004_38_1681076012.833478
	[2]	
	[1]	From: :12004
	[2]	:12012,:12002
	[1]	OriginStartTime: 1681075948.358973
	[1]	Content-Length: 13
	[1]	
	[1]	:12012,:12002
[Sun Apr  9 2023 14:33:32.839725] i LSUPDATE :12002 8 1 20 :12002_16_1681076012.828908 1681076012.827266 :12002 :12000,:12004,:12012
[Sun Apr  9 2023 14:33:32.839725] i LSUPDATE :12002 8 1 20 :12002_16_1681076012.828908 1681076012.827266 :12002 :12000,:12004,:12012
[.839720] r LSUPDATE :12012 9 1 13 :12012_37_1681076012.827519 1681075952.653016 :12012 :12004,:12002
	[1]	353NET/1.0 LSUPDATE
	[1]	TTL: 9
	[1]	Flood: 1;reason=3
	[1]	MessageID: :12002_16_1681076012.828908
	[1]	From: :12002
	[1]	OriginStartTime: 1681076012.827266
	[1]	Content-Length: 20
	[1]	
	[1]	:12000,:12004,:12012
[Sun Apr  9 2023 14:33:32.839847] i LSUPDATE :12002 8 1 20 :12002_16_1681076012.828908 1681076012.827266 :12002 :12000,:12004,:12012
[Sun Apr  9 2023 14:33:32.839847] i LSUPDATE :12002 8 1 20 :12002_16_1681076012.828908 1681076012.827266 :12002 :12000,:12004,:12012
[Sun Apr  9 2023 14:33:32.839853] r LSUPDATE :12004 9 1 13 :12012_42_1681076012.833171 1681075952.653016 :12012 :12004,:12002
	[3]	353NET/1.0 LSUPDATE
	[3]	TTL: 9
	[3]	Flood: 1;reason=3
	[3]	MessageID: :12002_16_1681076012.828908
[Sun Apr  9 2023 14:33:32.840538] i LSUPDATE :12002 8 1 13 :12012_42_1681076012.833171 1681075952.653016 :12012 :12004,:12002
	[3]	From: :12002
	[1]	353NET/1.0 LSUPDATE
r  9 2023 14:33:32.840575] r LSUPDATE :12004 9 1 20 :12002_19_1681076012.829743 1681076012.827266 :12002 :12000,:12004,:12012
	[1]	353NET/1.0 LSUPDATE
	[1]	TTL: 9
	[1]	Flood: 1;reason=3
	[1]	MessageID: :12012_42_1681076012.833171
	[1]	From: :12012
	[1]	OriginStartTime: 1681075952.653016
	[1]	Content-Length: 13
	[1]	
ntent-Length: 13
1075952.653016
71
e: 1681076012.827266
	[1]	
	[3]	Content-Length: 20
	[1]	:12004,:12002
	[3]	Content-Length: 20
	[3]	
	[3]	:12000,:12004,:12012
[Sun Apr  9 2023 14:33:32.840714] i LSUPDATE :12002 8 1 20 :12002_19_1681076012.829743 1681076012.827266 :12002 :12000,:12004,:12012
[Sun Apr  9 2023 14:33:32.840736] i LSUPDATE :12002 8 1 13 :12012_42_1681076012.833171 1681075952.653016 :12012 :12004,:12002
[Sun Apr  9 2023 14:33:32.840736] i LSUPDATE :12002 8 1 13 :12012_42_1681076012.833171 1681075952.653016 :12012 :12004,:12002
	[1]	353NET/1.0 LSUPDATE
	[1]	TTL: 9
	[1]	Flood: 1;reason=3
 2023 14:33:32.840857] r LSUPDATE :12004 9 1 13 :12004_35_1681076012.828525 1681075948.358973 :12004 :12012,:12002
	[1]	Flood: 1;reason=3
	[1]	MessageID: :12002_19_1681076012.829743
	[1]	From: :12002
	[1]	OriginStartTime: 1681076012.827266
	[1]	Content-Length: 20
	[1]	
	[1]	:12000,:12004,:12012
	[3]	353NET/1.0 LSUPDATE
	[3]	TTL: 9
	[3]	Flood: 1;reason=3
	[3]	MessageID: :12012_42_1681076012.833171
	[3]	From: :12012
	[3]	OriginStartTime: 1681075952.653016
	[3]	Content-Length: 13
	[3]	
	[3]	:12004,:12002
[Sun Apr  9 2023 14:33:32.841107] r LSUPDATE :12004 9 1 13 :12004_37_1681076012.829021 1681075948.358973 :12004 :12012,:12002
[Sun Apr  9 2023 14:33:32.841124] i LSUPDATE :12002 8 1 20 :12002_19_1681076012.829743 1681076012.827266 :12002 :12000,:12004,:12012
	[3]	353NET/1.0 LSUPDATE
[Sun Apr  9 2023 14:33:32.841371] r LSUPDATE :12004 9 1 20 :12002_22_1681076012.831648 1681076012.827266 :12002 :12000,:12004,:12012
[Sun Apr  9 2023 14:33:32.841371] r LSUPDATE :12004 9 1 20 :12002_22_1681076012.831648 1681076012.827266 :12002 :12000,:12004,:12012
	[3]	TTL: 9
	[3]	Flood: 1;reason=3
	[3]	MessageID: :12002_19_1681076012.829743
	[3]	From: :12002
	[3]	OriginStartTime: 1681076012.827266
	[3]	Content-Length: 20
	[3]	
	[3]	:12000,:12004,:12012
[Sun Apr  9 2023 14:33:32.841482] i LSUPDATE :12002 8 1 20 :12002_22_1681076012.831648 1681076012.827266 :12002 :12000,:12004,:12012
	[1]	353NET/1.0 LSUPDATE
	[1]	TTL: 9
	[1]	Flood: 1;reason=3
	[1]	MessageID: :12002_22_1681076012.831648
	[1]	From: :12002
	[1]	OriginStartTime: 1681076012.827266
	[1]	Content-Length: 20
	[1]	
	[1]	:12000,:12004,:12012
[Sun Apr  9 2023 14:33:32.841647] r LSUPDATE :12004 9 1 13 :12004_39_1681076012.833488 1681075948.358973 :12004 :12012,:12002
[Sun Apr  9 2023 14:33:32.841647] r LSUPDATE :12004 9 1 13 :12004_39_1681076012.833488 1681075948.358973 :12004 :12012,:12002
[Sun Apr  9 2023 14:33:32.841654] r LSUPDATE :12012 9 1 13 :12012_39_1681076012.828265 1681075952.653016 :12012 :12004,:12002
[Sun Apr  9 2023 14:33:32.841845] r LSUPDATE :12012 9 1 13 :12012_41_1681076012.829383 1681075952.653016 :12012 :12004,:12002
[Sun Apr  9 2023 14:33:32.841979] r LSUPDATE :12012 9 1 20 :12002_21_1681076012.831640 1681076012.827266 :12002 :12000,:12004,:12012
[Sun Apr  9 2023 14:33:32.842081] i LSUPDATE :12002 8 1 20 :12002_21_1681076012.831640 1681076012.827266 :12002 :12000,:12004,:12012
[Sun Apr  9 2023 14:33:32.842104] i LSUPDATE :12002 8 1 20 :12002_22_1681076012.831648 1681076012.827266 :12002 :12000,:12004,:12012
	[1]	353NET/1.0 LSUPDATE
	[1]	TTL: 9
	[1]	Flood: 1;reason=3
[Sun Apr  9 2023 14:33:32.842132] i LSUPDATE :12002 8 1 20 :12002_21_1681076012.831640 1681076012.827266 :12002 :12000,:12004,:12012
	[1]	MessageID: :12002_21_1681076012.831640
	[1]	From: :12002
	[3]	353NET/1.0 LSUPDATE
:12002 8 1 20 :12002_21_1681076012.831640 1681076012.827266 :12002 :12000,:12004,:12012
	[1]	From: :12002
	[1]	OriginStartTime: 1681076012.827266
TE
	[1]	OriginStartTime: 1681076012.827266
	[3]	TTL: 9
	[1]	Content-Length: 20
	[3]	Flood: 1;reason=3
	[3]	Flood: 1;reason=3
	[1]	
	[3]	MessageID: :12002_22_1681076012.831648
	[2]	353NET/1.0 LSUPDATE
	[1]	:12000,:12004,:12012
	[2]	353NET/1.0 LSUPDATE
	[2]	TTL: 9
	[2]	Flood: 1;reason=3
	[2]	MessageID: :12002_21_1681076012.831640
	[2]	From: :12002
	[2]	OriginStartTime: 1681076012.827266
	[2]	Content-Length: 20
	[3]	Fr	[2]	:12000,:12004,:12012	[2]	:12000,:12004,:12012
	[3]	OriginStartTime: 1681076012.827266
	[3]	Content-Length: 20
	[3]	
	[3]	:12000,:12004,:12012
[Sun Apr  9 2023 14:33:32.842807] r LSUPDATE :12012 9 1 13 :12012_43_1681076012.833183 1681075952.653016 :12012 :12004,:12002
[Sun Apr  9 2023 14:33:47.549578] i LSUPDATE :12002 9 1 20 :12002_23_1681076027.549413 1681076012.827266 :12002 :12000,:12004,:12012
[Sun Apr  9 2023 14:33:47.549715] i LSUPDATE :12002 9 1 20 :12002_25_1681076027.549590 1681076012.827266 :12002 :12000,:12004,:12012
[Sun Apr  9 2023 14:33:47.549715] i LSUPDATE :12002 9 1 20 :12002_25_1681076027.549590 1681076012.827266 :12002 :12000,:12004,:12012
[Sun Apr  9 2023 14:33:47.549719] i LSUPDATE :12002 9 1 20 :12002_24_1681076027.549492 1681076012.827266 :12002 :12000,:12004,:12012
	[1]	353NET/1.0 LSUPDATE
	[1]	TTL: 9
	[1]	Flood: 1;reason=2
	[1]	MessageID: :12002_23_1681076027.549413
	[1]	From: :12002
	[1]	OriginStartTime: 1681076012.827266
	[1]	Content-Length: 20
	[1]	
	[3]	353NET,:12004,:12012
	[3]	353NET,:12004,:12012
	[3]	TTL: 9
	[3]	Flood: 1;reason=2
	[3]	MessageID: :12002_25_1681076027.549590
	[3]	MessageID: :12002_25_1681076027.549590
[Sun Apr  9 2023 14:33:47.550061] Socket-writing thread has terminated
	[3]	From: :12002
	[2]	353NET/1.0 LSUPDATE
	[3]	OriginStartTime: 1681076012.827266
	[3]	Content-Length: 20

	[3]	Content-Length: 20
	[2]	TTL: 9
	[3]	
	[3]	
	[2]	Flood: 1;reason=2
	[3]	:12000,:12004,:12012
	[2]	MessageID: :12002_24_1681076027.549492
	[2]	From: :12002
	[2]	OriginStartTime: 1681076012.827266
	[2]	Content-Length: 20
	[2]	
	[2]	:12000,:12004,:12012
[Sun Apr  9 2023 14:33:47.550605] Socket-reading thread has joined with socket-writing thread
[Sun Apr  9 2023 14:33:47.551178] r LSUPDATE :12004 9 1 13 :12004_41_1681076027.550525 1681075948.358973 :12004 :12012,:12002
[Sun Apr  9 2023 14:33:47.551367] r LSUPDATE :12012 9 1 13 :12012_45_1681076027.550617 1681075952.653016 :12012 :12004,:12002
[Sun Apr  9 2023 14:33:47.551419] i LSUPDATE :12002 8 1 13 :12004_41_1681076027.550525 1681075948.358973 :12004 :12012,:12002
	[3]	353NET/1.0 LSUPDATE
	[3]	TTL: 9
	[3]	Flood: 1;reason=3
	[3]	MessageID: :12004_41_1681076027.550525
	[3]	From: :12004
[Sun Apr  9 2023 14:33:47.551633] i LSUPDATE :12002 8 1 13 :12012_45_1681076027.550617 1681075952.653016 :12012 :12004,:12002
	[3]	OriginStartTime: 1681075948.358973
	[3]	Content-Length: 13
.551633] i LSUPDATE :12002 8 1 13 :12012_45_1681076027.550617 1681075952.653016 :12012 :12004,:12002
	[3]	Content-Length: 13
	[3]	
	[3]	:12012,:12002
	[2]	353NET/1.0 LSUPDATE
	[2]	TTL: 9
	[2]	Flood: 1;reason=3
	[2]	MessageID: :12012_45_1681076027.550617
	[2]	From: :12012
	[2]	OriginStartTime: 1681075952.653016
	[2]	Content-Length: 13
	[2]	
	[2]	:12004,:12002
[Sun Apr  9 2023 14:33:47.552090] r LSUPDATE :12004 9 1 20 :12002_25_1681076027.549590 1681076012.827266 :12002 :12000,:12004,:12012
[Sun Apr  9 2023 14:33:47.552448] r LSUPDATE :12004 9 1 13 :12004_43_1681076027.551621 1681075948.358973 :12004 :12012,:12002
[Sun Apr  9 2023 14:33:47.552468] i LSUPDATE :12002 8 1 20 :12002_25_1681076027.549590 1681076012.827266 :12002 :12000,:12004,:12012
[Sun Apr  9 2023 14:33:47.552552] i LSUPDATE :12002 9 1 13 :12002_26_1681076027.552182 1681076012.827266 :12002 :12004,:12012
[Sun Apr  9 2023 14:33:47.552552] i LSUPDATE :12002 9 1 13 :12002_26_1681076027.552182 1681076012.827266 :12002 :12004,:12012
	[3]	353NET/1.0 LSUPDATE
	[3]	TTL: 9
	[3]	Flood: 1;reason=2
	[3]	MessageID: :12002_25_1681076027.549590
	[3]	From: :12002
	[3]	OriginStartTime: 1681076012.827266
	[3]	Content-Length: 20
	[2]	353NET/1.0 LSUPDATE
	[3]	
	[2]	353NET/1.0 LSUPDATE
	[3]	
	[2]	TTL: 9
	[3]	:12000,:12004,:12012
	[2]	Flood: 1;reason=3
	[2]	MessageID: :12002_26_1681076027.552182
	[2]	From: :12002
	[2]	OriginStartTime: 1681076012.827266
	[2]	Content-Length: 13
	[2]	
ntent-Length: 13
[Sun Apr  9 2023 14:33:47.552683] i LSUPDATE :12002 9 1 13 :12002_27_1681076027.552196 1681076012.827266 :12002 :12004,:12012
	[2]	
	[2]	:12004,:12012
	[3]	353NET/1.0 LSUPDATE
	[3]	TTL: 9
	[3]	Flood: 1;reason=3
	[3]	Flood: 1;reason=3
[Sun Apr  9 2023 14:33:47.552751] i LSUPDATE :12002 9 1 13 :12002_28_1681076027.552510 1681076012.827266 :12002 :12004,:12012
	[3]	MessageID: :12002_27_1681076027.552196
	[3]	From: :12002
	[3]	OriginStartTime: 1681076012.827266
	[3]	Content-Length: 13
	[3]	Content-Length: 13
	[2]	353NET/1.0 LSUPDATE
	[3]	
	[2]	TTL: 9
	[3]	:12004,:12012
	[2]	Flood: 1;reason=3
	[2]	MessageID: :12002_28_1681076027.552510
	[2]	From: :12002
002_28_1681076027.552510
[Sun Apr  9 2023 14:33:47.552834] i LSUPDATE :12002 8 1 13 :12004_43_1681076027.551621 1681075948.358973 :12004 :12012,:12002
	[2]	From: :12002
	[2]	OriginStartTime: 1681076012.827266
	[2]	Content-Length: 13
	[2]	
	[2]	
	[3]	353NET/1.0 LSUPDATE
	[2]	:12004,:12012
	[3]	TTL: 9
	[3]	Flood: 1;reason=3
	[3]	MessageID: :12004_43_1681076027.551621
	[3]	From: :12004
	[3]	OriginStartTime: 1681075948.358973
	[3]	Content-Length: 13
	[3]	
	[3]	:12012,:12002
[Sun Apr  9 2023 14:33:47.552959] i LSUPDATE :12002 9 1 13 :12002_29_1681076027.552517 1681076012.827266 :12002 :12004,:12012
	[3]	353NET/1.0 LSUPDATE
	[3]	TTL: 9
	[3]	Flood: 1;reason=3
	[3]	MessageID: :12002_29_1681076027.552517
	[3]	From: :12002
	[3]	OriginStartTime: 1681076012.827266
	[3]	Content-Length: 13
	[3]	
ntent-Length: 13
[Sun Apr  9 2023 14:33:47.553091] r LSUPDATE :12004 9 1 13 :12012_44_1681076027.550593 1681075952.653016 :12012 :12004,:12002
	[3]	
	[3]	:12004,:12012
[Sun Apr  9 2023 14:33:47.553144] i LSUPDATE :12002 8 1 13 :12012_44_1681076027.550593 1681075952.653016 :12012 :12004,:12002
	[3]	353NET/1.0 LSUPDATE
	[3]	TTL: 9
	[3]	Flood: 1;reason=3
	[3]	MessageID: :12012_44_1681076027.550593
	[3]	From: :12012
	[3]	OriginStartTime: 1681075952.653016
	[3]	Content-Length: 13
	[3]	
	[3]	:12004,:12002
[Sun Apr  9 2023 14:33:47.553270] i LSUPDATE :12002 9 1 13 :12002_30_1681076027.553146 1681076012.827266 :12002 :12004,:12012
[Sun Apr  9 2023 14:33:47.553270] i LSUPDATE :12002 9 1 13 :12002_30_1681076027.553146 1681076012.827266 :12002 :12004,:12012
[Sun Apr  9 2023 14:33:47.553287] i LSUPDATE :12002 9 1 13 :12002_31_1681076027.553227 1681076012.827266 :12002 :12004,:12012
	[3]	353NET/1.0 LSUPDATE
	[3]	TTL: 9
	[3]	Flood: 1;reason=3
	[3]	MessageID: :12002_31_1681076027.553227
	[3]	From: :12002
	[3]	OriginStartTime: 1681076012.827266
	[3]	Content-Length: 13
	[3]	
	[3]	:12004,:12012
	[2]	353NET/1.0 LSUPDATE
	[2]	TTL: 9
	[2]	Flood: 1;reason=3
	[2]	MessageID: :12002_30_1681076027.553146
	[2]	From: :12002
	[2]	OriginStartTime: 1681076012.827266
	[2]	Content-Length: 13
	[2]	
	[2]	:12004,:12012
[Sun Apr  9 2023 14:33:47.553582] r LSUPDATE :12012 9 1 20 :12002_24_1681076027.549492 1681076012.827266 :12002 :12000,:12004,:12012
[Sun Apr  9 2023 14:33:47.553636] r LSUPDATE :12004 9 1 13 :12004_45_1681076027.552121 1681075948.358973 :12004 :12012,:12002
[Sun Apr  9 2023 14:33:47.553748] i LSUPDATE :12002 8 1 20 :12002_24_1681076027.549492 1681076012.827266 :12002 :12000,:12004,:12012
	[2]	353NET/1.0 LSUPDATE
	[2]	TTL: 9
	[2]	Flood: 1;reason=2
	[2]	MessageID: :12002_24_1681076027.549492
	[2]	From: :12002
	[2]	OriginStartTime: 1681076012.827266
	[2]	Content-Length: 20
	[2]	
	[2]	:12000,:12004,:12012
[Sun Apr  9 2023 14:33:47.553949] i LSUPDATE :12002 9 1 13 :12002_32_1681076027.553726 1681076012.827266 :12002 :12004,:12012
	[2]	353NET/1.0 LSUPDATE
	[2]	TTL: 9
	[2]	Flood: 1;reason=3
	[2]	MessageID: :12002_32_1681076027.553726
	[2]	From: :12002
	[2]	OriginStartTime: 1681076012.827266
:47.553993] r LSUPDATE :12012 9 1 13 :12012_47_1681076027.551647 1681075952.653016 :12012 :12004,:12002
	[2]	OriginStartTime: 1681076012.827266
	[2]	Content-Length: 13
	[2]	
	[2]	:12004,:12012
[Sun Apr  9 2023 14:33:47.554071] i LSUPDATE :12002 8 1 13 :12012_47_1681076027.551647 1681075952.653016 :12012 :12004,:12002
	[2]	353NET/1.0 LSUPDATE
	[2]	TTL: 9
	[2]	Flood: 1;reason=3
	[2]	MessageID: :12012_47_1681076027.551647
	[2]	From: :12012
	[2]	OriginStartTime: 1681075952.653016
	[2]	Content-Length: 13
	[2]	
	[2]	:12004,:12002
[Sun Apr  9 2023 14:33:47.554187] i LSUPDATE :12002 9 1 13 :12002_34_1681076027.554058 1681076012.827266 :12002 :12004,:12012
	[2]	353NET/1.0 LSUPDATE
	[2]	TTL: 9
	[2]	Flood: 1;reason=3
	[2]	MessageID: :12002_34_1681076027.554058
	[2]	From: :12002
	[2]	OriginStartTime: 1681076012.827266
	[2]	Content-Length: 13
	[2]	
	[2]	:12004,:12012
	[2]	:12004,:12012
[Sun Apr  9 2023 14:33:47.554304] r LSUPDATE :12012 9 1 13 :12004_40_1681076027.550507 1681075948.358973 :12004 :12012,:12002
[Sun Apr  9 2023 14:33:47.554470] i LSUPDATE :12002 8 1 13 :12004_40_1681076027.550507 1681075948.358973 :12004 :12012,:12002
	[2]	353NET/1.0 LSUPDATE
	[2]	TTL: 9
	[2]	Flood: 1;reason=3
	[2]	MessageID: :12004_40_1681076027.550507
	[2]	From: :12004
	[2]	OriginStartTime: 1681075948.358973
	[2]	Content-Length: 13
	[2]	
	[2]	:12012,:12002
[Sun Apr  9 2023 14:33:47.554666] i LSUPDATE :12002 9 1 13 :12002_36_1681076027.554444 1681076012.827266 :12002 :12004,:12012
[Sun Apr  9 2023 14:33:47.554692] r LSUPDATE :12012 9 1 13 :12012_49_1681076027.551946 1681075952.653016 :12012 :12004,:12002
[Sun Apr  9 2023 14:33:47.554692] r LSUPDATE :12012 9 1 13 :12012_49_1681076027.551946 1681075952.653016 :12012 :12004,:12002
	[2]	353NET/1.0 LSUPDATE
	[2]	TTL: 9
	[2]	Flood: 1;reason=3
	[2]	MessageID: :12002_36_1681076027.554444
	[2]	From: :12002
	[2]	OriginStartTime: 1681076012.827266
	[2]	Content-Length: 13
	[2]	
	[2]	:12004,:12012
[Sun Apr  9 2023 14:33:47.554799] i LSUPDATE :12002 8 1 13 :12012_49_1681076027.551946 1681075952.653016 :12012 :12004,:12002
	[2]	353NET/1.0 LSUPDATE
	[2]	TTL: 9
	[2]	Flood: 1;reason=3
	[2]	MessageID: :12012_49_1681076027.551946
	[2]	From: :12012
	[2]	OriginStartTime: 1681075952.653016
	[2]	Content-Length: 13
	[2]	
	[2]	:12004,:12002
[Sun Apr  9 2023 14:33:47.554974] r LSUPDATE :12012 9 1 13 :12004_42_1681076027.551534 1681075948.358973 :12004 :12012,:12002
[Sun Apr  9 2023 14:33:47.555113] i LSUPDATE :12002 8 1 13 :12004_42_1681076027.551534 1681075948.358973 :12004 :12012,:12002
	[2]	353NET/1.0 LSUPDATE
	[2]	TTL: 9
	[2]	Flood: 1;reason=3
	[2]	MessageID: :12004_42_1681076027.551534
	[2]	From: :12004
	[2]	OriginStartTime: 1681075948.358973
	[2]	Content-Length: 13
	[2]	
	[2]	:12012,:12002
[Sun Apr  9 2023 14:33:47.555401] r LSUPDATE :12012 9 1 13 :12004_44_1681076027.552053 1681075948.358973 :12004 :12012,:12002
[Sun Apr  9 2023 14:33:47.555579] i LSUPDATE :12002 8 1 13 :12004_44_1681076027.552053 1681075948.358973 :12004 :12012,:12002
[Sun Apr  9 2023 14:33:47.555579] i LSUPDATE :12002 8 1 13 :12004_44_1681076027.552053 1681075948.358973 :12004 :12012,:12002
[Sun Apr  9 2023 14:33:47.555406] i LSUPDATE :12002 9 1 13 :12002_33_1681076027.553745 1681076012.827266 :12002 :12004,:12012
	[2]	353NET/1.0 LSUPDATE
	[2]	TTL: 9
	[2]	Flood: 1;reason=3
	[2]	MessageID: :12004_44_1681076027.552053
	[2]	From: :12004
	[2]	OriginStartTime: 1681075948.358973
	[2]	Content-Length: 13
	[2]	
	[2]	:12012,:12002
	[3]	353NET/1.0 LSUPDATE
	[3]	TTL: 9
	[3]	Flood: 1;reason=3
	[3]	MessageID: :12002_33_1681076027.553745
	[3]	From: :12002
	[3]	OriginStartTime: 1681076012.827266
	[3]	Content-Length: 13
	[3]	
	[3]	:12004,:12012
[Sun Apr  9 2023 14:33:47.555930] i LSUPDATE :12002 9 1 13 :12002_35_1681076027.554067 1681076012.827266 :12002 :12004,:12012
[Sun Apr  9 2023 14:33:47.555960] r LSUPDATE :12004 9 1 13 :12012_46_1681076027.551630 1681075952.653016 :12012 :12004,:12002
	[3]	353NET/1.0 LSUPDATE
	[3]	TTL: 9
	[3]	Flood: 1;reason=3
	[3]	MessageID: :12002_35_1681076027.554067
	[3]	From: :12002
	[3]	OriginStartTime: 1681076012.827266
	[3]	Content-Length: 13
	[3]	
	[3]	:12004,:12012
[Sun Apr  9 2023 14:33:47.556083] i LSUPDATE :12002 9 1 13 :12002_37_1681076027.554460 1681076012.827266 :12002 :12004,:12012
	[3]	353NET/1.0 LSUPDATE
	[3]	TTL: 9
	[3]	Flood: 1;reason=3
 2023 14:33:47.556122] r LSUPDATE :12012 9 1 13 :12012_51_1681076027.553676 1681075952.653016 :12012 :12004,:12002
	[3]	Flood: 1;reason=3
	[3]	MessageID: :12002_37_1681076027.554460
	[3]	From: :12002
	[3]	OriginStartTime: 1681076012.827266
	[3]	Content-Length: 13
	[3]	
	[3]	:12004,:12012
[Sun Apr  9 2023 14:33:47.556220] i LSUPDATE :12002 8 1 13 :12004_45_1681076027.552121 1681075948.358973 :12004 :12012,:12002
[Sun Apr  9 2023 14:33:47.556231] r LSUPDATE :12004 9 1 13 :12012_48_1681076027.551937 1681075952.653016 :12012 :12004,:12002
[Sun Apr  9 2023 14:33:47.556284] i LSUPDATE :12002 8 1 13 :12012_51_1681076027.553676 1681075952.653016 :12012 :12004,:12002
	[2]	353NET/1.0 LSUPDATE
	[2]	TTL: 9
	[2]	Flood: 1;reason=3
	[2]	MessageID: :12012_51_1681076027.553676
	[2]	From: :12012
	[2]	OriginStartTime: 1681075952.653016
	[2]	Content-Length: 13
	[2]	
ntent-Length: 13
[Sun Apr  9 2023 14:33:47.556512] r LSUPDATE :12012 9 1 13 :12012_53_1681076027.554532 1681075952.653016 :12012 :12004,:12002
	[2]	
	[2]	:12004,:12002
[Sun Apr  9 2023 14:33:47.556573] i LSUPDATE :12002 8 1 13 :12012_53_1681076027.554532 1681075952.653016 :12012 :12004,:12002
	[2]	353NET/1.0 LSUPDATE
	[2]	TTL: 9
	[2]	Flood: 1;reason=3
	[2]	MessageID: :12012_53_1681076027.554532
	[2]	From: :12012
	[2]	OriginStartTime: 1681075952.653016
	[2]	Content-Length: 13
	[2]	
	[2]	:12004,:12002
[Sun Apr  9 2023 14:33:47.556782] r LSUPDATE :12012 9 1 13 :12012_45_1681076027.550617 1681075952.653016 :12012 :12004,:12002
[Sun Apr  9 2023 14:33:47.557029] r LSUPDATE :12004 9 1 13 :12004_47_1681076027.553104 1681075948.358973 :12004 :12012,:12002
[Sun Apr  9 2023 14:33:47.557039] r LSUPDATE :12012 9 1 13 :12002_26_1681076027.552182 1681076012.827266 :12002 :12004,:12012
[Sun Apr  9 2023 14:33:47.557029] r LSUPDATE :12004 9 1 13 :12004_47_1681076027.553104 1681075948.358973 :12004 :12012,:12002
[Sun Apr  9 2023 14:33:47.557164] i LSUPDATE :12002 8 1 13 :12002_26_1681076027.552182 1681076012.827266 :12002 :12004,:12012
	[2]	353NET/1.0 LSUPDATE
	[2]	TTL: 9
	[2]	Flood: 1;reason=3
	[2]	MessageID: :12002_26_1681076027.552182
	[2]	From: :12002
	[2]	OriginStartTime: 1681076012.827266
	[2]	Content-Length: 13
	[2]	
	[2]	:12004,:12012
[Sun Apr  9 2023 14:33:47.557348] i LSUPDATE :12002 9 1 13 :12002_38_1681076027.557155 1681076012.827266 :12002 :12004,:12012
	[2]	353NET/1.0 LSUPDATE
	[2]	TTL: 9
	[2]	Flood: 1;reason=3
	[2]	MessageID: :12002_38_1681076027.557155
	[2]	From: :12002
	[2]	OriginStartTime: 1681076012.827266
	[2]	Content-Length: 13
	[2]	
	[2]	:12004,:12012
[Sun Apr  9 2023 14:33:47.557434] r LSUPDATE :12012 9 1 13 :12004_46_1681076027.553085 1681075948.358973 :12004 :12012,:12002
[Sun Apr  9 2023 14:33:47.557590] i LSUPDATE :12002 8 1 13 :12004_46_1681076027.553085 1681075948.358973 :12004 :12012,:12002
	[2]	353NET/1.0 LSUPDATE
	[2]	TTL: 9
	[2]	Flood: 1;reason=3
	[2]	MessageID: :12004_46_1681076027.553085
	[2]	From: :12004
	[2]	OriginStartTime: 1681075948.358973
	[2]	Content-Length: 13
	[2]	
	[2]	:12012,:12002
[Sun Apr  9 2023 14:33:47.557854] r LSUPDATE :12012 9 1 13 :12004_48_1681076027.553286 1681075948.358973 :12004 :12012,:12002
[Sun Apr  9 2023 14:33:47.558002] i LSUPDATE :12002 8 1 13 :12004_48_1681076027.553286 1681075948.358973 :12004 :12012,:12002
[Sun Apr  9 2023 14:33:47.558049] r LSUPDATE :12004 9 1 13 :12004_41_1681076027.550525 1681075948.358973 :12004 :12012,:12002
[Sun Apr  9 2023 14:33:47.558049] r LSUPDATE :12004 9 1 13 :12004_41_1681076027.550525 1681075948.358973 :12004 :12012,:12002
	[2]	353NET/1.0 LSUPDATE
	[2]	TTL: 9
	[2]	Flood: 1;reason=3
	[2]	MessageID: :12004_48_1681076027.553286
	[2]	From: :12004
	[2]	OriginStartTime: 1681075948.358973
	[2]	Content-Length: 13
	[2]	
	[2]	:12012,:12002
[Sun Apr  9 2023 14:33:47.558346] r LSUPDATE :12012 9 1 13 :12002_28_1681076027.552510 1681076012.827266 :12002 :12004,:12012
[Sun Apr  9 2023 14:33:47.558346] r LSUPDATE :12012 9 1 13 :12002_28_1681076027.552510 1681076012.827266 :12002 :12004,:12012
[Sun Apr  9 2023 14:33:47.558357] r LSUPDATE :12004 9 1 13 :12004_49_1681076027.553303 1681075948.358973 :12004 :12012,:12002
	[3]	353NET/1.0 LSUPDATE
	[3]	TTL: 9
	[3]	Flood: 1;reason=3
	[3]	MessageID: :12004_45_1681076027.552121
	[3]	From: :12004
	[3]	OriginStartTime: 1681075948.358973
	[3]	Content-Length: 13
	[3]	
	[3]	:12012,:12002
023 14:33:47.558512] i LSUPDATE :12002 8 1 13 :12002_28_1681076027.552510 1681076012.827266 :12002 :12004,:12012
	[3]	:12012,:12002
	[2]	353NET/1.0 LSUPDATE
	[2]	TTL: 9
.0 LSUPDATE
[Sun Apr  9 2023 14:33:47.558582] i LSUPDATE :12002 8 1 13 :12012_46_1681076027.551630 1681075952.653016 :12012 :12004,:12002
	[2]	TTL: 9
	[2]	Flood: 1;reason=3
	[2]	MessageID: :12002_28_1681076027.552510
	[2]	From: :12002
	[2]	OriginStartTime: 1681076012.827266
	[2]	Content-Length: 13
	[2]	
	[2]	:12004,:12012
	[3]	353NET/1.0 LSUPDATE
	[3]	TTL: 9
	[3]	Flood: 1;reason=3
	[3]	MessageID: :12012_46_1681076027.551630
	[3]	From: :12012
	[3]	OriginStartTime: 1681075952.653016
	[3]	Content-Length: 13
	[3]	
	[3]	:12004,:12002
[Sun Apr  9 2023 14:33:47.559010] i LSUPDATE :12002 8 1 13 :12012_48_1681076027.551937 1681075952.653016 :12012 :12004,:12002
	[3]	353NET/1.0 LSUPDATE
	[3]	TTL: 9
	[3]	Flood: 1;reason=3
	[3]	MessageID: :12012_48_1681076027.551937
	[3]	From: :12012
	[3]	OriginStartTime: 1681075952.653016
	[3]	Content-Length: 13
	[3]	
	[3]	:12004,:12002
[Sun Apr  9 2023 14:33:47.559147] i LSUPDATE :12002 9 1 13 :12002_39_1681076027.557171 1681076012.827266 :12002 :12004,:12012
[Sun Apr  9 2023 14:33:47.559158] r LSUPDATE :12004 9 1 13 :12002_27_1681076027.552196 1681076012.827266 :12002 :12004,:12012
	[3]	353NET/1.0 LSUPDATE
	[3]	TTL: 9
	[3]	Flood: 1;reason=3
	[3]	MessageID: :12002_39_1681076027.557171
	[3]	From: :12002
	[3]	OriginStartTime: 1681076012.827266
	[3]	Content-Length: 13
	[3]	
	[3]	:12004,:12012
[Sun Apr  9 2023 14:33:47.559410] i LSUPDATE :12002 8 1 13 :12004_47_1681076027.553104 1681075948.358973 :12004 :12012,:12002
	[3]	353NET/1.0 LSUPDATE
	[3]	TTL: 9
.0 LSUPDATE
[Sun Apr  9 2023 14:33:47.559479] r LSUPDATE :12004 9 1 13 :12004_51_1681076027.554469 1681075948.358973 :12004 :12012,:12002
	[3]	TTL: 9
	[3]	Flood: 1;reason=3
	[3]	MessageID: :12004_47_1681076027.553104
	[3]	From: :12004
	[3]	OriginStartTime: 1681075948.358973
	[3]	Content-Length: 13
	[3]	
	[3]	:12012,:12002
[Sun Apr  9 2023 14:33:47.559609] i LSUPDATE :12002 8 1 13 :12004_49_1681076027.553303 1681075948.358973 :12004 :12012,:12002
	[3]	353NET/1.0 LSUPDATE
	[3]	TTL: 9
	[3]	Flood: 1;reason=3
	[3]	MessageID: :12004_49_1681076027.553303
	[3]	From: :12004
	[3]	OriginStartTime: 1681075948.358973
	[3]	Content-Length: 13
	[3]	
	[3]	:12012,:12002
[Sun Apr  9 2023 14:33:47.559783] i LSUPDATE :12002 8 1 13 :12002_27_1681076027.552196 1681076012.827266 :12002 :12004,:12012
[Sun Apr  9 2023 14:33:47.559783] i LSUPDATE :12002 8 1 13 :12002_27_1681076027.552196 1681076012.827266 :12002 :12004,:12012
[Sun Apr  9 2023 14:33:47.559795] r LSUPDATE :12004 9 1 13 :12012_50_1681076027.553665 1681075952.653016 :12012 :12004,:12002
	[3]	353NET/1.0 LSUPDATE
	[3]	TTL: 9
	[3]	Flood: 1;reason=3
	[3]	MessageID: :12002_27_1681076027.552196
	[3]	From: :12002
	[3]	OriginStartTime: 1681076012.827266
	[3]	Content-Length: 13
	[3]	
	[3]	:12004,:12012
[Sun Apr  9 2023 14:33:47.559920] i LSUPDATE :12002 8 1 13 :12004_51_1681076027.554469 1681075948.358973 :12004 :12012,:12002
	[3]	353NET/1.0 LSUPDATE
	[3]	TTL: 9
	[3]	Flood: 1;reason=3
	[3]	MessageID: :12004_51_1681076027.554469
	[3]	From: :12004
	[3]	OriginStartTime: 1681075948.358973
	[3]	Content-Length: 13
	[3]	
	[3]	:12012,:12002
[Sun Apr  9 2023 14:33:47.559999] i LSUPDATE :12002 8 1 13 :12012_50_1681076027.553665 1681075952.653016 :12012 :12004,:12002
	[3]	353NET/1.0 LSUPDATE
	[3]	TTL: 9
	[3]	Flood: 1;reason=3
	[3]	MessageID: :12012_50_1681076027.553665
	[3]	From: :12012
012_50_1681076027.553665
[Sun Apr  9 2023 14:33:47.560021] r LSUPDATE :12004 9 1 13 :12004_43_1681076027.551621 1681075948.358973 :12004 :12012,:12002
	[3]	From: :12012
	[3]	OriginStartTime: 1681075952.653016
	[3]	Content-Length: 13
	[3]	
	[3]	:12004,:12002
[Sun Apr  9 2023 14:33:47.560260] r LSUPDATE :12004 9 1 13 :12002_29_1681076027.552517 1681076012.827266 :12002 :12004,:12012
[Sun Apr  9 2023 14:33:47.560307] r LSUPDATE :12012 9 1 13 :12002_30_1681076027.553146 1681076012.827266 :12002 :12004,:12012
[Sun Apr  9 2023 14:33:47.560332] i LSUPDATE :12002 8 1 13 :12002_29_1681076027.552517 1681076012.827266 :12002 :12004,:12012
	[3]	353NET/1.0 LSUPDATE
	[3]	TTL: 9
	[3]	Flood: 1;reason=3
	[3]	MessageID: :12002_29_1681076027.552517
	[3]	From: :12002
	[3]	OriginStartTime: 1681076012.827266
	[3]	Content-Length: 13
	[3]	
	[3]	:12004,:12012
[Sun Apr  9 2023 14:33:47.560545] r LSUPDATE :12004 9 1 13 :12012_52_1681076027.554523 1681075952.653016 :12012 :12004,:12002
[Sun Apr  9 2023 14:33:47.560629] i LSUPDATE :12002 8 1 13 :12012_52_1681076027.554523 1681075952.653016 :12012 :12004,:12002
[Sun Apr  9 2023 14:33:47.560681] i LSUPDATE :12002 8 1 13 :12002_30_1681076027.553146 1681076012.827266 :12002 :12004,:12012
	[2]	353NET/1.0 LSUPDATE
	[2]	TTL: 9
	[2]	Flood: 1;reason=3
	[2]	MessageID: :12002_30_1681076027.553146
	[2]	From: :12002
	[2]	OriginStartTime: 1681076012.827266
	[2]	OriginStartTime: 1681076012.827266
[Sun Apr  9 2023 14:33:47.560747] r LSUPDATE :12012 9 1 13 :12004_50_1681076027.554458 1681075948.358973 :12004 :12012,:12002
	[2]	Content-Length: 13
	[2]	
	[2]	:12004,:12012
[Sun Apr  9 2023 14:33:47.560805] i LSUPDATE :12002 8 1 13 :12004_50_1681076027.554458 1681075948.358973 :12004 :12012,:12002
	[2]	353NET/1.0 LSUPDATE
	[2]	TTL: 9
	[2]	Flood: 1;reason=3
	[2]	MessageID: :12004_50_1681076027.554458
	[2]	From: :12004
	[2]	OriginStartTime: 1681075948.358973
	[2]	Content-Length: 13
	[2]	
	[2]	:12012,:12002
	[3]	353NET/1.0 LSUPDATE
	[3]	TTL: 9
	[3]	Flood: 1;reason=3
	[3]	MessageID: :12012_52_1681076027.554523
	[3]	From: :12012
	[3]	OriginStartTime: 1681075952.653016
	[3]	Content-Length: 13
	[3]	
	[3]	:12004,:12002
[Sun Apr  9 2023 14:33:47.561135] r LSUPDATE :12012 9 1 13 :12002_32_1681076027.553726 1681076012.827266 :12002 :12004,:12012
[Sun Apr  9 2023 14:33:47.561450] r LSUPDATE :12012 9 1 13 :12012_47_1681076027.551647 1681075952.653016 :12012 :12004,:12002
[Sun Apr  9 2023 14:33:47.561718] r LSUPDATE :12012 9 1 13 :12002_34_1681076027.554058 1681076012.827266 :12002 :12004,:12012
[Sun Apr  9 2023 14:33:47.561778] i LSUPDATE :12002 8 1 13 :12002_32_1681076027.553726 1681076012.827266 :12002 :12004,:12012
	[2]	353NET/1.0 LSUPDATE
	[2]	TTL: 9
	[2]	Flood: 1;reason=3
	[2]	MessageID: :12002_32_1681076027.553726
	[2]	From: :12002
	[2]	OriginStartTime: 1681076012.827266
	[2]	Content-Length: 13
	[2]	
	[2]	:12004,:12012
[Sun Apr  9 2023 14:33:47.561974] i LSUPDATE :12002 8 1 13 :12002_34_1681076027.554058 1681076012.827266 :12002 :12004,:12012
	[2]	353NET/1.0 LSUPDATE
	[2]	TTL: 9
	[2]	Flood: 1;reason=3
	[2]	MessageID: :12002_34_1681076027.554058
	[2]	From: :12002
	[2]	OriginStartTime: 1681076012.827266
	[2]	Content-Length: 13
	[2]	
	[2]	:12004,:12012
[Sun Apr  9 2023 14:33:47.562185] r LSUPDATE :12004 9 1 13 :12002_31_1681076027.553227 1681076012.827266 :12002 :12004,:12012
[Sun Apr  9 2023 14:33:47.562323] r LSUPDATE :12012 9 1 13 :12002_36_1681076027.554444 1681076012.827266 :12002 :12004,:12012
[Sun Apr  9 2023 14:33:47.562377] i LSUPDATE :12002 8 1 13 :12002_31_1681076027.553227 1681076012.827266 :12002 :12004,:12012
[Sun Apr  9 2023 14:33:47.562459] r LSUPDATE :12004 9 1 13 :12002_33_1681076027.553745 1681076012.827266 :12002 :12004,:12012
	[3]	353NET/1.0 LSUPDATE
	[3]	TTL: 9
	[3]	Flood: 1;reason=3
	[3]	MessageID: :12002_31_1681076027.553227
	[3]	From: :12002
	[3]	OriginStartTime: 1681076012.827266
	[3]	Content-Length: 13
	[3]	
	[3]	:12004,:12012
[Sun Apr  9 2023 14:33:47.562637] i LSUPDATE :12002 8 1 13 :12002_33_1681076027.553745 1681076012.827266 :12002 :12004,:12012
[Sun Apr  9 2023 14:33:47.562744] r LSUPDATE :12004 9 1 13 :12002_35_1681076027.554067 1681076012.827266 :12002 :12004,:12012
[Sun Apr  9 2023 14:33:47.562777] r LSUPDATE :12012 9 1 13 :12012_49_1681076027.551946 1681075952.653016 :12012 :12004,:12002
	[3]	353NET/1.0 LSUPDATE
	[3]	TTL: 9
	[3]	Flood: 1;reason=3
	[3]	MessageID: :12002_33_1681076027.553745
	[3]	From: :12002
	[3]	OriginStartTime: 1681076012.827266
	[3]	Content-Length: 13
	[3]	
	[3]	:12004,:12012
[Sun Apr  9 2023 14:33:47.562957] i LSUPDATE :12002 8 1 13 :12002_35_1681076027.554067 1681076012.827266 :12002 :12004,:12012
	[3]	353NET/1.0 LSUPDATE
	[3]	TTL: 9
	[3]	Flood: 1;reason=3
	[3]	MessageID: :12002_35_1681076027.554067
	[3]	From: :12002
	[3]	OriginStartTime: 1681076012.827266
	[3]	Content-Length: 13
	[3]	
ntent-Length: 13
[Sun Apr  9 2023 14:33:47.563111] r LSUPDATE :12004 9 1 13 :12002_37_1681076027.554460 1681076012.827266 :12002 :12004,:12012
	[3]	
	[3]	:12004,:12012
[Sun Apr  9 2023 14:33:47.563178] i LSUPDATE :12002 8 1 13 :12002_37_1681076027.554460 1681076012.827266 :12002 :12004,:12012
[Sun Apr  9 2023 14:33:47.563289] r LSUPDATE :12012 9 1 13 :12012_51_1681076027.553676 1681075952.653016 :12012 :12004,:12002
	[3]	353NET/1.0 LSUPDATE
	[3]	TTL: 9
	[3]	Flood: 1;reason=3
	[3]	MessageID: :12002_37_1681076027.554460
	[3]	From: :12002
	[3]	OriginStartTime: 1681076012.827266
	[3]	Content-Length: 13
	[3]	
	[3]	:12004,:12012
023 14:33:47.563398] r LSUPDATE :12004 9 1 13 :12004_45_1681076027.552121 1681075948.358973 :12004 :12012,:12002
	[3]	:12004,:12012
[Sun Apr  9 2023 14:33:47.563608] r LSUPDATE :12004 9 1 13 :12002_39_1681076027.557171 1681076012.827266 :12002 :12004,:12012
[Sun Apr  9 2023 14:33:47.563742] i LSUPDATE :12002 8 1 13 :12002_39_1681076027.557171 1681076012.827266 :12002 :12004,:12012
	[3]	353NET/1.0 LSUPDATE
	[3]	TTL: 9
	[3]	Flood: 1;reason=3
	[3]	MessageID: :12002_39_1681076027.557171
	[3]	From: :12002
	[3]	OriginStartTime: 1681076012.827266
	[3]	Content-Length: 13
	[3]	
	[3]	:12004,:12012
	[3]	:12004,:12012
[Sun Apr  9 2023 14:33:47.563859] r LSUPDATE :12004 9 1 13 :12004_47_1681076027.553104 1681075948.358973 :12004 :12012,:12002
[Sun Apr  9 2023 14:33:47.564031] r LSUPDATE :12004 9 1 13 :12004_49_1681076027.553303 1681075948.358973 :12004 :12012,:12002
[Sun Apr  9 2023 14:33:47.564176] r LSUPDATE :12004 9 1 13 :12004_51_1681076027.554469 1681075948.358973 :12004 :12012,:12002
[Sun Apr  9 2023 14:33:47.564183] i LSUPDATE :12002 8 1 13 :12002_36_1681076027.554444 1681076012.827266 :12002 :12004,:12012
	[2]	353NET/1.0 LSUPDATE
	[2]	TTL: 9
	[2]	Flood: 1;reason=3
	[2]	MessageID: :12002_36_1681076027.554444
	[2]	From: :12002
	[2]	OriginStartTime: 1681076012.827266
	[2]	Content-Length: 13
	[2]	
	[2]	:12004,:12012
[Sun Apr  9 2023 14:33:47.564341] r LSUPDATE :12012 9 1 13 :12012_53_1681076027.554532 1681075952.653016 :12012 :12004,:12002
[Sun Apr  9 2023 14:33:47.564578] r LSUPDATE :12012 9 1 13 :12002_38_1681076027.557155 1681076012.827266 :12002 :12004,:12012
[Sun Apr  9 2023 14:33:47.564788] i LSUPDATE :12002 8 1 13 :12002_38_1681076027.557155 1681076012.827266 :12002 :12004,:12012
	[2]	353NET/1.0 LSUPDATE
	[2]	TTL: 9
	[2]	Flood: 1;reason=3
	[2]	MessageID: :12002_38_1681076027.557155
	[2]	From: :12002
	[2]	OriginStartTime: 1681076012.827266
	[2]	Content-Length: 13
	[2]	
	[2]	:12004,:12012
[Sun Apr  9 2023 14:33:59.944095] r LSUPDATE :12004 9 1 13 :12004_53_1681076039.943413 1681075948.358973 :12004 :12012,:12002
[Sun Apr  9 2023 14:33:59.944113] r LSUPDATE :12012 9 1 6 :12012_54_1681076039.943321 1681075952.653016 :12012 :12002
[Sun Apr  9 2023 14:33:59.944332] i LSUPDATE :12002 8 1 13 :12004_53_1681076039.943413 1681075948.358973 :12004 :12012,:12002
	[3]	353NET/1.0 LSUPDATE
	[3]	TTL: 9
	[3]	Flood: 1;reason=2
	[3]	MessageID: :12004_53_1681076039.943413
	[3]	From: :12004
	[3]	OriginStartTime: 1681075948.358973
	[3]	Content-Length: 13
[Sun Apr  9 2023 14:33:59.944478] i LSUPDATE :12002 9 1 13 :12002_40_1681076039.944358 1681076012.827266 :12002 :12004,:12012
	[3]	
	[3]	:12012,:12002
33:59.944478] i LSUPDATE :12002 9 1 13 :12002_40_1681076039.944358 1681076012.827266 :12002 :12004,:12012
	[3]	:12012,:12002
[Sun Apr  9 2023 14:33:59.944565] i LSUPDATE :12002 9 1 13 :12002_41_1681076039.944441 1681076012.827266 :12002 :12004,:12012
	[3]	353NET/1.0 LSUPDATE
	[3]	TTL: 9
	[3]	Flood: 1;reason=3
	[3]	MessageID: :12002_41_1681076039.944441
	[3]	From: :12002
	[3]	OriginStartTime: 1681076012.827266
	[3]	Content-Length: 13
	[3]	
	[3]	:12004,:12012
[Sun Apr  9 2023 14:33:59.944683] i LSUPDATE :12002 9 1 13 :12002_43_1681076039.944625 1681076012.827266 :12002 :12004,:12012
	[3]	353NET/1.0 LSUPDATE
	[3]	TTL: 9
	[2]	353NET/1.0 LSUPDATE
	[3]	Flood: 1;reason=3
	[3]	MessageID: :12002_43_	[3]	MessageID: :12002_43_1681076039.944625
	[2]	TTL: 9
	[3]	From: :12002
	[2]	Flood: 1;reason=3
	[3]	OriginStartTime: 16810760126039.9443	[2]	MessageID: :12002_40_1681076039.944358
	[2]	From: :12002
: 13
	[2]	From: :12002
	[2]	Or	[2]	OriginStartTime: 1681076012.827266
	[2]	Content-Length:	[2]	Content-Length: 13
	[2]	
	[2]	:12004,:12012
[Sun Apr  9 2023 14:33:59.944848] i LSUPDATE :12002 9 1 13 :12002_45_1681076039.944652 1681076012.827266 :12002 :12004,:12012
	[3]	353NET/1.0 LSUPDATE
[Sun Apr  9 2023 14:33:59.944867] i LSUPDATE :12002 8 1 6 :12012_54_1681076039.943321 1681075952.653016 :12012 :12002
[Sun Apr  9 2023 14:33:59.944867] i LSUPDATE :12002 8 1 6 :12012_54_1681076039.943321 1681075952.653016 :12012 :12002
	[3]	TTL: 9
	[3]	Flood: 1;reason=2
	[3]	MessageID: :12002_45_1681076039.944652
	[3]	From: :12002
	[3]	OriginStartTime: 1681076012.827266
	[3]	Content-Length: 13
	[3]	
	[3]	:12004,:12012
	[2]	353NET/1.0 LSUPDATE
	[2]	TTL: 9
	[2]	Flood: 1;reason=2
[Sun Apr  9 2023 14:33:59.944953] Socket-writing thread has terminated
[Sun Apr  9 2023 14:33:59.944953] Socket-writing thread has terminated
	[2]	MessageID: :12012_54_1681076039.943321
	[2]	From: :12012
	[2]	OriginStartTime: 1681075952.653016
	[2]	Content-Length: 6
	[2]	
	[2]	:12002
[Sun Apr  9 2023 14:33:59.944998] i LSUPDATE :12002 9 1 13 :12002_42_1681076039.944607 1681076012.827266 :12002 :12004,:12012
	[2]	353NET/1.0 LSUPDATE
	[2]	TTL: 9
	[2]	Flood: 1;reason=3
	[2]	MessageID: :12002_42_1681076039.944607
	[2]	From: :12002
	[2]	OriginStartTime: 1681076012.827266
	[2]	Content-Length: 13
	[2]	
	[2]	:12004,:12012
[Sun Apr  9 2023 14:33:59.945176] i LSUPDATE :12002 9 1 13 :12002_44_1681076039.944646 1681076012.827266 :12002 :12004,:12012
	[2]	353NET/1.0 LSUPDATE
	[2]	TTL: 9
	[2]	Flood: 1;reason=2
	[2]	MessageID: :12002_44_1681076039.944646
	[2]	From: :12002
	[2]	OriginStartTime: 1681076012.827266
	[2]	Content-Length: 13
1076012.827266
[Sun Apr  9 2023 14:33:59.945248] Socket-reading thread has joined with socket-writing thread
	[2]	Content-Length: 13
	[2]	
	[2]	:12004,:12012
[Sun Apr  9 2023 14:33:59.996066] r LSUPDATE :12004 9 1 6 :12004_54_1681076039.945235 1681075948.358973 :12004 :12002
[Sun Apr  9 2023 14:33:59.996517] i LSUPDATE :12002 9 1 6 :12002_46_1681076039.996301 1681076012.827266 :12002 :12004
[Sun Apr  9 2023 14:33:59.996517] i LSUPDATE :12002 9 1 6 :12002_46_1681076039.996301 1681076012.827266 :12002 :12004
[Sun Apr  9 2023 14:33:59.996548] r LSUPDATE :12004 9 1 6 :12004_55_1681076039.946029 1681075948.358973 :12004 :12002
	[2]	353NET/1.0 LSUPDATE
	[2]	TTL: 9
	[2]	Flood: 1;reason=3
	[2]	MessageID: :12002_46_1681076039.996301
	[2]	From: :12002
	[2]	OriginStartTime: 1681076012.827266
	[2]	Content-Length: 6
	[2]	
	[2]	:12004
[Sun Apr  9 2023 14:33:59.997146] r LSUPDATE :12004 9 1 6 :12004_56_1681076039.946356 1681075948.358973 :12004 :12002
[Sun Apr  9 2023 14:33:59.997894] r LSUPDATE :12004 9 1 6 :12004_57_1681076039.997241 1681075948.358973 :12004 :12002
[Sun Apr  9 2023 14:34:01.869895] i LSUPDATE :12002 9 1 6 :12002_47_1681076041.869650 1681076012.827266 :12002 :12004
	[2]	353NET/1.0 LSUPDATE
	[2]	TTL: 9
	[2]	Flood: 1;reason=2
	[2]	MessageID: :12002_47_1681076041.869650
	[2]	From: :12002
	[2]	OriginStartTime: 1681076012.827266
	[2]	Content-Length: 6
	[2]	
	[2]	:12004
[Sun Apr  9 2023 14:34:01.870189] Socket-writing thread has terminated
[Sun Apr  9 2023 14:34:01.870607] Socket-reading thread has joined with socket-writing thread
[Sun Apr  9 2023 14:34:05.850590] Reaper has joined with connection thread.
[Sun Apr  9 2023 14:34:08.833647] STOP: port=12002
