[Sun Apr  9 2023 14:32:16.985620] START: port=12000, rootdir=lab10data
[Sun Apr  9 2023 14:32:22.918595] CONNECT[1]: 127.0.0.1:12000
[Sun Apr  9 2023 14:32:22.919198] r SAYHELLO :12002 1 - 0
[Sun Apr  9 2023 14:32:22.919740] i SAYHELLO :12000 1 - 0
	[1]	353NET/1.0 SAYHELLO
	[1]	TTL: 9
	[1]	Flood: 0
	[1]	From: :12000
	[1]	Content-Length: 0
 	[1]	
[Sun Apr  9 2023 14:32:22.920180] i LSUPDATE :12000 9 1 6 :12000_2_1681075942.919466 1681075942.919464 :12000 :12002
	[1]	353NET/1.0 LSUPDATE
	[1]	TTL: 9
	[1]	Flood: 1;reason=1
	[1]	MessageID: :12000_2_1681075942.919466
	[1]	From: :12000
	[1]	OriginStartTime: 1681075942.919464
	[1]	Content-Length: 6
	[1]	
	[1]	:12002
[Sun Apr  9 2023 14:32:22.921499] r LSUPDATE :12002 9 1 6 :12002_2_1681075942.920780 1681075942.920771 :12002 :12000
[Sun Apr  9 2023 14:32:22.921764] i LSUPDATE :12000 9 1 6 :12000_3_1681075942.921576 1681075942.919464 :12000 :12002
[Sun Apr  9 2023 14:32:22.921764] i LSUPDATE :12000 9 1 6 :12000_3_1681075942.921576 1681075942.919464 :12000 :12002
[Sun Apr  9 2023 14:32:22.921813] r LSUPDATE :12002 9 1 6 :12002_3_1681075942.921114 1681075942.920771 :12002 :12000
	[1]	353NET/1.0 LSUPDATE
	[1]	TTL: 9
	[1]	Flood: 1;reason=3
	[1]	MessageID: :12000_3_1681075942.921576
	[1]	From: :12000
	[1]	OriginStartTime: 1681075942.919464
	[1]	Content-Length: 6
	[1]	
	[1]	:12002
[Sun Apr  9 2023 14:32:28.359083] r LSUPDATE :12002 9 1 13 :12002_4_1681075948.358246 1681075942.920771 :12002 :12000,:12004
[Sun Apr  9 2023 14:32:28.360646] r LSUPDATE :12002 9 1 6 :12004_2_1681075948.358974 1681075948.358973 :12004 :12002
[Sun Apr  9 2023 14:32:28.360863] i LSUPDATE :12000 9 1 6 :12000_4_1681075948.360717 1681075942.919464 :12000 :12002
	[1]	353NET/1.0 LSUPDATE
	[1]	TTL: 9
	[1]	Flood: 1;reason=3
	[1]	MessageID: :12000_4_1681075948.360717
	[1]	From: :12000
	[1]	OriginStartTime: 1681075942.919464
	[1]	Content-Length: 6
	[1]	
	[1]	:12002
[Sun Apr  9 2023 14:32:28.361510] r LSUPDATE :12002 9 1 13 :12002_6_1681075948.360015 1681075942.920771 :12002 :12000,:12004
[Sun Apr  9 2023 14:32:28.361743] r LSUPDATE :12002 9 1 6 :12004_3_1681075948.359369 1681075948.358973 :12004 :12002
[Sun Apr  9 2023 14:32:28.364105] r LSUPDATE :12002 9 1 6 :12004_4_1681075948.362345 1681075948.358973 :12004 :12002
[Sun Apr  9 2023 14:32:32.653110] r LSUPDATE :12002 9 1 20 :12002_8_1681075952.652492 1681075942.920771 :12002 :12000,:12004,:12012
[Sun Apr  9 2023 14:32:32.654231] r LSUPDATE :12002 9 1 13 :12004_5_1681075952.652525 1681075948.358973 :12004 :12002,:12012
[Sun Apr  9 2023 14:32:32.654557] r LSUPDATE :12002 9 1 13 :12012_2_1681075952.653017 1681075952.653016 :12012 :12002,:12004
[Sun Apr  9 2023 14:32:32.654862] r LSUPDATE :12002 9 1 20 :12002_11_1681075952.653633 1681075942.920771 :12002 :12000,:12004,:12012
[Sun Apr  9 2023 14:32:32.655150] r LSUPDATE :12002 9 1 13 :12012_4_1681075952.653524 1681075952.653016 :12012 :12002,:12004
[Sun Apr  9 2023 14:32:32.655516] r LSUPDATE :12002 9 1 13 :12012_3_1681075952.653042 1681075952.653016 :12012 :12002,:12004
[Sun Apr  9 2023 14:32:32.655916] r LSUPDATE :12002 9 1 13 :12004_7_1681075952.654144 1681075948.358973 :12004 :12002,:12012
[Sun Apr  9 2023 14:32:32.655932] i LSUPDATE :12000 9 1 6 :12000_5_1681075952.654613 1681075942.919464 :12000 :12002
	[1]	353NET/1.0 LSUPDATE
	[1]	TTL: 9
	[1]	Flood: 1;reason=3
	[1]	MessageID: :12000_5_1681075952.654613
	[1]	From: :12000
	[1]	OriginStartTime: 1681075942.919464
	[1]	Content-Length: 6
	[1]	
	[1]	:12002
[Sun Apr  9 2023 14:32:32.656452] r LSUPDATE :12002 9 1 13 :12012_6_1681075952.654117 1681075952.653016 :12012 :12002,:12004
[Sun Apr  9 2023 14:32:32.656910] r LSUPDATE :12002 9 1 20 :12002_10_1681075952.652668 1681075942.920771 :12002 :12000,:12004,:12012
[Sun Apr  9 2023 14:32:32.657214] r LSUPDATE :12002 9 1 20 :12002_14_1681075952.655666 1681075942.920771 :12002 :12000,:12004,:12012
[Sun Apr  9 2023 14:32:32.657597] r LSUPDATE :12002 9 1 13 :12012_8_1681075952.654333 1681075952.653016 :12012 :12002,:12004
[Sun Apr  9 2023 14:32:32.657906] r LSUPDATE :12002 9 1 13 :12004_6_1681075952.652627 1681075948.358973 :12004 :12002,:12012
[Sun Apr  9 2023 14:32:32.658215] r LSUPDATE :12002 9 1 13 :12012_5_1681075952.653544 1681075952.653016 :12012 :12002,:12004
[Sun Apr  9 2023 14:32:32.658503] r LSUPDATE :12002 9 1 20 :12002_9_1681075952.652583 1681075942.920771 :12002 :12000,:12004,:12012
[Sun Apr  9 2023 14:32:32.661012] r LSUPDATE :12002 9 1 13 :12004_9_1681075952.655746 1681075948.358973 :12004 :12002,:12012
[Sun Apr  9 2023 14:32:32.661316] r LSUPDATE :12002 9 1 13 :12012_10_1681075952.655429 1681075952.653016 :12012 :12002,:12004
[Sun Apr  9 2023 14:32:32.661576] r LSUPDATE :12002 9 1 13 :12012_7_1681075952.654139 1681075952.653016 :12012 :12002,:12004
[Sun Apr  9 2023 14:32:32.661836] r LSUPDATE :12002 9 1 13 :12004_8_1681075952.654422 1681075948.358973 :12004 :12002,:12012
[Sun Apr  9 2023 14:32:32.662279] r LSUPDATE :12002 9 1 13 :12012_9_1681075952.654350 1681075952.653016 :12012 :12002,:12004
[Sun Apr  9 2023 14:32:32.662829] r LSUPDATE :12002 9 1 20 :12002_13_1681075952.653653 1681075942.920771 :12002 :12000,:12004,:12012
[Sun Apr  9 2023 14:32:32.663115] r LSUPDATE :12002 9 1 13 :12012_11_1681075952.655440 1681075952.653016 :12012 :12002,:12004
[Sun Apr  9 2023 14:32:32.705991] r LSUPDATE :12002 9 1 20 :12002_16_1681075952.655694 1681075942.920771 :12002 :12000,:12004,:12012
[Sun Apr  9 2023 14:32:32.706446] r LSUPDATE :12002 9 1 13 :12012_13_1681075952.658312 1681075952.653016 :12012 :12002,:12004
[Sun Apr  9 2023 14:32:32.706738] r LSUPDATE :12002 9 1 13 :12004_10_1681075952.655761 1681075948.358973 :12004 :12002,:12012
[Sun Apr  9 2023 14:32:32.707023] r LSUPDATE :12002 9 1 13 :12012_12_1681075952.658302 1681075952.653016 :12012 :12002,:12004
[Sun Apr  9 2023 14:32:32.707306] r LSUPDATE :12002 9 1 20 :12002_12_1681075952.653646 1681075942.920771 :12002 :12000,:12004,:12012
[Sun Apr  9 2023 14:32:32.707702] r LSUPDATE :12002 9 1 20 :12002_15_1681075952.655677 1681075942.920771 :12002 :12000,:12004,:12012
[Sun Apr  9 2023 14:32:53.705408] i LSUPDATE :12000 9 1 6 :12000_6_1681075973.705219 1681075942.919464 :12000 :12002
	[1]	353NET/1.0 LSUPDATE
	[1]	TTL: 9
	[1]	Flood: 1;reason=2
	[1]	MessageID: :12000_6_1681075973.705219
	[1]	From: :12000
	[1]	OriginStartTime: 1681075942.919464
	[1]	Content-Length: 6
	[1]	
	[1]	:12002
[Sun Apr  9 2023 14:32:53.705814] Socket-writing thread has terminated
[Sun Apr  9 2023 14:32:53.705985] Socket-reading thread has joined with socket-writing thread
[Sun Apr  9 2023 14:33:16.458738] CONNECT[2]: 127.0.0.1:12000
[Sun Apr  9 2023 14:33:16.460435] r SAYHELLO :12002 1 - 0
[Sun Apr  9 2023 14:33:16.460640] i SAYHELLO :12000 1 - 0
	[2]	353NET/1.0 SAYHELLO
	[2]	TTL: 9
	[2]	Flood: 0
	[2]	From: :12000
	[2]	Content-Length: 0
 	[2]	
[Sun Apr  9 2023 14:33:16.461026] i LSUPDATE :12000 9 1 6 :12000_7_1681075996.460605 1681075942.919464 :12000 :12002
	[2]	353NET/1.0 LSUPDATE
	[2]	TTL: 9
	[2]	Flood: 1;reason=1
	[2]	MessageID: :12000_7_1681075996.460605
	[2]	From: :12000
	[2]	OriginStartTime: 1681075942.919464
	[2]	Content-Length: 6
	[2]	
	[2]	:12002
[Sun Apr  9 2023 14:33:16.461667] r LSUPDATE :12002 9 1 20 :12002_2_1681075996.461137 1681075996.461136 :12002 :12000,:12004,:12012
[Sun Apr  9 2023 14:33:16.461983] r LSUPDATE :12002 9 1 20 :12002_5_1681075996.461353 1681075996.461136 :12002 :12000,:12004,:12012
[Sun Apr  9 2023 14:33:16.462283] r LSUPDATE :12002 9 1 20 :12002_8_1681075996.461562 1681075996.461136 :12002 :12000,:12004,:12012
[Sun Apr  9 2023 14:33:16.462546] r LSUPDATE :12002 9 1 13 :12004_22_1681075996.460873 1681075948.358973 :12004 :12012,:12002
[Sun Apr  9 2023 14:33:16.462597] i LSUPDATE :12000 9 1 6 :12000_8_1681075996.461736 1681075942.919464 :12000 :12002
[Sun Apr  9 2023 14:33:16.462881] r LSUPDATE :12002 9 1 20 :12002_11_1681075996.461941 1681075996.461136 :12002 :12000,:12004,:12012
[Sun Apr  9 2023 14:33:16.463163] r LSUPDATE :12002 9 1 20 :12002_14_1681075996.462576 1681075996.461136 :12002 :12000,:12004,:12012
	[2]	353NET/1.0 LSUPDATE
	[2]	TTL: 9
	[2]	Flood: 1;reason=3
	[2]	MessageID: :12000_8_1681075996.461736
	[2]	From: :12000
	[2]	OriginStartTime: 1681075942.919464
	[2]	Content-Length: 6
	[2]	
	[2]	:12002
[Sun Apr  9 2023 14:33:16.463653] i LSUPDATE :12000 9 1 6 :12000_9_1681075996.462606 1681075942.919464 :12000 :12002
	[2]	353NET/1.0 LSUPDATE
	[2]	TTL: 9
	[2]	Flood: 1;reason=3
	[2]	MessageID: :12000_9_1681075996.462606
	[2]	From: :12000
	[2]	OriginStartTime: 1681075942.919464
	[2]	Content-Length: 6
	[2]	
	[2]	:12002
[Sun Apr  9 2023 14:33:16.466008] r LSUPDATE :12002 9 1 13 :12004_24_1681075996.461804 1681075948.358973 :12004 :12012,:12002
[Sun Apr  9 2023 14:33:16.466953] r LSUPDATE :12002 9 1 13 :12004_26_1681075996.462442 1681075948.358973 :12004 :12012,:12002
[Sun Apr  9 2023 14:33:16.467225] r LSUPDATE :12002 9 1 13 :12012_26_1681075996.461708 1681075952.653016 :12012 :12004,:12002
[Sun Apr  9 2023 14:33:16.467332] i LSUPDATE :12000 9 1 6 :12000_10_1681075996.467262 1681075942.919464 :12000 :12002
	[2]	353NET/1.0 LSUPDATE
	[2]	TTL: 9
	[2]	Flood: 1;reason=3
	[2]	MessageID: :12000_10_1681075996.467262
	[2]	From: :12000
	[2]	OriginStartTime: 1681075942.919464
	[2]	Content-Length: 6
	[2]	
	[2]	:12002
[Sun Apr  9 2023 14:33:16.467751] r LSUPDATE :12002 9 1 20 :12002_17_1681075996.466209 1681075996.461136 :12002 :12000,:12004,:12012
[Sun Apr  9 2023 14:33:16.468027] r LSUPDATE :12002 9 1 20 :12002_4_1681075996.461181 1681075996.461136 :12002 :12000,:12004,:12012
[Sun Apr  9 2023 14:33:16.468270] r LSUPDATE :12002 9 1 20 :12002_20_1681075996.466493 1681075996.461136 :12002 :12000,:12004,:12012
[Sun Apr  9 2023 14:33:16.468512] r LSUPDATE :12002 9 1 13 :12012_28_1681075996.462105 1681075952.653016 :12012 :12004,:12002
[Sun Apr  9 2023 14:33:16.469857] r LSUPDATE :12002 9 1 20 :12002_7_1681075996.461383 1681075996.461136 :12002 :12000,:12004,:12012
[Sun Apr  9 2023 14:33:16.470178] r LSUPDATE :12002 9 1 13 :12012_30_1681075996.463968 1681075952.653016 :12012 :12004,:12002
[Sun Apr  9 2023 14:33:16.470960] r LSUPDATE :12002 9 1 20 :12002_10_1681075996.461578 1681075996.461136 :12002 :12000,:12004,:12012
[Sun Apr  9 2023 14:33:16.476076] r LSUPDATE :12002 9 1 20 :12002_13_1681075996.461959 1681075996.461136 :12002 :12000,:12004,:12012
[Sun Apr  9 2023 14:33:16.477015] r LSUPDATE :12002 9 1 20 :12002_16_1681075996.462620 1681075996.461136 :12002 :12000,:12004,:12012
[Sun Apr  9 2023 14:33:16.477659] r LSUPDATE :12002 9 1 20 :12002_19_1681075996.466232 1681075996.461136 :12002 :12000,:12004,:12012
[Sun Apr  9 2023 14:33:16.477873] r LSUPDATE :12002 9 1 20 :12002_22_1681075996.466516 1681075996.461136 :12002 :12000,:12004,:12012
[Sun Apr  9 2023 14:33:16.485497] i LSUPDATE :12000 9 1 6 :12000_11_1681075996.485363 1681075942.919464 :12000 :12002
	[2]	353NET/1.0 LSUPDATE
	[2]	TTL: 9
	[2]	Flood: 1;reason=2
	[2]	MessageID: :12000_11_1681075996.485363
	[2]	From: :12000
	[2]	OriginStartTime: 1681075942.919464
	[2]	Content-Length: 6
	[2]	
	[2]	:12002
[Sun Apr  9 2023 14:33:16.485708] Socket-writing thread has terminated
[Sun Apr  9 2023 14:33:16.485861] Socket-reading thread has joined with socket-writing thread
[Sun Apr  9 2023 14:33:32.824838] CONNECT[3]: 127.0.0.1:12000
[Sun Apr  9 2023 14:33:32.826501] r SAYHELLO :12002 1 - 0
[Sun Apr  9 2023 14:33:32.826730] i SAYHELLO :12000 1 - 0
	[3]	353NET/1.0 SAYHELLO
	[3]	TTL: 9
	[3]	Flood: 0
	[3]	From: :12000
	[3]	Content-Length: 0
 	[3]	
[Sun Apr  9 2023 14:33:32.827053] i LSUPDATE :12000 9 1 6 :12000_12_1681076012.826681 1681075942.919464 :12000 :12002
	[3]	353NET/1.0 LSUPDATE
	[3]	TTL: 9
	[3]	Flood: 1;reason=1
	[3]	MessageID: :12000_12_1681076012.826681
	[3]	From: :12000
	[3]	OriginStartTime: 1681075942.919464
	[3]	Content-Length: 6
	[3]	
	[3]	:12002
[Sun Apr  9 2023 14:33:32.827773] r LSUPDATE :12002 9 1 20 :12002_2_1681076012.827267 1681076012.827266 :12002 :12000,:12004,:12012
[Sun Apr  9 2023 14:33:32.827957] i LSUPDATE :12000 9 1 6 :12000_13_1681076012.827850 1681075942.919464 :12000 :12002
[Sun Apr  9 2023 14:33:32.828138] r LSUPDATE :12002 9 1 20 :12002_5_1681076012.827704 1681076012.827266 :12002 :12000,:12004,:12012
	[3]	353NET/1.0 LSUPDATE
	[3]	TTL: 9
	[3]	Flood: 1;reason=3
	[3]	MessageID: :12000_13_1681076012.827850
	[3]	From: :12000
	[3]	OriginStartTime: 1681075942.919464
	[3]	Content-Length: 6
	[3]	
	[3]	:12002
[Sun Apr  9 2023 14:33:32.828856] r LSUPDATE :12002 9 1 20 :12002_8_1681076012.828099 1681076012.827266 :12002 :12000,:12004,:12012
[Sun Apr  9 2023 14:33:32.829180] r LSUPDATE :12002 9 1 20 :12002_11_1681076012.828470 1681076012.827266 :12002 :12000,:12004,:12012
[Sun Apr  9 2023 14:33:32.829712] r LSUPDATE :12002 9 1 13 :12004_33_1681076012.827422 1681075948.358973 :12004 :12012,:12002
[Sun Apr  9 2023 14:33:32.830028] r LSUPDATE :12002 9 1 20 :12002_14_1681076012.828882 1681076012.827266 :12002 :12000,:12004,:12012
[Sun Apr  9 2023 14:33:32.830298] r LSUPDATE :12002 9 1 13 :12012_36_1681076012.827502 1681075952.653016 :12012 :12004,:12002
[Sun Apr  9 2023 14:33:32.830586] r LSUPDATE :12002 9 1 20 :12002_17_1681076012.829715 1681076012.827266 :12002 :12000,:12004,:12012
[Sun Apr  9 2023 14:33:32.830869] r LSUPDATE :12002 9 1 13 :12012_37_1681076012.827519 1681075952.653016 :12012 :12004,:12002
[Sun Apr  9 2023 14:33:32.831175] r LSUPDATE :12002 9 1 13 :12012_39_1681076012.828265 1681075952.653016 :12012 :12004,:12002
[Sun Apr  9 2023 14:33:32.831452] r LSUPDATE :12002 9 1 13 :12004_35_1681076012.828525 1681075948.358973 :12004 :12012,:12002
[Sun Apr  9 2023 14:33:32.831736] r LSUPDATE :12002 9 1 13 :12004_32_1681076012.827247 1681075948.358973 :12004 :12012,:12002
[Sun Apr  9 2023 14:33:32.832017] r LSUPDATE :12002 9 1 13 :12004_37_1681076012.829021 1681075948.358973 :12004 :12012,:12002
[Sun Apr  9 2023 14:33:32.832755] r LSUPDATE :12002 9 1 13 :12012_41_1681076012.829383 1681075952.653016 :12012 :12004,:12002
[Sun Apr  9 2023 14:33:32.833037] r LSUPDATE :12002 9 1 20 :12002_4_1681076012.827316 1681076012.827266 :12002 :12000,:12004,:12012
[Sun Apr  9 2023 14:33:32.833346] r LSUPDATE :12002 9 1 20 :12002_20_1681076012.831630 1681076012.827266 :12002 :12000,:12004,:12012
[Sun Apr  9 2023 14:33:32.833621] r LSUPDATE :12002 9 1 20 :12002_3_1681076012.827300 1681076012.827266 :12002 :12000,:12004,:12012
[Sun Apr  9 2023 14:33:32.833889] r LSUPDATE :12002 9 1 13 :12012_38_1681076012.828254 1681075952.653016 :12012 :12004,:12002
[Sun Apr  9 2023 14:33:32.834184] r LSUPDATE :12002 9 1 13 :12004_34_1681076012.828509 1681075948.358973 :12004 :12012,:12002
[Sun Apr  9 2023 14:33:32.834480] r LSUPDATE :12002 9 1 13 :12012_40_1681076012.829369 1681075952.653016 :12012 :12004,:12002
[Sun Apr  9 2023 14:33:32.834749] r LSUPDATE :12002 9 1 20 :12002_7_1681076012.827722 1681076012.827266 :12002 :12000,:12004,:12012
[Sun Apr  9 2023 14:33:32.835045] r LSUPDATE :12002 9 1 20 :12002_10_1681076012.828440 1681076012.827266 :12002 :12000,:12004,:12012
[Sun Apr  9 2023 14:33:32.835322] r LSUPDATE :12002 9 1 13 :12004_36_1681076012.829009 1681075948.358973 :12004 :12012,:12002
[Sun Apr  9 2023 14:33:32.835635] r LSUPDATE :12002 9 1 20 :12002_6_1681076012.827715 1681076012.827266 :12002 :12000,:12004,:12012
[Sun Apr  9 2023 14:33:32.835934] r LSUPDATE :12002 9 1 20 :12002_13_1681076012.828511 1681076012.827266 :12002 :12000,:12004,:12012
[Sun Apr  9 2023 14:33:32.837307] r LSUPDATE :12002 9 1 13 :12004_39_1681076012.833488 1681075948.358973 :12004 :12012,:12002
[Sun Apr  9 2023 14:33:32.840104] r LSUPDATE :12002 9 1 20 :12002_9_1681076012.828416 1681076012.827266 :12002 :12000,:12004,:12012
[Sun Apr  9 2023 14:33:32.840719] r LSUPDATE :12002 9 1 20 :12002_12_1681076012.828503 1681076012.827266 :12002 :12000,:12004,:12012
[Sun Apr  9 2023 14:33:32.841082] r LSUPDATE :12002 9 1 13 :12012_43_1681076012.833183 1681075952.653016 :12012 :12004,:12002
[Sun Apr  9 2023 14:33:32.841613] r LSUPDATE :12002 9 1 20 :12002_15_1681076012.828892 1681076012.827266 :12002 :12000,:12004,:12012
[Sun Apr  9 2023 14:33:32.841831] r LSUPDATE :12002 9 1 20 :12002_18_1681076012.829726 1681076012.827266 :12002 :12000,:12004,:12012
[Sun Apr  9 2023 14:33:32.885894] r LSUPDATE :12002 9 1 13 :12004_38_1681076012.833478 1681075948.358973 :12004 :12012,:12002
[Sun Apr  9 2023 14:33:32.886388] r LSUPDATE :12002 9 1 20 :12002_16_1681076012.828908 1681076012.827266 :12002 :12000,:12004,:12012
[Sun Apr  9 2023 14:33:32.886814] r LSUPDATE :12002 9 1 13 :12012_42_1681076012.833171 1681075952.653016 :12012 :12004,:12002
[Sun Apr  9 2023 14:33:32.887196] r LSUPDATE :12002 9 1 20 :12002_19_1681076012.829743 1681076012.827266 :12002 :12000,:12004,:12012
[Sun Apr  9 2023 14:33:32.887568] r LSUPDATE :12002 9 1 20 :12002_22_1681076012.831648 1681076012.827266 :12002 :12000,:12004,:12012
[Sun Apr  9 2023 14:33:32.887921] r LSUPDATE :12002 9 1 20 :12002_21_1681076012.831640 1681076012.827266 :12002 :12000,:12004,:12012
[Sun Apr  9 2023 14:33:47.549723] Socket-writing thread has terminated
[Sun Apr  9 2023 14:33:47.550020] Socket-reading thread has joined with socket-writing thread
[Sun Apr  9 2023 14:33:47.550085] Reaper has joined with connection thread.
[Sun Apr  9 2023 14:33:48.998491] STOP: port=12000
