[Sun Apr  9 2023 14:32:32.648566] START: port=12012, rootdir=lab10data
[Sun Apr  9 2023 14:32:32.651823] i SAYHELLO :12012 1 - 0
[Sun Apr  9 2023 14:32:32.651823] i SAYHELLO :12012 1 - 0
[Sun Apr  9 2023 14:32:32.651898] i SAYHELLO :12012 1 - 0
	[2]	353NET/1.0 SAYHELLO
	[2]	TTL: 9
	[2]	Flood: 0
1]	353NET/1.0 SAYHELLO
	[2]	Flood: 0
	[1]	TTL: 9
	[2]	From: :12012
	[1]	Flood: 0
	[2]	Content-Length: 0
 	[1]	From: :12012
	[2]	
	[1]	Content-Length: 0
 	[1]	
[Sun Apr  9 2023 14:32:32.652960] r SAYHELLO :12002 1 - 0
[Sun Apr  9 2023 14:32:32.653084] i LSUPDATE :12012 9 1 13 :12012_2_1681075952.653017 1681075952.653016 :12012 :12002,:12004
	[1]	353NET/1.0 LSUPDATE
	[1]	353NET/1.0 LSUPDATE
[Sun Apr  9 2023 14:32:32.653206] i LSUPDATE :12012 9 1 13 :12012_3_1681075952.653042 1681075952.653016 :12012 :12002,:12004
	[1]	TTL: 9
	[1]	Flood: 1;reason=1
	[1]	MessageID: :12012_2_1681075952.653017
	[1]	From: :12012
	[1]	OriginStartTime: 1681075952.653016
	[1]	Content-Length: 13
	[1]	
	[1]	:12002,:12004
	[2]	353NET/1.0 LSUPDATE
	[2]	TTL: 9
	[2]	Flood: 1;reason=1
	[2]	MessageID: :12012_3_1681075952.653042
	[2]	From: :12012
	[2]	OriginStartTime: 1681075952.653016
	[2]	Content-Length: 13
	[2]	
	[2]	:12002,:12004
[Sun Apr  9 2023 14:32:32.653430] r LSUPDATE :12002 9 1 20 :12002_10_1681075952.652668 1681075942.920771 :12002 :12000,:12004,:12012
[Sun Apr  9 2023 14:32:32.653571] i LSUPDATE :12012 8 1 20 :12002_10_1681075952.652668 1681075942.920771 :12002 :12000,:12004,:12012
[Sun Apr  9 2023 14:32:32.653573] i LSUPDATE :12012 9 1 13 :12012_4_1681075952.653524 1681075952.653016 :12012 :12002,:12004
	[2]	353NET/1.0 LSUPDATE
	[2]	TTL: 9
	[2]	TTL: 9
	[1]	353NET/1.0 LSUPDATE
	[2]	Flood: 1;reason=1
	[1]	TTL: 9
	[2]	MessageID: :12002_10_1681075952.652668
	[1]	Flood: 1;reason=3
	[2]	From: :12002
	[1]	MessageID: :12012_4_1681075952.653524
	[2]	OriginStartTime: 1681075942.920771
	[1]	From: :12012
	[2]	Content-Length: 20
	[1]	OriginStartTime: 1681075952.653016
	[2]	
	[1]	Content-Length: 13
	[2]	:12000,:12004,:12012
	[1]	
	[1]	:12002,:12004
[Sun Apr  9 2023 14:32:32.653795] i LSUPDATE :12012 9 1 13 :12012_5_1681075952.653544 1681075952.653016 :12012 :12002,:12004
[Sun Apr  9 2023 14:32:32.653820] r SAYHELLO :12004 1 - 0
	[2]	353NET/1.0 LSUPDATE
	[2]	TTL: 9
	[2]	Flood: 1;reason=3
	[2]	MessageID: :12012_5_1681075952.653544
	[2]	From: :12012
	[2]	OriginStartTime: 1681075952.653016
	[2]	Content-Length: 13
	[2]	
	[2]	:12002,:12004
[Sun Apr  9 2023 14:32:32.654051] r LSUPDATE :12002 9 1 13 :12004_5_1681075952.652525 1681075948.358973 :12004 :12002,:12012
[Sun Apr  9 2023 14:32:32.654186] i LSUPDATE :12012 8 1 13 :12004_5_1681075952.652525 1681075948.358973 :12004 :12002,:12012
	[2]	353NET/1.0 LSUPDATE
	[2]	TTL: 9
	[2]	Flood: 1;reason=1
	[2]	MessageID: :12004_5_1681075952.652525
	[2]	From: :12004
	[2]	From: :12004
[Sun Apr  9 2023 14:32:32.654467] r LSUPDATE :12002 9 1 20 :12002_13_1681075952.653653 1681075942.920771 :12002 :12000,:12004,:12012
	[2]	OriginStartTime: 1681075948.358973
	[2]	Content-Length: 13
1075948.358973
[Sun Apr  9 2023 14:32:32.654550] i LSUPDATE :12012 9 1 13 :12012_6_1681075952.654117 1681075952.653016 :12012 :12002,:12004
	[2]	Content-Length: 13
	[2]	
	[2]	:12002,:12012
	[1]	353NET/1.0 LSUPDATE
	[1]	TTL: 9
[Sun Apr  9 2023 14:32:32.654605] r LSUPDATE :12004 9 1 13 :12004_6_1681075952.652627 1681075948.358973 :12004 :12002,:12012
[Sun Apr  9 2023 14:32:32.654605] r LSUPDATE :12004 9 1 13 :12004_6_1681075952.652627 1681075948.358973 :12004 :12002,:12012
	[1]	Flood: 1;reason=3
	[1]	MessageID: :12012_6_1681075952.654117
	[1]	From: :12012
	[1]	OriginStartTime: 1681075952.653016
	[1]	Content-Length: 13
	[1]	
	[1]	:12002,:12004
[Sun Apr  9 2023 14:32:32.654763] i LSUPDATE :12012 9 1 13 :12012_8_1681075952.654333 1681075952.653016 :12012 :12002,:12004
	[1]	353NET/1.0 LSUPDATE
	[1]	TTL: 9
	[1]	Flood: 1;reason=1
	[1]	MessageID: :12012_8_1681075952.654333
	[1]	From: :12012
	[1]	OriginStartTime: 1681075952.653016
	[1]	Content-Length: 13
	[1]	
	[1]	:12002,:12004
[Sun Apr  9 2023 14:32:32.654943] i LSUPDATE :12012 8 1 13 :12004_6_1681075952.652627 1681075948.358973 :12004 :12002,:12012
[Sun Apr  9 2023 14:32:32.654943] i LSUPDATE :12012 8 1 13 :12004_6_1681075952.652627 1681075948.358973 :12004 :12002,:12012
[Sun Apr  9 2023 14:32:32.654952] r LSUPDATE :12004 9 1 20 :12002_9_1681075952.652583 1681075942.920771 :12002 :12000,:12004,:12012
	[1]	353NET/1.0 LSUPDATE
	[1]	TTL: 9
	[1]	Flood: 1;reason=1
	[1]	MessageID: :12004_6_1681075952.652627
	[1]	From: :12004
	[1]	OriginStartTime: 1681075948.358973
	[1]	Content-Length: 13
	[1]	
	[1]	:12002,:12012
[Sun Apr  9 2023 14:32:32.655110] i LSUPDATE :12012 8 1 20 :12002_9_1681075952.652583 1681075942.920771 :12002 :12000,:12004,:12012
[Sun Apr  9 2023 14:32:32.654607] i LSUPDATE :12012 9 1 13 :12012_7_1681075952.654139 1681075952.653016 :12012 :12002,:12004
	[2]	353NET/1.0 LSUPDATE
	[2]	TTL: 9
	[2]	Flood: 1;reason=3
	[2]	MessageID: :12012_7_1681075952.654139
	[2]	From: :12012
	[2]	OriginStartTime: 1681075952.653016
	[2]	Content-Length: 13
	[2]	
	[2]	:12002,:12004
[Sun Apr  9 2023 14:32:32.655315] i LSUPDATE :12012 9 1 13 :12012_9_1681075952.654350 1681075952.653016 :12012 :12002,:12004
[Sun Apr  9 2023 14:32:32.655330] r LSUPDATE :12002 9 1 13 :12012_3_1681075952.653042 1681075952.653016 :12012 :12002,:12004
	[2]	353NET/1.0 LSUPDATE
	[2]	TTL: 9
023 14:32:32.655330] r LSUPDATE :12002 9 1 13 :12012_3_1681075952.653042 1681075952.653016 :12012 :12002,:12004
	[2]	TTL: 9
	[2]	Flood: 1;reason=1
	[2]	MessageID: :12012_9_1681075952.654350
	[2]	From: :12012
	[2]	OriginStartTime: 1681075952.653016
	[2]	Content-Length: 13
	[2]	
	[2]	:12002,:12004
[Sun Apr  9 2023 14:32:32.655466] i LSUPDATE :12012 8 1 20 :12002_13_1681075952.653653 1681075942.920771 :12002 :12000,:12004,:12012
	[2]	353NET/1.0 LSUPDATE
	[2]	TTL: 9
	[2]	Flood: 1;reason=3
	[2]	MessageID: :12002_13_1681075952.653653
	[2]	From: :12002
	[2]	OriginStartTime: 1681075942.920771
	[2]	Content-Length: 20
	[2]	
	[2]	:12000,:12004,:12012
[Sun Apr  9 2023 14:32:32.655631] i LSUPDATE :12012 8 1 13 :12012_3_1681075952.653042 1681075952.653016 :12012 :12002,:12004
	[2]	353NET/1.0 LSUPDATE
	[2]	TTL: 9
	[2]	Flood: 1;reason=1
	[2]	MessageID: :12012_3_1681075952.653042
	[2]	From: :12012
	[2]	OriginStartTime: 1681075952.653016
	[2]	Content-Length: 13
	[2]	
	[2]	:12002,:12004
[Sun Apr  9 2023 14:32:32.655782] i LSUPDATE :12012 9 1 13 :12012_11_1681075952.655440 1681075952.653016 :12012 :12002,:12004
	[2]	353NET/1.0 LSUPDATE
	[2]	TTL: 9
	[2]	Flood: 1;reason=3
	[2]	MessageID: :12012_11_1681075952.655440
	[2]	From: :12012
	[2]	OriginStartTime: 1681075952.653016
	[2]	Content-Length: 13
	[2]	
	[2]	:12002,:12004
[Sun Apr  9 2023 14:32:32.655975] r LSUPDATE :12002 9 1 13 :12004_7_1681075952.654144 1681075948.358973 :12004 :12002,:12012
[Sun Apr  9 2023 14:32:32.656087] i LSUPDATE :12012 8 1 13 :12004_7_1681075952.654144 1681075948.358973 :12004 :12002,:12012
	[2]	353NET/1.0 LSUPDATE
	[2]	TTL: 9
	[2]	Flood: 1;reason=3
	[2]	MessageID: :12004_7_1681075952.654144
	[2]	From: :12004
	[2]	OriginStartTime: 1681075948.358973
	[2]	Content-Length: 13
	[2]	
	[2]	:12002,:12012
	[1]	353NET/1.0 LSUPDATE
	[1]	TTL: 9
	[1]	Flood: 1;reason=1
	[1]	MessageID: :12002_9_1681075952.652583
	[1]	From: :12002
	[1]	OriginStartTime: 1681075942.920771
:32.657309] r LSUPDATE :12002 9 1 20 :12002_10_1681075952.652668 1681075942.920771 :12002 :12000,:12004,:12012
	[1]	OriginStartTime: 1681075942.920771
	[1]	Content-Length: 20
	[1]	
	[1]	:12000,:12004,:12012
[Sun Apr  9 2023 14:32:32.657395] i LSUPDATE :12012 9 1 13 :12012_10_1681075952.655429 1681075952.653016 :12012 :12002,:12004
	[1]	353NET/1.0 LSUPDATE
	[1]	TTL: 9
	[1]	TTL: 9
[Sun Apr  9 2023 14:32:32.657505] r LSUPDATE :12004 9 1 13 :12004_8_1681075952.654422 1681075948.358973 :12004 :12002,:12012
	[1]	Flood: 1;reason=3
	[1]	MessageID: :12012_10_1681075952.655429
	[1]	From: :12012
	[1]	OriginStartTime: 1681075952.653016
	[1]	Content-Length: 13
	[1]	
	[1]	:12002,:12004
[Sun Apr  9 2023 14:32:32.657586] i LSUPDATE :12012 8 1 13 :12004_8_1681075952.654422 1681075948.358973 :12004 :12002,:12012
	[1]	353NET/1.0 LSUPDATE
	[1]	TTL: 9
	[1]	Flood: 1;reason=3
	[1]	MessageID: :12004_8_1681075952.654422
	[1]	From: :12004
	[1]	OriginStartTime: 1681075948.358973
	[1]	Content-Length: 13
	[1]	
	[1]	:12002,:12012
[Sun Apr  9 2023 14:32:32.657784] r LSUPDATE :12004 9 1 13 :12004_10_1681075952.655761 1681075948.358973 :12004 :12002,:12012
[Sun Apr  9 2023 14:32:32.657966] r LSUPDATE :12002 9 1 20 :12002_16_1681075952.655694 1681075942.920771 :12002 :12000,:12004,:12012
[Sun Apr  9 2023 14:32:32.658067] r LSUPDATE :12004 9 1 13 :12012_2_1681075952.653017 1681075952.653016 :12012 :12002,:12004
[Sun Apr  9 2023 14:32:32.658247] r LSUPDATE :12002 9 1 6 :12000_5_1681075952.654613 1681075942.919464 :12000 :12002
[Sun Apr  9 2023 14:32:32.658327] r LSUPDATE :12004 9 1 20 :12002_12_1681075952.653646 1681075942.920771 :12002 :12000,:12004,:12012
[Sun Apr  9 2023 14:32:32.658424] i LSUPDATE :12012 8 1 13 :12004_10_1681075952.655761 1681075948.358973 :12004 :12002,:12012
	[1]	353NET/1.0 LSUPDATE
	[1]	TTL: 9
	[1]	Flood: 1;reason=3
	[1]	MessageID: :12004_10_1681075952.655761
	[1]	From: :12004
	[1]	OriginStartTime: 1681075948.358973
	[1]	Content-Length: 13
	[1]	
	[1]	:12002,:12012
[Sun Apr  9 2023 14:32:32.658574] i LSUPDATE :12012 8 1 20 :12002_16_1681075952.655694 1681075942.920771 :12002 :12000,:12004,:12012
[Sun Apr  9 2023 14:32:32.658604] i LSUPDATE :12012 8 1 13 :12012_2_1681075952.653017 1681075952.653016 :12012 :12002,:12004
	[1]	353NET/1.0 LSUPDATE
	[1]	TTL: 9
	[1]	Flood: 1;reason=1
	[1]	MessageID: :12012_2_1681075952.653017
	[1]	From: :12012
	[1]	OriginStartTime: 1681075952.653016
TE
	[1]	OriginStartTime: 1681075952.653016
	[2]	TTL: 9
	[1]	Content-Length: 13
	[2]	Flood: 1;reason=3
	[1]	
	[1]	:12002,:12004
	[1]	:12002,:12004
02_16_1681075952.655694
	[2]	From: :12002
	[2]	From: :12002
[Sun Apr  9 2023 14:32:32.658759] i LSUPDATE :12012 9 1 13 :12012_12_1681075952.658302 1681075952.653016 :12012 :12002,:12004
	[2]	OriginStartTime: 1681075942.920771
	[2]	Content-Length: 20
	[2]	
	[2]	:12000,:12004,:12012
[Sun Apr  9 2023 14:32:32.658827] i LSUPDATE :12012 8 1 6 :12000_5_1681075952.654613 1681075942.919464 :12000 :12002
[Sun Apr  9 2023 14:32:32.658827] i LSUPDATE :12012 8 1 6 :12000_5_1681075952.654613 1681075942.919464 :12000 :12002
	[1]	353NET/1.0 LSUPDATE
	[1]	TTL: 9
	[1]	Flood: 1;reason=3
	[1]	MessageID: :12012_12_1681075952.658302
	[1]	From: :12012
	[1]	OriginStartTime: 1681075952.653016
	[1]	Content-Length: 13
	[1]	
	[1]	:12002,:12004
	[2]	353NET/1.0 LSUPDATE
	[2]	353NET/1.0 LSUPDATE
[Sun Apr  9 2023 14:32:32.658933] i LSUPDATE :12012 8 1 20 :12002_12_1681075952.653646 1681075942.920771 :12002 :12000,:12004,:12012
	[2]	TTL: 9
	[2]	Flood: 1;reason=3
	[2]	MessageID: :12000_5_1681075952.654613
	[2]	From: :12000
	[2]	OriginStartTime: 1681075942.919464
	[2]	Content-Length: 6
	[2]	
	[2]	:12002
[Sun Apr  9 2023 14:32:32.659036] i LSUPDATE :12012 9 1 13 :12012_13_1681075952.658312 1681075952.653016 :12012 :12002,:12004
[Sun Apr  9 2023 14:32:32.659056] r LSUPDATE :12004 9 1 13 :12012_4_1681075952.653524 1681075952.653016 :12012 :12002,:12004
[Sun Apr  9 2023 14:32:32.659056] r LSUPDATE :12004 9 1 13 :12012_4_1681075952.653524 1681075952.653016 :12012 :12002,:12004
	[2]	353NET/1.0 LSUPDATE
	[2]	TTL: 9
	[2]	Flood: 1;reason=3
	[2]	MessageID: :12012_13_1681075952.658312
	[2]	From: :12012
	[2]	OriginStartTime: 1681075952.653016
	[2]	Content-Length: 13
	[2]	
	[2]	:12002,:12004
.0 LSUPDATE
	[2]	:12002,:12004
	[1]	TTL: 9
	[1]	Flood: 1;reason=3
	[1]	MessageID: :12002_12_1681075952.653646
	[1]	From: :12002
	[1]	OriginStartTime: 1681075942.920771
	[1]	Content-Length: 20
	[1]	
	[1]	:12000,:12004,:12012
[Sun Apr  9 2023 14:32:32.659227] i LSUPDATE :12012 8 1 13 :12012_4_1681075952.653524 1681075952.653016 :12012 :12002,:12004
[Sun Apr  9 2023 14:32:32.659242] r LSUPDATE :12002 9 1 13 :12012_5_1681075952.653544 1681075952.653016 :12012 :12002,:12004
[Sun Apr  9 2023 14:32:32.659329] r LSUPDATE :12004 9 1 13 :12012_6_1681075952.654117 1681075952.653016 :12012 :12002,:12004
[Sun Apr  9 2023 14:32:32.659321] i LSUPDATE :12012 8 1 13 :12012_5_1681075952.653544 1681075952.653016 :12012 :12002,:12004
	[1]	353NET/1.0 LSUPDATE
	[1]	TTL: 9
	[1]	Flood: 1;reason=3
	[1]	MessageID: :12012_4_1681075952.653524
	[1]	From: :12012
	[1]	OriginStartTime: 1681075952.653016
	[1]	Content-Length: 13
	[1]	
	[1]	:12002,:12004
[Sun Apr  9 2023 14:32:32.659586] i LSUPDATE :12012 8 1 13 :12012_6_1681075952.654117 1681075952.653016 :12012 :12002,:12004
	[2]	353NET/1.0 LSUPDATE
	[1]	353NET/1.0 LSUPDATE
	[1]	TTL: 9
	[1]	Flood: 1;reason=3
	[1]	MessageID: :12012_6_1681075952.654117
	[1]	From: :12012
	[1]	OriginStartTime: 1681075952.653016
	[1]	Content-Length: 13
	[1]	
	[1]	:12002,:12004
[Sun Apr  9 2023 14:32:32.659731] r LSUPDATE :12002 9 1 13 :12004_9_1681075952.655746 1681075948.358973 :12004 :12002,:12012
[Sun Apr  9 2023 14:32:32.660009] r LSUPDATE :12002 9 1 13 :12012_7_1681075952.654139 1681075952.653016 :12012 :12002,:12004
[Sun Apr  9 2023 14:32:32.660320] r LSUPDATE :12002 9 1 13 :12012_9_1681075952.654350 1681075952.653016 :12012 :12002,:12004
[Sun Apr  9 2023 14:32:32.	[2]	TTL: 9
	[2]	Flood: 1;reason=3
	[2]	MessageID: :12012_5_1681075952.653544
	[2]	From: :12012
	[2]	OriginStartTime: 1681075952.653016
	[2]	Content-Length: 13
	[2]	
	[2]	:12002,:12004
[Sun Apr  9 2023 14:32:32.660456] i LSUPDATE :12012 8 1 13 :12004_9_1681075952.655746 1681075948.358973 :12004 :12002,:12012
	[2]	353NET/1.0 LSUPDATE
	[2]	TTL: 9
	[2]	Flood: 1;reason=3
	[2]	MessageID: :12004_9_1681075952.655746
	[2]	From: :12004
	[2]	OriginStartTime: 1681075948.358973
	[2]	Content-Length: 13
	[2]	
	[2]	:12002,:12012
[Sun Apr  9 2023 14:32:32.660779] i LSUPDATE :12012 8 1 13 :12012_7_1681075952.654139 1681075952.653016 :12012 :12002,:12004
	[2]	353NET/1.0 LSUPDATE
	[2]	TTL: 9
	[2]	Flood: 1;reason=3
	[2]	MessageID: :12012_7_1681075952.654139
	[2]	From: :12012
	[2]	OriginStartTime: 1681075952.653016
	[2]	Content-Length: 13
	[2]	
	[2]	:12002,:12004
[Sun Apr  9 2023 14:32:32.660906] i LSUPDATE :12012 8 1 13 :12012_9_1681075952.654350 1681075952.653016 :12012 :12002,:12004
	[2]	353NET/1.0 LSUPDATE
	[2]	TTL: 9
	[2]	Flood: 1;reason=1
	[2]	MessageID: :12012_9_1681075952.654350
	[2]	From: :12012
	[2]	OriginStartTime: 1681075952.653016
	[2]	Content-Length: 13
	[2]	
	[2]	:12002,:12004
[Sun Apr  9 2023 14:32:32.662102] r LSUPDATE :12004 9 1 20 :12002_15_1681075952.655677 1681075942.920771 :12002 :12000,:12004,:12012
[Sun Apr  9 2023 14:32:32.662302] i LSUPDATE :12012 8 1 20 :12002_15_1681075952.655677 1681075942.920771 :12002 :12000,:12004,:12012
[Sun Apr  9 2023 14:32:32.662504] r LSUPDATE :12004 9 1 13 :12012_8_1681075952.654333 1681075952.653016 :12012 :12002,:12004
	[1]	353NET/1.0 LSUPDATE
	[1]	TTL: 9
	[1]	Flood: 1;reason=3
	[1]	MessageID: :12002_15_1681075952.655677
	[1]	From: :12002
	[1]	OriginStartTime: 1681075942.920771
	[1]	Content-Length: 20
	[1]	
	[1]	:12000,:12004,:12012
[Sun Apr  9 2023 14:32:32.662793] r LSUPDATE :12004 9 1 6 :12000_5_1681075952.654613 1681075942.919464 :12000 :12002
[Sun Apr  9 2023 14:32:32.662821] i LSUPDATE :12012 8 1 13 :12012_8_1681075952.654333 1681075952.653016 :12012 :12002,:12004
	[1]	353NET/1.0 LSUPDATE
	[1]	TTL: 9
	[1]	Flood: 1;reason=1
	[1]	MessageID: :12012_8_1681075952.654333
	[1]	From: :12012
	[1]	OriginStartTime: 1681075952.653016
	[1]	Content-Length: 13
	[1]	
	[1]	:12002,:12004
[Sun Apr  9 2023 14:32:32.662964] r LSUPDATE :12002 9 1 20 :12002_13_1681075952.653653 1681075942.920771 :12002 :12000,:12004,:12012
[Sun Apr  9 2023 14:32:32.663059] r LSUPDATE :12004 9 1 13 :12004_6_1681075952.652627 1681075948.358973 :12004 :12002,:12012
[Sun Apr  9 2023 14:32:32.663264] r LSUPDATE :12002 9 1 13 :12012_11_1681075952.655440 1681075952.653016 :12012 :12002,:12004
[Sun Apr  9 2023 14:32:32.663654] i LSUPDATE :12012 8 1 13 :12012_11_1681075952.655440 1681075952.653016 :12012 :12002,:12004
[Sun Apr  9 2023 14:32:32.663751] r LSUPDATE :12002 9 1 20 :12002_16_1681075952.655694 1681075942.920771 :12002 :12000,:12004,:12012
[Sun Apr  9 2023 14:32:32.664081] r LSUPDATE :12002 9 1 13 :12012_13_1681075952.658312 1681075952.653016 :12012 :12002,:12004
[Sun Apr  9 2023 14:32:32.664773] r LSUPDATE :12004 9 1 13 :12012_10_1681075952.655429 1681075952.653016 :12012 :12002,:12004
	[2]	353NET/1.0 LSUPDATE
	[2]	TTL: 9
	[2]	Flood: 1;reason=3
	[2]	MessageID: :12012_11_1681075952.655440
	[2]	From: :12012
	[2]	OriginStartTime: 1681075952.653016
	[2]	Content-Length: 13
	[2]	
	[2]	:12002,:12004
[Sun Apr  9 2023 14:32:32.664897] i LSUPDATE :12012 8 1 13 :12012_13_1681075952.658312 1681075952.653016 :12012 :12002,:12004
	[2]	353NET/1.0 LSUPDATE
	[2]	TTL: 9
	[2]	Flood: 1;reason=3
	[2]	MessageID: :12012_13_1681075952.658312
	[2]	From: :12012
012_13_1681075952.658312
[Sun Apr  9 2023 14:32:32.664946] i LSUPDATE :12012 8 1 13 :12012_10_1681075952.655429 1681075952.653016 :12012 :12002,:12004
	[2]	From: :12012
	[2]	OriginStartTime: 1681075952.653016
	[2]	Content-Length: 13
	[2]	
	[2]	:12002,:12004
	[1]	353NET/1.0 LSUPDATE
	[1]	TTL: 9
	[1]	Flood: 1;reason=3
	[1]	MessageID: :12012_10_1681075952.655429
	[1]	From: :12012
	[1]	OriginStartTime: 1681075952.653016
	[1]	Content-Length: 13
	[1]	
	[1]	:12002,:12004
[Sun Apr  9 2023 14:32:32.665246] r LSUPDATE :12004 9 1 13 :12004_8_1681075952.654422 1681075948.358973 :12004 :12002,:12012
[Sun Apr  9 2023 14:32:32.665524] r LSUPDATE :12004 9 1 13 :12004_10_1681075952.655761 1681075948.358973 :12004 :12002,:12012
[Sun Apr  9 2023 14:32:32.665792] r LSUPDATE :12004 9 1 13 :12012_12_1681075952.658302 1681075952.653016 :12012 :12002,:12004
[Sun Apr  9 2023 14:32:32.666028] i LSUPDATE :12012 8 1 13 :12012_12_1681075952.658302 1681075952.653016 :12012 :12002,:12004
	[1]	353NET/1.0 LSUPDATE
	[1]	TTL: 9
	[1]	Flood: 1;reason=3
	[1]	MessageID: :12012_12_1681075952.658302
	[1]	From: :12012
	[1]	OriginStartTime: 1681075952.653016
	[1]	Content-Length: 13
	[1]	
	[1]	:12002,:12004
[Sun Apr  9 2023 14:32:53.706210] r LSUPDATE :12002 9 1 13 :12002_18_1681075973.705406 1681075942.920771 :12002 :12004,:12012
[Sun Apr  9 2023 14:32:53.706477] i LSUPDATE :12012 8 1 13 :12002_18_1681075973.705406 1681075942.920771 :12002 :12004,:12012
[Sun Apr  9 2023 14:32:53.706558] i LSUPDATE :12012 9 1 13 :12012_14_1681075973.706429 1681075952.653016 :12012 :12002,:12004
	[2]	353NET/1.0 LSUPDATE
	[2]	TTL: 9
	[2]	Flood: 1;reason=2
	[2]	MessageID: :12002_18_1681075973.705406
	[2]	From: :12002
	[2]	OriginStartTime: 1681075942.920771
	[2]	Content-Length: 13
	[2]	
	[2]	:12004,:12012
[Sun Apr  9 2023 14:32:53.706783] i LSUPDATE :12012 9 1 13 :12012_15_1681075973.706506 1681075952.653016 :12012 :12002,:12004
	[1]	353NET/1.0 LSUPDATE
	[1]	TTL: 9
	[1]	Flood: 1;reason=3
	[1]	MessageID: :12012_14_1681075973.706429
	[1]	From: :12012
	[1]	OriginStartTime: 1681075952.653016
	[1]	Content-Length: 13
	[1]	
	[1]	:12002,:12004
	[2]	353NET/1.0 LSUPDATE
	[2]	TTL: 9
	[2]	Flood: 1;reason=3
	[2]	MessageID: :12012_15_1681075973.706506
	[2]	From: :12012
	[2]	OriginStartTime: 1681075952.653016
	[2]	Content-Length: 13
	[2]	
	[2]	:12002,:12004
[Sun Apr  9 2023 14:32:53.707226] r LSUPDATE :12002 9 1 6 :12002_19_1681075973.706356 1681075942.920771 :12002 :12012
[Sun Apr  9 2023 14:32:53.707271] r LSUPDATE :12004 9 1 13 :12002_17_1681075973.705283 1681075942.920771 :12002 :12004,:12012
[Sun Apr  9 2023 14:32:53.707433] i LSUPDATE :12012 8 1 6 :12002_19_1681075973.706356 1681075942.920771 :12002 :12012
	[2]	353NET/1.0 LSUPDATE
	[2]	TTL: 9
	[2]	Flood: 1;reason=2
	[2]	MessageID: :12002_19_1681075973.706356
	[2]	From: :12002
	[2]	OriginStartTime: 1681075942.920771
	[2]	Content-Length: 6
	[2]	
ntent-Length: 6
[Sun Apr  9 2023 14:32:53.707584] i LSUPDATE :12012 9 1 13 :12012_16_1681075973.707446 1681075952.653016 :12012 :12002,:12004
	[2]	
	[2]	:12012
[Sun Apr  9 2023 14:32:53.707682] i LSUPDATE :12012 9 1 13 :12012_17_1681075973.707569 1681075952.653016 :12012 :12002,:12004
	[2]	353NET/1.0 LSUPDATE
	[2]	TTL: 9
.0 LSUPDATE
	[1]	353NET/1.0 LSUPDATE
	[2]	TTL: 9
	[1]	TTL: 9
	[2]	Flood: 1;reason=3
	[1]	Flood: 1;reason=3
	[2]	MessageID: :12012_17_1681075973.707569
	[1]	MessageID: :12012_16_1681075973.707446
	[2]	From: :12012
	[1]	From: :12012
	[2]	OriginStartTime: 1681075952.653016
	[1]	OriginStartTime: 1681075952.653016
	[1]	Content-Length: 13
	[1]	Content-Length: 13
	[2]	
	[1]	
	[2]	:12002,:12004
	[1]	:12002,:12004
[Sun Apr  9 2023 14:32:53.707878] i LSUPDATE :12012 9 1 13 :12012_19_1681075973.707668 1681075952.653016 :12012 :12002,:12004
[Sun Apr  9 2023 14:32:53.707885] i LSUPDATE :12012 9 1 13 :12012_18_1681075973.707654 1681075952.653016 :12012 :12002,:12004
	[1]	353NET/1.0 LSUPDATE
	[1]	TTL: 9
	[1]	Flood: 1;reason=2
	[1]	MessageID: :12012_18_1681075973.707654
	[1]	From: :12012
	[1]	OriginStartTime: 1681075952.653016
	[1]	Content-Length: 13
	[1]	
ntent-Length: 13
	[2]	353NET/1.0 LSUPDATE
	[1]	
	[1]	:12002,:12004
	[1]	:12002,:	[2]	Flood: 1;reason=2
	[2]	MessageID: :12012_19_1681075973.707668
	[2]	MessageID: :12012_19_1681075973.707668
[Sun Apr  9 2023 14:32:53.708042] Socket-writing thread has terminated
	[2]	From: :12012
	[2]	OriginStartTime: 1681075952.653016
	[2]	Content-Length: 13
	[2]	
	[2]	:12002,:12004
[Sun Apr  9 2023 14:32:53.708111] i LSUPDATE :12012 9 1 13 :12012_21_1681075973.707728 1681075952.653016 :12012 :12002,:12004
[Sun Apr  9 2023 14:32:53.708138] r LSUPDATE :12004 9 1 13 :12004_12_1681075973.706462 1681075948.358973 :12004 :12002,:12012
[Sun Apr  9 2023 14:32:53.708138] r LSUPDATE :12004 9 1 13 :12004_12_1681075973.706462 1681075948.358973 :12004 :12002,:12012
	[2]	353NET/1.0 LSUPDATE
	[2]	TTL: 9
	[2]	Flood: 1;reason=3
	[2]	MessageID: :12012_21_1681075973.707728
	[2]	From: :12012
	[2]	OriginStartTime: 1681075952.653016
	[2]	Content-Length: 13
	[2]	
	[2]	:12002,:12004
[Sun Apr  9 2023 14:32:53.708470] i LSUPDATE :12012 9 1 13 :12012_23_1681075973.708365 1681075952.653016 :12012 :12002,:12004
[Sun Apr  9 2023 14:32:53.708631] Socket-reading thread has joined with socket-writing thread
	[2]	353NET/1.0 LSUPDATE
	[2]	TTL: 9
	[2]	Flood: 1;reason=3
	[2]	MessageID: :12012_23_1681075973.708365
	[2]	From: :12012
	[2]	OriginStartTime: 1681075952.653016
	[2]	Content-Length: 13
	[2]	
	[2]	:12002,:12004
[Sun Apr  9 2023 14:32:53.708921] r LSUPDATE :12004 9 1 13 :12004_14_1681075973.706497 1681075948.358973 :12004 :12002,:12012
[Sun Apr  9 2023 14:32:53.709151] i LSUPDATE :12012 9 1 6 :12012_24_1681075973.709038 1681075952.653016 :12012 :12004
	[2]	353NET/1.0 LSUPDATE
	[2]	TTL: 9
	[2]	Flood: 1;reason=3
	[2]	MessageID: :12012_24_1681075973.709038
	[2]	From: :12012
	[2]	OriginStartTime: 1681075952.653016
	[2]	Content-Length: 6
	[2]	
	[2]	:12004
[Sun Apr  9 2023 14:32:53.709816] r LSUPDATE :12004 9 1 6 :12004_15_1681075973.707500 1681075948.358973 :12004 :12012
[Sun Apr  9 2023 14:32:53.710002] i LSUPDATE :12012 9 1 6 :12012_25_1681075973.709885 1681075952.653016 :12012 :12004
	[2]	353NET/1.0 LSUPDATE
	[2]	TTL: 9
	[2]	Flood: 1;reason=3
	[2]	MessageID: :12012_25_1681075973.709885
	[2]	From: :12012
	[2]	OriginStartTime: 1681075952.653016
	[2]	Content-Length: 6
	[2]	
	[2]	:12004
[Sun Apr  9 2023 14:32:53.710399] r LSUPDATE :12004 9 1 6 :12004_16_1681075973.707952 1681075948.358973 :12004 :12012
[Sun Apr  9 2023 14:32:53.710590] r LSUPDATE :12004 9 1 6 :12004_17_1681075973.708473 1681075948.358973 :12004 :12012
[Sun Apr  9 2023 14:32:53.710744] r LSUPDATE :12004 9 1 6 :12004_18_1681075973.709130 1681075948.358973 :12004 :12012
[Sun Apr  9 2023 14:32:53.710898] r LSUPDATE :12004 9 1 6 :12004_19_1681075973.709711 1681075948.358973 :12004 :12012
[Sun Apr  9 2023 14:32:53.711076] r LSUPDATE :12004 9 1 6 :12004_20_1681075973.710314 1681075948.358973 :12004 :12012
[Sun Apr  9 2023 14:33:16.460781] CONNECT[3]: 127.0.0.1:12012
[Sun Apr  9 2023 14:33:16.461527] r LSUPDATE :12004 9 1 13 :12004_21_1681075996.460823 1681075948.358973 :12004 :12012,:12002
[Sun Apr  9 2023 14:33:16.461656] r SAYHELLO :12002 1 - 0
[Sun Apr  9 2023 14:33:16.461797] i LSUPDATE :12012 8 1 13 :12004_21_1681075996.460823 1681075948.358973 :12004 :12012,:12002
[Sun Apr  9 2023 14:33:16.461838] i LSUPDATE :12012 9 1 13 :12012_26_1681075996.461708 1681075952.653016 :12012 :12004,:12002
	[2]	353NET/1.0 LSUPDATE
	[2]	TTL: 9
.0 LSUPDATE
[Sun Apr  9 2023 14:33:16.462040] r LSUPDATE :12002 9 1 20 :12002_4_1681075996.461181 1681075996.461136 :12002 :12000,:12004,:12012
	[2]	TTL: 9
	[2]	Flood: 1;reason=1
	[2]	MessageID: :12012_26_1681075996.461708
	[2]	From: :12012
	[2]	OriginStartTime: 1681075952.653016
	[2]	Content-Length: 13
	[2]	
	[2]	:12004,:12002
[Sun Apr  9 2023 14:33:16.462148] i LSUPDATE :12012 8 1 20 :12002_4_1681075996.461181 1681075996.461136 :12002 :12000,:12004,:12012
	[2]	353NET/1.0 LSUPDATE
	[2]	TTL: 9
	[2]	Flood: 1;reason=1
	[2]	MessageID: :12002_4_1681075996.461181
	[2]	From: :12002
	[2]	OriginStartTime: 1681075996.461136
	[2]	Content-Length: 20
	[2]	
	[2]	:12000,:12004,:12012
[Sun Apr  9 2023 14:33:16.462298] i LSUPDATE :12012 9 1 13 :12012_28_1681075996.462105 1681075952.653016 :12012 :12004,:12002
	[2]	353NET/1.0 LSUPDATE
	[2]	TTL: 9
	[2]	Flood: 1;reason=3
/1.0 LSUPDATE
	[2]	Flood: 1;reason=3
	[3]	TTL: 9
	[2]	MessageID: :12012_28_1681075996.462105
	[3]	Flood: 1;reason=1
	[2]	From: :12012
	[3]	MessageID: :12004_21_1681075996.460823
	[2]	OriginStartTime: 1681075952.653016
	[3]	From: :12004
	[2]	Content-Length: 13
	[3]	OriginStartTime: 1681075948.358973
	[2]	
	[3]	Content-Length: 13
	[2]	:12004,:12002
	[3]	
	[3]	:12012,:12002
[Sun Apr  9 2023 14:33:16.462501] i SAYHELLO :12012 1 - 0
	[3]	353NET/1.0 SAYHELLO
	[3]	TTL: 9
	[3]	Flood: 0
	[3]	From: :12012
	[3]	Content-Length: 0
 	[3]	
[Sun Apr  9 2023 14:33:16.462749] i LSUPDATE :12012 9 1 13 :12012_27_1681075996.461789 1681075952.653016 :12012 :12004,:12002
	[3]	353NET/1.0 LSUPDATE
	[3]	TTL: 9
	[3]	Flood: 1;reason=1
	[3]	MessageID: :12012_27_1681075996.461789
	[3]	From: :12012
	[3]	OriginStartTime: 1681075952.653016
	[3]	Content-Length: 13
	[3]	
	[3]	:12004,:12002
[Sun Apr  9 2023 14:33:16.462929] i LSUPDATE :12012 9 1 13 :12012_29_1681075996.462114 1681075952.653016 :12012 :12004,:12002
	[3]	353NET/1.0 LSUPDATE
	[3]	TTL: 9
	[3]	Flood: 1;reason=3
	[3]	MessageID: :12012_29_1681075996.462114
	[3]	From: :12012
	[3]	OriginStartTime: 1681075952.653016
	[3]	Content-Length: 13
	[3]	
	[3]	:12004,:12002
[Sun Apr  9 2023 14:33:16.463104] r LSUPDATE :12004 9 1 20 :12002_3_1681075996.461168 1681075996.461136 :12002 :12000,:12004,:12012
[Sun Apr  9 2023 14:33:16.463289] r LSUPDATE :12002 9 1 20 :12002_7_1681075996.461383 1681075996.461136 :12002 :12000,:12004,:12012
[Sun Apr  9 2023 14:33:16.463394] r LSUPDATE :12004 9 1 13 :12004_23_1681075996.461794 1681075948.358973 :12004 :12012,:12002
[Sun Apr  9 2023 14:33:16.463450] i LSUPDATE :12012 8 1 20 :12002_3_1681075996.461168 1681075996.461136 :12002 :12000,:12004,:12012
	[3]	353NET/1.0 LSUPDATE
	[3]	TTL: 9
	[3]	Flood: 1;reason=1
	[3]	MessageID: :12002_3_1681075996.461168
	[3]	From: :12002
	[3]	OriginStartTime: 1681075996.461136
	[3]	Content-Length: 20
	[3]	
	[3]	:12000,:12004,:12012
[Sun Apr  9 2023 14:33:16.463628] i LSUPDATE :12012 8 1 13 :12004_23_1681075996.461794 1681075948.358973 :12004 :12012,:12002
	[3]	353NET/1.0 LSUPDATE
	[3]	TTL: 9
	[3]	Flood: 1;reason=3
	[3]	MessageID: :12004_23_1681075996.461794
	[3]	From: :12004
004_23_1681075996.461794
[Sun Apr  9 2023 14:33:16.463669] i LSUPDATE :12012 8 1 20 :12002_7_1681075996.461383 1681075996.461136 :12002 :12000,:12004,:12012
	[3]	From: :12004
	[3]	OriginStartTime: 1681075948.358973
[Sun Apr  9 2023 14:33:16.463692] r LSUPDATE :12004 9 1 20 :12002_6_1681075996.461375 1681075996.461136 :12002 :12000,:12004,:12012
	[3]	Content-Length: 13
	[3]	
r  9 2023 14:33:16.463692] r LSUPDATE :12004 9 1 20 :12002_6_1681075996.461375 1681075996.461136 :12002 :12000,:12004,:12012
	[3]	
	[3]	:12012,:12002
	[2]	353NET/1.0 LSUPDATE
	[2]	TTL: 9
	[2]	Flood: 1;reason=1
	[2]	MessageID: :12002_7_1681075996.461383
	[2]	From: :12002
	[2]	OriginStartTime: 1681075996.461136
	[2]	Content-Length: 20
	[2]	
	[2]	:12000,:12004,:12012
[Sun Apr  9 2023 14:33:16.463860] r LSUPDATE :12002 9 1 6 :12000_7_1681075996.460605 1681075942.919464 :12000 :12002
[Sun Apr  9 2023 14:33:16.463860] r LSUPDATE :12002 9 1 6 :12000_7_1681075996.460605 1681075942.919464 :12000 :12002
[Sun Apr  9 2023 14:33:16.463868] i LSUPDATE :12012 8 1 20 :12002_6_1681075996.461375 1681075996.461136 :12002 :12000,:12004,:12012
	[3]	353NET/1.0 LSUPDATE
	[3]	353NET/1.0 LSUPDATE
[Sun Apr  9 2023 14:33:16.463966] i LSUPDATE :12012 8 1 6 :12000_7_1681075996.460605 1681075942.919464 :12000 :12002
	[2]	353NET/1.0 LSUPDATE
	[2]	TTL: 9
.0 LSUPDATE
[Sun Apr  9 2023 14:33:16.463985] r LSUPDATE :12004 9 1 6 :12000_7_1681075996.460605 1681075942.919464 :12000 :12002
	[2]	TTL: 9
	[2]	Flood: 1;reason=1
	[2]	MessageID: :12000_7_1681075996.460605
	[2]	From: :12000
	[2]	OriginStartTime: 1681075942.919464
	[2]	Content-Length: 6
	[2]	
	[2]	:12002
[Sun Apr  9 2023 14:33:16.464079] i LSUPDATE :12012 9 1 13 :12012_30_1681075996.463968 1681075952.653016 :12012 :12004,:12002
	[2]	353NET/1.0 LSUPDATE
	[2]	TTL: 9
	[2]	Flood: 1;reason=3
	[2]	MessageID: :12012_30_1681075996.463968
	[2]	From: :12012
	[2]	OriginStartTime: 1681075952.653016
	[2]	Content-Length: 13
	[2]	
	[2]	:12004,:12002
	[3]	TTL: 9
	[3]	Flood: 1;reason=1
[Sun Apr  9 2023 14:33:16.464209] r LSUPDATE :12002 9 1 20 :12002_10_1681075996.461578 1681075996.461136 :12002 :12000,:12004,:12012
[Sun Apr  9 2023 14:33:16.464209] r LSUPDATE :12002 9 1 20 :12002_10_1681075996.461578 1681075996.461136 :12002 :12000,:12004,:12012
	[3]	MessageID: :12002_6_1681075996.461375
	[3]	From: :12002
	[3]	OriginStartTime: 1681075996.461136
	[3]	Content-Length: 20
	[3]	Content-Length: 20
[Sun Apr  9 2023 14:33:16.464286] i LSUPDATE :12012 8 1 20 :12002_10_1681075996.461578 1681075996.461136 :12002 :12000,:12004,:12012
	[2]	353NET/1.0 LSUPDATE
	[2]	TTL: 9
.0 LSUPDATE
[Sun Apr  9 2023 14:33:16.464306] r LSUPDATE :12004 9 1 13 :12004_25_1681075996.462432 1681075948.358973 :12004 :12012,:12002
	[2]	TTL: 9
	[2]	Flood: 1;reason=3
	[2]	MessageID: :12002_10_1681075996.461578
	[2]	From: :12002
	[2]	OriginStartTime: 1681075996.461136
	[2]	Content-Length: 20
	[2]	
	[2]	:12000,:12004,:12012
	[3]	
	[3]	:12000,:12004,:12012
[Sun Apr  9 2023 14:33:16.464434] i LSUPDATE :12012 9 1 13 :12012_31_1681075996.463982 1681075952.653016 :12012 :12004,:12002
	[3]	353NET/1.0 LSUPDATE
	[3]	TTL: 9
	[3]	Flood: 1;reason=3
	[3]	MessageID: :12012_31_1681075996.463982
	[3]	From: :12012
	[3]	OriginStartTime: 1681075952.653016
	[3]	Content-Length: 13
	[3]	
	[3]	:12004,:12002
[Sun Apr  9 2023 14:33:16.464565] i LSUPDATE :12012 8 1 13 :12004_25_1681075996.462432 1681075948.358973 :12004 :12012,:12002
[Sun Apr  9 2023 14:33:16.464581] r LSUPDATE :12004 9 1 20 :12002_9_1681075996.461571 1681075996.461136 :12002 :12000,:12004,:12012
	[3]	353NET/1.0 LSUPDATE
	[3]	TTL: 9
	[3]	Flood: 1;reason=3
	[3]	MessageID: :12004_25_1681075996.462432
	[3]	From: :12004
	[3]	OriginStartTime: 1681075948.358973
	[3]	Content-Length: 13
	[3]	
	[3]	:12012,:12002
[Sun Apr  9 2023 14:33:16.464739] r LSUPDATE :12002 9 1 13 :12004_22_1681075996.460873 1681075948.358973 :12004 :12012,:12002
[Sun Apr  9 2023 14:33:16.464751] i LSUPDATE :12012 8 1 20 :12002_9_1681075996.461571 1681075996.461136 :12002 :12000,:12004,:12012
[Sun Apr  9 2023 14:33:16.464845] i LSUPDATE :12012 8 1 13 :12004_22_1681075996.460873 1681075948.358973 :12004 :12012,:12002
	[3]	353NET/1.0 LSUPDATE
	[3]	TTL: 9
	[3]	Flood: 1;reason=3
	[3]	MessageID: :12002_9_1681075996.461571
	[3]	From: :12002
	[3]	OriginStartTime: 1681075996.461136
	[3]	Content-Length: 20
	[3]	
	[3]	:12000,:12004,:12012
[Sun Apr  9 2023 14:33:16.464994] r LSUPDATE :12004 9 1 20 :12002_12_1681075996.461952 1681075996.461136 :12002 :12000,:12004,:12012
[Sun Apr  9 2023 14:33:16.465300] r LSUPDATE :12004 9 1 20 :12002_15_1681075996.462608 1681075996.461136 :12002 :12000,:12004,:12012
	[2]	353NET/1.0 LSUPDATE
	[2]	TTL: 9
	[2]	Flood: 1;reason=1
	[2]	MessageID: :12004_22_1681075996.460873
	[2]	From: :12004
	[2]	OriginStartTime: 1681075948.358973
	[2]	Content-Length: 13
	[2]	
	[2]	:12012,:12002
[Sun Apr  9 2023 14:33:16.465741] i LSUPDATE :12012 8 1 20 :12002_12_1681075996.461952 1681075996.461136 :12002 :12000,:12004,:12012
	[3]	353NET/1.0 LSUPDATE
	[3]	TTL: 9
	[3]	Flood: 1;reason=3
	[3]	MessageID: :12002_12_1681075996.461952
	[3]	From: :12002
	[3]	OriginStartTime: 1681075996.461136
	[3]	Content-Length: 20
	[3]	
	[3]	:12000,:12004,:12012
[Sun Apr  9 2023 14:33:16.465885] i LSUPDATE :12012 8 1 20 :12002_15_1681075996.462608 1681075996.461136 :12002 :12000,:12004,:12012
	[3]	353NET/1.0 LSUPDATE
	[3]	TTL: 9
	[3]	Flood: 1;reason=1
	[3]	MessageID: :12002_15_1681075996.462608
	[3]	From: :12002
	[3]	OriginStartTime: 1681075996.461136
	[3]	Content-Length: 20
	[3]	
	[3]	:12000,:12004,:12012
[Sun Apr  9 2023 14:33:16.466209] r LSUPDATE :12004 9 1 6 :12000_8_1681075996.461736 1681075942.919464 :12000 :12002
[Sun Apr  9 2023 14:33:16.466309] i LSUPDATE :12012 8 1 6 :12000_8_1681075996.461736 1681075942.919464 :12000 :12002
	[3]	353NET/1.0 LSUPDATE
	[3]	TTL: 9
	[3]	Flood: 1;reason=3
	[3]	MessageID: :12000_8_1681075996.461736
	[3]	From: :12000
	[3]	OriginStartTime: 1681075942.919464
	[3]	Content-Length: 6
	[3]	
	[3]	:12002
[Sun Apr  9 2023 14:33:16.466586] r LSUPDATE :12002 9 1 20 :12002_13_1681075996.461959 1681075996.461136 :12002 :12000,:12004,:12012
[Sun Apr  9 2023 14:33:16.466983] r LSUPDATE :12002 9 1 20 :12002_16_1681075996.462620 1681075996.461136 :12002 :12000,:12004,:12012
[Sun Apr  9 2023 14:33:16.467273] r LSUPDATE :12002 9 1 6 :12000_8_1681075996.461736 1681075942.919464 :12000 :12002
[Sun Apr  9 2023 14:33:16.467528] r LSUPDATE :12002 9 1 6 :12000_9_1681075996.462606 1681075942.919464 :12000 :12002
[Sun Apr  9 2023 14:33:16.467808] r LSUPDATE :12002 9 1 13 :12004_24_1681075996.461804 1681075948.358973 :12004 :12012,:12002
[Sun Apr  9 2023 14:33:16.468081] r LSUPDATE :12002 9 1 13 :12004_26_1681075996.462442 1681075948.358973 :12004 :12012,:12002
[Sun Apr  9 2023 14:33:16.468352] i LSUPDATE :12012 8 1 20 :12002_13_1681075996.461959 1681075996.461136 :12002 :12000,:12004,:12012
[Sun Apr  9 2023 14:33:16.468413] r LSUPDATE :12002 9 1 13 :12012_26_1681075996.461708 1681075952.653016 :12012 :12004,:12002
	[2]	353NET/1.0 LSUPDATE
	[2]	TTL: 9
	[2]	Flood: 1;reason=3
	[2]	MessageID: :12002_13_1681075996.461959
	[2]	From: :12002
	[2]	OriginStartTime: 1681075996.461136
	[2]	Content-Length: 20
	[2]	
	[2]	:12000,:12004,:12012
[Sun Apr  9 2023 14:33:16.468568] i LSUPDATE :12012 8 1 20 :12002_16_1681075996.462620 1681075996.461136 :12002 :12000,:12004,:12012
	[2]	353NET/1.0 LSUPDATE
	[2]	TTL: 9
	[2]	Flood: 1;reason=1
	[2]	MessageID: :12002_16_1681075996.462620
	[2]	From: :12002
	[2]	OriginStartTime: 1681075996.461136
	[2]	Content-Length: 20
	[2]	
	[2]	:12000,:12004,:12012
[Sun Apr  9 2023 14:33:16.468692] i LSUPDATE :12012 8 1 6 :12000_9_1681075996.462606 1681075942.919464 :12000 :12002
[Sun Apr  9 2023 14:33:16.468704] r LSUPDATE :12002 9 1 20 :12002_19_1681075996.466232 1681075996.461136 :12002 :12000,:12004,:12012
	[2]	353NET/1.0 LSUPDATE
	[2]	TTL: 9
	[2]	Flood: 1;reason=3
	[2]	MessageID: :12000_9_1681075996.462606
	[2]	From: :12000
	[2]	OriginStartTime: 1681075942.919464
	[2]	Content-Length: 6
	[2]	
	[2]	:12002
[Sun Apr  9 2023 14:33:16.468802] i LSUPDATE :12012 8 1 13 :12004_24_1681075996.461804 1681075948.358973 :12004 :12012,:12002
	[2]	353NET/1.0 LSUPDATE
	[2]	TTL: 9
	[2]	Flood: 1;reason=3
	[2]	MessageID: :12004_24_1681075996.461804
	[2]	From: :12004
	[2]	OriginStartTime: 1681075948.358973
	[2]	Content-Length: 13
	[2]	
	[2]	:12012,:12002
[Sun Apr  9 2023 14:33:16.468908] i LSUPDATE :12012 8 1 13 :12004_26_1681075996.462442 1681075948.358973 :12004 :12012,:12002
	[2]	353NET/1.0 LSUPDATE
	[2]	TTL: 9
	[2]	Flood: 1;reason=3
	[2]	MessageID: :12004_26_1681075996.462442
	[2]	From: :12004
	[2]	OriginStartTime: 1681075948.358973
	[2]	Content-Length: 13
	[2]	
	[2]	:12012,:12002
[Sun Apr  9 2023 14:33:16.468993] r LSUPDATE :12002 9 1 20 :12002_4_1681075996.461181 1681075996.461136 :12002 :12000,:12004,:12012
[Sun Apr  9 2023 14:33:16.469014] i LSUPDATE :12012 8 1 13 :12012_26_1681075996.461708 1681075952.653016 :12012 :12004,:12002
	[2]	353NET/1.0 LSUPDATE
	[2]	TTL: 9
	[2]	Flood: 1;reason=1
	[2]	MessageID: :12012_26_1681075996.461708
	[2]	From: :12012
	[2]	OriginStartTime: 1681075952.653016
	[2]	Content-Length: 13
	[2]	
	[2]	:12004,:12002
[Sun Apr  9 2023 14:33:16.469154] i LSUPDATE :12012 8 1 20 :12002_19_1681075996.466232 1681075996.461136 :12002 :12000,:12004,:12012
	[2]	353NET/1.0 LSUPDATE
	[2]	TTL: 9
	[2]	Flood: 1;reason=3
	[2]	MessageID: :12002_19_1681075996.466232
	[2]	From: :12002
	[2]	OriginStartTime: 1681075996.461136
	[2]	Content-Length: 20
	[2]	
	[2]	:12000,:12004,:12012
[Sun Apr  9 2023 14:33:16.469243] r LSUPDATE :12002 9 1 20 :12002_22_1681075996.466516 1681075996.461136 :12002 :12000,:12004,:12012
[Sun Apr  9 2023 14:33:16.469525] r LSUPDATE :12002 9 1 13 :12012_28_1681075996.462105 1681075952.653016 :12012 :12004,:12002
[Sun Apr  9 2023 14:33:16.469610] i LSUPDATE :12012 8 1 20 :12002_22_1681075996.466516 1681075996.461136 :12002 :12000,:12004,:12012
	[2]	353NET/1.0 LSUPDATE
	[2]	TTL: 9
	[2]	Flood: 1;reason=3
	[2]	MessageID: :12002_22_1681075996.466516
	[2]	From: :12002
	[2]	OriginStartTime: 1681075996.461136
	[2]	Content-Length: 20
	[2]	
	[2]	:12000,:12004,:12012
[Sun Apr  9 2023 14:33:16.469769] i LSUPDATE :12012 8 1 13 :12012_28_1681075996.462105 1681075952.653016 :12012 :12004,:12002
	[2]	353NET/1.0 LSUPDATE
	[2]	TTL: 9
.0 LSUPDATE
[Sun Apr  9 2023 14:33:16.469785] r LSUPDATE :12002 9 1 6 :12000_10_1681075996.467262 1681075942.919464 :12000 :12002
	[2]	TTL: 9
	[2]	Flood: 1;reason=3
	[2]	MessageID: :12012_28_1681075996.462105
	[2]	From: :12012
	[2]	OriginStartTime: 1681075952.653016
	[2]	Content-Length: 13
	[2]	
	[2]	:12004,:12002
[Sun Apr  9 2023 14:33:16.469887] i LSUPDATE :12012 8 1 6 :12000_10_1681075996.467262 1681075942.919464 :12000 :12002
	[2]	353NET/1.0 LSUPDATE
	[2]	TTL: 9
	[2]	Flood: 1;reason=3
	[2]	MessageID: :12000_10_1681075996.467262
	[2]	From: :12000
	[2]	OriginStartTime: 1681075942.919464
	[2]	Content-Length: 6
	[2]	
	[2]	:12002
[Sun Apr  9 2023 14:33:16.470186] r LSUPDATE :12004 9 1 6 :12000_9_1681075996.462606 1681075942.919464 :12000 :12002
[Sun Apr  9 2023 14:33:16.470410] r LSUPDATE :12004 9 1 20 :12002_18_1681075996.466220 1681075996.461136 :12002 :12000,:12004,:12012
[Sun Apr  9 2023 14:33:16.470697] r LSUPDATE :12004 9 1 20 :12002_21_1681075996.466501 1681075996.461136 :12002 :12000,:12004,:12012
[Sun Apr  9 2023 14:33:16.470755] i LSUPDATE :12012 8 1 20 :12002_18_1681075996.466220 1681075996.461136 :12002 :12000,:12004,:12012
	[3]	353NET/1.0 LSUPDATE
	[3]	TTL: 9
	[3]	Flood: 1;reason=3
	[3]	MessageID: :12002_18_1681075996.466220
	[3]	From: :12002
	[3]	OriginStartTime: 1681075996.461136
	[3]	Content-Length: 20
	[3]	
	[3]	:12000,:12004,:12012
[Sun Apr  9 2023 14:33:16.471021] i LSUPDATE :12012 8 1 20 :12002_21_1681075996.466501 1681075996.461136 :12002 :12000,:12004,:12012
	[3]	353NET/1.0 LSUPDATE
	[3]	TTL: 9
	[3]	Flood: 1;reason=3
	[3]	MessageID: :12002_21_1681075996.466501
	[3]	From: :12002
	[3]	OriginStartTime: 1681075996.461136
	[3]	Content-Length: 20
	[3]	
	[3]	:12000,:12004,:12012
[Sun Apr  9 2023 14:33:16.471380] r LSUPDATE :12002 9 1 20 :12002_7_1681075996.461383 1681075996.461136 :12002 :12000,:12004,:12012
[Sun Apr  9 2023 14:33:16.471607] r LSUPDATE :12002 9 1 13 :12012_30_1681075996.463968 1681075952.653016 :12012 :12004,:12002
[Sun Apr  9 2023 14:33:16.471739] i LSUPDATE :12012 8 1 13 :12012_30_1681075996.463968 1681075952.653016 :12012 :12004,:12002
	[2]	353NET/1.0 LSUPDATE
	[2]	TTL: 9
	[2]	Flood: 1;reason=3
	[2]	MessageID: :12012_30_1681075996.463968
	[2]	From: :12012
	[2]	OriginStartTime: 1681075952.653016
	[2]	Content-Length: 13
	[2]	
	[2]	:12004,:12002
[Sun Apr  9 2023 14:33:16.471934] r LSUPDATE :12002 9 1 20 :12002_10_1681075996.461578 1681075996.461136 :12002 :12000,:12004,:12012
[Sun Apr  9 2023 14:33:16.475009] r LSUPDATE :12002 9 1 20 :12002_13_1681075996.461959 1681075996.461136 :12002 :12000,:12004,:12012
[Sun Apr  9 2023 14:33:16.477088] r LSUPDATE :12002 9 1 20 :12002_16_1681075996.462620 1681075996.461136 :12002 :12000,:12004,:12012
[Sun Apr  9 2023 14:33:16.477628] r LSUPDATE :12002 9 1 20 :12002_19_1681075996.466232 1681075996.461136 :12002 :12000,:12004,:12012
[Sun Apr  9 2023 14:33:16.477787] r LSUPDATE :12002 9 1 20 :12002_22_1681075996.466516 1681075996.461136 :12002 :12000,:12004,:12012
[Sun Apr  9 2023 14:33:16.485416] i LSUPDATE :12012 9 1 13 :12012_33_1681075996.485361 1681075952.653016 :12012 :12004,:12002
[Sun Apr  9 2023 14:33:16.485417] i LSUPDATE :12012 9 1 13 :12012_32_1681075996.485303 1681075952.653016 :12012 :12004,:12002
	[3]	353NET/1.0 LSUPDATE
	[3]	TTL: 9
	[3]	Flood: 1;reason=2
	[3]	MessageID: :12012_33_1681075996.485361
	[3]	From: :12012
	[3]	OriginStartTime: 1681075952.653016
	[3]	Content-Length: 13
	[3]	
	[3]	:12004,:12002
[Sun Apr  9 2023 14:33:16.485698] Socket-writing thread has terminated
	[2]	353NET/1.0 LSUPDATE
	[2]	TTL: 9
	[2]	Flood: 1;reason=2
	[2]	MessageID: :12012_32_1681075996.485303
	[2]	From: :12012
	[2]	OriginStartTime: 1681075952.653016
	[2]	Content-Length: 13
	[2]	
	[2]	:12004,:12002
[Sun Apr  9 2023 14:33:16.485885] Socket-reading thread has joined with socket-writing thread
[Sun Apr  9 2023 14:33:16.486053] r LSUPDATE :12004 9 1 6 :12000_10_1681075996.467262 1681075942.919464 :12000 :12002
[Sun Apr  9 2023 14:33:16.486235] r LSUPDATE :12004 9 1 13 :12004_27_1681075996.485303 1681075948.358973 :12004 :12012,:12002
[Sun Apr  9 2023 14:33:16.486345] i LSUPDATE :12012 9 1 6 :12012_34_1681075996.486281 1681075952.653016 :12012 :12004
	[2]	353NET/1.0 LSUPDATE
	[2]	TTL: 9
	[2]	Flood: 1;reason=3
	[2]	MessageID: :12012_34_1681075996.486281
	[2]	From: :12012
	[2]	OriginStartTime: 1681075952.653016
	[2]	Content-Length: 6
	[2]	
	[2]	:12004
[Sun Apr  9 2023 14:33:16.486786] r LSUPDATE :12004 9 1 13 :12004_29_1681075996.486039 1681075948.358973 :12004 :12012,:12002
[Sun Apr  9 2023 14:33:16.486886] i LSUPDATE :12012 9 1 6 :12012_35_1681075996.486819 1681075952.653016 :12012 :12004
	[2]	353NET/1.0 LSUPDATE
	[2]	TTL: 9
	[2]	Flood: 1;reason=3
	[2]	MessageID: :12012_35_1681075996.486819
	[2]	From: :12012
	[2]	OriginStartTime: 1681075952.653016
	[2]	Content-Length: 6
	[2]	
	[2]	:12004
[Sun Apr  9 2023 14:33:16.487405] r LSUPDATE :12004 9 1 6 :12004_31_1681075996.486789 1681075948.358973 :12004 :12012
[Sun Apr  9 2023 14:33:32.826921] CONNECT[4]: 127.0.0.1:12012
[Sun Apr  9 2023 14:33:32.827435] r SAYHELLO :12002 1 - 0
[Sun Apr  9 2023 14:33:32.827578] i LSUPDATE :12012 9 1 13 :12012_36_1681076012.827502 1681075952.653016 :12012 :12004,:12002
[Sun Apr  9 2023 14:33:32.827655] i SAYHELLO :12012 1 - 0
	[2]	353NET/1.0 LSUPDATE
	[2]	TTL: 9
	[2]	Flood: 1;reason=1
	[2]	MessageID: :12012_36_1681076012.827502
	[2]	From: :12012
	[2]	OriginStartTime: 1681075952.653016
	[2]	Content-Length: 13
	[2]	
	[2]	:12004,:12002
	[4]	353NET/1.0 SAYHELLO
	[4]	TTL: 9
	[4]	Flood: 0
	[4]	From: :12012
	[4]	Content-Length: 0
 	[4]	
[Sun Apr  9 2023 14:33:32.827973] i LSUPDATE :12012 9 1 13 :12012_37_1681076012.827519 1681075952.653016 :12012 :12004,:12002
[Sun Apr  9 2023 14:33:32.828185] r LSUPDATE :12002 9 1 20 :12002_4_1681076012.827316 1681076012.827266 :12002 :12000,:12004,:12012
[Sun Apr  9 2023 14:33:32.828467] r LSUPDATE :12004 9 1 13 :12004_32_1681076012.827247 1681075948.358973 :12004 :12012,:12002
[Sun Apr  9 2023 14:33:32.828548] i LSUPDATE :12012 8 1 20 :12002_4_1681076012.827316 1681076012.827266 :12002 :12000,:12004,:12012
	[2]	353NET/1.0 LSUPDATE
	[2]	TTL: 9
	[2]	Flood: 1;reason=1
	[2]	MessageID: :12002_4_1681076012.827316
	[2]	From: :12002
	[2]	OriginStartTime: 1681076012.827266
	[2]	Content-Length: 20
	[2]	
	[2]	:12000,:12004,:12012
[Sun Apr  9 2023 14:33:32.828787] i LSUPDATE :12012 9 1 13 :12012_38_1681076012.828254 1681075952.653016 :12012 :12004,:12002
	[2]	353NET/1.0 LSUPDATE
	[2]	TTL: 9
	[2]	Flood: 1;reason=3
	[2]	MessageID: :12012_38_1681076012.828254
	[2]	From: :12012
	[2]	OriginStartTime: 1681075952.653016
	[2]	Content-Length: 13
	[2]	
	[2]	:12004,:12002
[Sun Apr  9 2023 14:33:32.829221] r LSUPDATE :12002 9 1 6 :12000_12_1681076012.826681 1681075942.919464 :12000 :12002
[Sun Apr  9 2023 14:33:32.829411] i LSUPDATE :12012 8 1 6 :12000_12_1681076012.826681 1681075942.919464 :12000 :12002
	[2]	353NET/1.0 LSUPDATE
	[2]	TTL: 9
	[2]	Flood: 1;reason=1
	[2]	MessageID: :12000_12_1681076012.826681
	[2]	From: :12000
	[2]	OriginStartTime: 1681075942.919464
	[2]	Content-Length: 6
	[2]	
	[2]	:12002
[Sun Apr  9 2023 14:33:32.829608] i LSUPDATE :12012 9 1 13 :12012_40_1681076012.829369 1681075952.653016 :12012 :12004,:12002
	[2]	353NET/1.0 LSUPDATE
	[2]	TTL: 9
	[2]	Flood: 1;reason=3
	[2]	MessageID: :12012_40_1681076012.829369
	[2]	From: :12012
	[2]	OriginStartTime: 1681075952.653016
	[2]	Content-Length: 13
	[2]	
	[2]	:12004,:12002
	[4]	353NET/1.0 LSUPDATE
	[4]	TTL: 9
	[4]	Flood: 1;reason=1
	[4]	MessageID: :12012_37_1681076012.827519
	[4]	From: :12012
	[4]	OriginStartTime: 1681075952.653016
	[4]	Content-Length: 13
	[4]	
	[4]	:12004,:12002
[Sun Apr  9 2023 14:33:32.829822] i LSUPDATE :12012 9 1 13 :12012_39_1681076012.828265 1681075952.653016 :12012 :12004,:12002
[Sun Apr  9 2023 14:33:32.829851] r LSUPDATE :12004 9 1 20 :12002_3_1681076012.827300 1681076012.827266 :12002 :12000,:12004,:12012
[Sun Apr  9 2023 14:33:32.829851] r LSUPDATE :12004 9 1 20 :12002_3_1681076012.827300 1681076012.827266 :12002 :12000,:12004,:12012
	[4]	353NET/1.0 LSUPDATE
	[4]	TTL: 9
	[4]	Flood: 1;reason=3
	[4]	MessageID: :12012_39_1681076012.828265
	[4]	From: :12012
	[4]	OriginStartTime: 1681075952.653016
	[4]	Content-Length: 13
	[4]	
	[4]	:12004,:12002
[Sun Apr  9 2023 14:33:32.829954] i LSUPDATE :12012 8 1 13 :12004_32_1681076012.827247 1681075948.358973 :12004 :12012,:12002
	[4]	353NET/1.0 LSUPDATE
	[4]	TTL: 9
	[4]	Flood: 1;reason=1
	[4]	MessageID: :12004_32_1681076012.827247
	[4]	From: :12004
	[4]	OriginStartTime: 1681075948.358973
	[4]	Content-Length: 13
	[4]	
	[4]	:12012,:12002
[Sun Apr  9 2023 14:33:32.830074] i LSUPDATE :12012 9 1 13 :12012_41_1681076012.829383 1681075952.653016 :12012 :12004,:12002
	[4]	353NET/1.0 LSUPDATE
	[4]	TTL: 9
	[4]	Flood: 1;reason=3
	[4]	MessageID: :12012_41_1681076012.829383
	[4]	MessageID: :12012_41_1681076012.829383
[Sun Apr  9 2023 14:33:32.830125] r LSUPDATE :12004 9 1 13 :12004_34_1681076012.828509 1681075948.358973 :12004 :12012,:12002
	[4]	From: :12012
	[4]	OriginStartTime: 1681075952.653016
	[4]	Content-Length: 13
	[4]	
	[4]	:12004,:12002
[Sun Apr  9 2023 14:33:32.830194] i LSUPDATE :12012 8 1 20 :12002_3_1681076012.827300 1681076012.827266 :12002 :12000,:12004,:12012
	[4]	353NET/1.0 LSUPDATE
	[4]	TTL: 9
	[4]	Flood: 1;reason=1
	[4]	MessageID: :12002_3_1681076012.827300
	[4]	From: :12002
	[4]	OriginStartTime: 1681076012.827266
	[4]	Content-Length: 20
	[4]	
	[4]	:12000,:12004,:12012
[Sun Apr  9 2023 14:33:32.830309] i LSUPDATE :12012 8 1 13 :12004_34_1681076012.828509 1681075948.358973 :12004 :12012,:12002
	[4]	353NET/1.0 LSUPDATE
	[4]	TTL: 9
	[4]	Flood: 1;reason=3
	[4]	MessageID: :12004_34_1681076012.828509
	[4]	From: :12004
	[4]	OriginStartTime: 1681075948.358973
	[4]	Content-Length: 13
	[4]	
	[4]	:12012,:12002
	[4]	:12012,:12002
[Sun Apr  9 2023 14:33:32.830387] r LSUPDATE :12004 9 1 6 :12000_12_1681076012.826681 1681075942.919464 :12000 :12002
[Sun Apr  9 2023 14:33:32.830650] r LSUPDATE :12002 9 1 20 :12002_7_1681076012.827722 1681076012.827266 :12002 :12000,:12004,:12012
[Sun Apr  9 2023 14:33:32.830734] i LSUPDATE :12012 8 1 20 :12002_7_1681076012.827722 1681076012.827266 :12002 :12000,:12004,:12012
	[2]	353NET/1.0 LSUPDATE
	[2]	TTL: 9
	[2]	Flood: 1;reason=3
	[2]	MessageID: :12002_7_1681076012.827722
	[2]	From: :12002
	[2]	OriginStartTime: 1681076012.827266
	[2]	Content-Length: 20
	[2]	
	[2]	:12000,:12004,:12012
[Sun Apr  9 2023 14:33:32.831114] r LSUPDATE :12004 9 1 13 :12004_36_1681076012.829009 1681075948.358973 :12004 :12012,:12002
[Sun Apr  9 2023 14:33:32.831397] r LSUPDATE :12002 9 1 20 :12002_10_1681076012.828440 1681076012.827266 :12002 :12000,:12004,:12012
[Sun Apr  9 2023 14:33:32.831577] i LSUPDATE :12012 8 1 20 :12002_10_1681076012.828440 1681076012.827266 :12002 :12000,:12004,:12012
	[2]	353NET/1.0 LSUPDATE
	[2]	TTL: 9
	[2]	Flood: 1;reason=1
	[2]	MessageID: :12002_10_1681076012.828440
	[2]	From: :12002
	[2]	OriginStartTime: 1681076012.827266
	[2]	Content-Length: 20
	[2]	
	[2]	:12000,:12004,:12012
[Sun Apr  9 2023 14:33:32.831762] r LSUPDATE :12002 9 1 20 :12002_13_1681076012.828511 1681076012.827266 :12002 :12000,:12004,:12012
[Sun Apr  9 2023 14:33:32.831873] i LSUPDATE :12012 8 1 13 :12004_36_1681076012.829009 1681075948.358973 :12004 :12012,:12002
[Sun Apr  9 2023 14:33:32.831990] r LSUPDATE :12004 9 1 20 :12002_6_1681076012.827715 1681076012.827266 :12002 :12000,:12004,:12012
	[4]	353NET/1.0 LSUPDATE
	[4]	TTL: 9
	[4]	Flood: 1;reason=3
	[4]	MessageID: :12004_36_1681076012.829009
	[4]	From: :12004
	[4]	OriginStartTime: 1681075948.358973
	[4]	Content-Length: 13
	[4]	
	[4]	:12012,:12002
[Sun Apr  9 2023 14:33:32.832147] i LSUPDATE :12012 8 1 20 :12002_6_1681076012.827715 1681076012.827266 :12002 :12000,:12004,:12012
[Sun Apr  9 2023 14:33:32.832196] r LSUPDATE :12002 9 1 13 :12004_33_1681076012.827422 1681075948.358973 :12004 :12012,:12002
[Sun Apr  9 2023 14:33:32.832196] r LSUPDATE :12002 9 1 13 :12004_33_1681076012.827422 1681075948.358973 :12004 :12012,:12002
	[4]	353NET/1.0 LSUPDATE
	[4]	TTL: 9
[Sun Apr  9 2023 14:33:32.832266] r LSUPDATE :12004 9 1 20 :12002_9_1681076012.828416 1681076012.827266 :12002 :12000,:12004,:12012
	[4]	Flood: 1;reason=3
	[4]	Flood: 1;reason=3
[Sun Apr  9 2023 14:33:32.832350] i LSUPDATE :12012 8 1 20 :12002_13_1681076012.828511 1681076012.827266 :12002 :12000,:12004,:12012
	[4]	MessageID: :12002_6_1681076012.827715
	[4]	From: :12002
	[4]	OriginStartTime: 1681076012.827266
	[4]	Content-Length: 20
	[4]	
	[4]	:12000,:12004,:12012
	[2]	353NET/1.0 LSUPDATE
	[2]	353NET/1.0 LSUPDATE
[Sun Apr  9 2023 14:33:32.832427] i LSUPDATE :12012 8 1 20 :12002_9_1681076012.828416 1681076012.827266 :12002 :12000,:12004,:12012
	[2]	TTL: 9
	[2]	Flood: 1;reason=1
	[2]	MessageID: :12002_13_1681076012.828511
	[2]	From: :12002
	[2]	OriginStartTime: 1681076012.827266
	[2]	Content-Length: 20
	[2]	
	[2]	:12000,:12004,:12012
[Sun Apr  9 2023 14:33:32.832516] r LSUPDATE :12002 9 1 20 :12002_16_1681076012.828908 1681076012.827266 :12002 :12000,:12004,:12012
[Sun Apr  9 2023 14:33:32.832516] r LSUPDATE :12002 9 1 20 :12002_16_1681076012.828908 1681076012.827266 :12002 :12000,:12004,:12012
[Sun Apr  9 2023 14:33:32.832526] i LSUPDATE :12012 8 1 13 :12004_33_1681076012.827422 1681075948.358973 :12004 :12012,:12002
	[2]	353NET/1.0 LSUPDATE
	[2]	TTL: 9
	[2]	Flood: 1;reason=1
	[2]	MessageID: :12004_33_1681076012.827422
	[2]	From: :12004
	[2]	OriginStartTime: 1681075948.358973
	[2]	Content-Length: 13
	[2]	
	[2]	:12012,:12002
[Sun Apr  9 2023 14:33:32.832698] i LSUPDATE :12012 8 1 20 :12002_16_1681076012.828908 1681076012.827266 :12002 :12000,:12004,:12012
	[2]	353NET/1.0 LSUPDATE
	[2]	TTL: 9
	[2]	Flood: 1;reason=3
	[2]	MessageID: :12002_16_1681076012.828908
	[2]	From: :12002
	[2]	OriginStartTime: 1681076012.827266
	[2]	Content-Length: 20
	[2]	
	[2]	:12000,:12004,:12012
[Sun Apr  9 2023 14:33:32.832828] r LSUPDATE :12002 9 1 6 :12000_13_1681076012.827850 1681075942.919464 :12000 :12002
[Sun Apr  9 2023 14:33:32.833041] r LSUPDATE :12004 9 1 20 :12002_12_1681076012.828503 1681076012.827266 :12002 :12000,:12004,:12012
[Sun Apr  9 2023 14:33:32.833115] r LSUPDATE :12002 9 1 13 :12012_36_1681076012.827502 1681075952.653016 :12012 :12004,:12002
[Sun Apr  9 2023 14:33:32.833137] i LSUPDATE :12012 8 1 6 :12000_13_1681076012.827850 1681075942.919464 :12000 :12002
	[2]	353NET/1.0 LSUPDATE
	[2]	TTL: 9
	[2]	Flood: 1;reason=3
	[2]	MessageID: :12000_13_1681076012.827850
	[2]	From: :12000
	[2]	OriginStartTime: 1681075942.919464
	[2]	Content-Length: 6
	[2]	
	[2]	:12002
[Sun Apr  9 2023 14:33:32.833299] i LSUPDATE :12012 8 1 13 :12012_36_1681076012.827502 1681075952.653016 :12012 :12004,:12002
	[2]	353NET/1.0 LSUPDATE
	[2]	TTL: 9
	[2]	Flood: 1;reason=1
	[2]	MessageID: :12012_36_1681076012.827502
	[2]	From: :12012
	[2]	OriginStartTime: 1681075952.653016
	[2]	Content-Length: 13
	[2]	
	[2]	:12004,:12002
[Sun Apr  9 2023 14:33:32.833412] r LSUPDATE :12002 9 1 20 :12002_19_1681076012.829743 1681076012.827266 :12002 :12000,:12004,:12012
[Sun Apr  9 2023 14:33:32.833431] i LSUPDATE :12012 9 1 13 :12012_42_1681076012.833171 1681075952.653016 :12012 :12004,:12002
	[2]	353NET/1.0 LSUPDATE
	[2]	TTL: 9
	[2]	Flood: 1;reason=3
	[2]	MessageID: :12012_42_1681076012.833171
	[2]	From: :12012
	[2]	OriginStartTime: 1681075952.653016
	[2]	Content-Length: 13
	[2]	
	[2]	:12004,:12002
[Sun Apr  9 2023 14:33:32.833546] i LSUPDATE :12012 8 1 20 :12002_19_1681076012.829743 1681076012.827266 :12002 :12000,:12004,:12012
	[2]	353NET/1.0 LSUPDATE
	[2]	TTL: 9
	[2]	Flood: 1;reason=3
	[2]	MessageID: :12002_19_1681076012.829743
	[2]	From: :12002
	[2]	OriginStartTime: 1681076012.827266
	[2]	Content-Length: 20
	[2]	
	[2]	:12000,:12004,:12012
[Sun Apr  9 2023 14:33:32.833686] r LSUPDATE :12002 9 1 13 :12004_35_1681076012.828525 1681075948.358973 :12004 :12012,:12002
[Sun Apr  9 2023 14:33:32.833861] r LSUPDATE :12004 9 1 20 :12002_15_1681076012.828892 1681076012.827266 :12002 :12000,:12004,:12012
[Sun Apr  9 2023 14:33:32.833955] r LSUPDATE :12002 9 1 13 :12004_37_1681076012.829021 1681075948.358973 :12004 :12012,:12002
[Sun Apr  9 2023 14:33:32.833955] i LSUPDATE :12012 8 1 13 :12004_35_1681076012.828525 1681075948.358973 :12004 :12012,:12002
	[2]	353NET/1.0 LSUPDATE
	[2]	TTL: 9
	[2]	Flood: 1;reason=3
	[2]	MessageID: :12004_35_1681076012.828525
	[2]	From: :12004
	[2]	OriginStartTime: 1681075948.358973
	[2]	Content-Length: 13
	[2]	
	[2]	:12012,:12002
[Sun Apr  9 2023 14:33:32.834138] i LSUPDATE :12012 8 1 13 :12004_37_1681076012.829021 1681075948.358973 :12004 :12012,:12002
	[2]	353NET/1.0 LSUPDATE
	[2]	TTL: 9
	[2]	Flood: 1;reason=3
	[2]	MessageID: :12004_37_1681076012.829021
	[2]	From: :12004
	[2]	OriginStartTime: 1681075948.358973
	[2]	Content-Length: 13
	[2]	
ntent-Length: 13
[Sun Apr  9 2023 14:33:32.834232] r LSUPDATE :12002 9 1 20 :12002_4_1681076012.827316 1681076012.827266 :12002 :12000,:12004,:12012
	[2]	
	[2]	:12012,:12002
[Sun Apr  9 2023 14:33:32.834473] r LSUPDATE :12004 9 1 6 :12000_13_1681076012.827850 1681075942.919464 :12000 :12002
[Sun Apr  9 2023 14:33:32.834536] r LSUPDATE :12002 9 1 20 :12002_22_1681076012.831648 1681076012.827266 :12002 :12000,:12004,:12012
[Sun Apr  9 2023 14:33:32.834719] r LSUPDATE :12004 9 1 20 :12002_18_1681076012.829726 1681076012.827266 :12002 :12000,:12004,:12012
[Sun Apr  9 2023 14:33:32.834814] r LSUPDATE :12002 9 1 13 :12012_38_1681076012.828254 1681075952.653016 :12012 :12004,:12002
[Sun Apr  9 2023 14:33:32.834844] i LSUPDATE :12012 8 1 20 :12002_22_1681076012.831648 1681076012.827266 :12002 :12000,:12004,:12012
	[2]	353NET/1.0 LSUPDATE
	[2]	TTL: 9
	[2]	Flood: 1;reason=3
	[2]	MessageID: :12002_22_1681076012.831648
	[2]	From: :12002
	[2]	OriginStartTime: 1681076012.827266
	[2]	Content-Length: 20
	[2]	
	[2]	:12000,:12004,:12012
[Sun Apr  9 2023 14:33:32.834963] i LSUPDATE :12012 8 1 13 :12012_38_1681076012.828254 1681075952.653016 :12012 :12004,:12002
	[2]	353NET/1.0 LSUPDATE
	[2]	TTL: 9
	[2]	Flood: 1;reason=3
	[2]	MessageID: :12012_38_1681076012.828254
	[2]	From: :12012
	[2]	OriginStartTime: 1681075952.653016
	[2]	Content-Length: 13
	[2]	
	[2]	:12004,:12002
[Sun Apr  9 2023 14:33:32.835083] r LSUPDATE :12002 9 1 13 :12012_40_1681076012.829369 1681075952.653016 :12012 :12004,:12002
[Sun Apr  9 2023 14:33:32.835226] i LSUPDATE :12012 8 1 13 :12012_40_1681076012.829369 1681075952.653016 :12012 :12004,:12002
	[2]	353NET/1.0 LSUPDATE
	[2]	TTL: 9
	[2]	Flood: 1;reason=3
	[2]	MessageID: :12012_40_1681076012.829369
	[2]	From: :12012
	[2]	OriginStartTime: 1681075952.653016
	[2]	Content-Length: 13
	[2]	
	[2]	:12004,:12002
[Sun Apr  9 2023 14:33:32.835494] r LSUPDATE :12002 9 1 20 :12002_7_1681076012.827722 1681076012.827266 :12002 :12000,:12004,:12012
[Sun Apr  9 2023 14:33:32.835551] r LSUPDATE :12004 9 1 13 :12004_38_1681076012.833478 1681075948.358973 :12004 :12012,:12002
[Sun Apr  9 2023 14:33:32.835755] r LSUPDATE :12002 9 1 20 :12002_10_1681076012.828440 1681076012.827266 :12002 :12000,:12004,:12012
[Sun Apr  9 2023 14:33:32.836031] r LSUPDATE :12002 9 1 20 :12002_13_1681076012.828511 1681076012.827266 :12002 :12000,:12004,:12012
	[4]	353NET/1.0 LSUPDATE
	[4]	TTL: 9
	[4]	Flood: 1;reason=1
	[4]	MessageID: :12002_9_1681076012.828416
	[4]	From: :12002
	[4]	OriginStartTime: 1681076012.827266
	[4]	Content-Length: 20
	[4]	
	[4]	:12000,:12004,:12012
[Sun Apr  9 2023 14:33:32.836185] i LSUPDATE :12012 8 1 20 :12002_12_1681076012.828503 1681076012.827266 :12002 :12000,:12004,:12012
	[4]	353NET/1.0 LSUPDATE
	[4]	TTL: 9
	[4]	Flood: 1;reason=1
	[4]	MessageID: :12002_12_1681076012.828503
	[4]	From: :12002
	[4]	OriginStartTime: 1681076012.827266
	[4]	Content-Length: 20
	[4]	
	[4]	:12000,:12004,:12012
[Sun Apr  9 2023 14:33:32.836295] i LSUPDATE :12012 9 1 13 :12012_43_1681076012.833183 1681075952.653016 :12012 :12004,:12002
	[4]	353NET/1.0 LSUPDATE
	[4]	TTL: 9
	[4]	Flood: 1;reason=3
	[4]	MessageID: :12012_43_1681076012.833183
	[4]	From: :12012
	[4]	OriginStartTime: 1681075952.653016
	[4]	Content-Length: 13
	[4]	
	[4]	:12004,:12002
[Sun Apr  9 2023 14:33:32.836430] i LSUPDATE :12012 8 1 20 :12002_15_1681076012.828892 1681076012.827266 :12002 :12000,:12004,:12012
	[4]	353NET/1.0 LSUPDATE
	[4]	TTL: 9
	[4]	Flood: 1;reason=3
	[4]	MessageID: :12002_15_1681076012.828892
	[4]	From: :12002
	[4]	OriginStartTime: 1681076012.827266
	[4]	Content-Length: 20
	[4]	
	[4]	:12000,:12004,:12012
[Sun Apr  9 2023 14:33:32.836529] i LSUPDATE :12012 8 1 20 :12002_18_1681076012.829726 1681076012.827266 :12002 :12000,:12004,:12012
	[4]	353NET/1.0 LSUPDATE
	[4]	TTL: 9
	[4]	Flood: 1;reason=3
	[4]	MessageID: :12002_18_1681076012.829726
	[4]	From: :12002
	[4]	OriginStartTime: 1681076012.827266
	[4]	Content-Length: 20
	[4]	
	[4]	:12000,:12004,:12012
[Sun Apr  9 2023 14:33:32.836628] i LSUPDATE :12012 8 1 13 :12004_38_1681076012.833478 1681075948.358973 :12004 :12012,:12002
	[4]	353NET/1.0 LSUPDATE
	[4]	TTL: 9
	[4]	Flood: 1;reason=3
	[4]	MessageID: :12004_38_1681076012.833478
	[4]	From: :12004
	[4]	OriginStartTime: 1681075948.358973
	[4]	Content-Length: 13
	[4]	
	[4]	:12012,:12002
[Sun Apr  9 2023 14:33:32.837434] r LSUPDATE :12002 9 1 13 :12004_39_1681076012.833488 1681075948.358973 :12004 :12012,:12002
[Sun Apr  9 2023 14:33:32.837630] i LSUPDATE :12012 8 1 13 :12004_39_1681076012.833488 1681075948.358973 :12004 :12012,:12002
	[2]	353NET/1.0 LSUPDATE
	[2]	TTL: 9
	[2]	Flood: 1;reason=3
	[2]	MessageID: :12004_39_1681076012.833488
	[2]	From: :12004
	[2]	OriginStartTime: 1681075948.358973
	[2]	Content-Length: 13
	[2]	
	[2]	:12012,:12002
[Sun Apr  9 2023 14:33:32.838074] r LSUPDATE :12004 9 1 13 :12012_37_1681076012.827519 1681075952.653016 :12012 :12004,:12002
[Sun Apr  9 2023 14:33:32.838389] r LSUPDATE :12004 9 1 13 :12012_39_1681076012.828265 1681075952.653016 :12012 :12004,:12002
[Sun Apr  9 2023 14:33:32.838671] r LSUPDATE :12004 9 1 13 :12004_32_1681076012.827247 1681075948.358973 :12004 :12012,:12002
[Sun Apr  9 2023 14:33:32.838682] i LSUPDATE :12012 8 1 13 :12012_37_1681076012.827519 1681075952.653016 :12012 :12004,:12002
	[4]	353NET/1.0 LSUPDATE
	[4]	TTL: 9
[Sun Apr  9 2023 14:33:32.838909] r LSUPDATE :12004 9 1 13 :12012_41_1681076012.829383 1681075952.653016 :12012 :12004,:12002
[Sun Apr  9 2023 14:33:32.839173] r LSUPDATE :12004 9 1 20 :12002_21_1681076012.831640 1681076012.827266 :12002 :12000,:12004,:12012
[Sun Apr  9 2023 14:33:32.839173] r LSUPDATE :12004 9 1 20 :12002_21_1681076012.831640 1681076012.827266 :12002 :12000,:12004,:12012
ood: 1;reason=1
[Sun Apr  9 2023 14:33:32.839429] r LSUPDATE :12004 9 1 13 :12004_34_1681076012.828509 1681075948.358973 :12004 :12012,:12002
[Sun Apr  9 2023 14:33:32.839429] r LSUPDATE :12004 9 1 13 :12004_34_1681076012.828509 1681075948.358973 :12004 :12012,:12002
	[4]	MessageID: :12012_37_1681076012.827519
	[4]	From: :12012
	[4]	From: :12012
[Sun Apr  9 2023 14:33:32.839716] r LSUPDATE :12004 9 1 13 :12004_36_1681076012.829009 1681075948.358973 :12004 :12012,:12002
	[4]	OriginStartTime: 1681075952.653016
	[4]	Content-Length: 13
	[4]	
	[4]	:12004,:12002
[Sun Apr  9 2023 14:33:32.840809] i LSUPDATE :12012 8 1 13 :12012_39_1681076012.828265 1681075952.653016 :12012 :12004,:12002
	[4]	353NET/1.0 LSUPDATE
	[4]	TTL: 9
	[4]	Flood: 1;reason=3
	[4]	MessageID: :12012_39_1681076012.828265
	[4]	From: :12012
	[4]	OriginStartTime: 1681075952.653016
	[4]	Content-Length: 13
	[4]	
	[4]	:12004,:12002
[Sun Apr  9 2023 14:33:32.841000] i LSUPDATE :12012 8 1 13 :12012_41_1681076012.829383 1681075952.653016 :12012 :12004,:12002
	[4]	353NET/1.0 LSUPDATE
	[4]	TTL: 9
	[4]	Flood: 1;reason=3
	[4]	MessageID: :12012_41_1681076012.829383
	[4]	From: :12012
	[4]	OriginStartTime: 1681075952.653016
	[4]	Content-Length: 13
	[4]	
	[4]	:12004,:12002
[Sun Apr  9 2023 14:33:32.841141] i LSUPDATE :12012 8 1 20 :12002_21_1681076012.831640 1681076012.827266 :12002 :12000,:12004,:12012
	[4]	353NET/1.0 LSUPDATE
	[4]	TTL: 9
	[4]	Flood: 1;reason=3
	[4]	MessageID: :12002_21_1681076012.831640
	[4]	From: :12002
	[4]	OriginStartTime: 1681076012.827266
	[4]	Content-Length: 20
	[4]	
	[4]	:12000,:12004,:12012
[Sun Apr  9 2023 14:33:32.841490] r LSUPDATE :12002 9 1 20 :12002_16_1681076012.828908 1681076012.827266 :12002 :12000,:12004,:12012
[Sun Apr  9 2023 14:33:32.841673] r LSUPDATE :12002 9 1 13 :12012_42_1681076012.833171 1681075952.653016 :12012 :12004,:12002
[Sun Apr  9 2023 14:33:32.841839] i LSUPDATE :12012 8 1 13 :12012_42_1681076012.833171 1681075952.653016 :12012 :12004,:12002
[Sun Apr  9 2023 14:33:32.841839] i LSUPDATE :12012 8 1 13 :12012_42_1681076012.833171 1681075952.653016 :12012 :12004,:12002
[Sun Apr  9 2023 14:33:32.841881] r LSUPDATE :12002 9 1 20 :12002_19_1681076012.829743 1681076012.827266 :12002 :12000,:12004,:12012
	[2]	353NET/1.0 LSUPDATE
	[2]	TTL: 9
	[2]	Flood: 1;reason=3
	[2]	MessageID: :12012_42_1681076012.833171
	[2]	From: :12012
	[2]	OriginStartTime: 1681075952.653016
	[2]	Content-Length: 13
	[2]	
	[2]	:12004,:12002
[Sun Apr  9 2023 14:33:32.842255] r LSUPDATE :12004 9 1 13 :12012_43_1681076012.833183 1681075952.653016 :12012 :12004,:12002
[Sun Apr  9 2023 14:33:32.842415] i LSUPDATE :12012 8 1 13 :12012_43_1681076012.833183 1681075952.653016 :12012 :12004,:12002
[Sun Apr  9 2023 14:33:32.842529] r LSUPDATE :12004 9 1 13 :12004_38_1681076012.833478 1681075948.358973 :12004 :12012,:12002
	[4]	353NET/1.0 LSUPDATE
	[4]	TTL: 9
	[4]	Flood: 1;reason=3
	[4]	MessageID: :12012_43_1681076012.833183
	[4]	From: :12012
	[4]	OriginStartTime: 1681075952.653016
	[4]	Content-Length: 13
	[4]	
	[4]	:12004,:12002
[Sun Apr  9 2023 14:33:32.842718] r LSUPDATE :12002 9 1 20 :12002_22_1681076012.831648 1681076012.827266 :12002 :12000,:12004,:12012
[Sun Apr  9 2023 14:33:47.550289] r LSUPDATE :12002 9 1 20 :12002_25_1681076027.549590 1681076012.827266 :12002 :12000,:12004,:12012
[Sun Apr  9 2023 14:33:47.550640] i LSUPDATE :12012 8 1 20 :12002_25_1681076027.549590 1681076012.827266 :12002 :12000,:12004,:12012
[Sun Apr  9 2023 14:33:47.550736] i LSUPDATE :12012 9 1 13 :12012_45_1681076027.550617 1681075952.653016 :12012 :12004,:12002
	[2]	353NET/1.0 LSUPDATE
	[2]	TTL: 9
.0 LSUPDATE
	[4]	353NET/1.0 LSUPDATE
	[2]	TTL: 9
	[4]	TTL: 9
	[2]	Flood: 1;reason=2
	[4]	Flood: 1;reason=3
	[2]	MessageID: :12002_25_1681076027.549590
	[4]	MessageID: :12012_45_1681076027.550617
	[2]	From: :12002
	[4]	From: :12012
	[2]	OriginStartTime: 1681076012.827266
	[4]	OriginStartTime: 1681075952.653016
	[2]	Content-Length: 20
	[4]	Content-Length: 13
	[2]	
	[4]	
	[2]	:12000,:12004,:12012
	[4]	:12004,:12002
[Sun Apr  9 2023 14:33:47.551118] i LSUPDATE :12012 9 1 13 :12012_44_1681076027.550593 1681075952.653016 :12012 :12004,:12002
	[2]	353NET/1.0 LSUPDATE
	[2]	TTL: 9
	[2]	Flood: 1;reason=3
	[2]	MessageID: :12012_44_1681076027.550593
	[2]	From: :12012
	[2]	OriginStartTime: 1681075952.653016
	[2]	Content-Length: 13
	[2]	
	[2]	:12004,:12002
[Sun Apr  9 2023 14:33:47.551523] r LSUPDATE :12004 9 1 20 :12002_24_1681076027.549492 1681076012.827266 :12002 :12000,:12004,:12012
[Sun Apr  9 2023 14:33:47.551760] i LSUPDATE :12012 8 1 20 :12002_24_1681076027.549492 1681076012.827266 :12002 :12000,:12004,:12012
[Sun Apr  9 2023 14:33:47.551880] r LSUPDATE :12004 9 1 13 :12004_40_1681076027.550507 1681075948.358973 :12004 :12012,:12002
	[4]	353NET/1.0 LSUPDATE
	[4]	TTL: 9
	[4]	Flood: 1;reason=2
	[4]	MessageID: :12002_24_1681076027.549492
	[4]	From: :12002
002_24_1681076027.549492
[Sun Apr  9 2023 14:33:47.551914] i LSUPDATE :12012 9 1 13 :12012_46_1681076027.551630 1681075952.653016 :12012 :12004,:12002
	[4]	From: :12002
	[4]	OriginStartTime: 1681076012.827266
	[4]	Content-Length: 20
	[4]	
	[4]	:12000,:12004,:12012
[Sun Apr  9 2023 14:33:47.552002] i LSUPDATE :12012 9 1 13 :12012_47_1681076027.551647 1681075952.653016 :12012 :12004,:12002
	[4]	353NET/1.0 LSUPDATE
	[4]	TTL: 9
	[4]	Flood: 1;reason=3
	[4]	MessageID: :12012_47_1681076027.551647
	[4]	From: :12012
	[4]	OriginStartTime: 1681075952.653016
	[4]	Content-Length: 13
	[4]	
	[4]	:12004,:12002
[Sun Apr  9 2023 14:33:47.552131] i LSUPDATE :12012 8 1 13 :12004_40_1681076027.550507 1681075948.358973 :12004 :12012,:12002
	[4]	353NET/1.0 LSUPDATE
	[4]	TTL: 9
	[4]	Flood: 1;reason=3
	[4]	MessageID: :12004_40_1681076027.550507
	[4]	From: :12004
	[2]	353NET/1.0 LSUPDATE
	[4]	OriginStartTime: 1681075948.358973
	[4]	Content-Length: 13

	[4]	Content-Length: 13
	[2]	TTL: 9
	[4]	
	[2]	Flood: 1;reason=3
	[4]	:12012,:12002
	[2]	MessageID: :12012_46_1681076027.551630
	[2]	From: :12012
	[2]	OriginStartTime: 1681075952.653016
	[2]	Content-Length: 13
	[2]	
r  9 2023 14:33:47.552303] i LSUPDATE :12012 9 1 13 :12012_49_1681076027.551946 1681075952.653016 :12012 :12004,:12002
51630 1	[2]	
r  9 2023 14:33:47.552303] i LSUPDATE :12012 9 1 13 :12012_49_1681076027.551946 1681075952.653016 :12012 :12004,:12002
	[2]	:12004,:12002
	[4]	353NET/1.0 LSUPDATE
	[4]	TTL: 9
.0 LSUPDATE
[Sun Apr  9 2023 14:33:47.552336] r LSUPDATE :12002 9 1 13 :12004_41_1681076027.550525 1681075948.358973 :12004 :12012,:12002
	[4]	TTL: 9
	[4]	TTL: 9
[Sun Apr  9 2023 14:33:47.552350] i LSUPDATE :12012 9 1 13 :12012_48_1681076027.551937 1681075952.653016 :12012 :12004,:12002
	[4]	Flood: 1;reason=3
	[4]	MessageID: :12012_49_1681076027.551946
	[4]	From: :12012
	[4]	OriginStartTime: 1681075952.653016
	[4]	Content-Length: 13
	[4]	
	[4]	:12004,:12002
[Sun Apr  9 2023 14:33:47.552614] r LSUPDATE :12004 9 1 13 :12004_42_1681076027.551534 1681075948.358973 :12004 :12012,:12002
[Sun Apr  9 2023 14:33:47.552614] r LSUPDATE :12004 9 1 13 :12004_42_1681076027.551534 1681075948.358973 :12004 :12012,:12002
	[2]	353NET/1.0 LSUPDATE
	[2]	TTL: 9
	[2]	Flood: 1;reason=3
	[2]	MessageID: :12012_48_1681076027.551937
	[2]	From: :12012
	[2]	OriginStartTime: 1681075952.653016
	[2]	Content-Length: 13
	[2]	
	[2]	:12004,:12002
[Sun Apr  9 2023 14:33:47.552750] i LSUPDATE :12012 8 1 13 :12004_41_1681076027.550525 1681075948.358973 :12004 :12012,:12002
	[2]	353NET/1.0 LSUPDATE
	[2]	TTL: 9
[Sun Apr  9 2023 14:33:47.552808] i LSUPDATE :12012 8 1 13 :12004_42_1681076027.551534 1681075948.358973 :12004 :12012,:12002
	[2]	Flood: 1;reason=3
	[2]	MessageID: :12004_41_1681076027.550525
:12012 8 1 13 :12004_42_1681076027.551534 1681075948.358973 :12004 :12012,:12002
	[2]	MessageID: :12004_41_1681076027.550525
	[2]	From: :12004
	[2]	OriginStartTime: 1681075948.358973
	[2]	Content-Length: 13
	[2]	
	[2]	:12012,:12002
[Sun Apr  9 2023 14:33:47.552883] r LSUPDATE :12002 9 1 20 :12002_25_1681076027.549590 1681076012.827266 :12002 :12000,:12004,:12012
[Sun Apr  9 2023 14:33:47.553024] r LSUPDATE :12004 9 1 13 :12004_44_1681076027.552053 1681075948.358973 :12004 :12012,:12002
	[4]	353NET/1.0 LSUPDATE
	[4]	TTL: 9
	[4]	Flood: 1;reason=3
	[4]	MessageID: :12004_42_1681076027.551534
	[4]	From: :12004
	[4]	OriginStartTime: 1681075948.358973
	[4]	Content-Length: 13
	[4]	
	[4]	:12012,:12002
[Sun Apr  9 2023 14:33:47.553187] i LSUPDATE :12012 8 1 13 :12004_44_1681076027.552053 1681075948.358973 :12004 :12012,:12002
	[4]	353NET/1.0 LSUPDATE
	[4]	TTL: 9
	[4]	Flood: 1;reason=3
	[4]	MessageID: :12004_44_1681076027.552053
	[4]	From: :12004
	[4]	OriginStartTime: 1681075948.358973
	[4]	Content-Length: 13
	[4]	
	[4]	:12012,:12002
[Sun Apr  9 2023 14:33:47.553588] r LSUPDATE :12002 9 1 13 :12002_27_1681076027.552196 1681076012.827266 :12002 :12004,:12012
[Sun Apr  9 2023 14:33:47.553676] i LSUPDATE :12012 8 1 13 :12002_27_1681076027.552196 1681076012.827266 :12002 :12004,:12012
	[2]	353NET/1.0 LSUPDATE
	[2]	TTL: 9
	[2]	Flood: 1;reason=3
	[2]	MessageID: :12002_27_1681076027.552196
	[2]	From: :12002
	[2]	OriginStartTime: 1681076012.827266
[Sun Apr  9 2023 14:33:47.553906] r LSUPDATE :12002 9 1 13 :12004_43_1681076027.551621 1681075948.358973 :12004 :12012,:12002
[Sun Apr  9 2023 14:33:47.553906] r LSUPDATE :12002 9 1 13 :12004_43_1681076027.551621 1681075948.358973 :12004 :12012,:12002
	[2]	Content-Length: 13
	[2]	
	[2]	:12004,:12012
[Sun Apr  9 2023 14:33:47.553964] i LSUPDATE :12012 9 1 13 :12012_50_1681076027.553665 1681075952.653016 :12012 :12004,:12002
	[2]	353NET/1.0 LSUPDATE
	[2]	TTL: 9
	[2]	Flood: 1;reason=3
	[2]	MessageID: :12012_50_1681076027.553665
	[2]	From: :12012
	[2]	OriginStartTime: 1681075952.653016
	[2]	Content-Length: 13
	[2]	
	[2]	:12004,:12002
[Sun Apr  9 2023 14:33:47.554084] i LSUPDATE :12012 8 1 13 :12004_43_1681076027.551621 1681075948.358973 :12004 :12012,:12002
	[2]	353NET/1.0 LSUPDATE
	[2]	TTL: 9
	[2]	Flood: 1;reason=3
	[2]	MessageID: :12004_43_1681076027.551621
	[2]	From: :12004
	[2]	OriginStartTime: 1681075948.358973
	[2]	Content-Length: 13
	[2]	
	[2]	:12012,:12002
[Sun Apr  9 2023 14:33:47.554186] r LSUPDATE :12002 9 1 13 :12002_29_1681076027.552517 1681076012.827266 :12002 :12004,:12012
[Sun Apr  9 2023 14:33:47.554419] i LSUPDATE :12012 9 1 13 :12012_51_1681076027.553676 1681075952.653016 :12012 :12004,:12002
	[4]	353NET/1.0 LSUPDATE
[Sun Apr  9 2023 14:33:47.554476] r LSUPDATE :12002 9 1 13 :12012_44_1681076027.550593 1681075952.653016 :12012 :12004,:12002
[Sun Apr  9 2023 14:33:47.554476] r LSUPDATE :12002 9 1 13 :12012_44_1681076027.550593 1681075952.653016 :12012 :12004,:12002
	[4]	TTL: 9
	[4]	Flood: 1;reason=3
	[4]	MessageID: :12012_51_1681076027.553676
	[4]	From: :12012
	[4]	OriginStartTime: 1681075952.653016
	[4]	Content-Length: 13
	[4]	
	[4]	:12004,:12002
[Sun Apr  9 2023 14:33:47.554567] i LSUPDATE :12012 9 1 13 :12012_53_1681076027.554532 1681075952.653016 :12012 :12004,:12002
	[4]	353NET/1.0 LSUPDATE
	[4]	TTL: 9
.0 LSUPDATE
[Sun Apr  9 2023 14:33:47.554610] i LSUPDATE :12012 8 1 13 :12002_29_1681076027.552517 1681076012.827266 :12002 :12004,:12012
	[4]	TTL: 9
	[4]	Flood: 1;reason=3
	[4]	MessageID: :12012_53_1681076027.554532
	[4]	From: :12012
	[4]	OriginStartTime: 1681075952.653016
	[4]	Content-Length: 13
	[4]	
	[4]	:12004,:12002
	[2]	353NET/1.0 LSUPDATE
	[2]	TTL: 9
	[2]	Flood: 1;reason=3
	[2]	MessageID: :12002_29_1681076027.552517
	[2]	From: :12002
	[2]	OriginStartTime: 1681076012.827266
	[2]	Content-Length: 13
	[2]	
	[2]	:12004,:12012
[Sun Apr  9 2023 14:33:47.554788] i LSUPDATE :12012 8 1 13 :12012_44_1681076027.550593 1681075952.653016 :12012 :12004,:12002
	[2]	353NET/1.0 LSUPDATE
	[2]	TTL: 9
	[2]	Flood: 1;reason=3
	[2]	MessageID: :12012_44_1681076027.550593
	[2]	From: :12012
	[2]	OriginStartTime: 1681075952.653016
	[2]	Content-Length: 13
	[2]	
	[2]	:12004,:12002
[Sun Apr  9 2023 14:33:47.554947] i LSUPDATE :12012 9 1 13 :12012_52_1681076027.554523 1681075952.653016 :12012 :12004,:12002
	[2]	353NET/1.0 LSUPDATE
	[2]	TTL: 9
	[2]	Flood: 1;reason=3
	[2]	MessageID: :12012_52_1681076027.554523
	[2]	From: :12012
	[2]	OriginStartTime: 1681075952.653016
	[2]	Content-Length: 13
	[2]	
	[2]	:12004,:12002
[Sun Apr  9 2023 14:33:47.555176] r LSUPDATE :12004 9 1 13 :12012_45_1681076027.550617 1681075952.653016 :12012 :12004,:12002
[Sun Apr  9 2023 14:33:47.555264] r LSUPDATE :12002 9 1 13 :12002_31_1681076027.553227 1681076012.827266 :12002 :12004,:12012
[Sun Apr  9 2023 14:33:47.555394] i LSUPDATE :12012 8 1 13 :12002_31_1681076027.553227 1681076012.827266 :12002 :12004,:12012
[Sun Apr  9 2023 14:33:47.555415] i LSUPDATE :12012 8 1 13 :12012_45_1681076027.550617 1681075952.653016 :12012 :12004,:12002
	[4]	353NET/1.0 LSUPDATE
	[4]	TTL: 9
	[4]	Flood: 1;reason=3
	[4]	MessageID: :12012_45_1681076027.550617
	[4]	From: :12012
	[4]	OriginStartTime: 1681075952.653016
	[4]	Content-Length: 13
	[4]	
	[4]	:12004,:12002
	[2]	353NET/1.0 LSUPDATE
	[2]	TTL: 9
	[2]	Flood: 1;reason=3
	[2]	MessageID: :12002_31_1681076027.553227
	[2]	From: :12002
	[2]	OriginStartTime: 1681076012.827266
	[2]	Content-Length: 13
	[2]	
	[2]	:12004,:12012
[Sun Apr  9 2023 14:33:47.555914] r LSUPDATE :12004 9 1 13 :12002_26_1681076027.552182 1681076012.827266 :12002 :12004,:12012
[Sun Apr  9 2023 14:33:47.556149] r LSUPDATE :12002 9 1 13 :12002_33_1681076027.553745 1681076012.827266 :12002 :12004,:12012
[Sun Apr  9 2023 14:33:47.556199] r LSUPDATE :12004 9 1 13 :12004_46_1681076027.553085 1681075948.358973 :12004 :12012,:12002
[Sun Apr  9 2023 14:33:47.556277] i LSUPDATE :12012 8 1 13 :12002_26_1681076027.552182 1681076012.827266 :12002 :12004,:12012
[Sun Apr  9 2023 14:33:47.556330] i LSUPDATE :12012 8 1 13 :12002_33_1681076027.553745 1681076012.827266 :12002 :12004,:12012
	[2]	353NET/1.0 LSUPDATE
	[2]	TTL: 9
.0 LSUPDATE
	[4]	353NET/1.0 LSUPDATE
	[2]	TTL: 9
	[4]	TTL: 9
	[2]	Flood: 1;reason=3
	[4]	Flood: 1;reason=3
	[2]	MessageID: :12002_33_1681076027.553745
	[4]	MessageID: :12002_26_1681076027.552182
	[2]	From: :12002
	[4]	From: :12002
	[2]	OriginStartTime: 1681076012.827266
	[4]	OriginStartTime: 1681076012.827266
	[2]	Content-Length: 13
	[4]	Content-Length: 13
	[2]	
	[4]	
	[2]	:12004,:12012
	[4]	:12004,:12012
[Sun Apr  9 2023 14:33:47.556509] i LSUPDATE :12012 8 1 13 :12004_46_1681076027.553085 1681075948.358973 :12004 :12012,:12002
	[4]	353NET/1.0 LSUPDATE
	[4]	TTL: 9
	[4]	Flood: 1;reason=3
	[4]	MessageID: :12004_46_1681076027.553085
	[4]	From: :12004
	[4]	OriginStartTime: 1681075948.358973
	[4]	Content-Length: 13
	[4]	
	[4]	:12012,:12002
[Sun Apr  9 2023 14:33:47.556657] r LSUPDATE :12002 9 1 13 :12002_35_1681076027.554067 1681076012.827266 :12002 :12004,:12012
[Sun Apr  9 2023 14:33:47.556923] r LSUPDATE :12004 9 1 13 :12004_48_1681076027.553286 1681075948.358973 :12004 :12012,:12002
[Sun Apr  9 2023 14:33:47.557024] r LSUPDATE :12002 9 1 13 :12002_37_1681076027.554460 1681076012.827266 :12002 :12004,:12012
[Sun Apr  9 2023 14:33:47.557227] r LSUPDATE :12004 9 1 13 :12002_28_1681076027.552510 1681076012.827266 :12002 :12004,:12012
[Sun Apr  9 2023 14:33:47.557335] i LSUPDATE :12012 8 1 13 :12002_35_1681076027.554067 1681076012.827266 :12002 :12004,:12012
[Sun Apr  9 2023 14:33:47.557472] i LSUPDATE :12012 8 1 13 :12004_48_1681076027.553286 1681075948.358973 :12004 :12012,:12002
	[4]	353NET/1.0 LSUPDATE
	[4]	TTL: 9
	[4]	Flood: 1;reason=3

	[2]	353NET/1.0 LSUPDATE
	[4]	Flood: 1;reason=3
	[2]	TTL: 9
	[4]	MessageID: :12004_48_1681076027.553286
	[2]	Flood: 1;reason=3
	[4]	From: :12004
	[2]	MessageID: :12002_35_1681076027.554067
	[4]	OriginStartTime: 1681075948.358973
	[4]	Content-Length	[4]	Content-Length: 13
	[2]	OriginStartTime: 1681076012.827266
	[4]	
	[2]	Content-Length: 13
	[4]	:12012,:12002
	[2]	
	[2]	:12004,:12012
[Sun Apr  9 2023 14:33:47.557659] i LSUPDATE :12012 8 1 13 :12002_28_1681076027.552510 1681076012.827266 :12002 :12004,:12012
[Sun Apr  9 2023 14:33:47.557672] i LSUPDATE :12012 8 1 13 :12002_37_1681076027.554460 1681076012.827266 :12002 :12004,:12012
[Sun Apr  9 2023 14:33:47.557672] i LSUPDATE :12012 8 1 13 :12002_37_1681076027.554460 1681076012.827266 :12002 :12004,:12012
	[4]	353NET/1.0 LSUPDATE
	[4]	TTL: 9
	[4]	Flood: 1;reason=3
	[4]	MessageID: :12002_28_1681076027.552510
	[2]	353NET/1.0 LSUPDATE
2004 9 1 13 :12002_30_1681076027.553146 1681076012.827266 :12002 :12004,:12012
	[4]	MessageID: :12002_28_1681076027.552510
	[4]	MessageID: :12002_28_1681076027.552510
	[2]	353NET/1.0 LSUPDATE
	[4]	From: :12002
	[2]	TTL: 9
	[4]	OriginStartTime: 1681076012.827266
	[2]	Flood: 1;reason=3
	[4]	Content-Length: 13
	[2]	MessageID: :12002_37_1681076027.554460
	[4]	
	[2]	From: :12002
	[4]	:12004,:12012
	[2]	OriginStartTime: 1681076012.827266
	[2]	Content-Length: 13
	[2]	
	[2]	:12004,:12012
	[2]	:12004,:12012
[Sun Apr  9 2023 14:33:47.557829] i LSUPDATE :12012 8 1 13 :12002_30_1681076027.553146 1681076012.827266 :12002 :12004,:12012
	[4]	353NET/1.0 LSUPDATE
	[4]	TTL: 9
	[4]	Flood: 1;reason=3
	[4]	MessageID: :12002_30_1681076027.553146
	[4]	From: :12002
	[4]	OriginStartTime: 1681076012.827266
	[4]	Content-Length: 13
	[4]	
	[4]	:12004,:12012
[Sun Apr  9 2023 14:33:47.557993] r LSUPDATE :12004 9 1 13 :12004_50_1681076027.554458 1681075948.358973 :12004 :12012,:12002
[Sun Apr  9 2023 14:33:47.558364] i LSUPDATE :12012 8 1 13 :12004_50_1681076027.554458 1681075948.358973 :12004 :12012,:12002
	[4]	353NET/1.0 LSUPDATE
	[4]	TTL: 9
[Sun Apr  9 2023 14:33:47.558429] r LSUPDATE :12004 9 1 13 :12002_32_1681076027.553726 1681076012.827266 :12002 :12004,:12012
[Sun Apr  9 2023 14:33:47.558775] r LSUPDATE :12004 9 1 13 :12012_47_1681076027.551647 1681075952.653016 :12012 :12004,:12002
[Sun Apr  9 2023 14:33:47.558840] r LSUPDATE :12002 9 1 13 :12004_45_1681076027.552121 1681075948.358973 :12004 :12012,:12002
[Sun Apr  9 2023 14:33:47.559075] r LSUPDATE :12004 9 1 13 :12002_34_1681076027.554058 1681076012.827266 :12002 :12004,:12012
	[4]	Flood: 1;reason=3
	[4]	MessageID: :12004_50_1681076027.554458
	[4]	From: :12004
	[4]	OriginStartTime: 1681075948.358973
	[4]	Content-Length: 13
	[4]	
	[4]	:12012,:12002
[Sun Apr  9 2023 14:33:47.559201] r LSUPDATE :12002 9 1 13 :12012_46_1681076027.551630 1681075952.653016 :12012 :12004,:12002
[Sun Apr  9 2023 14:33:47.559231] i LSUPDATE :12012 8 1 13 :12002_32_1681076027.553726 1681076012.827266 :12002 :12004,:12012
[Sun Apr  9 2023 14:33:47.559482] r LSUPDATE :12004 9 1 13 :12004_40_1681076027.550507 1681075948.358973 :12004 :12012,:12002
	[4]	353NET/1.0 LSUPDATE
	[4]	TTL: 9
	[4]	Flood: 1;reason=3
	[4]	MessageID: :12002_32_1681076027.553726
	[4]	From: :12002
	[4]	OriginStartTime: 1681076012.827266
	[4]	Content-Length: 13
	[4]	
	[4]	:12004,:12012
[Sun Apr  9 2023 14:33:47.559901] r LSUPDATE :12002 9 1 13 :12012_48_1681076027.551937 1681075952.653016 :12012 :12004,:12002
[Sun Apr  9 2023 14:33:47.559931] i LSUPDATE :12012 8 1 13 :12012_47_1681076027.551647 1681075952.653016 :12012 :12004,:12002
[Sun Apr  9 2023 14:33:47.560090] i LSUPDATE :12012 8 1 13 :12004_45_1681076027.552121 1681075948.358973 :12004 :12012,:12002
	[2]	353NET/1.0 LSUPDATE
	[2]	TTL: 9
	[2]	Flood: 1;reason=3
	[2]	MessageID: :12004_45_1681076027.552121
	[2]	From: :12004
	[2]	OriginStartTime: 1681075948.358973
	[2]	Content-Length: 13
	[2]	
	[2]	:12012,:12002
[Sun Apr  9 2023 14:33:47.560366] i LSUPDATE :12012 8 1 13 :12012_46_1681076027.551630 1681075952.653016 :12012 :12004,:12002
[Sun Apr  9 2023 14:33:47.560374] r LSUPDATE :12002 9 1 13 :12002_39_1681076027.557171 1681076012.827266 :12002 :12004,:12012
	[2]	353NET/1.0 LSUPDATE
	[2]	TTL: 9
	[2]	Flood: 1;reason=3
	[2]	MessageID: :12012_46_1681076027.551630
	[2]	From: :12012
	[2]	OriginStartTime: 1681075952.653016
	[2]	Content-Length: 13
	[2]	
	[2]	:12004,:12002
[Sun Apr  9 2023 14:33:47.560510] i LSUPDATE :12012 8 1 13 :12012_48_1681076027.551937 1681075952.653016 :12012 :12004,:12002
[Sun Apr  9 2023 14:33:47.560515] r LSUPDATE :12004 9 1 13 :12002_36_1681076027.554444 1681076012.827266 :12002 :12004,:12012
	[2]	353NET/1.0 LSUPDATE
	[2]	TTL: 9
	[2]	Flood: 1;reason=3
	[2]	MessageID: :12012_48_1681076027.551937
	[2]	From: :12012
	[2]	OriginStartTime: 1681075952.653016
	[2]	Content-Length: 13
	[2]	
	[2]	:12004,:12002
[Sun Apr  9 2023 14:33:47.560622] i LSUPDATE :12012 8 1 13 :12002_39_1681076027.557171 1681076012.827266 :12002 :12004,:12012
	[2]	353NET/1.0 LSUPDATE
	[2]	TTL: 9
	[2]	Flood: 1;reason=3
 2023 14:33:47.560668] r LSUPDATE :12002 9 1 13 :12004_47_1681076027.553104 1681075948.358973 :12004 :12012,:12002
	[2]	Flood: 1;reason=3
	[2]	MessageID: :12002_39_1681076027.557171
	[2]	From: :12002
	[2]	OriginStartTime: 1681076012.827266
	[2]	Content-Length: 13
	[2]	
	[2]	:12004,:12012
[Sun Apr  9 2023 14:33:47.560772] i LSUPDATE :12012 8 1 13 :12004_47_1681076027.553104 1681075948.358973 :12004 :12012,:12002
	[2]	353NET/1.0 LSUPDATE
	[2]	TTL: 9
	[2]	Flood: 1;reason=3
	[2]	MessageID: :12004_47_1681076027.553104
3:47.560833] r LSUPDATE :12004 9 1 13 :12012_49_1681076027.551946 1681075952.653016 :12012 :12004,:12002
	[2]	MessageID: :12004_47_1681076027.553104
	[2]	From: :12004
	[2]	OriginStartTime: 1681075948.358973
	[2]	Content-Length: 13
	[2]	
	[2]	:12012,:12002
[Sun Apr  9 2023 14:33:47.560934] r LSUPDATE :12002 9 1 13 :12004_49_1681076027.553303 1681075948.358973 :12004 :12012,:12002
	[4]	353NET/1.0 LSUPDATE
	[4]	TTL: 9
	[4]	Flood: 1;reason=3
	[4]	MessageID: :12012_47_1681076027.551647
	[4]	From: :12012
	[4]	OriginStartTime: 1681075952.653016
	[4]	Content-Length: 13
	[4]	
	[4]	:12004,:12002
[Sun Apr  9 2023 14:33:47.561102] i LSUPDATE :12012 8 1 13 :12004_49_1681076027.553303 1681075948.358973 :12004 :12012,:12002
[Sun Apr  9 2023 14:33:47.561146] i LSUPDATE :12012 8 1 13 :12002_34_1681076027.554058 1681076012.827266 :12002 :12004,:12012
	[4]	353NET/1.0 LSUPDATE
	[4]	TTL: 9
	[4]	Flood: 1;reason=3
	[4]	MessageID: :12002_34_1681076027.554058
	[4]	From: :12002
	[4]	OriginStartTime: 1681076012.827266
	[2]	353NET/1.0 LSUPDATE
	[2]	353NET/1.0 LSUPDATE
	[4]	Content-Length: 13
	[2]	TTL: 9
	[4]	
	[2]	Flood: 1;reason=3
	[4]	:12004,:12012
	[2]	MessageID: :12004_49_1681076027.553303
	[2]	From: :12004
	[2]	OriginStartTime: 1681075948.358973
	[2]	Content-Length: 13
	[2]	
	[2]	:12012,:12002
[Sun Apr  9 2023 14:33:47.561301] r LSUPDATE :12004 9 1 13 :12004_42_1681076027.551534 1681075948.358973 :12004 :12012,:12002
[Sun Apr  9 2023 14:33:47.561301] r LSUPDATE :12004 9 1 13 :12004_42_1681076027.551534 1681075948.358973 :12004 :12012,:12002
[Sun Apr  9 2023 14:33:47.561318] r LSUPDATE :12002 9 1 13 :12002_27_1681076027.552196 1681076012.827266 :12002 :12004,:12012
[Sun Apr  9 2023 14:33:47.561524] r LSUPDATE :12004 9 1 13 :12004_44_1681076027.552053 1681075948.358973 :12004 :12012,:12002
[Sun Apr  9 2023 14:33:47.561590] r LSUPDATE :12002 9 1 13 :12004_51_1681076027.554469 1681075948.358973 :12004 :12012,:12002
[Sun Apr  9 2023 14:33:47.561683] r LSUPDATE :12004 9 1 13 :12012_51_1681076027.553676 1681075952.653016 :12012 :12004,:12002
[Sun Apr  9 2023 14:33:47.561740] i LSUPDATE :12012 8 1 13 :12004_51_1681076027.554469 1681075948.358973 :12004 :12012,:12002
	[2]	353NET/1.0 LSUPDATE
	[2]	TTL: 9
	[2]	TTL: 9
[Sun Apr  9 2023 14:33:47.561301] i LSUPDATE :12012 8 1 13 :12002_36_1681076027.554444 1681076012.827266 :12002 :12004,:12012
	[2]	Flood: 1;reason=3
	[2]	MessageID: :12004_51_1681076027.554469
	[2]	From: :12004
	[2]	OriginStartTime: 1681075948.358973
	[2]	Content-Length: 13
	[2]	
	[2]	:12012,:12002
	[4]	353NET/1.0 LSUPDATE
	[4]	TTL: 9
	[4]	Flood: 1;reason=3
	[4]	MessageID: :12002_36_1681076027.554444
	[4]	From: :12002
	[4]	OriginStartTime: 1681076012.827266
	[4]	Content-Length: 13
	[4]	
	[4]	:12004,:12012
[Sun Apr  9 2023 14:33:47.562196] i LSUPDATE :12012 8 1 13 :12012_49_1681076027.551946 1681075952.653016 :12012 :12004,:12002
	[4]	353NET/1.0 LSUPDATE
	[4]	TTL: 9
.0 LSUPDATE
[Sun Apr  9 2023 14:33:47.562228] r LSUPDATE :12002 9 1 13 :12012_50_1681076027.553665 1681075952.653016 :12012 :12004,:12002
	[4]	TTL: 9
	[4]	Flood: 1;reason=3
	[4]	MessageID: :12012_49_1681076027.551946
	[4]	From: :12012
	[4]	OriginStartTime: 1681075952.653016
	[4]	Content-Length: 13
	[4]	
	[4]	:12004,:12002
[Sun Apr  9 2023 14:33:47.562336] i LSUPDATE :12012 8 1 13 :12012_51_1681076027.553676 1681075952.653016 :12012 :12004,:12002
	[4]	353NET/1.0 LSUPDATE
	[4]	TTL: 9
	[4]	Flood: 1;reason=3
	[4]	MessageID: :12012_51_1681076027.553676
	[4]	From: :12012
	[4]	OriginStartTime: 1681075952.653016
	[4]	Content-Length: 13
	[4]	
	[4]	:12004,:12002
[Sun Apr  9 2023 14:33:47.562434] i LSUPDATE :12012 8 1 13 :12012_50_1681076027.553665 1681075952.653016 :12012 :12004,:12002
	[2]	353NET/1.0 LSUPDATE
	[2]	TTL: 9
	[2]	Flood: 1;reason=3
	[2]	MessageID: :12012_50_1681076027.553665
	[2]	From: :12012
	[2]	OriginStartTime: 1681075952.653016
	[2]	Content-Length: 13
	[2]	
	[2]	:12004,:12002
[Sun Apr  9 2023 14:33:47.562662] r LSUPDATE :12004 9 1 13 :12012_53_1681076027.554532 1681075952.653016 :12012 :12004,:12002
[Sun Apr  9 2023 14:33:47.562789] r LSUPDATE :12002 9 1 13 :12002_29_1681076027.552517 1681076012.827266 :12002 :12004,:12012
[Sun Apr  9 2023 14:33:47.562967] r LSUPDATE :12004 9 1 13 :12002_38_1681076027.557155 1681076012.827266 :12002 :12004,:12012
[Sun Apr  9 2023 14:33:47.563029] r LSUPDATE :12002 9 1 13 :12012_52_1681076027.554523 1681075952.653016 :12012 :12004,:12002
[Sun Apr  9 2023 14:33:47.563177] i LSUPDATE :12012 8 1 13 :12012_52_1681076027.554523 1681075952.653016 :12012 :12004,:12002
[Sun Apr  9 2023 14:33:47.563259] i LSUPDATE :12012 8 1 13 :12012_53_1681076027.554532 1681075952.653016 :12012 :12004,:12002
[Sun Apr  9 2023 14:33:47.563259] i LSUPDATE :12012 8 1 13 :12012_53_1681076027.554532 1681075952.653016 :12012 :12004,:12002
	[2]	353NET/1.0 LSUPDATE
	[2]	TTL: 9
	[2]	Flood: 1;reason=3
	[2]	MessageID: :12012_52_1681076027.554523
	[2]	From: :12012
	[2]	OriginStartTime: 1681075952.653016
	[2]	Content-Length: 13
[Sun Apr  9 2023 14:33:47.563337] r LSUPDATE :12004 9 1 13 :12004_46_1681076027.553085 1681075948.358973 :12004 :12012,:12002
[Sun Apr  9 2023 14:33:47.563337] r LSUPDATE :12004 9 1 13 :12004_46_1681076027.553085 1681075948.358973 :12004 :12012,:12002
	[2]	
	[2]	:12004,:12002
[Sun Apr  9 2023 14:33:47.563499] r LSUPDATE :12002 9 1 13 :12002_31_1681076027.553227 1681076012.827266 :12002 :12004,:12012
[Sun Apr  9 2023 14:33:47.563562] r LSUPDATE :12004 9 1 13 :12004_48_1681076027.553286 1681075948.358973 :12004 :12012,:12002
[Sun Apr  9 2023 14:33:47.563757] r LSUPDATE :12004 9 1 13 :12004_50_1681076027.554458 1681075948.358973 :12004 :12012,:12002
[Sun Apr  9 2023 14:33:47.563757] r LSUPDATE :12004 9 1 13 :12004_50_1681076027.554458 1681075948.358973 :12004 :12012,:12002
[Sun Apr  9 2023 14:33:47.563764] r LSUPDATE :12002 9 1 13 :12002_33_1681076027.553745 1681076012.827266 :12002 :12004,:12012
	[4]	353NET/1.0 LSUPDATE
	[4]	TTL: 9
	[4]	Flood: 1;reason=3
	[4]	MessageID: :12012_53_1681076027.554532
	[4]	From: :12012
	[4]	OriginStartTime: 1681075952.653016
	[4]	Content-Length: 13
	[4]	
	[4]	:12004,:12002
[Sun Apr  9 2023 14:33:47.564228] i LSUPDATE :12012 8 1 13 :12002_38_1681076027.557155 1681076012.827266 :12002 :12004,:12012
	[4]	353NET/1.0 LSUPDATE
	[4]	TTL: 9
	[4]	Flood: 1;reason=3
	[4]	MessageID: :12002_38_1681076027.557155
	[4]	From: :12002
	[4]	OriginStartTime: 1681076012.827266
	[4]	Content-Length: 13
	[4]	
	[4]	:12004,:12012
[Sun Apr  9 2023 14:33:47.564419] r LSUPDATE :12002 9 1 13 :12002_35_1681076027.554067 1681076012.827266 :12002 :12004,:12012
[Sun Apr  9 2023 14:33:47.564713] r LSUPDATE :12002 9 1 13 :12002_37_1681076027.554460 1681076012.827266 :12002 :12004,:12012
[Sun Apr  9 2023 14:33:47.564940] r LSUPDATE :12002 9 1 13 :12002_39_1681076027.557171 1681076012.827266 :12002 :12004,:12012
[Sun Apr  9 2023 14:33:59.943459] i LSUPDATE :12012 9 1 6 :12012_54_1681076039.943321 1681075952.653016 :12012 :12002
[Sun Apr  9 2023 14:33:59.943459] i LSUPDATE :12012 9 1 6 :12012_54_1681076039.943321 1681075952.653016 :12012 :12002
[Sun Apr  9 2023 14:33:59.943598] Socket-writing thread has terminated
	[4]	353NET/1.0 LSUPDATE
	[4]	TTL: 9
	[4]	Flood: 1;reason=2
	[4]	MessageID: :12012_54_1681076039.943321
	[4]	From: :12012
	[4]	OriginStartTime: 1681075952.653016
	[4]	Content-Length: 6
	[4]	
	[4]	:12002
[Sun Apr  9 2023 14:33:59.944314] Socket-reading thread has joined with socket-writing thread
[Sun Apr  9 2023 14:33:59.944682] Socket-writing thread has terminated
[Sun Apr  9 2023 14:33:59.945136] Socket-reading thread has joined with socket-writing thread
[Sun Apr  9 2023 14:33:59.945188] Reaper has joined with connection thread.
[Sun Apr  9 2023 14:34:00.663143] STOP: port=12012
