+-+-+-+-+-+-+-+-+-+-+-+-+-+-+-+-+-+-+-+-+-+-+-+-+-+-+-+-+-+-+-+-+
|5 4 3 2 3 4|9 0 1|2 1 0 9|8 9|4|1 0 1|2|3 2 1 0|9 8|7 6 7|4 5|6|
+-+-+-+ +-+-+ +-+-+-+ + + + +-+ + + +-+ + + +-+ +-+ +-+ +-+ +-+ +
|0 1|8|1 0 9|8 7 8|3 2|1|8 7|4 3 2|9 0|1|4|3|0 9 8 7|6 5 4|3 4 5|
+ +-+ +-+-+ + + +-+-+-+-+-+ + +-+-+ +-+ + + +-+ +-+ +-+-+ + +-+-+
|9 8 7|6 7 8|9|6 5|4|5 4|7 6 5|6 7 8 9 0|5|4|3|0|7 6 7|4 3 2 1|8|
+-+-+ + +-+-+-+ + + +-+ +-+-+-+ +-+ + + +-+-+ + + + +-+ + + + + +
|4|5 6|5 6|3|0|7|4 3 2 3|0|7 6 5 4|9|0|1 2|3 2 1|8|5|6|5|4|3|0|7|
+ + +-+ +-+ + + +-+-+ +-+ +-+-+-+ +-+-+ +-+ +-+-+-+ + +-+-+-+ + +
|3 4|7|4 3 2 1|8 9|2 1 0 9 0|5 4 3 2|1|2 3|4|3 2 3 4 5|4 3|8 9|6|
+ + + +-+-+-+ +-+-+-+ + + + +-+-+-+ + + + +-+-+ + +-+-+-+ + +-+ +
|2|5 6|3 4 5|2 3|6|3 2|1|8|1 2 3 4|1 0|3|4|1|0 1|4|5 4 3 2|7 6 5|
+ +-+-+ +-+-+ + + + +-+ + + +-+-+ +-+ +-+-+ + +-+-+-+-+-+ +-+-+ +
|1|0 1 2|5 4 3|4|5 4|3 2|7|2 3|6 5|8 9 0 1|0|9 0|9|8 9|2 1 2|3 4|
+ + +-+-+ + +-+-+-+-+-+-+ + +-+ + + +-+ + + + +-+ + +-+-+ +-+ +-+
|0 9 8 7 6|5 6|7 8|9|4 5 6|3|8 7|6 7 8|1|2|9 8|9 8 7|8 9 0 1 2 3|
+ +-+ +-+-+-+-+ +-+ + + +-+-+ +-+ +-+-+ + +-+ +-+-+ + +-+-+ +-+-+
|1|0 9 0|3|6|7 6 7 8|3|6 7 8|9 0|7|0|7|2|3|6 7 8 9|6|7|4 3 2 3|4|
+-+ + + + + +-+ + +-+ +-+-+ +-+-+-+ + + +-+ + +-+ + + +-+-+-+-+ +
|2 1|0|1 2|5 4 5|8|1|2 3|0 9|6 7 8 9|6|3 4 5|8|1 0|5 6|7 6 5 4 3|
+ +-+-+-+-+-+ +-+ + + +-+-+ + +-+-+-+ + +-+ +-+ +-+ + +-+ +-+-+ +
|3 4 5|6 5 4 3|4|9 0 1 2|1 0|5 4|5|6 5 4|7 6 7|2 3 4|7 8|7 8 9|2|
+-+ +-+ + +-+ + +-+-+ + + + +-+ + + +-+-+-+-+ + +-+-+-+-+ + + + +
|6 5|8|7|6|1 2|3 4 5|2|3|2|1 2 3 4|7|4|5 6|9 8|3|6 7 8 9|8|9|0|1|
+ + + +-+-+ +-+ + + +-+-+-+ + +-+-+-+ + +-+-+-+-+ +-+ +-+-+-+-+ +
|7|6 7 8 9 0 1 2|5|6 7|4 3 2|3 4|5 4 3|4 5|6|7|6 5 6|9|2|3|0 9|0|
+ +-+ +-+-+ +-+-+-+-+ +-+-+ + + +-+-+ + +-+ + +-+ +-+ + + + + + +
|8|7|8 9|2 1|8 7 8 9|8|5 4 3|4|5 6|3 2 3 4 5 6|5 4|1 0 1|2 1|8|9|
+-+ +-+-+ + +-+ +-+ +-+ + + +-+-+ +-+ +-+ +-+-+-+ +-+ +-+ +-+ + +
|7 6 5 4 3|2|5 6|7|0|7 6|5|4 5 6|7 8|1|6 5 6|1 2 3|2 1 2|3|6 7 8|
+-+ +-+ + + + +-+ + + + +-+ + +-+ + + + +-+-+ + +-+-+-+ +-+ +-+-+
|8 7|6 5|4|3 4 5 6|1|8|7|6 5|6 7|8|9 0|7 8 9 0|3 4 5 6|3 4 5 6 7|
+-+-+-+-+-+-+-+-+-+-+-+-+-+-+-+-+-+-+-+-+-+-+-+-+-+-+-+-+-+-+-+-+
