+-+-+-+-+-+-+-+-+-+-+-+-+-+-+-+-+-+-+-+-+-+-+-+-+-+-+-+-+-+-+-+-+
|1 0 9 8 9 0|1 2 3|4 3 2 1|0 1|6|3 2 3|4|5 4 3 2|1 0|9 8 9|6 7|8|
+-+-+-+ +-+-+ +-+-+-+ + + + +-+ + + +-+ + + +-+ +-+ +-+ +-+ +-+ +
|2 3|0|7 6 5|0 9 0|5 4|3|0 9|6 5 4|1 2|3|6|5|2 1 0 9|8 7 6|5 6 7|
+ +-+ +-+-+ + + +-+-+-+-+-+ + +-+-+ +-+ + + +-+ +-+ +-+-+ + +-+-+
|1 0 9|2 3 4|1|8 7|6|7 6|9 8 7|8 9 0 1 2|7|6|5|2|9 8 9|6 5 4 3|0|
+-+-+ + +-+-+-+ + + +-+ +-+-+-+ +-+ + + +-+-+ + + + +-+ + + + + +
|6|7 8|1 2|9|8|9|6 5 4 5|2|9 8 7 6|1|2|3 4|5 4 3|0|7|8|7|6|5|2|9|
+ + +-+ +-+ + + +-+-+ +-+ +-+-+-+ +-+-+ +-+ +-+-+-+ + +-+-+-+ + +
|5 6|9|0 9 8 7|0 1|4 3 2 1 2|7 6 5 4|3|4 5|6|5 4 5 6 7|6 5|0 1|8|
+ + + +-+-+-+ +-+-+-+ + + + +-+-+-+ + + + +-+-+ + +-+-+-+ + +-+ +
|4|7 8|5 6 7|6 7|8|5 4|3|0|3 4 5 6|3 2|5|6|3|2 3|6|7 6 5 4|9 8 7|
+ +-+-+ +-+-+ + + + +-+ + + +-+-+ +-+ +-+-+ + +-+-+-+-+-+ +-+-+ +
|3|2 3 4|3 4 5|8|7 6|5 4|9|4 5|8 7|0 1 2 3|2|1 2|1|0 1|4 3 4|5 6|
+ + +-+-+ + +-+-+-+-+-+-+ + +-+ + + +-+ + + + +-+ + +-+-+ +-+ +-+
|2 1 0 1 2|5 6|9 0|1|6 7 8|5|0 9|8 9 0|3|4|1 0|1 0 9|0 1 2 3 4 5|
+ +-+ +-+-+-+-+ +-+ + + +-+-+ +-+ +-+-+ + +-+ +-+-+ + +-+-+ +-+-+
|3|2 1 2|5|8|9 8 9 0|5|8 9 0|1 2|9|2|9|4|5|8 9 0 1|8|9|6 5 4 5|6|
+-+ + + + + +-+ + +-+ +-+-+ +-+-+-+ + + +-+ + +-+ + + +-+-+-+-+ +
|4 3|2|3 4|7 6 7|0|3|4 5|2 1|8 9 0 1|8|5 6 7|0|3 2|7 8|9 8 7 6 5|
+ +-+-+-+-+-+ +-+ + + +-+-+ + +-+-+-+ + +-+ +-+ +-+ + +-+ +-+-+ +
|5 6 7|8 7 6 5|6|1 2 3 4|3 2|7 6|7|8 7 6|9 8 9|4 5 6|9 0|9 0 1|4|
+-+ +-+ + +-+ + +-+-+ + + + +-+ + + +-+-+-+-+ + +-+-+-+-+ + + + +
|8 7|0|9|8|3 4|5 6 7|4|5|4|3 4 5 6|9|6|7 8|1 0|5|8 9 0 1|0|1|2|3|
+ + + +-+-+ +-+ + + +-+-+-+ + +-+-+-+ + +-+-+-+-+ +-+ +-+-+-+-+ +
|9|8 9 0 1 2 3 4|7|8 9|6 5 4|5 6|7 6 5|6 7|8|9|8 7 8|1|4|5|2 1|2|
+ +-+ +-+-+ +-+-+-+-+ +-+-+ + + +-+-+ + +-+ + +-+ +-+ + + + + + +
|0|9|0 1|4 3|0 9 0 1|0|7 6 5|6|7 8|5 4 5 6 7 8|7 6|3 2 3|4 3|0|1|
+-+ +-+-+ + +-+ +-+ +-+ + + +-+-+ +-+ +-+ +-+-+-+ +-+ +-+ +-+ + +
|9 8 7 6 5|4|7 8|9|2|9 8|7|6 7 8|9 0|3|8 7 8|3 4 5|4 3 4|5|8 9 0|
+-+ +-+ + + + +-+ + + + +-+ + +-+ + + + +-+-+ + +-+-+-+ +-+ +-+-+
|0 9|8 7|6|5 6 7 8|3|0|9|8 7|8 9|0|1 2|9 0 1 2|5 6 7 8|5 6 7 8 9|
+-+-+-+-+-+-+-+-+-+-+-+-+-+-+-+-+-+-+-+-+-+-+-+-+-+-+-+-+-+-+-+-+
