+-+-+-+-+-+-+-+-+-+-+-+-+-+-+-+-+-+-+-+-+-+-+-+-+-+-+-+-+-+-+-+-+-+-+-+-+-+-+-+-+-+-+-+-+-+-+-+-+-+-+-+-+-+-+-+-+-+-+-+-+-+-+-+-+
|3 4 5 6 7|6|1 0 9 8 9|6 5|2 1 0 9 0|1|8 7|8|5 4 3 2|3 4|7 6 5 6 7 8|5 4 3 4|1|2|7|2 1 0|7 6|5|2|1|2 1 0 9 0|3 4|1 2 3|0 1 2 3|8|
+ +-+-+-+-+ +-+ + + +-+-+ +-+-+-+ +-+ + + + + + +-+ + +-+ +-+ + + +-+-+-+ +-+ + + +-+ + + + + + + +-+-+-+ + + +-+ +-+-+ +-+ +-+ +
|2 1|0 1|6 5|2 1|0|7 6 5 4 3 4|9 8|1 0|9|6|7 6|5|0 1 2|9|8 9|4|7|8 9|4 3 2 3|0 1|6|5|2|9 8|5 4|1 0|9|8 7|8|1|2 1 0 1|8|9 0|3 4|7|
+ + + +-+-+ +-+-+-+-+-+ +-+ + +-+ +-+ +-+ +-+-+ + +-+ + +-+ + + +-+-+-+-+ +-+ +-+ + + +-+-+ + + + + +-+ + +-+-+-+ +-+ + +-+-+ + +
|3|0|9 0|5 4 3 2|1|0 9|6 7|2|5 6 7 8 9 0|5 4 5|6|9 0|3|8|3|0|3|8|7 6 5 4|1 0 9|0|5 4 3 4|7 6|3 2|9|8 7|6|7|8 9|4|9 8 7|8 9|6 5 6|
+ + + +-+-+-+-+ + + + +-+-+ +-+-+-+-+ +-+-+ +-+-+ +-+-+ + + + + + + +-+ + +-+ + +-+-+ + +-+ +-+-+ + + + + + + + +-+-+ + +-+-+-+ +
|4|9 8|9|6 5|2 1 0|1|8|7 6|1 2 3 4|1 0 1 2 3 4|9 8 7 6|7|2 1|2|9|8|7|8|3 2|9 8 9 0 1|4|5 6|7 8 9|8|9|6 5 6 7|0|3 4 5 6 7|0 9 8 7|
+ +-+ + + + +-+ + +-+ +-+ + +-+ +-+ +-+-+ +-+-+-+-+-+ + + +-+ +-+-+-+ +-+-+ + +-+ +-+-+-+-+ +-+-+ +-+-+ +-+ + + +-+ +-+-+ + +-+-+
|5|8 7|8 7|4 3 2|9 8 7|4 5|0|5 4|3 2 3|4 3 4|3|2|3|4|5|6|3|0 1|0 9 8 7 8 9|0|7 6|1|4 3 2|1|8 9 0|7 6 5 4 5|8|1 2 3|6 7|2 1|0 1 2|
+-+-+ +-+-+-+ +-+-+-+ + +-+ +-+ + + +-+-+ +-+ + + + + + +-+ +-+-+-+-+ + + + +-+ + +-+ + + +-+-+ +-+-+-+ +-+ +-+-+ +-+-+ +-+-+ + +
|0 9|6 5 4 3|4|3 2 3|6|3|0 9 8|5|4|3|8 7|4|3 2|1|2 3|4 5|8|9|0 1 2|5 6|9|0|1|6 5|2|5 4|1|0|9 0|1|2 1 2 3|0 9|0|9|4 5 6|3|6 7|2|3|
+ + +-+-+-+ +-+-+ +-+ + + +-+ + + + +-+ +-+ + + + +-+ + + + + +-+-+ +-+ +-+-+-+ +-+-+-+ + + + +-+-+ +-+-+ +-+ + +-+-+-+-+ +-+-+ +
|1|8|9|4 3 2 1 0|1 2|5|2 1|8 7|6|5|4|7 6 5 4|1 0 1 2 3|6|7 8 9 0|3 4|1 0 1|2|3|4|3 4|1 0|9 8|1 2 3|0 1 2|1|8|9 8 7 8 9|4 5|2 1|4|
+ + + + +-+-+-+ + +-+ +-+-+-+ +-+-+-+-+ +-+-+ + + + + +-+ +-+-+-+ +-+-+-+-+ + + + + + + +-+ +-+ +-+ +-+-+-+ + +-+ + +-+ +-+-+ +-+
|2|7 8|5 6|9|0|9 0|5 4 3|6 5 6|7 6|1|8 7 8 9|2|9|2|3|4 5 6|7 8|3|2 3 4|1 0 1|2|3|2|5|2|9 8 7 8|3 4|9 0|3|8 7|0|5|6|9|4|3 4|1 0|9|
+-+ +-+-+ + + + +-+-+-+ +-+ +-+-+ + + +-+-+ +-+ +-+ +-+-+-+ +-+ + +-+ +-+ +-+ + + +-+-+-+ + +-+ +-+ + + + + +-+ + +-+ + +-+-+ + +
|5 6 7|8 7 8 9|8|5 4 3 2|5 4 3|6 5|0 9|2 1 0|7 8|7|4|9|6 5 6 7|2 1 0|5|8 9|0 1|2 1 0|9 0|9|6|5 4 5|8|1 2|9|6|5|4|5|6|3 2 1 0 9 8|
+ + +-+ + +-+-+ + +-+-+ +-+-+ +-+ +-+ +-+-+-+ +-+ +-+ +-+ +-+ +-+-+ +-+ +-+ +-+-+ + + +-+-+ +-+-+-+ + +-+-+ + + + + +-+-+-+-+-+ +
|4|7|0 9|8 9 0|7 6 7|2 1|0 1 2 3 4 5|0|9 8 7 6|7 6|7|8 9|4|9 8 9|0 9 8 7|0 9 0|3 2|9|8|5 4 5|6 5|6 7|2 3|4|5 4 3|4 5|8|5 4|3 2|7|
+ +-+ +-+ +-+ +-+-+-+-+ + + +-+-+-+ + + + + + +-+ + + +-+ +-+ +-+-+-+-+ +-+ +-+-+-+ + + + +-+-+ + +-+-+-+ +-+ + + +-+ + + +-+ + +
|3 2 1|0 9|2 1|4 5|8|1 0|9|2|5 6|5|6|1|0|9|8|5 4 5 6 7|2 3|0 9|6 5 4 5 6 7 8|5 4|9 8 7 6|3|2 3 4 5|8|9 0|3|0|5|2 3|8 7 6|3 2 1|6|
+-+-+ +-+-+-+ + + + + + + +-+ +-+ +-+-+ +-+-+-+ +-+-+-+ +-+-+ +-+-+ + +-+ + +-+ + +-+-+-+ + + + + + + +-+ + +-+ + +-+-+-+-+-+ + +
|4 3 2 3 4|3 2 3|6 7|2|9 8|5 4 3 4|1|2|1|4 3|4 3|0 9 8|1 0|9|0 1 2 3|6 7|8|9|2 3|0|7 6|1 2|1|4|5|6 7 8|1 2|9 0 1|4|9 8 9|8|1 0|5|
+-+ +-+ +-+ +-+-+ +-+-+-+ + +-+ +-+ + +-+-+ + + +-+-+ +-+ + +-+-+ + +-+-+ +-+ +-+ + + + +-+ +-+-+-+-+ + +-+ +-+ +-+-+ +-+ +-+ + +
|7|4|5 4|7|4 5|8 7|2 1|2|7 6|3 2 1 0 1|4 3|2|5|2 3|8|7|0 9 8 9|4 3|4 5 6|9 0 1|2 1|8|5|0 9 0 1 2 3|0 9 0|7 8 9|2|5 6 7|6 7 8 9|4|
+ + + + + +-+-+ +-+-+ + +-+-+-+ +-+ +-+-+ + +-+ +-+ + +-+-+ + + +-+ +-+-+ +-+-+-+-+-+ +-+ +-+ +-+-+ +-+ + +-+ + + +-+-+ +-+ +-+ +
|6 5|6|5 6|9|0 9|0 9 0|1|0|5 4 3 4|9 0 1|2|1 0|1|8 7 6 5 6 7|0|5|6 5|6|1 0 1 2 3|4|3|4|5|8 9|2|1 2|1|2 1|6 5|0|3 4 5|4 5 6|9 0|3|
+ +-+-+ + + + +-+-+ +-+ + +-+ +-+-+ +-+-+ + + + +-+-+-+ +-+-+ +-+-+-+ +-+-+ + + + + + + + +-+-+ + + +-+ +-+ +-+-+-+-+ +-+ +-+ + +
|7|8 7 6|7|8|1|0|7 8 9 0|9|6 5|0 9 8|3 2 1|2|9 0|7|6|7|4 3|2|1|4|1 2|5 4 3 2|3|4|3 2 3 4|7 8 9 0|3|2|3 2 3 4 5|6 5 4 3 4|7 8|1 2|
+-+ +-+-+-+ +-+ + +-+-+-+ +-+-+-+ + +-+-+ +-+ +-+ + + +-+ + +-+ + + + +-+-+ +-+-+-+ +-+ + +-+-+-+-+ +-+ + +-+ +-+-+ + +-+-+-+ +-+
|2|9 0|5|8 7 8 9|6 5|6 7 8|3 4|1 0|7 8 9 0 1|8 7 6 5 6|3 2 1 2 3|0|3|6 7|4 3|8 9|0 1|4|5 6 7|0 9|6|3|6|3|4 5|6|5|6 5|2 1 2|3 2 3|
+ + + + +-+ +-+-+-+ + +-+-+ +-+ +-+ +-+-+-+ + +-+-+ + + +-+ +-+ + +-+-+ + + + +-+ + + +-+-+ +-+ + + + + +-+-+-+ +-+-+-+ +-+-+ +-+
|1 0|1|4 5 6 7|2 3|4 5|2 1|2|3|2|7 6 7 8 9|2|9|0|3 4|7|4|9 0 1|4|9 8|9 8|5|4|7|8|9|2|3|2|9 8|1|8|5 4 5|4|9|0 1|4 5|2 1 0 1|4 3|6|
+-+-+ + +-+-+ + +-+ + +-+ + + +-+ + +-+-+-+-+-+ + +-+-+-+ +-+-+ +-+ +-+ + + + + + +-+ + + +-+ + + +-+-+-+ + + + + +-+-+ +-+-+ + +
|8 7|2 3 4|9|8|1 2 3|6|1 0 1 2 3|8|5|4 5 6 7 8 9|2 3 4|7 8 9 0|5 6 7 8|9|6|5 6 7 8|5|2 1 0|9 0|7 6 7 8|7 8 9|2 3|6|1 0 9|6 5 4 5|
+-+ +-+ +-+ +-+ +-+ + +-+ +-+-+-+ + + +-+-+-+ +-+ +-+ + +-+-+ +-+-+-+-+-+ + +-+-+-+ + +-+-+ +-+ +-+-+-+ +-+-+-+-+ +-+-+ +-+ +-+ +
|9|6 5 4|7 8 9 0|5 4|7|8 9 0|1 0 9|4 3 4|9 8|9 0 1|8|5 6|3 2 1 2 3 4|9 8 7|6|7 6|1|4 3 4|7 8|9 8|1|6 5 6|7 6|5|6|7|0 9 8|7 6|7 6|
+ +-+ + + +-+-+ +-+ +-+ + +-+-+ +-+-+ + +-+ +-+ +-+ + +-+-+ +-+-+ +-+-+-+-+-+-+ + +-+ +-+ +-+-+-+ +-+ + +-+ + + +-+-+-+ + +-+-+ +
|8 7 6|5 6 7|2 1|6 5 6 7|0|9 8|1|2 1 2|5 6 7|2 1 2|7 6 7 8|3 4|5 4 5|0|1 0 1|4 5|0|5 4 5 6 7 8 9 0|3 4|7|6 5|4 5|4|7 6 7|8 9 0|7|
+-+ +-+ +-+ + +-+-+ +-+ +-+-+ + +-+ +-+-+-+ +-+ + +-+ +-+-+ +-+ +-+-+ +-+ +-+ + + +-+-+-+-+-+ +-+ + +-+-+ + + +-+ +-+ +-+ +-+-+ +
|9 8 9|6 7|8|3|8|7|6 7|8 9|6|7|2|9 0 1|4|9 8 9|2|3|0|7 8|3|4|7 6|1 0|9 8 9 0|3|6|9 8 7|2 1 0 9 0|1 2|1|8 7|4 3|2 3 4 5|0 9 0 1|8|
+-+ + +-+ +-+-+ + +-+-+-+-+ + + + +-+-+ + +-+ +-+ + + +-+ + +-+ +-+ + + + +-+ +-+-+ + +-+ +-+ +-+-+-+ +-+ +-+ + +-+-+ +-+ +-+-+-+
|0 9|0 1|8 9|6|7|6 5 6|5 4 5|6|3|8|1 2 3|0 1|0|5|4|9 8|1 2|5|8 7 8 9|0|7|0 1 2 3 4|9|6 5|2|1 0 1 2 3|0 9|8|3 2|1|8 7 6 7|0 1 2|7|
+-+-+-+ + +-+ + +-+ +-+-+ +-+ +-+ + +-+-+-+ +-+ +-+-+ + + +-+ + + +-+-+ +-+ +-+-+-+-+-+ + +-+ + +-+ +-+ +-+-+ + + +-+-+-+-+ +-+ +
|5|0|3 2|9|6 5 6|3 4|1|2 3 4 5 6 7|0|5 4 3 2|3 4|3|2|9 0|3 4|9|8|9|4|5 6 7|2|1|6 7|6 5 4 3|2 1|2|5 4|7 8 9 0|1 0|9 0|1|0|3 2 3|6|
+ + +-+-+-+-+ +-+ +-+ + + + + +-+ + +-+ +-+-+ +-+ + + +-+-+-+-+ +-+ + +-+-+-+ + + +-+-+-+ +-+-+ +-+ + +-+-+-+-+ +-+-+ + +-+ + + +
|4|9 8 7 6 5 4 3 2 1 0 1|4|5|6|9 8 9|6 5|4 3 2|1|2 1 0 1|2 1 0 9|2|3 4 5 6|9 0|5|8|7 6 5 4|5 4|3|4|5 6|7 8 9 0|9 8 7|0 9|4 3|4 5|
+ +-+-+-+-+ +-+-+ + +-+ + + + +-+-+ +-+-+-+-+ + + +-+-+-+-+ +-+ + + +-+-+ + +-+ +-+-+ +-+ +-+ +-+ +-+-+ +-+ + + +-+ +-+ +-+-+-+ +
|3|0 9 8 7 6|5 4 3|2|3 2|5|6|7|0|5|0 1|8 7|6|1 0|3 4|7|8 9|2 3|0 1 2|1 0|7 8|3 4|5|8 7 8|5 6|3 2|3|4 5 6 7|0|1|0|5 6|9 8 9|8|9|6|
+ + +-+-+ +-+-+ +-+ + + + +-+-+ + +-+ +-+ + +-+ +-+ + + + +-+-+ + + +-+ + + + +-+ + + + + +-+-+ + + +-+-+ + +-+-+ +-+-+ +-+ + + +
|2 1 2 3|8 9|6 5 6|3|4|3|6|3 4|9|4 3 2 3|6 5|0 9|6 5 6 7|0|3 2 1|2|3|0 9 8|9|2 3|4|9|8|9|6 7|0 1 2 3 4|9 8|1 2 3 4 5 6|7|6|7 8|7|
+ +-+-+-+-+-+-+-+-+ + +-+-+ +-+ +-+ +-+-+-+ + + + +-+-+-+ +-+-+-+-+-+ + + +-+ +-+ +-+-+-+-+ + +-+-+ +-+-+ + +-+-+ + + + + + +-+-+
|3 4 5|0 9 8 7 6 5 4|5|8 9|2 1|8 7|4|7 6 7|4|1|8 7 8|9|2 1|8 7 6 7|4|1|0|9 0 1 2 3|4 3 2|1|8 9|6 5 4 5 6|9|2|7 6|5|6|7|6 5 6 7|0|
+ +-+-+ + +-+-+ +-+-+-+ +-+-+ +-+ + + + +-+ + +-+-+-+ +-+ +-+-+ +-+ + + +-+-+-+-+-+-+-+ + + +-+ +-+ +-+-+-+ +-+ +-+ +-+-+ +-+ + +
|4|9 8|1|0|9 8 7 8|7 8|7 6|1 0|9|6 5|8|5 4 3 2|7 8|7 8|3 2 3|6|5 4 3 2|1|4 3 2 3|0 9 0|1 0 9 0|7|8|5 6 7 8|3 4 5|8 7|2|3 4 5|8 9|
+ + + + + + + +-+-+ +-+-+ + + + +-+ + +-+-+ +-+ +-+ +-+ + + + +-+-+-+-+-+-+-+ +-+ + +-+-+-+-+ +-+ + +-+-+ +-+-+ +-+-+ + +-+-+-+-+
|5|0|7|2|1|0|9|4 5 6|7 6 5|2|9 8 7 6|9|8|5 4|7 6|7 6 5 4|3|4 5|0 9 0 1|8 9 0 1 2|1|8 7 6 5|2 1 2|7 6|1 0 9|8 7 6 7 8|1 2 3 4|1 0|
+ +-+ +-+-+ +-+ + + + +-+ + + +-+-+-+ + + +-+-+ +-+-+ +-+-+-+ +-+ + +-+ + +-+-+ +-+-+-+ + + +-+ +-+ +-+-+ +-+-+ +-+ + + +-+-+-+ +
|6 7|6 5|2 1 2 3|6|7|8|5 4 3|0 1 2|5|0|7 6|7 6|5|4|7 6 7 8|7 6 7 8|1|8 7|0|5 4 3 4|7|8 7|4 3 4|3|8 7 8 9|0 1|8 7|0 9 0|3|0 9 8|9|
+ +-+-+ + +-+ +-+-+ +-+-+-+-+-+-+ + + +-+ +-+ + + +-+ +-+-+ +-+ +-+ +-+ +-+-+-+ + + + +-+ +-+-+-+-+ + +-+-+-+-+-+-+ +-+-+-+-+ + +
|7 8|5 4 3|4 3|4 3|8 9|8 7 6 5 4 3 4|1|4|7 8|5 4 3 4|7 8|9 8|9 8|5|2|5|6|7|0 9|4|5 6|9 0|5 6 7 8|9 8|9 0 1 2|3 2 1 0 1|4 5 6 7 8|
+-+ + +-+ +-+-+-+ +-+ +-+ +-+-+-+ + + + + +-+-+ + +-+-+ + + + + + + + + + +-+ +-+-+ +-+ + +-+ +-+-+-+-+ + +-+-+ +-+ +-+ +-+-+-+ +
|0 9|6 7|4 5 6 7|2 1 0|9 8 9 0 1|4|5|2 3|8 9 0|5|2 1 0 9|0|9|0|9|4 3 4 5 6 7 8|9 8 7|2 1|6 7|8 9 0 1|2 1|2|5 4 3|2 1 2 3|2 1 0 9|
+-+-+-+-+-+-+-+-+-+-+-+-+-+-+-+-+-+-+-+-+-+-+-+-+-+-+-+-+-+-+-+-+-+-+-+-+-+-+-+-+-+-+-+-+-+-+-+-+-+-+-+-+-+-+-+-+-+-+-+-+-+-+-+-+
