+-+-+-+-+-+-+-+-+-+-+-+-+-+-+-+-+-+-+-+-+-+-+-+-+-+-+-+-+-+-+-+-+
|89927894336|27954|4138569|291|6|91864|3|1567918|284|84471|493|9|
+-+-+-+6+-+-+7+-+-+-+9+4+2+6+-+3+7+6+-+9+2+7+-+5+-+6+-+8+-+8+-+2+
|459|0|31211|57897|532|9|716|63376|235|4|3|3|6336798|93624|63987|
+1+-+6+-+-+5+8+5+-+-+-+-+-+8+1+-+-+9+-+3+3+5+-+5+-+6+-+-+2+5+-+-+
|36734|11246|3|376|8|596|24817|538537011|6|8|1|8|53213|5321156|2|
+-+-+1+8+-+-+-+1+8+5+-+7+-+-+-+9+-+7+2+2+-+-+6+9+2+5+-+1+3+1+9+3+
|8|853|392|3|8|4|8538549|6|4771697|0|2|392|38587|7|7|0|6|5|2|7|9|
+9+6+-+8+-+9+6+3+-+-+5+-+7+-+-+-+1+-+-+9+-+1+-+-+-+5+4+-+-+-+5+2+
|932|6|5504482|785|660823987|6159688|0|279|4|523702246|752|482|7|
+7+6+4+-+-+-+4+-+-+-+3+5+5+4+-+-+-+4+9+3+1+-+-+2+5+-+-+-+3+4+-+2+
|2|842|42684|651|2|523|7|4|1344820|431|5|0|2|651|5|0643129|04615|
+3+-+-+1+-+-+6+5+8+4+-+4+3+2+-+-+7+-+7+-+-+7+6+-+-+-+-+-+1+-+-+6+
|9|95493|51422|6|459|321|1|358|587|0446011|5|066|5|730|68831|189|
+1+3+-+-+3+5+-+-+-+-+-+-+4+7+-+2+8+7+-+7+8+1+3+3+7+1+1+-+5+-+7+-+
|826519248|910|099|2|56167|0|147|58325|7|9|477|99886|13493259482|
+8+-+8+-+-+-+-+5+-+4+8+2+-+-+4+-+6+-+-+9+2+-+8+-+-+6+8+-+-+8+-+-+
|6|78976|8|7|0555538|7|35819|523|1|9|2|6|1|6393257|2|9|8441325|1|
+-+4+8+2+6+1+-+9+9+-+8+-+-+9+-+2+-+7+2+8+-+6+8+-+9+6+5+-+-+1+-+5+
|651|7|842|62426|6|8|943|358|4717842|0|23550|7|376|640|817344886|
+2+-+5+-+-+-+8+-+2+5+5+-+-+7+7+-+-+7+2+8+-+6+-+8+-+7+2+-+7+-+7+6+
|85862|3129376|1|4931448|275|716|1|99864|37639|14549|280|41575|2|
+-+5+-+8+2+-+7+2+1+-+4+3+7+8+-+2+4+5+-+-+-+-+4+3+-+-+-+-+6+1+9+9+
|853|0|1|4|549|94358|8|1|9|3922437|4|8|246|963|4|9874145|0|6|4|1|
+6+6+3+-+-+6+-+7+9+3+-+-+-+9+4+-+-+-+2+3+-+-+-+-+6+-+3+-+-+-+-+9+
|4|9872998194392|2|145|46862|639|92716|965|3|7|18358|4|3|0|394|0|
+4+-+7+-+-+7+-+-+-+-+3+-+-+5+4+5+-+-+2+8+-+4+4+-+3+-+7+1+8+4+8+1+
|8|9|415|826|5322426|8|48697|0|448|39471563943|220|43112|257|6|1|
+-+7+-+-+5+6+-+5+-+3+-+1+3+9+-+-+7+-+2+-+1+-+-+-+5+-+4+-+2+-+5+4+
|862935853|2|897|3|9|835|9|67325|583|2|47774|16785|49583|4|74134|
+-+8+-+3+2+3+4+-+3+8+4+6+-+2+1+-+8+4+8+1+-+-+1+4+-+-+-+1+-+9+-+-+
|990|211|5|5947190|7|2|1|248|415|3|774|5495460|1566246|493584291|
+-+-+-+-+-+-+-+-+-+-+-+-+-+-+-+-+-+-+-+-+-+-+-+-+-+-+-+-+-+-+-+-+
