+-+-+-+-+-+-+-+-+-+-+-+-+-+-+-+-+-+-+-+-+-+-+-+-+-+-+-+-+-+-+-+-+
|29321834730|47156|6158761|493|8|11066|5|3587110|486|04673|695|1|
+-+-+-+6+-+-+7+-+-+-+9+4+2+6+-+3+7+6+-+9+2+7+-+5+-+6+-+8+-+8+-+2+
|651|2|71615|77099|734|1|918|83578|437|6|5|5|8356990|13826|83189|
+1+-+6+-+-+5+8+5+-+-+-+-+-+8+1+-+-+9+-+3+3+5+-+5+-+6+-+-+2+5+-+-+
|56936|51640|5|578|0|798|44019|730557213|8|0|3|0|73415|7341358|4|
+-+-+1+8+-+-+-+1+8+5+-+7+-+-+-+9+-+7+2+2+-+-+6+9+2+5+-+1+3+1+9+3+
|0|055|796|9|8|6|0558741|8|6791899|2|4|594|58789|9|9|2|8|7|4|9|1|
+9+6+-+8+-+9+6+3+-+-+5+-+7+-+-+-+1+-+-+9+-+1+-+-+-+5+4+-+-+-+5+2+
|134|8|9544082|987|862843189|8179880|2|471|6|725722448|954|684|9|
+7+6+4+-+-+-+4+-+-+-+3+5+5+4+-+-+-+4+9+3+1+-+-+2+5+-+-+-+3+4+-+2+
|4|044|02880|853|4|725|9|6|3364022|633|7|2|4|853|7|2663321|24817|
+3+-+-+1+-+-+6+5+8+4+-+4+3+2+-+-+7+-+7+-+-+7+6+-+-+-+-+-+1+-+-+6+
|1|55091|91022|8|651|523|3|550|789|2466213|7|268|7|932|88033|381|
+1+3+-+-+3+5+-+-+-+-+-+-+4+7+-+2+8+7+-+7+8+1+3+3+7+1+1+-+5+-+7+-+
|028539246|516|291|4|76369|2|349|78527|9|1|679|19088|33695279684|
+8+-+8+-+-+-+-+5+-+4+8+2+-+-+4+-+6+-+-+9+2+-+8+-+-+6+8+-+-+8+-+-+
|8|98178|0|9|2575730|9|55011|725|3|1|4|8|3|8313459|4|1|0461527|3|
+-+4+8+2+6+1+-+9+9+-+8+-+-+9+-+2+-+7+2+8+-+6+8+-+9+6+5+-+-+1+-+5+
|853|9|044|82628|8|0|145|550|6737044|2|43752|9|578|842|019364088|
+2+-+5+-+-+-+8+-+2+5+5+-+-+7+7+-+-+7+2+8+-+6+-+8+-+7+2+-+7+-+7+6+
|05064|5149578|3|6951640|477|918|3|19066|57831|34741|482|61777|4|
+-+5+-+8+2+-+7+2+1+-+4+3+7+8+-+2+4+5+-+-+-+-+4+3+-+-+-+-+6+1+9+9+
|055|2|3|6|741|14550|0|3|1|5942639|6|0|448|165|6|1894347|2|8|6|3|
+6+6+3+-+-+6+-+7+9+3+-+-+-+9+4+-+-+-+2+3+-+-+-+-+6+-+3+-+-+-+-+9+
|6|1892190114594|4|347|66064|831|12918|167|5|9|38550|6|5|2|596|2|
+4+-+7+-+-+7+-+-+-+-+3+-+-+5+4+5+-+-+2+8+-+4+4+-+3+-+7+1+8+4+8+1+
|0|1|617|028|7342628|0|68899|2|640|59673583145|422|63314|459|8|3|
+-+7+-+-+5+6+-+5+-+3+-+1+3+9+-+-+7+-+2+-+1+-+-+-+5+-+4+-+2+-+5+4+
|064955055|4|099|5|1|037|1|87527|785|4|67976|36987|69785|6|94336|
+-+8+-+3+2+3+4+-+3+8+4+6+-+2+1+-+8+4+8+1+-+-+1+4+-+-+-+1+-+9+-+-+
|192|413|7|7967392|9|4|3|440|617|5|976|7415662|3586448|695504493|
+-+-+-+-+-+-+-+-+-+-+-+-+-+-+-+-+-+-+-+-+-+-+-+-+-+-+-+-+-+-+-+-+
