+-+-+-+-+-+-+-+-+-+-+-+-+-+-+-+-+-+-+-+-+-+-+-+-+-+-+-+-+-+-+-+-+
|09129814538|07752|2118367|099|4|71662|1|9547716|082|64279|291|7|
+-+-+-+6+-+-+7+-+-+-+9+4+2+6+-+3+7+6+-+9+2+7+-+5+-+6+-+8+-+8+-+2+
|257|8|51413|37695|330|7|514|43174|033|2|1|1|4316596|73422|43785|
+1+-+6+-+-+5+8+5+-+-+-+-+-+8+1+-+-+9+-+3+3+5+-+5+-+6+-+-+2+5+-+-+
|16532|31448|1|174|6|394|04615|336517819|4|6|9|6|33011|3301954|0|
+-+-+1+8+-+-+-+1+8+5+-+7+-+-+-+9+-+7+2+2+-+-+6+9+2+5+-+1+3+1+9+3+
|6|651|594|7|6|2|6518347|4|2751495|8|0|190|18385|5|5|8|4|3|0|5|7|
+9+6+-+8+-+9+6+3+-+-+5+-+7+-+-+-+1+-+-+9+-+1+-+-+-+5+4+-+-+-+5+2+
|730|4|7524880|583|468803785|4139486|8|077|2|321782044|550|280|5|
+7+6+4+-+-+-+4+-+-+-+3+5+5+4+-+-+-+4+9+3+1+-+-+2+5+-+-+-+3+4+-+2+
|0|640|22482|651|0|321|5|2|9324628|239|3|8|0|459|3|8623927|84413|
+3+-+-+1+-+-+6+5+8+4+-+4+3+2+-+-+7+-+7+-+-+7+6+-+-+-+-+-+1+-+-+6+
|7|75291|31220|6|257|129|9|156|385|8426819|3|864|3|538|48639|987|
+1+3+-+-+3+5+-+-+-+-+-+-+4+7+-+2+8+7+-+7+8+1+3+3+7+1+1+-+5+-+7+-+
|624599046|718|897|0|36965|8|945|38123|5|7|275|79684|93291239280|
+8+-+8+-+-+-+-+5+-+4+8+2+-+-+4+-+6+-+-+9+2+-+8+-+-+6+8+-+-+8+-+-+
|4|58774|6|5|8535336|5|15617|321|9|7|0|4|9|4373055|0|7|6421123|9|
+-+4+8+2+6+1+-+9+9+-+8+-+-+9+-+2+-+7+2+8+-+6+8+-+9+6+5+-+-+1+-+5+
|459|5|640|42224|4|6|741|156|2797640|8|03358|5|174|448|615324684|
+2+-+5+-+-+-+8+-+2+5+5+-+-+7+7+-+-+7+2+8+-+6+-+8+-+7+2+-+7+-+7+6+
|65660|1109174|9|2911246|073|514|9|79662|17437|94347|088|21373|0|
+-+5+-+8+2+-+7+2+1+-+4+3+7+8+-+2+4+5+-+-+-+-+4+3+-+-+-+-+6+1+9+9+
|651|8|9|2|347|74156|6|9|7|1902235|2|6|044|761|2|7854943|8|4|2|9|
+6+6+3+-+-+6+-+7+9+3+-+-+-+9+4+-+-+-+2+3+-+-+-+-+6+-+3+-+-+-+-+9+
|2|7852796174190|0|943|26660|437|72514|763|1|5|98156|2|1|8|192|8|
+4+-+7+-+-+7+-+-+-+-+3+-+-+5+4+5+-+-+2+8+-+4+4+-+3+-+7+1+8+4+8+1+
|6|7|213|624|3302224|6|28495|8|246|19279543741|028|23910|055|4|9|
+-+7+-+-+5+6+-+5+-+3+-+1+3+9+-+-+7+-+2+-+1+-+-+-+5+-+4+-+2+-+5+4+
|660915651|0|695|1|7|633|7|47123|381|0|27572|96583|29381|2|54932|
+-+8+-+3+2+3+4+-+3+8+4+6+-+2+1+-+8+4+8+1+-+-+1+4+-+-+-+1+-+9+-+-+
|798|019|3|3927998|5|0|9|046|213|1|572|3475268|9546044|291564099|
+-+-+-+-+-+-+-+-+-+-+-+-+-+-+-+-+-+-+-+-+-+-+-+-+-+-+-+-+-+-+-+-+
