+-+-+-+-+-+-+-+-+-+-+-+-+-+-+-+-+-+-+-+-+-+-+-+-+-+-+-+-+-+-+-+-+
|39422844831|97651|1108266|998|3|61561|0|8537615|981|54178|190|6|
+-+-+-+6+-+-+7+-+-+-+9+4+2+6+-+3+7+6+-+9+2+7+-+5+-+6+-+8+-+8+-+2+
|752|3|81716|27594|239|6|413|33073|932|1|0|0|3306495|63321|33684|
+1+-+6+-+-+5+8+5+-+-+-+-+-+8+1+-+-+9+-+3+3+5+-+5+-+6+-+-+2+5+-+-+
|66037|61741|0|073|5|293|94514|235507718|3|5|8|5|23910|2391853|9|
+-+-+1+8+-+-+-+1+8+5+-+7+-+-+-+9+-+7+2+2+-+-+6+9+2+5+-+1+3+1+9+3+
|1|156|897|0|9|1|5508246|3|1741394|7|9|099|08284|4|4|7|3|2|9|4|6|
+9+6+-+8+-+9+6+3+-+-+5+-+7+-+-+-+1+-+-+9+-+1+-+-+-+5+4+-+-+-+5+2+
|235|9|0554183|482|367893684|3129385|7|976|1|220772943|459|189|4|
+7+6+4+-+-+-+4+-+-+-+3+5+5+4+-+-+-+4+9+3+1+-+-+2+5+-+-+-+3+4+-+2+
|5|145|72987|954|9|220|4|1|8314527|138|2|7|9|358|2|7613826|74312|
+3+-+-+1+-+-+6+5+8+4+-+4+3+2+-+-+7+-+7+-+-+7+6+-+-+-+-+-+1+-+-+6+
|2|25796|01123|9|156|028|8|055|284|7416718|2|763|2|437|38538|886|
+1+3+-+-+3+5+-+-+-+-+-+-+4+7+-+2+8+7+-+7+8+1+3+3+7+1+1+-+5+-+7+-+
|129549347|617|099|7|26864|7|844|28022|4|6|174|69583|83190229189|
+8+-+8+-+-+-+-+5+-+4+8+2+-+-+4+-+6+-+-+9+2+-+8+-+-+6+8+-+-+8+-+-+
|9|38673|5|9|0555033|4|05516|220|8|6|9|3|8|3363954|9|6|5411022|8|
+-+4+8+2+6+1+-+9+9+-+8+-+-+9+-+2+-+7+2+8+-+6+8+-+9+6+5+-+-+1+-+5+
|459|8|549|82624|9|5|640|055|1787549|7|93257|4|073|347|514314583|
+2+-+5+-+-+-+8+-+2+5+5+-+-+7+7+-+-+7+2+8+-+6+-+8+-+7+2+-+7+-+7+6+
|25763|1109174|8|1901145|972|413|8|69561|07336|84246|987|11272|9|
+-+5+-+8+2+-+7+2+1+-+4+3+7+8+-+2+4+5+-+-+-+-+4+3+-+-+-+-+6+1+9+9+
|752|1|9|2|541|64257|5|8|6|0992134|1|5|943|660|1|6844842|7|3|1|8|
+6+6+3+-+-+6+-+7+9+3+-+-+-+9+4+-+-+-+2+3+-+-+-+-+6+-+3+-+-+-+-+9+
|3|6882697164293|1|044|16569|336|62413|662|0|4|88055|1|0|7|091|7|
+4+-+7+-+-+7+-+-+-+-+3+-+-+5+4+5+-+-+2+8+-+4+4+-+3+-+7+1+8+4+8+1+
|7|6|516|523|2392123|7|18394|7|145|09178533640|927|13819|954|3|8|
+-+7+-+-+5+6+-+5+-+3+-+1+3+9+-+-+7+-+2+-+1+-+-+-+5+-+4+-+2+-+5+4+
|569905550|9|594|0|6|532|6|37022|280|9|17471|86482|19280|1|44831|
+-+8+-+3+2+3+4+-+3+8+4+6+-+2+1+-+8+4+8+1+-+-+1+4+-+-+-+1+-+9+-+-+
|697|918|2|2917897|4|9|8|945|112|0|471|2465167|8536943|190554998|
+-+-+-+-+-+-+-+-+-+-+-+-+-+-+-+-+-+-+-+-+-+-+-+-+-+-+-+-+-+-+-+-+
