+-+-+-+-+-+-+-+-+-+-+-+-+-+-+-+-+-+-+-+-+-+-+-+-+-+-+-+-+-+-+-+-+
|29321834730|87550|0118965|493|4|51662|1|9547716|082|64279|291|7|
+-+-+-+6+-+-+7+-+-+-+9+4+2+6+-+3+7+6+-+9+2+7+-+5+-+6+-+8+-+8+-+2+
|651|2|71615|17493|330|3|718|83178|235|2|1|1|4316596|73422|43785|
+1+-+6+-+-+5+8+5+-+-+-+-+-+8+1+-+-+9+-+3+3+5+-+5+-+6+-+-+2+5+-+-+
|56936|51640|9|972|4|192|04617|936517819|4|6|9|6|33011|3301954|0|
+-+-+1+8+-+-+-+1+8+5+-+7+-+-+-+9+-+7+2+2+-+-+6+9+2+5+-+1+3+1+9+3+
|0|055|796|9|8|0|4598145|2|6791897|8|0|190|18385|5|5|8|4|3|0|5|7|
+9+6+-+8+-+9+6+3+-+-+5+-+7+-+-+-+1+-+-+9+-+1+-+-+-+5+4+-+-+-+5+2+
|134|8|9544082|381|266883587|8179886|2|077|2|321782044|550|280|5|
+7+6+4+-+-+-+4+-+-+-+3+5+5+4+-+-+-+4+9+3+1+-+-+2+5+-+-+-+3+4+-+2+
|4|044|62886|853|8|129|3|0|3304624|033|3|8|0|459|3|8623927|84413|
+3+-+-+1+-+-+6+5+8+4+-+4+3+2+-+-+7+-+7+-+-+7+6+-+-+-+-+-+1+-+-+6+
|1|15695|91022|8|055|927|3|550|587|4406617|3|864|3|538|48639|987|
+1+3+-+-+3+5+-+-+-+-+-+-+4+7+-+2+8+7+-+7+8+1+3+3+7+1+1+-+5+-+7+-+
|028539246|516|190|8|96367|2|147|98123|3|5|275|79684|93291239280|
+8+-+8+-+-+-+-+5+-+4+8+2+-+-+4+-+6+-+-+9+2+-+8+-+-+6+8+-+-+8+-+-+
|8|28572|4|0|1565134|7|55011|527|5|7|8|2|7|4373055|0|7|6421123|9|
+-+4+8+2+6+1+-+9+9+-+8+-+-+9+-+2+-+7+2+8+-+6+8+-+9+6+5+-+-+1+-+5+
|358|7|448|92725|2|6|549|550|6797640|6|03358|5|174|448|615324684|
+2+-+5+-+-+-+8+-+2+5+5+-+-+7+7+-+-+7+2+8+-+6+-+8+-+7+2+-+7+-+7+6+
|15662|2119275|7|0911044|275|314|3|39468|17437|94347|088|21373|0|
+-+5+-+8+2+-+7+2+1+-+4+3+7+8+-+2+4+5+-+-+-+-+4+3+-+-+-+-+6+1+9+9+
|651|0|0|3|145|54156|4|7|9|7982639|8|4|842|761|2|5834741|8|4|2|9|
+6+6+3+-+-+6+-+7+9+3+-+-+-+9+4+-+-+-+2+3+-+-+-+-+6+-+3+-+-+-+-+9+
|2|5872596154192|0|943|86266|235|52312|561|9|3|78954|0|8|5|899|8|
+4+-+7+-+-+7+-+-+-+-+3+-+-+5+4+5+-+-+2+8+-+4+4+-+3+-+7+1+8+4+8+1+
|6|5|415|422|1382022|6|88091|6|044|99077523549|826|93617|752|1|9|
+-+7+-+-+5+6+-+5+-+3+-+1+3+9+-+-+7+-+2+-+1+-+-+-+5+-+4+-+2+-+5+4+
|468995459|8|493|9|5|239|3|07729|189|8|07370|76381|19284|9|04633|
+-+8+-+3+2+3+4+-+3+8+4+6+-+2+1+-+8+4+8+1+-+-+1+4+-+-+-+1+-+9+-+-+
|596|817|1|1907796|3|6|5|642|819|9|370|1455066|7526842|394594392|
+-+-+-+-+-+-+-+-+-+-+-+-+-+-+-+-+-+-+-+-+-+-+-+-+-+-+-+-+-+-+-+-+
