+-+-+-+-+-+-+-+-+-+-+-+-+-+-+-+-+-+-+-+-+-+-+-+-+-+-+-+-+-+-+-+-+
|59624864033|37055|3128468|190|5|81763|2|2577019|385|94572|594|0|
+-+-+-+6+-+-+7+-+-+-+9+4+2+6+-+3+7+6+-+9+2+7+-+5+-+6+-+8+-+8+-+2+
|954|5|01918|67990|431|8|615|53275|134|3|4|4|7346899|03725|73088|
+1+-+6+-+-+5+8+5+-+-+-+-+-+8+1+-+-+9+-+3+3+5+-+5+-+6+-+-+2+5+-+-+
|86239|81943|4|471|9|293|14716|437527910|7|9|2|9|63314|6331257|3|
+-+-+1+8+-+-+-+1+8+5+-+7+-+-+-+9+-+7+2+2+-+-+6+9+2+5+-+1+3+1+9+3+
|3|358|099|2|1|5|9548246|5|3761596|9|1|291|48688|8|8|1|7|6|3|8|0|
+9+6+-+8+-+9+6+3+-+-+5+-+7+-+-+-+1+-+-+9+-+1+-+-+-+5+4+-+-+-+5+2+
|437|1|2574385|886|367853886|5149587|9|178|5|624712347|853|583|8|
+7+6+4+-+-+-+4+-+-+-+3+5+5+4+-+-+-+4+9+3+1+-+-+2+5+-+-+-+3+4+-+2+
|7|347|92189|156|9|220|0|3|0334729|330|4|9|3|752|6|1653220|14716|
+3+-+-+1+-+-+6+5+8+4+-+4+3+2+-+-+7+-+7+-+-+7+6+-+-+-+-+-+1+-+-+6+
|4|45998|21325|1|156|624|6|257|486|9436910|6|167|6|831|78932|280|
+1+3+-+-+3+5+-+-+-+-+-+-+4+7+-+2+8+7+-+7+8+1+3+3+7+1+1+-+5+-+7+-+
|321569549|819|493|1|26660|9|046|48224|6|8|578|09987|23594269583|
+8+-+8+-+-+-+-+5+-+4+8+2+-+-+4+-+6+-+-+9+2+-+8+-+-+6+8+-+-+8+-+-+
|1|58875|7|3|4595437|0|85314|426|0|6|9|5|0|7303358|3|0|9451426|2|
+-+4+8+2+6+1+-+9+9+-+8+-+-+9+-+2+-+7+2+8+-+6+8+-+9+6+5+-+-+1+-+5+
|651|0|741|22028|5|9|842|853|5787549|7|33651|8|477|741|918354987|
+2+-+5+-+-+-+8+-+2+5+5+-+-+7+7+-+-+7+2+8+-+6+-+8+-+7+2+-+7+-+7+6+
|45965|5149578|0|3941347|770|211|6|69561|47730|24640|381|51676|3|
+-+5+-+8+2+-+7+2+1+-+4+3+7+8+-+2+4+5+-+-+-+-+4+3+-+-+-+-+6+1+9+9+
|954|3|3|6|448|84459|7|0|4|8972932|1|3|741|064|5|4824640|1|7|5|2|
+6+6+3+-+-+6+-+7+9+3+-+-+-+9+4+-+-+-+2+3+-+-+-+-+6+-+3+-+-+-+-+9+
|5|8802899184495|3|246|96367|134|42211|460|8|2|68853|9|8|8|192|1|
+4+-+7+-+-+7+-+-+-+-+3+-+-+5+4+5+-+-+2+8+-+4+4+-+3+-+7+1+8+4+8+1+
|9|8|718|725|4312325|9|98192|5|943|89976513448|725|93617|055|4|2|
+-+7+-+-+5+6+-+5+-+3+-+1+3+9+-+-+7+-+2+-+1+-+-+-+5+-+4+-+2+-+5+4+
|761925752|1|796|2|8|330|4|17820|088|7|97279|66280|99088|2|34936|
+-+8+-+3+2+3+4+-+3+8+4+6+-+2+1+-+8+4+8+1+-+-+1+4+-+-+-+1+-+9+-+-+
|899|110|4|4937099|6|7|6|743|910|8|279|0445965|6516741|998524695|
+-+-+-+-+-+-+-+-+-+-+-+-+-+-+-+-+-+-+-+-+-+-+-+-+-+-+-+-+-+-+-+-+
