+-+-+-+-+-+-+-+-+-+-+-+-+-+-+-+-+-+-+-+-+-+-+-+-+-+-+-+-+-+-+-+-+
|19220824639|97651|9188064|796|1|41369|8|8537615|981|54178|190|6|
+-+-+-+6+-+-+7+-+-+-+9+4+2+6+-+3+7+6+-+9+2+7+-+5+-+6+-+8+-+8+-+2+
|550|1|61514|27594|037|4|211|13871|730|9|0|0|3306495|63321|33684|
+1+-+6+-+-+5+8+5+-+-+-+-+-+8+1+-+-+9+-+3+3+5+-+5+-+6+-+-+2+5+-+-+
|46835|41549|0|077|5|899|74312|033587516|3|5|8|5|23910|2391853|9|
+-+-+1+8+-+-+-+1+8+5+-+7+-+-+-+9+-+7+2+2+-+-+6+9+2+5+-+1+3+1+9+3+
|9|954|695|8|7|1|5508842|1|9721192|5|7|897|08284|4|4|7|3|2|9|4|6|
+9+6+-+8+-+9+6+3+-+-+5+-+7+-+-+-+1+-+-+9+-+1+-+-+-+5+4+-+-+-+5+2+
|033|7|8534981|482|963813482|1109183|5|774|1|220772943|459|189|4|
+7+6+4+-+-+-+4+-+-+-+3+5+5+4+-+-+-+4+9+3+1+-+-+2+5+-+-+-+3+4+-+2+
|3|943|52785|752|5|826|6|9|6394325|936|0|5|9|358|2|7613826|74312|
+3+-+-+1+-+-+6+5+8+4+-+4+3+2+-+-+7+-+7+-+-+7+6+-+-+-+-+-+1+-+-+6+
|0|05594|81921|7|752|220|2|853|082|5496516|2|763|2|437|38538|886|
+1+3+-+-+3+5+-+-+-+-+-+-+4+7+-+2+8+7+-+7+8+1+3+3+7+1+1+-+5+-+7+-+
|927529145|415|099|7|86266|5|642|08820|2|4|174|69583|83190229189|
+8+-+8+-+-+-+-+5+-+4+8+2+-+-+4+-+6+-+-+9+2+-+8+-+-+6+8+-+-+8+-+-+
|7|18471|3|9|0555033|6|45910|022|6|2|5|1|6|3363954|9|6|5411022|8|
+-+4+8+2+6+1+-+9+9+-+8+-+-+9+-+2+-+7+2+8+-+6+8+-+9+6+5+-+-+1+-+5+
|257|6|347|82624|1|5|448|459|1747145|3|93257|4|073|347|514314583|
+2+-+5+-+-+-+8+-+2+5+5+-+-+7+7+-+-+7+2+8+-+6+-+8+-+7+2+-+7+-+7+6+
|05561|1109174|6|9901943|376|817|2|29167|07336|84246|987|11272|9|
+-+5+-+8+2+-+7+2+1+-+4+3+7+8+-+2+4+5+-+-+-+-+4+3+-+-+-+-+6+1+9+9+
|550|9|9|2|044|44055|3|6|0|4932538|7|9|347|660|1|0884246|7|3|1|8|
+6+6+3+-+-+6+-+7+9+3+-+-+-+9+4+-+-+-+2+3+-+-+-+-+6+-+3+-+-+-+-+9+
|1|4862495144091|9|842|56963|730|02817|066|4|8|28459|5|4|4|798|7|
+4+-+7+-+-+7+-+-+-+-+3+-+-+5+4+5+-+-+2+8+-+4+4+-+3+-+7+1+8+4+8+1+
|5|4|314|321|0372921|5|58798|1|549|49572573044|321|53213|651|0|8|
+-+7+-+-+5+6+-+5+-+3+-+1+3+9+-+-+7+-+2+-+1+-+-+-+5+-+4+-+2+-+5+4+
|367985358|7|392|8|4|936|0|77426|684|3|57875|26886|59684|8|94532|
+-+8+-+3+2+3+4+-+3+8+4+6+-+2+1+-+8+4+8+1+-+-+1+4+-+-+-+1+-+9+-+-+
|495|716|0|0997695|2|3|2|349|516|4|875|6405561|2576347|594584291|
+-+-+-+-+-+-+-+-+-+-+-+-+-+-+-+-+-+-+-+-+-+-+-+-+-+-+-+-+-+-+-+-+
