+-+-+-+-+-+-+-+-+-+-+-+-+-+-+-+-+-+-+-+-+-+-+-+-+-+-+-+-+-+-+-+-+
|29321834730|87550|0198165|897|2|51460|9|7527514|880|44077|099|5|
+-+-+-+6+-+-+7+-+-+-+9+4+2+6+-+3+7+6+-+9+2+7+-+5+-+6+-+8+-+8+-+2+
|055|6|71615|17493|138|5|312|23972|831|0|9|9|2396394|53220|23583|
+1+-+6+-+-+5+8+5+-+-+-+-+-+8+1+-+-+9+-+3+3+5+-+5+-+6+-+-+2+5+-+-+
|96330|51640|9|972|4|192|84413|134597617|2|4|7|4|13819|1381752|8|
+-+-+1+8+-+-+-+1+8+5+-+7+-+-+-+9+-+7+2+2+-+-+6+9+2+5+-+1+3+1+9+3+
|4|459|796|9|4|0|4598145|2|0731293|6|8|998|98183|3|3|6|2|1|8|3|5|
+9+6+-+8+-+9+6+3+-+-+5+-+7+-+-+-+1+-+-+9+-+1+-+-+-+5+4+-+-+-+5+2+
|538|2|9544088|381|266883583|2119284|6|875|0|129762842|358|088|3|
+7+6+4+-+-+-+4+-+-+-+3+5+5+4+-+-+-+4+9+3+1+-+-+2+5+-+-+-+3+4+-+2+
|8|448|02280|257|8|129|3|0|7304426|037|1|6|8|257|1|6603725|64211|
+3+-+-+1+-+-+6+5+8+4+-+4+3+2+-+-+7+-+7+-+-+7+6+-+-+-+-+-+1+-+-+6+
|5|55099|11028|2|055|927|7|954|183|6406617|1|662|1|336|28437|785|
+1+3+-+-+3+5+-+-+-+-+-+-+4+7+-+2+8+7+-+7+8+1+3+3+7+1+1+-+5+-+7+-+
|422579844|516|695|8|16763|6|743|18921|3|5|073|59482|73099219088|
+8+-+8+-+-+-+-+5+-+4+8+2+-+-+4+-+6+-+-+9+2+-+8+-+-+6+8+-+-+8+-+-+
|2|38572|4|3|6515134|3|95415|129|7|5|8|2|7|2353853|8|5|4401921|7|
+-+4+8+2+6+1+-+9+9+-+8+-+-+9+-+2+-+7+2+8+-+6+8+-+9+6+5+-+-+1+-+5+
|257|3|448|22022|2|4|549|954|0777448|6|83156|3|972|246|413304482|
+2+-+5+-+-+-+8+-+2+5+5+-+-+7+7+-+-+7+2+8+-+6+-+8+-+7+2+-+7+-+7+6+
|45468|9189972|7|0991044|871|312|7|59460|97235|74145|886|01171|8|
+-+5+-+8+2+-+7+2+1+-+4+3+7+8+-+2+4+5+-+-+-+-+4+3+-+-+-+-+6+1+9+9+
|459|6|7|0|145|54954|4|7|5|9982033|0|4|842|569|0|5834741|6|2|0|7|
+6+6+3+-+-+6+-+7+9+3+-+-+-+9+4+-+-+-+2+3+-+-+-+-+6+-+3+-+-+-+-+9+
|0|5832594154998|8|741|06468|235|52312|561|9|3|78954|0|9|6|990|6|
+4+-+7+-+-+7+-+-+-+-+3+-+-+5+4+5+-+-+2+8+-+4+4+-+3+-+7+1+8+4+8+1+
|4|5|011|422|1382022|4|08293|6|044|99077523549|826|03718|853|2|7|
+-+7+-+-+5+6+-+5+-+3+-+1+3+9+-+-+7+-+2+-+1+-+-+-+5+-+4+-+2+-+5+4+
|468995459|8|493|9|5|431|5|27921|189|8|07370|76381|09189|0|34730|
+-+8+-+3+2+3+4+-+3+8+4+6+-+2+1+-+8+4+8+1+-+-+1+4+-+-+-+1+-+9+-+-+
|596|817|1|1907796|3|8|7|844|011|9|370|1455066|7526842|099544897|
+-+-+-+-+-+-+-+-+-+-+-+-+-+-+-+-+-+-+-+-+-+-+-+-+-+-+-+-+-+-+-+-+
