+-+-+-+-+-+-+-+-+-+-+-+-+-+-+-+-+-+-+-+-+-+-+-+-+-+-+-+-+-+-+-+-+
|49523854932|67358|8178963|695|0|31268|7|5507312|688|24875|897|3|
+-+-+-+6+-+-+7+-+-+-+9+4+2+6+-+3+7+6+-+9+2+7+-+5+-+6+-+8+-+8+-+2+
|853|4|91817|97291|936|3|110|03770|639|8|7|7|0376192|33028|03381|
+1+-+6+-+-+5+8+5+-+-+-+-+-+8+1+-+-+9+-+3+3+5+-+5+-+6+-+-+2+5+-+-+
|76138|71842|7|770|2|990|64211|932577415|0|2|5|2|93617|9361550|6|
+-+-+1+8+-+-+-+1+8+5+-+7+-+-+-+9+-+7+2+2+-+-+6+9+2+5+-+1+3+1+9+3+
|2|257|998|1|0|8|2578943|0|8711091|4|6|796|78981|1|1|4|0|9|6|1|3|
+9+6+-+8+-+9+6+3+-+-+5+-+7+-+-+-+1+-+-+9+-+1+-+-+-+5+4+-+-+-+5+2+
|336|0|1564284|189|064863381|0199082|4|673|8|927742640|156|886|1|
+7+6+4+-+-+-+4+-+-+-+3+5+5+4+-+-+-+4+9+3+1+-+-+2+5+-+-+-+3+4+-+2+
|6|246|22088|055|6|927|1|8|5384224|835|9|4|6|055|9|4683523|44019|
+3+-+-+1+-+-+6+5+8+4+-+4+3+2+-+-+7+-+7+-+-+7+6+-+-+-+-+-+1+-+-+6+
|3|75293|11224|0|853|725|5|752|981|4486415|9|460|9|134|08235|583|
+1+3+-+-+3+5+-+-+-+-+-+-+4+7+-+2+8+7+-+7+8+1+3+3+7+1+1+-+5+-+7+-+
|220559448|718|493|6|96561|4|541|98729|1|3|871|39280|53897299886|
+8+-+8+-+-+-+-+5+-+4+8+2+-+-+4+-+6+-+-+9+2+-+8+-+-+6+8+-+-+8+-+-+
|0|18370|2|1|4595932|1|75213|927|5|3|6|0|5|0333651|6|3|2481729|5|
+-+4+8+2+6+1+-+9+9+-+8+-+-+9+-+2+-+7+2+8+-+6+8+-+9+6+5+-+-+1+-+5+
|055|1|246|02820|0|2|347|752|8757246|4|63954|1|770|044|211384280|
+2+-+5+-+-+-+8+-+2+5+5+-+-+7+7+-+-+7+2+8+-+6+-+8+-+7+2+-+7+-+7+6+
|25266|7169770|5|8971842|679|110|5|39268|77033|54943|684|81979|6|
+-+5+-+8+2+-+7+2+1+-+4+3+7+8+-+2+4+5+-+-+-+-+4+3+-+-+-+-+6+1+9+9+
|257|4|5|8|943|34752|2|5|3|7962831|8|2|640|367|8|3814549|4|0|8|5|
+6+6+3+-+-+6+-+7+9+3+-+-+-+9+4+-+-+-+2+3+-+-+-+-+6+-+3+-+-+-+-+9+
|8|3812392134796|6|549|86266|033|32110|369|7|1|58752|8|7|4|798|4|
+4+-+7+-+-+7+-+-+-+-+3+-+-+5+4+5+-+-+2+8+-+4+4+-+3+-+7+1+8+4+8+1+
|2|3|819|220|9362820|2|88091|4|842|79875503347|624|83516|651|0|5|
+-+7+-+-+5+6+-+5+-+3+-+1+3+9+-+-+7+-+2+-+1+-+-+-+5+-+4+-+2+-+5+4+
|266975257|6|291|7|3|239|3|07729|987|6|87178|56189|89987|8|14538|
+-+8+-+3+2+3+4+-+3+8+4+6+-+2+1+-+8+4+8+1+-+-+1+4+-+-+-+1+-+9+-+-+
|394|615|9|9987594|1|6|5|642|819|7|178|9435864|5506640|897524695|
+-+-+-+-+-+-+-+-+-+-+-+-+-+-+-+-+-+-+-+-+-+-+-+-+-+-+-+-+-+-+-+-+
