+-+-+-+-+-+-+-+-+-+-+-+-+-+-+-+-+-+-+-+-+-+-+-+-+-+-+-+-+-+-+-+-+
|19220824639|37055|5148660|392|7|01965|4|2577019|385|94572|594|0|
+-+-+-+6+-+-+7+-+-+-+9+4+2+6+-+3+7+6+-+9+2+7+-+5+-+6+-+8+-+8+-+2+
|550|1|61514|67998|633|0|817|73477|336|5|4|4|7346899|03725|73088|
+1+-+6+-+-+5+8+5+-+-+-+-+-+8+1+-+-+9+-+3+3+5+-+5+-+6+-+-+2+5+-+-+
|46835|41549|4|477|9|697|34918|639547112|7|9|2|9|63314|6331257|3|
+-+-+1+8+-+-+-+1+8+5+-+7+-+-+-+9+-+7+2+2+-+-+6+9+2+5+-+1+3+1+9+3+
|9|954|695|8|7|5|9548640|7|5781798|1|3|493|48688|8|8|1|7|6|3|8|0|
+9+6+-+8+-+9+6+3+-+-+5+-+7+-+-+-+1+-+-+9+-+1+-+-+-+5+4+-+-+-+5+2+
|033|7|8534981|886|761833088|7169789|1|370|5|624712347|853|583|8|
+7+6+4+-+-+-+4+-+-+-+3+5+5+4+-+-+-+4+9+3+1+-+-+2+5+-+-+-+3+4+-+2+
|3|943|12381|752|3|624|8|5|2354921|532|6|1|3|752|6|1653220|14716|
+3+-+-+1+-+-+6+5+8+4+-+4+3+2+-+-+7+-+7+-+-+7+6+-+-+-+-+-+1+-+-+6+
|0|45990|81921|7|550|422|2|459|688|1456112|6|167|6|831|78932|280|
+1+3+-+-+3+5+-+-+-+-+-+-+4+7+-+2+8+7+-+7+8+1+3+3+7+1+1+-+5+-+7+-+
|927529145|415|190|3|66268|1|248|68426|8|0|578|09987|23594269583|
+8+-+8+-+-+-+-+5+-+4+8+2+-+-+4+-+6+-+-+9+2+-+8+-+-+6+8+-+-+8+-+-+
|7|88077|9|8|1565639|8|45910|624|2|0|3|7|2|7303358|3|0|9451426|2|
+-+4+8+2+6+1+-+9+9+-+8+-+-+9+-+2+-+7+2+8+-+6+8+-+9+6+5+-+-+1+-+5+
|752|8|943|72527|7|9|044|459|5727943|1|33651|8|477|741|918354987|
+2+-+5+-+-+-+8+-+2+5+5+-+-+7+7+-+-+7+2+8+-+6+-+8+-+7+2+-+7+-+7+6+
|95963|4139477|2|5941549|376|817|2|09965|47730|24640|381|51676|3|
+-+5+-+8+2+-+7+2+1+-+4+3+7+8+-+2+4+5+-+-+-+-+4+3+-+-+-+-+6+1+9+9+
|954|1|2|5|640|04459|9|2|0|4932538|5|9|347|064|5|0884246|1|7|5|2|
+6+6+3+-+-+6+-+7+9+3+-+-+-+9+4+-+-+-+2+3+-+-+-+-+6+-+3+-+-+-+-+9+
|5|0882099104493|3|246|56963|730|02817|066|4|8|28459|5|4|1|495|1|
+4+-+7+-+-+7+-+-+-+-+3+-+-+5+4+5+-+-+2+8+-+4+4+-+3+-+7+1+8+4+8+1+
|9|0|516|927|6332527|9|58798|1|549|49572573044|321|53213|358|7|2|
+-+7+-+-+5+6+-+5+-+3+-+1+3+9+-+-+7+-+2+-+1+-+-+-+5+-+4+-+2+-+5+4+
|963945954|3|998|4|0|936|0|77426|684|3|57875|26886|59684|5|84235|
+-+8+-+3+2+3+4+-+3+8+4+6+-+2+1+-+8+4+8+1+-+-+1+4+-+-+-+1+-+9+-+-+
|091|312|6|6957291|8|3|2|349|516|4|875|6405561|2576347|594594392|
+-+-+-+-+-+-+-+-+-+-+-+-+-+-+-+-+-+-+-+-+-+-+-+-+-+-+-+-+-+-+-+-+
