+-+-+-+-+-+-+-+-+-+-+-+-+-+-+-+-+-+-+-+-+-+-+-+-+-+-+-+-+-+-+-+-+
|99028804437|17853|3128468|190|5|81763|2|0557817|183|74370|392|8|
+-+-+-+6+-+-+7+-+-+-+9+4+2+6+-+3+7+6+-+9+2+7+-+5+-+6+-+8+-+8+-+2+
|358|9|41312|47796|431|8|615|53275|134|3|2|2|5326697|83523|53886|
+1+-+6+-+-+5+8+5+-+-+-+-+-+8+1+-+-+9+-+3+3+5+-+5+-+6+-+-+2+5+-+-+
|26633|21347|2|275|7|495|14716|437527910|5|7|0|7|43112|4311055|1|
+-+-+1+8+-+-+-+1+8+5+-+7+-+-+-+9+-+7+2+2+-+-+6+9+2+5+-+1+3+1+9+3+
|7|752|493|6|5|3|7528448|5|3761596|9|1|291|28486|6|6|9|5|4|1|6|8|
+9+6+-+8+-+9+6+3+-+-+5+-+7+-+-+-+1+-+-+9+-+1+-+-+-+5+4+-+-+-+5+2+
|831|5|6514789|684|569813886|5149587|9|178|3|422792145|651|381|6|
+7+6+4+-+-+-+4+-+-+-+3+5+5+4+-+-+-+4+9+3+1+-+-+2+5+-+-+-+3+4+-+2+
|1|741|32583|550|1|422|6|3|0334729|330|4|9|1|550|4|9633028|94514|
+3+-+-+1+-+-+6+5+8+4+-+4+3+2+-+-+7+-+7+-+-+7+6+-+-+-+-+-+1+-+-+6+
|8|85392|61729|5|358|220|0|257|486|9436910|4|965|4|639|58730|088|
+1+3+-+-+3+5+-+-+-+-+-+-+4+7+-+2+8+7+-+7+8+1+3+3+7+1+1+-+5+-+7+-+
|725509943|213|998|1|46066|9|046|48224|6|8|376|89785|03392249381|
+8+-+8+-+-+-+-+5+-+4+8+2+-+-+4+-+6+-+-+9+2+-+8+-+-+6+8+-+-+8+-+-+
|5|68875|7|6|9545437|6|25718|422|0|8|1|5|0|5383156|1|8|7431224|0|
+-+4+8+2+6+1+-+9+9+-+8+-+-+9+-+2+-+7+2+8+-+6+8+-+9+6+5+-+-+1+-+5+
|550|6|741|52325|5|7|842|257|3707741|9|13459|6|275|549|716334785|
+2+-+5+-+-+-+8+-+2+5+5+-+-+7+7+-+-+7+2+8+-+6+-+8+-+7+2+-+7+-+7+6+
|75761|2119275|0|3921347|174|615|0|89763|27538|04448|189|31474|1|
+-+5+-+8+2+-+7+2+1+-+4+3+7+8+-+2+4+5+-+-+-+-+4+3+-+-+-+-+6+1+9+9+
|752|9|0|3|448|84257|7|0|8|2912336|3|7|145|862|3|8864044|9|5|3|0|
+6+6+3+-+-+6+-+7+9+3+-+-+-+9+4+-+-+-+2+3+-+-+-+-+6+-+3+-+-+-+-+9+
|3|8862897184291|1|044|36761|538|82615|864|2|6|08257|3|2|9|293|9|
+4+-+7+-+-+7+-+-+-+-+3+-+-+5+4+5+-+-+2+8+-+4+4+-+3+-+7+1+8+4+8+1+
|7|8|314|725|4312325|7|38596|9|347|29370553842|129|33011|156|5|0|
+-+7+-+-+5+6+-+5+-+3+-+1+3+9+-+-+7+-+2+-+1+-+-+-+5+-+4+-+2+-+5+4+
|761925752|1|796|2|8|734|8|57224|482|1|37673|06684|39482|3|64033|
+-+8+-+3+2+3+4+-+3+8+4+6+-+2+1+-+8+4+8+1+-+-+1+4+-+-+-+1+-+9+-+-+
|899|110|4|4937099|6|1|0|147|314|2|673|4485369|0556145|392574190|
+-+-+-+-+-+-+-+-+-+-+-+-+-+-+-+-+-+-+-+-+-+-+-+-+-+-+-+-+-+-+-+-+
