+-+-+-+-+-+-+-+-+-+-+-+-+-+-+-+-+-+-+-+-+-+-+-+-+-+-+-+-+-+-+-+-+-+-+-+-+-+-+-+-+-+-+-+-+-+-+-+-+-+-+-+-+-+-+-+-+-+-+-+-+-+-+-+-+
|145614538|2|817616527|633|550737673|7|073|4|7168880|460|85330448246|6516527|5|3|3|78963|725|5|6|4|798447752|594|83156|2137055|1|
+7+-+-+-+-+4+-+7+5+3+-+-+1+-+-+-+4+-+5+1+6+1+2+7+-+3+6+-+6+-+7+1+3+-+-+-+3+-+2+2+4+-+5+3+6+1+8+1+8+-+-+-+2+5+2+-+2+-+-+8+-+3+-+2+
|431|482|358|734|6|22073122088|532|642|1|7|349|3|98718|1|426|3|5|594|7619224|381|9|2|4|073|477|596|4|853|5|7|3859651|8|448|370|9|
+2+4+1+-+-+1+-+-+-+-+-+6+-+5+5+-+1+-+5+-+5+-+-+8+2+-+1+7+-+6+5+9+-+-+-+-+8+-+1+-+6+6+3+-+-+6+8+2+8+2+-+9+5+-+-+-+4+-+4+3+-+-+1+7+
|6|7|358|6971615|7|835|954|5|33651561774|27538|1|796|9|4|7|2|8|4|0736789|48642|0|3769752|440|927|8|248|4|0|358|3|29394|123|09112|
+8+4+7+-+-+-+-+9+5+1+8+-+-+9+-+-+-+-+9+-+-+2+-+-+8+-+-+4+9+1+9+3+6+6+-+5+2+-+5+2+-+-+6+8+-+6+-+-+9+6+3+6+7+1+2+7+-+-+1+1+-+-+-+4+
|4|376|8|752|93642|9|7|716|6517864|37640558370|3492770|0|853|9|7|6|9|7|486|367186493|3|011|68471|9|8|5785392|0|628194370|0281716|
+6+-+9+4+2+8+-+3+1+-+9+-+6+3+-+9+-+7+-+-+8+-+-+-+-+-+6+3+8+-+7+-+-+-+4+-+-+7+9+-+8+-+-+-+-+7+-+-+4+-+-+8+-+7+3+9+-+4+-+-+4+1+-+-+
|0|817|459|49569|11028|280|3|367|44066|74358|9|0|3|7|4|7|6|752|84422932549|0|853|2|59697|8|34718|569811022|9|34718|314|624|99820|
+-+-+8+-+-+-+3+-+-+-+7+7+-+9+-+1+7+2+-+-+4+-+6+5+7+6+1+7+-+3+-+-+-+-+4+6+9+8+-+3+1+-+3+4+1+-+-+4+-+-+-+8+-+6+-+-+9+-+-+2+-+-+9+1+
|596|9722055|8|09190|1|5|62486|8|1|2|853|7|183|5|651|370|1|4|15673|099|1|8|8|440|3|569|3|7|819|2|2573022|275|5|2|71886|8|987|7|1|
+7+2+-+-+-+8+-+-+9+-+6+7+7+-+6+1+9+6+-+9+-+9+4+3+1+-+8+4+4+3+4+-+-+1+-+6+-+-+-+6+-+-+-+6+1+9+2+-+-+7+-+-+5+-+8+2+-+-+-+-+2+-+-+7+
|2|4|8|349271688|279|5|853|550|9|0|8|6248660|972358325|4|7416729|729|36796|1|6|4|369|147|679|15628|02268|7|5|770373011|437|257|8|
+9+4+3+2+-+-+-+7+8+-+4+-+-+-+4+-+-+-+-+4+-+-+2+8+4+9+8+-+2+-+-+-+8+-+-+-+-+1+4+8+7+5+5+4+-+2+-+8+-+2+-+-+-+9+4+-+2+4+-+3+-+-+9+-+
|1|055|538|0|0|134|65174|97246|862|5|1386471|1|4|9|2|37055|628|1|95426|56910|2|6|6|4|6|3769718|493|819|4|596|1|9|5|4|4|189|578|3|
+-+4+-+-+9+9+2+9+-+-+-+5+-+7+-+-+3+4+6+-+-+2+-+8+-+6+-+-+-+4+-+7+6+-+1+-+4+-+1+8+7+-+-+-+2+6+-+5+-+8+9+7+8+8+-+9+8+-+9+3+-+-+5+1+
|79662|4774178|2|6517459|83569|569|147|95413|336|6|8|3|7253257|41349|7|055|651|89918|235|8|1|23932|0|897|3|8|7|0|7|5|57853941312|
+9+8+-+7+2+-+-+1+3+-+-+4+-+-+2+-+2+-+4+-+-+-+7+-+1+-+3+-+1+-+1+-+-+9+-+6+-+4+-+-+3+4+6+-+-+7+-+-+-+2+9+-+-+6+2+2+4+4+-+-+-+-+-+6+
|8|4|167|97587|12976|725|27987525763|1|8994596|725|9|022|6|48640|8801954|19268|862|4|6|74314|055|358|729|0|27578|381|9|138|880|6|
+9+-+7+-+1+-+1+-+-+-+-+5+8+7+-+-+-+9+3+8+5+7+9+-+3+5+2+-+8+-+1+-+-+-+-+7+-+9+-+-+-+3+3+8+5+-+-+3+2+-+-+-+9+-+3+1+9+-+9+8+3+-+5+5+
|93624|330|266|972|3|880|4|6|774|1|2|4|6|4|2|789322448|514|275|8804688179853|990|7618385|8|2466231|6|538|1|2|8|774|99019|51495|1|
+-+-+8+-+-+-+7+6+5+4+3+2+4+-+2+-+8+-+-+5+-+-+-+6+-+-+-+3+-+-+8+-+-+5+2+-+2+2+-+5+5+-+-+-+9+1+5+8+6+6+4+-+8+6+-+4+6+-+-+-+-+-+1+5+
|220469796|01945|729|1|880|3855033|6|7|1|257|853|67918|842|2|7169761|033|6|5|875|2|413|819|1|1|0|55091|763|61763|0|19257|2|174|6|
+-+6+-+7+-+4+-+-+2+-+-+-+4+7+-+9+-+5+3+-+-+1+8+2+-+-+1+-+3+3+-+-+1+6+-+-+9+-+3+-+1+2+8+6+-+2+-+-+-+-+4+2+-+3+-+5+-+-+9+-+7+-+5+9+
|1|6|660|2|415|875|486|4|660|541298134|817|6|6|123|9|7|1654932|468|71831|73055|293|6|5|24819104493|43785|03325|8|04493|3255099|7|
+4+2+5+4+4+-+-+8+-+-+7+8+-+-+-+7+-+8+-+-+8+8+-+2+-+1+3+-+-+4+3+2+-+4+-+-+2+-+-+-+-+-+9+-+8+-+8+-+-+2+-+1+2+-+1+4+2+-+-+7+-+7+-+9+
|798|1|688|6|460|11099|6|5|3768886|36954|9|835|9|57844867963|5|6|321|2|725502279|2|7|6|2|022|8|965|2|156|853|6|26864|24679|763|8|
+6+-+-+7+7+1+6+-+-+6+-+9+8+-+3+-+-+9+-+-+6+1+9+4+-+-+-+2+-+-+2+-+-+-+2+-+-+8+4+6+1+9+1+2+2+-+-+1+9+5+-+8+-+8+-+-+-+-+8+-+4+-+8+8+
|3|71633|1|5|8|9|5149527|7|998|33064|48633|9|695|2|4|5|897|8|7|6|183|0468862|6|5|1383550|8193268|4|7|064605516|284139493|572|190|
+-+9+-+-+1+6+1+1+9+-+4+-+7+2+-+-+7+2+-+-+5+-+6+-+1+6+3+-+7+7+2+2+7+9+9+-+-+9+-+-+-+8+4+2+5+-+-+-+-+1+-+3+3+-+6+1+-+1+6+-+1+-+1+-+
|5|725|0|0195798|798|12370|735|817|268713875|064313842|550914954|5|4|932|523|516|330|8|85376|541|0|6|5|7|314|2|3|624|82684|97268|
+9+6+8+2+-+2+-+3+-+9+9+-+-+4+8+9+-+2+-+-+4+4+7+1+-+7+4+8+-+2+-+4+4+1+-+1+4+6+3+-+5+1+8+-+-+2+7+6+9+1+3+6+-+-+-+5+7+-+-+1+-+-+1+-+
|683|7|8992785|572|932|596|3|7|7|220643174|9|7|5|921|6|3|45998|8|183|073|9|7|2|4|8|9|0|2|954|9|5|14572|3|0|394|523|4594516|183|8|
+1+-+7+1+-+6+8+9+-+9+9+-+6+4+6+-+1+1+-+-+6+-+-+2+5+-+-+-+3+-+-+3+-+4+-+2+6+6+6+6+9+8+5+5+3+2+8+4+5+-+9+-+6+6+7+6+6+8+-+7+-+-+1+8+
|579|01987|1|3|68880|1|440198147|3|1|37688992737|44037|2119239|1672943|5|5|1568817|1|55752|211|1568460|06459|761|9|94578|7617460|
+5+3+-+9+-+3+-+1+-+2+9+-+2+-+-+7+6+2+9+-+-+-+7+-+7+-+5+9+-+-+7+-+-+-+-+-+8+2+5+-+-+1+4+-+-+9+8+1+8+-+-+3+-+-+-+-+4+-+-+4+-+3+-+6+
|0|68817|0282697|688|0|64250|77019|37213|743|01981|1|224|02862754167|78963|3|123|6|09190|134|330|5|57853|826|6|3|3|67954|954|046|
+4+-+2+8+1+-+-+9+-+5+-+8+3+2+6+3+-+-+4+2+-+2+-+4+-+5+5+-+1+7+-+-+3+-+-+-+-+-+-+8+9+-+5+-+7+-+-+3+2+-+9+6+-+9+4+7+-+6+-+5+8+-+-+6+
|64220|98134|046|9635844|5|853|3|64266|52741|96347|6972541|583|53886|3|55088|091|7|936606422843763|190|9|477|246|8|02819|72943|2|
+-+3+-+8+-+8+4+-+-+8+-+8+-+-+6+9+-+4+-+-+-+7+-+2+3+-+6+-+-+5+-+5+-+-+8+-+3+-+1+1+7+-+-+-+-+-+3+-+1+6+-+-+6+5+9+-+9+-+6+-+1+-+-+9+
|83583|718|2|4|9|9|145|257|3|9|2|04617|9|46853|5|0|8|369|9|0|880|064|5692785|1|2|09147|569765123|415|2|440|293|5497662|9189763|1|
+-+3+5+-+2+-+-+5+9+-+-+-+-+2+1+6+6+-+-+8+8+-+1+-+9+6+7+-+9+3+-+4+-+9+4+5+1+-+9+-+-+1+5+-+8+-+5+-+-+-+7+-+7+-+5+2+-+-+7+-+6+-+-+-+
|688|886|055|0|4|08268|58741|0|8|6|52741|246|4|0|9|220|910|3|2663965|9|4|624405550|2|257|1|716734796|578|7|028|3|3678932|49347|5|
+-+-+-+9+2+-+3+9+-+7+-+-+5+-+3+-+4+4+-+-+-+3+-+7+-+-+8+6+3+-+9+3+3+-+-+4+-+1+-+-+-+-+-+9+9+-+7+1+-+5+-+7+-+-+5+1+4+-+-+-+-+5+-+9+
|1|2|945|2|03785|875|5|53284133440|1|1297239|673|9|8|853|381|1|3|2|4|02853|5|1|370|0379862|523|4|091|2917886|312|774|8|8|57820|6|
+2+7+-+-+-+-+1+-+5+-+6+8+6+4+2+-+4+9+-+7+-+-+1+-+3+1+4+-+-+-+-+9+-+1+8+-+-+-+1+8+1+-+-+-+2+-+-+1+-+4+1+-+-+-+-+3+-+-+4+1+-+5+9+5+
|9|587983578267963589963|8|8|5|51482|826|54165|6|6975291|2486284|9|3587561|370|5|1|9542220|514|5|5|561|1928437|98110|477|413|921|
+2+-+-+-+-+5+-+-+1+8+-+9+3+1+4+-+-+6+-+-+-+-+3+1+4+-+-+-+-+1+-+3+1+3+-+-+1+7+-+2+-+-+5+-+3+-+9+-+4+-+-+6+-+6+9+8+-+3+-+1+-+-+-+4+
|7|037524853|26624|6|082|1|9|9|2|9|820|440|5|275|033|1|268|965|13826|156|246|943|3|78987|785|596|1|4958785|8|6|7|987|37662|1|1|5|
+8+2+-+-+8+-+-+5+-+4+1+9+8+-+-+3+5+-+2+-+8+4+-+1+-+4+7+5+9+-+-+6+5+3+-+3+8+8+3+-+4+7+5+8+7+-+-+2+8+2+-+-+5+6+-+-+3+-+-+7+-+6+1+6+
|9725729|628|09167|0|1|1|9|550|9|4864268|211|624|8177437|7|09147|3|9|63330|4|673|9|4|4|5|082|844137628|880|28022466213|9|0|550|1|
+7+-+-+-+-+-+-+-+-+6+6+-+-+1+-+1+-+8+-+-+-+8+4+5+7+-+-+-+9+-+-+-+-+-+9+2+2+-+4+-+7+-+-+-+-+6+3+-+-+1+-+-+8+1+-+-+9+3+8+3+5+7+-+-+
|65134|5877019902826|7|033|486|817|4|38550|3|0|94572|0|596|4959639|4|5|5|257521392|87156|8|651|248178550|8|1|514|5|5|1|6153820|1|
+2+-+-+1+3+-+-+1+-+-+-+1+-+-+5+-+7+3+4+2+-+9+3+-+-+-+4+-+6+-+-+3+-+3+3+3+-+-+-+-+-+-+-+9+4+4+-+5+-+1+-+-+-+5+-+7+-+8+-+-+5+-+9+5+
|8|266|6|0|4221190|987|918|321|0|037|7|3495413|415|886|19224|7|3943138|8|1569730|96381|7344066|7|1|8311235|64257|743|6|46033|976|
+4+8+6+1+4+3+6+-+-+7+-+-+5+6+8+1+-+9+6+-+-+6+-+7+-+4+-+4+7+2+7+-+-+-+-+-+-+-+3+-+6+9+-+-+-+-+8+-+9+8+-+-+4+-+-+4+-+-+8+1+-+-+-+-+
|2|0|0|7|4|7|8|85392|92743|9|3499046|3|9|660|587|9543165|9|640|8354998|235613459|5|4401945|95459|266|09129|642932129|8538112|028|
+8+-+1+-+-+5+-+5+7+9+5+-+4+8+6+-+-+-+2+5+2+-+-+7+-+-+7+-+-+-+1+-+4+6+-+3+5+-+-+7+-+-+-+3+5+5+-+9+-+5+-+-+3+-+-+5+-+8+9+3+-+-+-+2+
|066|972|5325763|0|1|4|56927|96583|7|5|468|752|0|2|7983167|9819011|5|239|0|9271684|9|422|06471|8|2117886|279|578|09147|0|21129|6|
+3+-+-+4+8+-+6+-+-+6+-+-+-+-+-+-+3+9+8+-+7+-+8+4+2+-+1+-+-+9+-+6+-+5+-+8+-+-+-+6+9+3+8+-+1+-+-+-+-+4+8+-+-+-+-+-+-+6+-+-+-+-+3+8+
|336|13853|413|248|785|9819284771628|3|4|549|4866077|932|138|936|6|0|4|1|6|523|2|336|224|1233651|385|6172932|752114774|897524628|
+-+1+9+-+2+-+-+-+2+-+7+-+9+-+-+-+1+4+8+7+7+-+-+3+4+-+-+1+7+5+6+9+6+1+7+7+1+-+2+-+-+7+-+6+5+-+9+-+-+-+-+2+5+-+-+4+-+2+-+3+-+-+-+6+
|037|077|5723549|66082|550993280|7|2|167|29123|9|6603743|8|3|5|5|0916774158381|88073|770|673|5162886|679|4|97266|8992145|6519284|
+-+-+-+-+-+-+-+-+-+-+-+-+-+-+-+-+-+-+-+-+-+-+-+-+-+-+-+-+-+-+-+-+-+-+-+-+-+-+-+-+-+-+-+-+-+-+-+-+-+-+-+-+-+-+-+-+-+-+-+-+-+-+-+-+
