+-+-+-+-+-+-+-+-+-+-+-+-+-+-+-+-+-+-+-+-+-+-+-+-+-+-+-+-+-+-+-+-+-+-+-+-+-+-+-+-+-+-+-+-+-+-+-+-+-+-+-+-+-+-+-+-+-+-+-+-+-+-+-+-+
|347634730|4|019636729|835|752757875|9|275|6|9188082|662|05532468448|8536729|7|5|5|98165|927|7|8|6|990467954|796|03358|4157257|3|
+7+-+-+-+-+4+-+7+5+3+-+-+1+-+-+-+4+-+5+1+6+1+2+7+-+3+6+-+6+-+7+1+3+-+-+-+3+-+2+2+4+-+5+3+6+1+8+1+8+-+-+-+2+5+2+-+2+-+-+8+-+3+-+2+
|633|684|550|936|8|42275142280|734|844|3|9|541|5|18910|3|628|5|7|796|9639426|583|1|4|6|275|679|798|6|055|7|9|5879853|0|640|572|1|
+2+4+1+-+-+1+-+-+-+-+-+6+-+5+5+-+1+-+5+-+5+-+-+8+2+-+1+7+-+6+5+9+-+-+-+-+8+-+1+-+6+6+3+-+-+6+8+2+8+2+-+9+5+-+-+-+4+-+4+3+-+-+1+7+
|8|9|550|8991817|9|037|156|7|53853581976|47730|3|998|1|6|9|4|0|6|2756981|68844|2|5789954|642|129|0|440|6|2|550|5|49596|325|29314|
+8+4+7+-+-+-+-+9+5+1+8+-+-+9+-+-+-+-+9+-+-+2+-+-+8+-+-+4+9+1+9+3+6+6+-+5+2+-+5+2+-+-+6+8+-+6+-+-+9+6+3+6+7+1+2+7+-+-+1+1+-+-+-+4+
|6|578|0|954|13844|1|9|918|8537066|57842578572|5412972|2|055|1|9|8|1|9|688|569106695|5|213|88673|1|0|7705594|2|820114572|2201918|
+6+-+9+4+2+8+-+3+1+-+9+-+6+3+-+9+-+7+-+-+8+-+-+-+-+-+6+3+8+-+7+-+-+-+4+-+-+7+9+-+8+-+-+-+-+7+-+-+4+-+-+8+-+7+3+9+-+4+-+-+4+1+-+-+
|2|019|651|69761|31220|482|5|569|64268|94550|1|2|5|9|6|9|8|954|04624952741|2|055|4|79899|0|54910|761831224|1|54910|516|826|19022|
+-+-+8+-+-+-+3+-+-+-+7+7+-+9+-+1+7+2+-+-+4+-+6+5+7+6+1+7+-+3+-+-+-+-+4+6+9+8+-+3+1+-+3+4+1+-+-+4+-+-+-+8+-+6+-+-+9+-+-+2+-+-+9+1+
|798|1742257|0|29392|3|7|82688|0|3|4|055|9|385|7|853|572|3|6|35875|291|3|0|0|642|5|761|5|9|011|4|4593224|477|7|4|91088|0|189|9|3|
+7+2+-+-+-+8+-+-+9+-+6+7+7+-+6+1+9+6+-+9+-+9+4+3+1+-+8+4+4+3+4+-+-+1+-+6+-+-+-+6+-+-+-+6+1+9+2+-+-+7+-+-+5+-+8+2+-+-+-+-+2+-+-+7+
|4|6|0|541291880|471|7|055|752|1|2|0|8268862|174378527|6|9436921|921|56998|3|8|6|561|349|871|35820|22460|9|7|972393213|639|459|0|
+9+4+3+2+-+-+-+7+8+-+4+-+-+-+4+-+-+-+-+4+-+-+2+8+4+9+8+-+2+-+-+-+8+-+-+-+-+1+4+8+7+5+5+4+-+2+-+8+-+2+-+-+-+9+4+-+2+4+-+3+-+-+9+-+
|3|257|730|2|2|336|85376|17448|064|7|3306673|3|6|1|4|57257|820|3|15628|76112|4|8|8|6|8|5789910|695|011|6|798|3|1|7|6|6|381|770|5|
+-+4+-+-+9+9+2+9+-+-+-+5+-+7+-+-+3+4+6+-+-+2+-+8+-+6+-+-+-+4+-+7+6+-+1+-+4+-+1+8+7+-+-+-+2+6+-+5+-+8+9+7+8+8+-+9+8+-+9+3+-+-+5+1+
|99864|6794370|4|8537651|03761|761|349|15615|538|8|0|5|9273459|61541|9|257|853|09110|437|0|3|43134|2|099|5|0|9|2|9|7|77055961514|
+9+8+-+7+2+-+-+1+3+-+-+4+-+-+2+-+2+-+4+-+-+-+7+-+1+-+3+-+1+-+1+-+-+9+-+6+-+4+-+-+3+4+6+-+-+7+-+-+-+2+9+-+-+6+2+2+4+4+-+-+-+-+-+6+
|0|6|369|17789|32178|927|47189545965|3|0914798|927|1|224|8|68842|0821156|39460|064|6|8|94516|257|550|921|2|47770|583|1|330|082|8|
+9+-+7+-+1+-+1+-+-+-+-+5+8+7+-+-+-+9+3+8+5+7+9+-+3+5+2+-+8+-+1+-+-+-+-+7+-+9+-+-+-+3+3+8+5+-+-+3+2+-+-+-+9+-+3+1+9+-+9+8+3+-+5+5+
|13826|532|468|174|5|082|6|8|976|3|4|6|8|6|4|981342640|716|477|0824880199055|192|9638587|0|4486433|8|730|3|4|0|976|19211|71697|3|
+-+-+8+-+-+-+7+6+5+4+3+2+4+-+2+-+8+-+-+5+-+-+-+6+-+-+-+3+-+-+8+-+-+5+2+-+2+2+-+5+5+-+-+-+9+1+5+8+6+6+4+-+8+6+-+4+6+-+-+-+-+-+1+5+
|422489998|21147|921|3|082|5875235|8|9|3|459|055|87110|044|4|9189963|235|8|7|077|4|615|011|3|3|2|75293|965|81965|2|39459|4|376|8|
+-+6+-+7+-+4+-+-+2+-+-+-+4+7+-+9+-+5+3+-+-+1+8+2+-+-+1+-+3+3+-+-+1+6+-+-+9+-+3+-+1+2+8+6+-+2+-+-+-+-+4+2+-+3+-+5+-+-+9+-+7+-+5+9+
|3|8|862|4|617|077|688|6|862|743218336|019|8|8|325|1|9|3674134|660|91033|93257|495|8|7|44011124695|63987|23527|0|24695|5275291|9|
+4+2+5+4+4+-+-+8+-+-+7+8+-+-+-+7+-+8+-+-+8+8+-+2+-+1+3+-+-+4+3+2+-+4+-+-+2+-+-+-+-+-+9+-+8+-+8+-+-+2+-+1+2+-+1+4+2+-+-+7+-+7+-+9+
|990|3|880|8|662|31291|8|7|5788088|56156|1|037|1|77046887165|7|8|523|4|927522471|4|9|8|4|224|0|167|4|358|055|8|46066|44871|965|0|
+6+-+-+7+7+1+6+-+-+6+-+9+8+-+3+-+-+9+-+-+6+1+9+4+-+-+-+2+-+-+2+-+-+-+2+-+-+8+4+6+1+9+1+2+2+-+-+1+9+5+-+8+-+8+-+-+-+-+8+-+4+-+8+8+
|5|91835|3|7|0|1|7169729|9|190|53266|68835|1|897|4|6|7|099|0|9|8|385|2488064|8|7|3303752|0113460|6|9|266625718|486159695|774|392|
+-+9+-+-+1+6+1+1+9+-+4+-+7+2+-+-+7+2+-+-+5+-+6+-+1+6+3+-+7+7+2+2+7+9+9+-+-+9+-+-+-+8+4+2+5+-+-+-+-+1+-+3+3+-+6+1+-+1+6+-+1+-+1+-+
|7|927|2|2115990|990|32572|937|019|460733077|266333044|752934156|7|6|134|725|718|532|0|05578|743|2|8|7|9|516|4|5|826|02886|17460|
+9+6+8+2+-+2+-+3+-+9+9+-+-+4+8+9+-+2+-+-+4+4+7+1+-+7+4+8+-+2+-+4+4+1+-+1+4+6+3+-+5+1+8+-+-+2+7+6+9+1+3+6+-+-+-+5+7+-+-+1+-+-+1+-+
|885|9|0912987|774|134|798|5|9|9|422663376|1|9|7|123|8|5|65190|0|385|275|1|9|4|6|0|1|2|4|156|1|7|34774|5|2|596|725|6514718|385|0|
+1+-+7+1+-+6+8+9+-+9+9+-+6+4+6+-+1+1+-+-+6+-+-+2+5+-+-+-+3+-+-+3+-+4+-+2+6+6+6+6+9+8+5+5+3+2+8+4+5+-+9+-+6+6+7+6+6+8+-+7+-+-+1+8+
|771|21189|3|5|88082|3|642118349|5|3|57880912939|64239|4139431|3692145|7|7|3588019|3|75954|413|3588662|26651|963|1|14770|9637662|
+5+3+-+9+-+3+-+1+-+2+9+-+2+-+-+7+6+2+9+-+-+-+7+-+7+-+5+9+-+-+7+-+-+-+-+-+8+2+5+-+-+1+4+-+-+9+8+1+8+-+-+3+-+-+-+-+4+-+-+4+-+3+-+6+
|2|88019|2202899|880|2|84452|97211|57415|945|21183|3|426|22064774369|98165|5|325|8|29392|336|532|7|77055|028|8|5|5|87156|156|248|
+4+-+2+8+1+-+-+9+-+5+-+8+3+2+6+3+-+-+4+2+-+2+-+4+-+5+5+-+1+7+-+-+3+-+-+-+-+-+-+8+9+-+5+-+7+-+-+3+2+-+9+6+-+9+4+7+-+6+-+5+8+-+-+6+
|84422|18336|248|1655046|7|055|5|84468|72943|16549|8992743|785|73088|5|75280|293|9|138626624863965|392|1|679|448|0|22011|92145|4|
+-+3+-+8+-+8+4+-+-+8+-+8+-+-+6+9+-+4+-+-+-+7+-+2+3+-+6+-+-+5+-+5+-+-+8+-+3+-+1+1+7+-+-+-+-+-+3+-+1+6+-+-+6+5+9+-+9+-+6+-+1+-+-+9+
|03785|910|4|6|1|1|347|459|5|1|4|24819|1|66055|7|2|0|561|1|2|082|266|7612987|3|4|29349|761785325|617|4|642|495|7417864|1109965|3|
+-+3+5+-+2+-+-+5+9+-+-+-+-+2+1+6+6+-+-+8+8+-+1+-+9+6+7+-+9+3+-+4+-+9+4+5+1+-+9+-+-+1+5+-+8+-+5+-+-+-+7+-+7+-+5+2+-+-+7+-+6+-+-+-+
|880|088|257|2|6|28460|78943|2|0|8|72943|448|6|2|1|422|112|5|4683167|1|6|826425752|4|459|3|918754998|770|9|220|5|5698134|69549|7|
+-+-+-+9+2+-+3+9+-+7+-+-+5+-+3+-+4+4+-+-+-+3+-+7+-+-+8+6+3+-+9+3+3+-+-+4+-+1+-+-+-+-+-+9+9+-+7+1+-+5+-+7+-+-+5+1+4+-+-+-+-+5+-+9+
|3|4|147|4|23987|077|7|73486153642|3|3217431|875|1|0|055|583|3|5|4|6|22055|7|3|572|2399064|725|6|293|4937088|514|976|6|6|77022|8|
+2+7+-+-+-+-+1+-+5+-+6+8+6+4+2+-+4+9+-+7+-+-+1+-+3+1+4+-+-+-+-+9+-+1+8+-+-+-+1+8+1+-+-+-+2+-+-+1+-+4+1+-+-+-+-+3+-+-+4+1+-+5+9+5+
|1|789903770287165509165|0|0|7|71684|028|74367|8|8995493|4406486|1|5507763|572|7|3|1562422|716|7|7|763|3948639|18312|275|615|123|
+2+-+-+-+-+5+-+-+1+8+-+9+3+1+4+-+-+6+-+-+-+-+3+1+4+-+-+-+-+1+-+3+1+3+-+-+1+7+-+2+-+-+5+-+3+-+9+-+4+-+-+6+-+6+9+8+-+3+-+1+-+-+-+4+
|9|239544055|46826|8|284|3|1|1|4|1|022|642|7|477|235|3|460|167|33028|358|448|145|5|98189|987|798|3|6978987|0|8|9|189|17460|9|9|7|
+8+2+-+-+8+-+-+5+-+4+1+9+8+-+-+3+5+-+2+-+8+4+-+1+-+4+7+5+9+-+-+6+5+3+-+3+8+8+3+-+4+7+5+8+7+-+-+2+8+2+-+-+5+6+-+-+3+-+-+7+-+6+1+6+
|1745921|820|29369|2|3|3|1|752|1|6884460|413|826|0197639|9|29349|5|1|83532|6|875|1|6|6|7|284|046157820|082|48224486415|7|8|358|3|
+7+-+-+-+-+-+-+-+-+6+6+-+-+1+-+1+-+8+-+-+-+8+4+5+7+-+-+-+9+-+-+-+-+-+9+2+2+-+4+-+7+-+-+-+-+6+3+-+-+1+-+-+8+1+-+-+9+3+8+3+5+7+-+-+
|85336|7897211922028|9|235|688|019|6|58752|5|2|14774|2|798|6979831|6|7|7|459541594|07358|0|853|440198752|0|3|716|7|7|3|4133628|9|
+2+-+-+1+3+-+-+1+-+-+-+1+-+-+5+-+7+3+4+2+-+9+3+-+-+-+4+-+6+-+-+3+-+3+3+3+-+-+-+-+-+-+-+9+4+4+-+5+-+1+-+-+-+5+-+7+-+8+-+-+5+-+9+5+
|0|468|8|2|6241392|189|110|523|2|239|9|5415615|617|088|39426|9|5963330|0|3589932|16583|9364268|9|3|0331437|84459|945|4|26831|774|
+4+8+6+1+4+3+6+-+-+7+-+-+5+6+8+1+-+9+6+-+-+6+-+7+-+4+-+4+7+2+7+-+-+-+-+-+-+-+3+-+6+9+-+-+-+-+8+-+9+8+-+-+4+-+-+4+-+-+8+1+-+-+-+-+
|4|2|2|9|6|9|0|05594|12945|1|5419248|5|1|862|789|1563367|1|842|0374190|437633651|7|6421147|15651|468|29321|844952321|6518910|826|
+8+-+1+-+-+5+-+5+7+9+5+-+4+8+6+-+-+-+2+5+2+-+-+7+-+-+7+-+-+-+1+-+4+6+-+3+5+-+-+7+-+-+-+3+5+5+-+9+-+5+-+-+3+-+-+5+-+8+9+3+-+-+-+2+
|268|174|7345965|2|3|6|76129|16785|9|7|660|954|2|4|9903369|1839213|7|431|2|1291886|1|624|26673|0|4137088|471|770|29347|4|41321|4|
+3+-+-+4+8+-+6+-+-+6+-+-+-+-+-+-+3+9+8+-+7+-+8+4+2+-+1+-+-+9+-+6+-+5+-+8+-+-+-+6+9+3+8+-+1+-+-+-+-+4+8+-+-+-+-+-+-+6+-+-+-+-+3+8+
|538|33055|615|440|987|1839486791820|5|6|741|6886279|134|330|138|8|2|6|3|8|725|4|538|426|3253853|587|8192134|752114774|697524826|
+-+1+9+-+2+-+-+-+2+-+7+-+9+-+-+-+1+4+8+7+7+-+-+3+4+-+-+1+7+5+6+9+6+1+7+7+1+-+2+-+-+7+-+6+5+-+9+-+-+-+-+2+5+-+-+4+-+2+-+3+-+-+-+6+
|239|279|7743741|86284|752913482|9|4|369|49325|1|8623945|0|5|7|7|2936976178583|08275|972|875|7182088|871|6|97266|4952349|2579880|
+-+-+-+-+-+-+-+-+-+-+-+-+-+-+-+-+-+-+-+-+-+-+-+-+-+-+-+-+-+-+-+-+-+-+-+-+-+-+-+-+-+-+-+-+-+-+-+-+-+-+-+-+-+-+-+-+-+-+-+-+-+-+-+-+
