+-+-+-+-+-+-+-+-+-+-+-+-+-+-+-+-+-+-+-+-+-+-+-+-+-+-+-+-+-+-+-+-+-+-+-+-+-+-+-+-+-+-+-+-+-+-+-+-+-+-+-+-+-+-+-+-+-+-+-+-+-+-+-+-+
|448644831|5|110646820|936|853767976|0|376|6|9188082|662|05532468448|4596325|3|1|5|98165|927|7|8|6|990467954|796|03358|4157257|3|
+7+-+-+-+-+4+-+7+5+3+-+-+1+-+-+-+4+-+5+1+6+1+2+7+-+3+6+-+6+-+7+1+3+-+-+-+3+-+2+2+4+-+5+3+6+1+8+1+8+-+-+-+2+5+2+-+2+-+-+8+-+3+-+2+
|734|785|651|037|9|52376152381|835|945|4|0|541|5|18910|3|628|5|7|796|5699022|189|1|4|6|275|679|798|6|055|7|9|5879853|0|640|572|1|
+2+4+1+-+-+1+-+-+-+-+-+6+-+5+5+-+1+-+5+-+5+-+-+8+2+-+1+7+-+6+5+9+-+-+-+-+8+-+1+-+6+6+3+-+-+6+8+2+8+2+-+9+5+-+-+-+4+-+4+3+-+-+1+7+
|9|0|651|9901918|0|138|257|8|63954591077|57831|3|998|1|6|9|4|0|6|8716587|28440|8|5789954|642|129|0|440|6|2|550|5|49596|325|29314|
+8+4+7+-+-+-+-+9+5+1+8+-+-+9+-+-+-+-+9+-+-+2+-+-+8+-+-+4+9+1+9+3+6+6+-+5+2+-+5+2+-+-+6+8+-+6+-+-+9+6+3+6+7+1+2+7+-+-+1+1+-+-+-+4+
|7|679|1|055|23945|2|0|019|9547167|67943588673|5412972|2|055|1|9|4|7|4|284|165166291|5|213|88673|1|0|7705594|2|820114572|2201918|
+6+-+9+4+2+8+-+3+1+-+9+-+6+3+-+9+-+7+-+-+8+-+-+-+-+-+6+3+8+-+7+-+-+-+4+-+-+7+9+-+8+-+-+-+-+7+-+-+4+-+-+8+-+7+3+9+-+4+-+-+4+1+-+-+
|3|110|752|79862|41321|583|6|660|74369|04651|1|2|5|9|6|9|8|954|54129902246|8|651|0|39495|6|54910|761831224|1|54910|516|826|19022|
+-+-+8+-+-+-+3+-+-+-+7+7+-+9+-+1+7+2+-+-+4+-+6+5+7+6+1+7+-+3+-+-+-+-+4+6+9+8+-+3+1+-+3+4+1+-+-+4+-+-+-+8+-+6+-+-+9+-+-+2+-+-+9+1+
|899|2752358|1|39493|4|8|92789|1|4|5|055|0|385|7|853|572|3|6|35875|796|8|5|6|248|1|367|1|5|617|4|4593224|477|9|6|91088|0|886|9|3|
+7+2+-+-+-+8+-+-+9+-+6+7+7+-+6+1+9+6+-+9+-+9+4+3+1+-+8+4+4+3+4+-+-+1+-+6+-+-+-+6+-+-+-+6+1+9+2+-+-+7+-+-+5+-+8+2+-+-+-+-+2+-+-+7+
|5|7|1|642201981|572|8|156|853|2|3|1|8268862|174378527|6|9436921|426|06493|8|1|2|167|945|477|95426|22460|9|9|174313415|336|156|0|
+9+4+3+2+-+-+-+7+8+-+4+-+-+-+4+-+-+-+-+4+-+-+2+8+4+9+8+-+2+-+-+-+8+-+-+-+-+1+4+8+7+5+5+4+-+2+-+8+-+2+-+-+-+9+4+-+2+4+-+3+-+-+9+-+
|4|358|831|3|3|437|95477|27549|165|7|3306673|3|6|1|4|57257|325|8|65123|26617|7|4|4|2|4|1749516|291|011|6|990|5|3|9|8|3|088|477|2|
+-+4+-+-+9+9+2+9+-+-+-+5+-+7+-+-+3+4+6+-+-+2+-+8+-+6+-+-+-+4+-+7+6+-+1+-+4+-+1+8+7+-+-+-+2+6+-+5+-+8+9+7+8+8+-+9+8+-+9+3+-+-+5+1+
|09965|7704471|5|9547752|13862|862|349|15615|538|8|0|5|8263954|11046|4|752|156|69716|033|6|9|03730|2|099|7|2|1|4|1|9|47752931211|
+9+8+-+7+2+-+-+1+3+-+-+4+-+-+2+-+2+-+4+-+-+-+7+-+1+-+3+-+1+-+1+-+-+9+-+6+-+4+-+-+3+4+6+-+-+7+-+-+-+2+9+-+-+6+2+2+4+4+-+-+-+-+-+6+
|1|7|460|27880|42279|028|57280555066|3|0914798|927|1|224|5|38549|5871651|69763|660|2|4|54112|853|550|921|4|67972|785|8|037|789|5|
+9+-+7+-+1+-+1+-+-+-+-+5+8+7+-+-+-+9+3+8+5+7+9+-+3+5+2+-+8+-+1+-+-+-+-+7+-+9+-+-+-+3+3+8+5+-+-+3+2+-+-+-+9+-+3+1+9+-+9+8+3+-+5+5+
|23927|633|569|275|6|183|7|9|077|4|5|6|8|6|4|981342640|617|376|7894583149358|697|5698183|6|0446033|0|730|5|6|2|178|89918|41394|0|
+-+-+8+-+-+-+7+6+5+4+3+2+4+-+2+-+8+-+-+5+-+-+-+6+-+-+-+3+-+-+8+-+-+5+2+-+2+2+-+5+5+-+-+-+9+1+5+8+6+6+4+-+8+6+-+4+6+-+-+-+-+-+1+5+
|523499099|31248|022|4|183|6885336|9|0|3|853|055|57817|349|5|4159460|538|5|0|572|0|817|617|9|9|8|95493|167|01167|4|59651|1|073|5|
+-+6+-+7+-+4+-+-+2+-+-+-+4+7+-+9+-+5+3+-+-+1+8+2+-+-+1+-+3+3+-+-+1+6+-+-+9+-+3+-+1+2+8+6+-+2+-+-+-+-+4+2+-+3+-+5+-+-+9+-+7+-+5+9+
|4|9|963|5|718|178|789|7|963|844228437|110|2|8|729|8|6|2664239|165|61730|43752|091|0|9|04617184291|83189|43729|2|44897|2245998|6|
+4+2+5+4+4+-+-+8+-+-+7+8+-+-+-+7+-+8+-+-+8+8+-+2+-+1+3+-+-+4+3+2+-+4+-+-+2+-+-+-+-+-+9+-+8+-+8+-+-+2+-+1+2+-+1+4+2+-+-+7+-+7+-+9+
|091|4|981|9|763|41392|9|8|6798189|66257|2|431|9|47743857266|6|3|220|9|826512370|0|5|0|6|820|6|763|6|550|257|0|66268|14572|662|7|
+6+-+-+7+7+1+6+-+-+6+-+9+8+-+3+-+-+9+-+-+6+1+9+4+-+-+-+2+-+-+2+-+-+-+2+-+-+8+4+6+1+9+1+2+2+-+-+1+9+5+-+8+-+8+-+-+-+-+8+-+4+-+8+8+
|6|01936|4|8|1|2|8179820|0|291|63367|78936|5|293|8|6|7|394|5|4|9|486|7438569|7|6|9363954|6173066|2|1|468645910|885149392|077|099|
+-+9+-+-+1+6+1+1+9+-+4+-+7+2+-+-+7+2+-+-+5+-+6+-+1+6+3+-+7+7+2+2+7+9+9+-+-+9+-+-+-+8+4+2+5+-+-+-+-+1+-+3+3+-+6+1+-+1+6+-+1+-+1+-+
|8|028|3|3125091|091|42673|038|110|561743178|864373044|257984257|8|7|639|028|112|538|3|65178|842|4|0|9|1|718|6|7|123|92189|87167|
+9+6+8+2+-+2+-+3+-+9+9+-+-+4+8+9+-+2+-+-+4+4+7+1+-+7+4+8+-+2+-+4+4+1+-+1+4+6+3+-+5+1+8+-+-+2+7+6+9+1+3+6+-+-+-+5+7+-+-+1+-+-+1+-+
|986|0|1922088|875|235|899|6|0|0|523673477|2|5|5|927|8|0|15695|1|486|770|4|3|8|6|0|9|1|1|450|1|9|54976|7|9|493|224|1564213|082|7|
+1+-+7+1+-+6+8+9+-+9+9+-+6+4+6+-+1+1+-+-+6+-+-+2+5+-+-+-+3+-+-+3+-+4+-+2+6+6+6+6+9+8+5+5+3+2+8+4+5+-+9+-+6+6+7+6+6+8+-+7+-+-+1+8+
|872|31280|4|6|98183|4|743128440|6|4|67981922037|44831|7189730|4602246|2|0|7528011|7|15651|213|5508864|76358|066|0|94679|6607369|
+5+3+-+9+-+3+-+1+-+2+9+-+2+-+-+7+6+2+9+-+-+-+7+-+7+-+5+9+-+-+7+-+-+-+-+-+8+2+5+-+-+1+4+-+-+9+8+1+8+-+-+3+-+-+-+-+4+-+-+4+-+3+-+6+
|3|98110|3212990|981|3|94553|07312|67516|046|71886|5|628|82066734763|28468|9|725|0|89796|131|134|5|67954|129|9|6|4|57853|853|945|
+4+-+2+8+1+-+-+9+-+5+-+8+3+2+6+3+-+-+4+2+-+2+-+4+-+5+5+-+1+7+-+-+3+-+-+-+-+-+-+8+9+-+5+-+7+-+-+3+2+-+9+6+-+9+4+7+-+6+-+5+8+-+-+6+
|94523|28437|349|2665147|8|156|6|94569|82044|86246|0912347|785|33088|3|95482|897|1|532686426843763|190|0|770|549|7|12918|62842|1|
+-+3+-+8+-+8+4+-+-+8+-+8+-+-+6+9+-+4+-+-+-+7+-+2+3+-+6+-+-+5+-+5+-+-+8+-+3+-+1+1+7+-+-+-+-+-+3+-+1+6+-+-+6+5+9+-+9+-+6+-+1+-+-+9+
|13886|011|5|7|2|2|448|550|6|2|5|34910|2|76156|4|9|2|763|3|2|688|660|5692189|7|8|49541|569725729|415|8|743|596|2487165|8179662|0|
+-+3+5+-+2+-+-+5+9+-+-+-+-+2+1+6+6+-+-+8+8+-+1+-+9+6+7+-+9+3+-+4+-+9+4+5+1+-+9+-+-+1+5+-+8+-+5+-+-+-+7+-+7+-+5+2+-+-+7+-+6+-+-+-+
|981|189|358|3|7|38561|88044|3|1|9|82044|549|7|4|8|624|314|5|8623561|9|4|224485358|6|651|7|312794392|174|0|321|4|6608235|39246|4|
+-+-+-+9+2+-+3+9+-+7+-+-+5+-+3+-+4+4+-+-+-+3+-+7+-+-+8+6+3+-+9+3+3+-+-+4+-+1+-+-+-+-+-+9+9+-+7+1+-+5+-+7+-+-+5+1+4+-+-+-+-+5+-+9+
|4|5|248|5|33088|178|8|83587163743|4|4227532|077|3|2|257|785|7|5|8|6|82055|5|3|572|4319266|129|0|697|8977482|615|077|0|0|47729|5|
+2+7+-+-+-+-+1+-+5+-+6+8+6+4+2+-+4+9+-+7+-+-+1+-+3+1+4+-+-+-+-+9+-+1+8+-+-+-+1+8+1+-+-+-+2+-+-+1+-+4+1+-+-+-+-+3+-+-+4+1+-+5+9+5+
|2|880913871297266519266|1|1|8|81785|129|94569|0|0915695|2486284|1|5507763|572|7|3|7522028|514|1|7|167|7968437|88514|679|312|820|
+2+-+-+-+-+5+-+-+1+8+-+9+3+1+4+-+-+6+-+-+-+-+3+1+4+-+-+-+-+1+-+3+1+3+-+-+1+7+-+2+-+-+5+-+3+-+9+-+4+-+-+6+-+6+9+8+-+3+-+1+-+-+-+4+
|0|330554156|56927|9|385|4|2|2|5|2|123|844|9|679|437|5|662|965|73022|358|448|145|5|58785|189|596|3|4938189|0|6|6|381|57864|3|3|4|
+8+2+-+-+8+-+-+5+-+4+1+9+8+-+-+3+5+-+2+-+8+4+-+1+-+4+7+5+9+-+-+6+5+3+-+3+8+8+3+-+4+7+5+8+7+-+-+2+8+2+-+-+5+6+-+-+3+-+-+7+-+6+1+6+
|2755022|921|39460|3|4|4|2|853|2|7894561|615|028|2117831|1|69743|5|5|83532|6|875|1|2|2|3|886|044157224|284|68426406617|1|2|752|0|
+7+-+-+-+-+-+-+-+-+6+6+-+-+1+-+1+-+8+-+-+-+8+4+5+7+-+-+-+9+-+-+-+-+-+9+2+2+-+4+-+7+-+-+-+-+6+3+-+-+1+-+-+8+1+-+-+9+3+8+3+5+7+-+-+
|95437|8807312932129|0|336|789|110|7|78954|7|4|34976|4|990|6979831|6|7|7|459541594|47752|4|257|844138156|2|7|918|9|9|5|8173022|3|
+2+-+-+1+3+-+-+1+-+-+-+1+-+-+5+-+7+3+4+2+-+9+3+-+-+-+4+-+6+-+-+3+-+3+3+3+-+-+-+-+-+-+-+9+4+4+-+5+-+1+-+-+-+5+-+7+-+8+-+-+5+-+9+5+
|1|569|9|3|7251493|280|211|624|3|330|1|7435817|819|280|59628|1|5963330|0|5509134|56987|3304662|3|7|4371831|24651|147|8|66235|178|
+4+8+6+1+4+3+6+-+-+7+-+-+5+6+8+1+-+9+6+-+-+6+-+7+-+4+-+4+7+2+7+-+-+-+-+-+-+-+3+-+6+9+-+-+-+-+8+-+9+8+-+-+4+-+-+4+-+-+8+1+-+-+-+-+
|5|3|3|0|7|0|1|15695|22046|2|6429349|7|3|064|981|3583569|3|044|2394392|639653853|1|0461541|55055|862|69725|844952729|0558314|624|
+8+-+1+-+-+5+-+5+7+9+5+-+4+8+6+-+-+-+2+5+2+-+-+7+-+-+7+-+-+-+1+-+4+6+-+3+5+-+-+7+-+-+-+3+5+5+-+9+-+5+-+-+3+-+-+5+-+8+9+3+-+-+-+2+
|369|275|8355066|3|4|7|86220|26886|0|9|862|156|4|6|1923561|3859415|9|633|4|3211088|3|028|66077|4|8177482|875|770|69741|8|81725|2|
+3+-+-+4+8+-+6+-+-+6+-+-+-+-+-+-+3+9+8+-+7+-+8+4+2+-+1+-+-+9+-+6+-+5+-+8+-+-+-+6+9+3+8+-+1+-+-+-+-+4+8+-+-+-+-+-+-+6+-+-+-+-+3+8+
|639|43156|716|541|088|2849587701921|7|8|943|8806471|336|532|330|0|4|8|5|0|927|6|730|820|7293257|981|2132538|358174370|493584224|
+-+1+9+-+2+-+-+-+2+-+7+-+9+-+-+-+1+4+8+7+7+-+-+3+4+-+-+1+7+5+6+9+6+1+7+7+1+-+2+-+-+7+-+6+5+-+9+-+-+-+-+2+5+-+-+4+-+2+-+3+-+-+-+6+
|330|370|8753842|96385|853923583|0|5|561|69527|3|0643147|2|7|9|9|4956178198785|28477|376|279|1122482|275|0|57862|4952741|2579880|
+-+-+-+-+-+-+-+-+-+-+-+-+-+-+-+-+-+-+-+-+-+-+-+-+-+-+-+-+-+-+-+-+-+-+-+-+-+-+-+-+-+-+-+-+-+-+-+-+-+-+-+-+-+-+-+-+-+-+-+-+-+-+-+-+
