+-+-+-+-+-+-+-+-+-+-+-+-+-+-+-+-+-+-+-+-+-+-+-+-+-+-+-+-+-+-+-+-+-+-+-+-+-+-+-+-+-+-+-+-+-+-+-+-+-+-+-+-+-+-+-+-+-+-+-+-+-+-+-+-+
|448644831|5|110646820|936|853767976|0|376|2|5148688|268|65138428044|9546820|8|6|0|48660|422|2|3|1|495417459|291|53853|9107752|8|
+7+-+-+-+-+4+-+7+5+3+-+-+1+-+-+-+4+-+5+1+6+1+2+7+-+3+6+-+6+-+7+1+3+-+-+-+3+-+2+2+4+-+5+3+6+1+8+1+8+-+-+-+2+5+2+-+2+-+-+8+-+3+-+2+
|734|785|651|037|9|52376152381|835|945|4|0|147|1|78516|9|224|1|3|392|0649527|684|6|9|1|770|174|293|1|550|2|4|0829358|5|145|077|6|
+2+4+1+-+-+1+-+-+-+-+-+6+-+5+5+-+1+-+5+-+5+-+-+8+2+-+1+7+-+6+5+9+-+-+-+-+8+-+1+-+6+6+3+-+-+6+8+2+8+2+-+9+5+-+-+-+4+-+4+3+-+-+1+7+
|9|0|651|9901918|0|138|257|8|63954591077|57831|9|594|7|2|5|0|6|2|3766082|78945|3|0739459|147|624|5|945|1|7|055|0|99091|820|79819|
+8+4+7+-+-+-+-+9+5+1+8+-+-+9+-+-+-+-+9+-+-+2+-+-+8+-+-+4+9+1+9+3+6+6+-+5+2+-+5+2+-+-+6+8+-+6+-+-+9+6+3+6+7+1+2+7+-+-+1+1+-+-+-+4+
|7|679|1|055|23945|2|0|019|9547167|67943588673|1472578|8|651|7|5|9|2|9|789|660116796|0|718|38178|6|5|2755099|7|325164077|7251413|
+6+-+9+4+2+8+-+3+1+-+9+-+6+3+-+9+-+7+-+-+8+-+-+-+-+-+6+3+8+-+7+-+-+-+4+-+-+7+9+-+8+-+-+-+-+7+-+-+4+-+-+8+-+7+3+9+-+4+-+-+4+1+-+-+
|3|110|752|79862|41321|583|6|660|74369|04651|7|8|1|5|2|5|4|550|04624952741|3|156|5|89990|1|04415|266881729|6|04415|011|321|69527|
+-+-+8+-+-+-+3+-+-+-+7+7+-+9+-+1+7+2+-+-+4+-+6+5+7+6+1+7+-+3+-+-+-+-+4+6+9+8+-+3+1+-+3+4+1+-+-+4+-+-+-+8+-+6+-+-+9+-+-+2+-+-+9+1+
|293|2752358|1|39493|4|8|92789|1|4|5|651|0|981|3|459|178|9|2|95471|291|3|0|1|743|6|862|6|0|112|9|9543729|972|4|1|41583|5|381|4|8|
+7+2+-+-+-+8+-+-+9+-+6+7+7+-+6+1+9+6+-+9+-+9+4+3+1+-+8+4+4+3+4+-+-+1+-+6+-+-+-+6+-+-+-+6+1+9+2+-+-+7+-+-+5+-+8+2+-+-+-+-+2+-+-+7+
|9|1|5|642201981|572|8|156|853|2|3|1|4228468|770338123|2|5496527|921|56998|3|6|7|662|440|972|45921|72965|4|4|679363910|831|651|5|
+9+4+3+2+-+-+-+7+8+-+4+-+-+-+4+-+-+-+-+4+-+-+2+8+4+9+8+-+2+-+-+-+8+-+-+-+-+1+4+8+7+5+5+4+-+2+-+8+-+2+-+-+-+9+4+-+2+4+-+3+-+-+9+-+
|8|752|831|3|3|437|95477|27549|165|3|9366279|9|2|7|0|17853|820|3|15628|76112|2|9|9|7|9|6799011|796|516|1|495|0|8|4|3|8|583|972|7|
+-+4+-+-+9+9+2+9+-+-+-+5+-+7+-+-+3+4+6+-+-+2+-+8+-+6+-+-+-+4+-+7+6+-+1+-+4+-+1+8+7+-+-+-+2+6+-+5+-+8+9+7+8+8+-+9+8+-+9+3+-+-+5+1+
|49369|1704471|5|9547752|13862|862|945|75211|134|4|6|1|3213459|61541|9|257|651|19211|538|1|4|53235|7|594|2|7|6|9|6|4|97257981716|
+9+8+-+7+2+-+-+1+3+-+-+4+-+-+2+-+2+-+4+-+-+-+7+-+1+-+3+-+1+-+1+-+-+9+-+6+-+4+-+-+3+4+6+-+-+7+-+-+-+2+9+-+-+6+2+2+4+4+-+-+-+-+-+6+
|5|1|864|27284|42279|028|57280555066|9|6974394|523|7|820|0|88044|0821156|19268|165|7|9|04617|358|055|426|9|17477|280|3|532|284|0|
+9+-+7+-+1+-+1+-+-+-+-+5+8+7+-+-+-+9+3+8+5+7+9+-+3+5+2+-+8+-+1+-+-+-+-+7+-+9+-+-+-+3+3+8+5+-+-+3+2+-+-+-+9+-+3+1+9+-+9+8+3+-+5+5+
|63321|633|963|679|0|183|7|9|077|4|5|2|4|2|0|587302246|112|871|2844088199853|192|0648688|1|5496538|5|235|0|1|7|673|39413|91899|5|
+-+-+8+-+-+-+7+6+5+4+3+2+4+-+2+-+8+-+-+5+-+-+-+6+-+-+-+3+-+-+8+-+-+5+2+-+2+2+-+5+5+-+-+-+9+1+5+8+6+6+4+-+8+6+-+4+6+-+-+-+-+-+1+5+
|927439493|71642|426|4|183|6885336|9|0|9|055|651|07312|844|0|9109965|033|0|5|077|5|312|112|4|4|3|45998|662|51662|9|09156|6|578|0|
+-+6+-+7+-+4+-+-+2+-+-+-+4+7+-+9+-+5+3+-+-+1+8+2+-+-+1+-+3+3+-+-+1+6+-+-+9+-+3+-+1+2+8+6+-+2+-+-+-+-+4+2+-+3+-+5+-+-+9+-+7+-+5+9+
|8|3|367|9|112|572|183|1|963|844228437|110|4|4|921|3|1|7614734|660|11235|93257|596|5|4|54112134796|33684|93224|7|94392|7295493|1|
+4+2+5+4+4+-+-+8+-+-+7+8+-+-+-+7+-+8+-+-+8+8+-+2+-+1+3+-+-+4+3+2+-+4+-+-+2+-+-+-+-+-+9+-+8+-+8+-+-+2+-+1+2+-+1+4+2+-+-+7+-+7+-+9+
|495|8|385|3|167|81796|3|2|5788189|66257|2|633|7|97248807761|1|8|725|4|321562875|5|0|5|1|325|1|268|1|055|752|5|16763|64077|167|2|
+6+-+-+7+7+1+6+-+-+6+-+9+8+-+3+-+-+9+-+-+6+1+9+4+-+-+-+2+-+-+2+-+-+-+2+-+-+8+4+6+1+9+1+2+2+-+-+1+9+5+-+8+-+8+-+-+-+-+8+-+4+-+8+8+
|0|41330|8|2|5|6|2119224|4|695|63367|78936|7|493|6|4|5|899|0|9|4|981|2488064|2|1|4313459|1123561|7|6|963695415|380199897|572|594|
+-+9+-+-+1+6+1+1+9+-+4+-+7+2+-+-+7+2+-+-+5+-+6+-+1+6+3+-+7+7+2+2+7+9+9+-+-+9+-+-+-+8+4+2+5+-+-+-+-+1+-+3+3+-+6+1+-+1+6+-+1+-+1+-+
|2|422|7|7165495|495|82077|432|110|561783178|862353842|752934752|3|2|134|523|617|033|8|15673|347|9|5|4|6|213|1|2|628|42684|37662|
+9+6+8+2+-+2+-+3+-+9+9+-+-+4+8+9+-+2+-+-+4+4+7+1+-+7+4+8+-+2+-+4+4+1+-+1+4+6+3+-+5+1+8+-+-+2+7+6+9+1+3+6+-+-+-+5+7+-+-+1+-+-+1+-+
|380|4|5962482|279|639|293|0|4|0|123693279|2|5|1|725|6|5|65190|6|981|275|9|8|3|1|5|4|6|6|955|6|4|04471|2|4|998|729|6514718|587|2|
+1+-+7+1+-+6+8+9+-+9+9+-+6+4+6+-+1+1+-+-+6+-+-+2+5+-+-+-+3+-+-+3+-+4+-+2+6+6+6+6+9+8+5+5+3+2+8+4+5+-+9+-+6+6+7+6+6+8+-+7+-+-+1+8+
|276|71684|8|0|38587|8|147168844|0|4|27985942639|94336|2139235|9652741|7|5|2578516|2|65156|718|0558369|26853|561|5|44174|1657864|
+5+3+-+9+-+3+-+1+-+2+9+-+2+-+-+7+6+2+9+-+-+-+7+-+7+-+5+9+-+-+7+-+-+-+-+-+8+2+5+-+-+1+4+-+-+9+8+1+8+-+-+3+-+-+-+-+4+-+-+4+-+3+-+6+
|7|38514|7252394|385|7|34957|47716|67314|844|31482|0|123|32561784268|78963|4|220|5|39291|636|639|0|17459|624|4|1|9|07358|358|440|
+4+-+2+8+1+-+-+9+-+5+-+8+3+2+6+3+-+-+4+2+-+2+-+4+-+5+5+-+1+7+-+-+3+-+-+-+-+-+-+8+9+-+5+-+7+-+-+3+2+-+9+6+-+9+4+7+-+6+-+5+8+-+-+6+
|34927|68831|743|6605541|2|550|0|74367|62842|46842|5962842|280|83583|8|45987|392|6|037636921893268|695|5|275|044|2|62413|12347|6|
+-+3+-+8+-+8+4+-+-+8+-+8+-+-+6+9+-+4+-+-+-+7+-+2+3+-+6+-+-+5+-+5+-+-+8+-+3+-+1+1+7+-+-+-+-+-+3+-+1+6+-+-+6+5+9+-+9+-+6+-+1+-+-+9+
|53280|415|9|1|6|6|842|954|0|6|9|14718|6|56954|0|5|7|268|8|7|183|165|0642684|2|3|99046|064775224|910|3|248|091|7437660|3129167|5|
+-+3+5+-+2+-+-+5+9+-+-+-+-+2+1+6+6+-+-+8+8+-+1+-+9+6+7+-+9+3+-+4+-+9+4+5+1+-+9+-+-+1+5+-+8+-+5+-+-+-+7+-+7+-+5+2+-+-+7+-+6+-+-+-+
|385|583|752|7|1|78965|28448|7|5|7|22448|347|5|9|4|129|819|0|3673066|4|9|729435853|1|156|2|817744897|679|5|826|9|1658730|89741|9|
+-+-+-+9+2+-+3+9+-+7+-+-+5+-+3+-+4+4+-+-+-+3+-+7+-+-+8+6+3+-+9+3+3+-+-+4+-+1+-+-+-+-+-+9+9+-+7+1+-+5+-+7+-+-+5+1+4+-+-+-+-+5+-+9+
|8|9|642|9|73482|572|2|23981103347|8|2207330|572|8|7|752|280|2|0|3|1|32550|0|8|077|9369761|624|5|192|3927987|110|572|5|5|97224|0|
+2+7+-+-+-+-+1+-+5+-+6+8+6+4+2+-+4+9+-+7+-+-+1+-+3+1+4+-+-+-+-+9+-+1+8+-+-+-+1+8+1+-+-+-+2+-+-+1+-+4+1+-+-+-+-+3+-+-+4+1+-+5+9+5+
|6|284953275237660559660|5|5|2|21189|927|44064|5|5965190|7436789|6|0557268|077|2|8|2572523|019|6|2|662|2918932|38019|174|817|325|
+2+-+-+-+-+5+-+-+1+8+-+9+3+1+4+-+-+6+-+-+-+-+3+1+4+-+-+-+-+1+-+3+1+3+-+-+1+7+-+2+-+-+5+-+3+-+9+-+4+-+-+6+-+6+9+8+-+3+-+1+-+-+-+4+
|4|734594550|96321|3|789|8|6|6|9|6|527|349|4|174|932|0|167|460|23527|853|943|640|0|08280|684|091|8|9988684|5|1|1|886|07369|8|8|9|
+8+2+-+-+8+-+-+5+-+4+1+9+8+-+-+3+5+-+2+-+8+4+-+1+-+4+7+5+9+-+-+6+5+3+-+3+8+8+3+-+4+7+5+8+7+-+-+2+8+2+-+-+5+6+-+-+3+-+-+7+-+6+1+6+
|6795426|325|79864|7|8|8|6|257|6|1834965|110|523|7167336|6|19248|0|0|33037|1|370|6|7|7|8|381|549107729|789|18921456112|6|7|257|5|
+7+-+-+-+-+-+-+-+-+6+6+-+-+1+-+1+-+8+-+-+-+8+4+5+7+-+-+-+9+-+-+-+-+-+9+2+2+-+4+-+7+-+-+-+-+6+3+-+-+1+-+-+8+1+-+-+9+3+8+3+5+7+-+-+
|35831|2847716972523|4|730|183|514|1|28459|2|9|84471|9|495|1929336|1|2|2|954591099|97257|9|752|349188651|7|2|413|4|4|0|3123527|8|
+2+-+-+1+3+-+-+1+-+-+-+1+-+-+5+-+7+3+4+2+-+9+3+-+-+-+4+-+6+-+-+3+-+3+3+3+-+-+-+-+-+-+-+9+4+4+-+5+-+1+-+-+-+5+-+7+-+8+-+-+5+-+9+5+
|5|963|3|7|1291897|684|615|028|7|734|6|2485312|314|785|09123|6|0913835|5|0559639|06482|8354167|8|2|9321336|74156|642|3|16730|673|
+4+8+6+1+4+3+6+-+-+7+-+-+5+6+8+1+-+9+6+-+-+6+-+7+-+4+-+4+7+2+7+-+-+-+-+-+-+-+3+-+6+9+-+-+-+-+8+-+9+8+-+-+4+-+-+4+-+-+8+1+-+-+-+-+
|9|7|7|4|1|4|5|55099|62440|6|0469743|2|8|569|486|8533064|8|549|7344897|134603358|6|5411046|05550|367|19220|349902224|5508819|129|
+8+-+1+-+-+5+-+5+7+9+5+-+4+8+6+-+-+-+2+5+2+-+-+7+-+-+7+-+-+-+1+-+4+6+-+3+5+-+-+7+-+-+-+3+5+5+-+9+-+5+-+-+3+-+-+5+-+8+9+3+-+-+-+2+
|763|679|2395460|7|8|1|26624|66280|4|4|367|651|9|1|6973066|8809910|4|138|9|8261583|8|523|16572|9|3127987|370|275|19246|3|31220|7|
+3+-+-+4+8+-+6+-+-+6+-+-+-+-+-+-+3+9+8+-+7+-+8+4+2+-+1+-+-+9+-+6+-+5+-+8+-+-+-+6+9+3+8+-+1+-+-+-+-+4+8+-+-+-+-+-+-+6+-+-+-+-+3+8+
|033|83550|110|945|482|6889981741325|2|3|448|3856976|831|037|835|5|9|3|0|5|422|1|235|325|2243752|486|7182033|853124875|998534729|
+-+1+9+-+2+-+-+-+2+-+7+-+9+-+-+-+1+4+8+7+7+-+-+3+4+-+-+1+7+5+6+9+6+1+7+7+1+-+2+-+-+7+-+6+5+-+9+-+-+-+-+2+5+-+-+4+-+2+-+3+-+-+-+6+
|734|774|2793246|36789|257963987|4|9|066|19022|8|5693642|7|2|4|4|9906673148280|78972|871|774|6172987|770|5|07367|9902246|7529385|
+-+-+-+-+-+-+-+-+-+-+-+-+-+-+-+-+-+-+-+-+-+-+-+-+-+-+-+-+-+-+-+-+-+-+-+-+-+-+-+-+-+-+-+-+-+-+-+-+-+-+-+-+-+-+-+-+-+-+-+-+-+-+-+-+
