+-+-+-+-+-+-+-+-+-+-+-+-+-+-+-+-+-+-+-+-+-+-+-+-+-+-+-+-+-+-+-+-+-+-+-+-+-+-+-+-+-+-+-+-+-+-+-+-+-+-+-+-+-+-+-+-+-+-+-+-+-+-+-+-+
|347634730|4|019636729|835|752757875|9|275|4|7168880|460|85330448246|1566022|0|8|2|68862|624|4|5|3|697437651|493|73055|1127954|0|
+7+-+-+-+-+4+-+7+5+3+-+-+1+-+-+-+4+-+5+1+6+1+2+7+-+3+6+-+6+-+7+1+3+-+-+-+3+-+2+2+4+-+5+3+6+1+8+1+8+-+-+-+2+5+2+-+2+-+-+8+-+3+-+2+
|633|684|550|936|8|42275142280|734|844|3|9|349|3|98718|1|426|3|5|594|2669729|886|8|1|3|972|376|495|3|752|4|6|2849550|7|347|279|8|
+2+4+1+-+-+1+-+-+-+-+-+6+-+5+5+-+1+-+5+-+5+-+-+8+2+-+1+7+-+6+5+9+-+-+-+-+8+-+1+-+6+6+3+-+-+6+8+2+8+2+-+9+5+-+-+-+4+-+4+3+-+-+1+7+
|8|9|550|8991817|9|037|156|7|53853581976|47730|1|796|9|4|7|2|8|4|5786284|98147|5|2759651|349|826|7|147|3|9|257|2|19293|022|99011|
+8+4+7+-+-+-+-+9+5+1+8+-+-+9+-+-+-+-+9+-+-+2+-+-+8+-+-+4+9+1+9+3+6+6+-+5+2+-+5+2+-+-+6+8+-+6+-+-+9+6+3+6+7+1+2+7+-+-+1+1+-+-+-+4+
|6|578|0|954|13844|1|9|918|8537066|57842578572|3492770|0|853|9|7|1|4|1|981|862136998|2|910|58370|8|7|4775291|9|527184279|9271615|
+6+-+9+4+2+8+-+3+1+-+9+-+6+3+-+9+-+7+-+-+8+-+-+-+-+-+6+3+8+-+7+-+-+-+4+-+-+7+9+-+8+-+-+-+-+7+-+-+4+-+-+8+-+7+3+9+-+4+-+-+4+1+-+-+
|2|019|651|69761|31220|482|5|569|64268|94550|9|0|3|7|4|7|6|752|24826972943|5|358|7|09192|3|24617|468801921|8|24617|213|523|89729|
+-+-+8+-+-+-+3+-+-+-+7+7+-+9+-+1+7+2+-+-+4+-+6+5+7+6+1+7+-+3+-+-+-+-+4+6+9+8+-+3+1+-+3+4+1+-+-+4+-+-+-+8+-+6+-+-+9+-+-+2+-+-+9+1+
|697|1742257|0|29392|3|7|82688|0|3|4|853|9|183|5|651|370|1|4|15673|493|5|2|3|945|8|064|8|2|314|1|1563921|174|6|3|61785|7|583|6|0|
+7+2+-+-+-+8+-+-+9+-+6+7+7+-+6+1+9+6+-+9+-+9+4+3+1+-+8+4+4+3+4+-+-+1+-+6+-+-+-+6+-+-+-+6+1+9+2+-+-+7+-+-+5+-+8+2+-+-+-+-+2+-+-+7+
|3|5|9|541291880|471|7|055|752|1|2|0|6248660|972358325|4|7416729|123|76190|5|8|9|864|642|174|65123|92167|6|6|871383112|033|853|7|
+9+4+3+2+-+-+-+7+8+-+4+-+-+-+4+-+-+-+-+4+-+-+2+8+4+9+8+-+2+-+-+-+8+-+-+-+-+1+4+8+7+5+5+4+-+2+-+8+-+2+-+-+-+9+4+-+2+4+-+3+-+-+9+-+
|2|156|431|5|5|336|85376|17448|064|5|1386471|1|4|9|2|37055|022|5|35820|96314|4|1|1|9|1|8719213|998|718|3|697|2|0|6|5|0|785|174|9|
+-+4+-+-+9+9+2+9+-+-+-+5+-+7+-+-+3+4+6+-+-+2+-+8+-+6+-+-+-+4+-+7+6+-+1+-+4+-+1+8+7+-+-+-+2+6+-+5+-+8+9+7+8+8+-+9+8+-+9+3+-+-+5+1+
|89763|5724673|4|8537651|03761|761|147|95413|336|6|8|3|5233651|81743|1|459|853|39413|730|3|6|73437|9|796|4|9|8|1|8|6|17459901918|
+9+8+-+7+2+-+-+1+3+-+-+4+-+-+2+-+2+-+4+-+-+-+7+-+1+-+3+-+1+-+1+-+-+9+-+6+-+4+-+-+3+4+6+-+-+7+-+-+-+2+9+-+-+6+2+2+4+4+-+-+-+-+-+6+
|9|5|268|37688|32178|927|47189545965|1|8994596|725|9|022|2|08246|2841358|39460|367|9|1|24819|550|257|628|1|37679|482|5|734|486|2|
+9+-+7+-+1+-+1+-+-+-+-+5+8+7+-+-+-+9+3+8+5+7+9+-+3+5+2+-+8+-+1+-+-+-+-+7+-+9+-+-+-+3+3+8+5+-+-+3+2+-+-+-+9+-+3+1+9+-+9+8+3+-+5+5+
|03725|734|367|073|4|082|6|8|976|3|4|4|6|4|2|789322448|314|073|4864280119055|394|2668880|3|7416730|7|437|2|3|9|875|59615|11091|7|
+-+-+8+-+-+-+7+6+5+4+3+2+4+-+2+-+8+-+-+5+-+-+-+6+-+-+-+3+-+-+8+-+-+5+2+-+2+2+-+5+5+-+-+-+9+1+5+8+6+6+4+-+8+6+-+4+6+-+-+-+-+-+1+5+
|321479897|11046|820|3|082|5875235|8|9|1|257|853|27514|046|2|1129167|235|2|7|279|7|514|314|6|6|5|65190|864|71864|1|29358|8|770|2|
+-+6+-+7+-+4+-+-+2+-+-+-+4+7+-+9+-+5+3+-+-+1+8+2+-+-+1+-+3+3+-+-+1+6+-+-+9+-+3+-+1+2+8+6+-+2+-+-+-+-+4+2+-+3+-+5+-+-+9+-+7+-+5+9+
|2|7|761|3|516|976|587|5|862|743258336|312|6|6|123|5|3|9634936|862|31437|13459|798|7|6|74314154998|53886|13426|9|14594|9215695|3|
+4+2+5+4+4+-+-+8+-+-+7+8+-+-+-+7+-+8+-+-+8+8+-+2+-+1+3+-+-+4+3+2+-+4+-+-+2+-+-+-+-+-+9+-+8+-+8+-+-+2+-+1+2+-+1+4+2+-+-+7+-+7+-+9+
|899|2|789|7|561|21190|7|6|5788684|86459|4|835|9|17440827963|3|0|927|6|523582077|7|2|7|3|527|3|460|3|257|954|7|36965|84279|369|4|
+6+-+-+7+7+1+6+-+-+6+-+9+8+-+3+-+-+9+-+-+6+1+9+4+-+-+-+2+-+-+2+-+-+-+2+-+-+8+4+6+1+9+1+2+2+-+-+1+9+5+-+8+-+8+-+-+-+-+8+-+4+-+8+8+
|4|81734|2|6|9|0|6159628|8|695|83569|98138|9|695|8|6|7|091|2|1|6|183|4408266|4|3|6333651|3143763|9|8|165615617|582119099|774|796|
+-+9+-+-+1+6+1+1+9+-+4+-+7+2+-+-+7+2+-+-+5+-+6+-+1+6+3+-+7+7+2+2+7+9+9+-+-+9+-+-+-+8+4+2+5+-+-+-+-+1+-+3+3+-+6+1+-+1+6+-+1+-+1+-+
|6|826|1|1105899|899|22471|437|312|763703370|064373044|954954954|5|4|336|725|819|235|0|35875|549|1|7|6|8|415|3|4|820|62886|57864|
+9+6+8+2+-+2+-+3+-+9+9+-+-+4+8+9+-+2+-+-+4+4+7+1+-+7+4+8+-+2+-+4+4+1+-+1+4+6+3+-+5+1+8+-+-+2+7+6+9+1+3+6+-+-+-+5+7+-+-+1+-+-+1+-+
|784|8|9902886|673|033|091|0|0|2|325613471|4|7|3|927|8|7|85392|8|183|477|1|0|5|3|7|6|8|8|157|8|6|24673|4|6|190|921|8534910|789|4|
+1+-+7+1+-+6+8+9+-+9+9+-+6+4+6+-+1+1+-+-+6+-+-+2+5+-+-+-+3+-+-+3+-+4+-+2+6+6+6+6+9+8+5+5+3+2+8+4+5+-+9+-+6+6+7+6+6+8+-+7+-+-+1+8+
|670|11088|2|4|78981|2|945168448|2|6|47187962831|14538|4159437|1672943|9|7|4598718|4|85358|910|2578561|46055|763|7|64376|3677066|
+5+3+-+9+-+3+-+1+-+2+9+-+2+-+-+7+6+2+9+-+-+-+7+-+7+-+5+9+-+-+7+-+-+-+-+-+8+2+5+-+-+1+4+-+-+9+8+1+8+-+-+3+-+-+-+-+4+-+-+4+-+3+-+6+
|1|78918|1292798|789|1|74358|17516|87516|046|51684|2|325|52763704460|98165|6|422|7|59493|838|831|2|37651|826|6|3|1|27550|550|642|
+4+-+2+8+1+-+-+9+-+5+-+8+3+2+6+3+-+-+4+2+-+2+-+4+-+5+5+-+1+7+-+-+3+-+-+-+-+-+-+8+9+-+5+-+7+-+-+3+2+-+9+6+-+9+4+7+-+6+-+5+8+-+-+6+
|74321|08235|147|0645945|0|055|8|44069|82044|66044|7982044|482|03785|0|65189|594|8|239656123813460|897|7|477|246|4|82615|32549|8|
+-+3+-+8+-+8+4+-+-+8+-+8+-+-+6+9+-+4+-+-+-+7+-+2+3+-+6+-+-+5+-+5+-+-+8+-+3+-+1+1+7+-+-+-+-+-+3+-+1+6+-+-+6+5+9+-+9+-+6+-+1+-+-+9+
|93684|819|3|5|1|1|246|358|5|1|7|24617|1|76156|2|7|9|460|0|9|385|367|2662886|4|5|19248|266795426|112|5|440|293|9457862|5149369|7|
+-+3+5+-+2+-+-+5+9+-+-+-+-+2+1+6+6+-+-+8+8+-+1+-+9+6+7+-+9+3+-+4+-+9+4+5+1+-+9+-+-+1+5+-+8+-+5+-+-+-+7+-+7+-+5+2+-+-+7+-+6+-+-+-+
|789|987|156|2|6|28460|78943|2|3|6|72943|549|7|1|6|321|011|2|5693268|6|1|921455055|3|358|4|019764099|871|7|028|1|3678932|09943|1|
+-+-+-+9+2+-+3+9+-+7+-+-+5+-+3+-+4+4+-+-+-+3+-+7+-+-+8+6+3+-+9+3+3+-+-+4+-+1+-+-+-+-+-+9+9+-+7+1+-+5+-+7+-+-+5+1+4+-+-+-+-+5+-+9+
|3|4|046|3|23987|077|7|73486153842|3|4227532|774|0|9|954|482|4|2|5|3|52752|2|0|279|1389963|826|7|394|5947189|312|774|7|7|17426|2|
+2+7+-+-+-+-+1+-+5+-+6+8+6+4+2+-+4+9+-+7+-+-+1+-+3+1+4+-+-+-+-+9+-+1+8+-+-+-+1+8+1+-+-+-+2+-+-+1+-+4+1+-+-+-+-+3+-+-+4+1+-+5+9+5+
|1|789903770287165509165|0|0|7|71684|129|64266|7|7985392|9456981|8|2577460|279|4|0|4592725|211|8|4|864|4938134|58211|376|019|527|
+2+-+-+-+-+5+-+-+1+8+-+9+3+1+4+-+-+6+-+-+-+-+3+1+4+-+-+-+-+1+-+3+1+3+-+-+1+7+-+2+-+-+5+-+3+-+9+-+4+-+-+6+-+6+9+8+-+3+-+1+-+-+-+4+
|9|239544055|46826|8|284|3|1|1|4|1|022|541|6|376|134|2|369|662|43729|055|145|842|2|28482|886|293|0|1908886|7|3|3|088|27561|0|0|1|
+8+2+-+-+8+-+-+5+-+4+1+9+8+-+-+3+5+-+2+-+8+4+-+1+-+4+7+5+9+-+-+6+5+3+-+3+8+8+3+-+4+7+5+8+7+-+-+2+8+2+-+-+5+6+-+-+3+-+-+7+-+6+1+6+
|1745921|820|29369|2|3|3|1|752|1|6884460|312|725|9187538|8|39440|2|2|53239|3|572|8|9|9|0|583|741127921|981|38123476314|8|9|459|7|
+7+-+-+-+-+-+-+-+-+6+6+-+-+1+-+1+-+8+-+-+-+8+4+5+7+-+-+-+9+-+-+-+-+-+9+2+2+-+4+-+7+-+-+-+-+6+3+-+-+1+-+-+8+1+-+-+9+3+8+3+5+7+-+-+
|85336|7897211922028|9|235|688|019|6|48651|4|1|04673|1|697|3949538|3|4|4|156511291|17459|1|954|541108853|9|4|615|6|6|2|5143729|0|
+2+-+-+1+3+-+-+1+-+-+-+1+-+-+5+-+7+3+4+2+-+9+3+-+-+-+4+-+6+-+-+3+-+3+3+3+-+-+-+-+-+-+-+9+4+4+-+5+-+1+-+-+-+5+-+7+-+8+-+-+5+-+9+5+
|0|468|8|2|6241392|189|110|523|2|239|8|4405514|516|987|29325|8|2933037|7|2579831|26684|0374369|0|4|1341538|94358|844|5|36932|875|
+4+8+6+1+4+3+6+-+-+7+-+-+5+6+8+1+-+9+6+-+-+6+-+7+-+4+-+4+7+2+7+-+-+-+-+-+-+-+3+-+6+9+-+-+-+-+8+-+9+8+-+-+4+-+-+4+-+-+8+1+-+-+-+-+
|4|2|2|9|6|9|0|05594|12945|1|5419248|4|0|761|688|0553266|0|741|9364099|336623550|8|7431248|25752|569|39422|541922426|7528011|321|
+8+-+1+-+-+5+-+5+7+9+5+-+4+8+6+-+-+-+2+5+2+-+-+7+-+-+7+-+-+-+1+-+4+6+-+3+5+-+-+7+-+-+-+3+5+5+-+9+-+5+-+-+3+-+-+5+-+8+9+3+-+-+-+2+
|268|174|7345965|2|3|6|76129|16785|9|6|569|853|1|3|8993268|0829112|6|330|1|0281785|0|725|36774|1|5147189|572|477|39448|5|51422|9|
+3+-+-+4+8+-+6+-+-+6+-+-+-+-+-+-+3+9+8+-+7+-+8+4+2+-+1+-+-+9+-+6+-+5+-+8+-+-+-+6+9+3+8+-+1+-+-+-+-+4+8+-+-+-+-+-+-+6+-+-+-+-+3+8+
|538|33055|615|440|987|1839486791820|4|5|640|5876178|033|239|037|7|1|5|2|7|624|3|437|527|4263954|688|9102235|055144077|190554921|
+-+1+9+-+2+-+-+-+2+-+7+-+9+-+-+-+1+4+8+7+7+-+-+3+4+-+-+1+7+5+6+9+6+1+7+7+1+-+2+-+-+7+-+6+5+-+9+-+-+-+-+2+5+-+-+4+-+2+-+3+-+-+-+6+
|239|279|7743741|86284|752913482|9|4|268|39224|0|7613844|9|4|6|6|1926875168482|98174|073|976|8192189|972|7|27569|1922448|9549587|
+-+-+-+-+-+-+-+-+-+-+-+-+-+-+-+-+-+-+-+-+-+-+-+-+-+-+-+-+-+-+-+-+-+-+-+-+-+-+-+-+-+-+-+-+-+-+-+-+-+-+-+-+-+-+-+-+-+-+-+-+-+-+-+-+
