+-+-+-+-+-+-+-+-+-+-+-+-+-+-+-+-+-+-+-+-+-+-+-+-+-+-+-+-+-+-+-+-+-+-+-+-+-+-+-+-+-+-+-+-+-+-+-+-+-+-+-+-+-+-+-+-+-+-+-+-+-+-+-+-+
|842684235|9|514686224|330|257707370|4|770|8|1108284|864|25734488640|5506426|4|2|6|08266|028|8|9|7|091477055|897|13459|5167358|4|
+7+-+-+-+-+4+-+7+5+3+-+-+1+-+-+-+4+-+5+1+6+1+2+7+-+3+6+-+6+-+7+1+3+-+-+-+3+-+2+2+4+-+5+3+6+1+8+1+8+-+-+-+2+5+2+-+2+-+-+8+-+3+-+2+
|138|189|055|431|3|92770192785|239|349|8|4|743|7|38112|5|820|7|9|998|6609123|280|2|5|7|376|770|899|7|156|8|0|6889954|1|741|673|2|
+2+4+1+-+-+1+-+-+-+-+-+6+-+5+5+-+1+-+5+-+5+-+-+8+2+-+1+7+-+6+5+9+-+-+-+-+8+-+1+-+6+6+3+-+-+6+8+2+8+2+-+9+5+-+-+-+4+-+4+3+-+-+1+7+
|3|4|055|3941312|4|532|651|2|03358531471|97235|5|190|3|8|1|6|2|8|9726688|38541|9|6799055|743|220|1|541|7|3|651|6|59697|426|39415|
+8+4+7+-+-+-+-+9+5+1+8+-+-+9+-+-+-+-+9+-+-+2+-+-+8+-+-+4+9+1+9+3+6+6+-+5+2+-+5+2+-+-+6+8+-+6+-+-+9+6+3+6+7+1+2+7+-+-+1+1+-+-+-+4+
|1|073|5|459|63349|6|4|413|3587561|07347528077|7432174|4|257|3|1|5|8|5|385|266176392|6|314|98774|2|1|8715695|3|921124673|3211019|
+6+-+9+4+2+8+-+3+1+-+9+-+6+3+-+9+-+7+-+-+8+-+-+-+-+-+6+3+8+-+7+-+-+-+4+-+-+7+9+-+8+-+-+-+-+7+-+-+4+-+-+8+-+7+3+9+-+4+-+-+4+1+-+-+
|7|514|156|19266|81725|987|0|064|14763|44055|3|4|7|1|8|1|0|156|64220912347|9|752|1|49596|7|64011|862841325|2|64011|617|927|29123|
+-+-+8+-+-+-+3+-+-+-+7+7+-+9+-+1+7+2+-+-+4+-+6+5+7+6+1+7+-+3+-+-+-+-+4+6+9+8+-+3+1+-+3+4+1+-+-+4+-+-+-+8+-+6+-+-+9+-+-+2+-+-+9+1+
|192|6792752|5|79897|8|2|32183|5|8|9|257|4|587|9|055|774|5|8|55077|897|9|6|7|349|2|468|2|6|718|5|5503325|578|0|7|01189|1|987|0|4|
+7+2+-+-+-+8+-+-+9+-+6+7+7+-+6+1+9+6+-+9+-+9+4+3+1+-+8+4+4+3+4+-+-+1+-+6+-+-+-+6+-+-+-+6+1+9+2+-+-+7+-+-+5+-+8+2+-+-+-+-+2+-+-+7+
|8|0|4|046241385|976|2|550|257|6|7|5|0288064|376398729|8|1456123|527|16594|9|2|3|268|046|578|05527|32561|0|0|275323516|437|257|1|
+9+4+3+2+-+-+-+7+8+-+4+-+-+-+4+-+-+-+-+4+-+-+2+8+4+9+8+-+2+-+-+-+8+-+-+-+-+1+4+8+7+5+5+4+-+2+-+8+-+2+-+-+-+9+4+-+2+4+-+3+-+-+9+-+
|7|651|936|0|0|831|35871|67943|569|9|5326875|5|8|3|6|77459|426|9|75224|36718|8|5|5|3|5|2759617|392|112|7|091|6|4|0|9|4|189|578|3|
+-+4+-+-+9+9+2+9+-+-+-+5+-+7+-+-+3+4+6+-+-+2+-+8+-+6+-+-+-+4+-+7+6+-+1+-+4+-+1+8+7+-+-+-+2+6+-+5+-+8+9+7+8+8+-+9+8+-+9+3+-+-+5+1+
|39268|0774178|9|3587156|53266|266|541|35817|730|0|2|7|9273055|21147|5|853|257|79817|134|7|0|13831|3|190|8|3|2|5|2|0|57853941312|
+9+8+-+7+2+-+-+1+3+-+-+4+-+-+2+-+2+-+4+-+-+-+7+-+1+-+3+-+1+-+1+-+-+9+-+6+-+4+-+-+3+4+6+-+-+7+-+-+-+2+9+-+-+6+2+2+4+4+-+-+-+-+-+6+
|4|0|763|87183|82673|422|97684595460|5|2934990|129|3|426|6|48640|6881752|79864|761|3|5|64213|954|651|022|5|77073|886|9|138|880|6|
+9+-+7+-+1+-+1+-+-+-+-+5+8+7+-+-+-+9+3+8+5+7+9+-+3+5+2+-+8+-+1+-+-+-+-+7+-+9+-+-+-+3+3+8+5+-+-+3+2+-+-+-+9+-+3+1+9+-+9+8+3+-+5+5+
|53220|239|862|578|9|587|1|3|471|8|9|8|0|8|6|183362842|718|477|8804684159459|798|6608284|7|1456134|1|831|6|7|3|279|99019|51495|1|
+-+-+8+-+-+-+7+6+5+4+3+2+4+-+2+-+8+-+-+5+-+-+-+6+-+-+-+3+-+-+8+-+-+5+2+-+2+2+-+5+5+-+-+-+9+1+5+8+6+6+4+-+8+6+-+4+6+-+-+-+-+-+1+5+
|826429392|61541|325|8|587|0825730|5|6|5|651|257|67918|440|6|5169561|639|6|1|673|1|918|718|0|0|9|05594|268|11268|5|69752|2|174|6|
+-+6+-+7+-+4+-+-+2+-+-+-+4+7+-+9+-+5+3+-+-+1+8+2+-+-+1+-+3+3+-+-+1+6+-+-+9+-+3+-+1+2+8+6+-+2+-+-+-+-+4+2+-+3+-+5+-+-+9+-+7+-+5+9+
|7|2|266|8|011|471|082|0|367|248288033|716|0|0|527|9|7|3674330|266|71831|53853|192|1|0|14718194392|93280|53820|3|54998|3255099|7|
+4+2+5+4+4+-+-+8+-+-+7+8+-+-+-+7+-+8+-+-+8+8+-+2+-+1+3+-+-+4+3+2+-+4+-+-+2+-+-+-+-+-+9+-+8+-+8+-+-+2+-+1+2+-+1+4+2+-+-+7+-+7+-+9+
|394|7|284|2|066|71695|2|1|0738189|26853|8|239|3|57844867367|7|4|321|0|927522471|1|6|1|7|921|7|864|7|651|358|1|76369|24673|763|8|
+6+-+-+7+7+1+6+-+-+6+-+9+8+-+3+-+-+9+-+-+6+1+9+4+-+-+-+2+-+-+2+-+-+-+2+-+-+8+4+6+1+9+1+2+2+-+-+1+9+5+-+8+-+8+-+-+-+-+8+-+4+-+8+8+
|9|31239|7|1|4|5|1109123|3|190|23963|38532|3|099|2|0|1|495|6|5|0|587|8448660|8|7|0373055|7183167|3|2|569655011|986159493|178|190|
+-+9+-+-+1+6+1+1+9+-+4+-+7+2+-+-+7+2+-+-+5+-+6+-+1+6+3+-+7+7+2+2+7+9+9+-+-+9+-+-+-+8+4+2+5+-+-+-+-+1+-+3+3+-+6+1+-+1+6+-+1+-+1+-+
|1|321|6|6155394|394|72976|932|716|167743774|468313448|358994358|9|8|730|129|213|639|4|75279|943|5|1|0|2|819|7|8|224|02280|97268|
+9+6+8+2+-+2+-+3+-+9+9+-+-+4+8+9+-+2+-+-+4+4+7+1+-+7+4+8+-+2+-+4+4+1+-+1+4+6+3+-+5+1+8+-+-+2+7+6+9+1+3+6+-+-+-+5+7+-+-+1+-+-+1+-+
|289|3|4952381|178|538|596|5|5|6|729653875|8|1|7|321|2|1|25796|2|587|871|5|4|9|7|1|0|2|2|551|2|0|64077|8|0|594|325|2574314|183|8|
+1+-+7+1+-+6+8+9+-+9+9+-+6+4+6+-+1+1+-+-+6+-+-+2+5+-+-+-+3+-+-+3+-+4+-+2+6+6+6+6+9+8+5+5+3+2+8+4+5+-+9+-+6+6+7+6+6+8+-+7+-+-+1+8+
|175|61583|7|9|28486|7|440118946|6|0|07781902235|54932|8199831|5612347|3|1|8538112|8|25752|314|6518965|86459|167|1|04770|7617460|
+5+3+-+9+-+3+-+1+-+2+9+-+2+-+-+7+6+2+9+-+-+-+7+-+7+-+5+9+-+-+7+-+-+-+-+-+8+2+5+-+-+1+4+-+-+9+8+1+8+-+-+3+-+-+-+-+4+-+-+4+-+3+-+6+
|6|28413|6242293|284|6|24853|27910|27112|642|91088|6|729|92167744864|38569|0|826|1|99897|232|235|6|77055|220|0|7|5|67954|954|046|
+4+-+2+8+1+-+-+9+-+5+-+8+3+2+6+3+-+-+4+2+-+2+-+4+-+5+5+-+1+7+-+-+3+-+-+-+-+-+-+8+9+-+5+-+7+-+-+3+2+-+9+6+-+9+4+7+-+6+-+5+8+-+-+6+
|24826|58730|642|5695440|1|156|2|54167|42640|06448|1922448|886|43189|4|05583|998|2|633696527853864|291|1|871|640|8|22019|72943|2|
+-+3+-+8+-+8+4+-+-+8+-+8+-+-+6+9+-+4+-+-+-+7+-+2+3+-+6+-+-+5+-+5+-+-+8+-+3+-+1+1+7+-+-+-+-+-+3+-+1+6+-+-+6+5+9+-+9+-+6+-+1+-+-+9+
|43189|314|8|0|0|0|741|853|8|0|1|34718|2|36752|6|1|3|864|4|3|789|761|6602280|8|9|59642|660735820|516|9|844|697|3497266|9189763|1|
+-+3+5+-+2+-+-+5+9+-+-+-+-+2+1+6+6+-+-+8+8+-+1+-+9+6+7+-+9+3+-+4+-+9+4+5+1+-+9+-+-+1+5+-+8+-+5+-+-+-+7+-+7+-+5+2+-+-+7+-+6+-+-+-+
|284|482|651|1|5|18369|08246|9|7|7|82044|145|3|5|0|725|415|6|9633662|0|5|325495459|7|752|8|413704493|275|1|422|5|7618336|49347|5|
+-+-+-+9+2+-+3+9+-+7+-+-+5+-+3+-+4+4+-+-+-+3+-+7+-+-+8+6+3+-+9+3+3+-+-+4+-+1+-+-+-+-+-+9+9+-+7+1+-+5+-+7+-+-+5+1+4+-+-+-+-+5+-+9+
|2|3|541|8|13886|976|6|43785163943|4|0287138|178|4|3|358|886|8|6|9|7|92156|6|4|673|5329367|220|1|798|9987583|716|178|1|1|57820|6|
+2+7+-+-+-+-+1+-+5+-+6+8+6+4+2+-+4+9+-+7+-+-+1+-+3+1+4+-+-+-+-+9+-+1+8+-+-+-+1+8+1+-+-+-+2+-+-+1+-+4+1+-+-+-+-+3+-+-+4+1+-+5+9+5+
|0|688993679277064599066|3|9|8|81785|725|04660|1|1925796|3496385|2|6517864|673|8|4|8532129|615|2|8|268|8978538|98615|770|413|921|
+2+-+-+-+-+5+-+-+1+8+-+9+3+1+4+-+-+6+-+-+-+-+3+1+4+-+-+-+-+1+-+3+1+3+-+-+1+7+-+2+-+-+5+-+3+-+9+-+4+-+-+6+-+6+9+8+-+3+-+1+-+-+-+4+
|8|138534954|36725|7|385|6|0|2|5|2|123|945|0|770|538|6|763|066|83123|459|549|246|6|68886|280|697|4|5948280|1|7|7|482|67965|4|4|5|
+8+2+-+-+8+-+-+5+-+4+1+9+8+-+-+3+5+-+2+-+8+4+-+1+-+4+7+5+9+-+-+6+5+3+-+3+8+8+3+-+4+7+5+8+7+-+-+2+8+2+-+-+5+6+-+-+3+-+-+7+-+6+1+6+
|0735820|729|19268|1|4|4|4|853|2|7894561|716|129|3127932|2|79844|6|6|93633|7|976|2|3|3|4|987|145167325|385|78527416718|2|3|853|1|
+7+-+-+-+-+-+-+-+-+6+6+-+-+1+-+1+-+8+-+-+-+8+4+5+7+-+-+-+9+-+-+-+-+-+9+2+2+-+4+-+7+-+-+-+-+6+3+-+-+1+-+-+8+1+-+-+9+3+8+3+5+7+-+-+
|75235|6887110912927|0|336|789|110|7|88055|8|5|44077|5|091|7989932|7|8|8|550551695|57853|5|358|945148257|3|8|019|0|0|6|9183123|4|
+2+-+-+1+3+-+-+1+-+-+-+1+-+-+5+-+7+3+4+2+-+9+3+-+-+-+4+-+6+-+-+3+-+3+3+3+-+-+-+-+-+-+-+9+4+4+-+5+-+1+-+-+-+5+-+7+-+8+-+-+5+-+9+5+
|9|367|7|1|5231291|088|211|624|3|330|2|8445918|910|381|69729|2|6973431|1|6519235|66088|4314763|4|8|5381932|34752|248|9|76336|279|
+4+8+6+1+4+3+6+-+-+7+-+-+5+6+8+1+-+9+6+-+-+6+-+7+-+4+-+4+7+2+7+-+-+-+-+-+-+-+3+-+6+9+-+-+-+-+8+-+9+8+-+-+4+-+-+4+-+-+8+1+-+-+-+-+
|3|1|1|8|5|8|9|95493|22046|2|6429349|8|4|165|082|4593660|4|145|3304493|730663954|2|1471642|65156|963|79826|945962820|1568415|725|
+8+-+1+-+-+5+-+5+7+9+5+-+4+8+6+-+-+-+2+5+2+-+-+7+-+-+7+-+-+-+1+-+4+6+-+3+5+-+-+7+-+-+-+3+5+5+-+9+-+5+-+-+3+-+-+5+-+8+9+3+-+-+-+2+
|167|073|6335864|1|2|7|86220|26886|0|0|963|257|5|7|2933662|4869516|0|734|5|4221189|4|129|76178|5|9187583|976|871|79842|9|91826|3|
+3+-+-+4+8+-+6+-+-+6+-+-+-+-+-+-+3+9+8+-+7+-+8+4+2+-+1+-+-+9+-+6+-+5+-+8+-+-+-+6+9+3+8+-+1+-+-+-+-+4+8+-+-+-+-+-+-+6+-+-+-+-+3+8+
|437|23954|514|349|886|2849587701921|8|9|044|9816572|437|633|431|1|5|9|6|1|028|7|831|921|8203358|082|3142639|459184471|594594325|
+-+1+9+-+2+-+-+-+2+-+7+-+9+-+-+-+1+4+8+7+7+-+-+3+4+-+-+1+7+5+6+9+6+1+7+7+1+-+2+-+-+7+-+6+5+-+9+-+-+-+-+2+5+-+-+4+-+2+-+3+-+-+-+6+
|138|178|6733640|76183|853923583|0|5|662|79628|4|1653248|3|8|0|0|5966279108886|38578|477|370|2132583|376|1|67963|5962842|3589981|
+-+-+-+-+-+-+-+-+-+-+-+-+-+-+-+-+-+-+-+-+-+-+-+-+-+-+-+-+-+-+-+-+-+-+-+-+-+-+-+-+-+-+-+-+-+-+-+-+-+-+-+-+-+-+-+-+-+-+-+-+-+-+-+-+
