+-+-+-+-+-+-+-+-+-+-+-+-+-+-+-+-+-+-+-+-+-+-+-+-+-+-+-+-+-+-+-+-+
|0 9 8 7 8 9|2 3 4|5 4 3 2|1 2|7|4 3 4|5|6 5 4 3|2 1|0 9 0|7 8|9|
+-+-+-+ +-+-+ +-+-+-+ + + + +-+ + + +-+ + + +-+ +-+ +-+ +-+ +-+ +
|1 2|9|6 5 4|1 0 1|6 5|4|1 0|7 6 5|2 3|4|7|6|3 2 1 0|9 8 7|6 7 8|
+ +-+ +-+-+ + + +-+-+-+-+-+ + +-+-+ +-+ + + +-+ +-+ +-+-+ + +-+-+
|0 9 8|1 2 3|2|9 8|7|8 7|0 9 8|9 0 1 2 3|8|7|6|3|0 9 0|7 6 5 4|1|
+-+-+ + +-+-+-+ + + +-+ +-+-+-+ +-+ + + +-+-+ + + + +-+ + + + + +
|5|6 7|0 1|8|7|0|7 6 5 6|3|0 9 8 7|2|3|4 5|6 5 4|1|8|9|8|7|6|3|0|
+ + +-+ +-+ + + +-+-+ +-+ +-+-+-+ +-+-+ +-+ +-+-+-+ + +-+-+-+ + +
|4 5|8|9 8 7 6|1 2|5 4 3 2 3|8 7 6 5|4|5 6|7|6 5 6 7 8|7 6|1 2|9|
+ + + +-+-+-+ +-+-+-+ + + + +-+-+-+ + + + +-+-+ + +-+-+-+ + +-+ +
|3|6 7|4 5 6|5 6|9|6 5|4|1|4 5 6 7|4 3|6|7|4|3 4|7|8 7 6 5|0 9 8|
+ +-+-+ +-+-+ + + + +-+ + + +-+-+ +-+ +-+-+ + +-+-+-+-+-+ +-+-+ +
|2|1 2 3|2 3 4|7|8 7|6 5|0|5 6|9 8|1 2 3 4|3|2 3|2|1 2|5 4 5|6 7|
+ + +-+-+ + +-+-+-+-+-+-+ + +-+ + + +-+ + + + +-+ + +-+-+ +-+ +-+
|1 0 9 0 1|4 5|2 3|2|7 8 9|6|1 0|9 0 1|4|5|2 1|2 1 0|1 2 3 4 5 6|
+ +-+ +-+-+-+-+ +-+ + + +-+-+ +-+ +-+-+ + +-+ +-+-+ + +-+-+ +-+-+
|2|7 8 9|2|5|2 1 0 1|6|9 0 1|2 3|0|3|0|5|6|9 0 1 2|9|0|7 6 5 6|7|
+-+ + + + + +-+ + +-+ +-+-+ +-+-+-+ + + +-+ + +-+ + + +-+-+-+-+ +
|5 6|9|0 1|4 3 2|1|4|5 6|3 2|9 0 1 2|9|6 7 8|1|4 3|8 9|0 9 8 7 6|
+ +-+-+-+-+-+ +-+ + + +-+-+ + +-+-+-+ + +-+ +-+ +-+ + +-+ +-+-+ +
|4 3 4|7 6 5 4|1|2 3 4 5|4 3|8 7|8|9 8 7|0 9 0|5 6 7|0 1|0 1 2|5|
+-+ +-+ + +-+ + +-+-+ + + + +-+ + + +-+-+-+-+ + +-+-+-+-+ + + + +
|3 2|1|8|7|6 5|0 1 2|5|6|5|4 5 6 7|0|7|8 9|2 1|6|9 0 1 2|1|2|3|4|
+ + + +-+-+ +-+ + + +-+-+-+ + +-+-+-+ + +-+-+-+-+ +-+ +-+-+-+-+ +
|4|1 0 9 8 7 8 9|2|3 4|7 6 5|6 7|8 7 6|7 8|9|0|9 8 9|2|5|6|3 2|3|
+ +-+ +-+-+ +-+-+-+-+ +-+-+ + + +-+-+ + +-+ + +-+ +-+ + + + + + +
|5|4|1 2|9 8|5 4 5 6|5|8 7 6|7|8 9|6 5 6 7 8 9|8 7|4 3 4|5 4|1|2|
+-+ +-+-+ + +-+ +-+ +-+ + + +-+-+ +-+ +-+ +-+-+-+ +-+ +-+ +-+ + +
|4 3 2 1 0|9|2 3|4|7|0 9|8|7 8 9|0 1|4|9 8 9|4 5 6|5 4 5|6|9 0 1|
+-+ +-+ + + + +-+ + + + +-+ + +-+ + + + +-+-+ + +-+-+-+ +-+ +-+-+
|5 4|3 2|1|0 1 2 3|8|1|0|9 8|9 0|1|2 3|0 1 2 3|6 7 8 9|6 7 8 9 0|
+-+-+-+-+-+-+-+-+-+-+-+-+-+-+-+-+-+-+-+-+-+-+-+-+-+-+-+-+-+-+-+-+
