+-+-+-+-+-+-+-+-+-+-+-+-+-+-+-+-+-+-+-+-+-+-+-+-+-+-+-+-+-+-+-+-+
|4 3 2 1 2 3|0 1 2|3 2 1 0|9 0|5|2 1 2|3|4 3 2 1|0 9|8 7 8|5 6|7|
+-+-+-+ +-+-+ +-+-+-+ + + + +-+ + + +-+ + + +-+ +-+ +-+ +-+ +-+ +
|5 6|3|0 9 8|9 8 9|4 3|2|9 8|5 4 3|0 1|2|5|4|1 0 9 8|7 6 5|4 5 6|
+ +-+ +-+-+ + + +-+-+-+-+-+ + +-+-+ +-+ + + +-+ +-+ +-+-+ + +-+-+
|4 3 2|5 6 7|0|7 6|5|6 5|8 7 6|7 8 9 0 1|6|5|4|1|8 7 8|5 4 3 2|9|
+-+-+ + +-+-+-+ + + +-+ +-+-+-+ +-+ + + +-+-+ + + + +-+ + + + + +
|9|0 1|4 5|2|1|8|5 4 3 4|1|8 7 6 5|0|1|2 3|4 3 2|9|6|7|6|5|4|1|8|
+ + +-+ +-+ + + +-+-+ +-+ +-+-+-+ +-+-+ +-+ +-+-+-+ + +-+-+-+ + +
|8 9|2|3 2 1 0|9 0|3 2 1 0 1|6 5 4 3|2|3 4|5|4 3 4 5 6|5 4|9 0|7|
+ + + +-+-+-+ +-+-+-+ + + + +-+-+-+ + + + +-+-+ + +-+-+-+ + +-+ +
|7|0 1|8 9 0|9 0|7|4 3|2|9|2 3 4 5|2 1|4|5|2|1 2|5|6 5 4 3|8 7 6|
+ +-+-+ +-+-+ + + + +-+ + + +-+-+ +-+ +-+-+ + +-+-+-+-+-+ +-+-+ +
|6|5 6 7|6 7 8|1|6 5|4 3|8|3 4|7 6|9 0 1 2|1|0 1|0|9 0|3 2 3|4 5|
+ + +-+-+ + +-+-+-+-+-+-+ + +-+ + + +-+ + + + +-+ + +-+-+ +-+ +-+
|5 4 3 4 5|8 9|6 7|6|5 6 7|4|9 8|7 8 9|2|3|0 9|0 9 8|9 0 1 2 3 4|
+ +-+ +-+-+-+-+ +-+ + + +-+-+ +-+ +-+-+ + +-+ +-+-+ + +-+-+ +-+-+
|6|1 2 3|6|9|6 5 4 5|4|7 8 9|0 1|8|1|8|3|4|7 8 9 0|7|8|5 4 3 4|5|
+-+ + + + + +-+ + +-+ +-+-+ +-+-+-+ + + +-+ + +-+ + + +-+-+-+-+ +
|9 0|3|4 5|8 7 6|3|0|3 4|1 0|7 8 9 0|7|4 5 6|9|2 1|6 7|8 7 6 5 4|
+ +-+-+-+-+-+ +-+ + + +-+-+ + +-+-+-+ + +-+ +-+ +-+ + +-+ +-+-+ +
|8 7 8|1 0 9 8|5|2 1 2 3|2 1|6 5|6|7 6 5|8 7 8|3 4 5|8 9|8 9 0|3|
+-+ +-+ + +-+ + +-+-+ + + + +-+ + + +-+-+-+-+ + +-+-+-+-+ + + + +
|7 6|5|2|1|0 9|4 5 6|3|4|3|2 3 4 5|8|5|6 7|0 9|4|7 8 9 0|9|0|1|2|
+ + + +-+-+ +-+ + + +-+-+-+ + +-+-+-+ + +-+-+-+-+ +-+ +-+-+-+-+ +
|8|5 4 3 2 1 2 3|6|7 8|5 4 3|4 5|6 5 4|5 6|7|8|7 6 7|0|3|4|1 0|1|
+ +-+ +-+-+ +-+-+-+-+ +-+-+ + + +-+-+ + +-+ + +-+ +-+ + + + + + +
|9|8|5 6|3 2|9 8 9 0|9|6 5 4|5|6 7|4 3 4 5 6 7|6 5|2 1 2|3 2|9|0|
+-+ +-+-+ + +-+ +-+ +-+ + + +-+-+ +-+ +-+ +-+-+-+ +-+ +-+ +-+ + +
|8 7 6 5 4|3|6 7|8|1|8 7|6|5 6 7|8 9|2|7 6 7|2 3 4|3 2 3|4|7 8 9|
+-+ +-+ + + + +-+ + + + +-+ + +-+ + + + +-+-+ + +-+-+-+ +-+ +-+-+
|9 8|7 6|5|4 5 6 7|2|9|8|7 6|7 8|9|0 1|8 9 0 1|4 5 6 7|4 5 6 7 8|
+-+-+-+-+-+-+-+-+-+-+-+-+-+-+-+-+-+-+-+-+-+-+-+-+-+-+-+-+-+-+-+-+
