[Sun Apr  9 2023 18:45:46.453026] START: port=12000, rootdir=lab11data
[Sun Apr  9 2023 18:45:53.817468] CONNECT[1]: 127.0.0.1:12000
[Sun Apr  9 2023 18:45:53.818221] r SAYHELLO :12002 1 - 0
[Sun Apr  9 2023 18:45:53.818578] i SAYHELLO :12000 1 - 0
	[1]	353NET/1.0 SAYHELLO
	[1]	TTL: 9
	[1]	Flood: 0
	[1]	From: :12000
	[1]	Content-Length: 0
 	[1]	
	[1]	353NET/1.0 LSUPDATE
	[1]	TTL: 9
	[1]	Flood: 1;reason=1
	[1]	MessageID: :12000_2_1681091153.818431
	[1]	From: :12000
	[1]	OriginStartTime: 1681091153.818428
	[1]	Content-Length: 6
	[1]	
	[1]	:12002
	[1]	353NET/1.0 LSUPDATE
	[1]	TTL: 9
	[1]	Flood: 1;reason=3
	[1]	MessageID: :12000_3_1681091153.820302
	[1]	From: :12000
	[1]	OriginStartTime: 1681091153.818428
	[1]	Content-Length: 6
	[1]	
	[1]	:12002
[Sun Apr  9 2023 18:46:13.286607] Socket-writing thread has terminated
[Sun Apr  9 2023 18:46:13.287164] Socket-reading thread has joined with socket-writing thread
[Sun Apr  9 2023 18:46:13.287290] Reaper has joined with connection thread.
[Sun Apr  9 2023 18:46:14.457561] STOP: port=12000
