[Sun Apr  9 2023 18:45:22.399729] START: port=12004, rootdir=lab11data
	[1]	353NET/1.0 SAYHELLO
	[1]	TTL: 9
	[1]	Flood: 0
	[1]	From: :12004
	[1]	Content-Length: 0
 	[1]	
[Sun Apr  9 2023 18:45:22.404859] i LSUPDATE :12004 9 1 6 {:12004_2} 1681091122.404614 :12004 (:12002)
[Sun Apr  9 2023 18:45:22.404997] r LSUPDATE :12002 9 1 13 {:12002_5} 1681091119.275256 :12002 (:12000,:12004)
	[1]	353NET/1.0 LSUPDATE
	[1]	TTL: 9
	[1]	Flood: 1;reason=1
	[1]	MessageID: :12004_2_1681091122.404618
	[1]	From: :12004
	[1]	OriginStartTime: 1681091122.404614
	[1]	Content-Length: 6
	[1]	
	[1]	:12002
[Sun Apr  9 2023 18:45:22.406066] i LSUPDATE :12004 9 1 6 {:12004_3} 1681091122.404614 :12004 (:12002)
	[1]	353NET/1.0 LSUPDATE
	[1]	TTL: 9
	[1]	Flood: 1;reason=3
	[1]	MessageID: :12004_3_1681091122.405094
	[1]	From: :12004
	[1]	OriginStartTime: 1681091122.404614
	[1]	Content-Length: 6
	[1]	
	[1]	:12002
[Sun Apr  9 2023 18:45:22.407243] r LSUPDATE :12002 9 1 13 {:12002_7} 1681091119.275256 :12002 (:12000,:12004)
[Sun Apr  9 2023 18:45:22.409205] r LSUPDATE :12002 9 1 6 {:12000_4} 1681091119.274361 :12000 (:12002)
[Sun Apr  9 2023 18:45:22.409592] i LSUPDATE :12004 9 1 6 {:12004_4} 1681091122.404614 :12004 (:12002)
	[1]	353NET/1.0 LSUPDATE
	[1]	TTL: 9
	[1]	Flood: 1;reason=3
	[1]	MessageID: :12004_4_1681091122.409396
	[1]	From: :12004
	[1]	OriginStartTime: 1681091122.404614
	[1]	Content-Length: 6
	[1]	
	[1]	:12002
[Sun Apr  9 2023 18:45:24.740224] CONNECT[2]: 127.0.0.1:12004
[Sun Apr  9 2023 18:45:24.741844] r LSUPDATE :12002 9 1 20 {:12002_9} 1681091119.275256 :12002 (:12000,:12004,:12012)
[Sun Apr  9 2023 18:45:24.742077] d LSUPDATE :12004 8 1 20 {:12002_9} 1681091119.275256 :12002 (:12000,:12004,:12012)
	[2]	353NET/1.0 LSUPDATE
	[2]	TTL: 9
	[2]	Flood: 1;reason=1
	[2]	MessageID: :12002_9_1681091124.740983
	[2]	From: :12002
	[2]	OriginStartTime: 1681091119.275256
	[2]	Content-Length: 20
	[2]	
	[2]	:12000,:12004,:12012
[Sun Apr  9 2023 18:45:24.743028] i LSUPDATE :12004 9 1 13 {:12004_5} 1681091122.404614 :12004 (:12002,:12012)
	[2]	353NET/1.0 SAYHELLO
	[2]	TTL: 9
	[2]	Flood: 0
	[2]	From: :12004
	[2]	Content-Length: 0
 	[2]	
	[1]	353NET/1.0 LSUPDATE
	[1]	353NET/1.0 LSUPDATE
[Sun Apr  9 2023 18:45:24.743394] i LSUPDATE :12004 9 1 13 {:12004_6} 1681091122.404614 :12004 (:12002,:12012)
	[1]	TTL: 9
	[1]	Flood: 1;reason=1
	[1]	MessageID: :12004_5_1681091124.742962
	[1]	From: :12004
	[1]	From: :12004
	[2]	353NET/1.0 LSUPDATE
	[1]	OriginStartTime: 1681091122.404614
	[2]	TTL: 9
	[1]	Content-Length: 13
	[2]	Flood: 1;reason=1
	[1]	
	[2]	MessageID: :12004_6_1681091124.742996
	[2]	From: :12004

	[2]	From: :12004
	[2]	OriginStartTime: 1681091122.404614
	[2]	Content-Length: 13
	[2]	
	[2]	:12002,:12012
[Sun Apr  9 2023 18:45:24.743750] r LSUPDATE :12012 9 1 13 {:12012_3} 1681091124.742260 :12012 (:12002,:12004)
[Sun Apr  9 2023 18:45:24.743846] r LSUPDATE :12002 9 1 13 {:12012_2} 1681091124.742260 :12012 (:12002,:12004)
[Sun Apr  9 2023 18:45:24.744040] d LSUPDATE :12004 8 1 13 {:12012_3} 1681091124.742260 :12012 (:12002,:12004)
	[1]	353NET/1.0 LSUPDATE
	[1]	TTL: 9
	[1]	Flood: 1;reason=1
	[1]	MessageID: :12012_3_1681091124.742390
	[1]	From: :12012
	[1]	OriginStartTime: 1681091124.742260
	[1]	Content-Length: 13
	[1]	
	[1]	:12002,:12004
[Sun Apr  9 2023 18:45:24.744237] i LSUPDATE :12004 9 1 13 {:12004_7} 1681091122.404614 :12004 (:12002,:12012)
[Sun Apr  9 2023 18:45:24.744241] r LSUPDATE :12012 9 1 20 {:12002_1} 1681091119.275256 :12002 (:12000,:12004,:12012)
[Sun Apr  9 2023 18:45:24.744241] r LSUPDATE :12012 9 1 20 {:12002_1} 1681091119.275256 :12002 (:12000,:12004,:12012)
	[1]	353NET/1.0 LSUPDATE
	[1]	TTL: 9
	[1]	Flood: 1;reason=3
	[1]	MessageID: :12004_7_1681091124.743827
	[1]	From: :12004
	[1]	OriginStartTime: 1681091122.404614
	[1]	Content-Length: 13
	[1]	
	[1]	:12002,:12012
[Sun Apr  9 2023 18:45:24.744380] d LSUPDATE :12004 8 1 20 {:12002_1} 1681091119.275256 :12002 (:12000,:12004,:12012)
[Sun Apr  9 2023 18:45:24.744570] r LSUPDATE :12002 9 1 20 {:12002_1} 1681091119.275256 :12002 (:12000,:12004,:12012)
[Sun Apr  9 2023 18:45:24.744570] r LSUPDATE :12002 9 1 20 {:12002_1} 1681091119.275256 :12002 (:12000,:12004,:12012)
[Sun Apr  9 2023 18:45:24.744595] r LSUPDATE :12012 9 1 13 {:12012_5} 1681091124.742260 :12012 (:12002,:12004)
[Sun Apr  9 2023 18:45:24.744570] r LSUPDATE :12002 9 1 20 {:12002_1} 1681091119.275256 :12002 (:12000,:12004,:12012)
[Sun Apr  9 2023 18:45:24.744595] r LSUPDATE :12012 9 1 13 {:12012_5} 1681091124.742260 :12012 (:12002,:12004)
	[1]	353NET/1.0 LSUPDATE
	[1]	TTL: 9
	[1]	Flood: 1;reason=1
	[1]	MessageID: :12002_10_1681091124.741094
	[1]	From: :12002
	[1]	OriginStartTime: 1681091119.275256
	[1]	Content-Length: 20
	[1]	
	[1]	
[Sun Apr  9 2023 18:45:24.744699] i LSUPDATE :12004 9 1 13 {:12004_8} 1681091122.404614 :12004 (:12002,:12012)
	[1]	:12000,:12004,:12012
[Sun Apr  9 2023 18:45:24.744761] d LSUPDATE :12004 8 1 13 {:12012_5} 1681091124.742260 :12012 (:12002,:12004)
	[2]	353NET/1.0 LSUPDATE
	[2]	TTL: 9
	[1]	353NET/1.0 LSUPDATE
	[1]	353NET/1.0 LSUPDATE
	[2]	Flood: 1;reason=3
	[1]	TTL: 9
	[2]	MessageID: :12004_8_1681091124.743838
	[1]	Flood: 1;reason=3
	[2]	From: :12004
	[1]	MessageID: :12012_5_1681091124.743300
	[2]	OriginStartTime: 1681091122.404614
	[1]	From: :12012
	[2]	Content-Length: 13
	[1]	OriginStartTime: 1681091124.742260
	[2]	
	[1]	Content-Length: 13
	[2]	:12002,:12012
	[1]	
	[1]	:12002,:12004
[Sun Apr  9 2023 18:45:24.744913] d LSUPDATE :12004 8 1 13 {:12012_2} 1681091124.742260 :12012 (:12002,:12004)
	[2]	353NET/1.0 LSUPDATE
	[2]	TTL: 9
	[2]	Flood: 1;reason=1
	[2]	MessageID: :12012_2_1681091124.742264
	[2]	From: :12012
	[2]	OriginStartTime: 1681091124.742260
	[2]	Content-Length: 13
	[2]	
	[2]	:12002,:12004
[Sun Apr  9 2023 18:45:24.745052] d LSUPDATE :12004 8 1 20 {:12002_1} 1681091119.275256 :12002 (:12000,:12004,:12012)
	[2]	353NET/1.0 LSUPDATE
	[2]	TTL: 9
	[2]	Flood: 1;reason=3
	[2]	MessageID: :12002_12_1681091124.743387
	[2]	From: :12002
	[2]	OriginStartTime: 1681091119.275256
	[2]	Content-Length: 20
	[2]	
	[2]	:12000,:12004,:12012
[Sun Apr  9 2023 18:45:24.745897] r LSUPDATE :12002 9 1 13 {:12012_4} 1681091124.742260 :12012 (:12002,:12004)
[Sun Apr  9 2023 18:45:24.746115] d LSUPDATE :12004 8 1 13 {:12012_4} 1681091124.742260 :12012 (:12002,:12004)
	[2]	353NET/1.0 LSUPDATE
	[2]	TTL: 9
	[2]	Flood: 1;reason=3
	[2]	MessageID: :12012_4_1681091124.743200
	[2]	From: :12012
	[2]	OriginStartTime: 1681091124.742260
	[2]	Content-Length: 13
	[2]	
	[2]	:12002,:12004
[Sun Apr  9 2023 18:45:24.746514] r LSUPDATE :12002 9 1 6 {:12000_5} 1681091119.274361 :12000 (:12002)
[Sun Apr  9 2023 18:45:24.746577] d LSUPDATE :12004 8 1 6 {:12000_5} 1681091119.274361 :12000 (:12002)
	[2]	353NET/1.0 LSUPDATE
	[2]	TTL: 9
	[2]	Flood: 1;reason=3
	[2]	MessageID: :12000_5_1681091124.744562
	[2]	From: :12000
	[2]	OriginStartTime: 1681091119.274361
	[2]	Content-Length: 6
	[2]	
	[2]	:12002
[Sun Apr  9 2023 18:45:24.748124] r LSUPDATE :12002 9 1 20 {:12002_1} 1681091119.275256 :12002 (:12000,:12004,:12012)
[Sun Apr  9 2023 18:45:24.748230] d LSUPDATE :12004 8 1 20 {:12002_1} 1681091119.275256 :12002 (:12000,:12004,:12012)
	[2]	353NET/1.0 LSUPDATE
	[2]	TTL: 9
	[2]	Flood: 1;reason=3
	[2]	MessageID: :12002_15_1681091124.747092
	[2]	From: :12002
	[2]	OriginStartTime: 1681091119.275256
	[2]	Content-Length: 20
	[2]	
	[2]	:12000,:12004,:12012
[Sun Apr  9 2023 18:45:24.748792] r LSUPDATE :12012 9 1 20 {:12002_1} 1681091119.275256 :12002 (:12000,:12004,:12012)
[Sun Apr  9 2023 18:45:24.748985] d LSUPDATE :12004 8 1 20 {:12002_1} 1681091119.275256 :12002 (:12000,:12004,:12012)
	[1]	353NET/1.0 LSUPDATE
	[1]	TTL: 9
	[1]	Flood: 1;reason=3
	[1]	MessageID: :12002_13_1681091124.743396
	[1]	From: :12002
	[1]	OriginStartTime: 1681091119.275256
	[1]	Content-Length: 20
	[1]	
	[1]	:12000,:12004,:12012
[Sun Apr  9 2023 18:45:24.749278] r LSUPDATE :12012 9 1 13 {:12004_5} 1681091122.404614 :12004 (:12002,:12012)
[Sun Apr  9 2023 18:45:24.749687] r LSUPDATE :12012 9 1 13 {:12012_7} 1681091124.742260 :12012 (:12002,:12004)
[Sun Apr  9 2023 18:45:24.749763] r LSUPDATE :12002 9 1 13 {:12012_6} 1681091124.742260 :12012 (:12002,:12004)
[Sun Apr  9 2023 18:45:24.749889] i LSUPDATE :12004 9 1 13 {:12004_1} 1681091122.404614 :12004 (:12002,:12012)
	[2]	353NET/1.0 LSUPDATE
	[2]	TTL: 9
.0 LSUPDATE
[Sun Apr  9 2023 18:45:24.749971] i LSUPDATE :12004 8 1 13 {:12004_5} 1681091122.404614 :12004 (:12002,:12012)
	[2]	TTL: 9
	[2]	Flood: 1;reason=3
	[2]	MessageID: :12004_10_1681091124.749378
	[2]	From: :12004
	[2]	OriginStartTime: 1681091122.404614
	[2]	Content-Length: 13
	[2]	
	[2]	:12002,:12012
	[1]	353NET/1.0 LSUPDATE
	[1]	353NET/1.0 LSUPDATE
[Sun Apr  9 2023 18:45:24.750097] d LSUPDATE :12004 8 1 13 {:12012_6} 1681091124.742260 :12012 (:12002,:12004)
	[1]	TTL: 9
	[1]	Flood: 1;reason=1
	[1]	MessageID: :12004_5_1681091124.742962
	[1]	MessageID: :12004_5_1681091124.742962
	[2]	353NET/1.0 LSUPDATE
	[1]	From: :12004
	[2]	TTL: 9
	[1]	OriginStartTime: 1681091122.404614
	[2]	Flood: 1;reason=3
	[1]	Content-Length: 13
	[2]	MessageID: :12012_6_1681091124.746461
	[1]	
	[2]	From: :12012
	[1]	:12002,:12012
	[2]	OriginStartTime: 1681091124.742260
	[2]	Content-Length: 13
	[2]	
	[2]	:12002,:12004
[Sun Apr  9 2023 18:45:24.750224] i LSUPDATE :12004 9 1 13 {:12004_9} 1681091122.404614 :12004 (:12002,:12012)
	[1]	353NET/1.0 LSUPDATE
	[1]	TTL: 9
	[1]	Flood: 1;reason=3
	[1]	MessageID: :12004_9_1681091124.749367
	[1]	From: :12004
	[1]	OriginStartTime: 1681091122.404614
	[1]	Content-Length: 13
	[1]	
	[1]	:12002,:12012
[Sun Apr  9 2023 18:45:24.750527] d LSUPDATE :12004 8 1 13 {:12012_7} 1681091124.742260 :12012 (:12002,:12004)
	[1]	353NET/1.0 LSUPDATE
	[1]	TTL: 9
	[1]	Flood: 1;reason=3
	[1]	MessageID: :12012_7_1681091124.746571
	[1]	From: :12012
	[1]	OriginStartTime: 1681091124.742260
	[1]	Content-Length: 13
	[1]	
	[1]	:12002,:12004
[Sun Apr  9 2023 18:45:24.750686] r LSUPDATE :12012 9 1 6 {:12000_5} 1681091119.274361 :12000 (:12002)
[Sun Apr  9 2023 18:45:24.750966] r LSUPDATE :12002 9 1 13 {:12012_8} 1681091124.742260 :12012 (:12002,:12004)
[Sun Apr  9 2023 18:45:24.751054] r LSUPDATE :12012 9 1 13 {:12012_9} 1681091124.742260 :12012 (:12002,:12004)
[Sun Apr  9 2023 18:45:24.751171] d LSUPDATE :12004 8 1 13 {:12012_8} 1681091124.742260 :12012 (:12002,:12004)
[Sun Apr  9 2023 18:45:24.751276] d LSUPDATE :12004 8 1 13 {:12012_9} 1681091124.742260 :12012 (:12002,:12004)
	[2]	353NET/1.0 LSUPDATE
	[2]	TTL: 9
	[1]	353NET/1.0 LSUPDATE
	[1]	353NET/1.0 LSUPDATE
	[2]	Flood: 1;reason=3
	[1]	TTL: 9
	[2]	MessageID: :12012_8_1681091124.748106
	[1]	Flood: 1;reason=3
	[2]	From: :12012
	[1]	MessageID: :12012_9_1681091124.748200
	[2]	OriginStartTime: 1681091124.742260
	[1]	From: :12012
	[2]	Content-Length: 13
	[1]	OriginStartTime: 1681091124.742260
	[2]	
	[1]	Content-Length: 13
	[2]	:12002,:12004
	[1]	
	[1]	:12002,:12004
[Sun Apr  9 2023 18:45:24.751607] r LSUPDATE :12012 9 1 13 {:12012_3} 1681091124.742260 :12012 (:12002,:12004)
[Sun Apr  9 2023 18:45:24.751828] r LSUPDATE :12012 9 1 13 {:12012_1} 1681091124.742260 :12012 (:12002,:12004)
[Sun Apr  9 2023 18:45:24.752042] d LSUPDATE :12004 8 1 13 {:12012_1} 1681091124.742260 :12012 (:12002,:12004)
	[1]	353NET/1.0 LSUPDATE
	[1]	TTL: 9
	[1]	Flood: 1;reason=3
	[1]	MessageID: :12012_11_1681091124.748976
	[1]	From: :12012
	[1]	OriginStartTime: 1681091124.742260
	[1]	Content-Length: 13
	[1]	
	[1]	:12002,:12004
[Sun Apr  9 2023 18:45:24.752608] r LSUPDATE :12012 9 1 13 {:12004_7} 1681091122.404614 :12004 (:12002,:12012)
[Sun Apr  9 2023 18:45:24.752999] r LSUPDATE :12012 9 1 20 {:12002_1} 1681091119.275256 :12002 (:12000,:12004,:12012)
[Sun Apr  9 2023 18:45:24.753012] r LSUPDATE :12002 9 1 13 {:12012_1} 1681091124.742260 :12012 (:12002,:12004)
[Sun Apr  9 2023 18:45:24.753249] d LSUPDATE :12004 8 1 13 {:12012_1} 1681091124.742260 :12012 (:12002,:12004)
[Sun Apr  9 2023 18:45:24.753390] i LSUPDATE :12004 8 1 13 {:12004_7} 1681091122.404614 :12004 (:12002,:12012)
	[2]	353NET/1.0 LSUPDATE
	[1]	353NET/1.0 LSUPDATE
	[1]	353NET/1.0 LSUPDATE
	[2]	TTL: 9
	[1]	TTL: 9
	[2]	Flood: 1;reason=3
	[2]	MessageID: :12012_10_1681091124.748948
	[2]	From: :12012
012_1	[1]	MessageID: :12004_7_1681091124.743827

[Sun Apr  9 2023 18:45:24.753580] r LSUPDATE :12012 9 1 13 {:12012_5} 1681091124.742260 :12012 (:12002,:12004)
	[1]	MessageID: :12	[1]	MessageID: :12004_7_1681091124.743827
	[2]	OriginStartTime: 1681091124.742260
	[1]	From: :12004
	[2]	Content-Length: 13
	[1]	OriginStartTime: 1681091122.404614
	[2]	
	[1]	Content-Length: 13
	[2]	:12002,:12004
	[1]	
	[1]	:12002,:12012
[Sun Apr  9 2023 18:45:24.753740] d LSUPDATE :12004 8 1 20 {:12002_1} 1681091119.275256 :12002 (:12000,:12004,:12012)
	[1]	353NET/1.0 LSUPDATE
	[1]	TTL: 9
	[1]	Flood: 1;reason=3
	[1]	MessageID: :12002_16_1681091124.747111
	[1]	From: :12002
	[1]	OriginStartTime: 1681091119.275256
	[1]	Content-Length: 20
	[1]	
	[1]	:12000,:12004,:12012
[Sun Apr  9 2023 18:45:24.753927] r LSUPDATE :12012 9 1 13 {:12004_9} 1681091122.404614 :12004 (:12002,:12012)
[Sun Apr  9 2023 18:45:24.754111] i LSUPDATE :12004 8 1 13 {:12004_9} 1681091122.404614 :12004 (:12002,:12012)
	[1]	353NET/1.0 LSUPDATE
	[1]	TTL: 9
	[1]	Flood: 1;reason=3
	[1]	MessageID: :12004_9_1681091124.749367
	[1]	From: :12004
	[1]	OriginStartTime: 1681091122.404614
	[1]	Content-Length: 13
	[1]	
	[1]	:12002,:12012
[Sun Apr  9 2023 18:45:24.754396] r LSUPDATE :12012 9 1 13 {:12012_7} 1681091124.742260 :12012 (:12002,:12004)
[Sun Apr  9 2023 18:45:24.754745] r LSUPDATE :12012 9 1 13 {:12012_9} 1681091124.742260 :12012 (:12002,:12004)
[Sun Apr  9 2023 18:45:24.755017] r LSUPDATE :12012 9 1 13 {:12012_1} 1681091124.742260 :12012 (:12002,:12004)
[Sun Apr  9 2023 18:45:37.581106] r LSUPDATE :12002 9 1 20 {:12002_1} 1681091119.275256 :12002 (:12000,:12004,:12012)
[Sun Apr  9 2023 18:45:37.581383] i LSUPDATE :12004 9 1 13 {:12004_1} 1681091122.404614 :12004 (:12002,:12012)
[Sun Apr  9 2023 18:45:37.581383] i LSUPDATE :12004 9 1 13 {:12004_1} 1681091122.404614 :12004 (:12002,:12012)
[Sun Apr  9 2023 18:45:37.581368] d LSUPDATE :12004 8 1 20 {:12002_1} 1681091119.275256 :12002 (:12000,:12004,:12012)
	[1]	353NET/1.0 LSUPDATE
	[1]	TTL: 9
	[2]	353NET/1.0 LSUPDATE
	[1]	Flood: 1;reason=3
	[2]	353NET/1.0 LSUPDATE
	[1]	Flood: 1;reason=3
	[2]	TTL: 9
D: :12004_11_1681091137.581320
	[2]	TTL: 9
	[1]	From: :12004
	[2]	Flood: 1;reason=2
	[1]	OriginStartTime: 1681091122.404614
	[2]	MessageID: :12002_18_1681091137.580036
	[1]	Content-Length: 13
	[2]	From: :12002
	[1]	
	[2]	OriginStartTime: 1681091119.275256
	[1]	:12002,:12012
	[2]	Content-Length: 20
	[2]	
	[2]	:12000,:12004,:12012
[Sun Apr  9 2023 18:45:37.581707] i LSUPDATE :12004 9 1 13 {:12004_1} 1681091122.404614 :12004 (:12002,:12012)
	[2]	353NET/1.0 LSUPDATE
	[2]	TTL: 9
	[2]	Flood: 1;reason=3
	[2]	MessageID: :12004_12_1681091137.581359
	[2]	From: :12004
	[2]	OriginStartTime: 1681091122.404614
	[2]	Content-Length: 13
	[2]	
	[2]	:12002,:12012
[Sun Apr  9 2023 18:45:37.582136] r LSUPDATE :12012 9 1 20 {:12002_1} 1681091119.275256 :12002 (:12000,:12004,:12012)
[Sun Apr  9 2023 18:45:37.582326] d LSUPDATE :12004 8 1 20 {:12002_1} 1681091119.275256 :12002 (:12000,:12004,:12012)
[Sun Apr  9 2023 18:45:37.582416] i LSUPDATE :12004 9 1 13 {:12004_1} 1681091122.404614 :12004 (:12002,:12012)
	[2]	353NET/1.0 LSUPDATE
582416] i LSUPDATE :12004 	[1]	TTL: 9
.0 LSUPDATE
582416] i LSUPDATE :12004 	[1]	TTL: 9
	[2]	TTL: 9
	[1]	Flood: 1;reason=2
	[2]	Flood: 1;reason=3
	[1]	MessageID: :12002_19_1681091137.580132
	[2]	MessageID: :12004_14_1681091137.582314
	[1]	From: :12002
	[2]	From: :12004
	[1]	OriginStartTime: 1681091119.275256
	[2]	OriginStartTime: 1681091122.404614
	[1]	Content-Length: 20
	[2]	Content-Length: 13
	[1]	
	[2]	
	[1]	:12000,:12004,:12012
	[2]	:12002,:12012
[Sun Apr  9 2023 18:45:37.582967] i LSUPDATE :12004 9 1 13 {:12004_1} 1681091122.404614 :12004 (:12002,:12012)
	[1]	353NET/1.0 LSUPDATE
	[1]	TTL: 9
	[1]	Flood: 1;reason=3
	[1]	MessageID: :12004_13_1681091137.582298
	[1]	From: :12004
004_13_1681091137.582298
[Sun Apr  9 2023 18:45:37.583006] r LSUPDATE :12012 9 1 13 {:12012_1} 1681091124.742260 :12012 (:12002,:12004)
	[1]	From: :12004
	[1]	OriginStartTime: 1681091122.404614
	[1]	Content-Length: 13
	[1]	
	[1]	:12002,:12012
[Sun Apr  9 2023 18:45:37.583121] d LSUPDATE :12004 8 1 13 {:12012_1} 1681091124.742260 :12012 (:12002,:12004)
	[1]	353NET/1.0 LSUPDATE
	[1]	TTL: 9
	[1]	Flood: 1;reason=3
	[1]	MessageID: :12012_13_1681091137.581204
	[1]	From: :12012
	[1]	OriginStartTime: 1681091124.742260
	[1]	Content-Length: 13
	[1]	
	[1]	:12002,:12004
[Sun Apr  9 2023 18:45:37.583228] i LSUPDATE :12004 9 1 13 {:12004_1} 1681091122.404614 :12004 (:12002,:12012)
	[1]	353NET/1.0 LSUPDATE
	[1]	TTL: 9
	[1]	Flood: 1;reason=3
	[1]	MessageID: :12004_15_1681091137.583107
	[1]	From: :12004
	[1]	OriginStartTime: 1681091122.404614
	[1]	Content-Length: 13
	[1]	
	[1]	:12002,:12012
[Sun Apr  9 2023 18:45:37.583400] i LSUPDATE :12004 9 1 13 {:12004_1} 1681091122.404614 :12004 (:12002,:12012)
[Sun Apr  9 2023 18:45:37.583488] r LSUPDATE :12012 9 1 13 {:12004_1} 1681091122.404614 :12004 (:12002,:12012)
	[2]	353NET/1.0 LSUPDATE
	[2]	TTL: 9
	[2]	Flood: 1;reason=3
	[2]	MessageID: :12004_16_1681091137.583117
	[2]	From: :12004
	[2]	OriginStartTime: 1681091122.404614
	[2]	Content-Length: 13
	[2]	
	[2]	:12002,:12012
	[2]	:12002,:12012
[Sun Apr  9 2023 18:45:37.583598] r LSUPDATE :12002 9 1 13 {:12012_1} 1681091124.742260 :12012 (:12002,:12004)
[Sun Apr  9 2023 18:45:37.583633] i LSUPDATE :12004 9 1 13 {:12004_1} 1681091122.404614 :12004 (:12002,:12012)
	[2]	353NET/1.0 LSUPDATE
	[2]	TTL: 9
[Sun Apr  9 2023 18:45:37.583691] i LSUPDATE :12004 8 1 13 {:12004_1} 1681091122.404614 :12004 (:12002,:12012)
	[2]	Flood: 1;reason=3
	[2]	MessageID: :12004_18_1681091137.583575
:12004 8 1 13 {:12004_1} 1681091122.404614 :12004 (:12002,:12012)
	[2]	MessageID: :12004_18_1681091137.583575
	[2]	From: :12004
	[2]	OriginStartTime: 1681091122.404614
	[2]	Content-Length: 13
	[2]	
	[2]	:12002,:12012
[Sun Apr  9 2023 18:45:37.583791] d LSUPDATE :12004 8 1 13 {:12012_1} 1681091124.742260 :12012 (:12002,:12004)
	[2]	353NET/1.0 LSUPDATE
	[2]	353NET/1.0 LSUPDATE
	[1]	353NET/1.0 LSUPDATE
	[2]	TTL: 9
	[1]	TTL: 9
	[2]	Flood: 1;reason=3
	[1]	Flood: 1;reason=3
	[2]	MessageID: :12012_12_1681091137.581128
	[1]	MessageID: :12004_11_1681091137.581320
	[2]	From: :12012
	[1]	From: :12004
	[2]	OriginStartTime: 1681091124.742260
	[1]	OriginStartTime: 1681091122.404614
	[2]	Content-Length: 13
	[1]	Content-Length: 13
	[2]	
	[1]	
	[2]	:12002,:12004
	[1]	:12002,:12012
[Sun Apr  9 2023 18:45:37.583974] i LSUPDATE :12004 9 1 13 {:12004_1} 1681091122.404614 :12004 (:12002,:12012)
	[1]	353NET/1.0 LSUPDATE
	[1]	TTL: 9
	[1]	Flood: 1;reason=3
	[1]	MessageID: :12004_17_1681091137.583565
	[1]	From: :12004
	[1]	OriginStartTime: 1681091122.404614
	[1]	Content-Length: 13
	[1]	
	[1]	:12002,:12012
[Sun Apr  9 2023 18:45:37.584327] r LSUPDATE :12002 9 1 13 {:12002_2} 1681091119.275256 :12002 (:12004,:12012)
[Sun Apr  9 2023 18:45:37.584526] r LSUPDATE :12012 9 1 13 {:12012_1} 1681091124.742260 :12012 (:12002,:12004)
[Sun Apr  9 2023 18:45:37.584650] r LSUPDATE :12002 9 1 13 {:12012_1} 1681091124.742260 :12012 (:12002,:12004)
[Sun Apr  9 2023 18:45:37.584771] d LSUPDATE :12004 8 1 13 {:12002_2} 1681091119.275256 :12002 (:12004,:12012)
[Sun Apr  9 2023 18:45:37.584813] r LSUPDATE :12012 9 1 13 {:12002_2} 1681091119.275256 :12002 (:12004,:12012)
[Sun Apr  9 2023 18:45:37.584996] i LSUPDATE :12004 9 1 13 {:12004_1} 1681091122.404614 :12004 (:12002,:12012)
	[1]	353NET/1.0 LSUPDATE
	[1]	TTL: 9
	[1]	Flood: 1;reason=3
	[1]	MessageID: :12004_19_1681091137.584406
	[1]	From: :12004
	[1]	OriginStartTime: 1681091122.404614
	[1]	Content-Length: 13
	[1]	
	[1]	:12002,:12012
[Sun Apr  9 2023 18:45:37.585171] d LSUPDATE :12004 8 1 13 {:12012_1} 1681091124.742260 :12012 (:12002,:12004)
	[1]	353NET/1.0 LSUPDATE
	[1]	TTL: 9
	[1]	Flood: 1;reason=3
	[1]	MessageID: :12012_15_1681091137.583224
	[1]	From: :12012
	[1]	OriginStartTime: 1681091124.742260
	[1]	Content-Length: 13
	[1]	
	[1]	:12002,:12004
[Sun Apr  9 2023 18:45:37.585387] d LSUPDATE :12004 8 1 13 {:12002_2} 1681091119.275256 :12002 (:12004,:12012)
[Sun Apr  9 2023 18:45:37.585387] d LSUPDATE :12004 8 1 13 {:12002_2} 1681091119.275256 :12002 (:12004,:12012)
[Sun Apr  9 2023 18:45:37.585391] r LSUPDATE :12012 9 1 13 {:12012_1} 1681091124.742260 :12012 (:12002,:12004)
	[1]	353NET/1.0 LSUPDATE
	[1]	TTL: 9
	[1]	Flood: 1;reason=3
	[1]	MessageID: :12002_21_1681091137.583367
	[1]	From: :12002
	[1]	OriginStartTime: 1681091119.275256
	[1]	Content-Length: 13
	[1]	
	[1]	:12004,:12012
[Sun Apr  9 2023 18:45:37.585661] d LSUPDATE :12004 8 1 13 {:12012_1} 1681091124.742260 :12012 (:12002,:12004)
	[2]	353NET/1.0 LSUPDATE
	[2]	TTL: 9
	[2]	Flood: 1;reason=3
	[2]	Flood: 1;reason=3
	[1]	353NET/1.0 LSUPDATE
	[2]	MessageID: :12002_20_1681091137.583290
	[1]	TTL: 9
	[2]	From: :12002
	[1]	Flood: 1;reason=3
	[2]	OriginStartTime: 1681091119.275256
	[1]	MessageID: :12012_17_1681091137.584205
	[2]	Content-Length: 13
	[1]	From: :12012
	[2]	
	[1]	OriginStartTime: 1681091124.742260
	[2]	:12004,:12012
	[1]	Content-Length: 13
	[1]	
	[1]	:12002,:12004
023 18:45:37.585775] r LSUPDATE :12002 9 1 13 {:12002_2} 1681091119.275256 :12002 (:12004,:12012)
	[1]	:12002,:12004
[Sun Apr  9 2023 18:45:37.585817] i LSUPDATE :12004 9 1 13 {:12004_2} 1681091122.404614 :12004 (:12002,:12012)
[Sun Apr  9 2023 18:45:37.585968] r LSUPDATE :12012 9 1 13 {:12004_1} 1681091122.404614 :12004 (:12002,:12012)
[Sun Apr  9 2023 18:45:37.585968] r LSUPDATE :12012 9 1 13 {:12004_1} 1681091122.404614 :12004 (:12002,:12012)
	[2]	353NET/1.0 LSUPDATE
	[2]	TTL: 9
	[2]	Flood: 1;reason=3
	[2]	MessageID: :12004_20_1681091137.584419
	[2]	From: :12004
	[2]	OriginStartTime: 1681091122.404614
	[2]	Content-Length: 13
	[2]	
	[2]	:12002,:12012
	[2]	:12002,:12012
[Sun Apr  9 2023 18:45:37.586072] r LSUPDATE :12002 9 1 13 {:12012_1} 1681091124.742260 :12012 (:12002,:12004)
[Sun Apr  9 2023 18:45:37.586110] d LSUPDATE :12004 8 1 13 {:12012_1} 1681091124.742260 :12012 (:12002,:12004)
[Sun Apr  9 2023 18:45:37.586155] i LSUPDATE :12004 8 1 13 {:12004_1} 1681091122.404614 :12004 (:12002,:12012)
	[1]	353NET/1.0 LSUPDATE
	[1]	TTL: 9
	[1]	Flood: 1;reason=3
	[1]	MessageID: :12004_13_1681091137.582298
	[1]	From: :12004
	[1]	OriginStartTime: 1681091122.404614
	[1]	Content-Length: 13
	[1]	
	[1]	:12002,:12012
[Sun Apr  9 2023 18:45:37.586384] r LSUPDATE :12012 9 1 13 {:12012_1} 1681091124.742260 :12012 (:12002,:12004)
[Sun Apr  9 2023 18:45:37.586409] r LSUPDATE :12002 9 1 13 {:12012_1} 1681091124.742260 :12012 (:12002,:12004)
	[2]	353NET/1.0 LSUPDATE
	[2]	TTL: 9
.0 LSUPDATE
[Sun Apr  9 2023 18:45:37.586564] d LSUPDATE :12004 8 1 13 {:12012_1} 1681091124.742260 :12012 (:12002,:12004)
	[2]	TTL: 9
	[2]	Flood: 1;reason=3
	[2]	MessageID: :12012_14_1681091137.582818
	[2]	From: :12012
	[2]	OriginStartTime: 1681091124.742260
	[2]	OriginStartTime: 1681091124.742260
	[2]	Content-Length: 13
	[1]	Flood: 1;reason=3
	[2]	
	[1]	MessageID: :12012_19_1681091137.585153
	[2]	:12002,:12004
	[1]	From: :12012
	[1]	OriginStartTime: 1681091124.742260
	[1]	Content-Length: 13
	[1]	
	[1]	:12002,:12004
[Sun Apr  9 2023 18:45:37.586692] d LSUPDATE :12004 8 1 13 {:12002_2} 1681091119.275256 :12002 (:12004,:12012)
	[1]	:12002,:12004
[Sun Apr  9 2023 18:45:37.586692] d LSUPDATE :12004 8 1 13 {:12002_2} 1681091119.275256 :12002 (:12004,:12012)
	[2]	353NET/1.0 LSUPDATE
	[2]	TTL: 9
	[2]	Flood: 1;reason=3
	[2]	MessageID: :12002_22_1681091137.584107
	[2]	From: :12002
	[2]	OriginStartTime: 1681091119.275256
	[2]	Content-Length: 13
	[2]	
	[2]	:12004,:12012
[Sun Apr  9 2023 18:45:37.587340] d LSUPDATE :12004 8 1 13 {:12012_1} 1681091124.742260 :12012 (:12002,:12004)
	[2]	353NET/1.0 LSUPDATE
	[2]	TTL: 9
.0 LSUPDATE
[Sun Apr  9 2023 18:45:37.587387] r LSUPDATE :12012 9 1 13 {:12002_2} 1681091119.275256 :12002 (:12004,:12012)
	[2]	TTL: 9
	[2]	Flood: 1;reason=3
	[2]	MessageID: :12012_16_1681091137.584182
	[2]	From: :12012
	[2]	OriginStartTime: 1681091124.742260
	[2]	Content-Length: 13
	[2]	
	[2]	:12002,:12004
[Sun Apr  9 2023 18:45:37.587492] d LSUPDATE :12004 8 1 13 {:12012_1} 1681091124.742260 :12012 (:12002,:12004)
	[2]	353NET/1.0 LSUPDATE
	[2]	TTL: 9
	[2]	Flood: 1;reason=3
	[2]	MessageID: :12012_18_1681091137.584951
	[2]	From: :12012
	[2]	OriginStartTime: 1681091124.742260
	[2]	Content-Length: 13
	[2]	
	[2]	:12002,:12004
[Sun Apr  9 2023 18:45:37.587576] d LSUPDATE :12004 8 1 13 {:12002_2} 1681091119.275256 :12002 (:12004,:12012)
[Sun Apr  9 2023 18:45:37.587790] r LSUPDATE :12012 9 1 13 {:12012_1} 1681091124.742260 :12012 (:12002,:12004)
[Sun Apr  9 2023 18:45:37.587903] r LSUPDATE :12002 9 1 13 {:12012_2} 1681091124.742260 :12012 (:12002,:12004)
[Sun Apr  9 2023 18:45:37.588048] r LSUPDATE :12012 9 1 13 {:12012_2} 1681091124.742260 :12012 (:12002,:12004)
	[1]	353NET/1.0 LSUPDATE
	[1]	TTL: 9
	[1]	Flood: 1;reason=3
	[1]	MessageID: :12002_23_1681091137.584201
	[1]	From: :12002
	[1]	OriginStartTime: 1681091119.275256
	[1]	Content-Length: 13
	[1]	
	[1]	:12004,:12012
[Sun Apr  9 2023 18:45:37.588128] d LSUPDATE :12004 8 1 13 {:12012_2} 1681091124.742260 :12012 (:12002,:12004)
[Sun Apr  9 2023 18:45:37.588172] d LSUPDATE :12004 8 1 13 {:12012_2} 1681091124.742260 :12012 (:12002,:12004)
	[1]	353NET/1.0 LSUPDATE
	[1]	TTL: 9
	[1]	Flood: 1;reason=3
	[1]	MessageID: :12012_21_1681091137.586015
	[1]	From: :12012
	[1]	OriginStartTime: 1681091124.742260
	[1]	Content-Length: 13
	[1]	
	[1]	:12002,:12004
	[2]	353NET/1.0 LSUPDATE
	[2]	TTL: 9
	[2]	Flood: 1;reason=3
	[2]	MessageID: :12012_20_1681091137.585975
	[2]	From: :12012
	[2]	OriginStartTime: 1681091124.742260
	[2]	Content-Length: 13
	[2]	
	[2]	:12002,:12004
[Sun Apr  9 2023 18:45:37.588535] r LSUPDATE :12012 9 1 13 {:12004_1} 1681091122.404614 :12004 (:12002,:12012)
[Sun Apr  9 2023 18:45:37.588697] i LSUPDATE :12004 8 1 13 {:12004_1} 1681091122.404614 :12004 (:12002,:12012)
	[1]	353NET/1.0 LSUPDATE
	[1]	TTL: 9
	[1]	Flood: 1;reason=3
	[1]	MessageID: :12004_15_1681091137.583107
	[1]	From: :12004
	[1]	OriginStartTime: 1681091122.404614
	[1]	Content-Length: 13
	[1]	
	[1]	:12002,:12012
[Sun Apr  9 2023 18:45:37.589169] r LSUPDATE :12002 9 1 13 {:12002_2} 1681091119.275256 :12002 (:12004,:12012)
[Sun Apr  9 2023 18:45:37.589462] d LSUPDATE :12004 8 1 13 {:12002_2} 1681091119.275256 :12002 (:12004,:12012)
	[2]	353NET/1.0 LSUPDATE
	[2]	TTL: 9
	[2]	Flood: 1;reason=3
	[2]	MessageID: :12002_24_1681091137.588024
	[2]	From: :12002
	[2]	OriginStartTime: 1681091119.275256
	[2]	Content-Length: 13
	[2]	
	[2]	:12004,:12012
[Sun Apr  9 2023 18:45:37.637162] r LSUPDATE :12012 9 1 13 {:12004_1} 1681091122.404614 :12004 (:12002,:12012)
[Sun Apr  9 2023 18:45:37.637430] i LSUPDATE :12004 8 1 13 {:12004_1} 1681091122.404614 :12004 (:12002,:12012)
	[1]	353NET/1.0 LSUPDATE
	[1]	TTL: 9
.0 LSUPDATE
[Sun Apr  9 2023 18:45:37.637628] r LSUPDATE :12012 9 1 13 {:12004_1} 1681091122.404614 :12004 (:12002,:12012)
	[1]	TTL: 9
	[1]	Flood: 1;reason=3
	[1]	MessageID: :12004_17_1681091137.583565
	[1]	From: :12004
	[1]	OriginStartTime: 1681091122.404614
	[1]	Content-Length: 13
	[1]	
	[1]	:12002,:12012
[Sun Apr  9 2023 18:45:37.637744] i LSUPDATE :12004 8 1 13 {:12004_1} 1681091122.404614 :12004 (:12002,:12012)
	[1]	353NET/1.0 LSUPDATE
	[1]	TTL: 9
	[1]	Flood: 1;reason=3
	[1]	MessageID: :12004_19_1681091137.584406
	[1]	From: :12004
	[1]	OriginStartTime: 1681091122.404614
	[1]	Content-Length: 13
	[1]	
	[1]	:12002,:12012
[Sun Apr  9 2023 18:45:37.637962] r LSUPDATE :12012 9 1 13 {:12012_1} 1681091124.742260 :12012 (:12002,:12004)
[Sun Apr  9 2023 18:45:37.638228] r LSUPDATE :12012 9 1 13 {:12002_2} 1681091119.275256 :12002 (:12004,:12012)
[Sun Apr  9 2023 18:45:37.638443] d LSUPDATE :12004 8 1 13 {:12002_2} 1681091119.275256 :12002 (:12004,:12012)
[Sun Apr  9 2023 18:45:37.638592] r LSUPDATE :12012 9 1 13 {:12012_1} 1681091124.742260 :12012 (:12002,:12004)
	[1]	353NET/1.0 LSUPDATE
	[1]	TTL: 9
	[1]	Flood: 1;reason=3
	[1]	MessageID: :12002_25_1681091137.588100
	[1]	From: :12002
	[1]	OriginStartTime: 1681091119.275256
	[1]	Content-Length: 13
	[1]	
	[1]	:12004,:12012
[Sun Apr  9 2023 18:45:37.638889] r LSUPDATE :12012 9 1 13 {:12012_1} 1681091124.742260 :12012 (:12002,:12004)
[Sun Apr  9 2023 18:45:37.639172] r LSUPDATE :12012 9 1 13 {:12012_2} 1681091124.742260 :12012 (:12002,:12004)
[Sun Apr  9 2023 18:45:39.781543] i LSUPDATE :12004 9 1 6 {:12004_2} 1681091122.404614 :12004 (:12012)
[Sun Apr  9 2023 18:45:39.781666] Socket-writing thread has terminated
	[2]	353NET/1.0 LSUPDATE
	[2]	TTL: 9
	[2]	Flood: 1;reason=2
	[2]	MessageID: :12004_21_1681091139.781380
	[2]	From: :12004
	[2]	OriginStartTime: 1681091122.404614
	[2]	Content-Length: 6
	[2]	
	[2]	:12012
[Sun Apr  9 2023 18:45:39.782414] Socket-reading thread has joined with socket-writing thread
[Sun Apr  9 2023 18:45:39.782935] Socket-writing thread has terminated
[Sun Apr  9 2023 18:45:39.783361] Socket-reading thread has joined with socket-writing thread
[Sun Apr  9 2023 18:45:39.783448] Reaper has joined with connection thread.
[Sun Apr  9 2023 18:45:42.406848] STOP: port=12004
