[Sun Apr  9 2023 18:45:24.737824] START: port=12012, rootdir=lab11data
	[1]	353NET/1.0 SAYHELLO
	[1]	TTL: 9
	[1]	Flood: 0
	[1]	From: :12012
	[1]	Content-Length: 0
 	[1]	
[Sun Apr  9 2023 18:45:24.742436] i LSUPDATE :12012 9 1 13 {:12012_2} 1681091124.742260 :12012 (:12002,:12004)
	[2]	353NET/1.0 SAYHELLO
	[2]	TTL: 9
	[2]	Flood: 0
	[2]	From: :12012
	[2]	Content-Length: 0
 	[2]	
	[1]	353NET/1.0 LSUPDATE
	[1]	TTL: 9
	[1]	Flood: 1;reason=1
	[1]	MessageID: :12012_2_1681091124.742264
	[1]	MessageID: :12012_2_1681091124.742264
[Sun Apr  9 2023 18:45:24.742759] i LSUPDATE :12012 9 1 13 {:12012_3} 1681091124.742260 :12012 (:12002,:12004)
	[1]	From: :12012
	[1]	OriginStartTime: 1681091124.742260
	[1]	Content-Length: 13
	[1]	
	[1]	:12002,:12004
[Sun Apr  9 2023 18:45:24.743055] r LSUPDATE :12002 9 1 20 {:12002_1} 1681091119.275256 :12002 (:12000,:12004,:12012)
	[2]	353NET/1.0 LSUPDATE
	[2]	TTL: 9
	[2]	Flood: 1;reason=1
	[2]	MessageID: :12012_3_1681091124.742390
	[2]	From: :12012
	[2]	OriginStartTime: 1681091124.742260
	[2]	Content-Length: 13
	[2]	
	[2]	:12002,:12004
[Sun Apr  9 2023 18:45:24.743721] d LSUPDATE :12012 8 1 20 {:12002_1} 1681091119.275256 :12002 (:12000,:12004,:12012)
	[2]	353NET/1.0 LSUPDATE
	[2]	TTL: 9
	[2]	Flood: 1;reason=1
	[2]	MessageID: :12002_10_1681091124.741094
	[2]	From: :12002
	[2]	OriginStartTime: 1681091119.275256
	[2]	Content-Length: 20
	[2]	
	[2]	:12000,:12004,:12012
[Sun Apr  9 2023 18:45:24.743896] i LSUPDATE :12012 9 1 13 {:12012_5} 1681091124.742260 :12012 (:12002,:12004)
	[2]	353NET/1.0 LSUPDATE
	[2]	TTL: 9
	[2]	Flood: 1;reason=3
	[2]	MessageID: :12012_5_1681091124.743300
	[2]	From: :12012
	[2]	OriginStartTime: 1681091124.742260
	[2]	Content-Length: 13
	[2]	
	[2]	:12002,:12004
[Sun Apr  9 2023 18:45:24.744471] i LSUPDATE :12012 9 1 13 {:12012_4} 1681091124.742260 :12012 (:12002,:12004)
	[1]	353NET/1.0 LSUPDATE
	[1]	TTL: 9
	[1]	Flood: 1;reason=3
	[1]	MessageID: :12012_4_1681091124.743200
	[1]	From: :12012
	[1]	OriginStartTime: 1681091124.742260
	[1]	Content-Length: 13
	[1]	
	[1]	:12002,:12004
[Sun Apr  9 2023 18:45:24.745987] r LSUPDATE :12002 9 1 20 {:12002_1} 1681091119.275256 :12002 (:12000,:12004,:12012)
[Sun Apr  9 2023 18:45:24.746297] d LSUPDATE :12012 8 1 20 {:12002_1} 1681091119.275256 :12002 (:12000,:12004,:12012)
[Sun Apr  9 2023 18:45:24.746380] r LSUPDATE :12002 9 1 13 {:12004_5} 1681091122.404614 :12004 (:12002,:12012)
[Sun Apr  9 2023 18:45:24.746604] i LSUPDATE :12012 9 1 13 {:12012_6} 1681091124.742260 :12012 (:12002,:12004)
	[1]	353NET/1.0 LSUPDATE
	[1]	TTL: 9
	[1]	Flood: 1;reason=3
	[1]	MessageID: :12012_6_1681091124.746461
	[1]	From: :12012
	[1]	OriginStartTime: 1681091124.742260
	[1]	Content-Length: 13
	[1]	
	[1]	:12002,:12004
[Sun Apr  9 2023 18:45:24.748010] r LSUPDATE :12002 9 1 6 {:12000_5} 1681091119.274361 :12000 (:12002)
[Sun Apr  9 2023 18:45:24.748236] i LSUPDATE :12012 9 1 13 {:12012_8} 1681091124.742260 :12012 (:12002,:12004)
[Sun Apr  9 2023 18:45:24.748236] i LSUPDATE :12012 9 1 13 {:12012_8} 1681091124.742260 :12012 (:12002,:12004)
	[2]	353NET/1.0 LSUPDATE
	[2]	TTL: 9
	[2]	Flood: 1;reason=3
	[2]	MessageID: :12002_13_1681091124.743396
	[2]	From: :12002
	[2]	OriginStartTime: 1681091119.275256
	[2]	Content-Length: 20
	[2]	
	[2]	:12000,:12004,:12012
[Sun Apr  9 2023 18:45:24.748435] d LSUPDATE :12012 8 1 13 {:12004_5} 1681091122.404614 :12004 (:12002,:12012)
	[2]	353NET/1.0 LSUPDATE
	[1]	353NET/1.0 LSUPDATE
	[1]	353NET/1.0 LSUPDATE
	[2]	TTL: 9
	[1]	TTL: 9
	[2]	Flood: 1;reason=1
	[1]	Flood: 1;reason=3
	[2]	MessageID: :12004_5_1681091124.742962
	[1]	MessageID: :12012_8_1681091124.748106
	[2]	From: :12004
	[1]	From: :12012
	[2]	OriginStartTime: 1681091122.404614
	[1]	OriginStartTime: 1681091124.742260
	[2]	Content-Length: 13
	[1]	Content-Length: 13
	[2]	
	[1]	
	[2]	:12002,:12012
	[1]	:12002,:12004
[Sun Apr  9 2023 18:45:24.748831] i LSUPDATE :12012 9 1 13 {:12012_7} 1681091124.742260 :12012 (:12002,:12004)
[Sun Apr  9 2023 18:45:24.748833] r LSUPDATE :12002 9 1 13 {:12012_3} 1681091124.742260 :12012 (:12002,:12004)
[Sun Apr  9 2023 18:45:24.748833] r LSUPDATE :12002 9 1 13 {:12012_3} 1681091124.742260 :12012 (:12002,:12004)
	[2]	353NET/1.0 LSUPDATE
	[2]	TTL: 9
	[2]	Flood: 1;reason=3
	[2]	MessageID: :12012_7_1681091124.746571
	[2]	From: :12012
	[2]	OriginStartTime: 1681091124.742260
	[2]	Content-Length: 13
	[2]	
	[2]	:12002,:12004
[Sun Apr  9 2023 18:45:24.749002] d LSUPDATE :12012 8 1 6 {:12000_5} 1681091119.274361 :12000 (:12002)
	[2]	353NET/1.0 LSUPDATE
	[2]	TTL: 9
	[2]	Flood: 1;reason=3
	[2]	MessageID: :12000_5_1681091124.744562
	[2]	From: :12000
	[2]	OriginStartTime: 1681091119.274361
	[2]	Content-Length: 6
	[2]	
	[2]	:12002
[Sun Apr  9 2023 18:45:24.749148] i LSUPDATE :12012 9 1 13 {:12012_9} 1681091124.742260 :12012 (:12002,:12004)
	[2]	353NET/1.0 LSUPDATE
	[2]	TTL: 9
	[2]	Flood: 1;reason=3
	[2]	MessageID: :12012_9_1681091124.748200
	[2]	From: :12012
	[2]	OriginStartTime: 1681091124.742260
	[2]	Content-Length: 13
	[2]	
	[2]	:12002,:12004
[Sun Apr  9 2023 18:45:24.749280] i LSUPDATE :12012 8 1 13 {:12012_3} 1681091124.742260 :12012 (:12002,:12004)
[Sun Apr  9 2023 18:45:24.749299] r LSUPDATE :12002 9 1 13 {:12004_7} 1681091122.404614 :12004 (:12002,:12012)
	[2]	353NET/1.0 LSUPDATE
	[2]	TTL: 9
	[2]	Flood: 1;reason=1
	[2]	MessageID: :12012_3_1681091124.742390
	[2]	From: :12012
	[2]	OriginStartTime: 1681091124.742260
	[2]	Content-Length: 13
	[2]	
	[2]	:12002,:12004
[Sun Apr  9 2023 18:45:24.749424] i LSUPDATE :12012 9 1 13 {:12012_1} 1681091124.742260 :12012 (:12002,:12004)
	[2]	353NET/1.0 LSUPDATE
	[2]	TTL: 9
	[2]	Flood: 1;reason=3
	[2]	MessageID: :12012_11_1681091124.748976
	[2]	From: :12012
	[2]	OriginStartTime: 1681091124.742260
	[2]	Content-Length: 13
	[2]	
	[2]	:12002,:12004
[Sun Apr  9 2023 18:45:24.749558] d LSUPDATE :12012 8 1 13 {:12004_7} 1681091122.404614 :12004 (:12002,:12012)
[Sun Apr  9 2023 18:45:24.749615] i LSUPDATE :12012 9 1 13 {:12012_1} 1681091124.742260 :12012 (:12002,:12004)
[Sun Apr  9 2023 18:45:24.749654] r LSUPDATE :12002 9 1 20 {:12002_1} 1681091119.275256 :12002 (:12000,:12004,:12012)
	[1]	353NET/1.0 LSUPDATE
	[1]	TTL: 9
	[1]	Flood: 1;reason=3
	[1]	MessageID: :12012_10_1681091124.748948
	[1]	From: :12012
	[1]	OriginStartTime: 1681091124.742260
	[1]	Content-Length: 13
	[1]	
	[1]	:12002,:12004
[Sun Apr  9 2023 18:45:24.750367] r LSUPDATE :12002 9 1 20 {:12002_1} 1681091119.275256 :12002 (:12000,:12004,:12012)
[Sun Apr  9 2023 18:45:24.750818] r LSUPDATE :12002 9 1 13 {:12012_5} 1681091124.742260 :12012 (:12002,:12004)
[Sun Apr  9 2023 18:45:24.751697] r LSUPDATE :12002 9 1 20 {:12002_1} 1681091119.275256 :12002 (:12000,:12004,:12012)
	[2]	353NET/1.0 LSUPDATE
	[2]	TTL: 9
	[2]	Flood: 1;reason=3
	[2]	MessageID: :12004_7_1681091124.743827
	[2]	From: :12004
	[2]	OriginStartTime: 1681091122.404614
	[2]	Content-Length: 13
	[2]	
	[2]	:12002,:12012
[Sun Apr  9 2023 18:45:24.752273] d LSUPDATE :12012 8 1 20 {:12002_1} 1681091119.275256 :12002 (:12000,:12004,:12012)
	[2]	353NET/1.0 LSUPDATE
	[2]	TTL: 9
	[2]	Flood: 1;reason=3
	[2]	MessageID: :12002_16_1681091124.747111
	[2]	From: :12002
	[2]	OriginStartTime: 1681091119.275256
	[2]	Content-Length: 20
	[2]	
	[2]	:12000,:12004,:12012
[Sun Apr  9 2023 18:45:24.752689] i LSUPDATE :12012 8 1 13 {:12012_5} 1681091124.742260 :12012 (:12002,:12004)
	[2]	353NET/1.0 LSUPDATE
	[2]	TTL: 9
	[2]	Flood: 1;reason=3
	[2]	MessageID: :12012_5_1681091124.743300
	[2]	From: :12012
	[2]	OriginStartTime: 1681091124.742260
	[2]	Content-Length: 13
	[2]	
	[2]	:12002,:12004
[Sun Apr  9 2023 18:45:24.752920] r LSUPDATE :12002 9 1 13 {:12004_9} 1681091122.404614 :12004 (:12002,:12012)
[Sun Apr  9 2023 18:45:24.753122] d LSUPDATE :12012 8 1 13 {:12004_9} 1681091122.404614 :12004 (:12002,:12012)
	[2]	353NET/1.0 LSUPDATE
	[2]	TTL: 9
	[2]	Flood: 1;reason=3
	[2]	MessageID: :12004_9_1681091124.749367
	[2]	From: :12004
	[2]	OriginStartTime: 1681091122.404614
	[2]	Content-Length: 13
	[2]	
	[2]	:12002,:12012
[Sun Apr  9 2023 18:45:24.753287] r LSUPDATE :12002 9 1 13 {:12012_7} 1681091124.742260 :12012 (:12002,:12004)
[Sun Apr  9 2023 18:45:24.753504] i LSUPDATE :12012 8 1 13 {:12012_7} 1681091124.742260 :12012 (:12002,:12004)
	[2]	353NET/1.0 LSUPDATE
	[2]	TTL: 9
	[2]	Flood: 1;reason=3
	[2]	MessageID: :12012_7_1681091124.746571
	[2]	From: :12012
	[2]	OriginStartTime: 1681091124.742260
	[2]	Content-Length: 13
	[2]	Content-Length: 13
[Sun Apr  9 2023 18:45:24.753759] r LSUPDATE :12002 9 1 13 {:12012_9} 1681091124.742260 :12012 (:12002,:12004)
	[2]	
	[2]	:12002,:12004
[Sun Apr  9 2023 18:45:24.753881] i LSUPDATE :12012 8 1 13 {:12012_9} 1681091124.742260 :12012 (:12002,:12004)
	[2]	353NET/1.0 LSUPDATE
	[2]	TTL: 9
	[2]	Flood: 1;reason=3
	[2]	MessageID: :12012_9_1681091124.748200
	[2]	From: :12012
	[2]	OriginStartTime: 1681091124.742260
	[2]	Content-Length: 13
	[2]	
	[2]	:12002,:12004
[Sun Apr  9 2023 18:45:24.754178] r LSUPDATE :12002 9 1 13 {:12012_1} 1681091124.742260 :12012 (:12002,:12004)
[Sun Apr  9 2023 18:45:24.754416] i LSUPDATE :12012 8 1 13 {:12012_1} 1681091124.742260 :12012 (:12002,:12004)
	[2]	353NET/1.0 LSUPDATE
	[2]	TTL: 9
	[2]	Flood: 1;reason=3
	[2]	MessageID: :12012_11_1681091124.748976
	[2]	From: :12012
	[2]	OriginStartTime: 1681091124.742260
	[2]	Content-Length: 13
	[2]	
	[2]	:12002,:12004
[Sun Apr  9 2023 18:45:24.755219] r LSUPDATE :12002 9 1 20 {:12002_1} 1681091119.275256 :12002 (:12000,:12004,:12012)
[Sun Apr  9 2023 18:45:37.580929] r LSUPDATE :12002 9 1 20 {:12002_1} 1681091119.275256 :12002 (:12000,:12004,:12012)
[Sun Apr  9 2023 18:45:37.581140] d LSUPDATE :12012 8 1 20 {:12002_1} 1681091119.275256 :12002 (:12000,:12004,:12012)
[Sun Apr  9 2023 18:45:37.581254] i LSUPDATE :12012 9 1 13 {:12012_1} 1681091124.742260 :12012 (:12002,:12004)
	[2]	353NET/1.0 LSUPDATE
	[2]	TTL: 9
	[2]	Flood: 1;reason=2
	[2]	MessageID: :12002_19_1681091137.580132
	[2]	From: :12002
	[2]	OriginStartTime: 1681091119.275256
TE
	[2]	OriginStartTime: 1681091119.275256
	[1]	TTL: 9
	[2]	Content-Length: 20
	[1]	Flood: 1;reason=3
	[2]	
	[1]	MessageID: :12012_12_1681091137.581128
	[2]	:12000,:12004,:12012
	[1]	From: :12012
	[1]	OriginStartTime: 1681091124.742260
	[1]	Content-Length: 13
	[1]	
	[1]	:12002,:12004
[Sun Apr  9 2023 18:45:37.581566] i LSUPDATE :12012 9 1 13 {:12012_1} 1681091124.742260 :12012 (:12002,:12004)
	[2]	353NET/1.0 LSUPDATE
	[2]	TTL: 9
	[2]	Flood: 1;reason=3
	[2]	MessageID: :12012_13_1681091137.581204
	[2]	From: :12012
	[2]	OriginStartTime: 1681091124.742260
	[2]	Content-Length: 13
	[2]	
	[2]	:12002,:12004
[Sun Apr  9 2023 18:45:37.582678] r LSUPDATE :12002 9 1 13 {:12004_1} 1681091122.404614 :12004 (:12002,:12012)
[Sun Apr  9 2023 18:45:37.582835] d LSUPDATE :12012 8 1 13 {:12004_1} 1681091122.404614 :12004 (:12002,:12012)
[Sun Apr  9 2023 18:45:37.582835] d LSUPDATE :12012 8 1 13 {:12004_1} 1681091122.404614 :12004 (:12002,:12012)
[Sun Apr  9 2023 18:45:37.582855] i LSUPDATE :12012 9 1 13 {:12012_1} 1681091124.742260 :12012 (:12002,:12004)
	[1]	353NET/1.0 LSUPDATE
	[1]	TTL: 9
	[1]	Flood: 1;reason=3
	[1]	MessageID: :12012_14_1681091137.582818
	[1]	From: :12012
012_14_1681091137.582818
	[2]	353NET/1.0 LSUPDATE
	[1]	From: :12012
	[2]	TTL: 9
	[1]	OriginStartTime: 1681091124.742260
	[2]	Flood: 1;reason=3
	[2]	Flood: 1;reason=3
	[1]	Content-Length: 13
	[2]	MessageID: :12004_11_1681091137.581320
	[1]	
	[2]	From: :12004
	[1]	:12002,:12004
	[2]	OriginStartTime: 1681091122.404614
	[2]	Content-Length: 13
	[2]	
	[2]	:12002,:12012
[Sun Apr  9 2023 18:45:37.583247] i LSUPDATE :12012 9 1 13 {:12012_1} 1681091124.742260 :12012 (:12002,:12004)
	[2]	353NET/1.0 LSUPDATE
	[2]	TTL: 9
	[2]	Flood: 1;reason=3
	[2]	MessageID: :12012_15_1681091137.583224
	[2]	From: :12012
	[2]	OriginStartTime: 1681091124.742260
	[2]	Content-Length: 13
	[2]	
	[2]	:12002,:12004
[Sun Apr  9 2023 18:45:37.583779] r LSUPDATE :12002 9 1 20 {:12002_1} 1681091119.275256 :12002 (:12000,:12004,:12012)
[Sun Apr  9 2023 18:45:37.584057] r LSUPDATE :12002 9 1 13 {:12002_2} 1681091119.275256 :12002 (:12004,:12012)
[Sun Apr  9 2023 18:45:37.584209] d LSUPDATE :12012 8 1 13 {:12002_2} 1681091119.275256 :12002 (:12004,:12012)
[Sun Apr  9 2023 18:45:37.584320] i LSUPDATE :12012 9 1 13 {:12012_1} 1681091124.742260 :12012 (:12002,:12004)
	[2]	353NET/1.0 LSUPDATE
	[2]	TTL: 9
	[2]	Flood: 1;reason=3
	[2]	MessageID: :12002_21_1681091137.583367
	[2]	From: :12002
	[2]	OriginStartTime: 1681091119.275256
	[2]	Content-Length: 13
	[2]	
	[2]	:12004,:12012
[Sun Apr  9 2023 18:45:37.584482] i LSUPDATE :12012 9 1 13 {:12012_1} 1681091124.742260 :12012 (:12002,:12004)
	[1]	353NET/1.0 LSUPDATE
	[1]	353NET/1.0 LSUPDATE
	[2]	353NET/1.0 LSUPDATE
	[1]	TTL: 9
	[2]	TTL: 9
	[1]	Flood: 1;reason=3
	[2]	Flood: 1;reason=3
	[1]	MessageID: :12012_16_1681091137.584182
	[2]	MessageID: :12012_17_1681091137.584205
	[1]	From: :12012
	[2]	From: :12012
	[1]	OriginStartTime: 1681091124.742260
	[2]	OriginStartTime: 1681091124.742260
	[1]	Content-Length: 13
	[2]	Content-Length: 13
	[1]	
	[2]	
	[1]	:12002,:12004
	[2]	:12002,:12004
[Sun Apr  9 2023 18:45:37.584870] r LSUPDATE :12002 9 1 13 {:12004_1} 1681091122.404614 :12004 (:12002,:12012)
[Sun Apr  9 2023 18:45:37.584977] i LSUPDATE :12012 9 1 13 {:12012_1} 1681091124.742260 :12012 (:12002,:12004)
	[1]	353NET/1.0 LSUPDATE
	[1]	TTL: 9
	[1]	Flood: 1;reason=3
	[1]	MessageID: :12012_18_1681091137.584951
	[1]	From: :12012
	[1]	OriginStartTime: 1681091124.742260
	[1]	Content-Length: 13
	[1]	
	[1]	:12002,:12004
[Sun Apr  9 2023 18:45:37.585135] d LSUPDATE :12012 8 1 13 {:12004_1} 1681091122.404614 :12004 (:12002,:12012)
	[2]	353NET/1.0 LSUPDATE
	[2]	TTL: 9
	[2]	Flood: 1;reason=3
	[2]	MessageID: :12004_13_1681091137.582298
	[2]	From: :12004
	[2]	OriginStartTime: 1681091122.404614
	[2]	Content-Length: 13
	[2]	
	[2]	:12002,:12012
[Sun Apr  9 2023 18:45:37.585288] i LSUPDATE :12012 9 1 13 {:12012_1} 1681091124.742260 :12012 (:12002,:12004)
	[2]	353NET/1.0 LSUPDATE
	[2]	TTL: 9
	[2]	Flood: 1;reason=3
	[2]	MessageID: :12012_19_1681091137.585153
	[2]	From: :12012
	[2]	OriginStartTime: 1681091124.742260
	[2]	Content-Length: 13
	[2]	
	[2]	:12002,:12004
[Sun Apr  9 2023 18:45:37.585449] r LSUPDATE :12002 9 1 13 {:12002_2} 1681091119.275256 :12002 (:12004,:12012)
[Sun Apr  9 2023 18:45:37.585592] d LSUPDATE :12012 8 1 13 {:12002_2} 1681091119.275256 :12002 (:12004,:12012)
	[2]	353NET/1.0 LSUPDATE
	[2]	TTL: 9
	[2]	Flood: 1;reason=3
	[2]	MessageID: :12002_23_1681091137.584201
	[2]	From: :12002
	[2]	OriginStartTime: 1681091119.275256
	[2]	Content-Length: 13
	[2]	
	[2]	:12004,:12012
[Sun Apr  9 2023 18:45:37.585842] r LSUPDATE :12002 9 1 13 {:12012_1} 1681091124.742260 :12012 (:12002,:12004)
[Sun Apr  9 2023 18:45:37.586002] i LSUPDATE :12012 8 1 13 {:12012_1} 1681091124.742260 :12012 (:12002,:12004)
[Sun Apr  9 2023 18:45:37.586002] i LSUPDATE :12012 8 1 13 {:12012_1} 1681091124.742260 :12012 (:12002,:12004)
[Sun Apr  9 2023 18:45:37.586010] i LSUPDATE :12012 9 1 13 {:12012_2} 1681091124.742260 :12012 (:12002,:12004)
	[1]	353NET/1.0 LSUPDATE
	[1]	TTL: 9
	[1]	Flood: 1;reason=3
	[1]	MessageID: :12012_20_1681091137.585975
	[1]	From: :12012
	[1]	OriginStartTime: 1681091124.742260
	[1]	Content-Length: 13
	[1]	
	[1]	:12002,:12004
	[2]	353NET/1.0 LSUPDATE
	[2]	TTL: 9
	[2]	Flood: 1;reason=3
	[2]	MessageID: :12012_13_1681091137.581204
	[2]	From: :12012
	[2]	OriginStartTime: 1681091124.742260
	[2]	Content-Length: 13
	[2]	
	[2]	:12002,:12004
[Sun Apr  9 2023 18:45:37.586387] i LSUPDATE :12012 9 1 13 {:12012_2} 1681091124.742260 :12012 (:12002,:12004)
[Sun Apr  9 2023 18:45:37.586485] r LSUPDATE :12002 9 1 13 {:12004_1} 1681091122.404614 :12004 (:12002,:12012)
	[2]	353NET/1.0 LSUPDATE
	[2]	TTL: 9
	[2]	Flood: 1;reason=3
	[2]	MessageID: :12012_21_1681091137.586015
	[2]	From: :12012
	[2]	OriginStartTime: 1681091124.742260
	[2]	Content-Length: 13
	[2]	
	[2]	:12002,:12004
[Sun Apr  9 2023 18:45:37.586664] d LSUPDATE :12012 8 1 13 {:12004_1} 1681091122.404614 :12004 (:12002,:12012)
	[2]	353NET/1.0 LSUPDATE
	[2]	TTL: 9
	[2]	Flood: 1;reason=3
	[2]	MessageID: :12004_15_1681091137.583107
	[2]	From: :12004
	[2]	OriginStartTime: 1681091122.404614
	[2]	Content-Length: 13
	[2]	
	[2]	:12002,:12012
[Sun Apr  9 2023 18:45:37.636085] r LSUPDATE :12002 9 1 13 {:12004_1} 1681091122.404614 :12004 (:12002,:12012)
[Sun Apr  9 2023 18:45:37.636512] d LSUPDATE :12012 8 1 13 {:12004_1} 1681091122.404614 :12004 (:12002,:12012)
[Sun Apr  9 2023 18:45:37.636590] r LSUPDATE :12002 9 1 13 {:12004_1} 1681091122.404614 :12004 (:12002,:12012)
	[2]	353NET/1.0 LSUPDATE
	[2]	TTL: 9
	[2]	Flood: 1;reason=3
	[2]	MessageID: :12004_17_1681091137.583565
	[2]	From: :12004
	[2]	OriginStartTime: 1681091122.404614
	[2]	Content-Length: 13
	[2]	
	[2]	:12002,:12012
[Sun Apr  9 2023 18:45:37.636808] r LSUPDATE :12002 9 1 13 {:12012_1} 1681091124.742260 :12012 (:12002,:12004)
[Sun Apr  9 2023 18:45:37.636815] d LSUPDATE :12012 8 1 13 {:12004_1} 1681091122.404614 :12004 (:12002,:12012)
	[2]	353NET/1.0 LSUPDATE
	[2]	TTL: 9
	[2]	Flood: 1;reason=3
	[2]	MessageID: :12004_19_1681091137.584406
	[2]	From: :12004
	[2]	OriginStartTime: 1681091122.404614
	[2]	Content-Length: 13
	[2]	
	[2]	:12002,:12012
[Sun Apr  9 2023 18:45:37.636933] i LSUPDATE :12012 8 1 13 {:12012_1} 1681091124.742260 :12012 (:12002,:12004)
	[2]	353NET/1.0 LSUPDATE
	[2]	TTL: 9
	[2]	Flood: 1;reason=3
	[2]	MessageID: :12012_15_1681091137.583224
	[2]	From: :12012
	[2]	OriginStartTime: 1681091124.742260
	[2]	Content-Length: 13
	[2]	
ntent-Length: 13
[Sun Apr  9 2023 18:45:37.636981] r LSUPDATE :12002 9 1 13 {:12002_2} 1681091119.275256 :12002 (:12004,:12012)
	[2]	
	[2]	:12002,:12004
[Sun Apr  9 2023 18:45:37.637138] r LSUPDATE :12002 9 1 13 {:12002_2} 1681091119.275256 :12002 (:12004,:12012)
[Sun Apr  9 2023 18:45:37.637314] d LSUPDATE :12012 8 1 13 {:12002_2} 1681091119.275256 :12002 (:12004,:12012)
[Sun Apr  9 2023 18:45:37.637314] d LSUPDATE :12012 8 1 13 {:12002_2} 1681091119.275256 :12002 (:12004,:12012)
[Sun Apr  9 2023 18:45:37.637379] r LSUPDATE :12002 9 1 13 {:12012_1} 1681091124.742260 :12012 (:12002,:12004)
	[2]	353NET/1.0 LSUPDATE
	[2]	TTL: 9
	[2]	Flood: 1;reason=3
	[2]	MessageID: :12002_25_1681091137.588100
	[2]	From: :12002
	[2]	OriginStartTime: 1681091119.275256
	[2]	Content-Length: 13
	[2]	
	[2]	:12004,:12012
[Sun Apr  9 2023 18:45:37.637544] i LSUPDATE :12012 8 1 13 {:12012_1} 1681091124.742260 :12012 (:12002,:12004)
	[2]	353NET/1.0 LSUPDATE
	[2]	TTL: 9
	[2]	Flood: 1;reason=3
	[2]	MessageID: :12012_17_1681091137.584205
	[2]	From: :12012
	[2]	OriginStartTime: 1681091124.742260
	[2]	Content-Length: 13
	[2]	
	[2]	:12002,:12004
023 18:45:37.637651] r LSUPDATE :12002 9 1 13 {:12012_1} 1681091124.742260 :12012 (:12002,:12004)
	[2]	:12002,:12004
[Sun Apr  9 2023 18:45:37.637721] i LSUPDATE :12012 8 1 13 {:12012_1} 1681091124.742260 :12012 (:12002,:12004)
	[2]	353NET/1.0 LSUPDATE
	[2]	TTL: 9
	[2]	Flood: 1;reason=3
	[2]	MessageID: :12012_19_1681091137.585153
	[2]	From: :12012
	[2]	OriginStartTime: 1681091124.742260
	[2]	Content-Length: 13
	[2]	
	[2]	:12002,:12004
[Sun Apr  9 2023 18:45:37.637848] r LSUPDATE :12002 9 1 13 {:12002_2} 1681091119.275256 :12002 (:12004,:12012)
[Sun Apr  9 2023 18:45:37.638006] r LSUPDATE :12002 9 1 13 {:12012_2} 1681091124.742260 :12012 (:12002,:12004)
[Sun Apr  9 2023 18:45:37.638179] i LSUPDATE :12012 8 1 13 {:12012_2} 1681091124.742260 :12012 (:12002,:12004)
	[2]	353NET/1.0 LSUPDATE
	[2]	TTL: 9
	[2]	Flood: 1;reason=3
	[2]	MessageID: :12012_21_1681091137.586015
	[2]	From: :12012
	[2]	OriginStartTime: 1681091124.742260
	[2]	Content-Length: 13
	[2]	
	[2]	:12002,:12004
[Sun Apr  9 2023 18:45:37.686213] r LSUPDATE :12002 9 1 13 {:12002_2} 1681091119.275256 :12002 (:12004,:12012)
[Sun Apr  9 2023 18:45:39.782354] r LSUPDATE :12002 9 1 13 {:12002_2} 1681091119.275256 :12002 (:12004,:12012)
[Sun Apr  9 2023 18:45:39.782612] d LSUPDATE :12012 8 1 13 {:12002_2} 1681091119.275256 :12002 (:12004,:12012)
[Sun Apr  9 2023 18:45:39.782712] i LSUPDATE :12012 9 1 13 {:12012_2} 1681091124.742260 :12012 (:12002,:12004)
[Sun Apr  9 2023 18:45:39.782712] i LSUPDATE :12012 9 1 13 {:12012_2} 1681091124.742260 :12012 (:12002,:12004)
	[2]	353NET/1.0 LSUPDATE
	[2]	TTL: 9
	[2]	Flood: 1;reason=2
	[2]	MessageID: :12002_27_1681091139.781437
	[2]	From: :12002
	[2]	OriginStartTime: 1681091119.275256
	[2]	Content-Length: 13
	[2]	
	[2]	:12004,:12012
[Sun Apr  9 2023 18:45:39.782909] i LSUPDATE :12012 9 1 13 {:12012_2} 1681091124.742260 :12012 (:12002,:12004)
	[2]	353NET/1.0 LSUPDATE
	[2]	TTL: 9
	[2]	Flood: 1;reason=3
	[2]	MessageID: :12012_23_1681091139.782687
	[2]	From: :12012
	[2]	OriginStartTime: 1681091124.742260
	[2]	Content-Length: 13
	[1]	353NET/1.0 LSUPDATE
	[1]	353NET/1.0 LSUPDATE
	[2]	
	[2]	:12002,:12004
[Sun Apr  9 2023 18:45:39.783056] i LSUPDATE :12012 9 1 13 {:12012_2} 1681091124.742260 :12012 (:12002,:12004)
	[2]	353NET/1	[2]	353NET/1.0 LSUPDATE
	[2]	TTL: 9
	[2]	TTL: 9
;reason=3
	[2]	Flood: 1;reason=1
	[1]	MessageID: :12012_22_1681091139.782587
	[2]	MessageID: :12012_25_1681091139.782855
	[2]	From: :12012
	[2]	From: :12012
	[2]	OriginStartTime: 1681091124.742260
	[2]	OriginStartTime: 1681091124.742260
	[1]	Content-Length: 13
	[2]	Content-Length: 13
	[1]	
	[2]	
	[1]	:12002,:12004
	[2]	:12002,:12004
[Sun Apr  9 2023 18:45:39.783239] i LSUPDATE :12012 9 1 13 {:12012_2} 1681091124.742260 :12012 (:12002,:12004)
[Sun Apr  9 2023 18:45:39.783243] i LSUPDATE :12012 9 1 13 {:12012_2} 1681091124.742260 :12012 (:12002,:12004)
[Sun Apr  9 2023 18:45:39.783243] i LSUPDATE :12012 9 1 13 {:12012_2} 1681091124.742260 :12012 (:12002,:12004)
	[2]	353NET/1.0 LSUPDATE
	[2]	TTL: 9
	[2]	Flood: 1;reason=2
	[2]	MessageID: :12012_27_1681091139.782893
	[2]	From: :12012
	[2]	OriginStartTime: 1681091124.742260
	[2]	Content-Length: 13
	[2]	
	[1]	353NET/1.0 LSUPDATE
	[1]	353NET/1.0 LSUPDATE
	[2]	:12002,:12004
	[1]	TTL: 9
	[1]	Flood: 1;reason=1
	[1]	MessageID: :12012_24_1681091139.782829
	[1]	MessageID: :12012_24_1681091139.782829
[Sun Apr  9 2023 18:45:39.783375] Socket-writing thread has terminated
	[1]	From: :12012
	[1]	OriginStartTime: 1681091124.742260
	[1]	Content-Length: 13
	[1]	
	[1]	:12002,:12004
[Sun Apr  9 2023 18:45:39.783446] i LSUPDATE :12012 9 1 13 {:12012_2} 1681091124.742260 :12012 (:12002,:12004)
	[1]	353NET/1.0 LSUPDATE
	[1]	TTL: 9
	[1]	Flood: 1;reason=2
	[1]	MessageID: :12012_26_1681091139.782886
	[1]	From: :12012
	[1]	OriginStartTime: 1681091124.742260
	[1]	Content-Length: 13
	[1]	
	[1]	:12002,:12004
[Sun Apr  9 2023 18:45:39.783974] Socket-reading thread has joined with socket-writing thread
[Sun Apr  9 2023 18:45:39.784893] r LSUPDATE :12002 9 1 6 {:12002_2} 1681091119.275256 :12002 (:12012)
[Sun Apr  9 2023 18:45:39.785624] i LSUPDATE :12012 9 1 6 {:12012_2} 1681091124.742260 :12012 (:12002)
	[1]	353NET/1.0 LSUPDATE
	[1]	TTL: 9
	[1]	Flood: 1;reason=3
	[1]	MessageID: :12012_28_1681091139.785162
	[1]	From: :12012
	[1]	OriginStartTime: 1681091124.742260
	[1]	Content-Length: 6
	[1]	
	[1]	:12002
[Sun Apr  9 2023 18:45:39.787218] r LSUPDATE :12002 9 1 6 {:12002_2} 1681091119.275256 :12002 (:12012)
[Sun Apr  9 2023 18:45:40.649117] i LSUPDATE :12012 9 1 6 {:12012_2} 1681091124.742260 :12012 (:12002)
	[1]	353NET/1.0 LSUPDATE
	[1]	TTL: 9
	[1]	Flood: 1;reason=2
	[1]	MessageID: :12012_29_1681091140.648923
	[1]	From: :12012
	[1]	OriginStartTime: 1681091124.742260
	[1]	Content-Length: 6
	[1]	
	[1]	:12002
[Sun Apr  9 2023 18:45:40.649569] Socket-writing thread has terminated
[Sun Apr  9 2023 18:45:40.649933] Socket-reading thread has joined with socket-writing thread
[Sun Apr  9 2023 18:45:41.653248] Reaper has joined with connection thread.
[Sun Apr  9 2023 18:45:44.745127] STOP: port=12012
