[Sat Apr 29 2023 04:31:19.341513] START: port=12000, rootdir=lab11data
[Sat Apr 29 2023 04:31:21.731117] CONNECT[1]: 127.0.0.1:12000
[Sat Apr 29 2023 04:31:21.732087] r SAYHELLO :12002 1 - 0
[Sat Apr 29 2023 04:31:21.732282] i SAYHELLO :12000 1 - 0
	[1]	353NET/1.0 SAYHELLO
	[1]	TTL: 0
	[1]	Flood: 0
	[1]	From: :12000
	[1]	Content-Length: 0
 	[1]	
[Sat Apr 29 2023 04:31:21.732618] i LSUPDATE :12000 7 1 6 {:12000_5} TODO: start time :12000 (:12002)
	[1]	353NET/1.0 LSUPDATE
	[1]	TTL: 7
	[1]	Flood: 1;reason=1
	[1]	MessageID: :12000_5_1682767881.732253
	[1]	From: :12000
	[1]	OriginStartTime: TODO: start time
	[1]	Content-Length: 6
	[1]	
	[1]	:12002
[Sat Apr 29 2023 04:31:21.733544] r LSUPDATE :12002 7 1 6 {:12002_5} TODO: start time :12002 (:12000)
[Sat Apr 29 2023 04:31:21.733608] r LSUPDATE :12000 6 1 6 {:12002_5} TODO: start time :12002 (:12000)
[Sat Apr 29 2023 04:31:21.733810] i LSUPDATE :12000 7 1 6 {:12000_8} TODO: start time :12000 (:12002)
	[1]	353NET/1.0 LSUPDATE
	[1]	TTL: 7
	[1]	Flood: 1;reason=3
	[1]	MessageID: :12000_8_1682767881.733658
	[1]	From: :12000
	[1]	OriginStartTime: TODO: start time
	[1]	Content-Length: 6
	[1]	
	[1]	:12002
[Sat Apr 29 2023 04:31:21.734279] r LSUPDATE :12002 7 1 6 {:12002_8} TODO: start time :12002 (:12000)
[Sat Apr 29 2023 04:31:21.734323] r LSUPDATE :12000 6 1 6 {:12002_8} TODO: start time :12002 (:12000)
[Sat Apr 29 2023 04:31:23.481408] r LSUPDATE :12002 7 1 13 {:12002_1} TODO: start time :12002 (:12000,:12004)
[Sat Apr 29 2023 04:31:23.481473] r LSUPDATE :12000 6 1 13 {:12002_1} TODO: start time :12002 (:12000,:12004)
[Sat Apr 29 2023 04:31:23.482780] r LSUPDATE :12004 7 1 6 {:12004_5} TODO: start time :12004 (:12002)
[Sat Apr 29 2023 04:31:23.482826] r LSUPDATE :12000 6 1 6 {:12004_5} TODO: start time :12004 (:12002)
[Sat Apr 29 2023 04:31:23.482984] i LSUPDATE :12000 7 1 6 {:12000_1} TODO: start time :12000 (:12002)
	[1]	353NET/1.0 LSUPDATE
	[1]	TTL: 7
	[1]	TTL: 7
[Sat Apr 29 2023 04:31:23.483451] r LSUPDATE :12002 7 1 13 {:12002_1} TODO: start time :12002 (:12000,:12004)
	[1]	Flood: 1;reason=3
	[1]	MessageID: :12000_13_1682767883.482866
	[1]	MessageID: :12000_13_1682767883.482866
[Sat Apr 29 2023 04:31:23.483509] r LSUPDATE :12000 6 1 13 {:12002_1} TODO: start time :12002 (:12000,:12004)
	[1]	MessageID: :12000_13_1682767883.482866
[Sat Apr 29 2023 04:31:23.483509] r LSUPDATE :12000 6 1 13 {:12002_1} TODO: start time :12002 (:12000,:12004)
	[1]	From: :12000
	[1]	OriginStartTime: TODO: start time
	[1]	Content-Length: 6
	[1]	
	[1]	:12002
[Sat Apr 29 2023 04:31:23.483702] r LSUPDATE :12004 7 1 6 {:12004_8} TODO: start time :12004 (:12002)
[Sat Apr 29 2023 04:31:23.483724] r LSUPDATE :12000 6 1 6 {:12004_8} TODO: start time :12004 (:12002)
[Sat Apr 29 2023 04:31:23.485248] r LSUPDATE :12004 7 1 6 {:12004_1} TODO: start time :12004 (:12002)
[Sat Apr 29 2023 04:31:23.485371] r LSUPDATE :12000 6 1 6 {:12004_1} TODO: start time :12004 (:12002)
[Sat Apr 29 2023 04:31:25.606769] r LSUPDATE :12004 7 1 13 {:12004_1} TODO: start time :12004 (:12002,:12006)
[Sat Apr 29 2023 04:31:25.606830] r LSUPDATE :12000 6 1 13 {:12004_1} TODO: start time :12004 (:12002,:12006)
[Sat Apr 29 2023 04:31:25.608127] r LSUPDATE :12006 7 1 6 {:12006_5} TODO: start time :12006 (:12004)
[Sat Apr 29 2023 04:31:25.608176] r LSUPDATE :12000 6 1 6 {:12006_5} TODO: start time :12006 (:12004)
[Sat Apr 29 2023 04:31:25.608452] i LSUPDATE :12000 7 1 6 {:12000_2} TODO: start time :12000 (:12002)
	[1]	353NET/1.0 LSUPDATE
	[1]	TTL: 7
	[1]	Flood: 1;reason=3
	[1]	MessageID: :12000_20_1682767885.608219
	[1]	From: :12000
	[1]	OriginStartTime: TODO: start time
	[1]	Content-Length: 6
	[1]	
	[1]	:12002
[Sat Apr 29 2023 04:31:25.608838] r LSUPDATE :12002 7 1 13 {:12002_2} TODO: start time :12002 (:12000,:12004)
[Sat Apr 29 2023 04:31:25.608887] r LSUPDATE :12000 6 1 13 {:12002_2} TODO: start time :12002 (:12000,:12004)
[Sat Apr 29 2023 04:31:25.609149] r LSUPDATE :12004 7 1 13 {:12004_2} TODO: start time :12004 (:12002,:12006)
[Sat Apr 29 2023 04:31:25.609183] r LSUPDATE :12000 6 1 13 {:12004_2} TODO: start time :12004 (:12002,:12006)
[Sat Apr 29 2023 04:31:25.609509] r LSUPDATE :12006 7 1 6 {:12006_8} TODO: start time :12006 (:12004)
[Sat Apr 29 2023 04:31:25.609546] r LSUPDATE :12000 6 1 6 {:12006_8} TODO: start time :12006 (:12004)
[Sat Apr 29 2023 04:31:25.611482] r LSUPDATE :12006 7 1 6 {:12006_1} TODO: start time :12006 (:12004)
[Sat Apr 29 2023 04:31:25.611539] r LSUPDATE :12000 6 1 6 {:12006_1} TODO: start time :12006 (:12004)
[Sat Apr 29 2023 04:31:25.612840] r LSUPDATE :12006 7 1 6 {:12006_1} TODO: start time :12006 (:12004)
[Sat Apr 29 2023 04:31:25.612899] r LSUPDATE :12000 6 1 6 {:12006_1} TODO: start time :12006 (:12004)
[Sat Apr 29 2023 04:31:27.932159] r LSUPDATE :12006 7 1 13 {:12006_1} TODO: start time :12006 (:12004,:12008)
[Sat Apr 29 2023 04:31:27.932225] r LSUPDATE :12000 6 1 13 {:12006_1} TODO: start time :12006 (:12004,:12008)
[Sat Apr 29 2023 04:31:27.933701] r LSUPDATE :12008 7 1 6 {:12008_5} TODO: start time :12008 (:12006)
[Sat Apr 29 2023 04:31:27.933751] r LSUPDATE :12000 6 1 6 {:12008_5} TODO: start time :12008 (:12006)
[Sat Apr 29 2023 04:31:27.933895] i LSUPDATE :12000 7 1 6 {:12000_2} TODO: start time :12000 (:12002)
	[1]	353NET/1.0 LSUPDATE
	[1]	TTL: 7
	[1]	Flood: 1;reason=3
	[1]	MessageID: :12000_29_1682767887.933789
	[1]	From: :12000
	[1]	OriginStartTime: TODO: start time
	[1]	Content-Length: 6
	[1]	
	[1]	:12002
[Sat Apr 29 2023 04:31:27.934388] r LSUPDATE :12002 7 1 13 {:12002_3} TODO: start time :12002 (:12000,:12004)
[Sat Apr 29 2023 04:31:27.934428] r LSUPDATE :12000 6 1 13 {:12002_3} TODO: start time :12002 (:12000,:12004)
[Sat Apr 29 2023 04:31:27.934609] r LSUPDATE :12004 7 1 13 {:12004_3} TODO: start time :12004 (:12002,:12006)
[Sat Apr 29 2023 04:31:27.934628] r LSUPDATE :12000 6 1 13 {:12004_3} TODO: start time :12004 (:12002,:12006)
[Sat Apr 29 2023 04:31:27.979319] r LSUPDATE :12006 7 1 13 {:12006_2} TODO: start time :12006 (:12004,:12008)
[Sat Apr 29 2023 04:31:27.979494] r LSUPDATE :12000 6 1 13 {:12006_2} TODO: start time :12006 (:12004,:12008)
[Sat Apr 29 2023 04:31:27.979742] r LSUPDATE :12008 7 1 6 {:12008_8} TODO: start time :12008 (:12006)
[Sat Apr 29 2023 04:31:27.979775] r LSUPDATE :12000 6 1 6 {:12008_8} TODO: start time :12008 (:12006)
[Sat Apr 29 2023 04:31:27.979971] r LSUPDATE :12008 7 1 6 {:12008_1} TODO: start time :12008 (:12006)
[Sat Apr 29 2023 04:31:27.980004] r LSUPDATE :12000 6 1 6 {:12008_1} TODO: start time :12008 (:12006)
[Sat Apr 29 2023 04:31:27.980172] r LSUPDATE :12008 7 1 6 {:12008_1} TODO: start time :12008 (:12006)
[Sat Apr 29 2023 04:31:27.980188] r LSUPDATE :12000 6 1 6 {:12008_1} TODO: start time :12008 (:12006)
[Sat Apr 29 2023 04:31:27.980349] r LSUPDATE :12008 7 1 6 {:12008_1} TODO: start time :12008 (:12006)
[Sat Apr 29 2023 04:31:27.980365] r LSUPDATE :12000 6 1 6 {:12008_1} TODO: start time :12008 (:12006)
[Sat Apr 29 2023 04:31:31.239174] r LSUPDATE :12002 7 1 20 {:12002_5} TODO: start time :12002 (:12000,:12004,:12010)
[Sat Apr 29 2023 04:31:31.239232] r LSUPDATE :12000 6 1 20 {:12002_5} TODO: start time :12002 (:12000,:12004,:12010)
[Sat Apr 29 2023 04:31:31.244874] r LSUPDATE :12010 7 1 13 {:12010_6} TODO: start time :12010 (:12002,:12008)
[Sat Apr 29 2023 04:31:31.244936] r LSUPDATE :12000 6 1 13 {:12010_6} TODO: start time :12010 (:12002,:12008)
[Sat Apr 29 2023 04:31:31.245275] r LSUPDATE :12002 7 1 20 {:12002_5} TODO: start time :12002 (:12000,:12004,:12010)
[Sat Apr 29 2023 04:31:31.245314] r LSUPDATE :12000 6 1 20 {:12002_5} TODO: start time :12002 (:12000,:12004,:12010)
[Sat Apr 29 2023 04:31:31.245584] r LSUPDATE :12010 7 1 13 {:12010_1} TODO: start time :12010 (:12002,:12008)
[Sat Apr 29 2023 04:31:31.245617] r LSUPDATE :12000 6 1 13 {:12010_1} TODO: start time :12010 (:12002,:12008)
[Sat Apr 29 2023 04:31:31.245899] r LSUPDATE :12008 7 1 13 {:12008_2} TODO: start time :12008 (:12006,:12010)
[Sat Apr 29 2023 04:31:31.245938] r LSUPDATE :12000 6 1 13 {:12008_2} TODO: start time :12008 (:12006,:12010)
[Sat Apr 29 2023 04:31:31.246198] r LSUPDATE :12010 7 1 13 {:12010_1} TODO: start time :12010 (:12002,:12008)
[Sat Apr 29 2023 04:31:31.246243] r LSUPDATE :12000 6 1 13 {:12010_1} TODO: start time :12010 (:12002,:12008)
[Sat Apr 29 2023 04:31:31.246519] r LSUPDATE :12008 7 1 13 {:12008_2} TODO: start time :12008 (:12006,:12010)
[Sat Apr 29 2023 04:31:31.246536] r LSUPDATE :12000 6 1 13 {:12008_2} TODO: start time :12008 (:12006,:12010)
[Sat Apr 29 2023 04:31:31.246635] i LSUPDATE :12000 7 1 6 {:12000_4} TODO: start time :12000 (:12002)
	[1]	353NET/1.0 LSUPDATE
	[1]	TTL: 7
	[1]	Flood: 1;reason=3
	[1]	MessageID: :12000_40_1682767891.244984
	[1]	From: :12000
	[1]	OriginStartTime: TODO: start time
	[1]	Content-Length: 6
	[1]	
	[1]	:12002
[Sat Apr 29 2023 04:31:31.246784] r LSUPDATE :12004 7 1 13 {:12004_4} TODO: start time :12004 (:12002,:12006)
[Sat Apr 29 2023 04:31:31.246797] r LSUPDATE :12000 6 1 13 {:12004_4} TODO: start time :12004 (:12002,:12006)
[Sat Apr 29 2023 04:31:31.246872] r LSUPDATE :12010 7 1 13 {:12010_2} TODO: start time :12010 (:12002,:12008)
[Sat Apr 29 2023 04:31:31.246880] r LSUPDATE :12000 6 1 13 {:12010_2} TODO: start time :12010 (:12002,:12008)
[Sat Apr 29 2023 04:31:31.246949] r LSUPDATE :12010 7 1 13 {:12010_2} TODO: start time :12010 (:12002,:12008)
[Sat Apr 29 2023 04:31:31.246956] r LSUPDATE :12000 6 1 13 {:12010_2} TODO: start time :12010 (:12002,:12008)
[Sat Apr 29 2023 04:31:31.247275] r LSUPDATE :12010 7 1 13 {:12010_8} TODO: start time :12010 (:12002,:12008)
[Sat Apr 29 2023 04:31:31.247299] r LSUPDATE :12000 6 1 13 {:12010_8} TODO: start time :12010 (:12002,:12008)
[Sat Apr 29 2023 04:31:31.247431] r LSUPDATE :12008 7 1 13 {:12008_2} TODO: start time :12008 (:12006,:12010)
[Sat Apr 29 2023 04:31:31.247447] r LSUPDATE :12000 6 1 13 {:12008_2} TODO: start time :12008 (:12006,:12010)
[Sat Apr 29 2023 04:31:31.247579] r LSUPDATE :12006 7 1 13 {:12006_3} TODO: start time :12006 (:12004,:12008)
[Sat Apr 29 2023 04:31:31.247596] r LSUPDATE :12000 6 1 13 {:12006_3} TODO: start time :12006 (:12004,:12008)
[Sat Apr 29 2023 04:31:31.247719] r LSUPDATE :12006 7 1 13 {:12006_4} TODO: start time :12006 (:12004,:12008)
[Sat Apr 29 2023 04:31:31.247737] r LSUPDATE :12000 6 1 13 {:12006_4} TODO: start time :12006 (:12004,:12008)
[Sat Apr 29 2023 04:31:31.247922] r LSUPDATE :12008 7 1 13 {:12008_2} TODO: start time :12008 (:12006,:12010)
[Sat Apr 29 2023 04:31:31.247946] r LSUPDATE :12000 6 1 13 {:12008_2} TODO: start time :12008 (:12006,:12010)
[Sat Apr 29 2023 04:31:31.248076] r LSUPDATE :12010 7 1 13 {:12010_3} TODO: start time :12010 (:12002,:12008)
[Sat Apr 29 2023 04:31:31.248099] r LSUPDATE :12000 6 1 13 {:12010_3} TODO: start time :12010 (:12002,:12008)
[Sat Apr 29 2023 04:31:31.248213] r LSUPDATE :12010 7 1 13 {:12010_1} TODO: start time :12010 (:12002,:12008)
[Sat Apr 29 2023 04:31:31.248234] r LSUPDATE :12000 6 1 13 {:12010_1} TODO: start time :12010 (:12002,:12008)
[Sat Apr 29 2023 04:31:31.248621] r LSUPDATE :12010 7 1 13 {:12010_1} TODO: start time :12010 (:12002,:12008)
[Sat Apr 29 2023 04:31:31.248645] r LSUPDATE :12000 6 1 13 {:12010_1} TODO: start time :12010 (:12002,:12008)
[Sat Apr 29 2023 04:31:31.248852] r LSUPDATE :12010 7 1 13 {:12010_2} TODO: start time :12010 (:12002,:12008)
[Sat Apr 29 2023 04:31:31.248898] r LSUPDATE :12000 6 1 13 {:12010_2} TODO: start time :12010 (:12002,:12008)
[Sat Apr 29 2023 04:31:31.249042] r LSUPDATE :12010 7 1 13 {:12010_3} TODO: start time :12010 (:12002,:12008)
[Sat Apr 29 2023 04:31:31.249060] r LSUPDATE :12000 6 1 13 {:12010_3} TODO: start time :12010 (:12002,:12008)
[Sat Apr 29 2023 04:31:31.249260] r LSUPDATE :12004 7 1 13 {:12004_4} TODO: start time :12004 (:12002,:12006)
[Sat Apr 29 2023 04:31:31.249279] r LSUPDATE :12000 6 1 13 {:12004_4} TODO: start time :12004 (:12002,:12006)
[Sat Apr 29 2023 04:31:31.249534] r LSUPDATE :12010 7 1 13 {:12010_3} TODO: start time :12010 (:12002,:12008)
[Sat Apr 29 2023 04:31:31.249554] r LSUPDATE :12000 6 1 13 {:12010_3} TODO: start time :12010 (:12002,:12008)
[Sat Apr 29 2023 04:31:31.249688] r LSUPDATE :12010 7 1 13 {:12010_4} TODO: start time :12010 (:12002,:12008)
[Sat Apr 29 2023 04:31:31.249704] r LSUPDATE :12000 6 1 13 {:12010_4} TODO: start time :12010 (:12002,:12008)
[Sat Apr 29 2023 04:31:31.251480] r LSUPDATE :12010 7 1 13 {:12010_4} TODO: start time :12010 (:12002,:12008)
[Sat Apr 29 2023 04:31:31.251504] r LSUPDATE :12000 6 1 13 {:12010_4} TODO: start time :12010 (:12002,:12008)
	[1]	353NET/1.0 UCASTAPP
	[1]	TTL: 1
	[1]	Flood: 0
	[1]	MessageID: :12000_65_1682767899.490713
	[1]	From: :12000
	[1]	To: :12002
	[1]	Next-Layer: 1
	[1]	Content-Length: 43
	[1]	
	[1]	353UDT/1.0 PING :12000_63_1682767899.490356
	[1]	353NET/1.0 UCASTAPP
	[1]	TTL: 7
	[1]	Flood: 0
	[1]	MessageID: :12000_69_1682767941.841254
	[1]	From: :12000
	[1]	To: :12006
	[1]	Next-Layer: 1
	[1]	Content-Length: 43
	[1]	
	[1]	353UDT/1.0 PONG :12006_73_1682767941.786987
[Sat Apr 29 2023 04:33:09.133825] r LSUPDATE :12002 7 1 20 {:12002_9} TODO: start time :12002 (:12000,:12004,:12010)
[Sat Apr 29 2023 04:33:09.133901] r LSUPDATE :12000 6 1 20 {:12002_9} TODO: start time :12002 (:12000,:12004,:12010)
[Sat Apr 29 2023 04:33:09.134290] i LSUPDATE :12000 7 1 6 {:12000_7} TODO: start time :12000 (:12002)
	[1]	353NET/1.0 LSUPDATE
	[1]	TTL: 7
	[1]	Flood: 1;reason=3
	[1]	MessageID: :12000_72_1682767989.133961
	[1]	From: :12000
	[1]	OriginStartTime: TODO: start time
	[1]	Content-Length: 6
	[1]	
	[1]	:12002
[Sat Apr 29 2023 04:33:09.189374] r LSUPDATE :12006 7 1 13 {:12006_8} TODO: start time :12006 (:12004,:12008)
[Sat Apr 29 2023 04:33:09.189538] r LSUPDATE :12000 6 1 13 {:12006_8} TODO: start time :12006 (:12004,:12008)
[Sat Apr 29 2023 04:33:09.189913] r LSUPDATE :12002 7 1 13 {:12002_1} TODO: start time :12002 (:12000,:12010)
[Sat Apr 29 2023 04:33:09.189957] r LSUPDATE :12000 6 1 13 {:12002_1} TODO: start time :12002 (:12000,:12010)
[Sat Apr 29 2023 04:33:09.190282] i LSUPDATE :12000 7 1 6 {:12000_7} TODO: start time :12000 (:12002)
	[1]	353NET/1.0 LSUPDATE
	[1]	TTL: 7
	[1]	Flood: 1;reason=3
	[1]	MessageID: :12000_76_1682767989.190013
	[1]	From: :12000
	[1]	OriginStartTime: TODO: start time
	[1]	Content-Length: 6
	[1]	
	[1]	:12002
[Sat Apr 29 2023 04:33:09.191950] r LSUPDATE :12002 7 1 13 {:12002_1} TODO: start time :12002 (:12000,:12010)
[Sat Apr 29 2023 04:33:09.191995] r LSUPDATE :12000 6 1 13 {:12002_1} TODO: start time :12002 (:12000,:12010)
[Sat Apr 29 2023 04:33:09.192162] r LSUPDATE :12010 7 1 13 {:12010_6} TODO: start time :12010 (:12002,:12008)
[Sat Apr 29 2023 04:33:09.192180] r LSUPDATE :12000 6 1 13 {:12010_6} TODO: start time :12010 (:12002,:12008)
[Sat Apr 29 2023 04:33:09.192344] r LSUPDATE :12002 7 1 13 {:12002_1} TODO: start time :12002 (:12000,:12010)
[Sat Apr 29 2023 04:33:09.192362] r LSUPDATE :12000 6 1 13 {:12002_1} TODO: start time :12002 (:12000,:12010)
[Sat Apr 29 2023 04:33:09.192816] r LSUPDATE :12008 7 1 13 {:12008_6} TODO: start time :12008 (:12006,:12010)
[Sat Apr 29 2023 04:33:09.192856] r LSUPDATE :12000 6 1 13 {:12008_6} TODO: start time :12008 (:12006,:12010)
[Sat Apr 29 2023 04:33:09.195369] r LSUPDATE :12006 7 1 6 {:12006_8} TODO: start time :12006 (:12008)
[Sat Apr 29 2023 04:33:09.195414] r LSUPDATE :12000 6 1 6 {:12006_8} TODO: start time :12006 (:12008)
[Sat Apr 29 2023 04:33:09.195620] i LSUPDATE :12000 7 1 6 {:12000_8} TODO: start time :12000 (:12002)
	[1]	353NET/1.0 LSUPDATE
	[1]	TTL: 7
	[1]	Flood: 1;reason=3
	[1]	MessageID: :12000_83_1682767989.195450
	[1]	From: :12000
	[1]	OriginStartTime: TODO: start time
	[1]	Content-Length: 6
	[1]	
	[1]	:12002
[Sat Apr 29 2023 04:33:09.196018] r LSUPDATE :12002 7 1 13 {:12002_1} TODO: start time :12002 (:12000,:12010)
[Sat Apr 29 2023 04:33:09.196071] r LSUPDATE :12000 6 1 13 {:12002_1} TODO: start time :12002 (:12000,:12010)
[Sat Apr 29 2023 04:33:09.196611] r LSUPDATE :12010 7 1 13 {:12010_7} TODO: start time :12010 (:12002,:12008)
[Sat Apr 29 2023 04:33:09.196654] r LSUPDATE :12000 6 1 13 {:12010_7} TODO: start time :12010 (:12002,:12008)
[Sat Apr 29 2023 04:33:09.196938] r LSUPDATE :12008 7 1 13 {:12008_7} TODO: start time :12008 (:12006,:12010)
[Sat Apr 29 2023 04:33:09.196975] r LSUPDATE :12000 6 1 13 {:12008_7} TODO: start time :12008 (:12006,:12010)
[Sat Apr 29 2023 04:33:09.197176] r LSUPDATE :12006 7 1 6 {:12006_9} TODO: start time :12006 (:12008)
[Sat Apr 29 2023 04:33:09.197196] r LSUPDATE :12000 6 1 6 {:12006_9} TODO: start time :12006 (:12008)
	[1]	353NET/1.0 UCASTAPP
	[1]	TTL: 7
	[1]	Flood: 0
	[1]	MessageID: :12000_90_1682767997.880556
	[1]	From: :12000
	[1]	To: :12006
	[1]	Next-Layer: 1
	[1]	Content-Length: 44
	[1]	
	[1]	353UDT/1.0 PONG :12006_109_1682767997.874157
[Sat Apr 29 2023 04:34:05.854952] r LSUPDATE :12002 7 1 20 {:12002_1} TODO: start time :12002 (:12000,:12010,:12004)
[Sat Apr 29 2023 04:34:05.855015] r LSUPDATE :12000 6 1 20 {:12002_1} TODO: start time :12002 (:12000,:12010,:12004)
[Sat Apr 29 2023 04:34:05.856456] r LSUPDATE :12004 7 1 13 {:12004_6} TODO: start time :12004 (:12002,:12006)
[Sat Apr 29 2023 04:34:05.856517] r LSUPDATE :12000 6 1 13 {:12004_6} TODO: start time :12004 (:12002,:12006)
[Sat Apr 29 2023 04:34:05.857178] r LSUPDATE :12002 7 1 20 {:12002_1} TODO: start time :12002 (:12000,:12010,:12004)
[Sat Apr 29 2023 04:34:05.857224] r LSUPDATE :12000 6 1 20 {:12002_1} TODO: start time :12002 (:12000,:12010,:12004)
[Sat Apr 29 2023 04:34:05.858001] r LSUPDATE :12004 7 1 13 {:12004_1} TODO: start time :12004 (:12002,:12006)
[Sat Apr 29 2023 04:34:05.858051] r LSUPDATE :12000 6 1 13 {:12004_1} TODO: start time :12004 (:12002,:12006)
[Sat Apr 29 2023 04:34:05.858373] r LSUPDATE :12006 7 1 13 {:12006_1} TODO: start time :12006 (:12008,:12004)
[Sat Apr 29 2023 04:34:05.858417] r LSUPDATE :12000 6 1 13 {:12006_1} TODO: start time :12006 (:12008,:12004)
[Sat Apr 29 2023 04:34:05.860312] r LSUPDATE :12004 7 1 13 {:12004_1} TODO: start time :12004 (:12002,:12006)
[Sat Apr 29 2023 04:34:05.860338] r LSUPDATE :12000 6 1 13 {:12004_1} TODO: start time :12004 (:12002,:12006)
[Sat Apr 29 2023 04:34:05.860469] r LSUPDATE :12004 7 1 13 {:12004_8} TODO: start time :12004 (:12002,:12006)
[Sat Apr 29 2023 04:34:05.860486] r LSUPDATE :12000 6 1 13 {:12004_8} TODO: start time :12004 (:12002,:12006)
[Sat Apr 29 2023 04:34:05.860621] r LSUPDATE :12006 7 1 13 {:12006_1} TODO: start time :12006 (:12008,:12004)
[Sat Apr 29 2023 04:34:05.860640] r LSUPDATE :12000 6 1 13 {:12006_1} TODO: start time :12006 (:12008,:12004)
[Sat Apr 29 2023 04:34:05.860798] r LSUPDATE :12006 7 1 13 {:12006_1} TODO: start time :12006 (:12008,:12004)
[Sat Apr 29 2023 04:34:05.860818] r LSUPDATE :12000 6 1 13 {:12006_1} TODO: start time :12006 (:12008,:12004)
[Sat Apr 29 2023 04:34:05.861036] r LSUPDATE :12004 7 1 13 {:12004_1} TODO: start time :12004 (:12002,:12006)
[Sat Apr 29 2023 04:34:05.861087] r LSUPDATE :12000 6 1 13 {:12004_1} TODO: start time :12004 (:12002,:12006)
[Sat Apr 29 2023 04:34:05.861219] r LSUPDATE :12004 7 1 13 {:12004_2} TODO: start time :12004 (:12002,:12006)
[Sat Apr 29 2023 04:34:05.861239] r LSUPDATE :12000 6 1 13 {:12004_2} TODO: start time :12004 (:12002,:12006)
[Sat Apr 29 2023 04:34:05.861494] r LSUPDATE :12006 7 1 13 {:12006_1} TODO: start time :12006 (:12008,:12004)
[Sat Apr 29 2023 04:34:05.861512] r LSUPDATE :12000 6 1 13 {:12006_1} TODO: start time :12006 (:12008,:12004)
[Sat Apr 29 2023 04:34:05.911053] r LSUPDATE :12004 7 1 13 {:12004_1} TODO: start time :12004 (:12002,:12006)
[Sat Apr 29 2023 04:34:05.911124] r LSUPDATE :12000 6 1 13 {:12004_1} TODO: start time :12004 (:12002,:12006)
[Sat Apr 29 2023 04:34:05.911447] r LSUPDATE :12004 7 1 13 {:12004_2} TODO: start time :12004 (:12002,:12006)
[Sat Apr 29 2023 04:34:05.911495] r LSUPDATE :12000 6 1 13 {:12004_2} TODO: start time :12004 (:12002,:12006)
[Sat Apr 29 2023 04:34:25.090200] r LSUPDATE :12002 7 1 20 {:12002_1} TODO: start time :12002 (:12000,:12010,:12004)
[Sat Apr 29 2023 04:34:25.090276] r LSUPDATE :12000 6 1 20 {:12002_1} TODO: start time :12002 (:12000,:12010,:12004)
[Sat Apr 29 2023 04:34:25.090600] i LSUPDATE :12000 7 1 6 {:12000_1} TODO: start time :12000 (:12002)
	[1]	353NET/1.0 LSUPDATE
	[1]	TTL: 7
	[1]	Flood: 1;reason=3
	[1]	MessageID: :12000_107_1682768065.090377
	[1]	From: :12000
	[1]	OriginStartTime: TODO: start time
	[1]	Content-Length: 6
	[1]	
	[1]	:12002
[Sat Apr 29 2023 04:34:25.139440] r LSUPDATE :12004 7 1 6 {:12004_4} TODO: start time :12004 (:12006)
[Sat Apr 29 2023 04:34:25.139519] r LSUPDATE :12000 6 1 6 {:12004_4} TODO: start time :12004 (:12006)
[Sat Apr 29 2023 04:34:25.139875] r LSUPDATE :12002 7 1 13 {:12002_1} TODO: start time :12002 (:12000,:12010)
[Sat Apr 29 2023 04:34:25.139922] r LSUPDATE :12000 6 1 13 {:12002_1} TODO: start time :12002 (:12000,:12010)
[Sat Apr 29 2023 04:34:25.140364] r LSUPDATE :12006 7 1 13 {:12006_1} TODO: start time :12006 (:12008,:12004)
[Sat Apr 29 2023 04:34:25.140412] r LSUPDATE :12000 6 1 13 {:12006_1} TODO: start time :12006 (:12008,:12004)
[Sat Apr 29 2023 04:34:25.140779] i LSUPDATE :12000 7 1 6 {:12000_1} TODO: start time :12000 (:12002)
	[1]	353NET/1.0 LSUPDATE
	[1]	TTL: 7
	[1]	Flood: 1;reason=3
	[1]	MessageID: :12000_111_1682768065.139973
	[1]	From: :12000
	[1]	OriginStartTime: TODO: start time
	[1]	Content-Length: 6
	[1]	
	[1]	:12002
[Sat Apr 29 2023 04:34:25.141925] r LSUPDATE :12008 7 1 13 {:12008_1} TODO: start time :12008 (:12006,:12010)
[Sat Apr 29 2023 04:34:25.141987] r LSUPDATE :12000 6 1 13 {:12008_1} TODO: start time :12008 (:12006,:12010)
[Sat Apr 29 2023 04:34:25.142322] r LSUPDATE :12006 7 1 6 {:12006_1} TODO: start time :12006 (:12008)
[Sat Apr 29 2023 04:34:25.142370] r LSUPDATE :12000 6 1 6 {:12006_1} TODO: start time :12006 (:12008)
[Sat Apr 29 2023 04:34:25.142702] r LSUPDATE :12002 7 1 13 {:12002_1} TODO: start time :12002 (:12000,:12010)
[Sat Apr 29 2023 04:34:25.142749] r LSUPDATE :12000 6 1 13 {:12002_1} TODO: start time :12002 (:12000,:12010)
[Sat Apr 29 2023 04:34:25.142756] i LSUPDATE :12000 7 1 6 {:12000_1} TODO: start time :12000 (:12002)
	[1]	353NET/1.0 LSUPDATE
	[1]	TTL: 7
	[1]	Flood: 1;reason=3
	[1]	MessageID: :12000_116_1682768065.142419
	[1]	From: :12000
	[1]	OriginStartTime: TODO: start time
	[1]	Content-Length: 6
	[1]	
	[1]	:12002
[Sat Apr 29 2023 04:34:25.142966] i LSUPDATE :12000 7 1 6 {:12000_1} TODO: start time :12000 (:12002)
	[1]	353NET/1.0 LSUPDATE
	[1]	TTL: 7
	[1]	Flood: 1;reason=3
	[1]	MessageID: :12000_119_1682768065.142812
	[1]	From: :12000
	[1]	OriginStartTime: TODO: start time
	[1]	Content-Length: 6
	[1]	
	[1]	:12002
[Sat Apr 29 2023 04:34:25.143433] r LSUPDATE :12002 7 1 13 {:12002_1} TODO: start time :12002 (:12000,:12010)
[Sat Apr 29 2023 04:34:25.143480] r LSUPDATE :12000 6 1 13 {:12002_1} TODO: start time :12002 (:12000,:12010)
[Sat Apr 29 2023 04:34:25.143781] r LSUPDATE :12010 7 1 13 {:12010_1} TODO: start time :12010 (:12002,:12008)
[Sat Apr 29 2023 04:34:25.143821] r LSUPDATE :12000 6 1 13 {:12010_1} TODO: start time :12010 (:12002,:12008)
[Sat Apr 29 2023 04:34:25.144120] r LSUPDATE :12002 7 1 13 {:12002_1} TODO: start time :12002 (:12000,:12010)
[Sat Apr 29 2023 04:34:25.144154] r LSUPDATE :12000 6 1 13 {:12002_1} TODO: start time :12002 (:12000,:12010)
[Sat Apr 29 2023 04:34:25.144835] r LSUPDATE :12008 7 1 13 {:12008_1} TODO: start time :12008 (:12006,:12010)
[Sat Apr 29 2023 04:34:25.144875] r LSUPDATE :12000 6 1 13 {:12008_1} TODO: start time :12008 (:12006,:12010)
[Sat Apr 29 2023 04:34:25.145074] r LSUPDATE :12010 7 1 13 {:12010_1} TODO: start time :12010 (:12002,:12008)
[Sat Apr 29 2023 04:34:25.145095] r LSUPDATE :12000 6 1 13 {:12010_1} TODO: start time :12010 (:12002,:12008)
[Sat Apr 29 2023 04:34:25.145895] r LSUPDATE :12008 7 1 13 {:12008_1} TODO: start time :12008 (:12006,:12010)
[Sat Apr 29 2023 04:34:25.145955] r LSUPDATE :12000 6 1 13 {:12008_1} TODO: start time :12008 (:12006,:12010)
[Sat Apr 29 2023 04:34:25.146695] r LSUPDATE :12006 7 1 6 {:12006_1} TODO: start time :12006 (:12008)
[Sat Apr 29 2023 04:34:25.146747] r LSUPDATE :12000 6 1 6 {:12006_1} TODO: start time :12006 (:12008)
	[1]	353NET/1.0 UCASTAPP
	[1]	TTL: 7
	[1]	Flood: 0
	[1]	MessageID: :12000_129_1682768073.092484
	[1]	From: :12000
	[1]	To: :12006
	[1]	Next-Layer: 1
	[1]	Content-Length: 44
	[1]	
	[1]	353UDT/1.0 PONG :12006_174_1682768073.044018
[Sat Apr 29 2023 04:34:48.381584] r LSUPDATE :12002 7 1 20 {:12002_2} TODO: start time :12002 (:12000,:12010,:12004)
[Sat Apr 29 2023 04:34:48.381681] r LSUPDATE :12000 6 1 20 {:12002_2} TODO: start time :12002 (:12000,:12010,:12004)
[Sat Apr 29 2023 04:34:48.382703] r LSUPDATE :12004 7 1 13 {:12004_6} TODO: start time :12004 (:12002,:12006)
[Sat Apr 29 2023 04:34:48.382754] r LSUPDATE :12000 6 1 13 {:12004_6} TODO: start time :12004 (:12002,:12006)
[Sat Apr 29 2023 04:34:48.383145] r LSUPDATE :12002 7 1 20 {:12002_2} TODO: start time :12002 (:12000,:12010,:12004)
[Sat Apr 29 2023 04:34:48.383200] r LSUPDATE :12000 6 1 20 {:12002_2} TODO: start time :12002 (:12000,:12010,:12004)
[Sat Apr 29 2023 04:34:48.383260] i LSUPDATE :12000 7 1 6 {:12000_1} TODO: start time :12000 (:12002)
	[1]	353NET/1.0 LSUPDATE
	[1]	TTL: 7
	[1]	Flood: 1;reason=3
	[1]	MessageID: :12000_133_1682768088.382811
	[1]	From: :12000
	[1]	OriginStartTime: TODO: start time
	[1]	Content-Length: 6
	[1]	
	[1]	:12002
[Sat Apr 29 2023 04:34:48.429161] r LSUPDATE :12004 7 1 13 {:12004_1} TODO: start time :12004 (:12002,:12006)
[Sat Apr 29 2023 04:34:48.429321] r LSUPDATE :12000 6 1 13 {:12004_1} TODO: start time :12004 (:12002,:12006)
[Sat Apr 29 2023 04:34:48.429536] r LSUPDATE :12006 7 1 13 {:12006_1} TODO: start time :12006 (:12008,:12004)
[Sat Apr 29 2023 04:34:48.429564] r LSUPDATE :12000 6 1 13 {:12006_1} TODO: start time :12006 (:12008,:12004)
[Sat Apr 29 2023 04:34:48.429727] r LSUPDATE :12004 7 1 13 {:12004_1} TODO: start time :12004 (:12002,:12006)
[Sat Apr 29 2023 04:34:48.429842] r LSUPDATE :12000 6 1 13 {:12004_1} TODO: start time :12004 (:12002,:12006)
[Sat Apr 29 2023 04:34:48.430043] r LSUPDATE :12006 7 1 13 {:12006_1} TODO: start time :12006 (:12008,:12004)
[Sat Apr 29 2023 04:34:48.430067] r LSUPDATE :12000 6 1 13 {:12006_1} TODO: start time :12006 (:12008,:12004)
[Sat Apr 29 2023 04:34:48.430205] r LSUPDATE :12004 7 1 13 {:12004_2} TODO: start time :12004 (:12002,:12006)
[Sat Apr 29 2023 04:34:48.430301] r LSUPDATE :12000 6 1 13 {:12004_2} TODO: start time :12004 (:12002,:12006)
[Sat Apr 29 2023 04:34:48.430478] r LSUPDATE :12006 7 1 13 {:12006_1} TODO: start time :12006 (:12008,:12004)
[Sat Apr 29 2023 04:34:48.430495] r LSUPDATE :12000 6 1 13 {:12006_1} TODO: start time :12006 (:12008,:12004)
[Sat Apr 29 2023 04:34:48.430694] r LSUPDATE :12004 7 1 13 {:12004_3} TODO: start time :12004 (:12002,:12006)
[Sat Apr 29 2023 04:34:48.430776] r LSUPDATE :12000 6 1 13 {:12004_3} TODO: start time :12004 (:12002,:12006)
[Sat Apr 29 2023 04:34:48.430959] r LSUPDATE :12010 7 1 13 {:12010_1} TODO: start time :12010 (:12002,:12008)
[Sat Apr 29 2023 04:34:48.430977] r LSUPDATE :12000 6 1 13 {:12010_1} TODO: start time :12010 (:12002,:12008)
[Sat Apr 29 2023 04:34:48.431117] r LSUPDATE :12008 7 1 13 {:12008_1} TODO: start time :12008 (:12006,:12010)
[Sat Apr 29 2023 04:34:48.431209] r LSUPDATE :12000 6 1 13 {:12008_1} TODO: start time :12008 (:12006,:12010)
[Sat Apr 29 2023 04:34:48.431402] r LSUPDATE :12004 7 1 13 {:12004_3} TODO: start time :12004 (:12002,:12006)
[Sat Apr 29 2023 04:34:48.431420] r LSUPDATE :12000 6 1 13 {:12004_3} TODO: start time :12004 (:12002,:12006)
[Sat Apr 29 2023 04:34:48.431559] r LSUPDATE :12004 7 1 13 {:12004_4} TODO: start time :12004 (:12002,:12006)
[Sat Apr 29 2023 04:34:48.431573] r LSUPDATE :12000 6 1 13 {:12004_4} TODO: start time :12004 (:12002,:12006)
[Sat Apr 29 2023 04:34:48.431720] r LSUPDATE :12004 7 1 13 {:12004_8} TODO: start time :12004 (:12002,:12006)
[Sat Apr 29 2023 04:34:48.431791] r LSUPDATE :12000 6 1 13 {:12004_8} TODO: start time :12004 (:12002,:12006)
[Sat Apr 29 2023 04:34:48.431967] r LSUPDATE :12006 7 1 13 {:12006_1} TODO: start time :12006 (:12008,:12004)
[Sat Apr 29 2023 04:34:48.431983] r LSUPDATE :12000 6 1 13 {:12006_1} TODO: start time :12006 (:12008,:12004)
[Sat Apr 29 2023 04:34:48.432132] r LSUPDATE :12004 7 1 13 {:12004_1} TODO: start time :12004 (:12002,:12006)
[Sat Apr 29 2023 04:34:48.432224] r LSUPDATE :12000 6 1 13 {:12004_1} TODO: start time :12004 (:12002,:12006)
[Sat Apr 29 2023 04:34:48.432505] r LSUPDATE :12004 7 1 13 {:12004_1} TODO: start time :12004 (:12002,:12006)
[Sat Apr 29 2023 04:34:48.432574] r LSUPDATE :12000 6 1 13 {:12004_1} TODO: start time :12004 (:12002,:12006)
[Sat Apr 29 2023 04:34:48.432846] r LSUPDATE :12008 7 1 13 {:12008_1} TODO: start time :12008 (:12006,:12010)
[Sat Apr 29 2023 04:34:48.432935] r LSUPDATE :12000 6 1 13 {:12008_1} TODO: start time :12008 (:12006,:12010)
[Sat Apr 29 2023 04:34:48.433135] r LSUPDATE :12004 7 1 13 {:12004_2} TODO: start time :12004 (:12002,:12006)
[Sat Apr 29 2023 04:34:48.433235] r LSUPDATE :12000 6 1 13 {:12004_2} TODO: start time :12004 (:12002,:12006)
[Sat Apr 29 2023 04:34:48.433422] r LSUPDATE :12004 7 1 13 {:12004_3} TODO: start time :12004 (:12002,:12006)
[Sat Apr 29 2023 04:34:48.433443] r LSUPDATE :12000 6 1 13 {:12004_3} TODO: start time :12004 (:12002,:12006)
[Sat Apr 29 2023 04:34:48.433689] r LSUPDATE :12010 7 1 13 {:12010_1} TODO: start time :12010 (:12002,:12008)
[Sat Apr 29 2023 04:34:48.433775] r LSUPDATE :12000 6 1 13 {:12010_1} TODO: start time :12010 (:12002,:12008)
[Sat Apr 29 2023 04:34:48.479149] r LSUPDATE :12004 7 1 13 {:12004_3} TODO: start time :12004 (:12002,:12006)
[Sat Apr 29 2023 04:34:48.479287] r LSUPDATE :12000 6 1 13 {:12004_3} TODO: start time :12004 (:12002,:12006)
[Sat Apr 29 2023 04:34:48.479497] r LSUPDATE :12004 7 1 13 {:12004_4} TODO: start time :12004 (:12002,:12006)
[Sat Apr 29 2023 04:34:48.479575] r LSUPDATE :12000 6 1 13 {:12004_4} TODO: start time :12004 (:12002,:12006)
	[1]	353NET/1.0 UCASTAPP
	[1]	TTL: 7
	[1]	Flood: 0
	[1]	MessageID: :12000_158_1682768105.099461
	[1]	From: :12000
	[1]	To: :12006
	[1]	Next-Layer: 1
	[1]	Content-Length: 44
	[1]	
	[1]	353UDT/1.0 PONG :12006_223_1682768105.094873
	[1]	353NET/1.0 UCASTAPP
	[1]	TTL: 1
	[1]	Flood: 0
	[1]	MessageID: :12000_161_1682768157.705795
	[1]	From: :12000
	[1]	To: :12008
	[1]	Next-Layer: 1
	[1]	Content-Length: 44
	[1]	
	[1]	353UDT/1.0 PING :12000_159_1682768157.705491
	[1]	353NET/1.0 UCASTAPP
	[1]	TTL: 2
	[1]	Flood: 0
	[1]	MessageID: :12000_165_1682768160.806880
	[1]	From: :12000
	[1]	To: :12008
	[1]	Next-Layer: 1
	[1]	Content-Length: 44
	[1]	
	[1]	353UDT/1.0 PING :12000_163_1682768160.806630
	[1]	353NET/1.0 UCASTAPP
	[1]	TTL: 3
	[1]	Flood: 0
	[1]	MessageID: :12000_169_1682768163.907969
	[1]	From: :12000
	[1]	To: :12008
	[1]	Next-Layer: 1
	[1]	Content-Length: 44
	[1]	
	[1]	353UDT/1.0 PING :12000_167_1682768163.907749
	[1]	353NET/1.0 UCASTAPP
	[1]	TTL: 7
	[1]	Flood: 0
	[1]	MessageID: :12000_173_1682768165.301315
	[1]	From: :12000
	[1]	To: :12006
	[1]	Next-Layer: 1
	[1]	Content-Length: 44
	[1]	
	[1]	353UDT/1.0 PONG :12006_235_1682768165.247052
[Sat Apr 29 2023 04:36:28.005897] r LSUPDATE :12002 7 1 20 {:12002_2} TODO: start time :12002 (:12000,:12010,:12004)
[Sat Apr 29 2023 04:36:28.005977] r LSUPDATE :12000 6 1 20 {:12002_2} TODO: start time :12002 (:12000,:12010,:12004)
[Sat Apr 29 2023 04:36:28.006339] i LSUPDATE :12000 7 1 6 {:12000_1} TODO: start time :12000 (:12002)
	[1]	353NET/1.0 LSUPDATE
	[1]	TTL: 7
	[1]	Flood: 1;reason=3
	[1]	MessageID: :12000_176_1682768188.006081
	[1]	From: :12000
	[1]	OriginStartTime: TODO: start time
	[1]	Content-Length: 6
	[1]	
	[1]	:12002
[Sat Apr 29 2023 04:36:28.099441] r LSUPDATE :12004 7 1 6 {:12004_7} TODO: start time :12004 (:12006)
[Sat Apr 29 2023 04:36:28.099620] r LSUPDATE :12000 6 1 6 {:12004_7} TODO: start time :12004 (:12006)
[Sat Apr 29 2023 04:36:28.099892] r LSUPDATE :12002 7 1 13 {:12002_2} TODO: start time :12002 (:12000,:12010)
[Sat Apr 29 2023 04:36:28.099930] r LSUPDATE :12000 6 1 13 {:12002_2} TODO: start time :12002 (:12000,:12010)
[Sat Apr 29 2023 04:36:28.100115] i LSUPDATE :12000 7 1 6 {:12000_1} TODO: start time :12000 (:12002)
	[1]	353NET/1.0 LSUPDATE
	[1]	TTL: 7
	[1]	Flood: 1;reason=3
	[1]	MessageID: :12000_180_1682768188.099966
	[1]	From: :12000
	[1]	OriginStartTime: TODO: start time
	[1]	Content-Length: 6
	[1]	
	[1]	:12002
[Sat Apr 29 2023 04:36:28.100910] r LSUPDATE :12006 7 1 13 {:12006_2} TODO: start time :12006 (:12008,:12004)
[Sat Apr 29 2023 04:36:28.100973] r LSUPDATE :12000 6 1 13 {:12006_2} TODO: start time :12006 (:12008,:12004)
[Sat Apr 29 2023 04:36:28.101264] r LSUPDATE :12008 7 1 13 {:12008_1} TODO: start time :12008 (:12006,:12010)
[Sat Apr 29 2023 04:36:28.101305] r LSUPDATE :12000 6 1 13 {:12008_1} TODO: start time :12008 (:12006,:12010)
[Sat Apr 29 2023 04:36:28.101602] r LSUPDATE :12006 7 1 6 {:12006_2} TODO: start time :12006 (:12008)
[Sat Apr 29 2023 04:36:28.101644] r LSUPDATE :12000 6 1 6 {:12006_2} TODO: start time :12006 (:12008)
[Sat Apr 29 2023 04:36:28.101865] i LSUPDATE :12000 7 1 6 {:12000_1} TODO: start time :12000 (:12002)
	[1]	353NET/1.0 LSUPDATE
	[1]	TTL: 7
	[1]	Flood: 1;reason=3
	[1]	MessageID: :12000_185_1682768188.101701
	[1]	From: :12000
	[1]	OriginStartTime: TODO: start time
	[1]	Content-Length: 6
	[1]	
	[1]	:12002
pr 29 2023 04:36:28.102246] r LSUPDATE :12002 7 1 13 {:12002_2} TODO: start time :12002 (:12000,:12010)
	[1]	:12002
[Sat Apr 29 2023 04:36:28.102320] r LSUPDATE :12000 6 1 13 {:12002_2} TODO: start time :12002 (:12000,:12010)
[Sat Apr 29 2023 04:36:28.102517] i LSUPDATE :12000 7 1 6 {:12000_1} TODO: start time :12000 (:12002)
	[1]	353NET/1.0 LSUPDATE
	[1]	TTL: 7
	[1]	Flood: 1;reason=3
	[1]	MessageID: :12000_188_1682768188.102375
	[1]	From: :12000
	[1]	OriginStartTime: TODO: start time
	[1]	Content-Length: 6
	[1]	
	[1]	:12002
[Sat Apr 29 2023 04:36:28.103039] r LSUPDATE :12010 7 1 13 {:12010_1} TODO: start time :12010 (:12002,:12008)
[Sat Apr 29 2023 04:36:28.103091] r LSUPDATE :12000 6 1 13 {:12010_1} TODO: start time :12010 (:12002,:12008)
[Sat Apr 29 2023 04:36:28.103379] r LSUPDATE :12002 7 1 13 {:12002_2} TODO: start time :12002 (:12000,:12010)
[Sat Apr 29 2023 04:36:28.103408] r LSUPDATE :12000 6 1 13 {:12002_2} TODO: start time :12002 (:12000,:12010)
[Sat Apr 29 2023 04:36:28.103678] r LSUPDATE :12010 7 1 13 {:12010_1} TODO: start time :12010 (:12002,:12008)
[Sat Apr 29 2023 04:36:28.103708] r LSUPDATE :12000 6 1 13 {:12010_1} TODO: start time :12010 (:12002,:12008)
[Sat Apr 29 2023 04:36:28.104025] r LSUPDATE :12008 7 1 13 {:12008_1} TODO: start time :12008 (:12006,:12010)
[Sat Apr 29 2023 04:36:28.104126] r LSUPDATE :12000 6 1 13 {:12008_1} TODO: start time :12008 (:12006,:12010)
[Sat Apr 29 2023 04:36:28.104343] r LSUPDATE :12008 7 1 13 {:12008_1} TODO: start time :12008 (:12006,:12010)
[Sat Apr 29 2023 04:36:28.104365] r LSUPDATE :12000 6 1 13 {:12008_1} TODO: start time :12008 (:12006,:12010)
[Sat Apr 29 2023 04:36:28.104654] r LSUPDATE :12006 7 1 6 {:12006_2} TODO: start time :12006 (:12008)
[Sat Apr 29 2023 04:36:28.104755] r LSUPDATE :12000 6 1 6 {:12006_2} TODO: start time :12006 (:12008)
[Sat Apr 29 2023 04:36:28.104974] r LSUPDATE :12008 7 1 13 {:12008_1} TODO: start time :12008 (:12006,:12010)
[Sat Apr 29 2023 04:36:28.105047] r LSUPDATE :12000 6 1 13 {:12008_1} TODO: start time :12008 (:12006,:12010)
[Sat Apr 29 2023 04:36:28.105309] r LSUPDATE :12006 7 1 6 {:12006_2} TODO: start time :12006 (:12008)
[Sat Apr 29 2023 04:36:28.105402] r LSUPDATE :12000 6 1 6 {:12006_2} TODO: start time :12006 (:12008)
[Sat Apr 29 2023 04:36:28.105606] r LSUPDATE :12002 7 1 13 {:12002_3} TODO: start time :12002 (:12000,:12010)
[Sat Apr 29 2023 04:36:28.105632] r LSUPDATE :12000 6 1 13 {:12002_3} TODO: start time :12002 (:12000,:12010)
	[1]	353NET/1.0 UCASTAPP
	[1]	TTL: 1
	[1]	Flood: 0
	[1]	MessageID: :12000_200_1682768192.614777
	[1]	From: :12000
	[1]	To: :12006
	[1]	Next-Layer: 1
	[1]	Content-Length: 44
	[1]	
	[1]	353UDT/1.0 PING :12000_198_1682768192.614573
	[1]	353NET/1.0 UCASTAPP
	[1]	TTL: 2
	[1]	Flood: 0
	[1]	MessageID: :12000_204_1682768195.715703
	[1]	From: :12000
	[1]	To: :12006
	[1]	Next-Layer: 1
	[1]	Content-Length: 44
	[1]	
	[1]	353UDT/1.0 PING :12000_202_1682768195.715486
	[1]	353NET/1.0 UCASTAPP
	[1]	TTL: 7
	[1]	Flood: 0
	[1]	MessageID: :12000_208_1682768196.344116
	[1]	From: :12000
	[1]	To: :12006
	[1]	Next-Layer: 1
	[1]	Content-Length: 44
	[1]	
	[1]	353UDT/1.0 PONG :12006_277_1682768196.340475
	[1]	353NET/1.0 UCASTAPP
	[1]	TTL: 3
	[1]	Flood: 0
	[1]	MessageID: :12000_211_1682768198.817366
	[1]	From: :12000
	[1]	To: :12006
	[1]	Next-Layer: 1
	[1]	Content-Length: 44
	[1]	
	[1]	353UDT/1.0 PING :12000_209_1682768198.816973
	[1]	353NET/1.0 UCASTAPP
	[1]	TTL: 4
	[1]	Flood: 0
	[1]	MessageID: :12000_215_1682768201.917914
	[1]	From: :12000
	[1]	To: :12006
	[1]	Next-Layer: 1
	[1]	Content-Length: 44
	[1]	
	[1]	353UDT/1.0 PING :12000_213_1682768201.917753
[Sat Apr 29 2023 04:36:55.797486] Socket-writing thread has terminated
[Sat Apr 29 2023 04:36:55.799025] Socket-reading thread has joined with socket-writing thread
[Sat Apr 29 2023 04:36:55.799178] Reaper has joined with connection thread.
[Sat Apr 29 2023 04:36:59.379280] STOP: port=12000
