[Sat Apr 29 2023 04:31:25.603208] START: port=12006, rootdir=lab11data
[Sat Apr 29 2023 04:31:25.604671] i SAYHELLO :12006 1 - 0
	[1]	353NET/1.0 SAYHELLO
	[1]	TTL: 0
	[1]	Flood: 0
	[1]	From: :12006
	[1]	Content-Length: 0
 	[1]	
[Sat Apr 29 2023 04:31:25.605608] r SAYHELLO :12004 1 - 0
[Sat Apr 29 2023 04:31:25.605965] i LSUPDATE :12006 7 1 6 {:12006_5} TODO: start time :12006 (:12004)
[Sat Apr 29 2023 04:31:25.605965] i LSUPDATE :12006 7 1 6 {:12006_5} TODO: start time :12006 (:12004)
[Sat Apr 29 2023 04:31:25.605985] r LSUPDATE :12004 7 1 13 {:12004_1} TODO: start time :12004 (:12002,:12006)
[Sat Apr 29 2023 04:31:25.606061] r LSUPDATE :12006 6 1 13 {:12004_1} TODO: start time :12004 (:12002,:12006)
	[1]	353NET/1.0 LSUPDATE
	[1]	TTL: 7
	[1]	Flood: 1;reason=1
	[1]	MessageID: :12006_5_1682767885.605660
	[1]	From: :12006
	[1]	OriginStartTime: TODO: start time
	[1]	Content-Length: 6
	[1]	
	[1]	:12004
[Sat Apr 29 2023 04:31:25.606227] i LSUPDATE :12006 7 1 6 {:12006_8} TODO: start time :12006 (:12004)
	[1]	353NET/1.0 LSUPDATE
	[1]	TTL: 7
	[1]	Flood: 1;reason=3
	[1]	MessageID: :12006_8_1682767885.606135
	[1]	From: :12006
	[1]	OriginStartTime: TODO: start time
	[1]	Content-Length: 6
	[1]	
	[1]	:12004
[Sat Apr 29 2023 04:31:25.607689] r LSUPDATE :12004 7 1 13 {:12004_2} TODO: start time :12004 (:12002,:12006)
[Sat Apr 29 2023 04:31:25.607738] r LSUPDATE :12006 6 1 13 {:12004_2} TODO: start time :12004 (:12002,:12006)
[Sat Apr 29 2023 04:31:25.609474] r LSUPDATE :12002 7 1 13 {:12002_2} TODO: start time :12002 (:12000,:12004)
[Sat Apr 29 2023 04:31:25.609521] r LSUPDATE :12006 6 1 13 {:12002_2} TODO: start time :12002 (:12000,:12004)
[Sat Apr 29 2023 04:31:25.609661] i LSUPDATE :12006 7 1 6 {:12006_1} TODO: start time :12006 (:12004)
	[1]	353NET/1.0 LSUPDATE
	[1]	TTL: 7
	[1]	Flood: 1;reason=3
	[1]	MessageID: :12006_12_1682767885.609560
	[1]	From: :12006
	[1]	OriginStartTime: TODO: start time
	[1]	Content-Length: 6
	[1]	
	[1]	:12004
[Sat Apr 29 2023 04:31:25.610726] r LSUPDATE :12000 7 1 6 {:12000_2} TODO: start time :12000 (:12002)
[Sat Apr 29 2023 04:31:25.610769] r LSUPDATE :12006 6 1 6 {:12000_2} TODO: start time :12000 (:12002)
[Sat Apr 29 2023 04:31:25.610928] i LSUPDATE :12006 7 1 6 {:12006_1} TODO: start time :12006 (:12004)
	[1]	353NET/1.0 LSUPDATE
	[1]	TTL: 7
	[1]	Flood: 1;reason=3
	[1]	MessageID: :12006_15_1682767885.610808
	[1]	From: :12006
	[1]	OriginStartTime: TODO: start time
	[1]	Content-Length: 6
	[1]	
	[1]	:12004
[Sat Apr 29 2023 04:31:27.928054] CONNECT[2]: 127.0.0.1:12006
[Sat Apr 29 2023 04:31:27.929335] r SAYHELLO :12008 1 - 0
[Sat Apr 29 2023 04:31:27.929541] i SAYHELLO :12006 1 - 0
[Sat Apr 29 2023 04:31:27.929541] i SAYHELLO :12006 1 - 0
[Sat Apr 29 2023 04:31:27.929653] i LSUPDATE :12006 7 1 13 {:12006_1} TODO: start time :12006 (:12004,:12008)
	[2]	353NET/1.0 SAYHELLO
	[2]	TTL: 0
.0 SAYHELLO
	[1]	353NET/1.0 LSUPDATE
	[2]	TTL: 0
	[1]	TTL: 7
	[2]	Flood: 0
	[1]	Flood: 1;reason=1
	[2]	From: :12006
	[1]	MessageID: :12006_19_1682767887.929514
	[2]	Content-Length: 0
 	[1]	From: :12006
	[2]	
	[1]	OriginStartTime: TODO: start time
	[1]	Content-Length: 13
	[1]	
	[1]	:12004,:12008
[Sat Apr 29 2023 04:31:27.930029] i LSUPDATE :12006 7 1 13 {:12006_2} TODO: start time :12006 (:12004,:12008)
	[2]	353NET/1.0 LSUPDATE
	[2]	TTL: 7
	[2]	Flood: 1;reason=1
	[2]	MessageID: :12006_21_1682767887.929618
	[2]	From: :12006
	[2]	OriginStartTime: TODO: start time
	[2]	Content-Length: 13
	[2]	
	[2]	:12004,:12008
[Sat Apr 29 2023 04:31:27.931000] r LSUPDATE :12008 7 1 6 {:12008_5} TODO: start time :12008 (:12006)
[Sat Apr 29 2023 04:31:27.931061] r LSUPDATE :12006 6 1 6 {:12008_5} TODO: start time :12008 (:12006)
[Sat Apr 29 2023 04:31:27.931321] d LSUPDATE :12006 6 1 6 {:12008_5} TODO: start time :12008 (:12006)
[Sat Apr 29 2023 04:31:27.931412] i LSUPDATE :12006 7 1 13 {:12006_2} TODO: start time :12006 (:12004,:12008)
	[2]	353NET/1.0 LSUPDATE
	[2]	TTL: 7
	[2]	Flood: 1;reason=3
	[2]	MessageID: :12006_26_1682767887.931206
	[2]	From: :12006
	[2]	OriginStartTime: TODO: start time
	[2]	Content-Length: 13
	[2]	
	[2]	:12004,:12008
	[1]	353NET/1.0 LSUPDATE
	[1]	TTL: 7
	[1]	Flood: 1;reason=1
	[1]	MessageID: :12008_5_1682767887.930314
	[1]	From: :12008
	[1]	OriginStartTime: TODO: start time
	[1]	Content-Length: 6
	[1]	
	[1]	:12006
[Sat Apr 29 2023 04:31:27.931944] i LSUPDATE :12006 7 1 13 {:12006_2} TODO: start time :12006 (:12004,:12008)
[Sat Apr 29 2023 04:31:27.931944] i LSUPDATE :12006 7 1 13 {:12006_2} TODO: start time :12006 (:12004,:12008)
[Sat Apr 29 2023 04:31:27.931953] r LSUPDATE :12008 7 1 6 {:12008_8} TODO: start time :12008 (:12006)
[Sat Apr 29 2023 04:31:27.932000] r LSUPDATE :12006 6 1 6 {:12008_8} TODO: start time :12008 (:12006)
	[1]	353NET/1.0 LSUPDATE
	[1]	TTL: 7
	[1]	Flood: 1;reason=3
	[1]	MessageID: :12006_24_1682767887.931194
	[1]	From: :12006
	[1]	OriginStartTime: TODO: start time
	[1]	Content-Length: 13
	[1]	
	[1]	:12004,:12008
[Sat Apr 29 2023 04:31:27.932096] d LSUPDATE :12006 6 1 6 {:12008_8} TODO: start time :12008 (:12006)
	[1]	353NET/1.0 LSUPDATE
	[1]	TTL: 7
	[1]	Flood: 1;reason=3
	[1]	MessageID: :12008_8_1682767887.931144
	[1]	From: :12008
	[1]	OriginStartTime: TODO: start time
	[1]	Content-Length: 6
	[1]	
	[1]	:12006
[Sat Apr 29 2023 04:31:27.932981] r LSUPDATE :12004 7 1 13 {:12004_3} TODO: start time :12004 (:12002,:12006)
[Sat Apr 29 2023 04:31:27.933035] r LSUPDATE :12006 6 1 13 {:12004_3} TODO: start time :12004 (:12002,:12006)
[Sat Apr 29 2023 04:31:27.933205] d LSUPDATE :12006 6 1 13 {:12004_3} TODO: start time :12004 (:12002,:12006)
	[2]	353NET/1.0 LSUPDATE
	[2]	TTL: 7
	[2]	Flood: 1;reason=3
	[2]	MessageID: :12004_34_1682767887.932358
	[2]	From: :12004
	[2]	OriginStartTime: TODO: start time
	[2]	Content-Length: 13
	[2]	
	[2]	:12002,:12006
[Sat Apr 29 2023 04:31:27.934927] r LSUPDATE :12008 7 1 6 {:12008_1} TODO: start time :12008 (:12006)
[Sat Apr 29 2023 04:31:27.934975] r LSUPDATE :12006 6 1 6 {:12008_1} TODO: start time :12008 (:12006)
[Sat Apr 29 2023 04:31:27.935111] d LSUPDATE :12006 6 1 6 {:12008_1} TODO: start time :12008 (:12006)
[Sat Apr 29 2023 04:31:27.935193] r LSUPDATE :12002 7 1 13 {:12002_4} TODO: start time :12002 (:12000,:12004)
[Sat Apr 29 2023 04:31:27.935244] r LSUPDATE :12006 6 1 13 {:12002_4} TODO: start time :12002 (:12000,:12004)
	[1]	353NET/1.0 LSUPDATE
	[1]	TTL: 7
	[1]	Flood: 1;reason=3
	[1]	MessageID: :12008_12_1682767887.934247
	[1]	From: :12008
	[1]	OriginStartTime: TODO: start time
	[1]	Content-Length: 6
	[1]	
	[1]	:12006
[Sat Apr 29 2023 04:31:27.935495] d LSUPDATE :12006 6 1 13 {:12002_4} TODO: start time :12002 (:12000,:12004)
	[2]	353NET/1.0 LSUPDATE
	[2]	TTL: 7
	[2]	Flood: 1;reason=3
	[2]	MessageID: :12002_40_1682767887.933162
	[2]	From: :12002
	[2]	OriginStartTime: TODO: start time
	[2]	Content-Length: 13
	[2]	
	[2]	:12000,:12004
[Sat Apr 29 2023 04:31:27.936166] r LSUPDATE :12000 7 1 6 {:12000_2} TODO: start time :12000 (:12002)
[Sat Apr 29 2023 04:31:27.936219] r LSUPDATE :12006 6 1 6 {:12000_2} TODO: start time :12000 (:12002)
[Sat Apr 29 2023 04:31:27.936425] d LSUPDATE :12006 6 1 6 {:12000_2} TODO: start time :12000 (:12002)
	[2]	353NET/1.0 LSUPDATE
	[2]	TTL: 7
	[2]	Flood: 1;reason=3
	[2]	MessageID: :12000_29_1682767887.933789
	[2]	From: :12000
	[2]	OriginStartTime: TODO: start time
	[2]	Content-Length: 6
	[2]	
	[2]	:12002
[Sat Apr 29 2023 04:31:27.937021] r LSUPDATE :12008 7 1 6 {:12008_1} TODO: start time :12008 (:12006)
[Sat Apr 29 2023 04:31:27.937107] r LSUPDATE :12006 6 1 6 {:12008_1} TODO: start time :12008 (:12006)
[Sat Apr 29 2023 04:31:27.937287] d LSUPDATE :12006 6 1 6 {:12008_1} TODO: start time :12008 (:12006)
	[1]	353NET/1.0 LSUPDATE
	[1]	TTL: 7
	[1]	Flood: 1;reason=3
	[1]	MessageID: :12008_15_1682767887.935961
	[1]	From: :12008
	[1]	OriginStartTime: TODO: start time
	[1]	Content-Length: 6
	[1]	
	[1]	:12006
[Sat Apr 29 2023 04:31:27.937917] r LSUPDATE :12008 7 1 6 {:12008_1} TODO: start time :12008 (:12006)
[Sat Apr 29 2023 04:31:27.937974] r LSUPDATE :12006 6 1 6 {:12008_1} TODO: start time :12008 (:12006)
[Sat Apr 29 2023 04:31:27.938139] d LSUPDATE :12006 6 1 6 {:12008_1} TODO: start time :12008 (:12006)
	[1]	353NET/1.0 LSUPDATE
	[1]	TTL: 7
	[1]	Flood: 1;reason=3
	[1]	MessageID: :12008_18_1682767887.937207
	[1]	From: :12008
	[1]	OriginStartTime: TODO: start time
	[1]	Content-Length: 6
	[1]	
	[1]	:12006
[Sat Apr 29 2023 04:31:31.239809] r LSUPDATE :12008 7 1 13 {:12008_2} TODO: start time :12008 (:12006,:12010)
[Sat Apr 29 2023 04:31:31.239872] r LSUPDATE :12006 6 1 13 {:12008_2} TODO: start time :12008 (:12006,:12010)
[Sat Apr 29 2023 04:31:31.240010] d LSUPDATE :12006 6 1 13 {:12008_2} TODO: start time :12008 (:12006,:12010)
	[1]	353NET/1.0 LSUPDATE
	[1]	TTL: 7
	[1]	Flood: 1;reason=1
	[1]	MessageID: :12008_22_1682767891.238818
	[1]	From: :12008
	[1]	OriginStartTime: TODO: start time
	[1]	Content-Length: 13
	[1]	
	[1]	:12006,:12010
[Sat Apr 29 2023 04:31:31.240548] r LSUPDATE :12002 7 1 20 {:12002_5} TODO: start time :12002 (:12000,:12004,:12010)
[Sat Apr 29 2023 04:31:31.240629] r LSUPDATE :12006 6 1 20 {:12002_5} TODO: start time :12002 (:12000,:12004,:12010)
[Sat Apr 29 2023 04:31:31.241854] r LSUPDATE :12010 7 1 13 {:12010_8} TODO: start time :12010 (:12002,:12008)
[Sat Apr 29 2023 04:31:31.241901] r LSUPDATE :12006 6 1 13 {:12010_8} TODO: start time :12010 (:12002,:12008)
[Sat Apr 29 2023 04:31:31.241985] r LSUPDATE :12010 7 1 13 {:12010_6} TODO: start time :12010 (:12002,:12008)
[Sat Apr 29 2023 04:31:31.242029] r LSUPDATE :12006 6 1 13 {:12010_6} TODO: start time :12010 (:12002,:12008)
[Sat Apr 29 2023 04:31:31.242049] d LSUPDATE :12006 6 1 13 {:12010_8} TODO: start time :12010 (:12002,:12008)
	[1]	353NET/1.0 LSUPDATE
	[1]	TTL: 7
	[1]	Flood: 1;reason=1
	[1]	MessageID: :12010_8_1682767891.239303
	[1]	From: :12010
	[1]	OriginStartTime: TODO: start time
	[1]	Content-Length: 13
	[1]	
	[1]	:12002,:12008
[Sat Apr 29 2023 04:31:31.242274] i LSUPDATE :12006 7 1 13 {:12006_3} TODO: start time :12006 (:12004,:12008)
[Sat Apr 29 2023 04:31:31.242316] r LSUPDATE :12008 7 1 13 {:12008_2} TODO: start time :12008 (:12006,:12010)
	[1]	353NET/1.0 LSUPDATE
	[1]	TTL: 7
	[1]	Flood: 1;reason=3
 2023 04:31:31.242361] r LSUPDATE :12006 6 1 13 {:12008_2} TODO: start time :12008 (:12006,:12010)
	[1]	Flood: 1;reason=3
	[1]	MessageID: :12006_39_1682767891.242038
	[1]	From: :12006
	[1]	OriginStartTime: TODO: start time
	[1]	Content-Length: 13
	[1]	
	[1]	:12004,:12008
[Sat Apr 29 2023 04:31:31.242453] d LSUPDATE :12006 6 1 13 {:12008_2} TODO: start time :12008 (:12006,:12010)
[Sat Apr 29 2023 04:31:31.242583] d LSUPDATE :12006 6 1 20 {:12002_5} TODO: start time :12002 (:12000,:12004,:12010)
[Sat Apr 29 2023 04:31:31.242617] r LSUPDATE :12010 7 1 13 {:12010_1} TODO: start time :12010 (:12002,:12008)
	[1]	353NET/1.0 LSUPDATE
	[1]	353NET/1.0 LSUPDATE
[Sat Apr 29 2023 04:31:31.242644] r LSUPDATE :12006 6 1 13 {:12010_1} TODO: start time :12010 (:12002,:12008)
	[1]	TTL: 7
	[1]	Flood: 1;reason=3
	[1]	MessageID: :12008_27_1682767891.240502
	[1]	From: :12008
	[1]	OriginStartTime: TODO: start time
	[1]	Content-Length: 13
	[1]	
	[1]	:12006,:12010
[Sat Apr 29 2023 04:31:31.242769] d LSUPDATE :12006 6 1 13 {:12010_1} TODO: start time :12010 (:12002,:12008)
	[2]	353NET/1.0 LSUPDATE
	[2]	TTL: 7
	[2]	Flood: 1;reason=1
	[2]	MessageID: :12002_53_1682767891.238493
	[2]	From: :12002
	[2]	OriginStartTime: TODO: start time
ATE
	[2]	OriginStartTime: TODO: start time
	[1]	TTL: 7
	[2]	Content-Length: 20
	[1]	Flood: 1;reason=1
	[2]	
	[1]	MessageID: :12010_13_1682767891.239398
	[2]	:12000,:12004,:12010
	[1]	From: :12010
	[1]	OriginStartTime: TODO: start time
	[1]	Content-Length: 13
	[1]	
	[1]	:12002,:12008
[Sat Apr 29 2023 04:31:31.242951] i LSUPDATE :12006 7 1 13 {:12006_4} TODO: start time :12006 (:12004,:12008)
	[2]	353NET/1.0 LSUPDATE
	[2]	TTL: 7
	[2]	Flood: 1;reason=3
	[2]	MessageID: :12006_41_1682767891.242050
	[2]	From: :12006
	[2]	OriginStartTime: TODO: start time
	[2]	Content-Length: 13
	[2]	
	[2]	:12004,:12008
[Sat Apr 29 2023 04:31:31.243171] d LSUPDATE :12006 6 1 13 {:12010_6} TODO: start time :12010 (:12002,:12008)
	[2]	353NET/1.0 LSUPDATE
	[2]	TTL: 7
	[2]	Flood: 1;reason=1
	[2]	MessageID: :12010_6_1682767891.239210
	[2]	From: :12010
	[2]	OriginStartTime: TODO: start time
	[2]	Content-Length: 13
	[2]	
	[2]	:12002,:12008
[Sat Apr 29 2023 04:31:31.243715] r LSUPDATE :12010 7 1 13 {:12010_1} TODO: start time :12010 (:12002,:12008)
[Sat Apr 29 2023 04:31:31.243755] r LSUPDATE :12006 6 1 13 {:12010_1} TODO: start time :12010 (:12002,:12008)
[Sat Apr 29 2023 04:31:31.244037] r LSUPDATE :12002 7 1 20 {:12002_5} TODO: start time :12002 (:12000,:12004,:12010)
[Sat Apr 29 2023 04:31:31.244071] r LSUPDATE :12006 6 1 20 {:12002_5} TODO: start time :12002 (:12000,:12004,:12010)
[Sat Apr 29 2023 04:31:31.244294] r LSUPDATE :12004 7 1 13 {:12004_4} TODO: start time :12004 (:12002,:12006)
[Sat Apr 29 2023 04:31:31.244323] r LSUPDATE :12010 7 1 13 {:12010_2} TODO: start time :12010 (:12002,:12008)
[Sat Apr 29 2023 04:31:31.244323] r LSUPDATE :12010 7 1 13 {:12010_2} TODO: start time :12010 (:12002,:12008)
[Sat Apr 29 2023 04:31:31.244341] r LSUPDATE :12006 6 1 13 {:12004_4} TODO: start time :12004 (:12002,:12006)
[Sat Apr 29 2023 04:31:31.244360] r LSUPDATE :12006 6 1 13 {:12010_2} TODO: start time :12010 (:12002,:12008)
[Sat Apr 29 2023 04:31:31.244549] d LSUPDATE :12006 6 1 13 {:12004_4} TODO: start time :12004 (:12002,:12006)
[Sat Apr 29 2023 04:31:31.244661] r LSUPDATE :12002 7 1 20 {:12002_6} TODO: start time :12002 (:12000,:12004,:12010)
[Sat Apr 29 2023 04:31:31.244661] r LSUPDATE :12002 7 1 20 {:12002_6} TODO: start time :12002 (:12000,:12004,:12010)
	[2]	353NET/1.0 LSUPDATE
	[2]	TTL: 7
[Sat Apr 29 2023 04:31:31.244681] d LSUPDATE :12006 6 1 13 {:12010_1} TODO: start time :12010 (:12002,:12008)
2000,:12004,:12010)
[Sat Apr 29 2023 04:31:31.244681] d LSUPDATE :12006 6 1 13 {:12010_1} TODO: start time :12010 (:12002,:12008)
[Sat Apr 29 2023 04:31:31.244681] d LSUPDATE :12006 6 1 13 {:12010_1} TODO: start time :12010 (:12002,:12008)
	[2]	Flood: 1;reason=3
	[2]	MessageID: :12004_48_1682767891.240746
	[2]	From: :12004
	[2]	OriginStartTime: TODO: start time
	[2]	Content-Length: 13
	[2]	
	[2]	:12002,:12006
[Sat Apr 29 2023 04:31:31.244775] d LSUPDATE :12006 6 1 20 {:12002_6} TODO: start time :12002 (:12000,:12004,:12010)
	[2]	353NET/1.0 LSUPDATE
	[2]	TTL: 7
.0 LSUPDATE
	[1]	353NET/1.0 LSUPDATE
	[2]	TTL: 7
	[1]	TTL: 7
	[2]	Flood: 1;reason=3
	[1]	Flood: 1;reason=3
	[2]	MessageID: :12002_60_1682767891.240344
	[1]	MessageID: :12010_18_1682767891.239659
	[2]	From: :12002
	[1]	From: :12010
	[2]	OriginStartTime: TODO: start time
	[1]	OriginStartTime: TODO: start time
	[2]	Content-Length: 20
	[1]	Content-Length: 13
	[2]	
	[1]	
	[2]	:12000,:12004,:12010
	[1]	:12002,:12008
[Sat Apr 29 2023 04:31:31.244961] d LSUPDATE :12006 6 1 20 {:12002_5} TODO: start time :12002 (:12000,:12004,:12010)
[Sat Apr 29 2023 04:31:31.244984] r LSUPDATE :12002 7 1 20 {:12002_6} TODO: start time :12002 (:12000,:12004,:12010)
[Sat Apr 29 2023 04:31:31.245028] r LSUPDATE :12006 6 1 20 {:12002_6} TODO: start time :12002 (:12000,:12004,:12010)
[Sat Apr 29 2023 04:31:31.245028] r LSUPDATE :12006 6 1 20 {:12002_6} TODO: start time :12002 (:12000,:12004,:12010)
	[1]	353NET/1.0 LSUPDATE
	[1]	TTL: 7
	[1]	Flood: 1;reason=1
	[1]	MessageID: :12002_55_1682767891.238581
	[1]	From: :12002
	[1]	OriginStartTime: TODO: start time
	[1]	Content-Length: 20
	[1]	
	[1]	:12000,:12004,:12010
[Sat Apr 29 2023 04:31:31.245118] d LSUPDATE :12006 6 1 13 {:12010_2} TODO: start time :12010 (:12002,:12008)
	[1]	353NET/1.0 LSUPDATE
	[1]	TTL: 7
	[1]	Flood: 1;reason=3
	[1]	MessageID: :12010_23_1682767891.240376
	[1]	From: :12010
	[1]	OriginStartTime: TODO: start time
	[1]	Content-Length: 13
	[1]	
	[1]	:12002,:12008
[Sat Apr 29 2023 04:31:31.245225] d LSUPDATE :12006 6 1 20 {:12002_6} TODO: start time :12002 (:12000,:12004,:12010)
	[1]	353NET/1.0 LSUPDATE
	[1]	TTL: 7
	[1]	Flood: 1;reason=3
	[1]	MessageID: :12002_62_1682767891.240445
	[1]	From: :12002
	[1]	OriginStartTime: TODO: start time
	[1]	Content-Length: 20
	[1]	
	[1]	:12000,:12004,:12010
	[1]	:12000,:12004,:12010
[Sat Apr 29 2023 04:31:31.245306] r LSUPDATE :12004 7 1 13 {:12004_4} TODO: start time :12004 (:12002,:12006)
[Sat Apr 29 2023 04:31:31.245348] r LSUPDATE :12006 6 1 13 {:12004_4} TODO: start time :12004 (:12002,:12006)
[Sat Apr 29 2023 04:31:31.245606] r LSUPDATE :12010 7 1 13 {:12010_1} TODO: start time :12010 (:12002,:12008)
[Sat Apr 29 2023 04:31:31.245638] r LSUPDATE :12010 7 1 13 {:12010_3} TODO: start time :12010 (:12002,:12008)
[Sat Apr 29 2023 04:31:31.245656] d LSUPDATE :12006 6 1 13 {:12004_4} TODO: start time :12004 (:12002,:12006)
[Sat Apr 29 2023 04:31:31.245683] r LSUPDATE :12006 6 1 13 {:12010_3} TODO: start time :12010 (:12002,:12008)
	[1]	353NET/1.0 LSUPDATE
	[1]	TTL: 7
	[1]	Flood: 1;reason=3
	[1]	MessageID: :12004_46_1682767891.240737
	[1]	From: :12004
	[1]	OriginStartTime: TODO: start time
	[1]	Content-Length: 13
	[1]	
	[1]	:12002,:12006
[Sat Apr 29 2023 04:31:31.245802] d LSUPDATE :12006 6 1 13 {:12010_3} TODO: start time :12010 (:12002,:12008)
	[1]	353NET/1.0 LSUPDATE
	[1]	TTL: 7
	[1]	Flood: 1;reason=3
	[1]	MessageID: :12010_30_1682767891.242441
	[1]	From: :12010
	[1]	OriginStartTime: TODO: start time
	[1]	Content-Length: 13
	[1]	
	[1]	:12002,:12008
[Sat Apr 29 2023 04:31:31.245640] r LSUPDATE :12006 6 1 13 {:12010_1} TODO: start time :12010 (:12002,:12008)
[Sat Apr 29 2023 04:31:31.246306] r LSUPDATE :12008 7 1 13 {:12008_2} TODO: start time :12008 (:12006,:12010)
[Sat Apr 29 2023 04:31:31.246347] r LSUPDATE :12006 6 1 13 {:12008_2} TODO: start time :12008 (:12006,:12010)
[Sat Apr 29 2023 04:31:31.246421] d LSUPDATE :12006 6 1 13 {:12010_1} TODO: start time :12010 (:12002,:12008)
	[2]	353NET/1.0 LSUPDATE
	[2]	TTL: 7
	[2]	Flood: 1;reason=1
	[2]	MessageID: :12010_11_1682767891.239387
	[2]	From: :12010
	[2]	OriginStartTime: TODO: start time
	[2]	Content-Length: 13
	[2]	
	[2]	:12002,:12008
[Sat Apr 29 2023 04:31:31.246557] d LSUPDATE :12006 6 1 13 {:12008_2} TODO: start time :12008 (:12006,:12010)
	[2]	353NET/1.0 LSUPDATE
[Sat Apr 29 2023 04:31:31.246600] r LSUPDATE :12010 7 1 13 {:12010_1} TODO: start time :12010 (:12002,:12008)
[Sat Apr 29 2023 04:31:31.246600] r LSUPDATE :12010 7 1 13 {:12010_1} TODO: start time :12010 (:12002,:12008)
	[2]	TTL: 7
	[2]	Flood: 1;reason=1
	[2]	MessageID: :12008_24_1682767891.238832
	[2]	From: :12008
	[2]	OriginStartTime: TODO: start time
1:31.246617] r LSUPDATE :12006 6 1 13 {:12010_1} TODO: start time :12010 (:12002,:12008)
	[2]	OriginStartTime: TODO: start time
	[2]	Content-Length: 13
	[2]	
	[2]	:12006,:12010
[Sat Apr 29 2023 04:31:31.246643] d LSUPDATE :12006 6 1 13 {:12010_1} TODO: start time :12010 (:12002,:12008)
	[2]	353NET/1.0 LSUPDATE
	[2]	TTL: 7
	[2]	Flood: 1;reason=3
	[2]	MessageID: :12010_16_1682767891.239653
	[2]	From: :12010
	[2]	OriginStartTime: TODO: start time
	[2]	Content-Length: 13
	[2]	
	[2]	:12002,:12008
[Sat Apr 29 2023 04:31:31.246750] r LSUPDATE :12010 7 1 13 {:12010_2} TODO: start time :12010 (:12002,:12008)
[Sat Apr 29 2023 04:31:31.246765] r LSUPDATE :12006 6 1 13 {:12010_2} TODO: start time :12010 (:12002,:12008)
[Sat Apr 29 2023 04:31:31.246899] r LSUPDATE :12010 7 1 13 {:12010_2} TODO: start time :12010 (:12002,:12008)
[Sat Apr 29 2023 04:31:31.246913] r LSUPDATE :12006 6 1 13 {:12010_2} TODO: start time :12010 (:12002,:12008)
[Sat Apr 29 2023 04:31:31.246935] d LSUPDATE :12006 6 1 13 {:12010_2} TODO: start time :12010 (:12002,:12008)
	[2]	353NET/1.0 LSUPDATE
	[2]	TTL: 7
	[2]	Flood: 1;reason=3
	[2]	MessageID: :12010_21_1682767891.240355
	[2]	From: :12010
	[2]	OriginStartTime: TODO: start time
	[2]	Content-Length: 13
	[2]	
	[2]	:12002,:12008
[Sat Apr 29 2023 04:31:31.246990] d LSUPDATE :12006 6 1 13 {:12010_2} TODO: start time :12010 (:12002,:12008)
	[2]	353NET/1.0 LSUPDATE
	[2]	TTL: 7
	[2]	Flood: 1;reason=3
	[2]	MessageID: :12010_28_1682767891.242431
	[2]	From: :12010
	[2]	OriginStartTime: TODO: start time
	[2]	Content-Length: 13
	[2]	
	[2]	:12002,:12008
[Sat Apr 29 2023 04:31:31.247326] r LSUPDATE :12010 7 1 13 {:12010_3} TODO: start time :12010 (:12002,:12008)
[Sat Apr 29 2023 04:31:31.247355] r LSUPDATE :12006 6 1 13 {:12010_3} TODO: start time :12010 (:12002,:12008)
[Sat Apr 29 2023 04:31:31.247604] r LSUPDATE :12008 7 1 13 {:12008_2} TODO: start time :12008 (:12006,:12010)
[Sat Apr 29 2023 04:31:31.247623] r LSUPDATE :12006 6 1 13 {:12008_2} TODO: start time :12008 (:12006,:12010)
[Sat Apr 29 2023 04:31:31.247696] d LSUPDATE :12006 6 1 13 {:12008_2} TODO: start time :12008 (:12006,:12010)
	[2]	353NET/1.0 LSUPDATE
	[2]	TTL: 7
	[2]	Flood: 1;reason=3
	[2]	MessageID: :12008_29_1682767891.240509
	[2]	From: :12008
	[2]	OriginStartTime: TODO: start time
	[2]	Content-Length: 13
	[2]	
	[2]	:12006,:12010
[Sat Apr 29 2023 04:31:31.247793] r LSUPDATE :12000 7 1 6 {:12000_4} TODO: start time :12000 (:12002)
[Sat Apr 29 2023 04:31:31.247812] r LSUPDATE :12006 6 1 6 {:12000_4} TODO: start time :12000 (:12002)
[Sat Apr 29 2023 04:31:31.247876] d LSUPDATE :12006 6 1 6 {:12000_4} TODO: start time :12000 (:12002)
	[2]	353NET/1.0 LSUPDATE
	[2]	TTL: 7
	[2]	Flood: 1;reason=3
	[2]	MessageID: :12000_40_1682767891.244984
	[2]	From: :12000
	[2]	OriginStartTime: TODO: start time
	[2]	Content-Length: 6
	[2]	
	[2]	:12002
[Sat Apr 29 2023 04:31:31.247976] r LSUPDATE :12006 7 1 13 {:12006_4} TODO: start time :12006 (:12004,:12008)
[Sat Apr 29 2023 04:31:31.247995] r LSUPDATE :12006 6 1 13 {:12006_4} TODO: start time :12006 (:12004,:12008)
[Sat Apr 29 2023 04:31:31.248147] d LSUPDATE :12006 6 1 13 {:12010_3} TODO: start time :12010 (:12002,:12008)
	[1]	353NET/1.0 LSUPDATE
	[1]	TTL: 7
	[1]	Flood: 1;reason=3
	[1]	MessageID: :12010_37_1682767891.245963
	[1]	From: :12010
	[1]	OriginStartTime: TODO: start time
	[1]	Content-Length: 13
	[1]	
	[1]	:12002,:12008
[Sat Apr 29 2023 04:31:31.248362] r LSUPDATE :12010 7 1 13 {:12010_3} TODO: start time :12010 (:12002,:12008)
[Sat Apr 29 2023 04:31:31.248384] r LSUPDATE :12006 6 1 13 {:12010_3} TODO: start time :12010 (:12002,:12008)
[Sat Apr 29 2023 04:31:31.248455] d LSUPDATE :12006 6 1 13 {:12010_3} TODO: start time :12010 (:12002,:12008)
	[2]	353NET/1.0 LSUPDATE
	[2]	TTL: 7
	[2]	Flood: 1;reason=3
	[2]	MessageID: :12010_35_1682767891.245953
	[2]	From: :12010
	[2]	OriginStartTime: TODO: start time
	[2]	Content-Length: 13
	[2]	
	[2]	:12002,:12008
[Sat Apr 29 2023 04:31:31.249637] r LSUPDATE :12006 7 1 13 {:12006_3} TODO: start time :12006 (:12004,:12008)
[Sat Apr 29 2023 04:31:31.249664] r LSUPDATE :12006 6 1 13 {:12006_3} TODO: start time :12006 (:12004,:12008)
[Sat Apr 29 2023 04:31:31.249755] r LSUPDATE :12010 7 1 13 {:12010_4} TODO: start time :12010 (:12002,:12008)
[Sat Apr 29 2023 04:31:31.249775] r LSUPDATE :12006 6 1 13 {:12010_4} TODO: start time :12010 (:12002,:12008)
[Sat Apr 29 2023 04:31:31.249867] d LSUPDATE :12006 6 1 13 {:12010_4} TODO: start time :12010 (:12002,:12008)
	[2]	353NET/1.0 LSUPDATE
	[2]	TTL: 7
	[2]	Flood: 1;reason=3
	[2]	MessageID: :12010_45_1682767891.248970
	[2]	From: :12010
	[2]	OriginStartTime: TODO: start time
	[2]	Content-Length: 13
	[2]	
	[2]	:12002,:12008
[Sat Apr 29 2023 04:31:31.250507] r LSUPDATE :12010 7 1 13 {:12010_4} TODO: start time :12010 (:12002,:12008)
[Sat Apr 29 2023 04:31:31.250528] r LSUPDATE :12006 6 1 13 {:12010_4} TODO: start time :12010 (:12002,:12008)
[Sat Apr 29 2023 04:31:31.250652] d LSUPDATE :12006 6 1 13 {:12010_4} TODO: start time :12010 (:12002,:12008)
	[1]	353NET/1.0 LSUPDATE
	[1]	TTL: 7
	[1]	Flood: 1;reason=3
	[1]	MessageID: :12010_47_1682767891.249034
	[1]	From: :12010
	[1]	OriginStartTime: TODO: start time
	[1]	Content-Length: 13
	[1]	
	[1]	:12002,:12008
	[1]	353NET/1.0 UCASTAPP
	[1]	TTL: 1
	[1]	Flood: 0
	[1]	MessageID: :12006_67_1682767935.584748
	[1]	From: :12006
	[1]	To: :12000
	[1]	Next-Layer: 1
	[1]	Content-Length: 43
	[1]	
	[1]	353UDT/1.0 PING :12006_65_1682767935.584480
	[1]	353NET/1.0 UCASTAPP
	[1]	TTL: 2
	[1]	Flood: 0
	[1]	MessageID: :12006_71_1682767938.685999
	[1]	From: :12006
	[1]	To: :12000
	[1]	Next-Layer: 1
	[1]	Content-Length: 43
	[1]	
	[1]	353UDT/1.0 PING :12006_69_1682767938.685630
	[1]	353NET/1.0 UCASTAPP
	[1]	TTL: 3
	[1]	Flood: 0
	[1]	MessageID: :12006_75_1682767941.787200
	[1]	From: :12006
	[1]	To: :12000
	[1]	Next-Layer: 1
	[1]	Content-Length: 43
	[1]	
	[1]	353UDT/1.0 PING :12006_73_1682767941.786987
	[1]	353NET/1.0 UCASTAPP
	[1]	TTL: 1
	[1]	Flood: 0
	[1]	MessageID: :12006_79_1682767988.471021
	[1]	From: :12006
	[1]	To: :12000
	[1]	Next-Layer: 1
	[1]	Content-Length: 43
	[1]	
	[1]	353UDT/1.0 PING :12006_77_1682767988.470738
[Sat Apr 29 2023 04:33:09.132874] i LSUPDATE :12006 7 1 13 {:12006_8} TODO: start time :12006 (:12004,:12008)
[Sat Apr 29 2023 04:33:09.132976] i LSUPDATE :12006 7 1 13 {:12006_8} TODO: start time :12006 (:12004,:12008)
	[2]	353NET/1.0 LSUPDATE
	[2]	TTL: 7
	[2]	TTL: 7
	[1]	353NET/1.0 LSUPDATE
	[1]	TTL: 7
;reason=2
	[1]	TTL: 7
	[1]	Flood: 1;reason=2
4_1682767989.132814
	[1]	Flood: 1;reason=2
	[1]	MessageID: :12	[1]	MessageID: :12006_82_1682767989.132794
	[1]	From: :12006
e: TODO: start time
	[1]	From: :12006
	[1]	OriginStartTime: TOD	[1]	OriginStartTime: TODO: start time
	[1]	Co	[1]	Content-Length: 13
	[1]	
2004,:12008
	[1]	
	[1]	:12004,:12008
[Sat Apr 29 2023 04:33:09.133196] Socket-writing thread has terminated
[Sat Apr 29 2023 04:33:09.133709] Socket-reading thread has joined with socket-writing thread
[Sat Apr 29 2023 04:33:09.136091] r LSUPDATE :12002 7 1 20 {:12002_1} TODO: start time :12002 (:12000,:12004,:12010)
[Sat Apr 29 2023 04:33:09.136156] r LSUPDATE :12006 6 1 20 {:12002_1} TODO: start time :12002 (:12000,:12004,:12010)
[Sat Apr 29 2023 04:33:09.191517] r LSUPDATE :12000 7 1 6 {:12000_7} TODO: start time :12000 (:12002)
[Sat Apr 29 2023 04:33:09.191578] r LSUPDATE :12006 6 1 6 {:12000_7} TODO: start time :12000 (:12002)
[Sat Apr 29 2023 04:33:09.191840] r LSUPDATE :12002 7 1 13 {:12002_1} TODO: start time :12002 (:12000,:12010)
[Sat Apr 29 2023 04:33:09.191876] r LSUPDATE :12006 6 1 13 {:12002_1} TODO: start time :12002 (:12000,:12010)
[Sat Apr 29 2023 04:33:09.192307] r LSUPDATE :12008 7 1 13 {:12008_6} TODO: start time :12008 (:12006,:12010)
[Sat Apr 29 2023 04:33:09.192312] i LSUPDATE :12006 7 1 6 {:12006_8} TODO: start time :12006 (:12008)
[Sat Apr 29 2023 04:33:09.192312] i LSUPDATE :12006 7 1 6 {:12006_8} TODO: start time :12006 (:12008)
[Sat Apr 29 2023 04:33:09.192361] r LSUPDATE :12006 6 1 13 {:12008_6} TODO: start time :12008 (:12006,:12010)
	[2]	353NET/1.0 LSUPDATE
	[2]	TTL: 7
	[2]	Flood: 1;reason=3
	[2]	MessageID: :12006_89_1682767989.191951
	[2]	From: :12006
	[2]	OriginStartTime: TODO: start time
	[2]	Content-Length: 6
	[2]	
	[2]	:12008
[Sat Apr 29 2023 04:33:09.192676] i LSUPDATE :12006 7 1 6 {:12006_9} TODO: start time :12006 (:12008)
	[2]	353NET/1.0 LSUPDATE
	[2]	TTL: 7
	[2]	Flood: 1;reason=3
	[2]	MessageID: :12006_92_1682767989.192423
	[2]	From: :12006
	[2]	OriginStartTime: TODO: start time
	[2]	Content-Length: 6
	[2]	
	[2]	:12008
[Sat Apr 29 2023 04:33:09.193021] r LSUPDATE :12010 7 1 13 {:12010_6} TODO: start time :12010 (:12002,:12008)
[Sat Apr 29 2023 04:33:09.193079] r LSUPDATE :12006 6 1 13 {:12010_6} TODO: start time :12010 (:12002,:12008)
[Sat Apr 29 2023 04:33:09.239307] r LSUPDATE :12008 7 1 13 {:12008_6} TODO: start time :12008 (:12006,:12010)
[Sat Apr 29 2023 04:33:09.239464] r LSUPDATE :12006 6 1 13 {:12008_6} TODO: start time :12008 (:12006,:12010)
[Sat Apr 29 2023 04:33:09.239685] r LSUPDATE :12000 7 1 6 {:12000_7} TODO: start time :12000 (:12002)
[Sat Apr 29 2023 04:33:09.239707] r LSUPDATE :12006 6 1 6 {:12000_7} TODO: start time :12000 (:12002)
[Sat Apr 29 2023 04:33:09.239935] r LSUPDATE :12002 7 1 13 {:12002_1} TODO: start time :12002 (:12000,:12010)
[Sat Apr 29 2023 04:33:09.240029] r LSUPDATE :12006 6 1 13 {:12002_1} TODO: start time :12002 (:12000,:12010)
[Sat Apr 29 2023 04:33:09.240228] r LSUPDATE :12002 7 1 13 {:12002_1} TODO: start time :12002 (:12000,:12010)
[Sat Apr 29 2023 04:33:09.240252] r LSUPDATE :12006 6 1 13 {:12002_1} TODO: start time :12002 (:12000,:12010)
[Sat Apr 29 2023 04:33:09.240521] r LSUPDATE :12010 7 1 13 {:12010_7} TODO: start time :12010 (:12002,:12008)
[Sat Apr 29 2023 04:33:09.240636] r LSUPDATE :12006 6 1 13 {:12010_7} TODO: start time :12010 (:12002,:12008)
[Sat Apr 29 2023 04:33:09.240836] r LSUPDATE :12002 7 1 13 {:12002_1} TODO: start time :12002 (:12000,:12010)
[Sat Apr 29 2023 04:33:09.240861] r LSUPDATE :12006 6 1 13 {:12002_1} TODO: start time :12002 (:12000,:12010)
[Sat Apr 29 2023 04:33:09.241139] r LSUPDATE :12000 7 1 6 {:12000_8} TODO: start time :12000 (:12002)
[Sat Apr 29 2023 04:33:09.241232] r LSUPDATE :12006 6 1 6 {:12000_8} TODO: start time :12000 (:12002)
	[2]	353NET/1.0 UCASTAPP
	[2]	TTL: 2
	[2]	Flood: 0
	[2]	MessageID: :12006_103_1682767991.571955
	[2]	From: :12006
	[2]	To: :12000
	[2]	Next-Layer: 1
	[2]	Content-Length: 44
	[2]	
	[2]	353UDT/1.0 PING :12006_101_1682767991.571759
	[2]	353NET/1.0 UCASTAPP
	[2]	TTL: 3
	[2]	Flood: 0
	[2]	MessageID: :12006_107_1682767994.673365
	[2]	From: :12006
	[2]	To: :12000
	[2]	Next-Layer: 1
	[2]	Content-Length: 44
	[2]	
	[2]	353UDT/1.0 PING :12006_105_1682767994.673046
	[2]	353NET/1.0 UCASTAPP
	[2]	TTL: 4
	[2]	Flood: 0
	[2]	MessageID: :12006_111_1682767997.874399
	[2]	From: :12006
	[2]	To: :12000
	[2]	Next-Layer: 1
	[2]	Content-Length: 44
	[2]	
	[2]	353UDT/1.0 PING :12006_109_1682767997.874157
[Sat Apr 29 2023 04:34:05.853666] CONNECT[3]: 127.0.0.1:12006
[Sat Apr 29 2023 04:34:05.854817] r SAYHELLO :12004 1 - 0
[Sat Apr 29 2023 04:34:05.855007] i LSUPDATE :12006 7 1 13 {:12006_1} TODO: start time :12006 (:12008,:12004)
[Sat Apr 29 2023 04:34:05.855237] i SAYHELLO :12006 1 - 0
[Sat Apr 29 2023 04:34:05.855237] i SAYHELLO :12006 1 - 0
	[2]	353NET/1.0 LSUPDATE
	[2]	TTL: 7
	[2]	Flood: 1;reason=1
	[2]	MessageID: :12006_116_1682768045.854971
	[2]	From: :12006
	[2]	OriginStartTime: TODO: start time
	[2]	Content-Length: 13
	[2]	
	[2]	:12008,:12004
	[3]	353NET/1.0 SAYHELLO
	[3]	TTL: 0
	[3]	Flood: 0
	[3]	From: :12006
	[3]	Content-Length: 0
 	[3]	
[Sat Apr 29 2023 04:34:05.855591] i LSUPDATE :12006 7 1 13 {:12006_1} TODO: start time :12006 (:12008,:12004)
	[3]	353NET/1.0 LSUPDATE
	[3]	TTL: 7
	[3]	Flood: 1;reason=1
	[3]	MessageID: :12006_118_1682768045.855405
	[3]	From: :12006
	[3]	OriginStartTime: TODO: start time
	[3]	Content-Length: 13
	[3]	
	[3]	:12008,:12004
[Sat Apr 29 2023 04:34:05.856056] r LSUPDATE :12004 7 1 13 {:12004_8} TODO: start time :12004 (:12002,:12006)
[Sat Apr 29 2023 04:34:05.856095] r LSUPDATE :12006 6 1 13 {:12004_8} TODO: start time :12004 (:12002,:12006)
[Sat Apr 29 2023 04:34:05.856164] d LSUPDATE :12006 6 1 13 {:12004_8} TODO: start time :12004 (:12002,:12006)
[Sat Apr 29 2023 04:34:05.856200] i LSUPDATE :12006 7 1 13 {:12006_1} TODO: start time :12006 (:12008,:12004)
	[3]	353NET/1.0 LSUPDATE
	[3]	TTL: 7
	[3]	Flood: 1;reason=3
	[3]	MessageID: :12006_123_1682768045.856177
	[3]	From: :12006
	[2]	353NET/1.0 LSUPDATE
	[2]	353NET/1.0 LSUPDATE
	[3]	OriginStartTime: TODO: start time
	[2]	TTLtent-	[3]	Content-Length: 13
	[2]	Flood: 1;reason=1
	[3]	
	[2]	MessageID: :12004_8_1682768045.854800
	[3]	:12008,:12004
	[2]	From: :12004
	[2]	OriginStartTime: TODO: start time
	[2]	Content-Length: 13
	[2]	
	[2]	:12002,:12006
[Sat Apr 29 2023 04:34:05.856471] i LSUPDATE :12006 7 1 13 {:12006_1} TODO: start time :12006 (:12008,:12004)
	[2]	353NET/1.0 LSUPDATE
	[2]	TTL: 7
	[2]	Flood: 1;reason=3
	[2]	MessageID: :12006_121_1682768045.856167
	[2]	From: :12006
	[2]	OriginStartTime: TODO: start time
	[2]	Content-Length: 13
	[2]	
	[2]	:12008,:12004
[Sat Apr 29 2023 04:34:05.856692] r LSUPDATE :12002 7 1 20 {:12002_1} TODO: start time :12002 (:12000,:12010,:12004)
[Sat Apr 29 2023 04:34:05.856728] r LSUPDATE :12006 6 1 20 {:12002_1} TODO: start time :12002 (:12000,:12010,:12004)
[Sat Apr 29 2023 04:34:05.856840] r LSUPDATE :12002 7 1 20 {:12002_1} TODO: start time :12002 (:12000,:12010,:12004)
[Sat Apr 29 2023 04:34:05.856872] d LSUPDATE :12006 6 1 20 {:12002_1} TODO: start time :12002 (:12000,:12010,:12004)
[Sat Apr 29 2023 04:34:05.856895] r LSUPDATE :12006 6 1 20 {:12002_1} TODO: start time :12002 (:12000,:12010,:12004)
	[2]	353NET/1.0 LSUPDATE
	[2]	TTL: 7
	[2]	Flood: 1;reason=1
	[2]	MessageID: :12002_141_1682768045.854077
	[2]	From: :12002
	[2]	OriginStartTime: TODO: start time
	[2]	Content-Length: 20
O: start time
[Sat Apr 29 2023 04:34:05.856971] d LSUPDATE :12006 6 1 20 {:12002_1} TODO: start time :12002 (:12000,:12010,:12004)
	[2]	Content-Length: 20
	[2]	
	[2]	:12000,:12010,:12004
[Sat Apr 29 2023 04:34:05.857016] r LSUPDATE :12004 7 1 13 {:12004_1} TODO: start time :12004 (:12002,:12006)
[Sat Apr 29 2023 04:34:05.857046] r LSUPDATE :12006 6 1 13 {:12004_1} TODO: start time :12004 (:12002,:12006)
	[3]	353NET/1.0 LSUPDATE
[Sat Apr 29 2023 04:34:05.857094] d LSUPDATE :12006 6 1 13 {:12004_1} TODO: start time :12004 (:12002,:12006)
[Sat Apr 29 2023 04:34:05.857094] d LSUPDATE :12006 6 1 13 {:12004_1} TODO: start time :12004 (:12002,:12006)
	[3]	TTL: 7
	[3]	Flood: 1;reason=1
	[3]	MessageID: :12002_139_1682768045.853978
	[3]	From: :12002
	[3]	OriginStartTime: TODO: start time
	[3]	OriginStartTime: TODO: start time
	[2]	353NET/1.0 LSUPDATE
	[3]	Content-Length: 20
	[2]	TTL: 7
	[3]	
	[2]	Flood: 1;reason=3
	[2]	MessageID: :12004_13_1	[2]	MessageID: :12004_13_1682768045.855297
	[2]	From: :12004
	[2]	OriginStartTime: TODO: start time
	[2]	Content-Length: 13
	[2]	
	[2]	:12002,:12006
[Sat Apr 29 2023 04:34:05.857797] r LSUPDATE :12004 7 1 13 {:12004_1} TODO: start time :12004 (:12002,:12006)
[Sat Apr 29 2023 04:34:05.857835] r LSUPDATE :12006 6 1 13 {:12004_1} TODO: start time :12004 (:12002,:12006)
[Sat Apr 29 2023 04:34:05.858214] r LSUPDATE :12004 7 1 13 {:12004_2} TODO: start time :12004 (:12002,:12006)
[Sat Apr 29 2023 04:34:05.858270] r LSUPDATE :12006 6 1 13 {:12004_2} TODO: start time :12004 (:12002,:12006)
[Sat Apr 29 2023 04:34:05.858561] d LSUPDATE :12006 6 1 13 {:12004_1} TODO: start time :12004 (:12002,:12006)
	[2]	353NET/1.0 LSUPDATE
	[2]	TTL: 7
.0 LSUPDATE
[Sat Apr 29 2023 04:34:05.858602] r LSUPDATE :12002 7 1 20 {:12002_1} TODO: start time :12002 (:12000,:12010,:12004)
	[2]	TTL: 7
	[2]	Flood: 1;reason=1
	[2]	MessageID: :12004_18_1682768045.855824
	[2]	From: :12004
	[2]	OriginStartTime: TODO: start time
	[2]	Content-Length: 13
	[2]	Content-Length: 13
[Sat Apr 29 2023 04:34:05.858813] r LSUPDATE :12006 6 1 20 {:12002_1} TODO: start time :12002 (:12000,:12010,:12004)
	[2]	
	[2]	:12002,:12006
[Sat Apr 29 2023 04:34:05.858878] d LSUPDATE :12006 6 1 13 {:12004_2} TODO: start time :12004 (:12002,:12006)
	[2]	353NET/1.0 LSUPDATE
	[2]	TTL: 7
	[2]	Flood: 1;reason=3
	[2]	MessageID: :12004_23_1682768045.856317
	[2]	From: :12004
	[2]	OriginStartTime: TODO: start time
	[2]	Content-Length: 13
	[2]	
	[2]	:12002,:12006
[Sat Apr 29 2023 04:34:05.859011] d LSUPDATE :12006 6 1 20 {:12002_1} TODO: start time :12002 (:12000,:12010,:12004)
	[2]	353NET/1.0 LSUPDATE
	[2]	TTL: 7
	[2]	Flood: 1;reason=3
	[2]	MessageID: :12002_148_1682768045.857132
	[2]	From: :12002
	[2]	OriginStartTime: TODO: start time
	[2]	Content-Length: 20
	[2]	
	[2]	:12000,:12010,:12004
[Sat Apr 29 2023 04:34:05.859359] r LSUPDATE :12006 7 1 13 {:12006_1} TODO: start time :12006 (:12008,:12004)
[Sat Apr 29 2023 04:34:05.859397] r LSUPDATE :12006 6 1 13 {:12006_1} TODO: start time :12006 (:12008,:12004)
[Sat Apr 29 2023 04:34:05.859794] r LSUPDATE :12004 7 1 13 {:12004_6} TODO: start time :12004 (:12002,:12006)
[Sat Apr 29 2023 04:34:05.859813] r LSUPDATE :12006 6 1 13 {:12004_6} TODO: start time :12004 (:12002,:12006)
[Sat Apr 29 2023 04:34:05.859840] d LSUPDATE :12006 6 1 13 {:12004_6} TODO: start time :12004 (:12002,:12006)
	[3]	353NET/1.0 LSUPDATE
	[3]	TTL: 7
	[3]	Flood: 1;reason=1
	[3]	MessageID: :12004_6_1682768045.854700
	[3]	From: :12004
	[3]	OriginStartTime: TODO: start time
	[3]	Content-Length: 13
	[3]	
	[3]	:12002,:12006
[Sat Apr 29 2023 04:34:05.860266] r LSUPDATE :12002 7 1 20 {:12002_1} TODO: start time :12002 (:12000,:12010,:12004)
[Sat Apr 29 2023 04:34:05.860283] r LSUPDATE :12006 6 1 20 {:12002_1} TODO: start time :12002 (:12000,:12010,:12004)
[Sat Apr 29 2023 04:34:05.860337] d LSUPDATE :12006 6 1 20 {:12002_1} TODO: start time :12002 (:12000,:12010,:12004)
	[3]	353NET/1.0 LSUPDATE
	[3]	353NET/1.0 LSUPDATE
[Sat Apr 29 2023 04:34:05.860405] r LSUPDATE :12004 7 1 13 {:12004_1} TODO: start time :12004 (:12002,:12006)
	[3]	TTL: 7
	[3]	Flood: 1;reason=3
	[3]	MessageID: :12002_146_1682768045.857065
	[3]	MessageID: :12002_146_1682768045.857065
[Sat Apr 29 2023 04:34:05.860422] r LSUPDATE :12006 6 1 13 {:12004_1} TODO: start time :12004 (:12002,:12006)
	[3]	From: :12002
	[3]	OriginStartTime: TODO: start time
	[3]	Content-Length: 20
	[3]	
	[3]	:12000,:12010,:12004
[Sat Apr 29 2023 04:34:05.860451] d LSUPDATE :12006 6 1 13 {:12004_1} TODO: start time :12004 (:12002,:12006)
	[3]	353NET/1.0 LSUPDATE
	[3]	TTL: 7
	[3]	Flood: 1;reason=3
	[3]	MessageID: :12004_11_1682768045.855225
	[3]	From: :12004
	[3]	OriginStartTime: TODO: start time
	[3]	Content-Length: 13
	[3]	
	[3]	:12002,:12006
[Sat Apr 29 2023 04:34:05.860971] r LSUPDATE :12006 7 1 13 {:12006_1} TODO: start time :12006 (:12008,:12004)
[Sat Apr 29 2023 04:34:05.860991] r LSUPDATE :12006 6 1 13 {:12006_1} TODO: start time :12006 (:12008,:12004)
[Sat Apr 29 2023 04:34:05.911216] r LSUPDATE :12004 7 1 13 {:12004_1} TODO: start time :12004 (:12002,:12006)
[Sat Apr 29 2023 04:34:05.911276] r LSUPDATE :12006 6 1 13 {:12004_1} TODO: start time :12004 (:12002,:12006)
[Sat Apr 29 2023 04:34:05.911495] d LSUPDATE :12006 6 1 13 {:12004_1} TODO: start time :12004 (:12002,:12006)
[Sat Apr 29 2023 04:34:05.911645] r LSUPDATE :12006 7 1 13 {:12006_1} TODO: start time :12006 (:12008,:12004)
[Sat Apr 29 2023 04:34:05.911645] r LSUPDATE :12006 7 1 13 {:12006_1} TODO: start time :12006 (:12008,:12004)
	[3]	353NET/1.0 LSUPDATE
	[3]	TTL: 7
[Sat Apr 29 2023 04:34:05.911690] r LSUPDATE :12006 6 1 13 {:12006_1} TODO: start time :12006 (:12008,:12004)
[Sat Apr 29 2023 04:34:05.911690] r LSUPDATE :12006 6 1 13 {:12006_1} TODO: start time :12006 (:12008,:12004)
	[3]	Flood: 1;reason=1
	[3]	MessageID: :12004_16_1682768045.855812
	[3]	From: :12004
	[3]	OriginStartTime: TODO: start time
	[3]	Content-Length: 13
	[3]	
	[3]	:12002,:12006
[Sat Apr 29 2023 04:34:05.911962] r LSUPDATE :12004 7 1 13 {:12004_2} TODO: start time :12004 (:12002,:12006)
[Sat Apr 29 2023 04:34:05.912018] r LSUPDATE :12006 6 1 13 {:12004_2} TODO: start time :12004 (:12002,:12006)
[Sat Apr 29 2023 04:34:05.912214] d LSUPDATE :12006 6 1 13 {:12004_2} TODO: start time :12004 (:12002,:12006)
[Sat Apr 29 2023 04:34:05.912376] r LSUPDATE :12006 7 1 13 {:12006_1} TODO: start time :12006 (:12008,:12004)
	[3]	353NET/1.0 LSUPDATE
[Sat Apr 29 2023 04:34:05.912419] r LSUPDATE :12006 6 1 13 {:12006_1} TODO: start time :12006 (:12008,:12004)
[Sat Apr 29 2023 04:34:05.912419] r LSUPDATE :12006 6 1 13 {:12006_1} TODO: start time :12006 (:12008,:12004)
	[3]	TTL: 7
	[3]	Flood: 1;reason=3
	[3]	MessageID: :12004_21_1682768045.856306
	[3]	From: :12004
	[3]	OriginStartTime: TODO: start time
	[3]	Content-Length: 13
	[3]	
	[3]	:12002,:12006
	[3]	353NET/1.0 UCASTAPP
	[3]	TTL: 1
	[3]	Flood: 0
	[3]	MessageID: :12006_141_1682768063.740725
	[3]	From: :12006
	[3]	To: :12000
	[3]	Next-Layer: 1
	[3]	Content-Length: 44
	[3]	
	[3]	353UDT/1.0 PING :12006_139_1682768063.740443
[Sat Apr 29 2023 04:34:25.090580] r LSUPDATE :12004 7 1 6 {:12004_4} TODO: start time :12004 (:12006)
[Sat Apr 29 2023 04:34:25.090656] r LSUPDATE :12006 6 1 6 {:12004_4} TODO: start time :12004 (:12006)
[Sat Apr 29 2023 04:34:25.090889] i LSUPDATE :12006 7 1 13 {:12006_1} TODO: start time :12006 (:12008,:12004)
	[3]	353NET/1.0 LSUPDATE
	[3]	TTL: 7
	[3]	Flood: 1;reason=2
	[3]	MessageID: :12006_147_1682768065.090857
	[3]	From: :12006
006_147_1682768065.090857
[Sat Apr 29 2023 04:34:25.090972] d LSUPDATE :12006 6 1 6 {:12004_4} TODO: start time :12004 (:12006)
	[3]	From: :12006
	[3]	OriginStartTime: TODO: start time
	[3]	Content-Length: 13
	[3]	
	[3]	:12008,:12004
[Sat Apr 29 2023 04:34:25.091071] Socket-writing thread has terminated
	[2]	353NET/1.0 LSUPDATE
	[2]	TTL: 7
	[2]	Flood: 1;reason=2
	[2]	MessageID: :12004_42_1682768065.089377
	[2]	From: :12004
	[2]	OriginStartTime: TODO: start time
	[2]	Content-Length: 6
	[2]	
	[2]	:12006
[Sat Apr 29 2023 04:34:25.091225] i LSUPDATE :12006 7 1 13 {:12006_1} TODO: start time :12006 (:12008,:12004)
	[2]	353NET/1.0 LSUPDATE
	[2]	TTL: 7
	[2]	Flood: 1;reason=2
	[2]	MessageID: :12006_145_1682768065.090844
	[2]	From: :12006
	[2]	OriginStartTime: TODO: start time
	[2]	Content-Length: 13
	[2]	
	[2]	:12008,:12004
[Sat Apr 29 2023 04:34:25.091514] Socket-reading thread has joined with socket-writing thread
[Sat Apr 29 2023 04:34:25.091888] r LSUPDATE :12002 7 1 20 {:12002_1} TODO: start time :12002 (:12000,:12010,:12004)
[Sat Apr 29 2023 04:34:25.091934] r LSUPDATE :12006 6 1 20 {:12002_1} TODO: start time :12002 (:12000,:12010,:12004)
[Sat Apr 29 2023 04:34:25.093175] r LSUPDATE :12008 7 1 13 {:12008_1} TODO: start time :12008 (:12006,:12010)
[Sat Apr 29 2023 04:34:25.093232] r LSUPDATE :12006 6 1 13 {:12008_1} TODO: start time :12008 (:12006,:12010)
[Sat Apr 29 2023 04:34:25.093412] i LSUPDATE :12006 7 1 6 {:12006_1} TODO: start time :12006 (:12008)
	[2]	353NET/1.0 LSUPDATE
	[2]	TTL: 7
	[2]	Flood: 1;reason=3
	[2]	MessageID: :12006_151_1682768065.093282
	[2]	From: :12006
	[2]	OriginStartTime: TODO: start time
	[2]	Content-Length: 6
	[2]	
	[2]	:12008
[Sat Apr 29 2023 04:34:25.094007] r LSUPDATE :12000 7 1 6 {:12000_1} TODO: start time :12000 (:12002)
[Sat Apr 29 2023 04:34:25.094055] r LSUPDATE :12006 6 1 6 {:12000_1} TODO: start time :12000 (:12002)
[Sat Apr 29 2023 04:34:25.094901] r LSUPDATE :12008 7 1 13 {:12008_1} TODO: start time :12008 (:12006,:12010)
[Sat Apr 29 2023 04:34:25.094946] r LSUPDATE :12006 6 1 13 {:12008_1} TODO: start time :12008 (:12006,:12010)
[Sat Apr 29 2023 04:34:25.142838] r LSUPDATE :12010 7 1 13 {:12010_1} TODO: start time :12010 (:12002,:12008)
[Sat Apr 29 2023 04:34:25.142903] r LSUPDATE :12006 6 1 13 {:12010_1} TODO: start time :12010 (:12002,:12008)
[Sat Apr 29 2023 04:34:25.143223] r LSUPDATE :12002 7 1 13 {:12002_1} TODO: start time :12002 (:12000,:12010)
[Sat Apr 29 2023 04:34:25.143266] r LSUPDATE :12006 6 1 13 {:12002_1} TODO: start time :12002 (:12000,:12010)
[Sat Apr 29 2023 04:34:25.143372] i LSUPDATE :12006 7 1 6 {:12006_1} TODO: start time :12006 (:12008)
	[2]	353NET/1.0 LSUPDATE
	[2]	TTL: 7
	[2]	Flood: 1;reason=3
	[2]	MessageID: :12006_157_1682768065.143320
	[2]	From: :12006
	[2]	OriginStartTime: TODO: start time
	[2]	Content-Length: 6
	[2]	
	[2]	:12008
[Sat Apr 29 2023 04:34:25.143751] r LSUPDATE :12008 7 1 13 {:12008_1} TODO: start time :12008 (:12006,:12010)
[Sat Apr 29 2023 04:34:25.143793] r LSUPDATE :12006 6 1 13 {:12008_1} TODO: start time :12008 (:12006,:12010)
[Sat Apr 29 2023 04:34:25.144110] r LSUPDATE :12010 7 1 13 {:12010_1} TODO: start time :12010 (:12002,:12008)
[Sat Apr 29 2023 04:34:25.144149] r LSUPDATE :12006 6 1 13 {:12010_1} TODO: start time :12010 (:12002,:12008)
[Sat Apr 29 2023 04:34:25.144517] r LSUPDATE :12002 7 1 13 {:12002_1} TODO: start time :12002 (:12000,:12010)
[Sat Apr 29 2023 04:34:25.144567] r LSUPDATE :12006 6 1 13 {:12002_1} TODO: start time :12002 (:12000,:12010)
[Sat Apr 29 2023 04:34:25.144854] r LSUPDATE :12000 7 1 6 {:12000_1} TODO: start time :12000 (:12002)
[Sat Apr 29 2023 04:34:25.144896] r LSUPDATE :12006 6 1 6 {:12000_1} TODO: start time :12000 (:12002)
[Sat Apr 29 2023 04:34:25.145235] r LSUPDATE :12002 7 1 13 {:12002_1} TODO: start time :12002 (:12000,:12010)
[Sat Apr 29 2023 04:34:25.145275] r LSUPDATE :12006 6 1 13 {:12002_1} TODO: start time :12002 (:12000,:12010)
[Sat Apr 29 2023 04:34:25.145595] r LSUPDATE :12002 7 1 13 {:12002_1} TODO: start time :12002 (:12000,:12010)
[Sat Apr 29 2023 04:34:25.145634] r LSUPDATE :12006 6 1 13 {:12002_1} TODO: start time :12002 (:12000,:12010)
[Sat Apr 29 2023 04:34:25.145919] r LSUPDATE :12000 7 1 6 {:12000_1} TODO: start time :12000 (:12002)
[Sat Apr 29 2023 04:34:25.145958] r LSUPDATE :12006 6 1 6 {:12000_1} TODO: start time :12000 (:12002)
[Sat Apr 29 2023 04:34:25.146146] r LSUPDATE :12000 7 1 6 {:12000_1} TODO: start time :12000 (:12002)
[Sat Apr 29 2023 04:34:25.146166] r LSUPDATE :12006 6 1 6 {:12000_1} TODO: start time :12000 (:12002)
	[2]	353NET/1.0 UCASTAPP
	[2]	TTL: 2
	[2]	Flood: 0
	[2]	MessageID: :12006_168_1682768066.841734
	[2]	From: :12006
	[2]	To: :12000
	[2]	Next-Layer: 1
	[2]	Content-Length: 44
	[2]	
	[2]	353UDT/1.0 PING :12006_166_1682768066.841521
	[2]	353NET/1.0 UCASTAPP
	[2]	TTL: 3
	[2]	Flood: 0
	[2]	MessageID: :12006_172_1682768069.943163
	[2]	From: :12006
	[2]	To: :12000
	[2]	Next-Layer: 1
	[2]	Content-Length: 44
	[2]	
	[2]	353UDT/1.0 PING :12006_170_1682768069.942939
	[2]	353NET/1.0 UCASTAPP
	[2]	TTL: 4
	[2]	Flood: 0
	[2]	MessageID: :12006_176_1682768073.044209
	[2]	From: :12006
	[2]	To: :12000
	[2]	Next-Layer: 1
	[2]	Content-Length: 44
	[2]	
	[2]	353UDT/1.0 PING :12006_174_1682768073.044018
[Sat Apr 29 2023 04:34:48.380114] CONNECT[4]: 127.0.0.1:12006
[Sat Apr 29 2023 04:34:48.381142] r SAYHELLO :12004 1 - 0
[Sat Apr 29 2023 04:34:48.381329] i SAYHELLO :12006 1 - 0
[Sat Apr 29 2023 04:34:48.381436] i LSUPDATE :12006 7 1 13 {:12006_1} TODO: start time :12006 (:12008,:12004)
	[2]	353NET/1.0 LSUPDATE
	[2]	TTL: 7
	[2]	Flood: 1;reason=1
	[2]	MessageID: :12006_181_1682768088.381318
	[2]	From: :12006
006_181_1682768088.381318
	[4]	353NET/1.0 SAYHELLO
	[2]	From: :12006
	[4]	TTL: 0
	[2]	OriginStartTime: TODO: start time
	[4]	Flood: 0
	[2]	Content-Length: 13
	[4]	From: :12006
	[2]	
	[4]	Content-Length: 0
 	[2]	:12008,:12004
	[4]	
[Sat Apr 29 2023 04:34:48.381746] i LSUPDATE :12006 7 1 13 {:12006_1} TODO: start time :12006 (:12008,:12004)
	[4]	353NET/1.0 LSUPDATE
	[4]	TTL: 7
	[4]	Flood: 1;reason=1
	[4]	MessageID: :12006_183_1682768088.381416
	[4]	From: :12006
	[4]	OriginStartTime: TODO: start time
	[4]	Content-Length: 13
	[4]	
	[4]	:12008,:12004
[Sat Apr 29 2023 04:34:48.382497] r LSUPDATE :12004 7 1 13 {:12004_8} TODO: start time :12004 (:12002,:12006)
[Sat Apr 29 2023 04:34:48.382546] r LSUPDATE :12006 6 1 13 {:12004_8} TODO: start time :12004 (:12002,:12006)
[Sat Apr 29 2023 04:34:48.382726] i LSUPDATE :12006 7 1 13 {:12006_1} TODO: start time :12006 (:12008,:12004)
[Sat Apr 29 2023 04:34:48.382846] r LSUPDATE :12002 7 1 20 {:12002_2} TODO: start time :12002 (:12000,:12010,:12004)
[Sat Apr 29 2023 04:34:48.382913] r LSUPDATE :12006 6 1 20 {:12002_2} TODO: start time :12002 (:12000,:12010,:12004)
	[4]	353NET/1.0 LSUPDATE
	[4]	TTL: 7
	[4]	Flood: 1;reason=3
	[4]	MessageID: :12006_188_1682768088.382628
	[4]	From: :12006
	[4]	OriginStartTime: TODO: start time
	[4]	Content-Length: 13
	[4]	
	[4]	:12008,:12004
[Sat Apr 29 2023 04:34:48.383329] d LSUPDATE :12006 6 1 20 {:12002_2} TODO: start time :12002 (:12000,:12010,:12004)
[Sat Apr 29 2023 04:34:48.383332] r LSUPDATE :12004 7 1 13 {:12004_1} TODO: start time :12004 (:12002,:12006)
	[4]	353NET/1.0 LSUPDATE
[Sat Apr 29 2023 04:34:48.383403] r LSUPDATE :12006 6 1 13 {:12004_1} TODO: start time :12004 (:12002,:12006)
[Sat Apr 29 2023 04:34:48.383403] r LSUPDATE :12006 6 1 13 {:12004_1} TODO: start time :12004 (:12002,:12006)
	[4]	TTL: 7
	[4]	Flood: 1;reason=1
	[4]	MessageID: :12002_209_1682768088.380578
	[4]	From: :12002
	[4]	OriginStartTime: TODO: start time
	[4]	Content-Length: 20
	[4]	
	[4]	:12000,:12010,:12004
[Sat Apr 29 2023 04:34:48.383766] d LSUPDATE :12006 6 1 13 {:12004_8} TODO: start time :12004 (:12002,:12006)
[Sat Apr 29 2023 04:34:48.383811] r LSUPDATE :12002 7 1 20 {:12002_2} TODO: start time :12002 (:12000,:12010,:12004)
	[2]	353NET/1.0 LSUPDATE
	[2]	TTL: 7
	[2]	Flood: 1;reason=1
	[2]	MessageID: :12004_8_1682768088.381339
	[2]	From: :12004
004_8_1682768088.381339
[Sat Apr 29 2023 04:34:48.383863] r LSUPDATE :12006 6 1 20 {:12002_2} TODO: start time :12002 (:12000,:12010,:12004)
	[2]	From: :12004
	[2]	OriginStartTime: TODO: start time
	[2]	Content-Length: 13
	[2]	
	[2]	:12002,:12006
[Sat Apr 29 2023 04:34:48.383957] i LSUPDATE :12006 7 1 13 {:12006_1} TODO: start time :12006 (:12008,:12004)
	[2]	353NET/1.0 LSUPDATE
	[2]	TTL: 7
	[2]	Flood: 1;reason=3
	[2]	MessageID: :12006_186_1682768088.382617
	[2]	From: :12006
	[2]	OriginStartTime: TODO: start time
	[2]	Content-Length: 13
	[2]	
	[2]	:12008,:12004
[Sat Apr 29 2023 04:34:48.384112] d LSUPDATE :12006 6 1 13 {:12004_1} TODO: start time :12004 (:12002,:12006)
	[2]	353NET/1.0 LSUPDATE
	[2]	TTL: 7
	[2]	Flood: 1;reason=1
	[2]	MessageID: :12004_13_1682768088.381807
	[2]	From: :12004
	[2]	OriginStartTime: TODO: start time
	[2]	Content-Length: 13
	[2]	
ntent-Length: 13
[Sat Apr 29 2023 04:34:48.384181] r LSUPDATE :12004 7 1 13 {:12004_1} TODO: start time :12004 (:12002,:12006)
	[2]	
	[2]	:12002,:12006
[Sat Apr 29 2023 04:34:48.384238] r LSUPDATE :12006 6 1 13 {:12004_1} TODO: start time :12004 (:12002,:12006)
[Sat Apr 29 2023 04:34:48.384251] d LSUPDATE :12006 6 1 20 {:12002_2} TODO: start time :12002 (:12000,:12010,:12004)
	[2]	353NET/1.0 LSUPDATE
	[2]	TTL: 7
	[2]	Flood: 1;reason=1
	[2]	MessageID: :12002_211_1682768088.380649
	[2]	From: :12002
	[2]	OriginStartTime: TODO: start time
	[2]	Content-Length: 20
	[2]	
	[2]	:12000,:12010,:12004
[Sat Apr 29 2023 04:34:48.384376] d LSUPDATE :12006 6 1 13 {:12004_1} TODO: start time :12004 (:12002,:12006)
	[2]	353NET/1.0 LSUPDATE
	[2]	TTL: 7
	[2]	Flood: 1;reason=3
	[2]	MessageID: :12004_18_1682768088.382156
	[2]	From: :12004
	[2]	OriginStartTime: TODO: start time
	[2]	Content-Length: 13
	[2]	
	[2]	:12002,:12006
[Sat Apr 29 2023 04:34:48.384564] r LSUPDATE :12004 7 1 13 {:12004_2} TODO: start time :12004 (:12002,:12006)
[Sat Apr 29 2023 04:34:48.384614] r LSUPDATE :12006 6 1 13 {:12004_2} TODO: start time :12004 (:12002,:12006)
[Sat Apr 29 2023 04:34:48.384683] d LSUPDATE :12006 6 1 13 {:12004_2} TODO: start time :12004 (:12002,:12006)
	[2]	353NET/1.0 LSUPDATE
	[2]	TTL: 7
	[2]	Flood: 1;reason=3
	[2]	MessageID: :12004_23_1682768088.382361
	[2]	From: :12004
	[2]	OriginStartTime: TODO: start time
	[2]	Content-Length: 13
	[2]	
	[2]	:12002,:12006
[Sat Apr 29 2023 04:34:48.384851] r LSUPDATE :12002 7 1 20 {:12002_2} TODO: start time :12002 (:12000,:12010,:12004)
[Sat Apr 29 2023 04:34:48.384870] r LSUPDATE :12006 6 1 20 {:12002_2} TODO: start time :12002 (:12000,:12010,:12004)
[Sat Apr 29 2023 04:34:48.384917] d LSUPDATE :12006 6 1 20 {:12002_2} TODO: start time :12002 (:12000,:12010,:12004)
	[2]	353NET/1.0 LSUPDATE
	[2]	TTL: 7
	[2]	Flood: 1;reason=3
	[2]	MessageID: :12002_218_1682768088.382695
	[2]	From: :12002
	[2]	OriginStartTime: TODO: start time
	[2]	Content-Length: 20
	[2]	
	[2]	:12000,:12010,:12004
[Sat Apr 29 2023 04:34:48.385000] r LSUPDATE :12006 7 1 13 {:12006_1} TODO: start time :12006 (:12008,:12004)
[Sat Apr 29 2023 04:34:48.385022] r LSUPDATE :12006 6 1 13 {:12006_1} TODO: start time :12006 (:12008,:12004)
[Sat Apr 29 2023 04:34:48.385173] r LSUPDATE :12000 7 1 6 {:12000_1} TODO: start time :12000 (:12002)
[Sat Apr 29 2023 04:34:48.385193] r LSUPDATE :12006 6 1 6 {:12000_1} TODO: start time :12000 (:12002)
[Sat Apr 29 2023 04:34:48.385267] d LSUPDATE :12006 6 1 6 {:12000_1} TODO: start time :12000 (:12002)
	[2]	353NET/1.0 LSUPDATE
	[2]	TTL: 7
	[2]	Flood: 1;reason=3
	[2]	MessageID: :12000_133_1682768088.382811
	[2]	From: :12000
	[2]	OriginStartTime: TODO: start time
	[2]	Content-Length: 6
	[2]	
	[2]	:12002
[Sat Apr 29 2023 04:34:48.385364] r LSUPDATE :12004 7 1 13 {:12004_3} TODO: start time :12004 (:12002,:12006)
[Sat Apr 29 2023 04:34:48.385382] r LSUPDATE :12006 6 1 13 {:12004_3} TODO: start time :12004 (:12002,:12006)
[Sat Apr 29 2023 04:34:48.385470] d LSUPDATE :12006 6 1 13 {:12004_3} TODO: start time :12004 (:12002,:12006)
	[2]	353NET/1.0 LSUPDATE
	[2]	TTL: 7
	[2]	Flood: 1;reason=3
	[2]	MessageID: :12004_32_1682768088.384928
	[2]	From: :12004
	[2]	OriginStartTime: TODO: start time
	[2]	Content-Length: 13
	[2]	
	[2]	:12002,:12006
[Sat Apr 29 2023 04:34:48.386196] r LSUPDATE :12004 7 1 13 {:12004_6} TODO: start time :12004 (:12002,:12006)
[Sat Apr 29 2023 04:34:48.386218] r LSUPDATE :12006 6 1 13 {:12004_6} TODO: start time :12004 (:12002,:12006)
[Sat Apr 29 2023 04:34:48.386362] r LSUPDATE :12008 7 1 13 {:12008_1} TODO: start time :12008 (:12006,:12010)
[Sat Apr 29 2023 04:34:48.386380] r LSUPDATE :12006 6 1 13 {:12008_1} TODO: start time :12008 (:12006,:12010)
[Sat Apr 29 2023 04:34:48.386411] d LSUPDATE :12006 6 1 13 {:12004_6} TODO: start time :12004 (:12002,:12006)
	[4]	353NET/1.0 LSUPDATE
	[4]	TTL: 7
	[4]	TTL: 7
[Sat Apr 29 2023 04:34:48.386634] r LSUPDATE :12010 7 1 13 {:12010_1} TODO: start time :12010 (:12002,:12008)
	[4]	Flood: 1;reason=1
	[4]	Flood: 1;reason=1
[Sat Apr 29 2023 04:34:48.386654] r LSUPDATE :12006 6 1 13 {:12010_1} TODO: start time :12010 (:12002,:12008)
	[4]	MessageID: :12004_6_1682768088.381231
	[4]	From: :12004
	[4]	OriginStartTime: TODO: start time
	[4]	Content-Length: 13
	[4]	
	[4]	:12002,:12006
[Sat Apr 29 2023 04:34:48.386766] d LSUPDATE :12006 6 1 13 {:12008_1} TODO: start time :12008 (:12006,:12010)
[Sat Apr 29 2023 04:34:48.386891] r LSUPDATE :12010 7 1 13 {:12010_1} TODO: start time :12010 (:12002,:12008)
[Sat Apr 29 2023 04:34:48.386908] r LSUPDATE :12006 6 1 13 {:12010_1} TODO: start time :12010 (:12002,:12008)
[Sat Apr 29 2023 04:34:48.387044] d LSUPDATE :12006 6 1 13 {:12010_1} TODO: start time :12010 (:12002,:12008)
[Sat Apr 29 2023 04:34:48.387066] r LSUPDATE :12004 7 1 13 {:12004_3} TODO: start time :12004 (:12002,:12006)
[Sat Apr 29 2023 04:34:48.387066] r LSUPDATE :12004 7 1 13 {:12004_3} TODO: start time :12004 (:12002,:12006)
	[2]	353NET/1.0 LSUPDATE
	[2]	TTL: 7
	[2]	Flood: 1;reason=3
[Sat Apr 29 2023 04:34:48.387085] r LSUPDATE :12006 6 1 13 {:12004_3} TODO: start time :12004 (:12002,:12006)
[Sat Apr 29 2023 04:34:48.387085] r LSUPDATE :12006 6 1 13 {:12004_3} TODO: start time :12004 (:12002,:12006)
	[2]	MessageID: :12010_141_1682768088.385456
	[2]	From: :12010
	[2]	OriginStartTime: TODO: start time
	[2]	Content-Length: 13
	[2]	
	[2]	:12002,:12008
[Sat Apr 29 2023 04:34:48.387118] d LSUPDATE :12006 6 1 13 {:12004_3} TODO: start time :12004 (:12002,:12006)
	[2]	353NET/1.0 LSUPDATE
	[2]	TTL: 7
	[2]	Flood: 1;reason=3
	[2]	MessageID: :12004_37_1682768088.386606
	[2]	From: :12004
	[2]	OriginStartTime: TODO: start time
	[2]	Content-Length: 13
	[2]	
	[2]	:12002,:12006
[Sat Apr 29 2023 04:34:48.387216] r LSUPDATE :12008 7 1 13 {:12008_1} TODO: start time :12008 (:12006,:12010)
[Sat Apr 29 2023 04:34:48.387231] r LSUPDATE :12006 6 1 13 {:12008_1} TODO: start time :12008 (:12006,:12010)
[Sat Apr 29 2023 04:34:48.387290] d LSUPDATE :12006 6 1 13 {:12008_1} TODO: start time :12008 (:12006,:12010)
	[2]	353NET/1.0 LSUPDATE
	[2]	TTL: 7
	[2]	Flood: 1;reason=3
	[2]	MessageID: :12008_139_1682768088.385757
	[2]	From: :12008
	[2]	OriginStartTime: TODO: start time
	[2]	Content-Length: 13
	[2]	
	[2]	:12006,:12010
[Sat Apr 29 2023 04:34:48.387359] r LSUPDATE :12004 7 1 13 {:12004_4} TODO: start time :12004 (:12002,:12006)
[Sat Apr 29 2023 04:34:48.387375] r LSUPDATE :12006 6 1 13 {:12004_4} TODO: start time :12004 (:12002,:12006)
[Sat Apr 29 2023 04:34:48.387431] d LSUPDATE :12006 6 1 13 {:12004_4} TODO: start time :12004 (:12002,:12006)
	[2]	353NET/1.0 LSUPDATE
	[2]	TTL: 7
	[2]	Flood: 1;reason=3
	[2]	MessageID: :12004_43_1682768088.386989
	[2]	From: :12004
	[2]	OriginStartTime: TODO: start time
	[2]	Content-Length: 13
	[2]	
	[2]	:12002,:12006
	[4]	353NET/1.0 LSUPDATE
	[4]	TTL: 7
	[4]	Flood: 1;reason=3
	[4]	MessageID: :12008_137_1682768088.385753
	[4]	From: :12008
	[4]	OriginStartTime: TODO: start time
	[4]	Content-Length: 13
	[4]	
	[4]	:12006,:12010
[Sat Apr 29 2023 04:34:48.387579] d LSUPDATE :12006 6 1 13 {:12010_1} TODO: start time :12010 (:12002,:12008)
	[4]	353NET/1.0 LSUPDATE
	[4]	TTL: 7
	[4]	Flood: 1;reason=3
	[4]	MessageID: :12010_143_1682768088.385667
	[4]	From: :12010
	[4]	OriginStartTime: TODO: start time
	[4]	Content-Length: 13
	[4]	
	[4]	:12002,:12008
[Sat Apr 29 2023 04:34:48.389317] r LSUPDATE :12002 7 1 20 {:12002_2} TODO: start time :12002 (:12000,:12010,:12004)
[Sat Apr 29 2023 04:34:48.389359] r LSUPDATE :12006 6 1 20 {:12002_2} TODO: start time :12002 (:12000,:12010,:12004)
[Sat Apr 29 2023 04:34:48.389562] r LSUPDATE :12004 7 1 13 {:12004_1} TODO: start time :12004 (:12002,:12006)
[Sat Apr 29 2023 04:34:48.389597] r LSUPDATE :12006 6 1 13 {:12004_1} TODO: start time :12004 (:12002,:12006)
[Sat Apr 29 2023 04:34:48.390451] r LSUPDATE :12004 7 1 13 {:12004_1} TODO: start time :12004 (:12002,:12006)
[Sat Apr 29 2023 04:34:48.390568] r LSUPDATE :12006 6 1 13 {:12004_1} TODO: start time :12004 (:12002,:12006)
[Sat Apr 29 2023 04:34:48.390634] r LSUPDATE :12006 7 1 13 {:12006_1} TODO: start time :12006 (:12008,:12004)
[Sat Apr 29 2023 04:34:48.390665] r LSUPDATE :12006 6 1 13 {:12006_1} TODO: start time :12006 (:12008,:12004)
[Sat Apr 29 2023 04:34:48.390457] d LSUPDATE :12006 6 1 20 {:12002_2} TODO: start time :12002 (:12000,:12010,:12004)
[Sat Apr 29 2023 04:34:48.390972] r LSUPDATE :12006 7 1 13 {:12006_1} TODO: start time :12006 (:12008,:12004)
[Sat Apr 29 2023 04:34:48.391016] r LSUPDATE :12006 6 1 13 {:12006_1} TODO: start time :12006 (:12008,:12004)
	[4]	353NET/1.0 LSUPDATE
	[4]	TTL: 7
	[4]	Flood: 1;reason=3
	[4]	MessageID: :12002_216_1682768088.382683
	[4]	From: :12002
	[4]	OriginStartTime: TODO: start time
	[4]	Content-Length: 20
	[4]	
	[4]	:12000,:12010,:12004
[Sat Apr 29 2023 04:34:48.391251] d LSUPDATE :12006 6 1 13 {:12004_1} TODO: start time :12004 (:12002,:12006)
	[4]	353NET/1.0 LSUPDATE
	[4]	TTL: 7
	[4]	Flood: 1;reason=1
	[4]	MessageID: :12004_11_1682768088.381782
	[4]	From: :12004
	[4]	OriginStartTime: TODO: start time
	[4]	Content-Length: 13
	[4]	
	[4]	:12002,:12006
[Sat Apr 29 2023 04:34:48.391601] d LSUPDATE :12006 6 1 13 {:12004_1} TODO: start time :12004 (:12002,:12006)
	[4]	353NET/1.0 LSUPDATE
	[4]	TTL: 7
	[4]	Flood: 1;reason=3
	[4]	MessageID: :12004_16_1682768088.382135
	[4]	From: :12004
	[4]	OriginStartTime: TODO: start time
	[4]	Content-Length: 13
	[4]	
	[4]	:12002,:12006
[Sat Apr 29 2023 04:34:48.391904] r LSUPDATE :12004 7 1 13 {:12004_2} TODO: start time :12004 (:12002,:12006)
[Sat Apr 29 2023 04:34:48.391935] r LSUPDATE :12006 6 1 13 {:12004_2} TODO: start time :12004 (:12002,:12006)
[Sat Apr 29 2023 04:34:48.392097] d LSUPDATE :12006 6 1 13 {:12004_2} TODO: start time :12004 (:12002,:12006)
	[4]	353NET/1.0 LSUPDATE
	[4]	TTL: 7
	[4]	Flood: 1;reason=3
	[4]	MessageID: :12004_21_1682768088.382351
4:48.392267] r LSUPDATE :12006 7 1 13 {:12006_1} TODO: start time :12006 (:12008,:12004)
	[4]	MessageID: :12004_21_1682768088.382351
	[4]	From: :12004
	[4]	OriginStartTime: TODO: start time
[Sat Apr 29 2023 04:34:48.392314] r LSUPDATE :12006 6 1 13 {:12006_1} TODO: start time :12006 (:12008,:12004)
[Sat Apr 29 2023 04:34:48.392314] r LSUPDATE :12006 6 1 13 {:12006_1} TODO: start time :12006 (:12008,:12004)
	[4]	Content-Length: 13
	[4]	
	[4]	:12002,:12006
[Sat Apr 29 2023 04:34:48.392568] r LSUPDATE :12004 7 1 13 {:12004_3} TODO: start time :12004 (:12002,:12006)
[Sat Apr 29 2023 04:34:48.392603] r LSUPDATE :12006 6 1 13 {:12004_3} TODO: start time :12004 (:12002,:12006)
[Sat Apr 29 2023 04:34:48.392803] d LSUPDATE :12006 6 1 13 {:12004_3} TODO: start time :12004 (:12002,:12006)
[Sat Apr 29 2023 04:34:48.392976] r LSUPDATE :12004 7 1 13 {:12004_3} TODO: start time :12004 (:12002,:12006)
[Sat Apr 29 2023 04:34:48.393012] r LSUPDATE :12006 6 1 13 {:12004_3} TODO: start time :12004 (:12002,:12006)
	[4]	353NET/1.0 LSUPDATE
	[4]	TTL: 7
	[4]	Flood: 1;reason=3
	[4]	MessageID: :12004_30_1682768088.384920
	[4]	From: :12004
	[4]	OriginStartTime: TODO: start time
	[4]	Content-Length: 13
	[4]	
	[4]	:12002,:12006
[Sat Apr 29 2023 04:34:48.393116] d LSUPDATE :12006 6 1 13 {:12004_3} TODO: start time :12004 (:12002,:12006)
	[4]	353NET/1.0 LSUPDATE
	[4]	TTL: 7
	[4]	Flood: 1;reason=3
	[4]	MessageID: :12004_35_1682768088.386600
	[4]	From: :12004
	[4]	OriginStartTime: TODO: start time
	[4]	Content-Length: 13
	[4]	
	[4]	:12002,:12006
[Sat Apr 29 2023 04:34:48.393370] r LSUPDATE :12004 7 1 13 {:12004_4} TODO: start time :12004 (:12002,:12006)
[Sat Apr 29 2023 04:34:48.393426] r LSUPDATE :12006 6 1 13 {:12004_4} TODO: start time :12004 (:12002,:12006)
[Sat Apr 29 2023 04:34:48.393570] d LSUPDATE :12006 6 1 13 {:12004_4} TODO: start time :12004 (:12002,:12006)
	[4]	353NET/1.0 LSUPDATE
	[4]	TTL: 7
	[4]	Flood: 1;reason=3
	[4]	MessageID: :12004_41_1682768088.386981
	[4]	From: :12004
	[4]	OriginStartTime: TODO: start time
	[4]	Content-Length: 13
	[4]	
	[4]	:12002,:12006
	[4]	353NET/1.0 UCASTAPP
	[4]	TTL: 1
	[4]	Flood: 0
	[4]	MessageID: :12006_217_1682768098.892700
	[4]	From: :12006
	[4]	To: :12000
	[4]	Next-Layer: 1
	[4]	Content-Length: 44
	[4]	
	[4]	353UDT/1.0 PING :12006_215_1682768098.892346
	[4]	353NET/1.0 UCASTAPP
	[4]	TTL: 2
	[4]	Flood: 0
	[4]	MessageID: :12006_221_1682768101.993852
	[4]	From: :12006
	[4]	To: :12000
	[4]	Next-Layer: 1
	[4]	Content-Length: 44
	[4]	
	[4]	353UDT/1.0 PING :12006_219_1682768101.993592
	[4]	353NET/1.0 UCASTAPP
	[4]	TTL: 3
	[4]	Flood: 0
	[4]	MessageID: :12006_225_1682768105.095102
	[4]	From: :12006
	[4]	To: :12000
	[4]	Next-Layer: 1
	[4]	Content-Length: 44
	[4]	
	[4]	353UDT/1.0 PING :12006_223_1682768105.094873
	[4]	353NET/1.0 UCASTAPP
	[4]	TTL: 1
	[4]	Flood: 0
	[4]	MessageID: :12006_229_1682768159.045416
	[4]	From: :12006
	[4]	To: :12000
	[4]	Next-Layer: 1
	[4]	Content-Length: 44
	[4]	
	[4]	353UDT/1.0 PING :12006_227_1682768159.045120
	[4]	353NET/1.0 UCASTAPP
	[4]	TTL: 2
	[4]	Flood: 0
	[4]	MessageID: :12006_233_1682768162.146283
	[4]	From: :12006
	[4]	To: :12000
	[4]	Next-Layer: 1
	[4]	Content-Length: 44
	[4]	
	[4]	353UDT/1.0 PING :12006_231_1682768162.146081
	[4]	353NET/1.0 UCASTAPP
	[4]	TTL: 3
	[4]	Flood: 0
	[4]	MessageID: :12006_237_1682768165.247262
	[4]	From: :12006
	[4]	To: :12000
	[4]	Next-Layer: 1
	[4]	Content-Length: 44
	[4]	
	[4]	353UDT/1.0 PING :12006_235_1682768165.247052
	[4]	353NET/1.0 UCASTAPP
	[4]	TTL: 1
	[4]	Flood: 0
	[4]	MessageID: :12006_241_1682768187.037619
	[4]	From: :12006
	[4]	To: :12000
	[4]	Next-Layer: 1
	[4]	Content-Length: 44
	[4]	
	[4]	353UDT/1.0 PING :12006_239_1682768187.037270
[Sat Apr 29 2023 04:36:28.005915] r LSUPDATE :12004 7 1 6 {:12004_7} TODO: start time :12004 (:12006)
[Sat Apr 29 2023 04:36:28.005982] r LSUPDATE :12006 6 1 6 {:12004_7} TODO: start time :12004 (:12006)
[Sat Apr 29 2023 04:36:28.006275] d LSUPDATE :12006 6 1 6 {:12004_7} TODO: start time :12004 (:12006)
[Sat Apr 29 2023 04:36:28.006394] i LSUPDATE :12006 7 1 13 {:12006_2} TODO: start time :12006 (:12008,:12004)
	[2]	353NET/1.0 LSUPDATE
	[2]	TTL: 7
	[2]	Flood: 1;reason=2
	[2]	Flood: 1;reason=2
	[4]	353NET/1.0 LSUPDATE
	[2]	MessageID: :12004_79_1682768188.004866
	[4]	TTL: 7
	[2]	From: :12004
	[4]	Flood: 1;reason=2
	[2]	OriginStartTime: TODO: start time
	[4]	MessageID: :12006_247_1682768188.006206
	[2]	Content-Length: 6
	[4]	From: :12006
	[4]	Or	[4]	OriginStartTime: TODO: start time
	[2]	:12006
	[4]	Content-Length: 13
	[4]	
	[4]	:12008,:12004
[Sat Apr 29 2023 04:36:28.006637] i LSUPDATE :12006 7 1 13 {:12006_2} TODO: start time :12006 (:12008,:12004)
[Sat Apr 29 2023 04:36:28.006637] i LSUPDATE :12006 7 1 13 {:12006_2} TODO: start time :12006 (:12008,:12004)
[Sat Apr 29 2023 04:36:28.006660] Socket-writing thread has terminated
	[2]	353NET/1.0 LSUPDATE
	[2]	TTL: 7
	[2]	Flood: 1;reason=2
	[2]	MessageID: :12006_245_1682768188.006193
	[2]	From: :12006
	[2]	OriginStartTime: TODO: start time
	[2]	Content-Length: 13
	[2]	
	[2]	:12008,:12004
[Sat Apr 29 2023 04:36:28.006999] Socket-reading thread has joined with socket-writing thread
[Sat Apr 29 2023 04:36:28.051437] r LSUPDATE :12008 7 1 13 {:12008_1} TODO: start time :12008 (:12006,:12010)
[Sat Apr 29 2023 04:36:28.051513] r LSUPDATE :12006 6 1 13 {:12008_1} TODO: start time :12008 (:12006,:12010)
[Sat Apr 29 2023 04:36:28.051897] i LSUPDATE :12006 7 1 6 {:12006_2} TODO: start time :12006 (:12008)
	[2]	353NET/1.0 LSUPDATE
	[2]	TTL: 7
	[2]	Flood: 1;reason=3
	[2]	MessageID: :12006_250_1682768188.051585
	[2]	From: :12006
	[2]	OriginStartTime: TODO: start time
	[2]	Content-Length: 6
	[2]	
	[2]	:12008
[Sat Apr 29 2023 04:36:28.053199] r LSUPDATE :12008 7 1 13 {:12008_1} TODO: start time :12008 (:12006,:12010)
[Sat Apr 29 2023 04:36:28.053257] r LSUPDATE :12006 6 1 13 {:12008_1} TODO: start time :12008 (:12006,:12010)
[Sat Apr 29 2023 04:36:28.054603] r LSUPDATE :12002 7 1 20 {:12002_2} TODO: start time :12002 (:12000,:12010,:12004)
[Sat Apr 29 2023 04:36:28.054685] r LSUPDATE :12006 6 1 20 {:12002_2} TODO: start time :12002 (:12000,:12010,:12004)
[Sat Apr 29 2023 04:36:28.055065] r LSUPDATE :12000 7 1 6 {:12000_1} TODO: start time :12000 (:12002)
[Sat Apr 29 2023 04:36:28.055105] r LSUPDATE :12006 6 1 6 {:12000_1} TODO: start time :12000 (:12002)
[Sat Apr 29 2023 04:36:28.055405] r LSUPDATE :12010 7 1 13 {:12010_1} TODO: start time :12010 (:12002,:12008)
[Sat Apr 29 2023 04:36:28.055442] r LSUPDATE :12006 6 1 13 {:12010_1} TODO: start time :12010 (:12002,:12008)
[Sat Apr 29 2023 04:36:28.056096] r LSUPDATE :12002 7 1 13 {:12002_2} TODO: start time :12002 (:12000,:12010)
[Sat Apr 29 2023 04:36:28.056146] r LSUPDATE :12006 6 1 13 {:12002_2} TODO: start time :12002 (:12000,:12010)
[Sat Apr 29 2023 04:36:28.056475] i LSUPDATE :12006 7 1 6 {:12006_2} TODO: start time :12006 (:12008)
[Sat Apr 29 2023 04:36:28.056637] r LSUPDATE :12008 7 1 13 {:12008_1} TODO: start time :12008 (:12006,:12010)
[Sat Apr 29 2023 04:36:28.056700] r LSUPDATE :12006 6 1 13 {:12008_1} TODO: start time :12008 (:12006,:12010)
	[2]	353NET/1.0 LSUPDATE
	[2]	TTL: 7
	[2]	Flood: 1;reason=3
	[2]	MessageID: :12006_257_1682768188.056192
	[2]	From: :12006
	[2]	OriginStartTime: TODO: start time
	[2]	Content-Length: 6
	[2]	
	[2]	:12008
[Sat Apr 29 2023 04:36:28.056890] i LSUPDATE :12006 7 1 6 {:12006_2} TODO: start time :12006 (:12008)
	[2]	353NET/1.0 LSUPDATE
	[2]	TTL: 7
	[2]	Flood: 1;reason=3
	[2]	MessageID: :12006_260_1682768188.056765
	[2]	From: :12006
	[2]	OriginStartTime: TODO: start time
	[2]	Content-Length: 6
	[2]	
	[2]	:12008
[Sat Apr 29 2023 04:36:28.057100] r LSUPDATE :12010 7 1 13 {:12010_1} TODO: start time :12010 (:12002,:12008)
[Sat Apr 29 2023 04:36:28.057145] r LSUPDATE :12006 6 1 13 {:12010_1} TODO: start time :12010 (:12002,:12008)
[Sat Apr 29 2023 04:36:28.057467] r LSUPDATE :12002 7 1 13 {:12002_2} TODO: start time :12002 (:12000,:12010)
[Sat Apr 29 2023 04:36:28.057519] r LSUPDATE :12006 6 1 13 {:12002_2} TODO: start time :12002 (:12000,:12010)
[Sat Apr 29 2023 04:36:28.058059] r LSUPDATE :12008 7 1 13 {:12008_1} TODO: start time :12008 (:12006,:12010)
[Sat Apr 29 2023 04:36:28.058129] r LSUPDATE :12006 6 1 13 {:12008_1} TODO: start time :12008 (:12006,:12010)
[Sat Apr 29 2023 04:36:28.058316] r LSUPDATE :12002 7 1 13 {:12002_2} TODO: start time :12002 (:12000,:12010)
[Sat Apr 29 2023 04:36:28.058336] r LSUPDATE :12006 6 1 13 {:12002_2} TODO: start time :12002 (:12000,:12010)
[Sat Apr 29 2023 04:36:28.151026] r LSUPDATE :12000 7 1 6 {:12000_1} TODO: start time :12000 (:12002)
[Sat Apr 29 2023 04:36:28.151083] r LSUPDATE :12006 6 1 6 {:12000_1} TODO: start time :12000 (:12002)
[Sat Apr 29 2023 04:36:28.151364] r LSUPDATE :12002 7 1 13 {:12002_3} TODO: start time :12002 (:12000,:12010)
[Sat Apr 29 2023 04:36:28.151401] r LSUPDATE :12006 6 1 13 {:12002_3} TODO: start time :12002 (:12000,:12010)
[Sat Apr 29 2023 04:36:28.151588] r LSUPDATE :12000 7 1 6 {:12000_1} TODO: start time :12000 (:12002)
[Sat Apr 29 2023 04:36:28.151608] r LSUPDATE :12006 6 1 6 {:12000_1} TODO: start time :12000 (:12002)
[Sat Apr 29 2023 04:36:28.152191] r LSUPDATE :12000 7 1 6 {:12000_1} TODO: start time :12000 (:12002)
[Sat Apr 29 2023 04:36:28.152252] r LSUPDATE :12006 6 1 6 {:12000_1} TODO: start time :12000 (:12002)
	[2]	353NET/1.0 UCASTAPP
	[2]	TTL: 2
	[2]	Flood: 0
	[2]	MessageID: :12006_271_1682768190.138400
	[2]	From: :12006
	[2]	To: :12000
	[2]	Next-Layer: 1
	[2]	Content-Length: 44
	[2]	
	[2]	353UDT/1.0 PING :12006_269_1682768190.138216
	[2]	353NET/1.0 UCASTAPP
	[2]	TTL: 3
	[2]	Flood: 0
	[2]	MessageID: :12006_275_1682768193.239610
	[2]	From: :12006
	[2]	To: :12000
	[2]	Next-Layer: 1
	[2]	Content-Length: 44
	[2]	
	[2]	353UDT/1.0 PING :12006_273_1682768193.239418
	[2]	353NET/1.0 UCASTAPP
	[2]	TTL: 4
	[2]	Flood: 0
	[2]	MessageID: :12006_279_1682768196.340696
	[2]	From: :12006
	[2]	To: :12000
	[2]	Next-Layer: 1
	[2]	Content-Length: 44
	[2]	
	[2]	353UDT/1.0 PING :12006_277_1682768196.340475
	[2]	353NET/1.0 UCASTAPP
	[2]	TTL: 7
	[2]	Flood: 0
	[2]	MessageID: :12006_283_1682768201.970925
	[2]	From: :12006
	[2]	To: :12000
	[2]	Next-Layer: 1
	[2]	Content-Length: 44
	[2]	
	[2]	353UDT/1.0 PONG :12000_213_1682768201.917753
[Sat Apr 29 2023 04:36:55.800035] r LSUPDATE :12002 7 1 13 {:12002_3} TODO: start time :12002 (:12000,:12010)
[Sat Apr 29 2023 04:36:55.800105] r LSUPDATE :12006 6 1 13 {:12002_3} TODO: start time :12002 (:12000,:12010)
[Sat Apr 29 2023 04:36:57.240753] r LSUPDATE :12010 7 1 13 {:12010_2} TODO: start time :12010 (:12002,:12008)
[Sat Apr 29 2023 04:36:57.240889] r LSUPDATE :12006 6 1 13 {:12010_2} TODO: start time :12010 (:12002,:12008)
[Sat Apr 29 2023 04:37:00.492370] Socket-writing thread has terminated
[Sat Apr 29 2023 04:37:00.492942] Socket-reading thread has joined with socket-writing thread
[Sat Apr 29 2023 04:37:00.492993] Reaper has joined with connection thread.
[Sat Apr 29 2023 04:37:01.646408] STOP: port=12006
