[Sat Apr 29 2023 04:34:48.376617] START: port=12004, rootdir=lab11data
[Sat Apr 29 2023 04:34:48.379693] i SAYHELLO :12004 1 - 0
	[1]	353NET/1.0 SAYHELLO
	[1]	TTL: 0
	[1]	Flood: 0
	[1]	From: :12004
	[1]	Content-Length: 0
 	[1]	
[Sat Apr 29 2023 04:34:48.380732] i SAYHELLO :12004 1 - 0
	[2]	353NET/1.0 SAYHELLO
	[2]	TTL: 0
	[2]	Flood: 0
	[2]	From: :12004
	[2]	Content-Length: 0
 	[2]	
[Sat Apr 29 2023 04:34:48.381159] r SAYHELLO :12002 1 - 0
[Sat Apr 29 2023 04:34:48.381392] i LSUPDATE :12004 7 1 13 {:12004_6} TODO: start time :12004 (:12002,:12006)
[Sat Apr 29 2023 04:34:48.381428] i LSUPDATE :12004 7 1 13 {:12004_8} TODO: start time :12004 (:12002,:12006)
	[1]	353NET/1.0 LSUPDATE
	[1]	TTL: 7
	[1]	Flood: 1;reason=1
	[1]	MessageID: :12004_6_1682768088.381231
	[1]	From: :12004
	[1]	OriginStartTime: TODO: start time
	[1]	Content-Length: 13
	[1]	
	[1]	:12002,:12006
[Sat Apr 29 2023 04:34:48.381730] r SAYHELLO :12006 1 - 0
[Sat Apr 29 2023 04:34:48.381820] i LSUPDATE :12004 7 1 13 {:12004_1} TODO: start time :12004 (:12002,:12006)
	[1]	353NET/1.0 LSUPDATE
	[1]	TTL: 7
	[1]	Flood: 1;reason=1
	[1]	MessageID: :12004_11_1682768088.381782
	[1]	From: :12004
	[1]	OriginStartTime: TODO: start time
	[1]	Content-Length: 13
	[1]	
	[1]	:12002,:12006
[Sat Apr 29 2023 04:34:48.381993] r LSUPDATE :12002 7 1 20 {:12002_2} TODO: start time :12002 (:12000,:12010,:12004)
	[2]	353NET/1.0 LSUPDATE
	[2]	353NET/1.0 LSUPDATE
[Sat Apr 29 2023 04:34:48.382064] r LSUPDATE :12004 6 1 20 {:12002_2} TODO: start time :12002 (:12000,:12010,:12004)
	[2]	TTL: 7
	[2]	Flood: 1;reason=1
	[2]	MessageID: :12004_8_1682768088.381339
	[2]	From: :12004
	[2]	OriginStartTime: TODO: start time
	[2]	Content-Length: 13
	[2]	
	[2]	:12002,:12006
[Sat Apr 29 2023 04:34:48.382176] i LSUPDATE :12004 7 1 13 {:12004_1} TODO: start time :12004 (:12002,:12006)
[Sat Apr 29 2023 04:34:48.382191] i LSUPDATE :12004 7 1 13 {:12004_1} TODO: start time :12004 (:12002,:12006)
	[1]	353NET/1.0 LSUPDATE
	[1]	TTL: 7
	[1]	Flood: 1;reason=3
	[2]	353NET/1.0 LSUPDATE
	[2]	353NET/1.0 LSUPDATE
	[1]	MessageID: :12004_16_1682768088.382135
[Sat Apr 29 2	[2]	Flood: 1;reason=1
8.382248] r LSUPDATE :12006 7 1 13 {:12006_1} TODO: start time :12006 (:12008,:12004)
	[2]	Flood: 1;reason=1
8.382248] r LSUPDATE :12006 7 1 13 {:12006_1} TODO: start time :12006 (:12008,:12004)
	[1]	From: :12004
	[2]	Flood: 1;reason=1
	[1]	OriginStartTime: TODO: start time
	[2]	MessageID: :12004_13_1682768088.381807
	[1]	Content-Length: 13
[Sat Apr 29 2023 04:34:48.382300] r LSUPDATE :12004 6 1 13 {:12006_1} TODO: start time :12006 (:12008,:12004)
	[1]	
r 29 2023 04:34:48.382300] r LSUPDATE :12004 6 1 13 {:12006_1} TODO: start time :12006 (:12008,:12004)
	[2]	From: :12004
	[1]	
	[2]	OriginStartTime: TODO: start time
	[1]	:12002,:12006
	[2]	Content-Length: 13
	[2]	
	[2]	:12002,:12006
[Sat Apr 29 2023 04:34:48.382358] d LSUPDATE :12004 6 1 13 {:12006_1} TODO: start time :12006 (:12008,:12004)
[Sat Apr 29 2023 04:34:48.382377] d LSUPDATE :12004 6 1 20 {:12002_2} TODO: start time :12002 (:12000,:12010,:12004)
	[1]	353NET/1.0 LSUPDATE
	[1]	TTL: 7
	[1]	Flood: 1;reason=1
	[1]	MessageID: :12006_183_1682768088.381416
TE
	[1]	MessageID: :12006_183_1682768088.381416
	[2]	TTL: 7
	[1]	From: :12006
	[1]	OriginStartTime: TO	[1]	OriginStartTime: TODO: start time
	[2]	MessageID: :12002_211_1682768088.380649
	[1]	Content-Length: 13
	[2]	From: :12002
	[1]	
	[2]	OriginStartTime: TODO: start time
	[1]	:12008,:12004
	[2]	Content-Length: 20
	[2]	
	[2]	:12000,:12010,:12004
[Sat Apr 29 2023 04:34:48.382528] i LSUPDATE :12004 7 1 13 {:12004_2} TODO: start time :12004 (:12002,:12006)
[Sat Apr 29 2023 04:34:48.382549] i LSUPDATE :12004 7 1 13 {:12004_1} TODO: start time :12004 (:12002,:12006)
	[1]	353NET/1.0 LSUPDATE
	[1]	TTL: 7
	[1]	Flood: 1;reason=3
	[1]	MessageID: :12004_21_1682768088.382351
ATE
	[2]	TTL: 7
D: :12004_21_1682768088.382351
	[2]	TTLm: :1	[1]	From: :12004
	[2]	Flood: 1;reason=3
	[1]	OriginStartTime: TODO: start time
	[2]	MessageID: :12004_18_1682768088.382156
	[1]	Conm: :12004
: 13
	[1]	
om: :12004
	[1]	
	[2]	OriginStartTime: TODO: start time
	[1]	:12002,:12006
	[2]	Content-Length: 13
	[2]	
	[2]	:12002,:12006
[Sat Apr 29 2023 04:34:48.382858] i LSUPDATE :12004 7 1 13 {:12004_2} TODO: start time :12004 (:12002,:12006)
[Sat Apr 29 2023 04:34:48.383348] r LSUPDATE :12002 7 1 20 {:12002_2} TODO: start time :12002 (:12000,:12010,:12004)
[Sat Apr 29 2023 04:34:48.383400] r LSUPDATE :12006 7 1 13 {:12006_1} TODO: start time :12006 (:12008,:12004)
[Sat Apr 29 2023 04:34:48.383460] r LSUPDATE :12004 6 1 13 {:12006_1} TODO: start time :12006 (:12008,:12004)
	[2]	353NET/1.0 LSUPDATE
	[2]	TTL: 7
	[2]	Flood: 1;reason=3
	[2]	MessageID: :12004_23_1682768088.382361
	[2]	From: :12004
	[2]	OriginStartTime: TODO: start time
	[2]	Content-Length: 13
	[2]	
	[2]	:12002,:12006
[Sat Apr 29 2023 04:34:48.383599] d LSUPDATE :12004 6 1 13 {:12006_1} TODO: start time :12006 (:12008,:12004)
[Sat Apr 29 2023 04:34:48.383599] d LSUPDATE :12004 6 1 13 {:12006_1} TODO: start time :12006 (:12008,:12004)
[Sat Apr 29 2023 04:34:48.383401] r LSUPDATE :12004 6 1 20 {:12002_2} TODO: start time :12002 (:12000,:12010,:12004)
	[1]	353NET/1.0 LSUPDATE
[Sat Apr 29 2023 04:34:48.383705] d LSUPDATE :12004 6 1 20 {:12002_2} TODO: start time :12002 (:12000,:12010,:12004)
[Sat Apr 29 2023 04:34:48.383705] d LSUPDATE :12004 6 1 20 {:12002_2} TODO: start time :12002 (:12000,:12010,:12004)
	[1]	TTL: 7
	[1]	Flood: 1;reason=3
	[1]	MessageID: :12006_188_1682768088.382628
	[1]	From: :12006
	[1]	OriginStartTime: TODO: start time
	[1]	Content-Length: 13
O: start time
	[2]	353NET/1.0 LSUPDATE
	[1]	Content-Length: 13
	[2]	TTL: 7
	[1]	
	[2]	Flood: 1;reason=3
	[1]	:12008,:12004
	[2]	MessageID: :12002_218_1682768088.382695
	[2]	From: :12002
	[2]	OriginStartTime: TODO: start time
	[2]	Content-Length: 20
	[2]	
	[2]	:12000,:12010,:12004
[Sat Apr 29 2023 04:34:48.384479] r LSUPDATE :12006 7 1 13 {:12006_1} TODO: start time :12006 (:12008,:12004)
[Sat Apr 29 2023 04:34:48.384525] r LSUPDATE :12004 6 1 13 {:12006_1} TODO: start time :12006 (:12008,:12004)
[Sat Apr 29 2023 04:34:48.384682] d LSUPDATE :12004 6 1 13 {:12006_1} TODO: start time :12006 (:12008,:12004)
	[2]	353NET/1.0 LSUPDATE
[Sat Apr 29 2023 04:34:48.384777] r LSUPDATE :12002 7 1 20 {:12002_2} TODO: start time :12002 (:12000,:12010,:12004)
	[2]	TTL: 7
	[2]	Flood: 1;reason=1
8.384777] r LSUPDATE :12002 7 1 20 {:12002_2} TODO: start time :12002 (:12000,:12010,:12004)
	[2]	Flood: 1;reason=1
	[2]	MessageID: :12006_181_1682768088.381318
	[2]	From: :12006
	[2]	From: :12006
[Sat Apr 29 2023 04:34:48.384796] r LSUPDATE :12004 6 1 20 {:12002_2} TODO: start time :12002 (:12	[2]	From: :12006
[Sat Apr 29 2023 04:34:48.384796] r LSUPDATE :12004 6 1 20 {:12002_2} TODO: start time :12002 (:12	[2]	OriginStartTime: TODO: start time
	[2]	Content-Length: 13
	[2]	
	[2]	:12008,:12004
[Sat Apr 29 2023 04:34:48.384846] r LSUPDATE :12000 7 1 6 {:12000_1} TODO: start time :12000 (:12002)
[Sat Apr 29 2023 04:34:48.384853] d LSUPDATE :12004 6 1 20 {:12002_2} TODO: start time :12002 (:12000,:12010,:12004)
[Sat Apr 29 2023 04:34:48.384853] d LSUPDATE :12004 6 1 20 {:12002_2} TODO: start time :12002 (:12000,:12010,:12004)
[Sat Apr 29 2023 04:34:48.384865] r LSUPDATE :12004 6 1 6 {:12000_1} TODO: start time :12000 (:12002)
	[1]	353NET/1.0 LSUPDATE
	[1]	TTL: 7
	[1]	Flood: 1;reason=1
	[1]	MessageID: :12002_209_1682768088.380578
	[1]	From: :12002
	[1]	OriginStartTime: TODO: start time
	[1]	Content-Length: 20
	[1]	
	[1]	:12000,:12010,:12004
[Sat Apr 29 2023 04:34:48.384931] d LSUPDATE :12004 6 1 6 {:12000_1} TODO: start time :12000 (:12002)
[Sat Apr 29 2023 04:34:48.384931] i LSUPDATE :12004 7 1 13 {:12004_3} TODO: start time :12004 (:12002,:12006)
	[2]	353NET/1.0 LSUPDATE
	[2]	TTL: 7
	[2]	TTL: 7
	[1]	353NET/1.0 LSUPDATE
	[2]	Flood: 1;reason=3
	[1]	TTL: 7
	[2]	MessageID: :12000_133_1682768088.382811
	[1]	Flood: 1;reason=3
	[2]	From: :12000
	[1]	MessageID: :12004_30_1682768088.384920
	[2]	OriginStartTime: TODO: start time
	[1]	From: :12004
	[2]	OriginStartTime: TO	[1]	OriginStartTime: TODO: start time
	[2]	
	[1]	Content-Length: 13
	[2]	:12002
	[1]	
	[1]	:12002,:12006
[Sat Apr 29 2023 04:34:48.385055] i LSUPDATE :12004 7 1 13 {:12004_3} TODO: start time :12004 (:12002,:12006)
	[2]	353NET/1.0 LSUPDATE
	[2]	TTL: 7
	[2]	Flood: 1;reason=3
	[2]	MessageID: :12004_32_1682768088.384928
	[2]	From: :12004
	[2]	OriginStartTime: TODO: start time
	[2]	Content-Length: 13
	[2]	
	[2]	:12002,:12006
[Sat Apr 29 2023 04:34:48.386557] r LSUPDATE :12010 7 1 13 {:12010_1} TODO: start time :12010 (:12002,:12008)
[Sat Apr 29 2023 04:34:48.386576] r LSUPDATE :12004 6 1 13 {:12010_1} TODO: start time :12010 (:12002,:12008)
[Sat Apr 29 2023 04:34:48.386606] d LSUPDATE :12004 6 1 13 {:12010_1} TODO: start time :12010 (:12002,:12008)
[Sat Apr 29 2023 04:34:48.386606] d LSUPDATE :12004 6 1 13 {:12010_1} TODO: start time :12010 (:12002,:12008)
[Sat Apr 29 2023 04:34:48.386616] i LSUPDATE :12004 7 1 13 {:12004_3} TODO: start time :12004 (:12002,:12006)
	[1]	353NET/1.0 LSUPDATE
	[1]	TTL: 7
	[1]	Flood: 1;reason=3
	[1]	MessageID: :12004_35_1682768088.386600
	[1]	From: :12004
	[1]	OriginStartTime: TODO: start time
	[1]	Content-Length: 13
	[1]	
	[1]	:12002,:12006
	[1]	:12002,:12006
	[2]	Flood: 1;reason=3
	[2]	MessageID: :12010_141_1682768088.385456
	[2]	From: :12010
	[2]	OriginStartTime: TODO: start time
	[2]	Content-Length: 13
	[2]	
	[2]	:12002,:12008
[Sat Apr 29 2023 04:34:48.386691] r LSUPDATE :12004 7 1 13 {:12004_6} TODO: start time :12004 (:12002,:12006)
[Sat Apr 29 2023 04:34:48.386705] i LSUPDATE :12004 7 1 13 {:12004_3} TODO: start time :12004 (:12002,:12006)
[Sat Apr 29 2023 04:34:48.386715] r LSUPDATE :12004 6 1 13 {:12004_6} TODO: start time :12004 (:12002,:12006)
	[2]	353NET/1.0 LSUPDATE
	[2]	TTL: 7
	[2]	Flood: 1;reason=3
	[2]	MessageID: :12004_37_1682768088.386606
	[2]	From: :12004
	[2]	OriginStartTime: TODO: start time
	[2]	Content-Length: 13
	[2]	
	[2]	:12002,:12006
[Sat Apr 29 2023 04:34:48.386898] r LSUPDATE :12008 7 1 13 {:12008_1} TODO: start time :12008 (:12006,:12010)
[Sat Apr 29 2023 04:34:48.386914] r LSUPDATE :12004 6 1 13 {:12008_1} TODO: start time :12008 (:12006,:12010)
[Sat Apr 29 2023 04:34:48.386989] d LSUPDATE :12004 6 1 13 {:12008_1} TODO: start time :12008 (:12006,:12010)
[Sat Apr 29 2023 04:34:48.386989] d LSUPDATE :12004 6 1 13 {:12008_1} TODO: start time :12008 (:12006,:12010)
[Sat Apr 29 2023 04:34:48.386997] i LSUPDATE :12004 7 1 13 {:12004_4} TODO: start time :12004 (:12002,:12006)
	[2]	353NET/1.0 LSUPDATE
	[2]	TTL: 7
	[2]	Flood: 1;reason=3
	[2]	Flood: 1;reason=3
	[	[2]	Flood: 1;reason=3
	[	[2]	MessageID: :12008_139_1682768088.385757
	[1]	TTL: 7
	[2]	From: :12008
	[1]	Flood: 1;reason=3
	[2]	OriginStartTime: TODO: start time
	[1]	MessageID: :12004_41_1682768088.386981
	[2]	Content-Length: 13
	[1]	From: :12004
	[2]	
	[1]	OriginStartTime: TODO: start time
	[2]	:12006,:12010
	[1]	Content-Length: 13
	[1]	
	[1]	:12002,:12006
[Sat Apr 29 2023 04:34:48.387071] i LSUPDATE :12004 7 1 13 {:12004_4} TODO: start time :12004 (:12002,:12006)
	[2]	353NET/1.0 LSUPDATE
	[2]	TTL: 7
	[2]	Flood: 1;reason=3
	[2]	MessageID: :12004_43_1682768088.386989
	[2]	From: :12004
	[2]	OriginStartTime: TODO: start time
	[2]	Content-Length: 13
	[2]	
	[2]	:12002,:12006
[Sat Apr 29 2023 04:34:48.387577] r LSUPDATE :12008 7 1 13 {:12008_1} TODO: start time :12008 (:12006,:12010)
[Sat Apr 29 2023 04:34:48.387600] r LSUPDATE :12004 6 1 13 {:12008_1} TODO: start time :12008 (:12006,:12010)
[Sat Apr 29 2023 04:34:48.387679] d LSUPDATE :12004 6 1 13 {:12008_1} TODO: start time :12008 (:12006,:12010)
	[1]	353NET/1.0 LSUPDATE
	[1]	TTL: 7
	[1]	Flood: 1;reason=3
	[1]	MessageID: :12008_137_1682768088.385753
	[1]	From: :12008
	[1]	OriginStartTime: TODO: start time
	[1]	Content-Length: 13
	[1]	
	[1]	:12006,:12010
[Sat Apr 29 2023 04:34:48.387783] r LSUPDATE :12010 7 1 13 {:12010_1} TODO: start time :12010 (:12002,:12008)
[Sat Apr 29 2023 04:34:48.387801] r LSUPDATE :12004 6 1 13 {:12010_1} TODO: start time :12010 (:12002,:12008)
[Sat Apr 29 2023 04:34:48.389655] r LSUPDATE :12004 7 1 13 {:12004_8} TODO: start time :12004 (:12002,:12006)
[Sat Apr 29 2023 04:34:48.389731] r LSUPDATE :12004 6 1 13 {:12004_8} TODO: start time :12004 (:12002,:12006)
[Sat Apr 29 2023 04:34:48.390059] r LSUPDATE :12006 7 1 13 {:12006_1} TODO: start time :12006 (:12008,:12004)
[Sat Apr 29 2023 04:34:48.390094] r LSUPDATE :12004 6 1 13 {:12006_1} TODO: start time :12006 (:12008,:12004)
[Sat Apr 29 2023 04:34:48.390330] d LSUPDATE :12004 6 1 13 {:12006_1} TODO: start time :12006 (:12008,:12004)
[Sat Apr 29 2023 04:34:48.390375] r LSUPDATE :12004 7 1 13 {:12004_1} TODO: start time :12004 (:12002,:12006)
	[2]	353NET/1.0 LSUPDATE
	[2]	TTL: 7
	[2]	Flood: 1;reason=3
	[2]	MessageID: :12006_186_1682768088.382617
	[2]	From: :12006
006_186_1682768088.382617
[Sat Apr 29 2023 04:34:48.390406] r LSUPDATE :12004 6 1 13 {:12004_1} TODO: start time :12004 (:12002,:12006)
	[2]	From: :12006
	[2]	OriginStartTime: TODO: start time
	[2]	Content-Length: 13
	[2]	
	[2]	:12008,:12004
[Sat Apr 29 2023 04:34:48.391070] d LSUPDATE :12004 6 1 13 {:12010_1} TODO: start time :12010 (:12002,:12008)
[Sat Apr 29 2023 04:34:48.391121] r LSUPDATE :12002 7 1 20 {:12002_2} TODO: start time :12002 (:12000,:12010,:12004)
[Sat Apr 29 2023 04:34:48.391164] r LSUPDATE :12004 6 1 20 {:12002_2} TODO: start time :12002 (:12000,:12010,:12004)
	[1]	353NET/1.0 LSUPDATE
	[1]	TTL: 7
	[1]	Flood: 1;reason=3
	[1]	MessageID: :12010_143_1682768088.385667
	[1]	From: :12010
	[1]	OriginStartTime: TODO: start time
	[1]	Content-Length: 13
	[1]	
	[1]	:12002,:12008
[Sat Apr 29 2023 04:34:48.391314] d LSUPDATE :12004 6 1 20 {:12002_2} TODO: start time :12002 (:12000,:12010,:12004)
	[1]	353NET/1.0 LSUPDATE
	[1]	TTL: 7
	[1]	Flood: 1;reason=3
	[1]	MessageID: :12002_216_1682768088.382683
	[1]	From: :12002
	[1]	OriginStartTime: TODO: start time
	[1]	Content-Length: 20
	[1]	
	[1]	:12000,:12010,:12004
[Sat Apr 29 2023 04:34:48.391460] r LSUPDATE :12004 7 1 13 {:12004_1} TODO: start time :12004 (:12002,:12006)
[Sat Apr 29 2023 04:34:48.391523] r LSUPDATE :12004 6 1 13 {:12004_1} TODO: start time :12004 (:12002,:12006)
[Sat Apr 29 2023 04:34:48.391687] r LSUPDATE :12004 7 1 13 {:12004_1} TODO: start time :12004 (:12002,:12006)
[Sat Apr 29 2023 04:34:48.391734] r LSUPDATE :12004 6 1 13 {:12004_1} TODO: start time :12004 (:12002,:12006)
[Sat Apr 29 2023 04:34:48.391814] r LSUPDATE :12004 7 1 13 {:12004_2} TODO: start time :12004 (:12002,:12006)
[Sat Apr 29 2023 04:34:48.391850] r LSUPDATE :12004 6 1 13 {:12004_2} TODO: start time :12004 (:12002,:12006)
[Sat Apr 29 2023 04:34:48.392012] r LSUPDATE :12004 7 1 13 {:12004_1} TODO: start time :12004 (:12002,:12006)
[Sat Apr 29 2023 04:34:48.392049] r LSUPDATE :12004 6 1 13 {:12004_1} TODO: start time :12004 (:12002,:12006)
[Sat Apr 29 2023 04:34:48.392156] r LSUPDATE :12004 7 1 13 {:12004_3} TODO: start time :12004 (:12002,:12006)
[Sat Apr 29 2023 04:34:48.392198] r LSUPDATE :12004 6 1 13 {:12004_3} TODO: start time :12004 (:12002,:12006)
[Sat Apr 29 2023 04:34:48.392535] r LSUPDATE :12004 7 1 13 {:12004_2} TODO: start time :12004 (:12002,:12006)
[Sat Apr 29 2023 04:34:48.392572] r LSUPDATE :12004 6 1 13 {:12004_2} TODO: start time :12004 (:12002,:12006)
[Sat Apr 29 2023 04:34:48.393359] r LSUPDATE :12004 7 1 13 {:12004_3} TODO: start time :12004 (:12002,:12006)
[Sat Apr 29 2023 04:34:48.393423] r LSUPDATE :12004 6 1 13 {:12004_3} TODO: start time :12004 (:12002,:12006)
[Sat Apr 29 2023 04:34:48.393741] r LSUPDATE :12004 7 1 13 {:12004_3} TODO: start time :12004 (:12002,:12006)
[Sat Apr 29 2023 04:34:48.393794] r LSUPDATE :12004 6 1 13 {:12004_3} TODO: start time :12004 (:12002,:12006)
[Sat Apr 29 2023 04:34:48.394079] r LSUPDATE :12004 7 1 13 {:12004_4} TODO: start time :12004 (:12002,:12006)
[Sat Apr 29 2023 04:34:48.394132] r LSUPDATE :12004 6 1 13 {:12004_4} TODO: start time :12004 (:12002,:12006)
[Sat Apr 29 2023 04:34:48.440246] r LSUPDATE :12004 7 1 13 {:12004_3} TODO: start time :12004 (:12002,:12006)
[Sat Apr 29 2023 04:34:48.440307] r LSUPDATE :12004 6 1 13 {:12004_3} TODO: start time :12004 (:12002,:12006)
[Sat Apr 29 2023 04:34:48.440596] r LSUPDATE :12004 7 1 13 {:12004_4} TODO: start time :12004 (:12002,:12006)
[Sat Apr 29 2023 04:34:48.440625] r LSUPDATE :12004 6 1 13 {:12004_4} TODO: start time :12004 (:12002,:12006)
	[2]	353NET/1.0 UCASTAPP
	[2]	TTL: 7
	[2]	Flood: 0
	[2]	MessageID: :12004_63_1682768098.893939
	[2]	From: :12004
	[2]	To: :12006
	[2]	Next-Layer: 1
	[2]	Content-Length: 47
	[2]	
	[2]	353UDT/1.0 TTLZERO :12006_215_1682768098.892346
	[1]	353NET/1.0 UCASTAPP
	[1]	TTL: 1
	[1]	Flood: 0
	[1]	MessageID: :12006_221_1682768101.993852
	[1]	From: :12006
	[1]	To: :12000
	[1]	Next-Layer: 1
	[1]	Content-Length: 44
	[1]	
	[1]	353UDT/1.0 PING :12006_219_1682768101.993592
	[2]	353NET/1.0 UCASTAPP
	[2]	TTL: 6
	[2]	Flood: 0
	[2]	MessageID: :12002_247_1682768101.996819
	[2]	From: :12002
	[2]	To: :12006
	[2]	Next-Layer: 1
	[2]	Content-Length: 47
	[2]	
	[2]	353UDT/1.0 TTLZERO :12006_219_1682768101.993592
	[1]	353NET/1.0 UCASTAPP
	[1]	TTL: 2
	[1]	Flood: 0
	[1]	MessageID: :12006_225_1682768105.095102
	[1]	From: :12006
	[1]	To: :12000
	[1]	Next-Layer: 1
	[1]	Content-Length: 44
	[1]	
	[1]	353UDT/1.0 PING :12006_223_1682768105.094873
	[2]	353NET/1.0 UCASTAPP
	[2]	TTL: 5
	[2]	Flood: 0
	[2]	MessageID: :12000_158_1682768105.099461
	[2]	From: :12000
	[2]	To: :12006
	[2]	Next-Layer: 1
	[2]	Content-Length: 44
	[2]	
	[2]	353UDT/1.0 PONG :12006_223_1682768105.094873
	[2]	353NET/1.0 UCASTAPP
	[2]	TTL: 7
	[2]	Flood: 0
	[2]	MessageID: :12004_70_1682768159.090046
	[2]	From: :12004
	[2]	To: :12006
	[2]	Next-Layer: 1
	[2]	Content-Length: 47
	[2]	
	[2]	353UDT/1.0 TTLZERO :12006_227_1682768159.045120
	[1]	353NET/1.0 UCASTAPP
	[1]	TTL: 1
	[1]	Flood: 0
	[1]	MessageID: :12006_233_1682768162.146283
	[1]	From: :12006
	[1]	To: :12000
	[1]	Next-Layer: 1
	[1]	Content-Length: 44
	[1]	
	[1]	353UDT/1.0 PING :12006_231_1682768162.146081
	[2]	353NET/1.0 UCASTAPP
	[2]	TTL: 6
	[2]	Flood: 0
	[2]	MessageID: :12002_265_1682768162.148935
	[2]	From: :12002
	[2]	To: :12006
	[2]	Next-Layer: 1
	[2]	Content-Length: 47
	[2]	
	[2]	353UDT/1.0 TTLZERO :12006_231_1682768162.146081
	[1]	353NET/1.0 UCASTAPP
	[1]	TTL: 2
	[1]	Flood: 0
	[1]	MessageID: :12006_237_1682768165.247262
	[1]	From: :12006
	[1]	To: :12000
	[1]	Next-Layer: 1
	[1]	Content-Length: 44
	[1]	
	[1]	353UDT/1.0 PING :12006_235_1682768165.247052
	[2]	353NET/1.0 UCASTAPP
	[2]	TTL: 5
	[2]	Flood: 0
	[2]	MessageID: :12000_173_1682768165.301315
	[2]	From: :12000
	[2]	To: :12006
	[2]	Next-Layer: 1
	[2]	Content-Length: 44
	[2]	
	[2]	353UDT/1.0 PONG :12006_235_1682768165.247052
	[2]	353NET/1.0 UCASTAPP
	[2]	TTL: 7
	[2]	Flood: 0
	[2]	MessageID: :12004_77_1682768187.039031
	[2]	From: :12004
	[2]	To: :12006
	[2]	Next-Layer: 1
	[2]	Content-Length: 47
	[2]	
	[2]	353UDT/1.0 TTLZERO :12006_239_1682768187.037270
[Sat Apr 29 2023 04:36:28.005146] i LSUPDATE :12004 7 1 6 {:12004_7} TODO: start time :12004 (:12006)
	[2]	353NET/1.0 LSUPDATE
	[2]	TTL: 7
	[2]	Flood: 1;reason=2
	[2]	MessageID: :12004_79_1682768188.004866
	[2]	From: :12004
	[2]	OriginStartTime: TODO: start time
	[2]	Content-Length: 6
	[2]	
ntent-Length: 6
[Sat Apr 29 2023 04:36:28.005479] Socket-writing thread has terminated
	[2]	
	[2]	:12006
[Sat Apr 29 2023 04:36:28.005845] Socket-reading thread has joined with socket-writing thread
[Sat Apr 29 2023 04:36:28.006182] Socket-writing thread has terminated
[Sat Apr 29 2023 04:36:28.006946] Socket-reading thread has joined with socket-writing thread
[Sat Apr 29 2023 04:36:28.007012] Reaper has joined with connection thread.
[Sat Apr 29 2023 04:36:28.397303] STOP: port=12004
