[Sat Apr 29 2023 04:31:31.235403] START: port=12010, rootdir=lab11data
[Sat Apr 29 2023 04:31:31.237739] i SAYHELLO :12010 1 - 0
	[1]	353NET/1.0 SAYHELLO
	[1]	TTL: 0
	[1]	Flood: 0
	[1]	From: :12010
	[1]	Content-Length: 0
 	[1]	
[Sat Apr 29 2023 04:31:31.238184] i SAYHELLO :12010 1 - 0
	[2]	353NET/1.0 SAYHELLO
	[2]	TTL: 0
	[2]	Flood: 0
	[2]	From: :12010
	[2]	Content-Length: 0
 	[2]	
[Sat Apr 29 2023 04:31:31.239149] r SAYHELLO :12008 1 - 0
[Sat Apr 29 2023 04:31:31.239336] r SAYHELLO :12002 1 - 0
[Sat Apr 29 2023 04:31:31.239365] i LSUPDATE :12010 7 1 13 {:12010_6} TODO: start time :12010 (:12002,:12008)
[Sat Apr 29 2023 04:31:31.239578] r LSUPDATE :12008 7 1 13 {:12008_2} TODO: start time :12008 (:12006,:12010)
[Sat Apr 29 2023 04:31:31.239621] r LSUPDATE :12010 6 1 13 {:12008_2} TODO: start time :12008 (:12006,:12010)
[Sat Apr 29 2023 04:31:31.239626] i LSUPDATE :12010 7 1 13 {:12010_8} TODO: start time :12010 (:12002,:12008)
	[1]	353NET/1.0 LSUPDATE
	[1]	TTL: 7
	[1]	Flood: 1;reason=1
	[1]	MessageID: :12010_6_1682767891.239210
	[1]	From: :12010
	[1]	OriginStartTime: TODO: start time
	[1]	Content-Length: 13
	[1]	
	[1]	:12002,:12008
.0 LSUPDATE
	[1]	:12002,:12008
	[2]	TTL: 7
	[2]	Flood: 1;reason=1
	[2]	MessageID: :12010_8_1682767891.239303
	[2]	From: :12010
	[2]	OriginStartTime: TODO: start time
	[2]	Content-Length: 13
	[2]	
	[2]	:12002,:12008
[Sat Apr 29 2023 04:31:31.239848] i LSUPDATE :12010 7 1 13 {:12010_1} TODO: start time :12010 (:12002,:12008)
[Sat Apr 29 2023 04:31:31.239887] i LSUPDATE :12010 7 1 13 {:12010_1} TODO: start time :12010 (:12002,:12008)
[Sat Apr 29 2023 04:31:31.239887] i LSUPDATE :12010 7 1 13 {:12010_1} TODO: start time :12010 (:12002,:12008)
	[1]	353NET/1.0 LSUPDATE
	[1]	TTL: 7
	[1]	Flood: 1;reason=1
	[1]	Flood: 1;reason=1
	[2]	353NET/1.0 LSUPDATE
	[2]	TTL: 7
D: :12010_11_1682767891.239387
	[2]	TTL: 7
	[2]	Flood: 1;reaso	[2]	Flood: 1;reason=1
	[2]	MessageID: :12010_13_1682767891.239	[2]	MessageID: :12010_13_1682767891.239398
	[2]	From: :12010
: 13
	[2]	From: :12010
	[2]	Or	[2]	OriginStartTime: TODO: start time
	[2]	Content-Length:	[2]	Content-Length: 13
	[2]	
	[2]	:12002,:12008
[Sat Apr 29 2023 04:31:31.240006] d LSUPDATE :12010 6 1 13 {:12008_2} TODO: start time :12008 (:12006,:12010)
[Sat Apr 29 2023 04:31:31.240006] d LSUPDATE :12010 6 1 13 {:12008_2} TODO: start time :12008 (:12006,:12010)
[Sat Apr 29 2023 04:31:31.240017] i LSUPDATE :12010 7 1 13 {:12010_1} TODO: start time :12010 (:12002,:12008)
	[2]	353NET/1.0 LSUPDATE
	[1]	353NET/1.0 LSUPDATE
	[1]	353NET/1.0 LSUPDATE
	[2]	TTL: 7
	[2]	Flood: 1	[2]	Flood: 1;reason=3
	[2]	MessageID: :12010_1	[2]	MessageID: :12010_18_1682767891.239659
	[2]	From: :12010
008_24_1682767891.238832
	[2]	From: :12010
	[2]	OriginStartTim	[2]	OriginStartTime: TODO: start time
	[2]	Content-Length: 13
O: start time
	[2]	Content-Length: 13
	[2]	
ntent-Length: 13
	[2]	
	[2]	:1	[2]	:12002,:12008
	[1]	:12006,:12010
[Sat Apr 29 2023 04:31:31.240149] i LSUPDATE :12010 7 1 13 {:12010_1} TODO: start time :12010 (:12002,:12008)
	[1]	353NET/1.0 LSUPDATE
	[1]	TTL: 7
.0 LSUPDATE
[Sat Apr 29 2023 04:31:31.240163] r LSUPDATE :12002 7 1 20 {:12002_5} TODO: start time :12002 (:12000,:12004,:12010)
	[1]	TTL: 7
	[1]	Flood: 1;reason=3
	[1]	MessageID: :12010_16_1682767891.239653
	[1]	From: :12010
	[1]	OriginStartTime: TODO: start time
1:31.240219] r LSUPDATE :12010 6 1 20 {:12002_5} TODO: start time :12002 (:12000,:12004,:12010)
	[1]	OriginStartTime: TODO: start time
	[1]	Content-Length: 13
	[1]	
	[1]	:12002,:12008
[Sat Apr 29 2023 04:31:31.240929] d LSUPDATE :12010 6 1 20 {:12002_5} TODO: start time :12002 (:12000,:12004,:12010)
	[2]	353NET/1.0 LSUPDATE
	[2]	TTL: 7
	[2]	Flood: 1;reason=1
	[2]	MessageID: :12002_55_1682767891.238581
	[2]	From: :12002
	[2]	OriginStartTime: TODO: start time
	[2]	Content-Length: 20
	[2]	
	[2]	:12000,:12004,:12010
[Sat Apr 29 2023 04:31:31.241044] i LSUPDATE :12010 7 1 13 {:12010_2} TODO: start time :12010 (:12002,:12008)
	[2]	353NET/1.0 LSUPDATE
	[2]	TTL: 7
	[2]	Flood: 1;reason=3
	[2]	MessageID: :12010_23_1682767891.240376
	[2]	From: :12010
	[2]	OriginStartTime: TODO: start time
	[2]	Content-Length: 13
	[2]	
	[2]	:12002,:12008
[Sat Apr 29 2023 04:31:31.241961] r LSUPDATE :12002 7 1 20 {:12002_6} TODO: start time :12002 (:12000,:12004,:12010)
[Sat Apr 29 2023 04:31:31.242008] r LSUPDATE :12010 6 1 20 {:12002_6} TODO: start time :12002 (:12000,:12004,:12010)
[Sat Apr 29 2023 04:31:31.242210] r LSUPDATE :12008 7 1 13 {:12008_2} TODO: start time :12008 (:12006,:12010)
[Sat Apr 29 2023 04:31:31.242230] r LSUPDATE :12010 6 1 13 {:12008_2} TODO: start time :12008 (:12006,:12010)
[Sat Apr 29 2023 04:31:31.242389] r LSUPDATE :12004 7 1 13 {:12004_4} TODO: start time :12004 (:12002,:12006)
[Sat Apr 29 2023 04:31:31.242406] r LSUPDATE :12010 6 1 13 {:12004_4} TODO: start time :12004 (:12002,:12006)
[Sat Apr 29 2023 04:31:31.242454] d LSUPDATE :12010 6 1 20 {:12002_6} TODO: start time :12002 (:12000,:12004,:12010)
	[2]	353NET/1.0 LSUPDATE
	[2]	TTL: 7
	[2]	Flood: 1;reason=3
	[2]	MessageID: :12002_62_1682767891.240445
	[2]	From: :12002
	[2]	OriginStartTime: TODO: start time
	[2]	Content-Length: 20
	[2]	
	[2]	:12000,:12004,:12010
[Sat Apr 29 2023 04:31:31.242545] d LSUPDATE :12010 6 1 13 {:12008_2} TODO: start time :12008 (:12006,:12010)
	[2]	353NET/1.0 LSUPDATE
	[2]	TTL: 7
	[2]	Flood: 1;reason=1
	[2]	MessageID: :12008_22_1682767891.238818
	[2]	From: :12008
	[2]	OriginStartTime: TODO: start time
	[2]	Content-Length: 13
	[2]	
	[2]	:12006,:12010
[Sat Apr 29 2023 04:31:31.242620] d LSUPDATE :12010 6 1 13 {:12004_4} TODO: start time :12004 (:12002,:12006)
	[2]	353NET/1.0 LSUPDATE
	[2]	TTL: 7
	[2]	Flood: 1;reason=3
	[2]	MessageID: :12004_46_1682767891.240737
	[2]	From: :12004
	[2]	OriginStartTime: TODO: start time
	[2]	Content-Length: 13
	[2]	
	[2]	:12002,:12006
[Sat Apr 29 2023 04:31:31.242742] i LSUPDATE :12010 7 1 13 {:12010_3} TODO: start time :12010 (:12002,:12008)
	[2]	353NET/1.0 LSUPDATE
	[2]	TTL: 7
	[2]	Flood: 1;reason=3
	[2]	MessageID: :12010_30_1682767891.242441
	[2]	From: :12010
	[2]	OriginStartTime: TODO: start time
	[2]	Content-Length: 13
	[2]	
	[2]	:12002,:12008
[Sat Apr 29 2023 04:31:31.242855] i LSUPDATE :12010 7 1 13 {:12010_2} TODO: start time :12010 (:12002,:12008)
	[1]	353NET/1.0 LSUPDATE
	[1]	TTL: 7
	[1]	Flood: 1;reason=3
	[1]	MessageID: :12010_21_1682767891.240355
	[1]	From: :12010
	[1]	OriginStartTime: TODO: start time
	[1]	Content-Length: 13
	[1]	
	[1]	:12002,:12008
[Sat Apr 29 2023 04:31:31.243018] i LSUPDATE :12010 7 1 13 {:12010_2} TODO: start time :12010 (:12002,:12008)
	[1]	353NET/1.0 LSUPDATE
	[1]	TTL: 7
	[1]	Flood: 1;reason=3
	[1]	MessageID: :12010_28_1682767891.242431
	[1]	From: :12010
	[1]	OriginStartTime: TODO: start time
	[1]	Content-Length: 13
	[1]	
	[1]	:12002,:12008
[Sat Apr 29 2023 04:31:31.245261] r LSUPDATE :12008 7 1 13 {:12008_2} TODO: start time :12008 (:12006,:12010)
[Sat Apr 29 2023 04:31:31.245290] r LSUPDATE :12010 6 1 13 {:12008_2} TODO: start time :12008 (:12006,:12010)
[Sat Apr 29 2023 04:31:31.245530] r LSUPDATE :12002 7 1 20 {:12002_5} TODO: start time :12002 (:12000,:12004,:12010)
[Sat Apr 29 2023 04:31:31.245565] r LSUPDATE :12010 6 1 20 {:12002_5} TODO: start time :12002 (:12000,:12004,:12010)
[Sat Apr 29 2023 04:31:31.245717] d LSUPDATE :12010 6 1 13 {:12008_2} TODO: start time :12008 (:12006,:12010)
[Sat Apr 29 2023 04:31:31.245722] r LSUPDATE :12006 7 1 13 {:12006_4} TODO: start time :12006 (:12004,:12008)
[Sat Apr 29 2023 04:31:31.245722] r LSUPDATE :12006 7 1 13 {:12006_4} TODO: start time :12006 (:12004,:12008)
	[1]	353NET/1.0 LSUPDATE
	[1]	TTL: 7
	[1]	Flood: 1;reason=3
	[1]	MessageID: :12008_29_1682767891.240509
	[1]	From: :12008
008_29_1682767891.240509
[Sat Apr 29 2023 04:31:31.245898] r LSUPDATE :12010 6 1 13 {:12006_4} TODO: start time :12006 (:12004,:12008)
	[1]	From: :12008
	[1]	OriginStartTime: TODO: start time
	[1]	Content-Length: 13
	[1]	
	[1]	:12006,:12010
[Sat Apr 29 2023 04:31:31.245965] d LSUPDATE :12010 6 1 20 {:12002_5} TODO: start time :12002 (:12000,:12004,:12010)
	[1]	353NET/1.0 LSUPDATE
	[1]	TTL: 7
	[1]	Flood: 1;reason=1
	[1]	MessageID: :12002_53_1682767891.238493
	[1]	From: :12002
	[1]	OriginStartTime: TODO: start time
	[1]	Content-Length: 20
	[1]	
	[1]	:12000,:12004,:12010
[Sat Apr 29 2023 04:31:31.246115] d LSUPDATE :12010 6 1 13 {:12006_4} TODO: start time :12006 (:12004,:12008)
	[1]	353NET/1.0 LSUPDATE
	[1]	TTL: 7
	[1]	Flood: 1;reason=3
	[1]	MessageID: :12006_41_1682767891.242050
	[1]	From: :12006
	[1]	OriginStartTime: TODO: start time
	[1]	Content-Length: 13
	[1]	
	[1]	:12004,:12008
[Sat Apr 29 2023 04:31:31.246234] i LSUPDATE :12010 7 1 13 {:12010_3} TODO: start time :12010 (:12002,:12008)
	[1]	353NET/1.0 LSUPDATE
	[1]	TTL: 7
	[1]	Flood: 1;reason=3
	[1]	MessageID: :12010_35_1682767891.245953
[Sat Apr 29 2023 04:31:31.246279] r LSUPDATE :12010 7 1 13 {:12010_6} TODO: start time :12010 (:12002,:12008)
	[1]	From: :12010
	[1]	OriginStartTime: TODO: start time
DATE :12010 7 1 13 {:12010_6} TODO: start time :12010 (:12002,:12008)
	[1]	OriginStartTime: TODO: start time
	[1]	Content-Length: 13
	[1]	
	[1]	:12002,:12008
	[1]	:12002,:12008
[Sat Apr 29 2023 04:31:31.246321] r LSUPDATE :12010 6 1 13 {:12010_6} TODO: start time :12010 (:12002,:12008)
[Sat Apr 29 2023 04:31:31.246696] i LSUPDATE :12010 7 1 13 {:12010_3} TODO: start time :12010 (:12002,:12008)
	[2]	353NET/1.0 LSUPDATE
	[2]	TTL: 7
	[2]	Flood: 1;reason=3
	[2]	MessageID: :12010_37_1682767891.245963
	[2]	From: :12010
	[2]	OriginStartTime: TODO: start time
	[2]	Content-Length: 13
	[2]	
	[2]	:12002,:12008
[Sat Apr 29 2023 04:31:31.247627] r LSUPDATE :12004 7 1 13 {:12004_4} TODO: start time :12004 (:12002,:12006)
[Sat Apr 29 2023 04:31:31.247644] r LSUPDATE :12010 6 1 13 {:12004_4} TODO: start time :12004 (:12002,:12006)
[Sat Apr 29 2023 04:31:31.247797] d LSUPDATE :12010 6 1 13 {:12004_4} TODO: start time :12004 (:12002,:12006)
12010)
2002,:12008)
e :12006 (:12004,:12008)
:12010 7 1 13 {:12010_1} TODO: start time :12010 (:12002,:12008)
002,:12[Sat Apr 29 2023 04:31:31.247797] d LSUPDATE :12010 6 1 13 {:12004_4} TODO: start time :12004 (:12002,:12006)
12010)
2002,:12008)
e :12006 (:12004,:12008)
:12010 7 1 13 {:12010_1} TODO: start time :12010 (:12002,:12008)
002,:12	[1]	353NET/1.0 LSUPDATE
	[1]	353NET/1.0 LSUPDATE
[Sat Apr 29 2023 04:31:31.247824] r LSUPDATE :12010 6 1 20 {:12002_6} TODO: start time :12002 (:12000,:12004,:12010)
	[1]	TTL: 7
	[1]	Flood: 1;reason=3
	[1]	MessageID: :12004_48_1682767891.240746
	[1]	From: :12004
	[1]	OriginStartTime: TODO: start time
	[1]	Content-Length: 13
	[1]	
	[1]	:12002,:12006
[Sat Apr 29 2023 04:31:31.247876] d LSUPDATE :12010 6 1 20 {:12002_6} TODO: start time :12002 (:12000,:12004,:12010)
	[1]	353NET/1.0 LSUPDATE
	[1]	TTL: 7
	[1]	Flood: 1;reason=3
	[1]	MessageID: :12002_60_1682767891.240344
	[1]	From: :12002
	[1]	OriginStartTime: TODO: start time
	[1]	Content-Length: 20
	[1]	
	[1]	:12000,:12004,:12010
[Sat Apr 29 2023 04:31:31.248569] r LSUPDATE :12010 7 1 13 {:12010_8} TODO: start time :12010 (:12002,:12008)
[Sat Apr 29 2023 04:31:31.248590] r LSUPDATE :12010 6 1 13 {:12010_8} TODO: start time :12010 (:12002,:12008)
[Sat Apr 29 2023 04:31:31.248760] r LSUPDATE :12006 7 1 13 {:12006_3} TODO: start time :12006 (:12004,:12008)
[Sat Apr 29 2023 04:31:31.248805] r LSUPDATE :12010 6 1 13 {:12006_3} TODO: start time :12006 (:12004,:12008)
[Sat Apr 29 2023 04:31:31.248938] r LSUPDATE :12000 7 1 6 {:12000_4} TODO: start time :12000 (:12002)
[Sat Apr 29 2023 04:31:31.248952] r LSUPDATE :12010 6 1 6 {:12000_4} TODO: start time :12000 (:12002)
[Sat Apr 29 2023 04:31:31.249043] i LSUPDATE :12010 7 1 13 {:12010_4} TODO: start time :12010 (:12002,:12008)
[Sat Apr 29 2023 04:31:31.249072] d LSUPDATE :12010 6 1 13 {:12006_3} TODO: start time :12006 (:12004,:12008)
	[2]	353NET/1.0 LSUPDATE
	[2]	TTL: 7
	[2]	Flood: 1;reason=3
	[2]	MessageID: :12006_39_1682767891.242038
	[2]	From: :12006
	[2]	OriginStartTime: TODO: start time
	[2]	Content-Length: 13
	[2]	
	[2]	:12004,:12008
	[1]	353NET/1.0 LSUPDATE
	[1]	TTL: 7
	[1]	Flood: 1;reason=3
	[1]	MessageID: :12010_45_1682767891.248970
1:31.249137] d LSUPDATE :12010 6 1 6 {:12000_4} TODO: start time :12000 (:12002)
	[1]	MessageID: :12010_45_1682767891.248970
	[1]	From: :12010
	[1]	OriginStartTime: TODO: start time
	[1]	Content-Length: 13
	[1]	
	[1]	:12002,:12008
.0 LSUPDATE
	[1]	:12002,:12008
	[2]	TTL: 7
	[2]	Flood: 1;reason=3
	[2]	MessageID: :12000_40_1682767891.244984
	[2]	From: :12000
	[2]	OriginStartTime: TODO: start time
	[2]	Content-Length: 6
	[2]	
	[2]	:12002
[Sat Apr 29 2023 04:31:31.249191] i LSUPDATE :12010 7 1 13 {:12010_4} TODO: start time :12010 (:12002,:12008)
	[2]	353NET/1.0 LSUPDATE
	[2]	TTL: 7
	[2]	Flood: 1;reason=3
	[2]	MessageID: :12010_47_1682767891.249034
	[2]	From: :12010
	[2]	OriginStartTime: TODO: start time
	[2]	Content-Length: 13
	[2]	
	[2]	:12002,:12008
[Sat Apr 29 2023 04:31:31.249258] r LSUPDATE :12008 7 1 13 {:12008_2} TODO: start time :12008 (:12006,:12010)
[Sat Apr 29 2023 04:31:31.249279] r LSUPDATE :12010 6 1 13 {:12008_2} TODO: start time :12008 (:12006,:12010)
[Sat Apr 29 2023 04:31:31.249345] d LSUPDATE :12010 6 1 13 {:12008_2} TODO: start time :12008 (:12006,:12010)
	[2]	353NET/1.0 LSUPDATE
	[2]	TTL: 7
	[2]	Flood: 1;reason=3
	[2]	MessageID: :12008_27_1682767891.240502
	[2]	From: :12008
	[2]	OriginStartTime: TODO: start time
	[2]	Content-Length: 13
	[2]	
	[2]	:12006,:12010
[Sat Apr 29 2023 04:31:31.249447] r LSUPDATE :12010 7 1 13 {:12010_1} TODO: start time :12010 (:12002,:12008)
[Sat Apr 29 2023 04:31:31.249467] r LSUPDATE :12010 6 1 13 {:12010_1} TODO: start time :12010 (:12002,:12008)
[Sat Apr 29 2023 04:31:31.249599] r LSUPDATE :12010 7 1 13 {:12010_1} TODO: start time :12010 (:12002,:12008)
[Sat Apr 29 2023 04:31:31.249615] r LSUPDATE :12010 6 1 13 {:12010_1} TODO: start time :12010 (:12002,:12008)
[Sat Apr 29 2023 04:31:31.249734] r LSUPDATE :12010 7 1 13 {:12010_2} TODO: start time :12010 (:12002,:12008)
[Sat Apr 29 2023 04:31:31.249751] r LSUPDATE :12010 6 1 13 {:12010_2} TODO: start time :12010 (:12002,:12008)
[Sat Apr 29 2023 04:31:31.249936] r LSUPDATE :12010 7 1 13 {:12010_3} TODO: start time :12010 (:12002,:12008)
[Sat Apr 29 2023 04:31:31.249957] r LSUPDATE :12010 6 1 13 {:12010_3} TODO: start time :12010 (:12002,:12008)
[Sat Apr 29 2023 04:31:31.249998] r LSUPDATE :12010 7 1 13 {:12010_1} TODO: start time :12010 (:12002,:12008)
[Sat Apr 29 2023 04:31:31.250018] r LSUPDATE :12010 6 1 13 {:12010_1} TODO: start time :12010 (:12002,:12008)
[Sat Apr 29 2023 04:31:31.250076] r LSUPDATE :12010 7 1 13 {:12010_3} TODO: start time :12010 (:12002,:12008)
[Sat Apr 29 2023 04:31:31.250091] r LSUPDATE :12010 6 1 13 {:12010_3} TODO: start time :12010 (:12002,:12008)
[Sat Apr 29 2023 04:31:31.250098] r LSUPDATE :12010 7 1 13 {:12010_1} TODO: start time :12010 (:12002,:12008)
[Sat Apr 29 2023 04:31:31.250107] r LSUPDATE :12010 6 1 13 {:12010_1} TODO: start time :12010 (:12002,:12008)
[Sat Apr 29 2023 04:31:31.250177] r LSUPDATE :12010 7 1 13 {:12010_2} TODO: start time :12010 (:12002,:12008)
[Sat Apr 29 2023 04:31:31.250184] r LSUPDATE :12010 6 1 13 {:12010_2} TODO: start time :12010 (:12002,:12008)
[Sat Apr 29 2023 04:31:31.250254] r LSUPDATE :12010 7 1 13 {:12010_2} TODO: start time :12010 (:12002,:12008)
[Sat Apr 29 2023 04:31:31.250261] r LSUPDATE :12010 6 1 13 {:12010_2} TODO: start time :12010 (:12002,:12008)
[Sat Apr 29 2023 04:31:31.250330] r LSUPDATE :12000 7 1 6 {:12000_4} TODO: start time :12000 (:12002)
[Sat Apr 29 2023 04:31:31.250337] r LSUPDATE :12010 6 1 6 {:12000_4} TODO: start time :12000 (:12002)
[Sat Apr 29 2023 04:31:31.250404] r LSUPDATE :12010 7 1 13 {:12010_3} TODO: start time :12010 (:12002,:12008)
[Sat Apr 29 2023 04:31:31.250411] r LSUPDATE :12010 6 1 13 {:12010_3} TODO: start time :12010 (:12002,:12008)
[Sat Apr 29 2023 04:31:31.251066] r LSUPDATE :12010 7 1 13 {:12010_4} TODO: start time :12010 (:12002,:12008)
[Sat Apr 29 2023 04:31:31.251085] r LSUPDATE :12010 6 1 13 {:12010_4} TODO: start time :12010 (:12002,:12008)
[Sat Apr 29 2023 04:31:31.251549] r LSUPDATE :12010 7 1 13 {:12010_4} TODO: start time :12010 (:12002,:12008)
[Sat Apr 29 2023 04:31:31.251573] r LSUPDATE :12010 6 1 13 {:12010_4} TODO: start time :12010 (:12002,:12008)
[Sat Apr 29 2023 04:33:09.133188] r LSUPDATE :12002 7 1 20 {:12002_1} TODO: start time :12002 (:12000,:12004,:12010)
[Sat Apr 29 2023 04:33:09.134079] r LSUPDATE :12010 6 1 20 {:12002_1} TODO: start time :12002 (:12000,:12004,:12010)
[Sat Apr 29 2023 04:33:09.134386] r LSUPDATE :12006 7 1 13 {:12006_8} TODO: start time :12006 (:12004,:12008)
[Sat Apr 29 2023 04:33:09.134441] r LSUPDATE :12010 6 1 13 {:12006_8} TODO: start time :12006 (:12004,:12008)
[Sat Apr 29 2023 04:33:09.134452] d LSUPDATE :12010 6 1 20 {:12002_1} TODO: start time :12002 (:12000,:12004,:12010)
[Sat Apr 29 2023 04:33:09.134582] d LSUPDATE :12010 6 1 13 {:12006_8} TODO: start time :12006 (:12004,:12008)
	[1]	353NET/1.0 LSUPDATE
	[1]	TTL: 7
	[1]	Flood: 1;reason=2
	[1]	MessageID: :12006_84_1682767989.132814
	[1]	From: :12006
	[1]	OriginStartTime: TODO: start time
	[1]	Content-Length: 13
	[1]	
	[1]	:12004,:12008
	[2]	353NET/1.0 LSUPDATE
	[2]	TTL: 7
	[2]	Flood: 1;reason=2
	[2]	MessageID: :12002_102_1682767989.132296
	[2]	From: :12002
	[2]	OriginStartTime: TODO: start time
	[2]	Content-Length: 20
	[2]	
	[2]	:12000,:12004,:12010
[Sat Apr 29 2023 04:33:09.189397] r LSUPDATE :12000 7 1 6 {:12000_7} TODO: start time :12000 (:12002)
[Sat Apr 29 2023 04:33:09.189531] r LSUPDATE :12010 6 1 6 {:12000_7} TODO: start time :12000 (:12002)
[Sat Apr 29 2023 04:33:09.189728] d LSUPDATE :12010 6 1 6 {:12000_7} TODO: start time :12000 (:12002)
[Sat Apr 29 2023 04:33:09.189929] r LSUPDATE :12002 7 1 13 {:12002_1} TODO: start time :12002 (:12000,:12010)
[Sat Apr 29 2023 04:33:09.189981] r LSUPDATE :12010 6 1 13 {:12002_1} TODO: start time :12002 (:12000,:12010)
	[2]	353NET/1.0 LSUPDATE
	[2]	TTL: 7
	[2]	Flood: 1;reason=3
	[2]	MessageID: :12000_72_1682767989.133961
	[2]	From: :12000
	[2]	OriginStartTime: TODO: start time
	[2]	Content-Length: 6
	[2]	
	[2]	:12002
[Sat Apr 29 2023 04:33:09.190092] d LSUPDATE :12010 6 1 13 {:12002_1} TODO: start time :12002 (:12000,:12010)
	[2]	353NET/1.0 LSUPDATE
	[2]	TTL: 7
	[2]	Flood: 1;reason=3
	[2]	MessageID: :12002_108_1682767989.135312
	[2]	From: :12002
	[2]	OriginStartTime: TODO: start time
	[2]	Content-Length: 13
	[2]	
	[2]	:12000,:12010
[Sat Apr 29 2023 04:33:09.190236] i LSUPDATE :12010 7 1 13 {:12010_6} TODO: start time :12010 (:12002,:12008)
	[2]	353NET/1.0 LSUPDATE
	[2]	TTL: 7
	[2]	Flood: 1;reason=3
	[2]	MessageID: :12010_69_1682767989.190118
	[2]	From: :12010
	[2]	OriginStartTime: TODO: start time
	[2]	Content-Length: 13
	[2]	
	[2]	:12002,:12008
[Sat Apr 29 2023 04:33:09.190439] i LSUPDATE :12010 7 1 13 {:12010_6} TODO: start time :12010 (:12002,:12008)
	[1]	353NET/1.0 LSUPDATE
	[1]	TTL: 7
	[1]	Flood: 1;reason=3
	[1]	MessageID: :12010_67_1682767989.190034
	[1]	From: :12010
	[1]	OriginStartTime: TODO: start time
	[1]	Content-Length: 13
	[1]	
	[1]	:12002,:12008
[Sat Apr 29 2023 04:33:09.191689] r LSUPDATE :12008 7 1 13 {:12008_6} TODO: start time :12008 (:12006,:12010)
[Sat Apr 29 2023 04:33:09.191740] r LSUPDATE :12010 6 1 13 {:12008_6} TODO: start time :12008 (:12006,:12010)
[Sat Apr 29 2023 04:33:09.191954] d LSUPDATE :12010 6 1 13 {:12008_6} TODO: start time :12008 (:12006,:12010)
[Sat Apr 29 2023 04:33:09.192028] r LSUPDATE :12000 7 1 6 {:12000_7} TODO: start time :12000 (:12002)
[Sat Apr 29 2023 04:33:09.192078] r LSUPDATE :12010 6 1 6 {:12000_7} TODO: start time :12000 (:12002)
	[1]	353NET/1.0 LSUPDATE
	[1]	TTL: 7
	[1]	Flood: 1;reason=3
	[1]	MessageID: :12008_64_1682767989.190951
	[1]	From: :12008
	[1]	OriginStartTime: TODO: start time
	[1]	Content-Length: 13
	[1]	
	[1]	:12006,:12010
[Sat Apr 29 2023 04:33:09.192346] r LSUPDATE :12002 7 1 13 {:12002_1} TODO: start time :12002 (:12000,:12010)
[Sat Apr 29 2023 04:33:09.192384] r LSUPDATE :12010 6 1 13 {:12002_1} TODO: start time :12002 (:12000,:12010)
[Sat Apr 29 2023 04:33:09.192446] d LSUPDATE :12010 6 1 6 {:12000_7} TODO: start time :12000 (:12002)
[Sat Apr 29 2023 04:33:09.192554] r LSUPDATE :12002 7 1 13 {:12002_1} TODO: start time :12002 (:12000,:12010)
	[2]	353NET/1.0 LSUPDATE
	[2]	353NET/1.0 LSUPDATE
[Sat Apr 29 2023 04:33:09.192584] r LSUPDATE :12010 6 1 13 {:12002_1} TODO: start time :12002 (:12000,:12010)
	[2]	TTL: 7
	[2]	Flood: 1;reason=3
	[2]	MessageID: :12000_76_1682767989.190013
	[2]	From: :12000
	[2]	OriginStartTime: TODO: start time
	[2]	Content-Length: 6
	[2]	
	[2]	:12002
[Sat Apr 29 2023 04:33:09.192648] d LSUPDATE :12010 6 1 13 {:12002_1} TODO: start time :12002 (:12000,:12010)
	[2]	353NET/1.0 LSUPDATE
	[2]	TTL: 7
	[2]	Flood: 1;reason=3
	[2]	MessageID: :12002_114_1682767989.191146
	[2]	From: :12002
	[2]	OriginStartTime: TODO: start time
	[2]	Content-Length: 13
	[2]	
	[2]	:12000,:12010
[Sat Apr 29 2023 04:33:09.192732] d LSUPDATE :12010 6 1 13 {:12002_1} TODO: start time :12002 (:12000,:12010)
	[2]	353NET/1.0 LSUPDATE
	[2]	TTL: 7
	[2]	Flood: 1;reason=3
	[2]	MessageID: :12002_118_1682767989.191213
	[2]	From: :12002
	[2]	OriginStartTime: TODO: start time
	[2]	Content-Length: 13
	[2]	
	[2]	:12000,:12010
[Sat Apr 29 2023 04:33:09.193589] r LSUPDATE :12006 7 1 6 {:12006_8} TODO: start time :12006 (:12008)
[Sat Apr 29 2023 04:33:09.193637] r LSUPDATE :12010 6 1 6 {:12006_8} TODO: start time :12006 (:12008)
[Sat Apr 29 2023 04:33:09.194011] d LSUPDATE :12010 6 1 6 {:12006_8} TODO: start time :12006 (:12008)
[Sat Apr 29 2023 04:33:09.194091] i LSUPDATE :12010 7 1 13 {:12010_7} TODO: start time :12010 (:12002,:12008)
[Sat Apr 29 2023 04:33:09.194129] r LSUPDATE :12008 7 1 13 {:12008_7} TODO: start time :12008 (:12006,:12010)
	[1]	353NET/1.0 LSUPDATE
	[1]	TTL: 7
	[1]	Flood: 1;reason=3
 2023 04:33:09.194184] r LSUPDATE :12010 6 1 13 {:12008_7} TODO: start time :12008 (:12006,:12010)
	[1]	Flood: 1;reason=3
	[1]	MessageID: :12006_89_1682767989.191951
	[1]	From: :12006
	[1]	OriginStartTime: TODO: start time
	[1]	Content-Length: 6
	[1]	
	[1]	:12008
53NET/1.0 LSUPDATE
	[1]	:12008
	[2]	TTL: 7
	[2]	Flood: 1;reason=3
	[2]	MessageID: :12010_78_1682767989.193806
	[2]	From: :12010
	[2]	OriginStartTime: TODO: start time
	[2]	Content-Length: 13
	[2]	
	[2]	:12002,:12008
[Sat Apr 29 2023 04:33:09.194286] i LSUPDATE :12010 7 1 13 {:12010_7} TODO: start time :12010 (:12002,:12008)
	[1]	353NET/1.0 LSUPDATE
	[1]	TTL: 7
	[1]	Flood: 1;reason=3
	[1]	MessageID: :12010_76_1682767989.193793
	[1]	From: :12010
	[1]	OriginStartTime: TODO: start time
	[1]	Content-Length: 13
	[1]	
	[1]	:12002,:12008
[Sat Apr 29 2023 04:33:09.194419] d LSUPDATE :12010 6 1 13 {:12008_7} TODO: start time :12008 (:12006,:12010)
	[1]	353NET/1.0 LSUPDATE
	[1]	TTL: 7
	[1]	Flood: 1;reason=3
	[1]	MessageID: :12008_71_1682767989.193111
	[1]	From: :12008
	[1]	OriginStartTime: TODO: start time
	[1]	Content-Length: 13
	[1]	
	[1]	:12006,:12010
[Sat Apr 29 2023 04:33:09.194964] r LSUPDATE :12006 7 1 6 {:12006_9} TODO: start time :12006 (:12008)
[Sat Apr 29 2023 04:33:09.195011] r LSUPDATE :12010 6 1 6 {:12006_9} TODO: start time :12006 (:12008)
[Sat Apr 29 2023 04:33:09.195336] d LSUPDATE :12010 6 1 6 {:12006_9} TODO: start time :12006 (:12008)
	[1]	353NET/1.0 LSUPDATE
	[1]	TTL: 7
	[1]	Flood: 1;reason=3
	[1]	MessageID: :12006_92_1682767989.192423
	[1]	From: :12006
	[1]	OriginStartTime: TODO: start time
	[1]	Content-Length: 6
	[1]	
	[1]	:12008
[Sat Apr 29 2023 04:33:09.195611] r LSUPDATE :12002 7 1 13 {:12002_1} TODO: start time :12002 (:12000,:12010)
[Sat Apr 29 2023 04:33:09.195692] r LSUPDATE :12010 6 1 13 {:12002_1} TODO: start time :12002 (:12000,:12010)
[Sat Apr 29 2023 04:33:09.195871] d LSUPDATE :12010 6 1 13 {:12002_1} TODO: start time :12002 (:12000,:12010)
	[2]	353NET/1.0 LSUPDATE
	[2]	TTL: 7
	[2]	Flood: 1;reason=3
	[2]	MessageID: :12002_124_1682767989.194859
	[2]	From: :12002
	[2]	OriginStartTime: TODO: start time
	[2]	Content-Length: 13
	[2]	
	[2]	:12000,:12010
[Sat Apr 29 2023 04:33:09.197038] r LSUPDATE :12000 7 1 6 {:12000_8} TODO: start time :12000 (:12002)
[Sat Apr 29 2023 04:33:09.197090] r LSUPDATE :12010 6 1 6 {:12000_8} TODO: start time :12000 (:12002)
[Sat Apr 29 2023 04:33:09.197234] d LSUPDATE :12010 6 1 6 {:12000_8} TODO: start time :12000 (:12002)
	[2]	353NET/1.0 LSUPDATE
	[2]	TTL: 7
	[2]	Flood: 1;reason=3
	[2]	MessageID: :12000_83_1682767989.195450
	[2]	From: :12000
	[2]	OriginStartTime: TODO: start time
	[2]	Content-Length: 6
	[2]	
	[2]	:12002
	[2]	353NET/1.0 UCASTAPP
	[2]	TTL: 7
	[2]	Flood: 0
	[2]	MessageID: :12010_85_1682767991.574710
	[2]	From: :12010
	[2]	To: :12006
	[2]	Next-Layer: 1
	[2]	Content-Length: 47
	[2]	
	[2]	353UDT/1.0 TTLZERO :12006_101_1682767991.571759
	[1]	353NET/1.0 UCASTAPP
	[1]	TTL: 1
	[1]	Flood: 0
	[1]	MessageID: :12006_107_1682767994.673365
	[1]	From: :12006
	[1]	To: :12000
	[1]	Next-Layer: 1
	[1]	Content-Length: 44
	[1]	
	[1]	353UDT/1.0 PING :12006_105_1682767994.673046
	[2]	353NET/1.0 UCASTAPP
	[2]	TTL: 6
	[2]	Flood: 0
	[2]	MessageID: :12002_131_1682767994.771392
	[2]	From: :12002
	[2]	To: :12006
	[2]	Next-Layer: 1
	[2]	Content-Length: 47
	[2]	
	[2]	353UDT/1.0 TTLZERO :12006_105_1682767994.673046
	[1]	353NET/1.0 UCASTAPP
	[1]	TTL: 2
	[1]	Flood: 0
	[1]	MessageID: :12006_111_1682767997.874399
	[1]	From: :12006
	[1]	To: :12000
	[1]	Next-Layer: 1
	[1]	Content-Length: 44
	[1]	
	[1]	353UDT/1.0 PING :12006_109_1682767997.874157
	[2]	353NET/1.0 UCASTAPP
	[2]	TTL: 5
	[2]	Flood: 0
	[2]	MessageID: :12000_90_1682767997.880556
	[2]	From: :12000
	[2]	To: :12006
	[2]	Next-Layer: 1
	[2]	Content-Length: 44
	[2]	
	[2]	353UDT/1.0 PONG :12006_109_1682767997.874157
[Sat Apr 29 2023 04:34:05.854778] r LSUPDATE :12002 7 1 20 {:12002_1} TODO: start time :12002 (:12000,:12010,:12004)
[Sat Apr 29 2023 04:34:05.854856] r LSUPDATE :12010 6 1 20 {:12002_1} TODO: start time :12002 (:12000,:12010,:12004)
[Sat Apr 29 2023 04:34:05.854942] d LSUPDATE :12010 6 1 20 {:12002_1} TODO: start time :12002 (:12000,:12010,:12004)
	[2]	353NET/1.0 LSUPDATE
	[2]	TTL: 7
	[2]	Flood: 1;reason=1
	[2]	MessageID: :12002_139_1682768045.853978
	[2]	From: :12002
	[2]	OriginStartTime: TODO: start time
	[2]	Content-Length: 20
	[2]	
	[2]	:12000,:12010,:12004
[Sat Apr 29 2023 04:34:05.856749] r LSUPDATE :12006 7 1 13 {:12006_1} TODO: start time :12006 (:12008,:12004)
[Sat Apr 29 2023 04:34:05.856811] r LSUPDATE :12010 6 1 13 {:12006_1} TODO: start time :12006 (:12008,:12004)
[Sat Apr 29 2023 04:34:05.856903] d LSUPDATE :12010 6 1 13 {:12006_1} TODO: start time :12006 (:12008,:12004)
	[1]	353NET/1.0 LSUPDATE
	[1]	TTL: 7
	[1]	Flood: 1;reason=1
	[1]	MessageID: :12006_116_1682768045.854971
	[1]	From: :12006
	[1]	OriginStartTime: TODO: start time
	[1]	Content-Length: 13
	[1]	
	[1]	:12008,:12004
[Sat Apr 29 2023 04:34:05.858028] r LSUPDATE :12004 7 1 13 {:12004_6} TODO: start time :12004 (:12002,:12006)
[Sat Apr 29 2023 04:34:05.858083] r LSUPDATE :12010 6 1 13 {:12004_6} TODO: start time :12004 (:12002,:12006)
[Sat Apr 29 2023 04:34:05.858429] r LSUPDATE :12002 7 1 20 {:12002_1} TODO: start time :12002 (:12000,:12010,:12004)
[Sat Apr 29 2023 04:34:05.858440] d LSUPDATE :12010 6 1 13 {:12004_6} TODO: start time :12004 (:12002,:12006)
[Sat Apr 29 2023 04:34:05.858472] r LSUPDATE :12010 6 1 20 {:12002_1} TODO: start time :12002 (:12000,:12010,:12004)
	[2]	353NET/1.0 LSUPDATE
	[2]	TTL: 7
	[2]	Flood: 1;reason=1
	[2]	MessageID: :12004_6_1682768045.854700
	[2]	From: :12004
	[2]	OriginStartTime: TODO: start time
	[2]	Content-Length: 13
	[2]	
	[2]	:12002,:12006
[Sat Apr 29 2023 04:34:05.858926] d LSUPDATE :12010 6 1 20 {:12002_1} TODO: start time :12002 (:12000,:12010,:12004)
	[2]	353NET/1.0 LSUPDATE
	[2]	TTL: 7
	[2]	Flood: 1;reason=3
	[2]	MessageID: :12002_146_1682768045.857065
	[2]	MessageID: :12002_146_1682768045.857065
[Sat Apr 29 2023 04:34:05.859034] r LSUPDATE :12004 7 1 13 {:12004_1} TODO: start time :12004 (:12002,:12006)
	[2]	MessageID: :12002_146_1682768045.857065
[Sat Apr 29 2023 04:34:05.859034] r LSUPDATE :12004 7 1 13 {:12004_1} TODO: start time :12004 (:12002,:12006)
	[2]	From: :12002
	[2]	OriginStartTime: TODO: start time
	[2]	Content-Length: 20
	[2]	Content-Length: 20
[Sat Apr 29 2023 04:34:05.859089] r LSUPDATE :12010 6 1 13 {:12004_1} TODO: start time :12004 (:12002,:12006)
	[2]	
	[2]	:12000,:12010,:12004
[Sat Apr 29 2023 04:34:05.859167] d LSUPDATE :12010 6 1 13 {:12004_1} TODO: start time :12004 (:12002,:12006)
	[2]	353NET/1.0 LSUPDATE
	[2]	TTL: 7
	[2]	Flood: 1;reason=3
	[2]	MessageID: :12004_11_1682768045.855225
	[2]	From: :12004
	[2]	OriginStartTime: TODO: start time
	[2]	Content-Length: 13
	[2]	
	[2]	:12002,:12006
[Sat Apr 29 2023 04:34:05.859593] r LSUPDATE :12004 7 1 13 {:12004_8} TODO: start time :12004 (:12002,:12006)
[Sat Apr 29 2023 04:34:05.859615] r LSUPDATE :12010 6 1 13 {:12004_8} TODO: start time :12004 (:12002,:12006)
[Sat Apr 29 2023 04:34:05.859667] d LSUPDATE :12010 6 1 13 {:12004_8} TODO: start time :12004 (:12002,:12006)
	[1]	353NET/1.0 LSUPDATE
	[1]	TTL: 7
	[1]	Flood: 1;reason=1
	[1]	MessageID: :12004_8_1682768045.854800
	[1]	From: :12004
	[1]	OriginStartTime: TODO: start time
	[1]	Content-Length: 13
	[1]	
	[1]	:12002,:12006
[Sat Apr 29 2023 04:34:05.859776] r LSUPDATE :12006 7 1 13 {:12006_1} TODO: start time :12006 (:12008,:12004)
[Sat Apr 29 2023 04:34:05.859794] r LSUPDATE :12010 6 1 13 {:12006_1} TODO: start time :12006 (:12008,:12004)
[Sat Apr 29 2023 04:34:05.859819] d LSUPDATE :12010 6 1 13 {:12006_1} TODO: start time :12006 (:12008,:12004)
	[1]	353NET/1.0 LSUPDATE
	[1]	TTL: 7
	[1]	Flood: 1;reason=3
	[1]	MessageID: :12006_121_1682768045.856167
	[1]	From: :12006
	[1]	OriginStartTime: TODO: start time
	[1]	Content-Length: 13
	[1]	
	[1]	:12008,:12004
[Sat Apr 29 2023 04:34:05.859926] r LSUPDATE :12002 7 1 20 {:12002_1} TODO: start time :12002 (:12000,:12010,:12004)
[Sat Apr 29 2023 04:34:05.859942] r LSUPDATE :12010 6 1 20 {:12002_1} TODO: start time :12002 (:12000,:12010,:12004)
[Sat Apr 29 2023 04:34:05.859967] d LSUPDATE :12010 6 1 20 {:12002_1} TODO: start time :12002 (:12000,:12010,:12004)
	[1]	353NET/1.0 LSUPDATE
	[1]	TTL: 7
	[1]	Flood: 1;reason=1
	[1]	MessageID: :12002_141_1682768045.854077
	[1]	From: :12002
	[1]	OriginStartTime: TODO: start time
	[1]	Content-Length: 20
	[1]	
	[1]	:12000,:12010,:12004
[Sat Apr 29 2023 04:34:05.860072] r LSUPDATE :12004 7 1 13 {:12004_1} TODO: start time :12004 (:12002,:12006)
[Sat Apr 29 2023 04:34:05.860088] r LSUPDATE :12010 6 1 13 {:12004_1} TODO: start time :12004 (:12002,:12006)
[Sat Apr 29 2023 04:34:05.860111] d LSUPDATE :12010 6 1 13 {:12004_1} TODO: start time :12004 (:12002,:12006)
	[1]	353NET/1.0 LSUPDATE
	[1]	TTL: 7
	[1]	Flood: 1;reason=3
	[1]	MessageID: :12004_13_1682768045.855297
	[1]	From: :12004
	[1]	OriginStartTime: TODO: start time
	[1]	Content-Length: 13
	[1]	
	[1]	:12002,:12006
[Sat Apr 29 2023 04:34:05.860737] r LSUPDATE :12004 7 1 13 {:12004_1} TODO: start time :12004 (:12002,:12006)
[Sat Apr 29 2023 04:34:05.860760] r LSUPDATE :12010 6 1 13 {:12004_1} TODO: start time :12004 (:12002,:12006)
[Sat Apr 29 2023 04:34:05.860876] d LSUPDATE :12010 6 1 13 {:12004_1} TODO: start time :12004 (:12002,:12006)
[Sat Apr 29 2023 04:34:05.860921] r LSUPDATE :12006 7 1 13 {:12006_1} TODO: start time :12006 (:12008,:12004)
[Sat Apr 29 2023 04:34:05.860940] r LSUPDATE :12010 6 1 13 {:12006_1} TODO: start time :12006 (:12008,:12004)
	[2]	353NET/1.0 LSUPDATE
	[2]	TTL: 7
	[2]	Flood: 1;reason=1
	[2]	MessageID: :12004_16_1682768045.855812
	[2]	From: :12004
	[2]	OriginStartTime: TODO: start time
	[2]	Content-Length: 13
	[2]	
	[2]	:12002,:12006
[Sat Apr 29 2023 04:34:05.860979] d LSUPDATE :12010 6 1 13 {:12006_1} TODO: start time :12006 (:12008,:12004)
	[2]	353NET/1.0 LSUPDATE
	[2]	TTL: 7
	[2]	Flood: 1;reason=1
	[2]	MessageID: :12006_118_1682768045.855405
	[2]	From: :12006
	[2]	OriginStartTime: TODO: start time
	[2]	Content-Length: 13
	[2]	
	[2]	:12008,:12004
[Sat Apr 29 2023 04:34:05.861128] r LSUPDATE :12004 7 1 13 {:12004_1} TODO: start time :12004 (:12002,:12006)
[Sat Apr 29 2023 04:34:05.861147] r LSUPDATE :12010 6 1 13 {:12004_1} TODO: start time :12004 (:12002,:12006)
[Sat Apr 29 2023 04:34:05.861290] d LSUPDATE :12010 6 1 13 {:12004_1} TODO: start time :12004 (:12002,:12006)
[Sat Apr 29 2023 04:34:05.861303] r LSUPDATE :12004 7 1 13 {:12004_2} TODO: start time :12004 (:12002,:12006)
[Sat Apr 29 2023 04:34:05.861326] r LSUPDATE :12010 6 1 13 {:12004_2} TODO: start time :12004 (:12002,:12006)
	[1]	353NET/1.0 LSUPDATE
	[1]	TTL: 7
	[1]	Flood: 1;reason=1
	[1]	MessageID: :12004_18_1682768045.855824
	[1]	From: :12004
	[1]	OriginStartTime: TODO: start time
	[1]	Content-Length: 13
	[1]	
	[1]	:12002,:12006
[Sat Apr 29 2023 04:34:05.861467] r LSUPDATE :12002 7 1 20 {:12002_1} TODO: start time :12002 (:12000,:12010,:12004)
[Sat Apr 29 2023 04:34:05.861482] d LSUPDATE :12010 6 1 13 {:12004_2} TODO: start time :12004 (:12002,:12006)
[Sat Apr 29 2023 04:34:05.861485] r LSUPDATE :12010 6 1 20 {:12002_1} TODO: start time :12002 (:12000,:12010,:12004)
[Sat Apr 29 2023 04:34:05.861482] d LSUPDATE :12010 6 1 13 {:12004_2} TODO: start time :12004 (:12002,:12006)
	[1]	353NET/1.0 LSUPDATE
	[1]	353NET/1.0 LSUPDATE
[Sat Apr 29 2023 04:34:05.861499] r LSUPDATE :12004 7 1 13 {:12004_2} TODO: start time :12004 (:12002,:12006)
	[1]	TTL: 7
	[1]	Flood: 1;reason=3
	[1]	Flood: 1;reason=3
[Sat Apr 29 2023 04:34:05.861519] r LSUPDATE :12010 6 1 13 {:12004_2} TODO: start time :12004 (:12002,:12006)
	[1]	MessageID: :12004_23_1682768045.856317
	[1]	From: :12004
	[1]	OriginStartTime: TODO: start time
	[1]	Content-Length: 13
	[1]	
	[1]	:12002,:12006
[Sat Apr 29 2023 04:34:05.861542] d LSUPDATE :12010 6 1 20 {:12002_1} TODO: start time :12002 (:12000,:12010,:12004)
	[1]	353NET/1.0 LSUPDATE
	[1]	TTL: 7
	[1]	Flood: 1;reason=3
	[1]	MessageID: :12002_148_1682768045.857132
	[1]	From: :12002
	[1]	OriginStartTime: TODO: start time
	[1]	Content-Length: 20
	[1]	
	[1]	:12000,:12010,:12004
[Sat Apr 29 2023 04:34:05.861615] d LSUPDATE :12010 6 1 13 {:12004_2} TODO: start time :12004 (:12002,:12006)
[Sat Apr 29 2023 04:34:05.861672] r LSUPDATE :12006 7 1 13 {:12006_1} TODO: start time :12006 (:12008,:12004)
	[2]	353NET/1.0 LSUPDATE
	[2]	TTL: 7
023 04:34:05.861672] r LSUPDATE :12006 7 1 13 {:12006_1} TODO: start time :12006 (:12008,:12004)
	[2]	TTL: 7
	[2]	Flood: 1;reason=3
	[2]	MessageID: :12004_21_1682768045.856306
	[2]	MessageID: :12004_21_1682768045.856306
[Sat Apr 29 2023 04:34:05.861691] r LSUPDATE :12010 6 1 13 {:12006_1} TODO: start time :12006 (:12008,:12004)
	[2]	From: :12004
	[2]	OriginStartTime: TODO: start time
	[2]	Content-Length: 13
	[2]	
	[2]	:12002,:12006
[Sat Apr 29 2023 04:34:05.861715] d LSUPDATE :12010 6 1 13 {:12006_1} TODO: start time :12006 (:12008,:12004)
	[2]	353NET/1.0 LSUPDATE
	[2]	TTL: 7
	[2]	Flood: 1;reason=3
	[2]	MessageID: :12006_123_1682768045.856177
	[2]	From: :12006
	[2]	OriginStartTime: TODO: start time
	[2]	Content-Length: 13
	[2]	
	[2]	:12008,:12004
[Sat Apr 29 2023 04:34:25.090054] r LSUPDATE :12002 7 1 20 {:12002_1} TODO: start time :12002 (:12000,:12010,:12004)
[Sat Apr 29 2023 04:34:25.090124] r LSUPDATE :12010 6 1 20 {:12002_1} TODO: start time :12002 (:12000,:12010,:12004)
[Sat Apr 29 2023 04:34:25.090523] d LSUPDATE :12010 6 1 20 {:12002_1} TODO: start time :12002 (:12000,:12010,:12004)
	[2]	353NET/1.0 LSUPDATE
	[2]	TTL: 7
	[2]	Flood: 1;reason=2
	[2]	MessageID: :12002_167_1682768065.089448
	[2]	From: :12002
	[2]	OriginStartTime: TODO: start time
	[2]	Content-Length: 20
	[2]	
	[2]	:12000,:12010,:12004
[Sat Apr 29 2023 04:34:25.091870] r LSUPDATE :12000 7 1 6 {:12000_1} TODO: start time :12000 (:12002)
[Sat Apr 29 2023 04:34:25.091912] r LSUPDATE :12010 6 1 6 {:12000_1} TODO: start time :12000 (:12002)
[Sat Apr 29 2023 04:34:25.092063] d LSUPDATE :12010 6 1 6 {:12000_1} TODO: start time :12000 (:12002)
	[2]	353NET/1.0 LSUPDATE
	[2]	TTL: 7
	[2]	Flood: 1;reason=3
	[2]	MessageID: :12000_107_1682768065.090377
	[2]	From: :12000
	[2]	OriginStartTime: TODO: start time
	[2]	Content-Length: 6
	[2]	
	[2]	:12002
[Sat Apr 29 2023 04:34:25.093218] r LSUPDATE :12004 7 1 6 {:12004_4} TODO: start time :12004 (:12006)
[Sat Apr 29 2023 04:34:25.093267] r LSUPDATE :12010 6 1 6 {:12004_4} TODO: start time :12004 (:12006)
[Sat Apr 29 2023 04:34:25.093499] d LSUPDATE :12010 6 1 6 {:12004_4} TODO: start time :12004 (:12006)
[Sat Apr 29 2023 04:34:25.093623] r LSUPDATE :12006 7 1 13 {:12006_1} TODO: start time :12006 (:12008,:12004)
[Sat Apr 29 2023 04:34:25.093664] r LSUPDATE :12010 6 1 13 {:12006_1} TODO: start time :12006 (:12008,:12004)
	[1]	353NET/1.0 LSUPDATE
	[1]	TTL: 7
	[1]	Flood: 1;reason=2
	[1]	MessageID: :12004_42_1682768065.089377
	[1]	From: :12004
	[1]	OriginStartTime: TODO: start time
	[1]	Content-Length: 6
	[1]	
	[1]	:12006
[Sat Apr 29 2023 04:34:25.093889] d LSUPDATE :12010 6 1 13 {:12006_1} TODO: start time :12006 (:12008,:12004)
	[1]	353NET/1.0 LSUPDATE
	[1]	TTL: 7
	[1]	Flood: 1;reason=2
	[1]	MessageID: :12006_145_1682768065.090844
	[1]	From: :12006
	[1]	OriginStartTime: TODO: start time
	[1]	Content-Length: 13
	[1]	
	[1]	:12008,:12004
[Sat Apr 29 2023 04:34:25.139057] r LSUPDATE :12008 7 1 13 {:12008_1} TODO: start time :12008 (:12006,:12010)
[Sat Apr 29 2023 04:34:25.139326] r LSUPDATE :12010 6 1 13 {:12008_1} TODO: start time :12008 (:12006,:12010)
[Sat Apr 29 2023 04:34:25.139595] d LSUPDATE :12010 6 1 13 {:12008_1} TODO: start time :12008 (:12006,:12010)
[Sat Apr 29 2023 04:34:25.139803] r LSUPDATE :12006 7 1 6 {:12006_1} TODO: start time :12006 (:12008)
[Sat Apr 29 2023 04:34:25.139803] r LSUPDATE :12006 7 1 6 {:12006_1} TODO: start time :12006 (:12008)
	[1]	353NET/1.0 LSUPDATE
	[1]	TTL: 7
	[1]	Flood: 1;reason=3
	[1]	Flood: 1;reason=3
[Sat Apr 29 2023 04:34:25.139866] r LSUPDATE :12010 6 1 6 {:12006_1} TODO: start time :12006 (:12008)
	[1]	MessageID: :12008_106_1682768065.092575
	[1]	From: :12008
	[1]	OriginStartTime: TODO: start time
	[1]	Content-Length: 13
	[1]	
	[1]	:12006,:12010
[Sat Apr 29 2023 04:34:25.139946] d LSUPDATE :12010 6 1 6 {:12006_1} TODO: start time :12006 (:12008)
	[1]	353NET/1.0 LSUPDATE
	[1]	TTL: 7
	[1]	Flood: 1;reason=3
	[1]	MessageID: :12006_151_1682768065.093282
	[1]	From: :12006
	[1]	OriginStartTime: TODO: start time
	[1]	Content-Length: 6
	[1]	
	[1]	:12008
[Sat Apr 29 2023 04:34:25.140156] i LSUPDATE :12010 7 1 13 {:12010_1} TODO: start time :12010 (:12002,:12008)
	[1]	353NET/1.0 LSUPDATE
	[1]	TTL: 7
	[1]	Flood: 1;reason=3
	[1]	MessageID: :12010_113_1682768065.139924
	[1]	From: :12010
	[1]	OriginStartTime: TODO: start time
	[1]	Content-Length: 13
	[1]	
	[1]	:12002,:12008
[Sat Apr 29 2023 04:34:25.140279] r LSUPDATE :12008 7 1 13 {:12008_1} TODO: start time :12008 (:12006,:12010)
[Sat Apr 29 2023 04:34:25.140328] r LSUPDATE :12010 6 1 13 {:12008_1} TODO: start time :12008 (:12006,:12010)
[Sat Apr 29 2023 04:34:25.140567] r LSUPDATE :12002 7 1 13 {:12002_1} TODO: start time :12002 (:12000,:12010)
[Sat Apr 29 2023 04:34:25.140569] i LSUPDATE :12010 7 1 13 {:12010_1} TODO: start time :12010 (:12002,:12008)
[Sat Apr 29 2023 04:34:25.140621] r LSUPDATE :12010 6 1 13 {:12002_1} TODO: start time :12002 (:12000,:12010)
	[2]	353NET/1.0 LSUPDATE
	[2]	TTL: 7
	[2]	Flood: 1;reason=3
	[2]	MessageID: :12010_115_1682768065.139935
	[2]	From: :12010
	[2]	OriginStartTime: TODO: start time
	[2]	Content-Length: 13
	[2]	
	[2]	:12002,:12008
[Sat Apr 29 2023 04:34:25.140804] d LSUPDATE :12010 6 1 13 {:12008_1} TODO: start time :12008 (:12006,:12010)
[Sat Apr 29 2023 04:34:25.140852] d LSUPDATE :12010 6 1 13 {:12002_1} TODO: start time :12002 (:12000,:12010)
	[1]	353NET/1.0 LSUPDATE
	[1]	TTL: 7
	[1]	Flood: 1;reason=3
	[1]	MessageID: :12008_112_1682768065.094391
	[1]	MessageID: :12008_112_1682768065.094391
	[2]	353NET/1.0 LSUPDATE
	[1]	From: :12008
	[2]	TTL: 7
	[1]	OriginStartTime: TODO: start time
	[2]	Flood: 1;reason=3
	[1]	Content-Length: 13
	[2]	MessageID: :12002_175_1682768065.094458
	[1]	
	[2]	From: :12002
	[1]	:12006,:12010
	[2]	OriginStartTime: TODO: start time
	[2]	Content-Length: 13
	[2]	
	[2]	:12000,:12010
[Sat Apr 29 2023 04:34:25.140972] i LSUPDATE :12010 7 1 13 {:12010_1} TODO: start time :12010 (:12002,:12008)
	[1]	353NET/1.0 LSUPDATE
	[1]	TTL: 7
	[1]	Flood: 1;reason=3
	[1]	MessageID: :12010_119_1682768065.140682
	[1]	From: :12010
	[1]	OriginStartTime: TODO: start time
	[1]	Content-Length: 13
O: start time
[Sat Apr 29 2023 04:34:25.141067] i LSUPDATE :12010 7 1 13 {:12010_1} TODO: start time :12010 (:12002,:12008)
	[1]	Content-Length: 13
	[1]	
	[1]	:12002,:12008
	[2]	353NET/1.0 LSUPDATE
	[2]	TTL: 7
	[2]	Flood: 1;reason=3
	[2]	MessageID: :12010_121_1682768065.140699
	[2]	From: :12010
	[2]	OriginStartTime: TODO: start time
	[2]	Content-Length: 13
	[2]	
	[2]	:12002,:12008
[Sat Apr 29 2023 04:34:25.142677] r LSUPDATE :12002 7 1 13 {:12002_1} TODO: start time :12002 (:12000,:12010)
[Sat Apr 29 2023 04:34:25.142732] r LSUPDATE :12010 6 1 13 {:12002_1} TODO: start time :12002 (:12000,:12010)
[Sat Apr 29 2023 04:34:25.142853] d LSUPDATE :12010 6 1 13 {:12002_1} TODO: start time :12002 (:12000,:12010)
[Sat Apr 29 2023 04:34:25.142926] r LSUPDATE :12000 7 1 6 {:12000_1} TODO: start time :12000 (:12002)
	[2]	353NET/1.0 LSUPDATE
	[2]	353NET/1.0 LSUPDATE
[Sat Apr 29 2023 04:34:25.142948] r LSUPDATE :12010 6 1 6 {:12000_1} TODO: start time :12000 (:12002)
	[2]	TTL: 7
	[2]	Flood: 1;reason=3
	[2]	MessageID: :12002_182_1682768065.141679
	[2]	From: :12002
	[2]	OriginStartTime: TODO: start time
	[2]	Content-Length: 13
	[2]	
	[2]	:12000,:12010
[Sat Apr 29 2023 04:34:25.143027] d LSUPDATE :12010 6 1 6 {:12000_1} TODO: start time :12000 (:12002)
	[2]	353NET/1.0 LSUPDATE
	[2]	TTL: 7
	[2]	Flood: 1;reason=3
	[2]	MessageID: :12000_111_1682768065.139973
	[2]	From: :12000
	[2]	OriginStartTime: TODO: start time
	[2]	Content-Length: 6
	[2]	Content-Length: 6
[Sat Apr 29 2023 04:34:25.143135] r LSUPDATE :12002 7 1 13 {:12002_1} TODO: start time :12002 (:12000,:12010)
	[2]	
	[2]	:12002
	[2]	:12002
[Sat Apr 29 2023 04:34:25.143156] r LSUPDATE :12010 6 1 13 {:12002_1} TODO: start time :12002 (:12000,:12010)
[Sat Apr 29 2023 04:34:25.143202] d LSUPDATE :12010 6 1 13 {:12002_1} TODO: start time :12002 (:12000,:12010)
	[2]	353NET/1.0 LSUPDATE
	[2]	TTL: 7
	[2]	Flood: 1;reason=3
	[2]	MessageID: :12002_187_1682768065.141918
	[2]	From: :12002
	[2]	OriginStartTime: TODO: start time
	[2]	Content-Length: 13
	[2]	
	[2]	:12000,:12010
[Sat Apr 29 2023 04:34:25.143339] r LSUPDATE :12002 7 1 13 {:12002_1} TODO: start time :12002 (:12000,:12010)
[Sat Apr 29 2023 04:34:25.143358] r LSUPDATE :12010 6 1 13 {:12002_1} TODO: start time :12002 (:12000,:12010)
[Sat Apr 29 2023 04:34:25.143395] d LSUPDATE :12010 6 1 13 {:12002_1} TODO: start time :12002 (:12000,:12010)
	[2]	353NET/1.0 LSUPDATE
	[2]	TTL: 7
	[2]	Flood: 1;reason=3
	[2]	MessageID: :12002_192_1682768065.142150
	[2]	From: :12002
	[2]	OriginStartTime: TODO: start time
	[2]	Content-Length: 13
	[2]	
	[2]	:12000,:12010
[Sat Apr 29 2023 04:34:25.143716] r LSUPDATE :12008 7 1 13 {:12008_1} TODO: start time :12008 (:12006,:12010)
[Sat Apr 29 2023 04:34:25.143760] r LSUPDATE :12010 6 1 13 {:12008_1} TODO: start time :12008 (:12006,:12010)
[Sat Apr 29 2023 04:34:25.143806] d LSUPDATE :12010 6 1 13 {:12008_1} TODO: start time :12008 (:12006,:12010)
	[1]	353NET/1.0 LSUPDATE
	[1]	TTL: 7
	[1]	Flood: 1;reason=3
	[1]	MessageID: :12008_118_1682768065.142245
	[1]	From: :12008
	[1]	OriginStartTime: TODO: start time
	[1]	Content-Length: 13
	[1]	
	[1]	:12006,:12010
[Sat Apr 29 2023 04:34:25.144047] r LSUPDATE :12000 7 1 6 {:12000_1} TODO: start time :12000 (:12002)
[Sat Apr 29 2023 04:34:25.144091] r LSUPDATE :12010 6 1 6 {:12000_1} TODO: start time :12000 (:12002)
[Sat Apr 29 2023 04:34:25.144283] d LSUPDATE :12010 6 1 6 {:12000_1} TODO: start time :12000 (:12002)
	[2]	353NET/1.0 LSUPDATE
	[2]	TTL: 7
	[2]	Flood: 1;reason=3
	[2]	MessageID: :12000_116_1682768065.142419
	[2]	From: :12000
	[2]	OriginStartTime: TODO: start time
	[2]	Content-Length: 6
	[2]	
	[2]	:12002
[Sat Apr 29 2023 04:34:25.144471] r LSUPDATE :12000 7 1 6 {:12000_1} TODO: start time :12000 (:12002)
[Sat Apr 29 2023 04:34:25.144517] r LSUPDATE :12010 6 1 6 {:12000_1} TODO: start time :12000 (:12002)
[Sat Apr 29 2023 04:34:25.144708] d LSUPDATE :12010 6 1 6 {:12000_1} TODO: start time :12000 (:12002)
	[2]	353NET/1.0 LSUPDATE
	[2]	TTL: 7
	[2]	Flood: 1;reason=3
	[2]	MessageID: :12000_119_1682768065.142812
	[2]	From: :12000
	[2]	OriginStartTime: TODO: start time
	[2]	Content-Length: 6
	[2]	
	[2]	:12002
[Sat Apr 29 2023 04:34:25.145222] r LSUPDATE :12006 7 1 6 {:12006_1} TODO: start time :12006 (:12008)
[Sat Apr 29 2023 04:34:25.145269] r LSUPDATE :12010 6 1 6 {:12006_1} TODO: start time :12006 (:12008)
[Sat Apr 29 2023 04:34:25.145464] d LSUPDATE :12010 6 1 6 {:12006_1} TODO: start time :12006 (:12008)
	[1]	353NET/1.0 LSUPDATE
	[1]	TTL: 7
	[1]	Flood: 1;reason=3
	[1]	MessageID: :12006_157_1682768065.143320
	[1]	From: :12006
	[1]	OriginStartTime: TODO: start time
	[1]	Content-Length: 6
	[1]	
	[1]	:12008
	[2]	353NET/1.0 UCASTAPP
	[2]	TTL: 7
	[2]	Flood: 0
	[2]	MessageID: :12010_132_1682768066.891084
	[2]	From: :12010
	[2]	To: :12006
	[2]	Next-Layer: 1
	[2]	Content-Length: 47
	[2]	
	[2]	353UDT/1.0 TTLZERO :12006_166_1682768066.841521
	[1]	353NET/1.0 UCASTAPP
	[1]	TTL: 1
	[1]	Flood: 0
	[1]	MessageID: :12006_172_1682768069.943163
	[1]	From: :12006
	[1]	To: :12000
	[1]	Next-Layer: 1
	[1]	Content-Length: 44
	[1]	
	[1]	353UDT/1.0 PING :12006_170_1682768069.942939
	[2]	353NET/1.0 UCASTAPP
	[2]	TTL: 6
	[2]	Flood: 0
	[2]	MessageID: :12002_201_1682768069.947241
	[2]	From: :12002
	[2]	To: :12006
	[2]	Next-Layer: 1
	[2]	Content-Length: 47
	[2]	
	[2]	353UDT/1.0 TTLZERO :12006_170_1682768069.942939
	[1]	353NET/1.0 UCASTAPP
	[1]	TTL: 2
	[1]	Flood: 0
	[1]	MessageID: :12006_176_1682768073.044209
	[1]	From: :12006
	[1]	To: :12000
	[1]	Next-Layer: 1
	[1]	Content-Length: 44
	[1]	
	[1]	353UDT/1.0 PING :12006_174_1682768073.044018
	[2]	353NET/1.0 UCASTAPP
	[2]	TTL: 5
	[2]	Flood: 0
	[2]	MessageID: :12000_129_1682768073.092484
	[2]	From: :12000
	[2]	To: :12006
	[2]	Next-Layer: 1
	[2]	Content-Length: 44
	[2]	
	[2]	353UDT/1.0 PONG :12006_174_1682768073.044018
[Sat Apr 29 2023 04:34:48.381293] r LSUPDATE :12002 7 1 20 {:12002_2} TODO: start time :12002 (:12000,:12010,:12004)
[Sat Apr 29 2023 04:34:48.381350] r LSUPDATE :12010 6 1 20 {:12002_2} TODO: start time :12002 (:12000,:12010,:12004)
[Sat Apr 29 2023 04:34:48.381510] d LSUPDATE :12010 6 1 20 {:12002_2} TODO: start time :12002 (:12000,:12010,:12004)
	[2]	353NET/1.0 LSUPDATE
	[2]	TTL: 7
	[2]	Flood: 1;reason=1
	[2]	MessageID: :12002_209_1682768088.380578
	[2]	From: :12002
	[2]	OriginStartTime: TODO: start time
	[2]	Content-Length: 20
	[2]	
	[2]	:12000,:12010,:12004
[Sat Apr 29 2023 04:34:48.382840] r LSUPDATE :12006 7 1 13 {:12006_1} TODO: start time :12006 (:12008,:12004)
[Sat Apr 29 2023 04:34:48.382892] r LSUPDATE :12010 6 1 13 {:12006_1} TODO: start time :12006 (:12008,:12004)
[Sat Apr 29 2023 04:34:48.382962] d LSUPDATE :12010 6 1 13 {:12006_1} TODO: start time :12006 (:12008,:12004)
	[1]	353NET/1.0 LSUPDATE
	[1]	TTL: 7
	[1]	Flood: 1;reason=1
	[1]	MessageID: :12006_181_1682768088.381318
	[1]	From: :12006
	[1]	OriginStartTime: TODO: start time
	[1]	Content-Length: 13
	[1]	
	[1]	:12008,:12004
[Sat Apr 29 2023 04:34:48.385183] r LSUPDATE :12004 7 1 13 {:12004_6} TODO: start time :12004 (:12002,:12006)
[Sat Apr 29 2023 04:34:48.385213] r LSUPDATE :12010 6 1 13 {:12004_6} TODO: start time :12004 (:12002,:12006)
[Sat Apr 29 2023 04:34:48.385454] d LSUPDATE :12010 6 1 13 {:12004_6} TODO: start time :12004 (:12002,:12006)
	[2]	353NET/1.0 LSUPDATE
	[2]	TTL: 7
	[2]	Flood: 1;reason=1
	[2]	MessageID: :12004_6_1682768088.381231
	[2]	From: :12004
	[2]	OriginStartTime: TODO: start time
	[2]	Content-Length: 13
	[2]	
	[2]	:12002,:12006
[Sat Apr 29 2023 04:34:48.385665] i LSUPDATE :12010 7 1 13 {:12010_1} TODO: start time :12010 (:12002,:12008)
[Sat Apr 29 2023 04:34:48.385721] i LSUPDATE :12010 7 1 13 {:12010_1} TODO: start time :12010 (:12002,:12008)
	[2]	353NET/1.0 LSUPDATE
	[2]	TTL: 7
.0 LSUPDATE
	[1]	353NET/1.0 LSUPDATE
	[2]	TTL: 7
	[1]	TTL: 7
	[1]	Flood: 1;reason=3
	[1]	MessageID: :12010_1	[1]	MessageID: :12010_141_1682768088.385456
	[1]	From: :12010
	[1]	OriginStartTime: TODO: start time
0_143_1682768088.385667
	[1]	OriginStartTime: TODO: start time
	[1]	Content-Length	[1]	Content-Length: 13
	[1]	
iginStartTime: TODO: start time
	[1]	
	[1]	:12002,:12008
 13
	[1]	:12002,:12008
	[2]	
	[2]	:12002,:12008
[Sat Apr 29 2023 04:34:48.386275] r LSUPDATE :12008 7 1 13 {:12008_1} TODO: start time :12008 (:12006,:12010)
[Sat Apr 29 2023 04:34:48.386299] r LSUPDATE :12010 6 1 13 {:12008_1} TODO: start time :12008 (:12006,:12010)
[Sat Apr 29 2023 04:34:48.386364] d LSUPDATE :12010 6 1 13 {:12008_1} TODO: start time :12008 (:12006,:12010)
	[1]	353NET/1.0 LSUPDATE
	[1]	TTL: 7
	[1]	Flood: 1;reason=3
	[1]	MessageID: :12008_139_1682768088.385757
	[1]	From: :12008
	[1]	OriginStartTime: TODO: start time
	[1]	Content-Length: 13
	[1]	
	[1]	:12006,:12010
[Sat Apr 29 2023 04:34:48.386951] r LSUPDATE :12004 7 1 13 {:12004_8} TODO: start time :12004 (:12002,:12006)
[Sat Apr 29 2023 04:34:48.386974] r LSUPDATE :12010 6 1 13 {:12004_8} TODO: start time :12004 (:12002,:12006)
[Sat Apr 29 2023 04:34:48.387109] r LSUPDATE :12006 7 1 13 {:12006_1} TODO: start time :12006 (:12008,:12004)
[Sat Apr 29 2023 04:34:48.387126] r LSUPDATE :12010 6 1 13 {:12006_1} TODO: start time :12006 (:12008,:12004)
[Sat Apr 29 2023 04:34:48.387160] r LSUPDATE :12002 7 1 20 {:12002_2} TODO: start time :12002 (:12000,:12010,:12004)
[Sat Apr 29 2023 04:34:48.387181] r LSUPDATE :12010 6 1 20 {:12002_2} TODO: start time :12002 (:12000,:12010,:12004)
[Sat Apr 29 2023 04:34:48.387255] r LSUPDATE :12004 7 1 13 {:12004_1} TODO: start time :12004 (:12002,:12006)
[Sat Apr 29 2023 04:34:48.387271] r LSUPDATE :12010 6 1 13 {:12004_1} TODO: start time :12004 (:12002,:12006)
[Sat Apr 29 2023 04:34:48.387381] r LSUPDATE :12004 7 1 13 {:12004_1} TODO: start time :12004 (:12002,:12006)
[Sat Apr 29 2023 04:34:48.387398] r LSUPDATE :12010 6 1 13 {:12004_1} TODO: start time :12004 (:12002,:12006)
[Sat Apr 29 2023 04:34:48.387401] r LSUPDATE :12002 7 1 20 {:12002_2} TODO: start time :12002 (:12000,:12010,:12004)
[Sat Apr 29 2023 04:34:48.387424] r LSUPDATE :12010 6 1 20 {:12002_2} TODO: start time :12002 (:12000,:12010,:12004)
[Sat Apr 29 2023 04:34:48.387473] r LSUPDATE :12004 7 1 13 {:12004_1} TODO: start time :12004 (:12002,:12006)
[Sat Apr 29 2023 04:34:48.387480] r LSUPDATE :12010 6 1 13 {:12004_1} TODO: start time :12004 (:12002,:12006)
[Sat Apr 29 2023 04:34:48.387548] r LSUPDATE :12000 7 1 6 {:12000_1} TODO: start time :12000 (:12002)
[Sat Apr 29 2023 04:34:48.387555] r LSUPDATE :12010 6 1 6 {:12000_1} TODO: start time :12000 (:12002)
[Sat Apr 29 2023 04:34:48.387556] r LSUPDATE :12004 7 1 13 {:12004_1} TODO: start time :12004 (:12002,:12006)
[Sat Apr 29 2023 04:34:48.387577] r LSUPDATE :12010 6 1 13 {:12004_1} TODO: start time :12004 (:12002,:12006)
[Sat Apr 29 2023 04:34:48.387601] d LSUPDATE :12010 6 1 13 {:12004_8} TODO: start time :12004 (:12002,:12006)
[Sat Apr 29 2023 04:34:48.387627] r LSUPDATE :12006 7 1 13 {:12006_1} TODO: start time :12006 (:12008,:12004)
[Sat Apr 29 2023 04:34:48.387635] r LSUPDATE :12010 6 1 13 {:12006_1} TODO: start time :12006 (:12008,:12004)
[Sat Apr 29 2023 04:34:48.387648] d LSUPDATE :12010 6 1 20 {:12002_2} TODO: start time :12002 (:12000,:12010,:12004)
	[1]	353NET/1.0 LSUPDATE
	[1]	TTL: 7
	[1]	Flood: 1;reason=1
	[1]	MessageID: :12004_8_1682768088.381339
	[1]	From: :12004
	[1]	OriginStartTime: TODO: start time
	[1]	Content-Length: 13
	[1]	
	[1]	:12002,:12006
[Sat Apr 29 2023 04:34:48.387784] d LSUPDATE :12010 6 1 13 {:12006_1} TODO: start time :12006 (:12008,:12004)
	[1]	353NET/1.0 LSUPDATE
	[1]	TTL: 7
	[1]	Flood: 1;reason=3
	[1]	MessageID: :12006_186_1682768088.382617
	[1]	From: :12006
	[1]	OriginStartTime: TODO: start time
	[1]	Content-Length: 13
	[1]	
	[1]	:12008,:12004
.0 LSUPDATE
	[2]	TTL: 7
12004
	[2]	TTL: 7
	[2]	Flood: 1;reason=3
	[2]	MessageID: :12002_216_1682768088.382683
	[2]	From: :12002
	[2]	OriginStartTime: TODO: start time
	[2]	Content-Length: 20
	[2]	
	[2]	:12000,:12010,:12004
	[2]	:12000,:12010,:12004
[Sat Apr 29 2023 04:34:48.387846] d LSUPDATE :12010 6 1 13 {:12004_1} TODO: start time :12004 (:12002,:12006)
[Sat Apr 29 2023 04:34:48.387863] d LSUPDATE :12010 6 1 13 {:12004_1} TODO: start time :12004 (:12002,:12006)
	[1]	353NET/1.0 LSUPDATE
	[1]	TTL: 7
	[1]	Flood: 1;reason=1
	[1]	MessageID: :12004_13_1682768088.381807
	[1]	From: :12004
	[1]	OriginStartTime: TODO: start time
	[1]	Content-Length: 13
	[1]	
	[1]	:12002,:12006
[Sat Apr 29 2023 04:34:48.387907] r LSUPDATE :12004 7 1 13 {:12004_2} TODO: start time :12004 (:12002,:12006)
[Sat Apr 29 2023 04:34:48.387915] d LSUPDATE :12010 6 1 20 {:12002_2} TODO: start time :12002 (:12000,:12010,:12004)
[Sat Apr 29 2023 04:34:48.387907] r LSUPDATE :12004 7 1 13 {:12004_2} TODO: start time :12004 (:12002,:12006)
	[1]	353NET/1.0 LSUPDATE
	[1]	TTL: 7
.0 LSUPDATE
	[2]	353NET/1.0 LSUPDATE
	[1]	TTL: 7
	[1]	Flood: 1;reason=1
 2023 04:34:48.387935] r LSUPDATE :12010 6 1 13 {:12004_2} TODO: start time :12004 (:12002,:12006)
	[1]	Flood: 1	[1]	Flood: 1;reason=1
	[2]	Flood: 1;reason=1
	[1]	MessageID: :12002_211_1682768088.380649
	[2]	MessageID: :12004_11_1682768088.381782
	[2]	From: :12004
	[2]	From: :12004
	[2]	OriginStartTime: TODO: start time
	[2]	OriginStartTime: TODO: start time
	[2]	Content-Length: 13
	[2]	Content-Length: 13
	[1]	
	[2]	
	[1]	:12000,:12010,:12004
	[2]	:12002,:12006
[Sat Apr 29 2023 04:34:48.387978] d LSUPDATE :12010 6 1 13 {:12004_1} TODO: start time :12004 (:12002,:12006)
[Sat Apr 29 2023 04:34:48.387981] d LSUPDATE :12010 6 1 13 {:12004_1} TODO: start time :12004 (:12002,:12006)
	[2]	353NET/1.0 LSUPDATE
	[2]	TTL: 7
	[2]	Flood: 1;reason=3
	[2]	MessageID: :12004_16_1682768088.382135
	[2]	From: :12004
	[2]	OriginStartTime: TODO: start time
	[2]	Content-Length: 13
	[2]	
	[2]	:12002,:12006
.0 LSUPDATE
	[2]	:12002,:12006
	[1]	TTL: 7
	[1]	Flood: 1;reason=3
	[1]	MessageID: :12004_18_1682768088.382156
	[1]	MessageID: :12004_18_1682768088.382156
[Sat Apr 29 2023 04:34:48.388024] d LSUPDATE :12010 6 1 6 {:12000_1} TODO: start time :12000 (:12002)
	[1]	From: :12004
	[1]	OriginStartTime: TODO: start time
	[1]	Content-Length: 13
	[1]	
	[1]	:12002,:12006
	[2]	353NET/1.0 LSUPDATE
	[2]	TTL: 7
	[2]	Flood: 1;reason=3
	[2]	MessageID: :12000_133_1682768088.382811
	[2]	From: :12000
	[2]	OriginStartTime: TODO: start time
	[2]	Content-Length: 6
	[2]	
	[2]	:12002
[Sat Apr 29 2023 04:34:48.388087] r LSUPDATE :12006 7 1 13 {:12006_1} TODO: start time :12006 (:12008,:12004)
[Sat Apr 29 2023 04:34:48.388066] r LSUPDATE :12004 7 1 13 {:12004_2} TODO: start time :12004 (:12002,:12006)
[Sat Apr 29 2023 04:34:48.388066] r LSUPDATE :12004 7 1 13 {:12004_2} TODO: start time :12004 (:12002,:12006)
[Sat Apr 29 2023 04:34:48.388144] r LSUPDATE :12010 6 1 13 {:12006_1} TODO: start time :12006 (:12008,:12004)
[Sat Apr 29 2023 04:34:48.388183] r LSUPDATE :12010 6 1 13 {:12004_2} TODO: start time :12004 (:12002,:12006)
[Sat Apr 29 2023 04:34:48.388067] d LSUPDATE :12010 6 1 13 {:12006_1} TODO: start time :12006 (:12008,:12004)
	[2]	353NET/1.0 LSUPDATE
	[2]	TTL: 7
	[2]	Flood: 1;reason=1
	[2]	MessageID: :12006_183_1682768088.381416
	[2]	From: :12006
	[2]	OriginStartTime: TODO: start time
	[2]	Content-Length: 13
	[2]	
ntent-Length: 13
[Sat Apr 29 2023 04:34:48.388451] r LSUPDATE :12004 7 1 13 {:12004_3} TODO: start time :12004 (:12002,:12006)
	[2]	
	[2]	:12008,:12004
[Sat Apr 29 2023 04:34:48.388489] r LSUPDATE :12010 6 1 13 {:12004_3} TODO: start time :12004 (:12002,:12006)
[Sat Apr 29 2023 04:34:48.388503] d LSUPDATE :12010 6 1 13 {:12004_2} TODO: start time :12004 (:12002,:12006)
	[2]	353NET/1.0 LSUPDATE
	[2]	TTL: 7
	[2]	Flood: 1;reason=3
	[2]	MessageID: :12004_21_1682768088.382351
	[2]	From: :12004
[Sat Apr 29 2023 04:34:48.388541] r LSUPDATE :12002 7 1 20 {:12002_2} TODO: start time :12002 (:12000,:12010,:12004)
	[2]	OriginStartTime: TODO: start time
	[2]	Content-Length: 13
.388541] r LSUPDATE :12002 7 1 20 {:12002_2} TODO: start time :12002 (:12000,:12010,:12004)
	[2]	Content-Length: 13
	[2]	
	[2]	:12002,:12006
[Sat Apr 29 2023 04:34:48.388580] r LSUPDATE :12010 6 1 20 {:12002_2} TODO: start time :12002 (:12000,:12010,:12004)
[Sat Apr 29 2023 04:34:48.388593] d LSUPDATE :12010 6 1 13 {:12006_1} TODO: start time :12006 (:12008,:12004)
	[2]	353NET/1.0 LSUPDATE
	[2]	TTL: 7
	[2]	Flood: 1;reason=3
	[2]	MessageID: :12006_188_1682768088.382628
	[2]	From: :12006
	[2]	OriginStartTime: TODO: start time
	[2]	Content-Length: 13
	[2]	
	[2]	:12008,:12004
[Sat Apr 29 2023 04:34:48.388745] d LSUPDATE :12010 6 1 13 {:12004_3} TODO: start time :12004 (:12002,:12006)
	[2]	353NET/1.0 LSUPDATE
	[2]	TTL: 7
	[2]	Flood: 1;reason=3
	[2]	MessageID: :12004_30_1682768088.384920
	[2]	From: :12004
	[2]	OriginStartTime: TODO: start time
	[2]	Content-Length: 13
	[2]	
	[2]	:12002,:12006
[Sat Apr 29 2023 04:34:48.388827] r LSUPDATE :12004 7 1 13 {:12004_3} TODO: start time :12004 (:12002,:12006)
[Sat Apr 29 2023 04:34:48.388870] r LSUPDATE :12010 6 1 13 {:12004_3} TODO: start time :12004 (:12002,:12006)
[Sat Apr 29 2023 04:34:48.388915] d LSUPDATE :12010 6 1 13 {:12004_2} TODO: start time :12004 (:12002,:12006)
[Sat Apr 29 2023 04:34:48.388944] r LSUPDATE :12000 7 1 6 {:12000_1} TODO: start time :12000 (:12002)
	[1]	353NET/1.0 LSUPDATE
	[1]	TTL: 7
	[1]	Flood: 1;reason=3
 2023 04:34:48.388982] r LSUPDATE :12010 6 1 6 {:12000_1} TODO: start time :12000 (:12002)
	[1]	Flood: 1;reason=3
	[1]	MessageID: :12004_23_1682768088.382361
	[1]	From: :12004
	[1]	OriginStartTime: TODO: start time
	[1]	Content-Length: 13
	[1]	
	[1]	:12002,:12006
[Sat Apr 29 2023 04:34:48.389075] d LSUPDATE :12010 6 1 20 {:12002_2} TODO: start time :12002 (:12000,:12010,:12004)
[Sat Apr 29 2023 04:34:48.389284] r LSUPDATE :12004 7 1 13 {:12004_3} TODO: start time :12004 (:12002,:12006)
[Sat Apr 29 2023 04:34:48.389295] r LSUPDATE :12004 7 1 13 {:12004_4} TODO: start time :12004 (:12002,:12006)
[Sat Apr 29 2023 04:34:48.389295] r LSUPDATE :12004 7 1 13 {:12004_4} TODO: start time :12004 (:12002,:12006)
[Sat Apr 29 2023 04:34:48.389312] r LSUPDATE :12010 6 1 13 {:12004_3} TODO: start time :12004 (:12002,:12006)
[Sat Apr 29 2023 04:34:48.389341] r LSUPDATE :12010 6 1 13 {:12004_4} TODO: start time :12004 (:12002,:12006)
	[1]	353NET/1.0 LSUPDATE
	[1]	TTL: 7
	[1]	Flood: 1;reason=3
	[1]	MessageID: :12002_218_1682768088.382695
	[1]	From: :12002
	[1]	OriginStartTime: TODO: start time
	[1]	Content-Length: 20
	[1]	
	[1]	:12000,:12010,:12004
[Sat Apr 29 2023 04:34:48.389486] d LSUPDATE :12010 6 1 13 {:12004_3} TODO: start time :12004 (:12002,:12006)
	[1]	353NET/1.0 LSUPDATE
	[1]	TTL: 7
	[1]	Flood: 1;reason=3
	[1]	MessageID: :12004_32_1682768088.384928
	[1]	From: :12004
	[1]	OriginStartTime: TODO: start time
	[1]	Content-Length: 13
	[1]	
	[1]	:12002,:12006
[Sat Apr 29 2023 04:34:48.389690] d LSUPDATE :12010 6 1 13 {:12004_3} TODO: start time :12004 (:12002,:12006)
	[2]	353NET/1.0 LSUPDATE
	[2]	TTL: 7
	[2]	Flood: 1;reason=3
	[2]	MessageID: :12004_35_1682768088.386600
	[2]	From: :12004
	[2]	OriginStartTime: TODO: start time
	[2]	Content-Length: 13
	[2]	
	[2]	:12002,:12006
[Sat Apr 29 2023 04:34:48.389883] d LSUPDATE :12010 6 1 13 {:12004_4} TODO: start time :12004 (:12002,:12006)
	[2]	353NET/1.0 LSUPDATE
	[2]	TTL: 7
	[2]	Flood: 1;reason=3
	[2]	MessageID: :12004_41_1682768088.386981
	[2]	From: :12004
	[2]	OriginStartTime: TODO: start time
	[2]	Content-Length: 13
	[2]	
	[2]	:12002,:12006
[Sat Apr 29 2023 04:34:48.390237] r LSUPDATE :12008 7 1 13 {:12008_1} TODO: start time :12008 (:12006,:12010)
[Sat Apr 29 2023 04:34:48.390277] r LSUPDATE :12010 6 1 13 {:12008_1} TODO: start time :12008 (:12006,:12010)
[Sat Apr 29 2023 04:34:48.391275] d LSUPDATE :12010 6 1 13 {:12008_1} TODO: start time :12008 (:12006,:12010)
	[2]	353NET/1.0 LSUPDATE
	[2]	TTL: 7
	[2]	Flood: 1;reason=3
	[2]	MessageID: :12008_137_1682768088.385753
	[2]	From: :12008
	[2]	OriginStartTime: TODO: start time
	[2]	Content-Length: 13
	[2]	
	[2]	:12006,:12010
[Sat Apr 29 2023 04:34:48.392715] r LSUPDATE :12010 7 1 13 {:12010_1} TODO: start time :12010 (:12002,:12008)
[Sat Apr 29 2023 04:34:48.392776] r LSUPDATE :12010 6 1 13 {:12010_1} TODO: start time :12010 (:12002,:12008)
[Sat Apr 29 2023 04:34:48.393802] r LSUPDATE :12010 7 1 13 {:12010_1} TODO: start time :12010 (:12002,:12008)
[Sat Apr 29 2023 04:34:48.393861] r LSUPDATE :12010 6 1 13 {:12010_1} TODO: start time :12010 (:12002,:12008)
[Sat Apr 29 2023 04:34:48.394112] r LSUPDATE :12004 7 1 13 {:12004_3} TODO: start time :12004 (:12002,:12006)
[Sat Apr 29 2023 04:34:48.394167] r LSUPDATE :12010 6 1 13 {:12004_3} TODO: start time :12004 (:12002,:12006)
[Sat Apr 29 2023 04:34:48.394348] d LSUPDATE :12010 6 1 13 {:12004_3} TODO: start time :12004 (:12002,:12006)
	[1]	353NET/1.0 LSUPDATE
	[1]	TTL: 7
	[1]	Flood: 1;reason=3
	[1]	MessageID: :12004_37_1682768088.386606
	[1]	From: :12004
	[1]	OriginStartTime: TODO: start time
	[1]	Content-Length: 13
[Sat Apr 29 2023 04:34:48.394574] r LSUPDATE :12010 6 1 13 {:12004_4} TODO: start time :12004 (:12002,:12006)
[Sat Apr 29 2023 04:34:48.394574] r LSUPDATE :12010 6 1 13 {:12004_4} TODO: start time :12004 (:12002,:12006)
	[1]	
	[1]	:12002,:12006
[Sat Apr 29 2023 04:34:48.394624] d LSUPDATE :12010 6 1 13 {:12004_4} TODO: start time :12004 (:12002,:12006)
	[1]	353NET/1.0 LSUPDATE
	[1]	TTL: 7
	[1]	Flood: 1;reason=3
	[1]	MessageID: :12004_43_1682768088.386989
	[1]	From: :12004
	[1]	OriginStartTime: TODO: start time
	[1]	Content-Length: 13
	[1]	
	[1]	:12002,:12006
	[1]	353NET/1.0 UCASTAPP
	[1]	TTL: 7
	[1]	Flood: 0
	[1]	MessageID: :12010_171_1682768158.193513
	[1]	From: :12010
	[1]	To: :12002
	[1]	Next-Layer: 1
	[1]	Content-Length: 47
	[1]	
	[1]	353UDT/1.0 TTLZERO :12002_253_1682768158.191996
	[1]	353NET/1.0 UCASTAPP
	[1]	TTL: 7
	[1]	Flood: 0
	[1]	MessageID: :12010_174_1682768160.859847
	[1]	From: :12010
	[1]	To: :12000
	[1]	Next-Layer: 1
	[1]	Content-Length: 47
	[1]	
	[1]	353UDT/1.0 TTLZERO :12000_163_1682768160.806630
	[2]	353NET/1.0 UCASTAPP
	[2]	TTL: 1
	[2]	Flood: 0
	[2]	MessageID: :12002_261_1682768161.293452
	[2]	From: :12002
	[2]	To: :12008
	[2]	Next-Layer: 1
	[2]	Content-Length: 44
	[2]	
	[2]	353UDT/1.0 PING :12002_259_1682768161.293226
	[1]	353NET/1.0 UCASTAPP
	[1]	TTL: 6
	[1]	Flood: 0
	[1]	MessageID: :12008_167_1682768161.296196
	[1]	From: :12008
	[1]	To: :12002
	[1]	Next-Layer: 1
	[1]	Content-Length: 44
	[1]	
	[1]	353UDT/1.0 PONG :12002_259_1682768161.293226
	[2]	353NET/1.0 UCASTAPP
	[2]	TTL: 1
	[2]	Flood: 0
	[2]	MessageID: :12000_169_1682768163.907969
	[2]	From: :12000
	[2]	To: :12008
	[2]	Next-Layer: 1
	[2]	Content-Length: 44
	[2]	
	[2]	353UDT/1.0 PING :12000_167_1682768163.907749
	[1]	353NET/1.0 UCASTAPP
	[1]	TTL: 6
	[1]	Flood: 0
	[1]	MessageID: :12008_170_1682768163.912276
	[1]	From: :12008
	[1]	To: :12000
	[1]	Next-Layer: 1
	[1]	Content-Length: 44
	[1]	
	[1]	353UDT/1.0 PONG :12000_167_1682768163.907749
[Sat Apr 29 2023 04:36:28.050681] r LSUPDATE :12004 7 1 6 {:12004_7} TODO: start time :12004 (:12006)
[Sat Apr 29 2023 04:36:28.050757] r LSUPDATE :12010 6 1 6 {:12004_7} TODO: start time :12004 (:12006)
[Sat Apr 29 2023 04:36:28.051224] r LSUPDATE :12006 7 1 13 {:12006_2} TODO: start time :12006 (:12008,:12004)
[Sat Apr 29 2023 04:36:28.051271] r LSUPDATE :12010 6 1 13 {:12006_2} TODO: start time :12006 (:12008,:12004)
[Sat Apr 29 2023 04:36:28.051308] d LSUPDATE :12010 6 1 6 {:12004_7} TODO: start time :12004 (:12006)
[Sat Apr 29 2023 04:36:28.051637] r LSUPDATE :12008 7 1 13 {:12008_1} TODO: start time :12008 (:12006,:12010)
[Sat Apr 29 2023 04:36:28.051637] r LSUPDATE :12008 7 1 13 {:12008_1} TODO: start time :12008 (:12006,:12010)
	[1]	353NET/1.0 LSUPDATE
[Sat Apr 29 2023 04:36:28.051681] r LSUPDATE :12010 6 1 13 {:12008_1} TODO: start time :12008 (:12006,:12010)
[Sat Apr 29 2023 04:36:28.051681] r LSUPDATE :12010 6 1 13 {:12008_1} TODO: start time :12008 (:12006,:12010)
	[1]	TTL: 7
	[1]	Flood: 1;reason=2
	[1]	MessageID: :12004_79_1682768188.004866
	[1]	From: :12004
	[1]	OriginStartTime: TODO: start time
	[1]	Content-Length: 6
	[1]	
	[1]	:12006
[Sat Apr 29 2023 04:36:28.051777] d LSUPDATE :12010 6 1 13 {:12006_2} TODO: start time :12006 (:12008,:12004)
	[1]	353NET/1.0 LSUPDATE
	[1]	TTL: 7
	[1]	Flood: 1;reason=2
	[1]	MessageID: :12006_245_1682768188.006193
	[1]	From: :12006
	[1]	OriginStartTime: TODO: start time
	[1]	Content-Length: 13
	[1]	
	[1]	:12008,:12004
[Sat Apr 29 2023 04:36:28.052080] d LSUPDATE :12010 6 1 13 {:12008_1} TODO: start time :12008 (:12006,:12010)
	[1]	353NET/1.0 LSUPDATE
	[1]	TTL: 7
	[1]	Flood: 1;reason=3
	[1]	MessageID: :12008_176_1682768188.050504
	[1]	From: :12008
	[1]	OriginStartTime: TODO: start time
	[1]	Content-Length: 13
	[1]	
	[1]	:12006,:12010
[Sat Apr 29 2023 04:36:28.052327] r LSUPDATE :12002 7 1 20 {:12002_2} TODO: start time :12002 (:12000,:12010,:12004)
[Sat Apr 29 2023 04:36:28.052378] r LSUPDATE :12010 6 1 20 {:12002_2} TODO: start time :12002 (:12000,:12010,:12004)
[Sat Apr 29 2023 04:36:28.052715] r LSUPDATE :12000 7 1 6 {:12000_1} TODO: start time :12000 (:12002)
[Sat Apr 29 2023 04:36:28.052755] r LSUPDATE :12010 6 1 6 {:12000_1} TODO: start time :12000 (:12002)
[Sat Apr 29 2023 04:36:28.052917] d LSUPDATE :12010 6 1 20 {:12002_2} TODO: start time :12002 (:12000,:12010,:12004)
	[2]	353NET/1.0 LSUPDATE
	[2]	TTL: 7
	[2]	Flood: 1;reason=2
	[2]	MessageID: :12002_273_1682768188.004923
	[2]	From: :12002
	[2]	OriginStartTime: TODO: start time
	[2]	Content-Length: 20
	[2]	
	[2]	:12000,:12010,:12004
[Sat Apr 29 2023 04:36:28.053192] d LSUPDATE :12010 6 1 6 {:12000_1} TODO: start time :12000 (:12002)
	[2]	353NET/1.0 LSUPDATE
	[2]	TTL: 7
	[2]	Flood: 1;reason=3
	[2]	MessageID: :12000_176_1682768188.006081
	[2]	From: :12000
	[2]	OriginStartTime: TODO: start time
	[2]	Content-Length: 6
	[2]	
	[2]	:12002
[Sat Apr 29 2023 04:36:28.053677] r LSUPDATE :12006 7 1 6 {:12006_2} TODO: start time :12006 (:12008)
[Sat Apr 29 2023 04:36:28.053724] r LSUPDATE :12010 6 1 6 {:12006_2} TODO: start time :12006 (:12008)
[Sat Apr 29 2023 04:36:28.053906] d LSUPDATE :12010 6 1 6 {:12006_2} TODO: start time :12006 (:12008)
	[1]	353NET/1.0 LSUPDATE
	[1]	TTL: 7
	[1]	Flood: 1;reason=3
	[1]	MessageID: :12006_250_1682768188.051585
	[1]	From: :12006
	[1]	OriginStartTime: TODO: start time
	[1]	Content-Length: 6
	[1]	
	[1]	:12008
[Sat Apr 29 2023 04:36:28.054273] i LSUPDATE :12010 7 1 13 {:12010_1} TODO: start time :12010 (:12002,:12008)
[Sat Apr 29 2023 04:36:28.054273] i LSUPDATE :12010 7 1 13 {:12010_1} TODO: start time :12010 (:12002,:12008)
[Sat Apr 29 2023 04:36:28.054299] i LSUPDATE :12010 7 1 13 {:12010_1} TODO: start time :12010 (:12002,:12008)
	[1]	353NET/1.0 LSUPDATE
	[1]	TTL: 7
	[1]	Flood: 1;reason=3
	[1]	MessageID: :12010_186_1682768188.053879
	[1]	From: :12010
	[1]	OriginStartTime: TODO: start time
	[1]	Content-Length: 13
	[1]	
	[1]	:12002,:12008
	[2]	353NET/1.0 LSUPDATE
	[2]	TTL: 7
	[2]	Flood: 1;reason=3
	[2]	MessageID: :12010_188_1682768188.053895
	[2]	From: :12010
	[2]	OriginStartTime: TODO: start time
	[2]	Content-Length: 13
	[2]	
	[2]	:12002,:12008
[Sat Apr 29 2023 04:36:28.054669] r LSUPDATE :12002 7 1 13 {:12002_2} TODO: start time :12002 (:12000,:12010)
[Sat Apr 29 2023 04:36:28.054717] r LSUPDATE :12010 6 1 13 {:12002_2} TODO: start time :12002 (:12000,:12010)
[Sat Apr 29 2023 04:36:28.054276] r LSUPDATE :12008 7 1 13 {:12008_1} TODO: start time :12008 (:12006,:12010)
[Sat Apr 29 2023 04:36:28.055014] r LSUPDATE :12010 6 1 13 {:12008_1} TODO: start time :12008 (:12006,:12010)
[Sat Apr 29 2023 04:36:28.055041] d LSUPDATE :12010 6 1 13 {:12002_2} TODO: start time :12002 (:12000,:12010)
	[2]	353NET/1.0 LSUPDATE
	[2]	TTL: 7
	[2]	Flood: 1;reason=3
	[2]	MessageID: :12002_281_1682768188.052279
	[2]	From: :12002
	[2]	OriginStartTime: TODO: start time
	[2]	Content-Length: 13
	[2]	
	[2]	:12000,:12010
[Sat Apr 29 2023 04:36:28.055189] i LSUPDATE :12010 7 1 13 {:12010_1} TODO: start time :12010 (:12002,:12008)
	[2]	353NET/1.0 LSUPDATE
	[2]	TTL: 7
	[2]	Flood: 1;reason=3
	[2]	MessageID: :12010_194_1682768188.054943
	[2]	From: :12010
	[2]	OriginStartTime: TODO: start time
	[2]	Content-Length: 13
	[2]	
	[2]	:12002,:12008
[Sat Apr 29 2023 04:36:28.055382] i LSUPDATE :12010 7 1 13 {:12010_1} TODO: start time :12010 (:12002,:12008)
	[1]	353NET/1.0 LSUPDATE
	[1]	TTL: 7
	[1]	Flood: 1;reason=3
	[1]	MessageID: :12010_192_1682768188.054831
	[1]	From: :12010
	[1]	OriginStartTime: TODO: start time
	[1]	Content-Length: 13
	[1]	
	[1]	:12002,:12008
[Sat Apr 29 2023 04:36:28.055628] d LSUPDATE :12010 6 1 13 {:12008_1} TODO: start time :12008 (:12006,:12010)
	[1]	353NET/1.0 LSUPDATE
	[1]	TTL: 7
	[1]	Flood: 1;reason=3
	[1]	MessageID: :12008_181_1682768188.052757
	[1]	From: :12008
	[1]	OriginStartTime: TODO: start time
	[1]	Content-Length: 13
	[1]	
	[1]	:12006,:12010
[Sat Apr 29 2023 04:36:28.055868] r LSUPDATE :12002 7 1 13 {:12002_2} TODO: start time :12002 (:12000,:12010)
[Sat Apr 29 2023 04:36:28.055916] r LSUPDATE :12010 6 1 13 {:12002_2} TODO: start time :12002 (:12000,:12010)
[Sat Apr 29 2023 04:36:28.056093] d LSUPDATE :12010 6 1 13 {:12002_2} TODO: start time :12002 (:12000,:12010)
	[2]	353NET/1.0 LSUPDATE
	[2]	TTL: 7
	[2]	Flood: 1;reason=3
	[2]	MessageID: :12002_288_1682768188.054948
	[2]	From: :12002
	[2]	OriginStartTime: TODO: start time
	[2]	Content-Length: 13
	[2]	
	[2]	:12000,:12010
[Sat Apr 29 2023 04:36:28.056676] r LSUPDATE :12008 7 1 13 {:12008_1} TODO: start time :12008 (:12006,:12010)
[Sat Apr 29 2023 04:36:28.056721] r LSUPDATE :12010 6 1 13 {:12008_1} TODO: start time :12008 (:12006,:12010)
[Sat Apr 29 2023 04:36:28.056878] d LSUPDATE :12010 6 1 13 {:12008_1} TODO: start time :12008 (:12006,:12010)
	[1]	353NET/1.0 LSUPDATE
	[1]	TTL: 7
	[1]	Flood: 1;reason=3
	[1]	MessageID: :12008_189_1682768188.055524
	[1]	From: :12008
	[1]	OriginStartTime: TODO: start time
	[1]	Content-Length: 13
	[1]	
	[1]	:12006,:12010
[Sat Apr 29 2023 04:36:28.057252] r LSUPDATE :12002 7 1 13 {:12002_2} TODO: start time :12002 (:12000,:12010)
[Sat Apr 29 2023 04:36:28.057293] r LSUPDATE :12010 6 1 13 {:12002_2} TODO: start time :12002 (:12000,:12010)
[Sat Apr 29 2023 04:36:28.057434] d LSUPDATE :12010 6 1 13 {:12002_2} TODO: start time :12002 (:12000,:12010)
	[2]	353NET/1.0 LSUPDATE
	[2]	TTL: 7
	[2]	Flood: 1;reason=3
	[2]	MessageID: :12002_293_1682768188.055564
	[2]	From: :12002
	[2]	OriginStartTime: TODO: start time
	[2]	Content-Length: 13
	[2]	
	[2]	:12000,:12010
[Sat Apr 29 2023 04:36:28.057820] r LSUPDATE :12006 7 1 6 {:12006_2} TODO: start time :12006 (:12008)
[Sat Apr 29 2023 04:36:28.057866] r LSUPDATE :12010 6 1 6 {:12006_2} TODO: start time :12006 (:12008)
[Sat Apr 29 2023 04:36:28.058029] d LSUPDATE :12010 6 1 6 {:12006_2} TODO: start time :12006 (:12008)
	[1]	353NET/1.0 LSUPDATE
	[1]	TTL: 7
	[1]	Flood: 1;reason=3
	[1]	MessageID: :12006_257_1682768188.056192
	[1]	From: :12006
	[1]	OriginStartTime: TODO: start time
	[1]	Content-Length: 6
	[1]	
	[1]	:12008
[Sat Apr 29 2023 04:36:28.058285] r LSUPDATE :12008 7 1 13 {:12008_1} TODO: start time :12008 (:12006,:12010)
[Sat Apr 29 2023 04:36:28.058338] r LSUPDATE :12010 6 1 13 {:12008_1} TODO: start time :12008 (:12006,:12010)
[Sat Apr 29 2023 04:36:28.058513] d LSUPDATE :12010 6 1 13 {:12008_1} TODO: start time :12008 (:12006,:12010)
	[1]	353NET/1.0 LSUPDATE
	[1]	TTL: 7
	[1]	Flood: 1;reason=3
	[1]	MessageID: :12008_196_1682768188.057429
	[1]	From: :12008
	[1]	OriginStartTime: TODO: start time
	[1]	Content-Length: 13
	[1]	
	[1]	:12006,:12010
[Sat Apr 29 2023 04:36:28.058833] r LSUPDATE :12006 7 1 6 {:12006_2} TODO: start time :12006 (:12008)
[Sat Apr 29 2023 04:36:28.058888] r LSUPDATE :12010 6 1 6 {:12006_2} TODO: start time :12006 (:12008)
[Sat Apr 29 2023 04:36:28.059195] d LSUPDATE :12010 6 1 6 {:12006_2} TODO: start time :12006 (:12008)
	[1]	353NET/1.0 LSUPDATE
	[1]	TTL: 7
	[1]	Flood: 1;reason=3
	[1]	MessageID: :12006_260_1682768188.056765
	[1]	From: :12006
	[1]	OriginStartTime: TODO: start time
	[1]	Content-Length: 6
	[1]	
	[1]	:12008
[Sat Apr 29 2023 04:36:28.149310] r LSUPDATE :12000 7 1 6 {:12000_1} TODO: start time :12000 (:12002)
[Sat Apr 29 2023 04:36:28.149474] r LSUPDATE :12010 6 1 6 {:12000_1} TODO: start time :12000 (:12002)
[Sat Apr 29 2023 04:36:28.149697] d LSUPDATE :12010 6 1 6 {:12000_1} TODO: start time :12000 (:12002)
[Sat Apr 29 2023 04:36:28.149877] r LSUPDATE :12002 7 1 13 {:12002_3} TODO: start time :12002 (:12000,:12010)
[Sat Apr 29 2023 04:36:28.149877] r LSUPDATE :12002 7 1 13 {:12002_3} TODO: start time :12002 (:12000,:12010)
	[2]	353NET/1.0 LSUPDATE
	[2]	TTL: 7
	[2]	Flood: 1;reason=3
	[2]	MessageID: :12000_180_1682768188.099966
	[2]	From: :12000
000_180_1682768188.099966
[Sat Apr 29 2023 04:36:28.149957] r LSUPDATE :12010 6 1 13 {:12002_3} TODO: start time :12002 (:12000,:12010)
	[2]	From: :12000
	[2]	OriginStartTime: TODO: start time
	[2]	Content-Length: 6
	[2]	
	[2]	:12002
[Sat Apr 29 2023 04:36:28.150033] d LSUPDATE :12010 6 1 13 {:12002_3} TODO: start time :12002 (:12000,:12010)
	[2]	353NET/1.0 LSUPDATE
	[2]	TTL: 7
	[2]	Flood: 1;reason=3
	[2]	MessageID: :12002_304_1682768188.101280
	[2]	From: :12002
	[2]	OriginStartTime: TODO: start time
	[2]	Content-Length: 13
	[2]	
	[2]	:12000,:12010
[Sat Apr 29 2023 04:36:28.150238] r LSUPDATE :12000 7 1 6 {:12000_1} TODO: start time :12000 (:12002)
[Sat Apr 29 2023 04:36:28.150266] r LSUPDATE :12010 6 1 6 {:12000_1} TODO: start time :12000 (:12002)
[Sat Apr 29 2023 04:36:28.150415] d LSUPDATE :12010 6 1 6 {:12000_1} TODO: start time :12000 (:12002)
	[2]	353NET/1.0 LSUPDATE
	[2]	TTL: 7
	[2]	Flood: 1;reason=3
	[2]	MessageID: :12000_185_1682768188.101701
	[2]	From: :12000
	[2]	OriginStartTime: TODO: start time
	[2]	Content-Length: 6
	[2]	
	[2]	:12002
[Sat Apr 29 2023 04:36:28.150671] r LSUPDATE :12000 7 1 6 {:12000_1} TODO: start time :12000 (:12002)
[Sat Apr 29 2023 04:36:28.150717] r LSUPDATE :12010 6 1 6 {:12000_1} TODO: start time :12000 (:12002)
[Sat Apr 29 2023 04:36:28.150889] d LSUPDATE :12010 6 1 6 {:12000_1} TODO: start time :12000 (:12002)
	[2]	353NET/1.0 LSUPDATE
	[2]	TTL: 7
	[2]	Flood: 1;reason=3
	[2]	MessageID: :12000_188_1682768188.102375
	[2]	From: :12000
	[2]	OriginStartTime: TODO: start time
	[2]	Content-Length: 6
	[2]	
	[2]	:12002
	[2]	353NET/1.0 UCASTAPP
	[2]	TTL: 7
	[2]	Flood: 0
	[2]	MessageID: :12010_207_1682768190.141177
	[2]	From: :12010
	[2]	To: :12006
	[2]	Next-Layer: 1
	[2]	Content-Length: 47
	[2]	
	[2]	353UDT/1.0 TTLZERO :12006_269_1682768190.138216
	[1]	353NET/1.0 UCASTAPP
	[1]	TTL: 1
	[1]	Flood: 0
	[1]	MessageID: :12006_275_1682768193.239610
	[1]	From: :12006
	[1]	To: :12000
	[1]	Next-Layer: 1
	[1]	Content-Length: 44
	[1]	
	[1]	353UDT/1.0 PING :12006_273_1682768193.239418
	[2]	353NET/1.0 UCASTAPP
	[2]	TTL: 6
	[2]	Flood: 0
	[2]	MessageID: :12002_312_1682768193.291448
	[2]	From: :12002
	[2]	To: :12006
	[2]	Next-Layer: 1
	[2]	Content-Length: 47
	[2]	
	[2]	353UDT/1.0 TTLZERO :12006_273_1682768193.239418
	[1]	353NET/1.0 UCASTAPP
	[1]	TTL: 7
	[1]	Flood: 0
	[1]	MessageID: :12010_212_1682768195.719145
	[1]	From: :12010
	[1]	To: :12000
	[1]	Next-Layer: 1
	[1]	Content-Length: 47
	[1]	
	[1]	353UDT/1.0 TTLZERO :12000_202_1682768195.715486
	[1]	353NET/1.0 UCASTAPP
	[1]	TTL: 2
	[1]	Flood: 0
	[1]	MessageID: :12006_279_1682768196.340696
	[1]	From: :12006
	[1]	To: :12000
	[1]	Next-Layer: 1
	[1]	Content-Length: 44
	[1]	
	[1]	353UDT/1.0 PING :12006_277_1682768196.340475
	[2]	353NET/1.0 UCASTAPP
	[2]	TTL: 5
	[2]	Flood: 0
	[2]	MessageID: :12000_208_1682768196.344116
	[2]	From: :12000
	[2]	To: :12006
	[2]	Next-Layer: 1
	[2]	Content-Length: 44
	[2]	
	[2]	353UDT/1.0 PONG :12006_277_1682768196.340475
	[2]	353NET/1.0 UCASTAPP
	[2]	TTL: 1
	[2]	Flood: 0
	[2]	MessageID: :12000_211_1682768198.817366
	[2]	From: :12000
	[2]	To: :12006
	[2]	Next-Layer: 1
	[2]	Content-Length: 44
	[2]	
	[2]	353UDT/1.0 PING :12000_209_1682768198.816973
	[1]	353NET/1.0 UCASTAPP
	[1]	TTL: 6
	[1]	Flood: 0
	[1]	MessageID: :12008_211_1682768198.821527
	[1]	From: :12008
	[1]	To: :12000
	[1]	Next-Layer: 1
	[1]	Content-Length: 47
	[1]	
	[1]	353UDT/1.0 TTLZERO :12000_209_1682768198.816973
	[2]	353NET/1.0 UCASTAPP
	[2]	TTL: 2
	[2]	Flood: 0
	[2]	MessageID: :12000_215_1682768201.917914
	[2]	From: :12000
	[2]	To: :12006
	[2]	Next-Layer: 1
	[2]	Content-Length: 44
	[2]	
	[2]	353UDT/1.0 PING :12000_213_1682768201.917753
	[1]	353NET/1.0 UCASTAPP
	[1]	TTL: 5
	[1]	Flood: 0
	[1]	MessageID: :12006_283_1682768201.970925
	[1]	From: :12006
	[1]	To: :12000
	[1]	Next-Layer: 1
	[1]	Content-Length: 44
	[1]	
	[1]	353UDT/1.0 PONG :12000_213_1682768201.917753
[Sat Apr 29 2023 04:36:55.797964] r LSUPDATE :12002 7 1 13 {:12002_3} TODO: start time :12002 (:12000,:12010)
[Sat Apr 29 2023 04:36:55.798049] r LSUPDATE :12010 6 1 13 {:12002_3} TODO: start time :12002 (:12000,:12010)
[Sat Apr 29 2023 04:36:55.798310] d LSUPDATE :12010 6 1 13 {:12002_3} TODO: start time :12002 (:12000,:12010)
	[2]	353NET/1.0 LSUPDATE
	[2]	TTL: 7
	[2]	Flood: 1;reason=2
	[2]	MessageID: :12002_324_1682768215.797346
	[2]	From: :12002
	[2]	OriginStartTime: TODO: start time
	[2]	Content-Length: 13
	[2]	
	[2]	:12000,:12010
[Sat Apr 29 2023 04:36:57.239609] i LSUPDATE :12010 7 1 13 {:12010_2} TODO: start time :12010 (:12002,:12008)
[Sat Apr 29 2023 04:36:57.239662] i LSUPDATE :12010 7 1 13 {:12010_2} TODO: start time :12010 (:12002,:12008)
	[1]	353NET/1.0 LSUPDATE
	[1]	TTL: 7
	[1]	Flood: 1;reason=2
	[1]	MessageID: :12010_221_1682768217.239478
	[1]	From: :12010
	[1]	OriginStartTime: TODO: start time
	[1]	Content-Length: 13
	[1]	
	[1]	:12002,:12008
[Sat Apr 29 2023 04:36:57.239861] Socket-writing thread has terminated
	[2]	353NET/1.0 LSUPDATE
	[2]	TTL: 7
	[2]	Flood: 1;reason=2
	[2]	MessageID: :12010_223_1682768217.239561
	[2]	From: :12010
	[2]	OriginStartTime: TODO: start time
	[2]	Content-Length: 13
	[2]	
	[2]	:12002,:12008
[Sat Apr 29 2023 04:36:57.240246] Socket-reading thread has joined with socket-writing thread
[Sat Apr 29 2023 04:37:00.492845] r LSUPDATE :12008 7 1 13 {:12008_2} TODO: start time :12008 (:12006,:12010)
[Sat Apr 29 2023 04:37:00.492968] r LSUPDATE :12010 6 1 13 {:12008_2} TODO: start time :12008 (:12006,:12010)
[Sat Apr 29 2023 04:37:01.766655] i LSUPDATE :12010 7 1 6 {:12010_2} TODO: start time :12010 (:12008)
	[2]	353NET/1.0 LSUPDATE
	[2]	TTL: 7
	[2]	Flood: 1;reason=2
	[2]	MessageID: :12010_226_1682768221.766517
	[2]	From: :12010
	[2]	OriginStartTime: TODO: start time
	[2]	Content-Length: 6
	[2]	
	[2]	:12008
[Sat Apr 29 2023 04:37:01.766972] Socket-writing thread has terminated
[Sat Apr 29 2023 04:37:01.767269] Socket-reading thread has joined with socket-writing thread
[Sat Apr 29 2023 04:37:03.353767] Reaper has joined with connection thread.
[Sat Apr 29 2023 04:37:07.272068] STOP: port=12010
