[Sat Apr 29 2023 03:30:50.774021] START: port=12002, rootdir=lab11data
[Sat Apr 29 2023 03:30:50.775549] i SAYHELLO :12002 1 - 0
	[1]	353NET/1.0 SAYHELLO
	[1]	TTL: 0
	[1]	Flood: 0
	[1]	From: :12002
	[1]	Content-Length: 0
 	[1]	
[Sat Apr 29 2023 03:30:50.776097] i SAYHELLO :12002 1 - 0
	[2]	353NET/1.0 SAYHELLO
	[2]	TTL: 0
	[2]	Flood: 0
	[2]	From: :12002
	[2]	Content-Length: 0
 	[2]	
[Sat Apr 29 2023 03:30:50.776424] r SAYHELLO :12000 1 - 0
[Sat Apr 29 2023 03:30:50.776621] i LSUPDATE :12002 9 1 13 {:12002_6} TODO: start time :12002 (:12000,:12004)
[Sat Apr 29 2023 03:30:50.776756] i LSUPDATE :12002 9 1 13 {:12002_8} TODO: start time :12002 (:12000,:12004)
	[1]	353NET/1.0 LSUPDATE
	[1]	TTL: 9
	[1]	Flood: 1;reason=1
	[1]	MessageID: :12002_6_1682764250.776484
	[1]	From: :12002
	[1]	OriginStartTime: TODO: start time
	[1]	Content-Length: 13
	[1]	
	[1]	:12000,:12004
	[2]	353NET/1.0 LSUPDATE
	[2]	TTL: 9
	[2]	Flood: 1;reason=1
	[2]	MessageID: :12002_8_1682764250.776594
	[2]	From: :12002
	[2]	OriginStartTime: TODO: start time
	[2]	Content-Length: 13
	[2]	
	[2]	:12000,:12004
[Sat Apr 29 2023 03:30:50.777235] r LSUPDATE :12000 9 1 6 {:12000_6} TODO: start time :12000 (:12002)
[Sat Apr 29 2023 03:30:50.777281] r LSUPDATE :12002 8 1 6 {:12000_6} TODO: start time :12000 (:12002)
[Sat Apr 29 2023 03:30:50.777314] r SAYHELLO :12004 1 - 0
[Sat Apr 29 2023 03:30:50.777417] d LSUPDATE :12002 8 1 6 {:12000_6} TODO: start time :12000 (:12002)
	[2]	353NET/1.0 LSUPDATE
	[2]	TTL: 9
	[2]	Flood: 1;reason=1
	[2]	MessageID: :12000_64_1682764250.776030
	[2]	From: :12000
	[2]	OriginStartTime: TODO: start time
	[2]	Content-Length: 6
	[2]	
	[2]	:12002
[Sat Apr 29 2023 03:30:50.777561] i LSUPDATE :12002 9 1 13 {:12002_1} TODO: start time :12002 (:12000,:12004)
	[2]	353NET/1.0 LSUPDATE
	[2]	TTL: 9
	[2]	Flood: 1;reason=3
	[2]	MessageID: :12002_14_1682764250.777475
	[2]	From: :12002
	[2]	OriginStartTime: TODO: start time
	[2]	Content-Length: 13
	[2]	
	[2]	:12000,:12004
[Sat Apr 29 2023 03:30:50.777700] i LSUPDATE :12002 9 1 13 {:12002_1} TODO: start time :12002 (:12000,:12004)
	[2]	353NET/1.0 LSUPDATE
	[2]	TTL: 9
	[2]	Flood: 1;reason=1
	[2]	MessageID: :12002_18_1682764250.777526
	[2]	From: :12002
	[2]	OriginStartTime: TODO: start time
	[2]	Content-Length: 13
	[2]	
	[2]	:12000,:12004
[Sat Apr 29 2023 03:30:50.777821] i LSUPDATE :12002 9 1 13 {:12002_1} TODO: start time :12002 (:12000,:12004)
[Sat Apr 29 2023 03:30:50.777892] r LSUPDATE :12004 9 1 6 {:12004_6} TODO: start time :12004 (:12002)
[Sat Apr 29 2023 03:30:50.777940] r LSUPDATE :12002 8 1 6 {:12004_6} TODO: start time :12004 (:12002)
	[1]	353NET/1.0 LSUPDATE
	[1]	TTL: 9
	[1]	Flood: 1;reason=3
	[1]	MessageID: :12002_12_1682764250.777416
	[1]	From: :12002
002_12_1682764250.777416
[Sat Apr 29 2023 03:30:50.778035] i LSUPDATE :12002 9 1 13 {:12002_2} TODO: start time :12002 (:12000,:12004)
	[1]	From: :12002
	[1]	OriginStartTime: TODO: start time
	[1]	Content-Length: 13
	[1]	
	[1]	:12000,:12004
[Sat Apr 29 2023 03:30:50.778098] i LSUPDATE :12002 9 1 13 {:12002_1} TODO: start time :12002 (:12000,:12004)
	[1]	353NET/1.0 LSUPDATE
	[1]	TTL: 9
	[1]	Flood: 1;reason=1
	[1]	MessageID: :12002_16_1682764250.777508
	[1]	From: :12002
	[1]	OriginStartTime: TODO: start time
	[1]	Content-Length: 13
	[1]	
	[1]	:12000,:12004
[Sat Apr 29 2023 03:30:50.778175] d LSUPDATE :12002 8 1 6 {:12004_6} TODO: start time :12004 (:12002)
	[1]	353NET/1.0 LSUPDATE
	[1]	TTL: 9
	[1]	Flood: 1;reason=1
	[1]	MessageID: :12004_63_1682764250.776720
	[1]	From: :12004
	[1]	OriginStartTime: TODO: start time
	[1]	Content-Length: 6
	[1]	
	[1]	:12002
[Sat Apr 29 2023 03:30:50.778235] i LSUPDATE :12002 9 1 13 {:12002_2} TODO: start time :12002 (:12000,:12004)
[Sat Apr 29 2023 03:30:50.778235] i LSUPDATE :12002 9 1 13 {:12002_2} TODO: start time :12002 (:12000,:12004)
	[2]	353NET/1.0 LSUPDATE
	[1]	353NET/1.0 LSUPDATE
	[1]	TTL: 9
.0 LSUPDATE
	[2]	TTL: 9
	[1]	TTL: 9
	[1]	Flood: 1;reason=3
	[1]	Flood: 1;reason=3
	[1]	MessageID: :12002_21_1682764250.778001
	[1]	From: :12002
002_21_1682764250.778001
	[1]	From: :12002
	[1]	From: :12002
	[1]	OriginStartTime: TODO: start time
	[1]	OriginStartTime: TODO: start time
	[1]	Content-Length: 13
	[1]	Content-Length: 13
	[1]	
	[1]	
	[1]	:12000,:12004
	[1]	:12000,:12004
[Sat Apr 29 2023 03:30:50.778594] r LSUPDATE :12000 9 1 6 {:12000_6} TODO: start time :12000 (:12002)
[Sat Apr 29 2023 03:30:50.778636] r LSUPDATE :12002 8 1 6 {:12000_6} TODO: start time :12000 (:12002)
[Sat Apr 29 2023 03:30:50.778656] r LSUPDATE :12004 9 1 6 {:12004_6} TODO: start time :12004 (:12002)
[Sat Apr 29 2023 03:30:50.778811] r LSUPDATE :12002 8 1 6 {:12004_6} TODO: start time :12004 (:12002)
[Sat Apr 29 2023 03:30:50.778877] d LSUPDATE :12002 8 1 6 {:12000_6} TODO: start time :12000 (:12002)
	[2]	353NET/1.0 LSUPDATE
	[2]	TTL: 9
	[2]	Flood: 1;reason=3
	[2]	MessageID: :12000_67_1682764250.777366
	[2]	From: :12000
	[2]	OriginStartTime: TODO: start time
	[2]	Content-Length: 6
	[2]	
	[2]	:12002
[Sat Apr 29 2023 03:30:50.778993] d LSUPDATE :12002 8 1 6 {:12004_6} TODO: start time :12004 (:12002)
	[1]	353NET/1.0 LSUPDATE
	[1]	TTL: 9
	[1]	Flood: 1;reason=3
	[1]	MessageID: :12004_66_1682764250.777753
	[1]	From: :12004
	[1]	OriginStartTime: TODO: start time
	[1]	Content-Length: 6
	[1]	
	[1]	:12002
[Sat Apr 29 2023 03:30:50.779349] r LSUPDATE :12004 9 1 6 {:12004_6} TODO: start time :12004 (:12002)
[Sat Apr 29 2023 03:30:50.779386] r LSUPDATE :12002 8 1 6 {:12004_6} TODO: start time :12004 (:12002)
[Sat Apr 29 2023 03:30:50.779512] d LSUPDATE :12002 8 1 6 {:12004_6} TODO: start time :12004 (:12002)
	[1]	353NET/1.0 LSUPDATE
	[1]	TTL: 9
	[1]	Flood: 1;reason=3
	[1]	MessageID: :12004_69_1682764250.778543
	[1]	From: :12004
	[1]	OriginStartTime: TODO: start time
	[1]	Content-Length: 6
	[1]	
	[1]	:12002
[Sat Apr 29 2023 03:30:50.780272] r LSUPDATE :12000 9 1 6 {:12000_7} TODO: start time :12000 (:12002)
[Sat Apr 29 2023 03:30:50.780319] r LSUPDATE :12002 8 1 6 {:12000_7} TODO: start time :12000 (:12002)
[Sat Apr 29 2023 03:30:50.780461] d LSUPDATE :12002 8 1 6 {:12000_7} TODO: start time :12000 (:12002)
	[2]	353NET/1.0 LSUPDATE
	[2]	TTL: 9
	[2]	Flood: 1;reason=3
	[2]	MessageID: :12000_72_1682764250.779294
	[2]	From: :12000
	[2]	OriginStartTime: TODO: start time
	[2]	Content-Length: 6
	[2]	
	[2]	:12002
	[2]	353NET/1.0 UCASTAPP
	[2]	TTL: 8
	[2]	Flood: 0
	[2]	MessageID: :12000_60_1682764237.662358
	[2]	From: :12000
	[2]	To: :12004
	[2]	Next-Layer: 2
	[2]	Content-Length: 81
	[2]	
	[2]	353UDT/1.0 RDTDATA
Seq-Number: 0
RDT-App-Number: 98
RDT-Content-Length: 1

r
	[1]	353NET/1.0 UCASTAPP
	[1]	TTL: 8
	[1]	Flood: 0
	[1]	MessageID: :12004_79_1682764255.729746
	[1]	From: :12004
	[1]	To: :12000
	[1]	Next-Layer: 1
	[1]	Content-Length: 24
	[1]	
	[1]	353UDT/1.0 RDTACK 0 98

	[2]	353NET/1.0 UCASTAPP
	[2]	TTL: 8
	[2]	Flood: 0
	[2]	MessageID: :12000_78_1682764256.727056
	[2]	From: :12000
	[2]	To: :12004
	[2]	Next-Layer: 2
	[2]	Content-Length: 81
	[2]	
	[2]	353UDT/1.0 RDTDATA
Seq-Number: 1
RDT-App-Number: 98
RDT-Content-Length: 1

l
	[1]	353NET/1.0 UCASTAPP
	[1]	TTL: 8
	[1]	Flood: 0
	[1]	MessageID: :12004_82_1682764256.729423
	[1]	From: :12004
	[1]	To: :12000
	[1]	Next-Layer: 1
	[1]	Content-Length: 24
	[1]	
	[1]	353UDT/1.0 RDTACK 1 98

	[2]	353NET/1.0 UCASTAPP
	[2]	TTL: 8
	[2]	Flood: 0
	[2]	MessageID: :12000_81_1682764257.727559
	[2]	From: :12000
	[2]	To: :12004
	[2]	Next-Layer: 2
	[2]	Content-Length: 81
	[2]	
	[2]	353UDT/1.0 RDTDATA
Seq-Number: 0
RDT-App-Number: 98
RDT-Content-Length: 1

d
	[1]	353NET/1.0 UCASTAPP
	[1]	TTL: 8
	[1]	Flood: 0
	[1]	MessageID: :12004_85_1682764257.771249
	[1]	From: :12004
	[1]	To: :12000
	[1]	Next-Layer: 1
	[1]	Content-Length: 24
	[1]	
	[1]	353UDT/1.0 RDTACK 0 98

	[2]	353NET/1.0 UCASTAPP
	[2]	TTL: 8
	[2]	Flood: 0
	[2]	MessageID: :12000_84_1682764258.727943
	[2]	From: :12000
	[2]	To: :12004
	[2]	Next-Layer: 2
	[2]	Content-Length: 81
	[2]	
	[2]	353UDT/1.0 RDTDATA
Seq-Number: 1
RDT-App-Number: 98
RDT-Content-Length: 1



	[1]	353NET/1.0 UCASTAPP
	[1]	TTL: 8
	[1]	Flood: 0
	[1]	MessageID: :12004_88_1682764258.779194
	[1]	From: :12004
	[1]	To: :12000
	[1]	Next-Layer: 1
	[1]	Content-Length: 24
	[1]	
	[1]	353UDT/1.0 RDTACK 1 98

	[1]	353NET/1.0 UCASTAPP
	[1]	TTL: 8
	[1]	Flood: 0
	[1]	MessageID: :12004_90_1682764258.779498
	[1]	From: :12004
	[1]	To: :12000
	[1]	Next-Layer: 2
	[1]	Content-Length: 81
	[1]	
	[1]	353UDT/1.0 RDTDATA
Seq-Number: 0
RDT-App-Number: 99
RDT-Content-Length: 1

w
	[2]	353NET/1.0 UCASTAPP
	[2]	TTL: 8
	[2]	Flood: 0
	[2]	MessageID: :12000_90_1682764258.780704
	[2]	From: :12000
	[2]	To: :12004
	[2]	Next-Layer: 1
	[2]	Content-Length: 24
	[2]	
	[2]	353UDT/1.0 RDTACK 0 99

	[1]	353NET/1.0 UCASTAPP
	[1]	TTL: 8
	[1]	Flood: 0
	[1]	MessageID: :12004_93_1682764259.779955
	[1]	From: :12004
	[1]	To: :12000
	[1]	Next-Layer: 2
	[1]	Content-Length: 81
	[1]	
	[1]	353UDT/1.0 RDTDATA
Seq-Number: 1
RDT-App-Number: 99
RDT-Content-Length: 1

o
	[2]	353NET/1.0 UCASTAPP
	[2]	TTL: 8
	[2]	Flood: 0
	[2]	MessageID: :12000_93_1682764259.782490
	[2]	From: :12000
	[2]	To: :12004
	[2]	Next-Layer: 1
	[2]	Content-Length: 24
	[2]	
	[2]	353UDT/1.0 RDTACK 1 99

	[1]	353NET/1.0 UCASTAPP
	[1]	TTL: 8
	[1]	Flood: 0
	[1]	MessageID: :12004_96_1682764260.780513
	[1]	From: :12004
	[1]	To: :12000
	[1]	Next-Layer: 2
	[1]	Content-Length: 81
	[1]	
	[1]	353UDT/1.0 RDTDATA
Seq-Number: 0
RDT-App-Number: 99
RDT-Content-Length: 1

r
	[2]	353NET/1.0 UCASTAPP
	[2]	TTL: 8
	[2]	Flood: 0
	[2]	MessageID: :12000_96_1682764260.783417
	[2]	From: :12000
	[2]	To: :12004
	[2]	Next-Layer: 1
	[2]	Content-Length: 24
	[2]	
	[2]	353UDT/1.0 RDTACK 0 99

	[1]	353NET/1.0 UCASTAPP
	[1]	TTL: 8
	[1]	Flood: 0
	[1]	MessageID: :12004_99_1682764261.780897
	[1]	From: :12004
	[1]	To: :12000
	[1]	Next-Layer: 2
	[1]	Content-Length: 81
	[1]	
	[1]	353UDT/1.0 RDTDATA
Seq-Number: 1
RDT-App-Number: 99
RDT-Content-Length: 1

l
	[2]	353NET/1.0 UCASTAPP
	[2]	TTL: 8
	[2]	Flood: 0
	[2]	MessageID: :12000_99_1682764261.879671
	[2]	From: :12000
	[2]	To: :12004
	[2]	Next-Layer: 1
	[2]	Content-Length: 24
	[2]	
	[2]	353UDT/1.0 RDTACK 1 99

	[1]	353NET/1.0 UCASTAPP
	[1]	TTL: 8
	[1]	Flood: 0
	[1]	MessageID: :12004_102_1682764262.781352
	[1]	From: :12004
	[1]	To: :12000
	[1]	Next-Layer: 2
	[1]	Content-Length: 81
	[1]	
	[1]	353UDT/1.0 RDTDATA
Seq-Number: 0
RDT-App-Number: 99
RDT-Content-Length: 1

d
	[2]	353NET/1.0 UCASTAPP
	[2]	TTL: 8
	[2]	Flood: 0
	[2]	MessageID: :12000_102_1682764262.784020
	[2]	From: :12000
	[2]	To: :12004
	[2]	Next-Layer: 1
	[2]	Content-Length: 24
	[2]	
	[2]	353UDT/1.0 RDTACK 0 99

	[1]	353NET/1.0 UCASTAPP
	[1]	TTL: 8
	[1]	Flood: 0
	[1]	MessageID: :12004_105_1682764263.781832
	[1]	From: :12004
	[1]	To: :12000
	[1]	Next-Layer: 2
	[1]	Content-Length: 81
	[1]	
	[1]	353UDT/1.0 RDTDATA
Seq-Number: 1
RDT-App-Number: 99
RDT-Content-Length: 1



	[2]	353NET/1.0 UCASTAPP
	[2]	TTL: 8
	[2]	Flood: 0
	[2]	MessageID: :12000_105_1682764263.783959
	[2]	From: :12000
	[2]	To: :12004
	[2]	Next-Layer: 1
	[2]	Content-Length: 24
	[2]	
	[2]	353UDT/1.0 RDTACK 1 99

	[2]	353NET/1.0 UCASTAPP
	[2]	TTL: 8
	[2]	Flood: 0
	[2]	MessageID: :12000_107_1682764266.042903
	[2]	From: :12000
	[2]	To: :12004
	[2]	Next-Layer: 2
	[2]	Content-Length: 81
	[2]	
	[2]	353UDT/1.0 RDTDATA
Seq-Number: 0
RDT-App-Number: 98
RDT-Content-Length: 1



	[1]	353NET/1.0 UCASTAPP
	[1]	TTL: 8
	[1]	Flood: 0
	[1]	MessageID: :12004_111_1682764266.045293
	[1]	From: :12004
	[1]	To: :12000
	[1]	Next-Layer: 1
	[1]	Content-Length: 24
	[1]	
	[1]	353UDT/1.0 RDTACK 0 98

	[1]	353NET/1.0 UCASTAPP
	[1]	TTL: 8
	[1]	Flood: 0
	[1]	MessageID: :12004_113_1682764266.045651
	[1]	From: :12004
	[1]	To: :12000
	[1]	Next-Layer: 2
	[1]	Content-Length: 81
	[1]	
	[1]	353UDT/1.0 RDTDATA
Seq-Number: 0
RDT-App-Number: 99
RDT-Content-Length: 1



	[2]	353NET/1.0 UCASTAPP
	[2]	TTL: 8
	[2]	Flood: 0
	[2]	MessageID: :12000_113_1682764266.090562
	[2]	From: :12000
	[2]	To: :12004
	[2]	Next-Layer: 1
	[2]	Content-Length: 24
	[2]	
	[2]	353UDT/1.0 RDTACK 0 99

	[2]	353NET/1.0 UCASTAPP
	[2]	TTL: 8
	[2]	Flood: 0
	[2]	MessageID: :12000_115_1682764279.087233
	[2]	From: :12000
	[2]	To: :12004
	[2]	Next-Layer: 2
	[2]	Content-Length: 81
	[2]	
	[2]	353UDT/1.0 RDTDATA
Seq-Number: 0
RDT-App-Number: 98
RDT-Content-Length: 1

h
	[1]	353NET/1.0 UCASTAPP
	[1]	TTL: 8
	[1]	Flood: 0
	[1]	MessageID: :12004_119_1682764279.089394
	[1]	From: :12004
	[1]	To: :12000
	[1]	Next-Layer: 1
	[1]	Content-Length: 24
	[1]	
	[1]	353UDT/1.0 RDTACK 0 98

	[2]	353NET/1.0 UCASTAPP
	[2]	TTL: 8
	[2]	Flood: 0
	[2]	MessageID: :12000_118_1682764280.087634
	[2]	From: :12000
	[2]	To: :12004
	[2]	Next-Layer: 2
	[2]	Content-Length: 81
	[2]	
	[2]	353UDT/1.0 RDTDATA
Seq-Number: 1
RDT-App-Number: 98
RDT-Content-Length: 1

e
	[1]	353NET/1.0 UCASTAPP
	[1]	TTL: 8
	[1]	Flood: 0
	[1]	MessageID: :12004_122_1682764280.179757
	[1]	From: :12004
	[1]	To: :12000
	[1]	Next-Layer: 1
	[1]	Content-Length: 24
	[1]	
	[1]	353UDT/1.0 RDTACK 1 98

	[2]	353NET/1.0 UCASTAPP
	[2]	TTL: 8
	[2]	Flood: 0
	[2]	MessageID: :12000_121_1682764281.088227
	[2]	From: :12000
	[2]	To: :12004
	[2]	Next-Layer: 2
	[2]	Content-Length: 81
	[2]	
	[2]	353UDT/1.0 RDTDATA
Seq-Number: 0
RDT-App-Number: 98
RDT-Content-Length: 1

l
	[1]	353NET/1.0 UCASTAPP
	[1]	TTL: 8
	[1]	Flood: 0
	[1]	MessageID: :12004_125_1682764281.091058
	[1]	From: :12004
	[1]	To: :12000
	[1]	Next-Layer: 1
	[1]	Content-Length: 24
	[1]	
	[1]	353UDT/1.0 RDTACK 0 98

	[1]	353NET/1.0 UCASTAPP
	[1]	TTL: 8
	[1]	Flood: 0
	[1]	MessageID: :12004_127_1682764281.659606
	[1]	From: :12004
	[1]	To: :12000
	[1]	Next-Layer: 2
	[1]	Content-Length: 81
	[1]	
	[1]	353UDT/1.0 RDTDATA
Seq-Number: 0
RDT-App-Number: 98
RDT-Content-Length: 1

h
	[2]	353NET/1.0 UCASTAPP
	[2]	TTL: 8
	[2]	Flood: 0
	[2]	MessageID: :12000_127_1682764281.661958
	[2]	From: :12000
	[2]	To: :12004
	[2]	Next-Layer: 1
	[2]	Content-Length: 24
	[2]	
	[2]	353UDT/1.0 RDTACK 0 98

	[2]	353NET/1.0 UCASTAPP
	[2]	TTL: 8
	[2]	Flood: 0
	[2]	MessageID: :12000_129_1682764282.088901
	[2]	From: :12000
	[2]	To: :12004
	[2]	Next-Layer: 2
	[2]	Content-Length: 81
	[2]	
	[2]	353UDT/1.0 RDTDATA
Seq-Number: 1
RDT-App-Number: 98
RDT-Content-Length: 1

l
	[1]	353NET/1.0 UCASTAPP
	[1]	TTL: 8
	[1]	Flood: 0
	[1]	MessageID: :12004_131_1682764282.091807
	[1]	From: :12004
	[1]	To: :12000
	[1]	Next-Layer: 1
	[1]	Content-Length: 24
	[1]	
	[1]	353UDT/1.0 RDTACK 1 98

	[1]	353NET/1.0 UCASTAPP
	[1]	TTL: 8
	[1]	Flood: 0
	[1]	MessageID: :12004_133_1682764282.659981
	[1]	From: :12004
	[1]	To: :12000
	[1]	Next-Layer: 2
	[1]	Content-Length: 81
	[1]	
	[1]	353UDT/1.0 RDTDATA
Seq-Number: 1
RDT-App-Number: 98
RDT-Content-Length: 1

o
	[2]	353NET/1.0 UCASTAPP
	[2]	TTL: 8
	[2]	Flood: 0
	[2]	MessageID: :12000_133_1682764282.662145
	[2]	From: :12000
	[2]	To: :12004
	[2]	Next-Layer: 1
	[2]	Content-Length: 24
	[2]	
	[2]	353UDT/1.0 RDTACK 1 98

	[2]	353NET/1.0 UCASTAPP
	[2]	TTL: 8
	[2]	Flood: 0
	[2]	MessageID: :12000_135_1682764283.089459
	[2]	From: :12000
	[2]	To: :12004
	[2]	Next-Layer: 2
	[2]	Content-Length: 81
	[2]	
	[2]	353UDT/1.0 RDTDATA
Seq-Number: 0
RDT-App-Number: 98
RDT-Content-Length: 1

o
	[1]	353NET/1.0 UCASTAPP
	[1]	TTL: 8
	[1]	Flood: 0
	[1]	MessageID: :12004_137_1682764283.091753
	[1]	From: :12004
	[1]	To: :12000
	[1]	Next-Layer: 1
	[1]	Content-Length: 24
	[1]	
	[1]	353UDT/1.0 RDTACK 0 98

	[1]	353NET/1.0 UCASTAPP
	[1]	TTL: 8
	[1]	Flood: 0
	[1]	MessageID: :12004_139_1682764283.660398
	[1]	From: :12004
	[1]	To: :12000
	[1]	Next-Layer: 2
	[1]	Content-Length: 81
	[1]	
	[1]	353UDT/1.0 RDTDATA
Seq-Number: 0
RDT-App-Number: 98
RDT-Content-Length: 1

w
	[2]	353NET/1.0 UCASTAPP
	[2]	TTL: 8
	[2]	Flood: 0
	[2]	MessageID: :12000_139_1682764283.663166
	[2]	From: :12000
	[2]	To: :12004
	[2]	Next-Layer: 1
	[2]	Content-Length: 24
	[2]	
	[2]	353UDT/1.0 RDTACK 0 98

	[2]	353NET/1.0 UCASTAPP
	[2]	TTL: 8
	[2]	Flood: 0
	[2]	MessageID: :12000_141_1682764284.090155
	[2]	From: :12000
	[2]	To: :12004
	[2]	Next-Layer: 2
	[2]	Content-Length: 81
	[2]	
	[2]	353UDT/1.0 RDTDATA
Seq-Number: 1
RDT-App-Number: 98
RDT-Content-Length: 1



	[1]	353NET/1.0 UCASTAPP
	[1]	TTL: 8
	[1]	Flood: 0
	[1]	MessageID: :12004_143_1682764284.092627
	[1]	From: :12004
	[1]	To: :12000
	[1]	Next-Layer: 1
	[1]	Content-Length: 24
	[1]	
	[1]	353UDT/1.0 RDTACK 1 98

	[1]	353NET/1.0 UCASTAPP
	[1]	TTL: 8
	[1]	Flood: 0
	[1]	MessageID: :12004_145_1682764284.093244
	[1]	From: :12004
	[1]	To: :12000
	[1]	Next-Layer: 2
	[1]	Content-Length: 81
	[1]	
	[1]	353UDT/1.0 RDTDATA
Seq-Number: 0
RDT-App-Number: 99
RDT-Content-Length: 1

h
	[2]	353NET/1.0 UCASTAPP
	[2]	TTL: 8
	[2]	Flood: 0
	[2]	MessageID: :12000_145_1682764284.095535
	[2]	From: :12000
	[2]	To: :12004
	[2]	Next-Layer: 1
	[2]	Content-Length: 24
	[2]	
	[2]	353UDT/1.0 RDTACK 0 98

	[1]	353NET/1.0 UCASTAPP
	[1]	TTL: 8
	[1]	Flood: 0
	[1]	MessageID: :12004_148_1682764284.660830
	[1]	From: :12004
	[1]	To: :12000
	[1]	Next-Layer: 2
	[1]	Content-Length: 81
	[1]	
	[1]	353UDT/1.0 RDTDATA
Seq-Number: 1
RDT-App-Number: 98
RDT-Content-Length: 1

d
	[2]	353NET/1.0 UCASTAPP
	[2]	TTL: 8
	[2]	Flood: 0
	[2]	MessageID: :12000_148_1682764284.663485
	[2]	From: :12000
	[2]	To: :12004
	[2]	Next-Layer: 1
	[2]	Content-Length: 24
	[2]	
	[2]	353UDT/1.0 RDTACK 1 98

	[1]	353NET/1.0 UCASTAPP
	[1]	TTL: 8
	[1]	Flood: 0
	[1]	MessageID: :12004_151_1682764285.093595
	[1]	From: :12004
	[1]	To: :12000
	[1]	Next-Layer: 2
	[1]	Content-Length: 81
	[1]	
	[1]	353UDT/1.0 RDTDATA
Seq-Number: 1
RDT-App-Number: 99
RDT-Content-Length: 1

e
	[2]	353NET/1.0 UCASTAPP
	[2]	TTL: 8
	[2]	Flood: 0
	[2]	MessageID: :12000_151_1682764285.140784
	[2]	From: :12000
	[2]	To: :12004
	[2]	Next-Layer: 1
	[2]	Content-Length: 24
	[2]	
	[2]	353UDT/1.0 RDTACK 1 98

	[1]	353NET/1.0 UCASTAPP
	[1]	TTL: 8
	[1]	Flood: 0
	[1]	MessageID: :12004_154_1682764285.661184
	[1]	From: :12004
	[1]	To: :12000
	[1]	Next-Layer: 2
	[1]	Content-Length: 81
	[1]	
	[1]	353UDT/1.0 RDTDATA
Seq-Number: 0
RDT-App-Number: 98
RDT-Content-Length: 1

y
	[2]	353NET/1.0 UCASTAPP
	[2]	TTL: 8
	[2]	Flood: 0
	[2]	MessageID: :12000_154_1682764285.709580
	[2]	From: :12000
	[2]	To: :12004
	[2]	Next-Layer: 1
	[2]	Content-Length: 24
	[2]	
	[2]	353UDT/1.0 RDTACK 0 98

	[1]	353NET/1.0 UCASTAPP
	[1]	TTL: 8
	[1]	Flood: 0
	[1]	MessageID: :12004_157_1682764286.094074
	[1]	From: :12004
	[1]	To: :12000
	[1]	Next-Layer: 2
	[1]	Content-Length: 81
	[1]	
	[1]	353UDT/1.0 RDTDATA
Seq-Number: 0
RDT-App-Number: 99
RDT-Content-Length: 1

l
	[2]	353NET/1.0 UCASTAPP
	[2]	TTL: 8
	[2]	Flood: 0
	[2]	MessageID: :12000_157_1682764286.096459
	[2]	From: :12000
	[2]	To: :12004
	[2]	Next-Layer: 1
	[2]	Content-Length: 24
	[2]	
	[2]	353UDT/1.0 RDTACK 0 98

	[1]	353NET/1.0 UCASTAPP
	[1]	TTL: 8
	[1]	Flood: 0
	[1]	MessageID: :12004_160_1682764286.661456
	[1]	From: :12004
	[1]	To: :12000
	[1]	Next-Layer: 2
	[1]	Content-Length: 81
	[1]	
	[1]	353UDT/1.0 RDTDATA
Seq-Number: 1
RDT-App-Number: 98
RDT-Content-Length: 1



	[2]	353NET/1.0 UCASTAPP
	[2]	TTL: 8
	[2]	Flood: 0
	[2]	MessageID: :12000_160_1682764286.663803
	[2]	From: :12000
	[2]	To: :12004
	[2]	Next-Layer: 1
	[2]	Content-Length: 24
	[2]	
	[2]	353UDT/1.0 RDTACK 1 98

	[2]	353NET/1.0 UCASTAPP
	[2]	TTL: 8
	[2]	Flood: 0
	[2]	MessageID: :12000_162_1682764286.664245
	[2]	From: :12000
	[2]	To: :12004
	[2]	Next-Layer: 2
	[2]	Content-Length: 81
	[2]	
	[2]	353UDT/1.0 RDTDATA
Seq-Number: 0
RDT-App-Number: 99
RDT-Content-Length: 1

h
	[1]	353NET/1.0 UCASTAPP
	[1]	TTL: 8
	[1]	Flood: 0
	[1]	MessageID: :12004_166_1682764286.666565
	[1]	From: :12004
	[1]	To: :12000
	[1]	Next-Layer: 1
	[1]	Content-Length: 24
	[1]	
	[1]	353UDT/1.0 RDTACK 0 99

	[1]	353NET/1.0 UCASTAPP
	[1]	TTL: 8
	[1]	Flood: 0
	[1]	MessageID: :12004_168_1682764287.094818
	[1]	From: :12004
	[1]	To: :12000
	[1]	Next-Layer: 2
	[1]	Content-Length: 81
	[1]	
	[1]	353UDT/1.0 RDTDATA
Seq-Number: 1
RDT-App-Number: 99
RDT-Content-Length: 1

l
	[2]	353NET/1.0 UCASTAPP
	[2]	TTL: 8
	[2]	Flood: 0
	[2]	MessageID: :12000_168_1682764287.097613
	[2]	From: :12000
	[2]	To: :12004
	[2]	Next-Layer: 1
	[2]	Content-Length: 24
	[2]	
	[2]	353UDT/1.0 RDTACK 1 98

	[2]	353NET/1.0 UCASTAPP
	[2]	TTL: 8
	[2]	Flood: 0
	[2]	MessageID: :12000_170_1682764287.664730
	[2]	From: :12000
	[2]	To: :12004
	[2]	Next-Layer: 2
	[2]	Content-Length: 81
	[2]	
	[2]	353UDT/1.0 RDTDATA
Seq-Number: 1
RDT-App-Number: 99
RDT-Content-Length: 1

o
	[1]	353NET/1.0 UCASTAPP
	[1]	TTL: 8
	[1]	Flood: 0
	[1]	MessageID: :12004_172_1682764287.667200
	[1]	From: :12004
	[1]	To: :12000
	[1]	Next-Layer: 1
	[1]	Content-Length: 24
	[1]	
	[1]	353UDT/1.0 RDTACK 1 99

	[1]	353NET/1.0 UCASTAPP
	[1]	TTL: 8
	[1]	Flood: 0
	[1]	MessageID: :12004_174_1682764288.095331
	[1]	From: :12004
	[1]	To: :12000
	[1]	Next-Layer: 2
	[1]	Content-Length: 81
	[1]	
	[1]	353UDT/1.0 RDTDATA
Seq-Number: 0
RDT-App-Number: 99
RDT-Content-Length: 1

o
	[2]	353NET/1.0 UCASTAPP
	[2]	TTL: 8
	[2]	Flood: 0
	[2]	MessageID: :12000_174_1682764288.097926
	[2]	From: :12000
	[2]	To: :12004
	[2]	Next-Layer: 1
	[2]	Content-Length: 24
	[2]	
	[2]	353UDT/1.0 RDTACK 0 98

	[2]	353NET/1.0 UCASTAPP
	[2]	TTL: 8
	[2]	Flood: 0
	[2]	MessageID: :12000_176_1682764288.665467
	[2]	From: :12000
	[2]	To: :12004
	[2]	Next-Layer: 2
	[2]	Content-Length: 81
	[2]	
	[2]	353UDT/1.0 RDTDATA
Seq-Number: 0
RDT-App-Number: 99
RDT-Content-Length: 1

w
	[1]	353NET/1.0 UCASTAPP
	[1]	TTL: 8
	[1]	Flood: 0
	[1]	MessageID: :12004_178_1682764288.667965
	[1]	From: :12004
	[1]	To: :12000
	[1]	Next-Layer: 1
	[1]	Content-Length: 24
	[1]	
	[1]	353UDT/1.0 RDTACK 0 99

	[1]	353NET/1.0 UCASTAPP
	[1]	TTL: 8
	[1]	Flood: 0
	[1]	MessageID: :12004_180_1682764289.096029
	[1]	From: :12004
	[1]	To: :12000
	[1]	Next-Layer: 2
	[1]	Content-Length: 81
	[1]	
	[1]	353UDT/1.0 RDTDATA
Seq-Number: 1
RDT-App-Number: 99
RDT-Content-Length: 1



	[2]	353NET/1.0 UCASTAPP
	[2]	TTL: 8
	[2]	Flood: 0
	[2]	MessageID: :12000_180_1682764289.098316
	[2]	From: :12000
	[2]	To: :12004
	[2]	Next-Layer: 1
	[2]	Content-Length: 24
	[2]	
	[2]	353UDT/1.0 RDTACK 1 98

	[2]	353NET/1.0 UCASTAPP
	[2]	TTL: 8
	[2]	Flood: 0
	[2]	MessageID: :12000_182_1682764289.666013
	[2]	From: :12000
	[2]	To: :12004
	[2]	Next-Layer: 2
	[2]	Content-Length: 81
	[2]	
	[2]	353UDT/1.0 RDTDATA
Seq-Number: 1
RDT-App-Number: 99
RDT-Content-Length: 1

d
	[1]	353NET/1.0 UCASTAPP
	[1]	TTL: 8
	[1]	Flood: 0
	[1]	MessageID: :12004_184_1682764289.668206
	[1]	From: :12004
	[1]	To: :12000
	[1]	Next-Layer: 1
	[1]	Content-Length: 24
	[1]	
	[1]	353UDT/1.0 RDTACK 1 99

	[2]	353NET/1.0 UCASTAPP
	[2]	TTL: 8
	[2]	Flood: 0
	[2]	MessageID: :12000_185_1682764290.666630
	[2]	From: :12000
	[2]	To: :12004
	[2]	Next-Layer: 2
	[2]	Content-Length: 81
	[2]	
	[2]	353UDT/1.0 RDTDATA
Seq-Number: 0
RDT-App-Number: 99
RDT-Content-Length: 1

y
	[1]	353NET/1.0 UCASTAPP
	[1]	TTL: 8
	[1]	Flood: 0
	[1]	MessageID: :12004_187_1682764290.669114
	[1]	From: :12004
	[1]	To: :12000
	[1]	Next-Layer: 1
	[1]	Content-Length: 24
	[1]	
	[1]	353UDT/1.0 RDTACK 0 99

	[2]	353NET/1.0 UCASTAPP
	[2]	TTL: 8
	[2]	Flood: 0
	[2]	MessageID: :12000_188_1682764291.667282
	[2]	From: :12000
	[2]	To: :12004
	[2]	Next-Layer: 2
	[2]	Content-Length: 81
	[2]	
	[2]	353UDT/1.0 RDTDATA
Seq-Number: 1
RDT-App-Number: 99
RDT-Content-Length: 1



	[1]	353NET/1.0 UCASTAPP
	[1]	TTL: 8
	[1]	Flood: 0
	[1]	MessageID: :12004_190_1682764291.759633
	[1]	From: :12004
	[1]	To: :12000
	[1]	Next-Layer: 1
	[1]	Content-Length: 24
	[1]	
	[1]	353UDT/1.0 RDTACK 1 99

	[2]	353NET/1.0 UCASTAPP
	[2]	TTL: 8
	[2]	Flood: 0
	[2]	MessageID: :12000_191_1682764293.757628
	[2]	From: :12000
	[2]	To: :12004
	[2]	Next-Layer: 2
	[2]	Content-Length: 81
	[2]	
	[2]	353UDT/1.0 RDTDATA
Seq-Number: 0
RDT-App-Number: 98
RDT-Content-Length: 1

b
	[1]	353NET/1.0 UCASTAPP
	[1]	TTL: 8
	[1]	Flood: 0
	[1]	MessageID: :12004_195_1682764293.759846
	[1]	From: :12004
	[1]	To: :12000
	[1]	Next-Layer: 1
	[1]	Content-Length: 24
	[1]	
	[1]	353UDT/1.0 RDTACK 0 99

	[2]	353NET/1.0 UCASTAPP
	[2]	TTL: 8
	[2]	Flood: 0
	[2]	MessageID: :12000_194_1682764294.758241
	[2]	From: :12000
	[2]	To: :12004
	[2]	Next-Layer: 2
	[2]	Content-Length: 81
	[2]	
	[2]	353UDT/1.0 RDTDATA
Seq-Number: 1
RDT-App-Number: 98
RDT-Content-Length: 1

y
	[1]	353NET/1.0 UCASTAPP
	[1]	TTL: 8
	[1]	Flood: 0
	[1]	MessageID: :12004_198_1682764294.760998
	[1]	From: :12004
	[1]	To: :12000
	[1]	Next-Layer: 1
	[1]	Content-Length: 24
	[1]	
	[1]	353UDT/1.0 RDTACK 1 99

	[1]	353NET/1.0 UCASTAPP
	[1]	TTL: 8
	[1]	Flood: 0
	[1]	MessageID: :12004_200_1682764294.948690
	[1]	From: :12004
	[1]	To: :12000
	[1]	Next-Layer: 2
	[1]	Content-Length: 81
	[1]	
	[1]	353UDT/1.0 RDTDATA
Seq-Number: 0
RDT-App-Number: 98
RDT-Content-Length: 1



	[2]	353NET/1.0 UCASTAPP
	[2]	TTL: 8
	[2]	Flood: 0
	[2]	MessageID: :12000_200_1682764294.950885
	[2]	From: :12000
	[2]	To: :12004
	[2]	Next-Layer: 1
	[2]	Content-Length: 24
	[2]	
	[2]	353UDT/1.0 RDTACK 0 98

	[2]	353NET/1.0 UCASTAPP
	[2]	TTL: 8
	[2]	Flood: 0
	[2]	MessageID: :12000_202_1682764294.951245
	[2]	From: :12000
	[2]	To: :12004
	[2]	Next-Layer: 2
	[2]	Content-Length: 81
	[2]	
	[2]	353UDT/1.0 RDTDATA
Seq-Number: 0
RDT-App-Number: 99
RDT-Content-Length: 1



	[1]	353NET/1.0 UCASTAPP
	[1]	TTL: 8
	[1]	Flood: 0
	[1]	MessageID: :12004_204_1682764295.000028
	[1]	From: :12004
	[1]	To: :12000
	[1]	Next-Layer: 1
	[1]	Content-Length: 24
	[1]	
	[1]	353UDT/1.0 RDTACK 0 98

	[2]	353NET/1.0 UCASTAPP
	[2]	TTL: 8
	[2]	Flood: 0
	[2]	MessageID: :12000_205_1682764295.758680
	[2]	From: :12000
	[2]	To: :12004
	[2]	Next-Layer: 2
	[2]	Content-Length: 81
	[2]	
	[2]	353UDT/1.0 RDTDATA
Seq-Number: 0
RDT-App-Number: 98
RDT-Content-Length: 1

e
	[1]	353NET/1.0 UCASTAPP
	[1]	TTL: 8
	[1]	Flood: 0
	[1]	MessageID: :12004_209_1682764295.761060
	[1]	From: :12004
	[1]	To: :12000
	[1]	Next-Layer: 1
	[1]	Content-Length: 24
	[1]	
	[1]	353UDT/1.0 RDTACK 0 99

	[2]	353NET/1.0 UCASTAPP
	[2]	TTL: 8
	[2]	Flood: 0
	[2]	MessageID: :12000_208_1682764296.759249
	[2]	From: :12000
	[2]	To: :12004
	[2]	Next-Layer: 2
	[2]	Content-Length: 81
	[2]	
	[2]	353UDT/1.0 RDTDATA
Seq-Number: 1
RDT-App-Number: 98
RDT-Content-Length: 1



	[1]	353NET/1.0 UCASTAPP
	[1]	TTL: 8
	[1]	Flood: 0
	[1]	MessageID: :12004_212_1682764296.810780
	[1]	From: :12004
	[1]	To: :12000
	[1]	Next-Layer: 1
	[1]	Content-Length: 24
	[1]	
	[1]	353UDT/1.0 RDTACK 1 99

	[1]	353NET/1.0 UCASTAPP
	[1]	TTL: 8
	[1]	Flood: 0
	[1]	MessageID: :12004_214_1682764296.811278
	[1]	From: :12004
	[1]	To: :12000
	[1]	Next-Layer: 2
	[1]	Content-Length: 81
	[1]	
	[1]	353UDT/1.0 RDTDATA
Seq-Number: 0
RDT-App-Number: 99
RDT-Content-Length: 1

b
	[2]	353NET/1.0 UCASTAPP
	[2]	TTL: 8
	[2]	Flood: 0
	[2]	MessageID: :12000_214_1682764296.813537
	[2]	From: :12000
	[2]	To: :12004
	[2]	Next-Layer: 1
	[2]	Content-Length: 24
	[2]	
	[2]	353UDT/1.0 RDTACK 0 99

	[1]	353NET/1.0 UCASTAPP
	[1]	TTL: 8
	[1]	Flood: 0
	[1]	MessageID: :12004_217_1682764297.811680
	[1]	From: :12004
	[1]	To: :12000
	[1]	Next-Layer: 2
	[1]	Content-Length: 81
	[1]	
	[1]	353UDT/1.0 RDTDATA
Seq-Number: 1
RDT-App-Number: 99
RDT-Content-Length: 1

y
	[2]	353NET/1.0 UCASTAPP
	[2]	TTL: 8
	[2]	Flood: 0
	[2]	MessageID: :12000_217_1682764297.814150
	[2]	From: :12000
	[2]	To: :12004
	[2]	Next-Layer: 1
	[2]	Content-Length: 24
	[2]	
	[2]	353UDT/1.0 RDTACK 1 99

	[1]	353NET/1.0 UCASTAPP
	[1]	TTL: 8
	[1]	Flood: 0
	[1]	MessageID: :12004_220_1682764298.812049
	[1]	From: :12004
	[1]	To: :12000
	[1]	Next-Layer: 2
	[1]	Content-Length: 81
	[1]	
	[1]	353UDT/1.0 RDTDATA
Seq-Number: 0
RDT-App-Number: 99
RDT-Content-Length: 1

e
	[2]	353NET/1.0 UCASTAPP
	[2]	TTL: 8
	[2]	Flood: 0
	[2]	MessageID: :12000_220_1682764298.814102
	[2]	From: :12000
	[2]	To: :12004
	[2]	Next-Layer: 1
	[2]	Content-Length: 24
	[2]	
	[2]	353UDT/1.0 RDTACK 0 99

	[1]	353NET/1.0 UCASTAPP
	[1]	TTL: 8
	[1]	Flood: 0
	[1]	MessageID: :12004_223_1682764299.812541
	[1]	From: :12004
	[1]	To: :12000
	[1]	Next-Layer: 2
	[1]	Content-Length: 81
	[1]	
	[1]	353UDT/1.0 RDTDATA
Seq-Number: 1
RDT-App-Number: 99
RDT-Content-Length: 1



	[2]	353NET/1.0 UCASTAPP
	[2]	TTL: 8
	[2]	Flood: 0
	[2]	MessageID: :12000_223_1682764299.909686
	[2]	From: :12000
	[2]	To: :12004
	[2]	Next-Layer: 1
	[2]	Content-Length: 24
	[2]	
	[2]	353UDT/1.0 RDTACK 1 99

	[2]	353NET/1.0 UCASTAPP
	[2]	TTL: 8
	[2]	Flood: 0
	[2]	MessageID: :12000_225_1682764304.320760
	[2]	From: :12000
	[2]	To: :12004
	[2]	Next-Layer: 2
	[2]	Content-Length: 81
	[2]	
	[2]	353UDT/1.0 RDTDATA
Seq-Number: 0
RDT-App-Number: 98
RDT-Content-Length: 1

e
	[1]	353NET/1.0 UCASTAPP
	[1]	TTL: 8
	[1]	Flood: 0
	[1]	MessageID: :12004_229_1682764304.322883
	[1]	From: :12004
	[1]	To: :12000
	[1]	Next-Layer: 1
	[1]	Content-Length: 24
	[1]	
	[1]	353UDT/1.0 RDTACK 0 98

	[2]	353NET/1.0 UCASTAPP
	[2]	TTL: 8
	[2]	Flood: 0
	[2]	MessageID: :12000_228_1682764305.321248
	[2]	From: :12000
	[2]	To: :12004
	[2]	Next-Layer: 2
	[2]	Content-Length: 81
	[2]	
	[2]	353UDT/1.0 RDTDATA
Seq-Number: 1
RDT-App-Number: 98
RDT-Content-Length: 1

c
	[1]	353NET/1.0 UCASTAPP
	[1]	TTL: 8
	[1]	Flood: 0
	[1]	MessageID: :12004_232_1682764305.323735
	[1]	From: :12004
	[1]	To: :12000
	[1]	Next-Layer: 1
	[1]	Content-Length: 24
	[1]	
	[1]	353UDT/1.0 RDTACK 1 98

	[2]	353NET/1.0 UCASTAPP
	[2]	TTL: 8
	[2]	Flood: 0
	[2]	MessageID: :12000_231_1682764306.321788
	[2]	From: :12000
	[2]	To: :12004
	[2]	Next-Layer: 2
	[2]	Content-Length: 81
	[2]	
	[2]	353UDT/1.0 RDTDATA
Seq-Number: 0
RDT-App-Number: 98
RDT-Content-Length: 1

h
	[1]	353NET/1.0 UCASTAPP
	[1]	TTL: 8
	[1]	Flood: 0
	[1]	MessageID: :12004_235_1682764306.371169
	[1]	From: :12004
	[1]	To: :12000
	[1]	Next-Layer: 1
	[1]	Content-Length: 24
	[1]	
	[1]	353UDT/1.0 RDTACK 0 98

	[2]	353NET/1.0 UCASTAPP
	[2]	TTL: 8
	[2]	Flood: 0
	[2]	MessageID: :12000_234_1682764307.322266
	[2]	From: :12000
	[2]	To: :12004
	[2]	Next-Layer: 2
	[2]	Content-Length: 81
	[2]	
	[2]	353UDT/1.0 RDTDATA
Seq-Number: 1
RDT-App-Number: 98
RDT-Content-Length: 1

o
	[1]	353NET/1.0 UCASTAPP
	[1]	TTL: 8
	[1]	Flood: 0
	[1]	MessageID: :12004_238_1682764307.369694
	[1]	From: :12004
	[1]	To: :12000
	[1]	Next-Layer: 1
	[1]	Content-Length: 24
	[1]	
	[1]	353UDT/1.0 RDTACK 1 98

	[2]	353NET/1.0 UCASTAPP
	[2]	TTL: 8
	[2]	Flood: 0
	[2]	MessageID: :12000_237_1682764308.322744
	[2]	From: :12000
	[2]	To: :12004
	[2]	Next-Layer: 2
	[2]	Content-Length: 81
	[2]	
	[2]	353UDT/1.0 RDTDATA
Seq-Number: 0
RDT-App-Number: 98
RDT-Content-Length: 1

a
	[1]	353NET/1.0 UCASTAPP
	[1]	TTL: 8
	[1]	Flood: 0
	[1]	MessageID: :12004_241_1682764308.325207
	[1]	From: :12004
	[1]	To: :12000
	[1]	Next-Layer: 1
	[1]	Content-Length: 24
	[1]	
	[1]	353UDT/1.0 RDTACK 0 98

	[2]	353NET/1.0 UCASTAPP
	[2]	TTL: 8
	[2]	Flood: 0
	[2]	MessageID: :12000_240_1682764309.323441
	[2]	From: :12000
	[2]	To: :12004
	[2]	Next-Layer: 2
	[2]	Content-Length: 81
	[2]	
	[2]	353UDT/1.0 RDTDATA
Seq-Number: 1
RDT-App-Number: 98
RDT-Content-Length: 1

p
	[1]	353NET/1.0 UCASTAPP
	[1]	TTL: 8
	[1]	Flood: 0
	[1]	MessageID: :12004_244_1682764309.325943
	[1]	From: :12004
	[1]	To: :12000
	[1]	Next-Layer: 1
	[1]	Content-Length: 24
	[1]	
	[1]	353UDT/1.0 RDTACK 1 98

	[2]	353NET/1.0 UCASTAPP
	[2]	TTL: 8
	[2]	Flood: 0
	[2]	MessageID: :12000_243_1682764310.324016
	[2]	From: :12000
	[2]	To: :12004
	[2]	Next-Layer: 2
	[2]	Content-Length: 81
	[2]	
	[2]	353UDT/1.0 RDTDATA
Seq-Number: 0
RDT-App-Number: 98
RDT-Content-Length: 1

p
	[1]	353NET/1.0 UCASTAPP
	[1]	TTL: 8
	[1]	Flood: 0
	[1]	MessageID: :12004_247_1682764310.419785
	[1]	From: :12004
	[1]	To: :12000
	[1]	Next-Layer: 1
	[1]	Content-Length: 24
	[1]	
	[1]	353UDT/1.0 RDTACK 0 98

	[2]	353NET/1.0 UCASTAPP
	[2]	TTL: 8
	[2]	Flood: 0
	[2]	MessageID: :12000_246_1682764311.324465
	[2]	From: :12000
	[2]	To: :12004
	[2]	Next-Layer: 2
	[2]	Content-Length: 81
	[2]	
	[2]	353UDT/1.0 RDTDATA
Seq-Number: 1
RDT-App-Number: 98
RDT-Content-Length: 1

 
	[1]	353NET/1.0 UCASTAPP
	[1]	TTL: 8
	[1]	Flood: 0
	[1]	MessageID: :12004_250_1682764311.326657
	[1]	From: :12004
	[1]	To: :12000
	[1]	Next-Layer: 1
	[1]	Content-Length: 24
	[1]	
	[1]	353UDT/1.0 RDTACK 1 98

	[2]	353NET/1.0 UCASTAPP
	[2]	TTL: 8
	[2]	Flood: 0
	[2]	MessageID: :12000_249_1682764312.325029
	[2]	From: :12000
	[2]	To: :12004
	[2]	Next-Layer: 2
	[2]	Content-Length: 81
	[2]	
	[2]	353UDT/1.0 RDTDATA
Seq-Number: 0
RDT-App-Number: 98
RDT-Content-Length: 1

:
	[1]	353NET/1.0 UCASTAPP
	[1]	TTL: 8
	[1]	Flood: 0
	[1]	MessageID: :12004_253_1682764312.327309
	[1]	From: :12004
	[1]	To: :12000
	[1]	Next-Layer: 1
	[1]	Content-Length: 24
	[1]	
	[1]	353UDT/1.0 RDTACK 0 98

	[2]	353NET/1.0 UCASTAPP
	[2]	TTL: 8
	[2]	Flood: 0
	[2]	MessageID: :12000_252_1682764313.325522
	[2]	From: :12000
	[2]	To: :12004
	[2]	Next-Layer: 2
	[2]	Content-Length: 81
	[2]	
	[2]	353UDT/1.0 RDTDATA
Seq-Number: 1
RDT-App-Number: 98
RDT-Content-Length: 1

1
	[1]	353NET/1.0 UCASTAPP
	[1]	TTL: 8
	[1]	Flood: 0
	[1]	MessageID: :12004_256_1682764313.369570
	[1]	From: :12004
	[1]	To: :12000
	[1]	Next-Layer: 1
	[1]	Content-Length: 24
	[1]	
	[1]	353UDT/1.0 RDTACK 1 98

	[2]	353NET/1.0 UCASTAPP
	[2]	TTL: 8
	[2]	Flood: 0
	[2]	MessageID: :12000_255_1682764314.326195
	[2]	From: :12000
	[2]	To: :12004
	[2]	Next-Layer: 2
	[2]	Content-Length: 81
	[2]	
	[2]	353UDT/1.0 RDTDATA
Seq-Number: 0
RDT-App-Number: 98
RDT-Content-Length: 1

2
	[1]	353NET/1.0 UCASTAPP
	[1]	TTL: 8
	[1]	Flood: 0
	[1]	MessageID: :12004_259_1682764314.328752
	[1]	From: :12004
	[1]	To: :12000
	[1]	Next-Layer: 1
	[1]	Content-Length: 24
	[1]	
	[1]	353UDT/1.0 RDTACK 0 98

	[2]	353NET/1.0 UCASTAPP
	[2]	TTL: 8
	[2]	Flood: 0
	[2]	MessageID: :12000_258_1682764315.326734
	[2]	From: :12000
	[2]	To: :12004
	[2]	Next-Layer: 2
	[2]	Content-Length: 81
	[2]	
	[2]	353UDT/1.0 RDTDATA
Seq-Number: 1
RDT-App-Number: 98
RDT-Content-Length: 1

0
	[1]	353NET/1.0 UCASTAPP
	[1]	TTL: 8
	[1]	Flood: 0
	[1]	MessageID: :12004_262_1682764315.370941
	[1]	From: :12004
	[1]	To: :12000
	[1]	Next-Layer: 1
	[1]	Content-Length: 24
	[1]	
	[1]	353UDT/1.0 RDTACK 1 98

	[2]	353NET/1.0 UCASTAPP
	[2]	TTL: 8
	[2]	Flood: 0
	[2]	MessageID: :12000_261_1682764316.327266
	[2]	From: :12000
	[2]	To: :12004
	[2]	Next-Layer: 2
	[2]	Content-Length: 81
	[2]	
	[2]	353UDT/1.0 RDTDATA
Seq-Number: 0
RDT-App-Number: 98
RDT-Content-Length: 1

0
	[1]	353NET/1.0 UCASTAPP
	[1]	TTL: 8
	[1]	Flood: 0
	[1]	MessageID: :12004_265_1682764316.379900
	[1]	From: :12004
	[1]	To: :12000
	[1]	Next-Layer: 1
	[1]	Content-Length: 24
	[1]	
	[1]	353UDT/1.0 RDTACK 0 98

	[2]	353NET/1.0 UCASTAPP
	[2]	TTL: 8
	[2]	Flood: 0
	[2]	MessageID: :12000_264_1682764317.327878
	[2]	From: :12000
	[2]	To: :12004
	[2]	Next-Layer: 2
	[2]	Content-Length: 81
	[2]	
	[2]	353UDT/1.0 RDTDATA
Seq-Number: 1
RDT-App-Number: 98
RDT-Content-Length: 1

2
	[1]	353NET/1.0 UCASTAPP
	[1]	TTL: 8
	[1]	Flood: 0
	[1]	MessageID: :12004_268_1682764317.330664
	[1]	From: :12004
	[1]	To: :12000
	[1]	Next-Layer: 1
	[1]	Content-Length: 24
	[1]	
	[1]	353UDT/1.0 RDTACK 1 98

	[2]	353NET/1.0 UCASTAPP
	[2]	TTL: 8
	[2]	Flood: 0
	[2]	MessageID: :12000_267_1682764318.328388
	[2]	From: :12000
	[2]	To: :12004
	[2]	Next-Layer: 2
	[2]	Content-Length: 81
	[2]	
	[2]	353UDT/1.0 RDTDATA
Seq-Number: 0
RDT-App-Number: 98
RDT-Content-Length: 1



	[1]	353NET/1.0 UCASTAPP
	[1]	TTL: 8
	[1]	Flood: 0
	[1]	MessageID: :12004_271_1682764318.330845
	[1]	From: :12004
	[1]	To: :12000
	[1]	Next-Layer: 1
	[1]	Content-Length: 24
	[1]	
	[1]	353UDT/1.0 RDTACK 0 98

	[1]	353NET/1.0 UCASTAPP
	[1]	TTL: 8
	[1]	Flood: 0
	[1]	MessageID: :12004_273_1682764318.331348
	[1]	From: :12004
	[1]	To: :12000
	[1]	Next-Layer: 2
	[1]	Content-Length: 81
	[1]	
	[1]	353UDT/1.0 RDTDATA
Seq-Number: 0
RDT-App-Number: 99
RDT-Content-Length: 1

e
	[2]	353NET/1.0 UCASTAPP
	[2]	TTL: 8
	[2]	Flood: 0
	[2]	MessageID: :12000_273_1682764318.333212
	[2]	From: :12000
	[2]	To: :12004
	[2]	Next-Layer: 1
	[2]	Content-Length: 24
	[2]	
	[2]	353UDT/1.0 RDTACK 0 99

	[1]	353NET/1.0 UCASTAPP
	[1]	TTL: 8
	[1]	Flood: 0
	[1]	MessageID: :12004_276_1682764319.331929
	[1]	From: :12004
	[1]	To: :12000
	[1]	Next-Layer: 2
	[1]	Content-Length: 81
	[1]	
	[1]	353UDT/1.0 RDTDATA
Seq-Number: 1
RDT-App-Number: 99
RDT-Content-Length: 1

c
	[2]	353NET/1.0 UCASTAPP
	[2]	TTL: 8
	[2]	Flood: 0
	[2]	MessageID: :12000_276_1682764319.334645
	[2]	From: :12000
	[2]	To: :12004
	[2]	Next-Layer: 1
	[2]	Content-Length: 24
	[2]	
	[2]	353UDT/1.0 RDTACK 1 99

	[1]	353NET/1.0 UCASTAPP
	[1]	TTL: 8
	[1]	Flood: 0
	[1]	MessageID: :12004_279_1682764320.332503
	[1]	From: :12004
	[1]	To: :12000
	[1]	Next-Layer: 2
	[1]	Content-Length: 81
	[1]	
	[1]	353UDT/1.0 RDTDATA
Seq-Number: 0
RDT-App-Number: 99
RDT-Content-Length: 1

h
	[2]	353NET/1.0 UCASTAPP
	[2]	TTL: 8
	[2]	Flood: 0
	[2]	MessageID: :12000_279_1682764320.334918
	[2]	From: :12000
	[2]	To: :12004
	[2]	Next-Layer: 1
	[2]	Content-Length: 24
	[2]	
	[2]	353UDT/1.0 RDTACK 0 99

	[1]	353NET/1.0 UCASTAPP
	[1]	TTL: 8
	[1]	Flood: 0
	[1]	MessageID: :12004_282_1682764321.333070
	[1]	From: :12004
	[1]	To: :12000
	[1]	Next-Layer: 2
	[1]	Content-Length: 81
	[1]	
	[1]	353UDT/1.0 RDTDATA
Seq-Number: 1
RDT-App-Number: 99
RDT-Content-Length: 1

o
	[2]	353NET/1.0 UCASTAPP
	[2]	TTL: 8
	[2]	Flood: 0
	[2]	MessageID: :12000_282_1682764321.379752
	[2]	From: :12000
	[2]	To: :12004
	[2]	Next-Layer: 1
	[2]	Content-Length: 24
	[2]	
	[2]	353UDT/1.0 RDTACK 1 99

	[1]	353NET/1.0 UCASTAPP
	[1]	TTL: 8
	[1]	Flood: 0
	[1]	MessageID: :12004_285_1682764322.333544
	[1]	From: :12004
	[1]	To: :12000
	[1]	Next-Layer: 2
	[1]	Content-Length: 81
	[1]	
	[1]	353UDT/1.0 RDTDATA
Seq-Number: 0
RDT-App-Number: 99
RDT-Content-Length: 1

a
	[2]	353NET/1.0 UCASTAPP
	[2]	TTL: 8
	[2]	Flood: 0
	[2]	MessageID: :12000_285_1682764322.335944
	[2]	From: :12000
	[2]	To: :12004
	[2]	Next-Layer: 1
	[2]	Content-Length: 24
	[2]	
	[2]	353UDT/1.0 RDTACK 0 99

	[1]	353NET/1.0 UCASTAPP
	[1]	TTL: 8
	[1]	Flood: 0
	[1]	MessageID: :12004_288_1682764323.334152
	[1]	From: :12004
	[1]	To: :12000
	[1]	Next-Layer: 2
	[1]	Content-Length: 81
	[1]	
	[1]	353UDT/1.0 RDTDATA
Seq-Number: 1
RDT-App-Number: 99
RDT-Content-Length: 1

p
	[2]	353NET/1.0 UCASTAPP
	[2]	TTL: 8
	[2]	Flood: 0
	[2]	MessageID: :12000_288_1682764323.380710
	[2]	From: :12000
	[2]	To: :12004
	[2]	Next-Layer: 1
	[2]	Content-Length: 24
	[2]	
	[2]	353UDT/1.0 RDTACK 1 99

	[1]	353NET/1.0 UCASTAPP
	[1]	TTL: 8
	[1]	Flood: 0
	[1]	MessageID: :12004_291_1682764324.334662
	[1]	From: :12004
	[1]	To: :12000
	[1]	Next-Layer: 2
	[1]	Content-Length: 81
	[1]	
	[1]	353UDT/1.0 RDTDATA
Seq-Number: 0
RDT-App-Number: 99
RDT-Content-Length: 1

p
	[2]	353NET/1.0 UCASTAPP
	[2]	TTL: 8
	[2]	Flood: 0
	[2]	MessageID: :12000_291_1682764324.379741
	[2]	From: :12000
	[2]	To: :12004
	[2]	Next-Layer: 1
	[2]	Content-Length: 24
	[2]	
	[2]	353UDT/1.0 RDTACK 0 99

	[1]	353NET/1.0 UCASTAPP
	[1]	TTL: 8
	[1]	Flood: 0
	[1]	MessageID: :12004_294_1682764325.335320
	[1]	From: :12004
	[1]	To: :12000
	[1]	Next-Layer: 2
	[1]	Content-Length: 81
	[1]	
	[1]	353UDT/1.0 RDTDATA
Seq-Number: 1
RDT-App-Number: 99
RDT-Content-Length: 1

 
	[2]	353NET/1.0 UCASTAPP
	[2]	TTL: 8
	[2]	Flood: 0
	[2]	MessageID: :12000_294_1682764325.337745
	[2]	From: :12000
	[2]	To: :12004
	[2]	Next-Layer: 1
	[2]	Content-Length: 24
	[2]	
	[2]	353UDT/1.0 RDTACK 1 99

	[1]	353NET/1.0 UCASTAPP
	[1]	TTL: 8
	[1]	Flood: 0
	[1]	MessageID: :12004_297_1682764326.335882
	[1]	From: :12004
	[1]	To: :12000
	[1]	Next-Layer: 2
	[1]	Content-Length: 81
	[1]	
	[1]	353UDT/1.0 RDTDATA
Seq-Number: 0
RDT-App-Number: 99
RDT-Content-Length: 1

:
	[2]	353NET/1.0 UCASTAPP
	[2]	TTL: 8
	[2]	Flood: 0
	[2]	MessageID: :12000_297_1682764326.338489
	[2]	From: :12000
	[2]	To: :12004
	[2]	Next-Layer: 1
	[2]	Content-Length: 24
	[2]	
	[2]	353UDT/1.0 RDTACK 0 99

	[1]	353NET/1.0 UCASTAPP
	[1]	TTL: 8
	[1]	Flood: 0
	[1]	MessageID: :12004_300_1682764327.336570
	[1]	From: :12004
	[1]	To: :12000
	[1]	Next-Layer: 2
	[1]	Content-Length: 81
	[1]	
	[1]	353UDT/1.0 RDTDATA
Seq-Number: 1
RDT-App-Number: 99
RDT-Content-Length: 1

1
	[2]	353NET/1.0 UCASTAPP
	[2]	TTL: 8
	[2]	Flood: 0
	[2]	MessageID: :12000_300_1682764327.429830
	[2]	From: :12000
	[2]	To: :12004
	[2]	Next-Layer: 1
	[2]	Content-Length: 24
	[2]	
	[2]	353UDT/1.0 RDTACK 1 99

	[1]	353NET/1.0 UCASTAPP
	[1]	TTL: 8
	[1]	Flood: 0
	[1]	MessageID: :12004_303_1682764328.337117
	[1]	From: :12004
	[1]	To: :12000
	[1]	Next-Layer: 2
	[1]	Content-Length: 81
	[1]	
	[1]	353UDT/1.0 RDTDATA
Seq-Number: 0
RDT-App-Number: 99
RDT-Content-Length: 1

2
	[2]	353NET/1.0 UCASTAPP
	[2]	TTL: 8
	[2]	Flood: 0
	[2]	MessageID: :12000_303_1682764328.339633
	[2]	From: :12000
	[2]	To: :12004
	[2]	Next-Layer: 1
	[2]	Content-Length: 24
	[2]	
	[2]	353UDT/1.0 RDTACK 0 99

	[1]	353NET/1.0 UCASTAPP
	[1]	TTL: 8
	[1]	Flood: 0
	[1]	MessageID: :12004_306_1682764329.337639
	[1]	From: :12004
	[1]	To: :12000
	[1]	Next-Layer: 2
	[1]	Content-Length: 81
	[1]	
	[1]	353UDT/1.0 RDTDATA
Seq-Number: 1
RDT-App-Number: 99
RDT-Content-Length: 1

0
	[2]	353NET/1.0 UCASTAPP
	[2]	TTL: 8
	[2]	Flood: 0
	[2]	MessageID: :12000_306_1682764329.340682
	[2]	From: :12000
	[2]	To: :12004
	[2]	Next-Layer: 1
	[2]	Content-Length: 24
	[2]	
	[2]	353UDT/1.0 RDTACK 1 99

	[1]	353NET/1.0 UCASTAPP
	[1]	TTL: 8
	[1]	Flood: 0
	[1]	MessageID: :12004_309_1682764330.338330
	[1]	From: :12004
	[1]	To: :12000
	[1]	Next-Layer: 2
	[1]	Content-Length: 81
	[1]	
	[1]	353UDT/1.0 RDTDATA
Seq-Number: 0
RDT-App-Number: 99
RDT-Content-Length: 1

0
	[2]	353NET/1.0 UCASTAPP
	[2]	TTL: 8
	[2]	Flood: 0
	[2]	MessageID: :12000_309_1682764330.389776
	[2]	From: :12000
	[2]	To: :12004
	[2]	Next-Layer: 1
	[2]	Content-Length: 24
	[2]	
	[2]	353UDT/1.0 RDTACK 0 99

	[1]	353NET/1.0 UCASTAPP
	[1]	TTL: 8
	[1]	Flood: 0
	[1]	MessageID: :12004_312_1682764331.338860
	[1]	From: :12004
	[1]	To: :12000
	[1]	Next-Layer: 2
	[1]	Content-Length: 81
	[1]	
	[1]	353UDT/1.0 RDTDATA
Seq-Number: 1
RDT-App-Number: 99
RDT-Content-Length: 1

2
	[2]	353NET/1.0 UCASTAPP
	[2]	TTL: 8
	[2]	Flood: 0
	[2]	MessageID: :12000_312_1682764331.341162
	[2]	From: :12000
	[2]	To: :12004
	[2]	Next-Layer: 1
	[2]	Content-Length: 24
	[2]	
	[2]	353UDT/1.0 RDTACK 1 99

	[1]	353NET/1.0 UCASTAPP
	[1]	TTL: 8
	[1]	Flood: 0
	[1]	MessageID: :12004_315_1682764332.339384
	[1]	From: :12004
	[1]	To: :12000
	[1]	Next-Layer: 2
	[1]	Content-Length: 81
	[1]	
	[1]	353UDT/1.0 RDTDATA
Seq-Number: 0
RDT-App-Number: 99
RDT-Content-Length: 1



	[2]	353NET/1.0 UCASTAPP
	[2]	TTL: 8
	[2]	Flood: 0
	[2]	MessageID: :12000_315_1682764332.390820
	[2]	From: :12000
	[2]	To: :12004
	[2]	Next-Layer: 1
	[2]	Content-Length: 24
	[2]	
	[2]	353UDT/1.0 RDTACK 0 99

	[2]	353NET/1.0 UCASTAPP
	[2]	TTL: 8
	[2]	Flood: 0
	[2]	MessageID: :12000_317_1682764335.953164
	[2]	From: :12000
	[2]	To: :12004
	[2]	Next-Layer: 2
	[2]	Content-Length: 81
	[2]	
	[2]	353UDT/1.0 RDTDATA
Seq-Number: 0
RDT-App-Number: 98
RDT-Content-Length: 1



	[1]	353NET/1.0 UCASTAPP
	[1]	TTL: 8
	[1]	Flood: 0
	[1]	MessageID: :12004_321_1682764335.955342
	[1]	From: :12004
	[1]	To: :12000
	[1]	Next-Layer: 1
	[1]	Content-Length: 24
	[1]	
	[1]	353UDT/1.0 RDTACK 0 98

	[1]	353NET/1.0 UCASTAPP
	[1]	TTL: 8
	[1]	Flood: 0
	[1]	MessageID: :12004_323_1682764335.955765
	[1]	From: :12004
	[1]	To: :12000
	[1]	Next-Layer: 2
	[1]	Content-Length: 81
	[1]	
	[1]	353UDT/1.0 RDTDATA
Seq-Number: 0
RDT-App-Number: 99
RDT-Content-Length: 1



	[2]	353NET/1.0 UCASTAPP
	[2]	TTL: 8
	[2]	Flood: 0
	[2]	MessageID: :12000_323_1682764335.999899
	[2]	From: :12000
	[2]	To: :12004
	[2]	Next-Layer: 1
	[2]	Content-Length: 24
	[2]	
	[2]	353UDT/1.0 RDTACK 0 99

	[1]	353NET/1.0 UCASTAPP
	[1]	TTL: 9
	[1]	Flood: 0
	[1]	MessageID: :12002_188_1682764360.954330
	[1]	From: :12002
	[1]	To: :12000
	[1]	Next-Layer: 1
	[1]	Content-Length: 24
	[1]	
	[1]	353UDT/1.0 RDTACK 0 98

	[1]	353NET/1.0 UCASTAPP
	[1]	TTL: 9
	[1]	Flood: 0
	[1]	MessageID: :12002_191_1682764361.955280
	[1]	From: :12002
	[1]	To: :12000
	[1]	Next-Layer: 1
	[1]	Content-Length: 24
	[1]	
	[1]	353UDT/1.0 RDTACK 1 98

	[2]	353NET/1.0 UCASTAPP
	[2]	TTL: 9
	[2]	Flood: 0
	[2]	MessageID: :12002_196_1682764362.684623
	[2]	From: :12002
	[2]	To: :12004
	[2]	Next-Layer: 1
	[2]	Content-Length: 24
	[2]	
	[2]	353UDT/1.0 RDTACK 0 98

	[1]	353NET/1.0 UCASTAPP
	[1]	TTL: 9
	[1]	Flood: 0
	[1]	MessageID: :12002_199_1682764362.999761
	[1]	From: :12002
	[1]	To: :12000
	[1]	Next-Layer: 1
	[1]	Content-Length: 24
	[1]	
	[1]	353UDT/1.0 RDTACK 0 98

	[2]	353NET/1.0 UCASTAPP
	[2]	TTL: 9
	[2]	Flood: 0
	[2]	MessageID: :12002_202_1682764363.684983
	[2]	From: :12002
	[2]	To: :12004
	[2]	Next-Layer: 1
	[2]	Content-Length: 24
	[2]	
	[2]	353UDT/1.0 RDTACK 1 98

	[1]	353NET/1.0 UCASTAPP
	[1]	TTL: 9
	[1]	Flood: 0
	[1]	MessageID: :12002_205_1682764363.956131
	[1]	From: :12002
	[1]	To: :12000
	[1]	Next-Layer: 1
	[1]	Content-Length: 24
	[1]	
	[1]	353UDT/1.0 RDTACK 1 98

	[2]	353NET/1.0 UCASTAPP
	[2]	TTL: 9
	[2]	Flood: 0
	[2]	MessageID: :12002_208_1682764364.729572
	[2]	From: :12002
	[2]	To: :12004
	[2]	Next-Layer: 1
	[2]	Content-Length: 24
	[2]	
	[2]	353UDT/1.0 RDTACK 0 98

	[1]	353NET/1.0 UCASTAPP
	[1]	TTL: 9
	[1]	Flood: 0
	[1]	MessageID: :12002_211_1682764364.956648
	[1]	From: :12002
	[1]	To: :12000
	[1]	Next-Layer: 1
	[1]	Content-Length: 24
	[1]	
	[1]	353UDT/1.0 RDTACK 0 98

	[2]	353NET/1.0 UCASTAPP
	[2]	TTL: 9
	[2]	Flood: 0
	[2]	MessageID: :12002_214_1682764365.686436
	[2]	From: :12002
	[2]	To: :12004
	[2]	Next-Layer: 1
	[2]	Content-Length: 24
	[2]	
	[2]	353UDT/1.0 RDTACK 1 98

	[1]	353NET/1.0 UCASTAPP
	[1]	TTL: 9
	[1]	Flood: 0
	[1]	MessageID: :12002_217_1682764365.999459
	[1]	From: :12002
	[1]	To: :12000
	[1]	Next-Layer: 1
	[1]	Content-Length: 24
	[1]	
	[1]	353UDT/1.0 RDTACK 1 98

	[2]	353NET/1.0 UCASTAPP
	[2]	TTL: 9
	[2]	Flood: 0
	[2]	MessageID: :12002_220_1682764366.686853
	[2]	From: :12002
	[2]	To: :12004
	[2]	Next-Layer: 1
	[2]	Content-Length: 24
	[2]	
	[2]	353UDT/1.0 RDTACK 0 98

	[1]	353NET/1.0 UCASTAPP
	[1]	TTL: 9
	[1]	Flood: 0
	[1]	MessageID: :12002_223_1682764366.957898
	[1]	From: :12002
	[1]	To: :12000
	[1]	Next-Layer: 1
	[1]	Content-Length: 24
	[1]	
	[1]	353UDT/1.0 RDTACK 0 98

	[1]	353NET/1.0 UCASTAPP
	[1]	TTL: 9
	[1]	Flood: 0
	[1]	MessageID: :12002_225_1682764366.958790
	[1]	From: :12002
	[1]	To: :12000
	[1]	Next-Layer: 2
	[1]	Content-Length: 81
	[1]	
	[1]	353UDT/1.0 RDTDATA
Seq-Number: 0
RDT-App-Number: 99
RDT-Content-Length: 1

b
	[2]	353NET/1.0 UCASTAPP
	[2]	TTL: 9
	[2]	Flood: 0
	[2]	MessageID: :12002_229_1682764367.729490
	[2]	From: :12002
	[2]	To: :12004
	[2]	Next-Layer: 1
	[2]	Content-Length: 24
	[2]	
	[2]	353UDT/1.0 RDTACK 1 98

	[1]	353NET/1.0 UCASTAPP
	[1]	TTL: 9
	[1]	Flood: 0
	[1]	MessageID: :12002_231_1682764367.959050
	[1]	From: :12002
	[1]	To: :12000
	[1]	Next-Layer: 2
	[1]	Content-Length: 81
	[1]	
	[1]	353UDT/1.0 RDTDATA
Seq-Number: 1
RDT-App-Number: 99
RDT-Content-Length: 1

y
	[2]	353NET/1.0 UCASTAPP
	[2]	TTL: 9
	[2]	Flood: 0
	[2]	MessageID: :12002_235_1682764368.687989
	[2]	From: :12002
	[2]	To: :12004
	[2]	Next-Layer: 1
	[2]	Content-Length: 24
	[2]	
	[2]	353UDT/1.0 RDTACK 0 98

	[1]	353NET/1.0 UCASTAPP
	[1]	TTL: 9
	[1]	Flood: 0
	[1]	MessageID: :12002_237_1682764368.959533
	[1]	From: :12002
	[1]	To: :12000
	[1]	Next-Layer: 2
	[1]	Content-Length: 81
	[1]	
	[1]	353UDT/1.0 RDTDATA
Seq-Number: 0
RDT-App-Number: 99
RDT-Content-Length: 1

e
	[2]	353NET/1.0 UCASTAPP
	[2]	TTL: 9
	[2]	Flood: 0
	[2]	MessageID: :12002_241_1682764369.687992
	[2]	From: :12002
	[2]	To: :12004
	[2]	Next-Layer: 1
	[2]	Content-Length: 24
	[2]	
	[2]	353UDT/1.0 RDTACK 1 98

	[2]	353NET/1.0 UCASTAPP
	[2]	TTL: 9
	[2]	Flood: 0
	[2]	MessageID: :12002_243_1682764369.688517
	[2]	From: :12002
	[2]	To: :12004
	[2]	Next-Layer: 2
	[2]	Content-Length: 81
	[2]	
	[2]	353UDT/1.0 RDTDATA
Seq-Number: 0
RDT-App-Number: 99
RDT-Content-Length: 1

g
	[1]	353NET/1.0 UCASTAPP
	[1]	TTL: 9
	[1]	Flood: 0
	[1]	MessageID: :12002_246_1682764369.960156
	[1]	From: :12002
	[1]	To: :12000
	[1]	Next-Layer: 2
	[1]	Content-Length: 81
	[1]	
	[1]	353UDT/1.0 RDTDATA
Seq-Number: 1
RDT-App-Number: 99
RDT-Content-Length: 1

n
	[2]	353NET/1.0 UCASTAPP
	[2]	TTL: 9
	[2]	Flood: 0
	[2]	MessageID: :12002_249_1682764370.689092
	[2]	From: :12002
	[2]	To: :12004
	[2]	Next-Layer: 2
	[2]	Content-Length: 81
	[2]	
	[2]	353UDT/1.0 RDTDATA
Seq-Number: 1
RDT-App-Number: 99
RDT-Content-Length: 1

o
	[1]	353NET/1.0 UCASTAPP
	[1]	TTL: 9
	[1]	Flood: 0
	[1]	MessageID: :12002_252_1682764370.960631
	[1]	From: :12002
	[1]	To: :12000
	[1]	Next-Layer: 2
	[1]	Content-Length: 81
	[1]	
	[1]	353UDT/1.0 RDTDATA
Seq-Number: 0
RDT-App-Number: 99
RDT-Content-Length: 1

o
	[2]	353NET/1.0 UCASTAPP
	[2]	TTL: 9
	[2]	Flood: 0
	[2]	MessageID: :12002_255_1682764371.689630
	[2]	From: :12002
	[2]	To: :12004
	[2]	Next-Layer: 2
	[2]	Content-Length: 81
	[2]	
	[2]	353UDT/1.0 RDTDATA
Seq-Number: 0
RDT-App-Number: 99
RDT-Content-Length: 1

o
	[1]	353NET/1.0 UCASTAPP
	[1]	TTL: 9
	[1]	Flood: 0
	[1]	MessageID: :12002_258_1682764371.961216
	[1]	From: :12002
	[1]	To: :12000
	[1]	Next-Layer: 2
	[1]	Content-Length: 81
	[1]	
	[1]	353UDT/1.0 RDTDATA
Seq-Number: 1
RDT-App-Number: 99
RDT-Content-Length: 1

w
	[2]	353NET/1.0 UCASTAPP
	[2]	TTL: 9
	[2]	Flood: 0
	[2]	MessageID: :12002_261_1682764372.690102
	[2]	From: :12002
	[2]	To: :12004
	[2]	Next-Layer: 2
	[2]	Content-Length: 81
	[2]	
	[2]	353UDT/1.0 RDTDATA
Seq-Number: 1
RDT-App-Number: 99
RDT-Content-Length: 1

d
	[1]	353NET/1.0 UCASTAPP
	[1]	TTL: 9
	[1]	Flood: 0
	[1]	MessageID: :12002_264_1682764372.961763
	[1]	From: :12002
	[1]	To: :12000
	[1]	Next-Layer: 2
	[1]	Content-Length: 81
	[1]	
	[1]	353UDT/1.0 RDTDATA
Seq-Number: 0
RDT-App-Number: 99
RDT-Content-Length: 1



	[2]	353NET/1.0 UCASTAPP
	[2]	TTL: 9
	[2]	Flood: 0
	[2]	MessageID: :12002_267_1682764373.690829
	[2]	From: :12002
	[2]	To: :12004
	[2]	Next-Layer: 2
	[2]	Content-Length: 81
	[2]	
	[2]	353UDT/1.0 RDTDATA
Seq-Number: 0
RDT-App-Number: 99
RDT-Content-Length: 1

d
	[1]	353NET/1.0 UCASTAPP
	[1]	TTL: 9
	[1]	Flood: 0
	[1]	MessageID: :12002_273_1682764374.224853
	[1]	From: :12002
	[1]	To: :12000
	[1]	Next-Layer: 1
	[1]	Content-Length: 24
	[1]	
	[1]	353UDT/1.0 RDTACK 0 98

	[1]	353NET/1.0 UCASTAPP
	[1]	TTL: 9
	[1]	Flood: 0
	[1]	MessageID: :12002_275_1682764374.225282
	[1]	From: :12002
	[1]	To: :12000
	[1]	Next-Layer: 2
	[1]	Content-Length: 81
	[1]	
	[1]	353UDT/1.0 RDTDATA
Seq-Number: 0
RDT-App-Number: 99
RDT-Content-Length: 1



	[2]	353NET/1.0 UCASTAPP
	[2]	TTL: 9
	[2]	Flood: 0
	[2]	MessageID: :12002_278_1682764374.691404
	[2]	From: :12002
	[2]	To: :12004
	[2]	Next-Layer: 2
	[2]	Content-Length: 81
	[2]	
	[2]	353UDT/1.0 RDTDATA
Seq-Number: 1
RDT-App-Number: 99
RDT-Content-Length: 1

a
	[2]	353NET/1.0 UCASTAPP
	[2]	TTL: 9
	[2]	Flood: 0
	[2]	MessageID: :12002_281_1682764375.691915
	[2]	From: :12002
	[2]	To: :12004
	[2]	Next-Layer: 2
	[2]	Content-Length: 81
	[2]	
	[2]	353UDT/1.0 RDTDATA
Seq-Number: 0
RDT-App-Number: 99
RDT-Content-Length: 1

y
	[2]	353NET/1.0 UCASTAPP
	[2]	TTL: 9
	[2]	Flood: 0
	[2]	MessageID: :12002_284_1682764376.692711
	[2]	From: :12002
	[2]	To: :12004
	[2]	Next-Layer: 2
	[2]	Content-Length: 81
	[2]	
	[2]	353UDT/1.0 RDTDATA
Seq-Number: 1
RDT-App-Number: 99
RDT-Content-Length: 1



	[2]	353NET/1.0 UCASTAPP
	[2]	TTL: 9
	[2]	Flood: 0
	[2]	MessageID: :12002_290_1682764377.896944
	[2]	From: :12002
	[2]	To: :12004
	[2]	Next-Layer: 1
	[2]	Content-Length: 24
	[2]	
	[2]	353UDT/1.0 RDTACK 0 98

	[2]	353NET/1.0 UCASTAPP
	[2]	TTL: 9
	[2]	Flood: 0
	[2]	MessageID: :12002_292_1682764377.897435
	[2]	From: :12002
	[2]	To: :12004
	[2]	Next-Layer: 2
	[2]	Content-Length: 81
	[2]	
	[2]	353UDT/1.0 RDTDATA
Seq-Number: 0
RDT-App-Number: 99
RDT-Content-Length: 1



[Sat Apr 29 2023 03:32:59.174245] i LSUPDATE :12002 9 1 13 {:12002_2} TODO: start time :12002 (:12000,:12004)
[Sat Apr 29 2023 03:32:59.174245] i LSUPDATE :12002 9 1 13 {:12002_2} TODO: start time :12002 (:12000,:12004)
[Sat Apr 29 2023 03:32:59.174345] i LSUPDATE :12002 9 1 13 {:12002_2} TODO: start time :12002 (:12000,:12004)
	[1]	353NET/1.0 LSUPDATE
	[1]	TTL: 9
	[1]	Flood: 1;reason=2
	[1]	MessageID: :12002_295_1682764379.174093
	[1]	From: :12002
	[1]	OriginStartTime: TODO: start time
	[1]	Content-Length: 13
	[1]	
	[1]	:12000,:12004
[Sat Apr 29 2023 03:32:59.174582] Socket-writing thread has terminated
	[2]	353NET/1.0 LSUPDATE
	[2]	TTL: 9
	[2]	Flood: 1;reason=2
	[2]	MessageID: :12002_297_1682764379.174181
	[2]	From: :12002
	[2]	OriginStartTime: TODO: start time
	[2]	Content-Length: 13
	[2]	
	[2]	:12000,:12004
[Sat Apr 29 2023 03:32:59.175037] Socket-reading thread has joined with socket-writing thread
[Sat Apr 29 2023 03:33:01.156962] Socket-writing thread has terminated
[Sat Apr 29 2023 03:33:01.157401] Socket-reading thread has joined with socket-writing thread
[Sat Apr 29 2023 03:33:01.157460] Reaper has joined with connection thread.
[Sat Apr 29 2023 03:33:02.799583] STOP: port=12002
