[Fri Apr 28 2023 09:59:18.378038] START: port=12000, rootdir=lab11data
[Fri Apr 28 2023 09:59:26.295027] CONNECT[1]: 127.0.0.1:12000
[Fri Apr 28 2023 09:59:26.296120] r SAYHELLO :12002 1 - 0
[Fri Apr 28 2023 09:59:26.296454] i SAYHELLO :12000 1 - 0
	[1]	353NET/1.0 SAYHELLO
	[1]	TTL: 0
	[1]	Flood: 0
	[1]	From: :12000
	[1]	Content-Length: 0
 	[1]	
[Fri Apr 28 2023 09:59:26.296778] i LSUPDATE :12000 9 1 6 {:12000_5} TODO: start time :12000 (:12002)
	[1]	353NET/1.0 LSUPDATE
	[1]	TTL: 9
	[1]	Flood: 1;reason=1
	[1]	MessageID: :12000_5_1682701166.296280
	[1]	From: :12000
	[1]	OriginStartTime: TODO: start time
	[1]	Content-Length: 6
	[1]	
	[1]	:12002
[Fri Apr 28 2023 09:59:26.297975] r LSUPDATE :12002 9 1 6 {:12002_5} TODO: start time :12002 (:12000)
[Fri Apr 28 2023 09:59:26.298022] r LSUPDATE :12000 8 1 6 {:12002_5} TODO: start time :12002 (:12000)
[Fri Apr 28 2023 09:59:26.298245] i LSUPDATE :12000 9 1 6 {:12000_8} TODO: start time :12000 (:12002)
[Fri Apr 28 2023 09:59:26.298307] r LSUPDATE :12002 9 1 6 {:12002_8} TODO: start time :12002 (:12000)
[Fri Apr 28 2023 09:59:26.298342] r LSUPDATE :12000 8 1 6 {:12002_8} TODO: start time :12002 (:12000)
	[1]	353NET/1.0 LSUPDATE
	[1]	TTL: 9
	[1]	Flood: 1;reason=3
	[1]	MessageID: :12000_8_1682701166.298065
	[1]	From: :12000
	[1]	OriginStartTime: TODO: start time
	[1]	Content-Length: 6
	[1]	
	[1]	:12002
[Fri Apr 28 2023 09:59:34.586350] r LSUPDATE :12002 9 1 13 {:12002_1} TODO: start time :12002 (:12000,:12004)
[Fri Apr 28 2023 09:59:34.586410] r LSUPDATE :12000 8 1 13 {:12002_1} TODO: start time :12002 (:12000,:12004)
[Fri Apr 28 2023 09:59:34.587671] r LSUPDATE :12004 9 1 6 {:12004_5} TODO: start time :12004 (:12002)
[Fri Apr 28 2023 09:59:34.587745] r LSUPDATE :12000 8 1 6 {:12004_5} TODO: start time :12004 (:12002)
[Fri Apr 28 2023 09:59:34.587949] i LSUPDATE :12000 9 1 6 {:12000_1} TODO: start time :12000 (:12002)
	[1]	353NET/1.0 LSUPDATE
	[1]	TTL: 9
	[1]	Flood: 1;reason=3
	[1]	MessageID: :12000_13_1682701174.587775
	[1]	From: :12000
	[1]	OriginStartTime: TODO: start time
	[1]	Content-Length: 6
	[1]	
	[1]	:12002
[Fri Apr 28 2023 09:59:34.588396] r LSUPDATE :12002 9 1 13 {:12002_1} TODO: start time :12002 (:12000,:12004)
[Fri Apr 28 2023 09:59:34.588454] r LSUPDATE :12000 8 1 13 {:12002_1} TODO: start time :12002 (:12000,:12004)
[Fri Apr 28 2023 09:59:34.588755] r LSUPDATE :12004 9 1 6 {:12004_8} TODO: start time :12004 (:12002)
[Fri Apr 28 2023 09:59:34.588790] r LSUPDATE :12000 8 1 6 {:12004_8} TODO: start time :12004 (:12002)
[Fri Apr 28 2023 09:59:34.591415] r LSUPDATE :12004 9 1 6 {:12004_1} TODO: start time :12004 (:12002)
[Fri Apr 28 2023 09:59:34.591486] r LSUPDATE :12000 8 1 6 {:12004_1} TODO: start time :12004 (:12002)
	[1]	353NET/1.0 UCASTAPP
	[1]	TTL: 9
	[1]	Flood: 0
	[1]	MessageID: :12000_18_1682701205.677991
	[1]	From: :12000
	[1]	To: :12002
	[1]	Next-Layer: 2
	[1]	Content-Length: 80
	[1]	
	[1]	353UDT/1.0 RDTDATA
Seq-Number: 0
RDT-App-Number: 0
RDT-Content-Length: 1

h
	[1]	353NET/1.0 UCASTAPP
	[1]	TTL: 9
	[1]	Flood: 0
	[1]	MessageID: :12000_21_1682701205.779524
	[1]	From: :12000
	[1]	To: :12002
	[1]	Next-Layer: 2
	[1]	Content-Length: 80
	[1]	
	[1]	353UDT/1.0 RDTDATA
Seq-Number: 1
RDT-App-Number: 0
RDT-Content-Length: 1

e
	[1]	353NET/1.0 UCASTAPP
	[1]	TTL: 9
	[1]	Flood: 0
	[1]	MessageID: :12000_24_1682701205.880850
	[1]	From: :12000
	[1]	To: :12002
	[1]	Next-Layer: 2
	[1]	Content-Length: 80
	[1]	
	[1]	353UDT/1.0 RDTDATA
Seq-Number: 0
RDT-App-Number: 0
RDT-Content-Length: 1

l
	[1]	353NET/1.0 UCASTAPP
	[1]	TTL: 9
	[1]	Flood: 0
	[1]	MessageID: :12000_27_1682701205.981808
	[1]	From: :12000
	[1]	To: :12002
	[1]	Next-Layer: 2
	[1]	Content-Length: 80
	[1]	
	[1]	353UDT/1.0 RDTDATA
Seq-Number: 1
RDT-App-Number: 0
RDT-Content-Length: 1

l
	[1]	353NET/1.0 UCASTAPP
	[1]	TTL: 9
	[1]	Flood: 0
	[1]	MessageID: :12000_30_1682701206.082924
	[1]	From: :12000
	[1]	To: :12002
	[1]	Next-Layer: 2
	[1]	Content-Length: 80
	[1]	
	[1]	353UDT/1.0 RDTDATA
Seq-Number: 0
RDT-App-Number: 0
RDT-Content-Length: 1

o
	[1]	353NET/1.0 UCASTAPP
	[1]	TTL: 9
	[1]	Flood: 0
	[1]	MessageID: :12000_33_1682701206.184022
	[1]	From: :12000
	[1]	To: :12002
	[1]	Next-Layer: 2
	[1]	Content-Length: 80
	[1]	
	[1]	353UDT/1.0 RDTDATA
Seq-Number: 1
RDT-App-Number: 0
RDT-Content-Length: 1



	[1]	353NET/1.0 UCASTAPP
	[1]	TTL: 9
	[1]	Flood: 0
	[1]	MessageID: :12000_36_1682701220.109236
	[1]	From: :12000
	[1]	To: :12004
	[1]	Next-Layer: 2
	[1]	Content-Length: 80
	[1]	
	[1]	353UDT/1.0 RDTDATA
Seq-Number: 0
RDT-App-Number: 0
RDT-Content-Length: 1

h
	[1]	353NET/1.0 UCASTAPP
	[1]	TTL: 9
	[1]	Flood: 0
	[1]	MessageID: :12000_39_1682701220.210480
	[1]	From: :12000
	[1]	To: :12004
	[1]	Next-Layer: 2
	[1]	Content-Length: 80
	[1]	
	[1]	353UDT/1.0 RDTDATA
Seq-Number: 1
RDT-App-Number: 0
RDT-Content-Length: 1

o
	[1]	353NET/1.0 UCASTAPP
	[1]	TTL: 9
	[1]	Flood: 0
	[1]	MessageID: :12000_42_1682701220.311682
	[1]	From: :12000
	[1]	To: :12004
	[1]	Next-Layer: 2
	[1]	Content-Length: 80
	[1]	
	[1]	353UDT/1.0 RDTDATA
Seq-Number: 0
RDT-App-Number: 0
RDT-Content-Length: 1

w
	[1]	353NET/1.0 UCASTAPP
	[1]	TTL: 9
	[1]	Flood: 0
	[1]	MessageID: :12000_45_1682701220.412905
	[1]	From: :12000
	[1]	To: :12004
	[1]	Next-Layer: 2
	[1]	Content-Length: 80
	[1]	
	[1]	353UDT/1.0 RDTDATA
Seq-Number: 1
RDT-App-Number: 0
RDT-Content-Length: 1

d
	[1]	353NET/1.0 UCASTAPP
	[1]	TTL: 9
	[1]	Flood: 0
	[1]	MessageID: :12000_48_1682701220.514061
	[1]	From: :12000
	[1]	To: :12004
	[1]	Next-Layer: 2
	[1]	Content-Length: 80
	[1]	
	[1]	353UDT/1.0 RDTDATA
Seq-Number: 0
RDT-App-Number: 0
RDT-Content-Length: 1

y
	[1]	353NET/1.0 UCASTAPP
	[1]	TTL: 9
	[1]	Flood: 0
	[1]	MessageID: :12000_51_1682701220.615253
	[1]	From: :12000
	[1]	To: :12004
	[1]	Next-Layer: 2
	[1]	Content-Length: 80
	[1]	
	[1]	353UDT/1.0 RDTDATA
Seq-Number: 1
RDT-App-Number: 0
RDT-Content-Length: 1



	[1]	353NET/1.0 UCASTAPP
	[1]	TTL: 9
	[1]	Flood: 0
	[1]	MessageID: :12000_57_1682701244.082923
	[1]	From: :12000
	[1]	To: :12004
	[1]	Next-Layer: 1
	[1]	Content-Length: 23
	[1]	
	[1]	353UDT/1.0 RDTACK 0 0

	[1]	353NET/1.0 UCASTAPP
	[1]	TTL: 9
	[1]	Flood: 0
	[1]	MessageID: :12000_60_1682701244.225858
	[1]	From: :12000
	[1]	To: :12004
	[1]	Next-Layer: 1
	[1]	Content-Length: 23
	[1]	
	[1]	353UDT/1.0 RDTACK 1 0

	[1]	353NET/1.0 UCASTAPP
	[1]	TTL: 9
	[1]	Flood: 0
	[1]	MessageID: :12000_63_1682701244.285686
	[1]	From: :12000
	[1]	To: :12004
	[1]	Next-Layer: 1
	[1]	Content-Length: 23
	[1]	
	[1]	353UDT/1.0 RDTACK 0 0

	[1]	353NET/1.0 UCASTAPP
	[1]	TTL: 9
	[1]	Flood: 0
	[1]	MessageID: :12000_66_1682701244.385646
	[1]	From: :12000
	[1]	To: :12004
	[1]	Next-Layer: 1
	[1]	Content-Length: 23
	[1]	
	[1]	353UDT/1.0 RDTACK 1 0

	[1]	353NET/1.0 UCASTAPP
	[1]	TTL: 9
	[1]	Flood: 0
	[1]	MessageID: :12000_69_1682701244.586425
	[1]	From: :12000
	[1]	To: :12004
	[1]	Next-Layer: 1
	[1]	Content-Length: 23
	[1]	
	[1]	353UDT/1.0 RDTACK 0 0

	[1]	353NET/1.0 UCASTAPP
	[1]	TTL: 9
	[1]	Flood: 0
	[1]	MessageID: :12000_71_1682701244.635661
	[1]	From: :12000
	[1]	To: :12004
	[1]	Next-Layer: 2
	[1]	Content-Length: 80
	[1]	
	[1]	353UDT/1.0 RDTDATA
Seq-Number: 0
RDT-App-Number: 0
RDT-Content-Length: 1

g
	[1]	353NET/1.0 UCASTAPP
	[1]	TTL: 9
	[1]	Flood: 0
	[1]	MessageID: :12000_75_1682701244.688399
	[1]	From: :12000
	[1]	To: :12004
	[1]	Next-Layer: 1
	[1]	Content-Length: 23
	[1]	
	[1]	353UDT/1.0 RDTACK 1 0

	[1]	353NET/1.0 UCASTAPP
	[1]	TTL: 9
	[1]	Flood: 0
	[1]	MessageID: :12000_77_1682701244.736838
	[1]	From: :12000
	[1]	To: :12004
	[1]	Next-Layer: 2
	[1]	Content-Length: 80
	[1]	
	[1]	353UDT/1.0 RDTDATA
Seq-Number: 1
RDT-App-Number: 0
RDT-Content-Length: 1

o
	[1]	353NET/1.0 UCASTAPP
	[1]	TTL: 9
	[1]	Flood: 0
	[1]	MessageID: :12000_81_1682701244.789654
	[1]	From: :12000
	[1]	To: :12004
	[1]	Next-Layer: 1
	[1]	Content-Length: 23
	[1]	
	[1]	353UDT/1.0 RDTACK 0 0

	[1]	353NET/1.0 UCASTAPP
	[1]	TTL: 9
	[1]	Flood: 0
	[1]	MessageID: :12000_83_1682701244.837867
	[1]	From: :12000
	[1]	To: :12004
	[1]	Next-Layer: 2
	[1]	Content-Length: 80
	[1]	
	[1]	353UDT/1.0 RDTDATA
Seq-Number: 0
RDT-App-Number: 0
RDT-Content-Length: 1

o
	[1]	353NET/1.0 UCASTAPP
	[1]	TTL: 9
	[1]	Flood: 0
	[1]	MessageID: :12000_87_1682701244.936477
	[1]	From: :12000
	[1]	To: :12004
	[1]	Next-Layer: 1
	[1]	Content-Length: 23
	[1]	
	[1]	353UDT/1.0 RDTACK 1 0

	[1]	353NET/1.0 UCASTAPP
	[1]	TTL: 9
	[1]	Flood: 0
	[1]	MessageID: :12000_89_1682701244.938710
	[1]	From: :12000
	[1]	To: :12004
	[1]	Next-Layer: 2
	[1]	Content-Length: 80
	[1]	
	[1]	353UDT/1.0 RDTDATA
Seq-Number: 1
RDT-App-Number: 0
RDT-Content-Length: 1

d
	[1]	353NET/1.0 UCASTAPP
	[1]	TTL: 9
	[1]	Flood: 0
	[1]	MessageID: :12000_92_1682701245.039785
	[1]	From: :12000
	[1]	To: :12004
	[1]	Next-Layer: 2
	[1]	Content-Length: 80
	[1]	
	[1]	353UDT/1.0 RDTDATA
Seq-Number: 0
RDT-App-Number: 0
RDT-Content-Length: 1

-
	[1]	353NET/1.0 UCASTAPP
	[1]	TTL: 9
	[1]	Flood: 0
	[1]	MessageID: :12000_95_1682701245.141068
	[1]	From: :12000
	[1]	To: :12004
	[1]	Next-Layer: 2
	[1]	Content-Length: 80
	[1]	
	[1]	353UDT/1.0 RDTDATA
Seq-Number: 1
RDT-App-Number: 0
RDT-Content-Length: 1

d
	[1]	353NET/1.0 UCASTAPP
	[1]	TTL: 9
	[1]	Flood: 0
	[1]	MessageID: :12000_98_1682701245.242180
	[1]	From: :12000
	[1]	To: :12004
	[1]	Next-Layer: 2
	[1]	Content-Length: 80
	[1]	
	[1]	353UDT/1.0 RDTDATA
Seq-Number: 0
RDT-App-Number: 0
RDT-Content-Length: 1

a
	[1]	353NET/1.0 UCASTAPP
	[1]	TTL: 9
	[1]	Flood: 0
	[1]	MessageID: :12000_101_1682701245.343349
	[1]	From: :12000
	[1]	To: :12004
	[1]	Next-Layer: 2
	[1]	Content-Length: 80
	[1]	
	[1]	353UDT/1.0 RDTDATA
Seq-Number: 1
RDT-App-Number: 0
RDT-Content-Length: 1

y
	[1]	353NET/1.0 UCASTAPP
	[1]	TTL: 9
	[1]	Flood: 0
	[1]	MessageID: :12000_104_1682701245.444647
	[1]	From: :12000
	[1]	To: :12004
	[1]	Next-Layer: 2
	[1]	Content-Length: 80
	[1]	
	[1]	353UDT/1.0 RDTDATA
Seq-Number: 0
RDT-App-Number: 0
RDT-Content-Length: 1



	[1]	353NET/1.0 UCASTAPP
	[1]	TTL: 9
	[1]	Flood: 0
	[1]	MessageID: :12000_107_1682701266.415413
	[1]	From: :12000
	[1]	To: :12004
	[1]	Next-Layer: 2
	[1]	Content-Length: 80
	[1]	
	[1]	353UDT/1.0 RDTDATA
Seq-Number: 0
RDT-App-Number: 0
RDT-Content-Length: 1

h
	[1]	353NET/1.0 UCASTAPP
	[1]	TTL: 9
	[1]	Flood: 0
	[1]	MessageID: :12000_110_1682701266.516352
	[1]	From: :12000
	[1]	To: :12004
	[1]	Next-Layer: 2
	[1]	Content-Length: 80
	[1]	
	[1]	353UDT/1.0 RDTDATA
Seq-Number: 1
RDT-App-Number: 0
RDT-Content-Length: 1

o
	[1]	353NET/1.0 UCASTAPP
	[1]	TTL: 9
	[1]	Flood: 0
	[1]	MessageID: :12000_113_1682701266.617721
	[1]	From: :12000
	[1]	To: :12004
	[1]	Next-Layer: 2
	[1]	Content-Length: 80
	[1]	
	[1]	353UDT/1.0 RDTDATA
Seq-Number: 0
RDT-App-Number: 0
RDT-Content-Length: 1

l
	[1]	353NET/1.0 UCASTAPP
	[1]	TTL: 9
	[1]	Flood: 0
	[1]	MessageID: :12000_116_1682701266.718881
	[1]	From: :12000
	[1]	To: :12004
	[1]	Next-Layer: 2
	[1]	Content-Length: 80
	[1]	
	[1]	353UDT/1.0 RDTDATA
Seq-Number: 1
RDT-App-Number: 0
RDT-Content-Length: 1

d
	[1]	353NET/1.0 UCASTAPP
	[1]	TTL: 9
	[1]	Flood: 0
	[1]	MessageID: :12000_119_1682701266.820079
	[1]	From: :12000
	[1]	To: :12004
	[1]	Next-Layer: 2
	[1]	Content-Length: 80
	[1]	
	[1]	353UDT/1.0 RDTDATA
Seq-Number: 0
RDT-App-Number: 0
RDT-Content-Length: 1

-
	[1]	353NET/1.0 UCASTAPP
	[1]	TTL: 9
	[1]	Flood: 0
	[1]	MessageID: :12000_122_1682701266.921065
	[1]	From: :12000
	[1]	To: :12004
	[1]	Next-Layer: 2
	[1]	Content-Length: 80
	[1]	
	[1]	353UDT/1.0 RDTDATA
Seq-Number: 1
RDT-App-Number: 0
RDT-Content-Length: 1

o
	[1]	353NET/1.0 UCASTAPP
	[1]	TTL: 9
	[1]	Flood: 0
	[1]	MessageID: :12000_125_1682701267.022218
	[1]	From: :12000
	[1]	To: :12004
	[1]	Next-Layer: 2
	[1]	Content-Length: 80
	[1]	
	[1]	353UDT/1.0 RDTDATA
Seq-Number: 0
RDT-App-Number: 0
RDT-Content-Length: 1

n
[Fri Apr 28 2023 10:01:07.084237] i LSUPDATE :12000 9 1 6 {:12000_1} TODO: start time :12000 (:12002)
	[1]	353NET/1.0 LSUPDATE
	[1]	TTL: 9
	[1]	Flood: 1;reason=2
	[1]	MessageID: :12000_128_1682701267.083877
	[1]	From: :12000
	[1]	OriginStartTime: TODO: start time
	[1]	Content-Length: 6
	[1]	
	[1]	:12002
[Fri Apr 28 2023 10:01:07.084612] Socket-writing thread has terminated
[Fri Apr 28 2023 10:01:07.085182] Socket-reading thread has joined with socket-writing thread
[Fri Apr 28 2023 10:01:26.345475] CONNECT[2]: 127.0.0.1:12000
[Fri Apr 28 2023 10:01:26.346073] r SAYHELLO :12002 1 - 0
[Fri Apr 28 2023 10:01:26.346391] i SAYHELLO :12000 1 - 0
	[2]	353NET/1.0 SAYHELLO
	[2]	TTL: 0
	[2]	Flood: 0
	[2]	From: :12000
	[2]	Content-Length: 0
 	[2]	
[Fri Apr 28 2023 10:01:26.346712] i LSUPDATE :12000 9 1 6 {:12000_1} TODO: start time :12000 (:12002)
	[2]	353NET/1.0 LSUPDATE
	[2]	TTL: 9
	[2]	Flood: 1;reason=1
	[2]	MessageID: :12000_134_1682701286.346244
	[2]	From: :12000
	[2]	OriginStartTime: TODO: start time
	[2]	Content-Length: 6
	[2]	
	[2]	:12002
[Fri Apr 28 2023 10:01:26.347592] r LSUPDATE :12002 9 1 13 {:12002_6} TODO: start time :12002 (:12000,:12004)
[Fri Apr 28 2023 10:01:26.347661] r LSUPDATE :12000 8 1 13 {:12002_6} TODO: start time :12002 (:12000,:12004)
[Fri Apr 28 2023 10:01:26.347813] i LSUPDATE :12000 9 1 6 {:12000_1} TODO: start time :12000 (:12002)
	[2]	353NET/1.0 LSUPDATE
	[2]	TTL: 9
	[2]	Flood: 1;reason=3
	[2]	MessageID: :12000_137_1682701286.347694
	[2]	From: :12000
	[2]	OriginStartTime: TODO: start time
	[2]	Content-Length: 6
	[2]	
	[2]	:12002
[Fri Apr 28 2023 10:01:26.348269] r LSUPDATE :12002 9 1 13 {:12002_1} TODO: start time :12002 (:12000,:12004)
[Fri Apr 28 2023 10:01:26.348314] r LSUPDATE :12000 8 1 13 {:12002_1} TODO: start time :12002 (:12000,:12004)
[Fri Apr 28 2023 10:01:26.348610] r LSUPDATE :12002 9 1 13 {:12002_1} TODO: start time :12002 (:12000,:12004)
[Fri Apr 28 2023 10:01:26.348650] r LSUPDATE :12000 8 1 13 {:12002_1} TODO: start time :12002 (:12000,:12004)
[Fri Apr 28 2023 10:01:26.349414] r LSUPDATE :12004 9 1 6 {:12004_1} TODO: start time :12004 (:12002)
[Fri Apr 28 2023 10:01:26.349462] r LSUPDATE :12000 8 1 6 {:12004_1} TODO: start time :12004 (:12002)
[Fri Apr 28 2023 10:01:26.349647] i LSUPDATE :12000 9 1 6 {:12000_1} TODO: start time :12000 (:12002)
	[2]	353NET/1.0 LSUPDATE
	[2]	TTL: 9
	[2]	Flood: 1;reason=3
	[2]	MessageID: :12000_142_1682701286.349509
	[2]	From: :12000
	[2]	OriginStartTime: TODO: start time
	[2]	Content-Length: 6
	[2]	
	[2]	:12002
[Fri Apr 28 2023 10:01:26.350055] r LSUPDATE :12002 9 1 13 {:12002_2} TODO: start time :12002 (:12000,:12004)
[Fri Apr 28 2023 10:01:26.350100] r LSUPDATE :12000 8 1 13 {:12002_2} TODO: start time :12002 (:12000,:12004)
[Fri Apr 28 2023 10:01:26.350425] r LSUPDATE :12004 9 1 6 {:12004_1} TODO: start time :12004 (:12002)
[Fri Apr 28 2023 10:01:26.350479] r LSUPDATE :12000 8 1 6 {:12004_1} TODO: start time :12004 (:12002)
[Fri Apr 28 2023 10:01:26.350670] r LSUPDATE :12004 9 1 6 {:12004_1} TODO: start time :12004 (:12002)
[Fri Apr 28 2023 10:01:26.350688] r LSUPDATE :12000 8 1 6 {:12004_1} TODO: start time :12004 (:12002)
	[2]	353NET/1.0 UCASTAPP
	[2]	TTL: 9
	[2]	Flood: 0
	[2]	MessageID: :12000_130_1682701267.123436
	[2]	From: :12000
	[2]	To: :12004
	[2]	Next-Layer: 2
	[2]	Content-Length: 80
	[2]	
	[2]	353UDT/1.0 RDTDATA
Seq-Number: 1
RDT-App-Number: 0
RDT-Content-Length: 1



	[2]	353NET/1.0 UCASTAPP
	[2]	TTL: 9
	[2]	Flood: 0
	[2]	MessageID: :12000_148_1682701313.904586
	[2]	From: :12000
	[2]	To: :12004
	[2]	Next-Layer: 2
	[2]	Content-Length: 80
	[2]	
	[2]	353UDT/1.0 RDTDATA
Seq-Number: 0
RDT-App-Number: 0
RDT-Content-Length: 1

l
	[2]	353NET/1.0 UCASTAPP
	[2]	TTL: 9
	[2]	Flood: 0
	[2]	MessageID: :12000_151_1682701314.006482
	[2]	From: :12000
	[2]	To: :12004
	[2]	Next-Layer: 2
	[2]	Content-Length: 80
	[2]	
	[2]	353UDT/1.0 RDTDATA
Seq-Number: 1
RDT-App-Number: 0
RDT-Content-Length: 1

e
	[2]	353NET/1.0 UCASTAPP
	[2]	TTL: 9
	[2]	Flood: 0
	[2]	MessageID: :12000_154_1682701314.107701
	[2]	From: :12000
	[2]	To: :12004
	[2]	Next-Layer: 2
	[2]	Content-Length: 80
	[2]	
	[2]	353UDT/1.0 RDTDATA
Seq-Number: 0
RDT-App-Number: 0
RDT-Content-Length: 1

f
	[2]	353NET/1.0 UCASTAPP
	[2]	TTL: 9
	[2]	Flood: 0
	[2]	MessageID: :12000_157_1682701314.308642
	[2]	From: :12000
	[2]	To: :12004
	[2]	Next-Layer: 2
	[2]	Content-Length: 80
	[2]	
	[2]	353UDT/1.0 RDTDATA
Seq-Number: 1
RDT-App-Number: 0
RDT-Content-Length: 1

t
	[2]	353NET/1.0 UCASTAPP
	[2]	TTL: 9
	[2]	Flood: 0
	[2]	MessageID: :12000_160_1682701314.409505
	[2]	From: :12000
	[2]	To: :12004
	[2]	Next-Layer: 2
	[2]	Content-Length: 80
	[2]	
	[2]	353UDT/1.0 RDTDATA
Seq-Number: 0
RDT-App-Number: 0
RDT-Content-Length: 1

-
	[2]	353NET/1.0 UCASTAPP
	[2]	TTL: 9
	[2]	Flood: 0
	[2]	MessageID: :12000_163_1682701314.510716
	[2]	From: :12000
	[2]	To: :12004
	[2]	Next-Layer: 2
	[2]	Content-Length: 80
	[2]	
	[2]	353UDT/1.0 RDTDATA
Seq-Number: 1
RDT-App-Number: 0
RDT-Content-Length: 1

r
	[2]	353NET/1.0 UCASTAPP
	[2]	TTL: 9
	[2]	Flood: 0
	[2]	MessageID: :12000_166_1682701314.611815
	[2]	From: :12000
	[2]	To: :12004
	[2]	Next-Layer: 2
	[2]	Content-Length: 80
	[2]	
	[2]	353UDT/1.0 RDTDATA
Seq-Number: 0
RDT-App-Number: 0
RDT-Content-Length: 1

i
	[2]	353NET/1.0 UCASTAPP
	[2]	TTL: 9
	[2]	Flood: 0
	[2]	MessageID: :12000_169_1682701314.713125
	[2]	From: :12000
	[2]	To: :12004
	[2]	Next-Layer: 2
	[2]	Content-Length: 80
	[2]	
	[2]	353UDT/1.0 RDTDATA
Seq-Number: 1
RDT-App-Number: 0
RDT-Content-Length: 1

g
	[2]	353NET/1.0 UCASTAPP
	[2]	TTL: 9
	[2]	Flood: 0
	[2]	MessageID: :12000_172_1682701314.814364
	[2]	From: :12000
	[2]	To: :12004
	[2]	Next-Layer: 2
	[2]	Content-Length: 80
	[2]	
	[2]	353UDT/1.0 RDTDATA
Seq-Number: 0
RDT-App-Number: 0
RDT-Content-Length: 1

h
	[2]	353NET/1.0 UCASTAPP
	[2]	TTL: 9
	[2]	Flood: 0
	[2]	MessageID: :12000_175_1682701314.915551
	[2]	From: :12000
	[2]	To: :12004
	[2]	Next-Layer: 2
	[2]	Content-Length: 80
	[2]	
	[2]	353UDT/1.0 RDTDATA
Seq-Number: 1
RDT-App-Number: 0
RDT-Content-Length: 1

t
	[2]	353NET/1.0 UCASTAPP
	[2]	TTL: 9
	[2]	Flood: 0
	[2]	MessageID: :12000_178_1682701315.016668
	[2]	From: :12000
	[2]	To: :12004
	[2]	Next-Layer: 2
	[2]	Content-Length: 80
	[2]	
	[2]	353UDT/1.0 RDTDATA
Seq-Number: 0
RDT-App-Number: 0
RDT-Content-Length: 1



	[2]	353NET/1.0 UCASTAPP
	[2]	TTL: 9
	[2]	Flood: 0
	[2]	MessageID: :12000_184_1682701315.071727
	[2]	From: :12000
	[2]	To: :12004
	[2]	Next-Layer: 1
	[2]	Content-Length: 23
	[2]	
	[2]	353UDT/1.0 RDTACK 0 0

	[2]	353NET/1.0 UCASTAPP
	[2]	TTL: 9
	[2]	Flood: 0
	[2]	MessageID: :12000_187_1682701315.172990
	[2]	From: :12000
	[2]	To: :12004
	[2]	Next-Layer: 1
	[2]	Content-Length: 23
	[2]	
	[2]	353UDT/1.0 RDTACK 1 0

	[2]	353NET/1.0 UCASTAPP
	[2]	TTL: 9
	[2]	Flood: 0
	[2]	MessageID: :12000_190_1682701315.274297
	[2]	From: :12000
	[2]	To: :12004
	[2]	Next-Layer: 1
	[2]	Content-Length: 23
	[2]	
	[2]	353UDT/1.0 RDTACK 0 0

	[2]	353NET/1.0 UCASTAPP
	[2]	TTL: 9
	[2]	Flood: 0
	[2]	MessageID: :12000_193_1682701315.415889
	[2]	From: :12000
	[2]	To: :12004
	[2]	Next-Layer: 1
	[2]	Content-Length: 23
	[2]	
	[2]	353UDT/1.0 RDTACK 1 0

	[2]	353NET/1.0 UCASTAPP
	[2]	TTL: 9
	[2]	Flood: 0
	[2]	MessageID: :12000_196_1682701315.476282
	[2]	From: :12000
	[2]	To: :12004
	[2]	Next-Layer: 1
	[2]	Content-Length: 23
	[2]	
	[2]	353UDT/1.0 RDTACK 0 0

	[2]	353NET/1.0 UCASTAPP
	[2]	TTL: 9
	[2]	Flood: 0
	[2]	MessageID: :12000_199_1682701315.576841
	[2]	From: :12000
	[2]	To: :12004
	[2]	Next-Layer: 1
	[2]	Content-Length: 23
	[2]	
	[2]	353UDT/1.0 RDTACK 1 0

	[2]	353NET/1.0 UCASTAPP
	[2]	TTL: 9
	[2]	Flood: 0
	[2]	MessageID: :12000_202_1682701315.776231
	[2]	From: :12000
	[2]	To: :12004
	[2]	Next-Layer: 1
	[2]	Content-Length: 23
	[2]	
	[2]	353UDT/1.0 RDTACK 0 0

[Fri Apr 28 2023 10:01:55.812626] i LSUPDATE :12000 9 1 6 {:12000_2} TODO: start time :12000 (:12002)
	[2]	353NET/1.0 LSUPDATE
	[2]	TTL: 9
	[2]	Flood: 1;reason=2
	[2]	MessageID: :12000_204_1682701315.812426
	[2]	From: :12000
	[2]	OriginStartTime: TODO: start time
	[2]	Content-Length: 6
	[2]	
	[2]	:12002
[Fri Apr 28 2023 10:01:55.813174] Socket-writing thread has terminated
[Fri Apr 28 2023 10:01:55.813701] Socket-reading thread has joined with socket-writing thread
[Fri Apr 28 2023 10:02:16.725660] CONNECT[3]: 127.0.0.1:12000
[Fri Apr 28 2023 10:02:16.726215] r SAYHELLO :12002 1 - 0
[Fri Apr 28 2023 10:02:16.726400] i SAYHELLO :12000 1 - 0
	[3]	353NET/1.0 SAYHELLO
	[3]	TTL: 0
	[3]	Flood: 0
	[3]	From: :12000
	[3]	Content-Length: 0
 	[3]	
[Fri Apr 28 2023 10:02:16.726877] i LSUPDATE :12000 9 1 6 {:12000_2} TODO: start time :12000 (:12002)
	[3]	353NET/1.0 LSUPDATE
	[3]	TTL: 9
	[3]	Flood: 1;reason=1
	[3]	MessageID: :12000_208_1682701336.726366
	[3]	From: :12000
	[3]	OriginStartTime: TODO: start time
	[3]	Content-Length: 6
	[3]	
	[3]	:12002
[Fri Apr 28 2023 10:02:16.728447] r LSUPDATE :12002 9 1 13 {:12002_6} TODO: start time :12002 (:12000,:12004)
[Fri Apr 28 2023 10:02:16.728498] r LSUPDATE :12000 8 1 13 {:12002_6} TODO: start time :12002 (:12000,:12004)
[Fri Apr 28 2023 10:02:16.728562] i LSUPDATE :12000 9 1 6 {:12000_2} TODO: start time :12000 (:12002)
	[3]	353NET/1.0 LSUPDATE
	[3]	TTL: 9
	[3]	Flood: 1;reason=3
	[3]	MessageID: :12000_211_1682701336.728531
	[3]	From: :12000
	[3]	OriginStartTime: TODO: start time
	[3]	Content-Length: 6
	[3]	
	[3]	:12002
[Fri Apr 28 2023 10:02:16.729110] r LSUPDATE :12002 9 1 13 {:12002_1} TODO: start time :12002 (:12000,:12004)
[Fri Apr 28 2023 10:02:16.729163] r LSUPDATE :12000 8 1 13 {:12002_1} TODO: start time :12002 (:12000,:12004)
[Fri Apr 28 2023 10:02:16.729419] r LSUPDATE :12002 9 1 13 {:12002_1} TODO: start time :12002 (:12000,:12004)
[Fri Apr 28 2023 10:02:16.729447] r LSUPDATE :12000 8 1 13 {:12002_1} TODO: start time :12002 (:12000,:12004)
[Fri Apr 28 2023 10:02:16.730266] r LSUPDATE :12004 9 1 6 {:12004_1} TODO: start time :12004 (:12002)
[Fri Apr 28 2023 10:02:16.730312] r LSUPDATE :12000 8 1 6 {:12004_1} TODO: start time :12004 (:12002)
[Fri Apr 28 2023 10:02:16.730474] i LSUPDATE :12000 9 1 6 {:12000_2} TODO: start time :12000 (:12002)
	[3]	353NET/1.0 LSUPDATE
	[3]	TTL: 9
	[3]	Flood: 1;reason=3
	[3]	MessageID: :12000_216_1682701336.730343
	[3]	From: :12000
	[3]	OriginStartTime: TODO: start time
	[3]	Content-Length: 6
	[3]	
	[3]	:12002
[Fri Apr 28 2023 10:02:16.731878] r LSUPDATE :12002 9 1 13 {:12002_2} TODO: start time :12002 (:12000,:12004)
[Fri Apr 28 2023 10:02:16.731923] r LSUPDATE :12000 8 1 13 {:12002_2} TODO: start time :12002 (:12000,:12004)
[Fri Apr 28 2023 10:02:16.732563] r LSUPDATE :12004 9 1 6 {:12004_1} TODO: start time :12004 (:12002)
[Fri Apr 28 2023 10:02:16.732619] r LSUPDATE :12000 8 1 6 {:12004_1} TODO: start time :12004 (:12002)
[Fri Apr 28 2023 10:02:16.732895] r LSUPDATE :12004 9 1 6 {:12004_2} TODO: start time :12004 (:12002)
[Fri Apr 28 2023 10:02:16.732955] r LSUPDATE :12000 8 1 6 {:12004_2} TODO: start time :12004 (:12002)
	[3]	353NET/1.0 UCASTAPP
	[3]	TTL: 9
	[3]	Flood: 0
	[3]	MessageID: :12000_224_1682701339.970833
	[3]	From: :12000
	[3]	To: :12004
	[3]	Next-Layer: 1
	[3]	Content-Length: 23
	[3]	
	[3]	353UDT/1.0 RDTACK 1 0

	[3]	353NET/1.0 UCASTAPP
	[3]	TTL: 9
	[3]	Flood: 0
	[3]	MessageID: :12000_227_1682701340.071724
	[3]	From: :12000
	[3]	To: :12004
	[3]	Next-Layer: 1
	[3]	Content-Length: 23
	[3]	
	[3]	353UDT/1.0 RDTACK 0 0

	[3]	353NET/1.0 UCASTAPP
	[3]	TTL: 9
	[3]	Flood: 0
	[3]	MessageID: :12000_229_1682701358.786267
	[3]	From: :12000
	[3]	To: :12002
	[3]	Next-Layer: 2
	[3]	Content-Length: 80
	[3]	
	[3]	353UDT/1.0 RDTDATA
Seq-Number: 0
RDT-App-Number: 0
RDT-Content-Length: 1

l
	[3]	353NET/1.0 UCASTAPP
	[3]	TTL: 9
	[3]	Flood: 0
	[3]	MessageID: :12000_232_1682701358.887382
	[3]	From: :12000
	[3]	To: :12002
	[3]	Next-Layer: 2
	[3]	Content-Length: 80
	[3]	
	[3]	353UDT/1.0 RDTDATA
Seq-Number: 1
RDT-App-Number: 0
RDT-Content-Length: 1

e
	[3]	353NET/1.0 UCASTAPP
	[3]	TTL: 9
	[3]	Flood: 0
	[3]	MessageID: :12000_235_1682701358.988608
	[3]	From: :12000
	[3]	To: :12002
	[3]	Next-Layer: 2
	[3]	Content-Length: 80
	[3]	
	[3]	353UDT/1.0 RDTDATA
Seq-Number: 0
RDT-App-Number: 0
RDT-Content-Length: 1

f
	[3]	353NET/1.0 UCASTAPP
	[3]	TTL: 9
	[3]	Flood: 0
	[3]	MessageID: :12000_238_1682701359.089668
	[3]	From: :12000
	[3]	To: :12002
	[3]	Next-Layer: 2
	[3]	Content-Length: 80
	[3]	
	[3]	353UDT/1.0 RDTDATA
Seq-Number: 1
RDT-App-Number: 0
RDT-Content-Length: 1

t
	[3]	353NET/1.0 UCASTAPP
	[3]	TTL: 9
	[3]	Flood: 0
	[3]	MessageID: :12000_241_1682701359.190926
	[3]	From: :12000
	[3]	To: :12002
	[3]	Next-Layer: 2
	[3]	Content-Length: 80
	[3]	
	[3]	353UDT/1.0 RDTDATA
Seq-Number: 0
RDT-App-Number: 0
RDT-Content-Length: 1



[Fri Apr 28 2023 10:02:48.499675] Socket-writing thread has terminated
[Fri Apr 28 2023 10:02:48.500168] Socket-reading thread has joined with socket-writing thread
[Fri Apr 28 2023 10:02:48.500226] Reaper has joined with connection thread.
[Fri Apr 28 2023 10:02:50.402963] STOP: port=12000
