[Fri Apr 28 2023 09:59:34.582360] START: port=12004, rootdir=lab11data
[Fri Apr 28 2023 09:59:34.584051] i SAYHELLO :12004 1 - 0
	[1]	353NET/1.0 SAYHELLO
	[1]	TTL: 0
	[1]	Flood: 0
	[1]	From: :12004
	[1]	Content-Length: 0
 	[1]	
[Fri Apr 28 2023 09:59:34.586265] r SAYHELLO :12002 1 - 0
[Fri Apr 28 2023 09:59:34.586529] i LSUPDATE :12004 9 1 6 {:12004_5} TODO: start time :12004 (:12002)
[Fri Apr 28 2023 09:59:34.586584] r LSUPDATE :12002 9 1 13 {:12002_1} TODO: start time :12002 (:12000,:12004)
[Fri Apr 28 2023 09:59:34.586622] r LSUPDATE :12004 8 1 13 {:12002_1} TODO: start time :12002 (:12000,:12004)
	[1]	353NET/1.0 LSUPDATE
	[1]	TTL: 9
	[1]	Flood: 1;reason=1
	[1]	MessageID: :12004_5_1682701174.586357
	[1]	From: :12004
	[1]	OriginStartTime: TODO: start time
	[1]	Content-Length: 6
	[1]	
	[1]	:12002
[Fri Apr 28 2023 09:59:34.586810] i LSUPDATE :12004 9 1 6 {:12004_8} TODO: start time :12004 (:12002)
	[1]	353NET/1.0 LSUPDATE
	[1]	TTL: 9
	[1]	Flood: 1;reason=3
	[1]	MessageID: :12004_8_1682701174.586649
	[1]	From: :12004
	[1]	OriginStartTime: TODO: start time
	[1]	Content-Length: 6
	[1]	
	[1]	:12002
[Fri Apr 28 2023 09:59:34.587886] r LSUPDATE :12002 9 1 13 {:12002_2} TODO: start time :12002 (:12000,:12004)
[Fri Apr 28 2023 09:59:34.587930] r LSUPDATE :12004 8 1 13 {:12002_2} TODO: start time :12002 (:12000,:12004)
[Fri Apr 28 2023 09:59:34.589241] r LSUPDATE :12000 9 1 6 {:12000_1} TODO: start time :12000 (:12002)
[Fri Apr 28 2023 09:59:34.589381] r LSUPDATE :12004 8 1 6 {:12000_1} TODO: start time :12000 (:12002)
[Fri Apr 28 2023 09:59:34.589654] i LSUPDATE :12004 9 1 6 {:12004_1} TODO: start time :12004 (:12002)
	[1]	353NET/1.0 LSUPDATE
	[1]	TTL: 9
	[1]	Flood: 1;reason=3
	[1]	MessageID: :12004_12_1682701174.589436
	[1]	From: :12004
	[1]	OriginStartTime: TODO: start time
	[1]	Content-Length: 6
	[1]	
	[1]	:12002
	[1]	353NET/1.0 UCASTAPP
	[1]	TTL: 9
	[1]	Flood: 0
	[1]	MessageID: :12004_17_1682701220.157556
	[1]	From: :12004
	[1]	To: :12000
	[1]	Next-Layer: 1
	[1]	Content-Length: 23
	[1]	
	[1]	353UDT/1.0 RDTACK 0 0

	[1]	353NET/1.0 UCASTAPP
	[1]	TTL: 9
	[1]	Flood: 0
	[1]	MessageID: :12004_20_1682701220.212888
	[1]	From: :12004
	[1]	To: :12000
	[1]	Next-Layer: 1
	[1]	Content-Length: 23
	[1]	
	[1]	353UDT/1.0 RDTACK 1 0

	[1]	353NET/1.0 UCASTAPP
	[1]	TTL: 9
	[1]	Flood: 0
	[1]	MessageID: :12004_23_1682701220.356253
	[1]	From: :12004
	[1]	To: :12000
	[1]	Next-Layer: 1
	[1]	Content-Length: 23
	[1]	
	[1]	353UDT/1.0 RDTACK 0 0

	[1]	353NET/1.0 UCASTAPP
	[1]	TTL: 9
	[1]	Flood: 0
	[1]	MessageID: :12004_26_1682701220.415268
	[1]	From: :12004
	[1]	To: :12000
	[1]	Next-Layer: 1
	[1]	Content-Length: 23
	[1]	
	[1]	353UDT/1.0 RDTACK 1 0

	[1]	353NET/1.0 UCASTAPP
	[1]	TTL: 9
	[1]	Flood: 0
	[1]	MessageID: :12004_29_1682701220.557594
	[1]	From: :12004
	[1]	To: :12000
	[1]	Next-Layer: 1
	[1]	Content-Length: 23
	[1]	
	[1]	353UDT/1.0 RDTACK 0 0

	[1]	353NET/1.0 UCASTAPP
	[1]	TTL: 9
	[1]	Flood: 0
	[1]	MessageID: :12004_32_1682701220.666114
	[1]	From: :12004
	[1]	To: :12000
	[1]	Next-Layer: 1
	[1]	Content-Length: 23
	[1]	
	[1]	353UDT/1.0 RDTACK 1 0

	[1]	353NET/1.0 UCASTAPP
	[1]	TTL: 9
	[1]	Flood: 0
	[1]	MessageID: :12004_34_1682701244.080841
	[1]	From: :12004
	[1]	To: :12000
	[1]	Next-Layer: 2
	[1]	Content-Length: 80
	[1]	
	[1]	353UDT/1.0 RDTDATA
Seq-Number: 0
RDT-App-Number: 0
RDT-Content-Length: 1

b
	[1]	353NET/1.0 UCASTAPP
	[1]	TTL: 9
	[1]	Flood: 0
	[1]	MessageID: :12004_37_1682701244.181988
	[1]	From: :12004
	[1]	To: :12000
	[1]	Next-Layer: 2
	[1]	Content-Length: 80
	[1]	
	[1]	353UDT/1.0 RDTDATA
Seq-Number: 1
RDT-App-Number: 0
RDT-Content-Length: 1

y
	[1]	353NET/1.0 UCASTAPP
	[1]	TTL: 9
	[1]	Flood: 0
	[1]	MessageID: :12004_40_1682701244.283013
	[1]	From: :12004
	[1]	To: :12000
	[1]	Next-Layer: 2
	[1]	Content-Length: 80
	[1]	
	[1]	353UDT/1.0 RDTDATA
Seq-Number: 0
RDT-App-Number: 0
RDT-Content-Length: 1

e
	[1]	353NET/1.0 UCASTAPP
	[1]	TTL: 9
	[1]	Flood: 0
	[1]	MessageID: :12004_43_1682701244.383980
	[1]	From: :12004
	[1]	To: :12000
	[1]	Next-Layer: 2
	[1]	Content-Length: 80
	[1]	
	[1]	353UDT/1.0 RDTDATA
Seq-Number: 1
RDT-App-Number: 0
RDT-Content-Length: 1

-
	[1]	353NET/1.0 UCASTAPP
	[1]	TTL: 9
	[1]	Flood: 0
	[1]	MessageID: :12004_46_1682701244.484825
	[1]	From: :12004
	[1]	To: :12000
	[1]	Next-Layer: 2
	[1]	Content-Length: 80
	[1]	
	[1]	353UDT/1.0 RDTDATA
Seq-Number: 0
RDT-App-Number: 0
RDT-Content-Length: 1

b
	[1]	353NET/1.0 UCASTAPP
	[1]	TTL: 9
	[1]	Flood: 0
	[1]	MessageID: :12004_52_1682701244.637913
	[1]	From: :12004
	[1]	To: :12000
	[1]	Next-Layer: 1
	[1]	Content-Length: 23
	[1]	
	[1]	353UDT/1.0 RDTACK 0 0

	[1]	353NET/1.0 UCASTAPP
	[1]	TTL: 9
	[1]	Flood: 0
	[1]	MessageID: :12004_54_1682701244.686165
	[1]	From: :12004
	[1]	To: :12000
	[1]	Next-Layer: 2
	[1]	Content-Length: 80
	[1]	
	[1]	353UDT/1.0 RDTDATA
Seq-Number: 1
RDT-App-Number: 0
RDT-Content-Length: 1

y
	[1]	353NET/1.0 UCASTAPP
	[1]	TTL: 9
	[1]	Flood: 0
	[1]	MessageID: :12004_58_1682701244.739030
	[1]	From: :12004
	[1]	To: :12000
	[1]	Next-Layer: 1
	[1]	Content-Length: 23
	[1]	
	[1]	353UDT/1.0 RDTACK 1 0

	[1]	353NET/1.0 UCASTAPP
	[1]	TTL: 9
	[1]	Flood: 0
	[1]	MessageID: :12004_60_1682701244.787313
	[1]	From: :12004
	[1]	To: :12000
	[1]	Next-Layer: 2
	[1]	Content-Length: 80
	[1]	
	[1]	353UDT/1.0 RDTDATA
Seq-Number: 0
RDT-App-Number: 0
RDT-Content-Length: 1

e
	[1]	353NET/1.0 UCASTAPP
	[1]	TTL: 9
	[1]	Flood: 0
	[1]	MessageID: :12004_64_1682701244.886558
	[1]	From: :12004
	[1]	To: :12000
	[1]	Next-Layer: 1
	[1]	Content-Length: 23
	[1]	
	[1]	353UDT/1.0 RDTACK 0 0

	[1]	353NET/1.0 UCASTAPP
	[1]	TTL: 9
	[1]	Flood: 0
	[1]	MessageID: :12004_66_1682701244.888225
	[1]	From: :12004
	[1]	To: :12000
	[1]	Next-Layer: 2
	[1]	Content-Length: 80
	[1]	
	[1]	353UDT/1.0 RDTDATA
Seq-Number: 1
RDT-App-Number: 0
RDT-Content-Length: 1



	[1]	353NET/1.0 UCASTAPP
	[1]	TTL: 9
	[1]	Flood: 0
	[1]	MessageID: :12004_70_1682701244.940698
	[1]	From: :12004
	[1]	To: :12000
	[1]	Next-Layer: 1
	[1]	Content-Length: 23
	[1]	
	[1]	353UDT/1.0 RDTACK 1 0

	[1]	353NET/1.0 UCASTAPP
	[1]	TTL: 9
	[1]	Flood: 0
	[1]	MessageID: :12004_73_1682701245.042089
	[1]	From: :12004
	[1]	To: :12000
	[1]	Next-Layer: 1
	[1]	Content-Length: 23
	[1]	
	[1]	353UDT/1.0 RDTACK 0 0

	[1]	353NET/1.0 UCASTAPP
	[1]	TTL: 9
	[1]	Flood: 0
	[1]	MessageID: :12004_76_1682701245.185989
	[1]	From: :12004
	[1]	To: :12000
	[1]	Next-Layer: 1
	[1]	Content-Length: 23
	[1]	
	[1]	353UDT/1.0 RDTACK 1 0

	[1]	353NET/1.0 UCASTAPP
	[1]	TTL: 9
	[1]	Flood: 0
	[1]	MessageID: :12004_79_1682701245.245573
	[1]	From: :12004
	[1]	To: :12000
	[1]	Next-Layer: 1
	[1]	Content-Length: 23
	[1]	
	[1]	353UDT/1.0 RDTACK 0 0

	[1]	353NET/1.0 UCASTAPP
	[1]	TTL: 9
	[1]	Flood: 0
	[1]	MessageID: :12004_82_1682701245.345972
	[1]	From: :12004
	[1]	To: :12000
	[1]	Next-Layer: 1
	[1]	Content-Length: 23
	[1]	
	[1]	353UDT/1.0 RDTACK 1 0

	[1]	353NET/1.0 UCASTAPP
	[1]	TTL: 9
	[1]	Flood: 0
	[1]	MessageID: :12004_85_1682701245.546040
	[1]	From: :12004
	[1]	To: :12000
	[1]	Next-Layer: 1
	[1]	Content-Length: 23
	[1]	
	[1]	353UDT/1.0 RDTACK 0 0

	[1]	353NET/1.0 UCASTAPP
	[1]	TTL: 9
	[1]	Flood: 0
	[1]	MessageID: :12004_90_1682701266.417607
	[1]	From: :12004
	[1]	To: :12000
	[1]	Next-Layer: 1
	[1]	Content-Length: 23
	[1]	
	[1]	353UDT/1.0 RDTACK 0 0

	[1]	353NET/1.0 UCASTAPP
	[1]	TTL: 9
	[1]	Flood: 0
	[1]	MessageID: :12004_93_1682701266.518642
	[1]	From: :12004
	[1]	To: :12000
	[1]	Next-Layer: 1
	[1]	Content-Length: 23
	[1]	
	[1]	353UDT/1.0 RDTACK 1 0

	[1]	353NET/1.0 UCASTAPP
	[1]	TTL: 9
	[1]	Flood: 0
	[1]	MessageID: :12004_96_1682701266.665865
	[1]	From: :12004
	[1]	To: :12000
	[1]	Next-Layer: 1
	[1]	Content-Length: 23
	[1]	
	[1]	353UDT/1.0 RDTACK 0 0

	[1]	353NET/1.0 UCASTAPP
	[1]	TTL: 9
	[1]	Flood: 0
	[1]	MessageID: :12004_99_1682701266.721061
	[1]	From: :12004
	[1]	To: :12000
	[1]	Next-Layer: 1
	[1]	Content-Length: 23
	[1]	
	[1]	353UDT/1.0 RDTACK 1 0

	[1]	353NET/1.0 UCASTAPP
	[1]	TTL: 9
	[1]	Flood: 0
	[1]	MessageID: :12004_102_1682701266.867027
	[1]	From: :12004
	[1]	To: :12000
	[1]	Next-Layer: 1
	[1]	Content-Length: 23
	[1]	
	[1]	353UDT/1.0 RDTACK 0 0

	[1]	353NET/1.0 UCASTAPP
	[1]	TTL: 9
	[1]	Flood: 0
	[1]	MessageID: :12004_105_1682701266.966284
	[1]	From: :12004
	[1]	To: :12000
	[1]	Next-Layer: 1
	[1]	Content-Length: 23
	[1]	
	[1]	353UDT/1.0 RDTACK 1 0

	[1]	353NET/1.0 UCASTAPP
	[1]	TTL: 9
	[1]	Flood: 0
	[1]	MessageID: :12004_108_1682701267.024894
	[1]	From: :12004
	[1]	To: :12000
	[1]	Next-Layer: 1
	[1]	Content-Length: 23
	[1]	
	[1]	353UDT/1.0 RDTACK 0 0

[Fri Apr 28 2023 10:01:07.084949] r LSUPDATE :12002 9 1 6 {:12002_1} TODO: start time :12002 (:12004)
	[1]	353NET/1.0 UCASTAPP
	[1]	TTL: 9
	[1]	Flood: 0
	[1]	MessageID: :12004_108_1682701267.024894
	[1]	From: :12004
	[1]	To: :12000
	[1]	Next-Layer: 1
	[1]	Content-Length: 23
	[1]	
	[1]	353UDT/1.0 RDTACK 0 0

[Fri Apr 28 2023 10:01:07.085486] i LSUPDATE :12004 9 1 6 {:12004_1} TODO: start time :12004 (:12002)
	[1]	353NET/1.0 LSUPDATE
	[1]	TTL: 9
	[1]	Flood: 1;reason=2
	[1]	MessageID: :12004_111_1682701267.085153
	[1]	From: :12004
	[1]	OriginStartTime: TODO: start time
	[1]	Content-Length: 6
	[1]	
	[1]	:12002
[Fri Apr 28 2023 10:01:07.085596] Socket-writing thread has terminated
[Fri Apr 28 2023 10:01:07.085959] Socket-reading thread has joined with socket-writing thread
[Fri Apr 28 2023 10:01:26.345977] CONNECT[2]: 127.0.0.1:12004
[Fri Apr 28 2023 10:01:26.346676] r SAYHELLO :12002 1 - 0
[Fri Apr 28 2023 10:01:26.346909] i SAYHELLO :12004 1 - 0
	[2]	353NET/1.0 SAYHELLO
	[2]	TTL: 0
	[2]	Flood: 0
	[2]	From: :12004
	[2]	Content-Length: 0
 	[2]	
[Fri Apr 28 2023 10:01:26.347182] i LSUPDATE :12004 9 1 6 {:12004_1} TODO: start time :12004 (:12002)
	[2]	353NET/1.0 LSUPDATE
	[2]	TTL: 9
	[2]	Flood: 1;reason=1
	[2]	MessageID: :12004_115_1682701286.346801
	[2]	From: :12004
	[2]	OriginStartTime: TODO: start time
	[2]	Content-Length: 6
	[2]	
	[2]	:12002
[Fri Apr 28 2023 10:01:26.348001] r LSUPDATE :12002 9 1 13 {:12002_8} TODO: start time :12002 (:12000,:12004)
[Fri Apr 28 2023 10:01:26.348051] r LSUPDATE :12004 8 1 13 {:12002_8} TODO: start time :12002 (:12000,:12004)
[Fri Apr 28 2023 10:01:26.348141] i LSUPDATE :12004 9 1 6 {:12004_1} TODO: start time :12004 (:12002)
	[2]	353NET/1.0 LSUPDATE
	[2]	TTL: 9
	[2]	Flood: 1;reason=3
	[2]	MessageID: :12004_118_1682701286.348099
	[2]	From: :12004
	[2]	OriginStartTime: TODO: start time
	[2]	Content-Length: 6
	[2]	
	[2]	:12002
[Fri Apr 28 2023 10:01:26.348653] r LSUPDATE :12000 9 1 6 {:12000_1} TODO: start time :12000 (:12002)
[Fri Apr 28 2023 10:01:26.348697] r LSUPDATE :12004 8 1 6 {:12000_1} TODO: start time :12000 (:12002)
[Fri Apr 28 2023 10:01:26.348916] i LSUPDATE :12004 9 1 6 {:12004_1} TODO: start time :12004 (:12002)
	[2]	353NET/1.0 LSUPDATE
	[2]	TTL: 9
	[2]	Flood: 1;reason=3
	[2]	MessageID: :12004_121_1682701286.348726
	[2]	From: :12004
	[2]	OriginStartTime: TODO: start time
	[2]	Content-Length: 6
	[2]	
	[2]	:12002
[Fri Apr 28 2023 10:01:26.349513] r LSUPDATE :12002 9 1 13 {:12002_1} TODO: start time :12002 (:12000,:12004)
[Fri Apr 28 2023 10:01:26.349559] r LSUPDATE :12004 8 1 13 {:12002_1} TODO: start time :12002 (:12000,:12004)
[Fri Apr 28 2023 10:01:26.349824] r LSUPDATE :12002 9 1 13 {:12002_1} TODO: start time :12002 (:12000,:12004)
[Fri Apr 28 2023 10:01:26.349873] r LSUPDATE :12004 8 1 13 {:12002_1} TODO: start time :12002 (:12000,:12004)
[Fri Apr 28 2023 10:01:26.350133] r LSUPDATE :12000 9 1 6 {:12000_1} TODO: start time :12000 (:12002)
[Fri Apr 28 2023 10:01:26.350164] r LSUPDATE :12004 8 1 6 {:12000_1} TODO: start time :12000 (:12002)
[Fri Apr 28 2023 10:01:26.350347] r LSUPDATE :12002 9 1 13 {:12002_2} TODO: start time :12002 (:12000,:12004)
[Fri Apr 28 2023 10:01:26.350366] r LSUPDATE :12004 8 1 13 {:12002_2} TODO: start time :12002 (:12000,:12004)
[Fri Apr 28 2023 10:01:26.351178] r LSUPDATE :12000 9 1 6 {:12000_1} TODO: start time :12000 (:12002)
[Fri Apr 28 2023 10:01:26.351221] r LSUPDATE :12004 8 1 6 {:12000_1} TODO: start time :12000 (:12002)
	[2]	353NET/1.0 UCASTAPP
	[2]	TTL: 9
	[2]	Flood: 0
	[2]	MessageID: :12004_131_1682701291.217487
	[2]	From: :12004
	[2]	To: :12000
	[2]	Next-Layer: 1
	[2]	Content-Length: 23
	[2]	
	[2]	353UDT/1.0 RDTACK 1 0

	[2]	353NET/1.0 UCASTAPP
	[2]	TTL: 9
	[2]	Flood: 0
	[2]	MessageID: :12004_136_1682701313.907255
	[2]	From: :12004
	[2]	To: :12000
	[2]	Next-Layer: 1
	[2]	Content-Length: 23
	[2]	
	[2]	353UDT/1.0 RDTACK 0 0

	[2]	353NET/1.0 UCASTAPP
	[2]	TTL: 9
	[2]	Flood: 0
	[2]	MessageID: :12004_139_1682701314.008555
	[2]	From: :12004
	[2]	To: :12000
	[2]	Next-Layer: 1
	[2]	Content-Length: 23
	[2]	
	[2]	353UDT/1.0 RDTACK 1 0

	[2]	353NET/1.0 UCASTAPP
	[2]	TTL: 9
	[2]	Flood: 0
	[2]	MessageID: :12004_142_1682701314.206175
	[2]	From: :12004
	[2]	To: :12000
	[2]	Next-Layer: 1
	[2]	Content-Length: 23
	[2]	
	[2]	353UDT/1.0 RDTACK 0 0

	[2]	353NET/1.0 UCASTAPP
	[2]	TTL: 9
	[2]	Flood: 0
	[2]	MessageID: :12004_145_1682701314.309605
	[2]	From: :12004
	[2]	To: :12000
	[2]	Next-Layer: 1
	[2]	Content-Length: 23
	[2]	
	[2]	353UDT/1.0 RDTACK 1 0

	[2]	353NET/1.0 UCASTAPP
	[2]	TTL: 9
	[2]	Flood: 0
	[2]	MessageID: :12004_148_1682701314.411709
	[2]	From: :12004
	[2]	To: :12000
	[2]	Next-Layer: 1
	[2]	Content-Length: 23
	[2]	
	[2]	353UDT/1.0 RDTACK 0 0

	[2]	353NET/1.0 UCASTAPP
	[2]	TTL: 9
	[2]	Flood: 0
	[2]	MessageID: :12004_151_1682701314.566557
	[2]	From: :12004
	[2]	To: :12000
	[2]	Next-Layer: 1
	[2]	Content-Length: 23
	[2]	
	[2]	353UDT/1.0 RDTACK 1 0

	[2]	353NET/1.0 UCASTAPP
	[2]	TTL: 9
	[2]	Flood: 0
	[2]	MessageID: :12004_154_1682701314.614191
	[2]	From: :12004
	[2]	To: :12000
	[2]	Next-Layer: 1
	[2]	Content-Length: 23
	[2]	
	[2]	353UDT/1.0 RDTACK 0 0

	[2]	353NET/1.0 UCASTAPP
	[2]	TTL: 9
	[2]	Flood: 0
	[2]	MessageID: :12004_157_1682701314.757309
	[2]	From: :12004
	[2]	To: :12000
	[2]	Next-Layer: 1
	[2]	Content-Length: 23
	[2]	
	[2]	353UDT/1.0 RDTACK 1 0

	[2]	353NET/1.0 UCASTAPP
	[2]	TTL: 9
	[2]	Flood: 0
	[2]	MessageID: :12004_160_1682701314.866096
	[2]	From: :12004
	[2]	To: :12000
	[2]	Next-Layer: 1
	[2]	Content-Length: 23
	[2]	
	[2]	353UDT/1.0 RDTACK 0 0

	[2]	353NET/1.0 UCASTAPP
	[2]	TTL: 9
	[2]	Flood: 0
	[2]	MessageID: :12004_163_1682701314.917857
	[2]	From: :12004
	[2]	To: :12000
	[2]	Next-Layer: 1
	[2]	Content-Length: 23
	[2]	
	[2]	353UDT/1.0 RDTACK 1 0

	[2]	353NET/1.0 UCASTAPP
	[2]	TTL: 9
	[2]	Flood: 0
	[2]	MessageID: :12004_166_1682701315.019014
	[2]	From: :12004
	[2]	To: :12000
	[2]	Next-Layer: 1
	[2]	Content-Length: 23
	[2]	
	[2]	353UDT/1.0 RDTACK 0 0

	[2]	353NET/1.0 UCASTAPP
	[2]	TTL: 9
	[2]	Flood: 0
	[2]	MessageID: :12004_168_1682701315.069593
	[2]	From: :12004
	[2]	To: :12000
	[2]	Next-Layer: 2
	[2]	Content-Length: 80
	[2]	
	[2]	353UDT/1.0 RDTDATA
Seq-Number: 0
RDT-App-Number: 0
RDT-Content-Length: 1

h
	[2]	353NET/1.0 UCASTAPP
	[2]	TTL: 9
	[2]	Flood: 0
	[2]	MessageID: :12004_171_1682701315.170877
	[2]	From: :12004
	[2]	To: :12000
	[2]	Next-Layer: 2
	[2]	Content-Length: 80
	[2]	
	[2]	353UDT/1.0 RDTDATA
Seq-Number: 1
RDT-App-Number: 0
RDT-Content-Length: 1

i
	[2]	353NET/1.0 UCASTAPP
	[2]	TTL: 9
	[2]	Flood: 0
	[2]	MessageID: :12004_174_1682701315.271999
	[2]	From: :12004
	[2]	To: :12000
	[2]	Next-Layer: 2
	[2]	Content-Length: 80
	[2]	
	[2]	353UDT/1.0 RDTDATA
Seq-Number: 0
RDT-App-Number: 0
RDT-Content-Length: 1

g
	[2]	353NET/1.0 UCASTAPP
	[2]	TTL: 9
	[2]	Flood: 0
	[2]	MessageID: :12004_177_1682701315.373057
	[2]	From: :12004
	[2]	To: :12000
	[2]	Next-Layer: 2
	[2]	Content-Length: 80
	[2]	
	[2]	353UDT/1.0 RDTDATA
Seq-Number: 1
RDT-App-Number: 0
RDT-Content-Length: 1

h
	[2]	353NET/1.0 UCASTAPP
	[2]	TTL: 9
	[2]	Flood: 0
	[2]	MessageID: :12004_180_1682701315.474058
	[2]	From: :12004
	[2]	To: :12000
	[2]	Next-Layer: 2
	[2]	Content-Length: 80
	[2]	
	[2]	353UDT/1.0 RDTDATA
Seq-Number: 0
RDT-App-Number: 0
RDT-Content-Length: 1

-
	[2]	353NET/1.0 UCASTAPP
	[2]	TTL: 9
	[2]	Flood: 0
	[2]	MessageID: :12004_183_1682701315.574905
	[2]	From: :12004
	[2]	To: :12000
	[2]	Next-Layer: 2
	[2]	Content-Length: 80
	[2]	
	[2]	353UDT/1.0 RDTDATA
Seq-Number: 1
RDT-App-Number: 0
RDT-Content-Length: 1

l
	[2]	353NET/1.0 UCASTAPP
	[2]	TTL: 9
	[2]	Flood: 0
	[2]	MessageID: :12004_186_1682701315.675816
	[2]	From: :12004
	[2]	To: :12000
	[2]	Next-Layer: 2
	[2]	Content-Length: 80
	[2]	
	[2]	353UDT/1.0 RDTDATA
Seq-Number: 0
RDT-App-Number: 0
RDT-Content-Length: 1

o
[Fri Apr 28 2023 10:01:55.813624] r LSUPDATE :12002 9 1 6 {:12002_6} TODO: start time :12002 (:12004)
[Fri Apr 28 2023 10:01:55.813717] r LSUPDATE :12004 8 1 6 {:12002_6} TODO: start time :12002 (:12004)
[Fri Apr 28 2023 10:01:55.814041] i LSUPDATE :12004 9 1 6 {:12004_1} TODO: start time :12004 (:12002)
	[2]	353NET/1.0 LSUPDATE
	[2]	TTL: 9
	[2]	Flood: 1;reason=2
	[2]	MessageID: :12004_190_1682701315.813808
	[2]	From: :12004
	[2]	OriginStartTime: TODO: start time
	[2]	Content-Length: 6
	[2]	
	[2]	:12002
[Fri Apr 28 2023 10:01:55.814365] Socket-writing thread has terminated
[Fri Apr 28 2023 10:01:55.814757] Socket-reading thread has joined with socket-writing thread
[Fri Apr 28 2023 10:02:16.726070] CONNECT[3]: 127.0.0.1:12004
[Fri Apr 28 2023 10:02:16.727955] r SAYHELLO :12002 1 - 0
[Fri Apr 28 2023 10:02:16.728102] i SAYHELLO :12004 1 - 0
	[3]	353NET/1.0 SAYHELLO
	[3]	TTL: 0
	[3]	Flood: 0
	[3]	From: :12004
	[3]	Content-Length: 0
 	[3]	
[Fri Apr 28 2023 10:02:16.728505] i LSUPDATE :12004 9 1 6 {:12004_1} TODO: start time :12004 (:12002)
	[3]	353NET/1.0 LSUPDATE
	[3]	TTL: 9
	[3]	Flood: 1;reason=1
	[3]	MessageID: :12004_196_1682701336.728093
	[3]	From: :12004
	[3]	OriginStartTime: TODO: start time
	[3]	Content-Length: 6
	[3]	
	[3]	:12002
[Fri Apr 28 2023 10:02:16.729521] r LSUPDATE :12002 9 1 13 {:12002_8} TODO: start time :12002 (:12000,:12004)
[Fri Apr 28 2023 10:02:16.729564] r LSUPDATE :12004 8 1 13 {:12002_8} TODO: start time :12002 (:12000,:12004)
[Fri Apr 28 2023 10:02:16.729710] i LSUPDATE :12004 9 1 6 {:12004_1} TODO: start time :12004 (:12002)
	[3]	353NET/1.0 LSUPDATE
	[3]	TTL: 9
	[3]	Flood: 1;reason=3
	[3]	MessageID: :12004_199_1682701336.729597
	[3]	From: :12004
	[3]	OriginStartTime: TODO: start time
	[3]	Content-Length: 6
	[3]	
	[3]	:12002
[Fri Apr 28 2023 10:02:16.730103] r LSUPDATE :12000 9 1 6 {:12000_2} TODO: start time :12000 (:12002)
[Fri Apr 28 2023 10:02:16.730160] r LSUPDATE :12004 8 1 6 {:12000_2} TODO: start time :12000 (:12002)
[Fri Apr 28 2023 10:02:16.730402] i LSUPDATE :12004 9 1 6 {:12004_2} TODO: start time :12004 (:12002)
	[3]	353NET/1.0 LSUPDATE
	[3]	TTL: 9
	[3]	Flood: 1;reason=3
	[3]	MessageID: :12004_202_1682701336.730207
	[3]	From: :12004
	[3]	OriginStartTime: TODO: start time
	[3]	Content-Length: 6
	[3]	
	[3]	:12002
[Fri Apr 28 2023 10:02:16.730817] r LSUPDATE :12002 9 1 13 {:12002_1} TODO: start time :12002 (:12000,:12004)
[Fri Apr 28 2023 10:02:16.730864] r LSUPDATE :12004 8 1 13 {:12002_1} TODO: start time :12002 (:12000,:12004)
[Fri Apr 28 2023 10:02:16.731091] r LSUPDATE :12002 9 1 13 {:12002_1} TODO: start time :12002 (:12000,:12004)
[Fri Apr 28 2023 10:02:16.731121] r LSUPDATE :12004 8 1 13 {:12002_1} TODO: start time :12002 (:12000,:12004)
[Fri Apr 28 2023 10:02:16.731266] r LSUPDATE :12000 9 1 6 {:12000_2} TODO: start time :12000 (:12002)
[Fri Apr 28 2023 10:02:16.731281] r LSUPDATE :12004 8 1 6 {:12000_2} TODO: start time :12000 (:12002)
[Fri Apr 28 2023 10:02:16.731420] r LSUPDATE :12002 9 1 13 {:12002_2} TODO: start time :12002 (:12000,:12004)
[Fri Apr 28 2023 10:02:16.731434] r LSUPDATE :12004 8 1 13 {:12002_2} TODO: start time :12002 (:12000,:12004)
[Fri Apr 28 2023 10:02:16.732759] r LSUPDATE :12000 9 1 6 {:12000_2} TODO: start time :12000 (:12002)
[Fri Apr 28 2023 10:02:16.732827] r LSUPDATE :12004 8 1 6 {:12000_2} TODO: start time :12000 (:12002)
	[3]	353NET/1.0 UCASTAPP
	[3]	TTL: 9
	[3]	Flood: 0
	[3]	MessageID: :12004_192_1682701315.877104
	[3]	From: :12004
	[3]	To: :12000
	[3]	Next-Layer: 2
	[3]	Content-Length: 80
	[3]	
	[3]	353UDT/1.0 RDTDATA
Seq-Number: 1
RDT-App-Number: 0
RDT-Content-Length: 1

w
	[3]	353NET/1.0 UCASTAPP
	[3]	TTL: 9
	[3]	Flood: 0
	[3]	MessageID: :12004_210_1682701340.069174
	[3]	From: :12004
	[3]	To: :12000
	[3]	Next-Layer: 2
	[3]	Content-Length: 80
	[3]	
	[3]	353UDT/1.0 RDTDATA
Seq-Number: 0
RDT-App-Number: 0
RDT-Content-Length: 1



	[3]	353NET/1.0 UCASTAPP
	[3]	TTL: 9
	[3]	Flood: 0
	[3]	MessageID: :12004_213_1682701359.282795
	[3]	From: :12004
	[3]	To: :12002
	[3]	Next-Layer: 2
	[3]	Content-Length: 80
	[3]	
	[3]	353UDT/1.0 RDTDATA
Seq-Number: 0
RDT-App-Number: 0
RDT-Content-Length: 1

r
	[3]	353NET/1.0 UCASTAPP
	[3]	TTL: 9
	[3]	Flood: 0
	[3]	MessageID: :12004_216_1682701359.384227
	[3]	From: :12004
	[3]	To: :12002
	[3]	Next-Layer: 2
	[3]	Content-Length: 80
	[3]	
	[3]	353UDT/1.0 RDTDATA
Seq-Number: 1
RDT-App-Number: 0
RDT-Content-Length: 1

i
	[3]	353NET/1.0 UCASTAPP
	[3]	TTL: 9
	[3]	Flood: 0
	[3]	MessageID: :12004_219_1682701359.485232
	[3]	From: :12004
	[3]	To: :12002
	[3]	Next-Layer: 2
	[3]	Content-Length: 80
	[3]	
	[3]	353UDT/1.0 RDTDATA
Seq-Number: 0
RDT-App-Number: 0
RDT-Content-Length: 1

g
	[3]	353NET/1.0 UCASTAPP
	[3]	TTL: 9
	[3]	Flood: 0
	[3]	MessageID: :12004_222_1682701359.586388
	[3]	From: :12004
	[3]	To: :12002
	[3]	Next-Layer: 2
	[3]	Content-Length: 80
	[3]	
	[3]	353UDT/1.0 RDTDATA
Seq-Number: 1
RDT-App-Number: 0
RDT-Content-Length: 1

h
	[3]	353NET/1.0 UCASTAPP
	[3]	TTL: 9
	[3]	Flood: 0
	[3]	MessageID: :12004_225_1682701359.687616
	[3]	From: :12004
	[3]	To: :12002
	[3]	Next-Layer: 2
	[3]	Content-Length: 80
	[3]	
	[3]	353UDT/1.0 RDTDATA
Seq-Number: 0
RDT-App-Number: 0
RDT-Content-Length: 1

t
	[3]	353NET/1.0 UCASTAPP
	[3]	TTL: 9
	[3]	Flood: 0
	[3]	MessageID: :12004_228_1682701359.788708
	[3]	From: :12004
	[3]	To: :12002
	[3]	Next-Layer: 2
	[3]	Content-Length: 80
	[3]	
	[3]	353UDT/1.0 RDTDATA
Seq-Number: 1
RDT-App-Number: 0
RDT-Content-Length: 1



[Fri Apr 28 2023 10:02:48.500274] r LSUPDATE :12002 9 1 13 {:12002_7} TODO: start time :12002 (:12000,:12004)
[Fri Apr 28 2023 10:02:48.500326] r LSUPDATE :12004 8 1 13 {:12002_7} TODO: start time :12002 (:12000,:12004)
[Fri Apr 28 2023 10:02:49.745579] i LSUPDATE :12004 9 1 6 {:12004_2} TODO: start time :12004 (:12002)
	[3]	353NET/1.0 LSUPDATE
	[3]	TTL: 9
	[3]	Flood: 1;reason=2
	[3]	MessageID: :12004_232_1682701369.745400
	[3]	From: :12004
	[3]	OriginStartTime: TODO: start time
	[3]	Content-Length: 6
	[3]	
	[3]	:12002
[Fri Apr 28 2023 10:02:49.745868] Socket-writing thread has terminated
[Fri Apr 28 2023 10:02:49.746240] Socket-reading thread has joined with socket-writing thread
[Fri Apr 28 2023 10:02:51.029840] Reaper has joined with connection thread.
[Fri Apr 28 2023 10:02:54.623037] STOP: port=12004
