[Wed Apr 12 2023 16:56:08.220909] START: port=12002, rootdir=lab11data
[Wed Apr 12 2023 16:56:08.222820] i SAYHELLO :12002 1 - 0
	[1]	353NET/1.0 SAYHELLO
	[1]	TTL: 9
	[1]	Flood: 0
	[1]	From: :12002
	[1]	Content-Length: 0
 	[1]	
[Wed Apr 12 2023 16:56:08.224207] r SAYHELLO :12000 1 - 0
[Wed Apr 12 2023 16:56:08.224396] i LSUPDATE :12002 9 1 6 {:12002_2} 1681343768.224278 :12002 (:12000)
	[1]	353NET/1.0 LSUPDATE
	[1]	TTL: 9
	[1]	Flood: 1;reason=1
	[1]	MessageID: :12002_2_1681343768.224280
	[1]	From: :12002
[Wed Apr 12 2023 16:56:08.224846] r LSUPDATE :12000 9 1 6 {:12000_2} 1681343768.223754 :12000 (:12002)
	[1]	OriginStartTime: 1681343768.224278
	[1]	Content-Length: 6
8.224846] r LSUPDATE :12000 9 1 6 {:12000_2} 1681343768.223754 :12000 (:12002)
	[1]	OriginStartTime: 1681343768.224278
	[1]	Content-Length: 6
	[1]	
	[1]	:12000
[Wed Apr 12 2023 16:56:08.224956] i LSUPDATE :12002 9 1 6 {:12002_3} 1681343768.224278 :12002 (:12000)
	[1]	353NET/1.0 LSUPDATE
	[1]	TTL: 9
	[1]	Flood: 1;reason=3
	[1]	MessageID: :12002_3_1681343768.224924
	[1]	From: :12002
	[1]	OriginStartTime: 1681343768.224278
	[1]	Content-Length: 6
	[1]	
	[1]	:12000
[Wed Apr 12 2023 16:56:08.225835] r LSUPDATE :12000 9 1 6 {:12000_3} 1681343768.223754 :12000 (:12002)
[Wed Apr 12 2023 16:56:09.711061] CONNECT[2]: 127.0.0.1:12002
[Wed Apr 12 2023 16:56:09.714289] r SAYHELLO :12004 1 - 0
[Wed Apr 12 2023 16:56:09.714546] i SAYHELLO :12002 1 - 0
[Wed Apr 12 2023 16:56:09.714657] i LSUPDATE :12002 9 1 13 {:12002_4} 1681343768.224278 :12002 (:12000,:12004)
	[2]	353NET/1.0 SAYHELLO
	[2]	TTL: 9
	[2]	Flood: 0
	[2]	From: :12002
	[2]	Content-Length: 0
 	[2]	
[Wed Apr 12 2023 16:56:09.714927] i LSUPDATE :12002 9 1 13 {:12002_5} 1681343768.224278 :12002 (:12000,:12004)
	[1]	353NET/1.0 LSUPDATE
	[1]	TTL: 9
	[1]	Flood: 1;reason=1
	[1]	MessageID: :12002_4_1681343769.714497
	[1]	From: :12002
	[1]	OriginStartTime: 1681343768.224278
	[1]	Content-Length: 13
	[1]	
	[1]	:12000,:12004
	[2]	353NET/1.0 LSUPDATE
	[2]	TTL: 9
	[2]	Flood: 1;reason=1
	[2]	MessageID: :12002_5_1681343769.714588
	[2]	From: :12002
	[2]	OriginStartTime: 1681343768.224278
	[2]	Content-Length: 13
	[2]	
	[2]	:12000,:12004
[Wed Apr 12 2023 16:56:09.715753] r LSUPDATE :12004 9 1 6 {:12004_2} 1681343769.715081 :12004 (:12002)
[Wed Apr 12 2023 16:56:09.715939] d LSUPDATE :12002 8 1 6 {:12004_2} 1681343769.715081 :12004 (:12002)
[Wed Apr 12 2023 16:56:09.716063] i LSUPDATE :12002 9 1 13 {:12002_7} 1681343768.224278 :12002 (:12000,:12004)
[Wed Apr 12 2023 16:56:09.716063] i LSUPDATE :12002 9 1 13 {:12002_7} 1681343768.224278 :12002 (:12000,:12004)
	[1]	353NET/1.0 LSUPDATE
	[1]	TTL: 9
	[1]	Flood: 1;reason=1
	[1]	MessageID: :12004_2_1681343769.715083
	[1]	From: :12004
	[1]	OriginStartTime: 1681343769.715081
	[1]	Content-Length: 6
	[1]	
	[1]	:12002
[Wed Apr 12 2023 16:56:09.716366] i LSUPDATE :12002 9 1 13 {:12002_6} 1681343768.224278 :12002 (:12000,:12004)
	[1]	353NET/1.0 LSUPDATE
	[1]	TTL: 9
	[1]	Flood: 1;reason=3
	[1]	MessageID: :12002_6_1681343769.715906
	[1]	From: :12002
	[1]	OriginStartTime: 1681343768.224278
	[1]	Content-Length: 13
	[1]	
	[1]	:12000,:12004
	[2]	353NET/1.0 LSUPDATE
	[2]	TTL: 9
	[2]	Flood: 1;reason=3
	[2]	MessageID: :12002_7_1681343769.715920
	[2]	From: :12002
	[2]	OriginStartTime: 1681343768.224278
	[2]	Content-Length: 13
	[2]	
	[2]	:12000,:12004
[Wed Apr 12 2023 16:56:09.716864] r LSUPDATE :12004 9 1 6 {:12004_3} 1681343769.715081 :12004 (:12002)
[Wed Apr 12 2023 16:56:09.717042] d LSUPDATE :12002 8 1 6 {:12004_3} 1681343769.715081 :12004 (:12002)
	[1]	353NET/1.0 LSUPDATE
	[1]	TTL: 9
	[1]	Flood: 1;reason=3
	[1]	MessageID: :12004_3_1681343769.715812
	[1]	From: :12004
	[1]	OriginStartTime: 1681343769.715081
	[1]	Content-Length: 6
	[1]	
	[1]	:12002
[Wed Apr 12 2023 16:56:09.718735] r LSUPDATE :12000 9 1 6 {:12000_4} 1681343768.223754 :12000 (:12002)
[Wed Apr 12 2023 16:56:09.719171] d LSUPDATE :12002 8 1 6 {:12000_4} 1681343768.223754 :12000 (:12002)
	[2]	353NET/1.0 LSUPDATE
	[2]	TTL: 9
	[2]	Flood: 1;reason=3
	[2]	MessageID: :12000_4_1681343769.716746
	[2]	From: :12000
	[2]	OriginStartTime: 1681343768.223754
	[2]	Content-Length: 6
	[2]	
	[2]	:12002
[Wed Apr 12 2023 16:56:09.720730] r LSUPDATE :12004 9 1 6 {:12004_4} 1681343769.715081 :12004 (:12002)
[Wed Apr 12 2023 16:56:09.720991] d LSUPDATE :12002 8 1 6 {:12004_4} 1681343769.715081 :12004 (:12002)
	[1]	353NET/1.0 LSUPDATE
	[1]	TTL: 9
	[1]	Flood: 1;reason=3
	[1]	MessageID: :12004_4_1681343769.719897
	[1]	From: :12004
	[1]	OriginStartTime: 1681343769.715081
	[1]	Content-Length: 6
	[1]	
	[1]	:12002
	[2]	353NET/1.0 UCASTAPP
	[2]	TTL: 9
	[2]	Flood: 0
	[2]	MessageID: :12000_8_1681343775.664763
	[2]	From: :12000
	[2]	To: :12004
	[2]	Next-Layer: 0
	[2]	Content-Length: 5
	[2]	
	[2]	hello
[Wed Apr 12 2023 16:57:21.381525] i LSUPDATE :12002 9 1 13 {:12002_9} 1681343768.224278 :12002 (:12000,:12004)
[Wed Apr 12 2023 16:57:21.381525] i LSUPDATE :12002 9 1 13 {:12002_9} 1681343768.224278 :12002 (:12000,:12004)
[Wed Apr 12 2023 16:57:21.381603] i LSUPDATE :12002 9 1 13 {:12002_1} 1681343768.224278 :12002 (:12000,:12004)
	[2]	353NET/1.0 LSUPDATE
	[2]	TTL: 9
	[2]	Flood: 1;reason=2
	[2]	MessageID: :12002_10_1681343841.381459
	[2]	From: :12002
	[2]	OriginStartTime: 1681343768.224278
	[2]	Content-Length: 13
	[2]	
	[2]	:12000,:12004
	[1]	353NET/1.0 LSUPDATE
	[1]	TTL: 9
	[1]	Flood: 1;reason=2
	[1]	Flood: 1;reason=2
[Wed Apr 12 2023 16:57:21.381917] Socket-writing thread has terminated
	[1]	MessageID: :12002_9_1681343841.381350
	[1]	From: :12002
	[1]	OriginStartTime: 1681343768.224278
	[1]	Content-Length: 13
	[1]	
	[1]	:12000,:12004
[Wed Apr 12 2023 16:57:21.382376] Socket-reading thread has joined with socket-writing thread
[Wed Apr 12 2023 16:57:21.383082] r LSUPDATE :12000 9 1 6 {:12000_6} 1681343768.223754 :12000 (:12002)
[Wed Apr 12 2023 16:57:22.436725] Socket-writing thread has terminated
[Wed Apr 12 2023 16:57:22.437182] Socket-reading thread has joined with socket-writing thread
[Wed Apr 12 2023 16:57:22.437235] Reaper has joined with connection thread.
[Wed Apr 12 2023 16:57:24.238690] STOP: port=12002
