[Wed Apr 12 2023 16:56:09.709171] START: port=12004, rootdir=lab11data
[Wed Apr 12 2023 16:56:09.711970] i SAYHELLO :12004 1 - 0
	[1]	353NET/1.0 SAYHELLO
	[1]	TTL: 9
	[1]	Flood: 0
	[1]	From: :12004
	[1]	Content-Length: 0
 	[1]	
[Wed Apr 12 2023 16:56:09.715005] r SAYHELLO :12002 1 - 0
[Wed Apr 12 2023 16:56:09.715267] i LSUPDATE :12004 9 1 6 {:12004_2} 1681343769.715081 :12004 (:12002)
	[1]	353NET/1.0 LSUPDATE
	[1]	TTL: 9
	[1]	Flood: 1;reason=1
	[1]	MessageID: :12004_2_1681343769.715083
	[1]	From: :12004
	[1]	OriginStartTime: 1681343769.715081
	[1]	Content-Length: 6
	[1]	
	[1]	:12002
[Wed Apr 12 2023 16:56:09.715727] r LSUPDATE :12002 9 1 13 {:12002_5} 1681343768.224278 :12002 (:12000,:12004)
[Wed Apr 12 2023 16:56:09.715957] i LSUPDATE :12004 9 1 6 {:12004_3} 1681343769.715081 :12004 (:12002)
	[1]	353NET/1.0 LSUPDATE
	[1]	TTL: 9
	[1]	Flood: 1;reason=3
	[1]	MessageID: :12004_3_1681343769.715812
	[1]	From: :12004
	[1]	OriginStartTime: 1681343769.715081
	[1]	Content-Length: 6
	[1]	
	[1]	:12002
[Wed Apr 12 2023 16:56:09.716898] r LSUPDATE :12002 9 1 13 {:12002_7} 1681343768.224278 :12002 (:12000,:12004)
[Wed Apr 12 2023 16:56:09.719668] r LSUPDATE :12002 9 1 6 {:12000_4} 1681343768.223754 :12000 (:12002)
[Wed Apr 12 2023 16:56:09.720072] i LSUPDATE :12004 9 1 6 {:12004_4} 1681343769.715081 :12004 (:12002)
	[1]	353NET/1.0 LSUPDATE
	[1]	TTL: 9
	[1]	Flood: 1;reason=3
	[1]	MessageID: :12004_4_1681343769.719897
	[1]	From: :12004
	[1]	OriginStartTime: 1681343769.715081
	[1]	Content-Length: 6
	[1]	
	[1]	:12002
[Wed Apr 12 2023 16:57:21.381578] Socket-writing thread has terminated
[Wed Apr 12 2023 16:57:21.382243] Socket-reading thread has joined with socket-writing thread
[Wed Apr 12 2023 16:57:21.382387] Reaper has joined with connection thread.
[Wed Apr 12 2023 16:57:21.728985] STOP: port=12004
