[Tue Apr 11 2023 11:42:38.214465] START: port=12000, rootdir=lab11data
[Tue Apr 11 2023 11:42:43.806234] CONNECT[1]: 127.0.0.1:12000
[Tue Apr 11 2023 11:42:43.807147] r SAYHELLO :12002 1 - 0
[Tue Apr 11 2023 11:42:43.807351] i SAYHELLO :12000 1 - 0
	[1]	353NET/1.0 SAYHELLO
	[1]	TTL: 9
	[1]	Flood: 0
	[1]	From: :12000
	[1]	Content-Length: 0
 	[1]	
[Tue Apr 11 2023 11:42:43.807825] i LSUPDATE :12000 9 1 6 {:12000_2} 1681238563.807299 :12000 (:12002)
	[1]	353NET/1.0 LSUPDATE
	[1]	TTL: 9
	[1]	Flood: 1;reason=1
	[1]	MessageID: :12000_2_1681238563.807302
	[1]	From: :12000
	[1]	OriginStartTime: 1681238563.807299
	[1]	Content-Length: 6
	[1]	
	[1]	:12002
[Tue Apr 11 2023 11:42:43.808841] r LSUPDATE :12002 9 1 6 {:12002_2} 1681238563.808065 :12002 (:12000)
[Tue Apr 11 2023 11:42:43.809070] i LSUPDATE :12000 9 1 6 {:12000_3} 1681238563.807299 :12000 (:12002)
	[1]	353NET/1.0 LSUPDATE
	[1]	TTL: 9
	[1]	Flood: 1;reason=3
	[1]	MessageID: :12000_3_1681238563.808913
	[1]	From: :12000
	[1]	OriginStartTime: 1681238563.807299
[Tue Apr 11 2023 11:42:43.809765] r LSUPDATE :12002 9 1 6 {:12002_3} 1681238563.808065 :12002 (:12000)
[Tue Apr 11 2023 11:42:43.809765] r LSUPDATE :12002 9 1 6 {:12002_3} 1681238563.808065 :12002 (:12000)
	[1]	Content-Length: 6
	[1]	
	[1]	:12002
[Tue Apr 11 2023 11:42:49.698061] r LSUPDATE :12002 9 1 13 {:12002_4} 1681238563.808065 :12002 (:12000,:12004)
[Tue Apr 11 2023 11:42:49.700248] r LSUPDATE :12002 9 1 6 {:12004_2} 1681238569.698155 :12004 (:12002)
[Tue Apr 11 2023 11:42:49.700439] i LSUPDATE :12000 9 1 6 {:12000_4} 1681238563.807299 :12000 (:12002)
	[1]	353NET/1.0 LSUPDATE
	[1]	353NET/1.0 LSUPDATE
[Tue Apr 11 2023 11:42:49.700854] r LSUPDATE :12002 9 1 13 {:12002_6} 1681238563.808065 :12002 (:12000,:12004)
	[1]	TTL: 9
	[1]	Flood: 1;reason=3
	[1]	MessageID: :12000_4_1681238569.700312
	[1]	From: :12000
	[1]	OriginStartTime: 1681238563.807299
	[1]	Content-Length: 6
	[1]	
	[1]	:12002
[Tue Apr 11 2023 11:42:49.701173] r LSUPDATE :12002 9 1 6 {:12004_3} 1681238569.698155 :12004 (:12002)
[Tue Apr 11 2023 11:42:49.703268] r LSUPDATE :12002 9 1 6 {:12004_4} 1681238569.698155 :12004 (:12002)
[Tue Apr 11 2023 11:42:52.186399] r LSUPDATE :12002 9 1 20 {:12002_8} 1681238563.808065 :12002 (:12000,:12004,:12012)
[Tue Apr 11 2023 11:42:52.187694] r LSUPDATE :12002 9 1 13 {:12004_5} 1681238569.698155 :12004 (:12002,:12012)
[Tue Apr 11 2023 11:42:52.188060] r LSUPDATE :12002 9 1 13 {:12012_2} 1681238572.185800 :12012 (:12002,:12004)
[Tue Apr 11 2023 11:42:52.188225] i LSUPDATE :12000 9 1 6 {:12000_5} 1681238563.807299 :12000 (:12002)
	[1]	353NET/1.0 LSUPDATE
	[1]	TTL: 9
	[1]	Flood: 1;reason=3
	[1]	MessageID: :12000_5_1681238572.188116
	[1]	From: :12000
	[1]	OriginStartTime: 1681238563.807299
	[1]	Content-Length: 6
	[1]	
	[1]	:12002
[Tue Apr 11 2023 11:42:52.188725] r LSUPDATE :12002 9 1 20 {:12002_1} 1681238563.808065 :12002 (:12000,:12004,:12012)
[Tue Apr 11 2023 11:42:52.189009] r LSUPDATE :12002 9 1 13 {:12004_6} 1681238569.698155 :12004 (:12002,:12012)
[Tue Apr 11 2023 11:42:52.189275] r LSUPDATE :12002 9 1 13 {:12012_4} 1681238572.185800 :12012 (:12002,:12004)
[Tue Apr 11 2023 11:42:52.189595] r LSUPDATE :12002 9 1 13 {:12012_6} 1681238572.185800 :12012 (:12002,:12004)
[Tue Apr 11 2023 11:42:52.189882] r LSUPDATE :12002 9 1 13 {:12004_7} 1681238569.698155 :12004 (:12002,:12012)
[Tue Apr 11 2023 11:42:52.190173] r LSUPDATE :12002 9 1 20 {:12002_9} 1681238563.808065 :12002 (:12000,:12004,:12012)
[Tue Apr 11 2023 11:42:52.191251] r LSUPDATE :12002 9 1 20 {:12002_1} 1681238563.808065 :12002 (:12000,:12004,:12012)
[Tue Apr 11 2023 11:42:52.191559] r LSUPDATE :12002 9 1 13 {:12004_9} 1681238569.698155 :12004 (:12002,:12012)
[Tue Apr 11 2023 11:42:52.191829] r LSUPDATE :12002 9 1 13 {:12012_3} 1681238572.185800 :12012 (:12002,:12004)
[Tue Apr 11 2023 11:42:52.192113] r LSUPDATE :12002 9 1 13 {:12012_5} 1681238572.185800 :12012 (:12002,:12004)
[Tue Apr 11 2023 11:42:52.192414] r LSUPDATE :12002 9 1 13 {:12012_7} 1681238572.185800 :12012 (:12002,:12004)
[Tue Apr 11 2023 11:42:52.192686] r LSUPDATE :12002 9 1 13 {:12012_9} 1681238572.185800 :12012 (:12002,:12004)
[Tue Apr 11 2023 11:42:52.192983] r LSUPDATE :12002 9 1 13 {:12012_8} 1681238572.185800 :12012 (:12002,:12004)
[Tue Apr 11 2023 11:42:52.194377] r LSUPDATE :12002 9 1 20 {:12002_1} 1681238563.808065 :12002 (:12000,:12004,:12012)
[Tue Apr 11 2023 11:42:52.194584] r LSUPDATE :12002 9 1 20 {:12002_1} 1681238563.808065 :12002 (:12000,:12004,:12012)
[Tue Apr 11 2023 11:42:52.194748] r LSUPDATE :12002 9 1 13 {:12012_1} 1681238572.185800 :12012 (:12002,:12004)
[Tue Apr 11 2023 11:42:52.194966] r LSUPDATE :12002 9 1 13 {:12012_1} 1681238572.185800 :12012 (:12002,:12004)
[Tue Apr 11 2023 11:42:52.195255] r LSUPDATE :12002 9 1 20 {:12002_1} 1681238563.808065 :12002 (:12000,:12004,:12012)
[Tue Apr 11 2023 11:42:52.197631] r LSUPDATE :12002 9 1 13 {:12012_1} 1681238572.185800 :12012 (:12002,:12004)
[Tue Apr 11 2023 11:42:52.199582] r LSUPDATE :12002 9 1 13 {:12004_8} 1681238569.698155 :12004 (:12002,:12012)
[Tue Apr 11 2023 11:42:52.200270] r LSUPDATE :12002 9 1 20 {:12002_1} 1681238563.808065 :12002 (:12000,:12004,:12012)
[Tue Apr 11 2023 11:42:52.200749] r LSUPDATE :12002 9 1 13 {:12012_1} 1681238572.185800 :12012 (:12002,:12004)
[Tue Apr 11 2023 11:42:52.201083] r LSUPDATE :12002 9 1 13 {:12004_1} 1681238569.698155 :12004 (:12002,:12012)
[Tue Apr 11 2023 11:42:52.202173] r LSUPDATE :12002 9 1 20 {:12002_1} 1681238563.808065 :12002 (:12000,:12004,:12012)
[Tue Apr 11 2023 11:43:12.699777] i LSUPDATE :12000 9 1 6 {:12000_6} 1681238563.807299 :12000 (:12002)
	[1]	353NET/1.0 LSUPDATE
	[1]	TTL: 9
	[1]	Flood: 1;reason=2
	[1]	MessageID: :12000_6_1681238592.699563
	[1]	From: :12000
	[1]	OriginStartTime: 1681238563.807299
	[1]	Content-Length: 6
	[1]	
	[1]	:12002
[Tue Apr 11 2023 11:43:12.700110] Socket-writing thread has terminated
[Tue Apr 11 2023 11:43:12.700306] Socket-reading thread has joined with socket-writing thread
[Tue Apr 11 2023 11:43:39.632283] CONNECT[2]: 127.0.0.1:12000
[Tue Apr 11 2023 11:43:39.632981] r SAYHELLO :12002 1 - 0
[Tue Apr 11 2023 11:43:39.633196] i SAYHELLO :12000 1 - 0
	[2]	353NET/1.0 SAYHELLO
	[2]	TTL: 9
	[2]	Flood: 0
	[2]	From: :12000
	[2]	Content-Length: 0
 	[2]	
[Tue Apr 11 2023 11:43:39.633588] i LSUPDATE :12000 9 1 6 {:12000_7} 1681238563.807299 :12000 (:12002)
	[2]	353NET/1.0 LSUPDATE
	[2]	TTL: 9
	[2]	Flood: 1;reason=1
	[2]	MessageID: :12000_7_1681238619.633123
	[2]	From: :12000
	[2]	OriginStartTime: 1681238563.807299
	[2]	Content-Length: 6
	[2]	
	[2]	:12002
[Tue Apr 11 2023 11:43:39.635362] r LSUPDATE :12002 9 1 13 {:12002_2} 1681238619.634306 :12002 (:12000,:12004)
[Tue Apr 11 2023 11:43:39.635879] r LSUPDATE :12002 9 1 13 {:12002_4} 1681238619.634306 :12002 (:12000,:12004)
[Tue Apr 11 2023 11:43:39.636163] r LSUPDATE :12002 9 1 13 {:12002_6} 1681238619.634306 :12002 (:12000,:12004)
[Tue Apr 11 2023 11:43:39.635845] i LSUPDATE :12000 9 1 6 {:12000_8} 1681238563.807299 :12000 (:12002)
	[2]	353NET/1.0 LSUPDATE
	[2]	TTL: 9
	[2]	Flood: 1;reason=3
	[2]	MessageID: :12000_8_1681238619.635621
	[2]	From: :12000
	[2]	OriginStartTime: 1681238563.807299
	[2]	Content-Length: 6
	[2]	
	[2]	:12002
[Tue Apr 11 2023 11:43:39.636806] r LSUPDATE :12002 9 1 13 {:12004_2} 1681238569.698155 :12004 (:12012,:12002)
[Tue Apr 11 2023 11:43:39.636994] i LSUPDATE :12000 9 1 6 {:12000_9} 1681238563.807299 :12000 (:12002)
	[2]	353NET/1.0 LSUPDATE
	[2]	TTL: 9
	[2]	Flood: 1;reason=3
	[2]	MessageID: :12000_9_1681238619.636931
	[2]	From: :12000
	[2]	OriginStartTime: 1681238563.807299
	[2]	Content-Length: 6
	[2]	
	[2]	:12002
[Tue Apr 11 2023 11:43:39.637575] r LSUPDATE :12002 9 1 13 {:12002_8} 1681238619.634306 :12002 (:12000,:12004)
[Tue Apr 11 2023 11:43:39.637879] r LSUPDATE :12002 9 1 13 {:12004_2} 1681238569.698155 :12004 (:12012,:12002)
[Tue Apr 11 2023 11:43:39.639049] r LSUPDATE :12002 9 1 20 {:12002_1} 1681238619.634306 :12002 (:12000,:12004,:12012)
[Tue Apr 11 2023 11:43:39.643542] r LSUPDATE :12002 9 1 13 {:12012_3} 1681238572.185800 :12012 (:12004,:12002)
[Tue Apr 11 2023 11:43:39.643927] r LSUPDATE :12002 9 1 20 {:12002_1} 1681238619.634306 :12002 (:12000,:12004,:12012)
[Tue Apr 11 2023 11:43:39.644254] r LSUPDATE :12002 9 1 13 {:12004_2} 1681238569.698155 :12004 (:12012,:12002)
[Tue Apr 11 2023 11:43:39.644254] r LSUPDATE :12002 9 1 13 {:12004_2} 1681238569.698155 :12004 (:12012,:12002)
[Tue Apr 11 2023 11:43:39.644252] i LSUPDATE :12000 9 1 6 {:12000_1} 1681238563.807299 :12000 (:12002)
	[2]	353NET/1.0 LSUPDATE
	[2]	TTL: 9
	[2]	Flood: 1;reason=3
	[2]	MessageID: :12000_10_1681238619.643662
	[2]	From: :12000
	[2]	OriginStartTime: 1681238563.807299
	[2]	Content-Length: 6
	[2]	
	[2]	:12002
[Tue Apr 11 2023 11:43:39.644924] r LSUPDATE :12002 9 1 6 {:12012_2} 1681238572.185800 :12012 (:12004)
[Tue Apr 11 2023 11:43:39.645435] r LSUPDATE :12002 9 1 13 {:12012_2} 1681238572.185800 :12012 (:12004,:12002)
[Tue Apr 11 2023 11:43:39.645755] r LSUPDATE :12002 9 1 13 {:12004_2} 1681238569.698155 :12004 (:12012,:12002)
[Tue Apr 11 2023 11:43:39.646038] r LSUPDATE :12002 9 1 13 {:12012_3} 1681238572.185800 :12012 (:12004,:12002)
[Tue Apr 11 2023 11:43:39.646395] r LSUPDATE :12002 9 1 13 {:12012_3} 1681238572.185800 :12012 (:12004,:12002)
[Tue Apr 11 2023 11:43:39.646732] r LSUPDATE :12002 9 1 13 {:12004_2} 1681238569.698155 :12004 (:12012,:12002)
[Tue Apr 11 2023 11:43:39.647070] r LSUPDATE :12002 9 1 13 {:12002_5} 1681238619.634306 :12002 (:12000,:12004)
[Tue Apr 11 2023 11:43:39.647399] r LSUPDATE :12002 9 1 20 {:12002_1} 1681238619.634306 :12002 (:12000,:12004,:12012)
[Tue Apr 11 2023 11:43:39.647768] r LSUPDATE :12002 9 1 13 {:12002_7} 1681238619.634306 :12002 (:12000,:12004)
[Tue Apr 11 2023 11:43:39.648104] r LSUPDATE :12002 9 1 13 {:12002_9} 1681238619.634306 :12002 (:12000,:12004)
[Tue Apr 11 2023 11:43:39.648441] r LSUPDATE :12002 9 1 20 {:12002_1} 1681238619.634306 :12002 (:12000,:12004,:12012)
[Tue Apr 11 2023 11:43:39.648753] r LSUPDATE :12002 9 1 20 {:12002_1} 1681238619.634306 :12002 (:12000,:12004,:12012)
[Tue Apr 11 2023 11:43:39.649083] r LSUPDATE :12002 9 1 20 {:12002_1} 1681238619.634306 :12002 (:12000,:12004,:12012)
[Tue Apr 11 2023 11:43:39.649422] r LSUPDATE :12002 9 1 20 {:12002_1} 1681238619.634306 :12002 (:12000,:12004,:12012)
[Tue Apr 11 2023 11:43:39.649817] r LSUPDATE :12002 9 1 20 {:12002_1} 1681238619.634306 :12002 (:12000,:12004,:12012)
[Tue Apr 11 2023 11:43:39.650140] r LSUPDATE :12002 9 1 20 {:12002_1} 1681238619.634306 :12002 (:12000,:12004,:12012)
[Tue Apr 11 2023 11:44:06.020358] Socket-writing thread has terminated
[Tue Apr 11 2023 11:44:06.021093] Socket-reading thread has joined with socket-writing thread
[Tue Apr 11 2023 11:44:06.021148] Reaper has joined with connection thread.
[Tue Apr 11 2023 11:44:06.226491] STOP: port=12000
